INFO (LBRCXU-108): Starting

 /usr/local/cadence/ICADVM201/bin/qrcToDfII -extract both -run_name ph1p3_DFF -cdlout_run_dir /home/viterbi/01/tongjia/work_gpdk045/LVS -check_cell_view TRUE -device_finger_delimiter @ -extracted_view av_extracted -lvs_source agds -cap_models no -capacitor pcapacitor -res_models no -resistor presistor -cap_prop_name c -res_prop_name r -transfer_net_expression TRUE -t -extview_tmp /home/viterbi/01/tongjia/work_gpdk045/quantus_run_dir/ph1p3_DFF/extview.tmp -run_dir /home/viterbi/01/tongjia/work_gpdk045/quantus_run_dir/ph1p3_DFF -cdslib /home/viterbi/01/tongjia/work_gpdk045/cds.lib -lib_name project_demo -cell_name ph1p3_DFF -view_name layout -extview_rul /home/viterbi/01/ee577/CDS_GPDK45/gpdk045_v_5_0/qrc/typical/extview.rul -server /usr/local/cadence/QUANTUS221/tools.lnx86/extraction/bin/64bit/../shapeServer
Virtuoso Framework License (111) was checked out successfully. Total checkout time was 0.07s.
device        g45n1svt  M          _nmos1v          nmos1v  ivpcell     gpdk045  D G S B
Loading gpdk045/libInit.il ...
	Loading gpdk045/loadCxt.ile ... done!
	Loading context 'gpdk045' from library 'gpdk045' ... done!
	Loading context 'pdkUtils' from library 'gpdk045' ... done!
	Loading gpdk045/gpdk045_customFilter.il ... done!
	Loading gpdk045/libInitCustomExit.il ... 
	Loading Environment Settings ...
	Loading gpdk045/gpdk045_PDKRegistrations.il ... done!

  *************************************************************           
  *              Cadence Design Systems, Inc.                 *           
  *                                                           *           
  *                    Generic 45nm PDK                       *           
  *                        (gpdk045)                          *           
  *                                                           *           
  *************************************************************           
	

	VERSION: 5.0 (22-Feb-2016)

done!
Loaded gpdk045/libInit.il successfully!
device        g45n1hvt  M      _nmos1v_hvt      nmos1v_hvt  ivpcell     gpdk045  D G S B
device        g45n1lvt  M      _nmos1v_lvt      nmos1v_lvt  ivpcell     gpdk045  D G S B
device        g45n1nvt  M  _nmos_12_native      nmos1v_nat  ivpcell     gpdk045  D G S B
device        g45n2svt  M         _nmos_25          nmos2v  ivpcell     gpdk045  D G S B
device        g45n2nvt  M  _nmos_25_native      nmos2v_nat  ivpcell     gpdk045  D G S B
device        g45ncap1  M       _nmoscap1v       nmoscap1v  ivpcell     gpdk045  D G S B
device        g45ncap2  M       _nmoscap2v       nmoscap2v  ivpcell     gpdk045  D G S B
device        g45p1svt  M          _pmos1v          pmos1v  ivpcell     gpdk045  D G S B
device        g45p1hvt  M      _pmos1v_hvt      pmos1v_hvt  ivpcell     gpdk045  D G S B
device        g45p1lvt  M      _pmos1v_lvt      pmos1v_lvt  ivpcell     gpdk045  D G S B
device        g45p2svt  M          _pmos2v          pmos2v  ivpcell     gpdk045  D G S B
device        g45pcap1  M       _pmoscap1v       pmoscap1v  ivpcell     gpdk045  D G S B
device        g45pcap2  M       _pmoscap2v       pmoscap2v  ivpcell     gpdk045  D G S B
device          g45rm1  R           _resm1           resm1  ivpcell     gpdk045  PLUS MINUS
device          g45rm2  R           _resm2           resm2  ivpcell     gpdk045  PLUS MINUS
device          g45rm3  R           _resm3           resm3  ivpcell     gpdk045  PLUS MINUS
device          g45rm4  R           _resm4           resm4  ivpcell     gpdk045  PLUS MINUS
device          g45rm5  R           _resm5           resm5  ivpcell     gpdk045  PLUS MINUS
device          g45rm6  R           _resm6           resm6  ivpcell     gpdk045  PLUS MINUS
device          g45rm7  R           _resm7           resm7  ivpcell     gpdk045  PLUS MINUS
device          g45rm8  R           _resm8           resm8  ivpcell     gpdk045  PLUS MINUS
device          g45rm9  R           _resm9           resm9  ivpcell     gpdk045  PLUS MINUS
device         g45rm10  R          _resm10          resm10  ivpcell     gpdk045  PLUS MINUS
device         g45rm11  R          _resm11          resm11  ivpcell     gpdk045  PLUS MINUS
device         g45rsnd  R       _ressndiff       ressndiff  ivpcell     gpdk045  PLUS MINUS B
device        g45rnsnd  R      _resnsndiff      resnsndiff  ivpcell     gpdk045  PLUS MINUS B
device         g45rsnp  R       _ressnpoly       ressnpoly  ivpcell     gpdk045  PLUS MINUS B
device         g45rsnp  R    _ressnpoly_nw       ressnpoly  ivpcell     gpdk045  PLUS MINUS B
device        g45rnsnp  R      _resnsnpoly      resnsnpoly  ivpcell     gpdk045  PLUS MINUS B
device        g45rnsnp  R   _resnsnpoly_nw      resnsnpoly  ivpcell     gpdk045  PLUS MINUS B
device         g45rspd  R       _resspdiff       resspdiff  ivpcell     gpdk045  PLUS MINUS B
device        g45rnspd  R      _resnspdiff      resnspdiff  ivpcell     gpdk045  PLUS MINUS B
device         g45rspp  R       _ressppoly       ressppoly  ivpcell     gpdk045  PLUS MINUS B
device         g45rspp  R    _ressppoly_nw       ressppoly  ivpcell     gpdk045  PLUS MINUS B
device        g45rnspp  R      _resnsppoly      resnsppoly  ivpcell     gpdk045  PLUS MINUS B
device        g45rnspp  R   _resnsppoly_nw      resnsppoly  ivpcell     gpdk045  PLUS MINUS B
device         g45rnws  R        _resnwsti        resnwsti  ivpcell     gpdk045  PLUS MINUS B
device         g45rnwo  R      _resnwoxide      resnwoxide  ivpcell     gpdk045  PLUS MINUS B
device       g45nd1svt  D            _ndio            ndio  ivpcell     gpdk045  PLUS MINUS
device       g45nd1lvt  D        _ndio_lvt        ndio_lvt  ivpcell     gpdk045  PLUS MINUS
device       g45nd1hvt  D        _ndio_hvt        ndio_hvt  ivpcell     gpdk045  PLUS MINUS
device       g45nd1nvt  D        _ndio_nvt        ndio_nvt  ivpcell     gpdk045  PLUS MINUS
device       g45nd2svt  D         _ndio_2v         ndio_2v  ivpcell     gpdk045  PLUS MINUS
device       g45nd2nvt  D     _ndio_2v_nvt     ndio_2v_nvt  ivpcell     gpdk045  PLUS MINUS
device       g45pd1svt  D            _pdio            pdio  ivpcell     gpdk045  PLUS MINUS
device       g45pd1lvt  D        _pdio_lvt        pdio_lvt  ivpcell     gpdk045  PLUS MINUS
device       g45pd1hvt  D        _pdio_hvt        pdio_hvt  ivpcell     gpdk045  PLUS MINUS
device       g45pd2svt  D         _pdio_2v         pdio_2v  ivpcell     gpdk045  PLUS MINUS
device        g45vpnp2  Q           _vpnp2           vpnp2  ivpcell     gpdk045  C B E
device        g45vpnp5  Q           _vpnp5           vpnp5  ivpcell     gpdk045  C B E
device       g45vpnp10  Q          _vpnp10          vpnp10  ivpcell     gpdk045  C B E
device        g45vnpn2  Q            _npn2            npn2  ivpcell     gpdk045  C B E
device        g45vnpn5  Q            _npn5            npn5  ivpcell     gpdk045  C B E
device       g45vnpn10  Q           _npn10           npn10  ivpcell     gpdk045  C B E
device         g45cmim  C          _mimcap          mimcap  ivpcell     gpdk045  PLUS MINUS B
device         g45inda  X           _ind_a           ind_a  ivpcell     gpdk045  PLUS MINUS B
device         g45inds  X           _ind_s           ind_s  ivpcell     gpdk045  PLUS MINUS B

All device symbols for the extracted view are present.

INFO (LBRCXM-612): Done Executing :/usr/local/cadence/ICADVM201/bin/qrcToDfII

INFO (LBRCXM-642): Constructing the RCX run script

Forking: agdsPrep -V -rundir /home/viterbi/01/tongjia/work_gpdk045/LVS/svdb -agf /home/viterbi/01/tongjia/work_gpdk045/LVS/svdb/ph1p3_DFF.agf -outdir /home/viterbi/01/tongjia/work_gpdk045/quantus_run_dir/ph1p3_DFF -sch -df2 -e /home/viterbi/01/tongjia/work_gpdk045/LVS/svdb/ph1p3_DFF.gds.map:ph1p3_DFF.alm,ph1p3_DFF.ilf -pl ph1p3_DFF.ports -mcell /home/viterbi/01/tongjia/work_gpdk045/quantus_run_dir/ph1p3_DFF/ph1p3_DFF.hcl -d ph1p3_DFF.devtab -l /home/viterbi/01/tongjia/work_gpdk045/LVS/svdb/ph1p3_DFF.lvsfile -i ph1p3_DFF.ixf,ph1p3_DFF.lph,ph1p3_DFF.sph:ph1p3_DFF.gdx -n ph1p3_DFF.nxf,ph1p3_DFF.stl:ph1p3_DFF.gnx -s ph1p3_DFF_pin_xy.spi:ph1p3_DFF.xcn,hccidtmfile

agdsPrep took  0.03 user, 0.04 sys, 0.00 elapsed, 8856.0 kbytes
Forking:  capgen -techdir /home/viterbi/01/ee577/CDS_GPDK45/gpdk045_v_5_0/qrc/typical -inc /home/viterbi/01/tongjia/work_gpdk045/quantus_run_dir/ph1p3_DFF/ph1p3_DFF.ilf -lvs /home/viterbi/01/tongjia/work_gpdk045/quantus_run_dir/ph1p3_DFF/ph1p3_DFF.xcn -lvsvia -p2lvs /home/viterbi/01/ee577/CDS_GPDK45/gpdk045_v_5_0/qrc/typical/qrcTechFile -reseqn -p poly_conn,allGate,Oxide -canonical_res_caps -length_units meters -exclude_gate_res -cap_ground_layer psubstrate /home/viterbi/01/tongjia/work_gpdk045/quantus_run_dir/ph1p3_DFF

INFO (LBMISC-215205): 
*** Cadence Quantus Extraction Techgen -trans VERSION 22.1.1 Linux 64 bit - (Mon Apr 17 07:36:05 PDT 2023)  ***


INFO (CAPGEN-41199): 


Techgen -trans results will be written to directory: /home/viterbi/01/tongjia/work_gpdk045/quantus_run_dir/ph1p3_DFF

INFO (CAPGEN-41809):  Lvs connect via bp_0tap via10_0cap via10_0nocap ind_0via_0diva via10_0nodev Via9 Via8 Via7 Via6 Via5 Via4 Via3 Via2 Via1 cont_0poly cont_0pdiff cont_0ndiff ptap ntap nb_0tap are not mapped in layer_setup file.

WARNING (RCXSPIC-27104): p2lvsfile in tech directory does not have resistance 
 temperature coefficients (TC1, TC2). ?temperature is ignored 

WARNING (RCXSPIC-27297): cap_ground net cannot be set to gnd! as in the CCL because the name collides with a net name in lnn file.

rcxspice took  0.21 user, 0.27 sys, 1.00 elapsed, 43368.0 kbytes
The supplied design data will be treated as a HIERARCHICAL design

Successfully created RCX script '/home/viterbi/01/tongjia/work_gpdk045/quantus_run_dir/ph1p3_DFF/rcx.sh'
INFO (LBRCXM-581): Checked out '1' license(s) of QTS300 22.10

INFO (LBRCXM-608): Executing command
   /usr/local/cadence/QUANTUS221/tools.lnx86/extraction/bin/64bit/assura_rcx -V  /home/viterbi/01/tongjia/work_gpdk045/quantus_run_dir/ph1p3_DFF/rcx.sh


     ***    assura_rcx VERSION 22.1.1 Linux 64 bit - (Mon Apr 17 07:36:05 PDT 2023)    ***


	***************************************************
	*			  			  *
	* Copyright (c) 2024 Cadence Design Systems, Inc. *
	*		All Rights Reserved		  *
	*			  			  *
	*	  THIS IS UNPUBLISHED PROPRIETARY	  *
	*  INFORMATION OF Cadence Design Systems, Inc. 	  *
	*	   THE COPYRIGHT NOTICE DOES NOT	  *
	*	       EVIDENCE PUBLICATION		  *
	*			  			  *
	***************************************************
INFO (ASSREXT-35013): 

* caps2d version: 10
ENDCAT
meters
ENDCAT
agds2rcx -np 1 -V -H satfile -r /home/viterbi/01/tongjia/work_gpdk045/quantus_run_dir/ph1p3_DFF/ph1p3_DFF.xcn -split_float_exclude_layers ndiff_0conn,pdiff_0conn,nwell_0conn,psubstrate -crundir /home/viterbi/01/tongjia/work_gpdk045/LVS/svdb -unit meters -df2 -xgl -pl ph1p3_DFF.ports -f ph1p3_DFF.alm -lnn ph1p3_DFF.lnn -pnet 5 -pinst 6 -pdev 7 ph1p3_DFF.agf ph1p3_DFF_pin_xy.spi 
WARNING (AGDSEXT-30124): The <design>.props file is not available. The CCL option "input_db calibre/pvs/pegasus -device_properties_file <filename>" can be used to specify the .props file. 

	***************************************************
	*			  			  *
	* Copyright (c) 2024 Cadence Design Systems, Inc. *
	*		All Rights Reserved		  *
	*			  			  *
	*	  THIS IS UNPUBLISHED PROPRIETARY	  *
	*  INFORMATION OF Cadence Design Systems, Inc. 	  *
	*	   THE COPYRIGHT NOTICE DOES NOT	  *
	*	       EVIDENCE PUBLICATION		  *
	*			  			  *
	***************************************************
INFO (AGDSEXT-30016): 
setting dbunit 5e-10 1 5e-10

agds2rcx took 0.08 user, 0.27 sys, 2.00 elapsed, 11268.0 kbytes
Input stage took  0.10 user, 0.29 sys, 2.00 elapsed, 3116.0 kbytes
INFO (ASSREXT-35329): Resistance data preparation stage started at Thu Nov  7 22:11:41 2024

sip -V -cgnd ${CAP_GROUND} -s -o -sub 2 -mlc metal2_conn,metal3_conn -er \
	metal4_conn.den -n 0.94 -i 0,0.941 -b \
	metal3_conn,metal2_conn,metal1_conn,poly_conn,Oxide,FOX -t \
	metal5_conn,metal6_conn,metal7_conn,metal8_conn,metal9_conn,metal10_conn,metal11_conn \
	-j 0.06 -Maxw 1.41 -p metal4_conn,key 0,0.94 - metal4_conn.sip
sip -V -cgnd ${CAP_GROUND} -s -o -sub 2 -mlc metal3_conn,metal4_conn -er \
	metal5_conn.den -n 1.57 -i 0,1.571 -b \
	metal4_conn,metal3_conn,metal2_conn,metal1_conn,poly_conn,Oxide,FOX \
	-t \
	metal6_conn,metal7_conn,metal8_conn,metal9_conn,metal10_conn,metal11_conn \
	-j 0.06 -Maxw 1.41 -p metal5_conn,key 0,1.57 - metal5_conn.sip
sip -V -cgnd ${CAP_GROUND} -s -o -sub 2 -mlc metal4_conn,metal5_conn -er \
	metal6_conn.den -n 1.57 -i 0,1.571 -b \
	metal5_conn,metal4_conn,metal3_conn,metal2_conn,metal1_conn,poly_conn,Oxide,FOX \
	-t metal7_conn,metal8_conn,metal9_conn,metal10_conn,metal11_conn -j \
	0.06 -Maxw 1.41 -p metal6_conn,key 0,1.57 - metal6_conn.sip
sip -V -cgnd ${CAP_GROUND} -s -o -sub 2 -mlc metal5_conn,metal6_conn -er \
	metal7_conn.den -n 1.57 -i 0,1.571 -b \
	metal6_conn,metal5_conn,metal4_conn,metal3_conn,metal2_conn,metal1_conn,poly_conn,Oxide,FOX \
	-t metal8_conn,metal9_conn,metal10_conn,metal11_conn -j 0.06 -Maxw \
	1.41 -p metal7_conn,key 0,1.57 - metal7_conn.sip
sip -V -cgnd ${CAP_GROUND} -s -o -sub 2 -mlc metal6_conn,metal7_conn -er \
	metal8_conn.den -n 1.57 -i 0,1.571 -b \
	metal7_conn,metal6_conn,metal5_conn,metal4_conn,metal3_conn,metal2_conn,metal1_conn,poly_conn,Oxide,FOX \
	-t metal9_conn,metal10_conn,metal11_conn -j 0.06 -Maxw 1.41 -p \
	metal8_conn,key 0,1.57 - metal8_conn.sip
sip -V -cgnd ${CAP_GROUND} -s -o -sub 2 -mlc metal7_conn,metal8_conn -er \
	metal9_conn.den -n 5.4 -i 0,5.401 -b \
	metal8_conn,metal7_conn,metal6_conn,metal5_conn,metal4_conn,metal3_conn,metal2_conn,metal1_conn,poly_conn,Oxide,FOX \
	-t metal10_conn,metal11_conn -j 0.36 -Maxw 8.1 -p metal9_conn,key \
	0,5.4 - metal9_conn.sip
sip -V -cgnd ${CAP_GROUND} -s -o -sub 2 -mlc metal8_conn,metal9_conn -er \
	metal10_conn.den -n 5.4 -i 0,5.401 -b \
	metal9_conn,metal8_conn,metal7_conn,metal6_conn,metal5_conn,metal4_conn,metal3_conn,metal2_conn,metal1_conn,poly_conn,Oxide,FOX \
	-t metal11_conn -j 0.36 -Maxw 8.1 -p metal10_conn,key 0,5.4 - \
	metal10_conn.sip
sip -V -cgnd ${CAP_GROUND} -s -o -sub 2 -mlc metal9_conn,metal10_conn -n 23.4 \
	-i 0,23.401 -b \
	metal10_conn,metal9_conn,metal8_conn,metal7_conn,metal6_conn,metal5_conn,metal4_conn,metal3_conn,metal2_conn,metal1_conn,poly_conn,Oxide,FOX \
	-j 2.7 -Maxw 60.75 -p metal11_conn,key 0,23.4 - metal11_conn.sip
sip -V -cgnd ${CAP_GROUND} -s -o -sub 2 -cp poly_conn,allGate,Oxide -n 1.35 \
	-i 0,1.351 -b Oxide,FOX -t \
	metal1_conn,metal2_conn,metal3_conn,metal4_conn,metal5_conn,metal6_conn,metal7_conn,metal8_conn,metal9_conn,metal10_conn,metal11_conn \
	-j 0.04 -Maxw 2.025 -p poly_conn,key 0,1.35 - poly_conn.sip
sip -V -cgnd ${CAP_GROUND} -s -o -sub 2 -mlc poly_conn -er metal1_conn.den -n \
	0.94 -i 0,0.941 -b poly_conn,Oxide,FOX -t \
	metal2_conn,metal3_conn,metal4_conn,metal5_conn,metal6_conn,metal7_conn,metal8_conn,metal9_conn,metal10_conn,metal11_conn \
	-j 0.06 -Maxw 1.41 -p metal1_conn,key 0,0.94 - metal1_conn.sip
sip -V -cgnd ${CAP_GROUND} -s -o -sub 2 -mlc poly_conn,metal1_conn -er \
	metal2_conn.den -n 0.94 -i 0,0.941 -b metal1_conn,poly_conn,Oxide,FOX \
	-t \
	metal3_conn,metal4_conn,metal5_conn,metal6_conn,metal7_conn,metal8_conn,metal9_conn,metal10_conn,metal11_conn \
	-j 0.06 -Maxw 1.41 -p metal2_conn,key 0,0.94 - metal2_conn.sip
sip -V -cgnd ${CAP_GROUND} -s -o -sub 2 -mlc metal1_conn,metal2_conn -er \
	metal3_conn.den -n 0.94 -i 0,0.941 -b \
	metal2_conn,metal1_conn,poly_conn,Oxide,FOX -t \
	metal4_conn,metal5_conn,metal6_conn,metal7_conn,metal8_conn,metal9_conn,metal10_conn,metal11_conn \
	-j 0.06 -Maxw 1.41 -p metal3_conn,key 0,0.94 - metal3_conn.sip
sip -V -s -cgnd ${CAP_GROUND} -sub 2 -L3A -h -b \
	metal9_conn,metal8_conn,metal7_conn,metal6_conn,metal5_conn,metal4_conn,metal3_conn,metal2_conn,metal1_conn,poly_conn,Oxide,FOX \
	-Maxw 60.75 -p metal10_conn,key,metal11_conn,key 0,23.4,0 - \
	metal10_conn_metal11_conn.sip
sip -V -s -cgnd ${CAP_GROUND} -sub 2 -L3A -h -R metal11_conn -b \
	metal8_conn,metal7_conn,metal6_conn,metal5_conn,metal4_conn,metal3_conn,metal2_conn,metal1_conn,poly_conn,Oxide,FOX \
	-Maxw 60.75 -p metal9_conn,key,metal11_conn,key 0,23.4,0 - \
	metal9_conn_metal11_conn.sip
sip -V -s -cgnd ${CAP_GROUND} -sub 2 -h -b \
	metal8_conn,metal7_conn,metal6_conn,metal5_conn,metal4_conn,metal3_conn,metal2_conn,metal1_conn,poly_conn,Oxide,FOX \
	-t metal11_conn -Maxw 8.1 -p metal9_conn,key,metal10_conn,key 0,5.4,0 \
	- metal9_conn_metal10_conn.sip
sip -V -s -cgnd ${CAP_GROUND} -sub 2 -L3A -h -R metal10_conn -b \
	metal7_conn,metal6_conn,metal5_conn,metal4_conn,metal3_conn,metal2_conn,metal1_conn,poly_conn,Oxide,FOX \
	-t metal11_conn -Maxw 8.1 -p metal8_conn,key,metal10_conn,key 0,5.4,0 \
	- metal8_conn_metal10_conn.sip
sip -V -s -cgnd ${CAP_GROUND} -sub 2 -h -b \
	metal7_conn,metal6_conn,metal5_conn,metal4_conn,metal3_conn,metal2_conn,metal1_conn,poly_conn,Oxide,FOX \
	-t metal10_conn,metal11_conn -Maxw 8.1 -p \
	metal8_conn,key,metal9_conn,key 0,5.4,0 - metal8_conn_metal9_conn.sip
sip -V -s -cgnd ${CAP_GROUND} -sub 2 -L3A -h -R metal9_conn -b \
	metal6_conn,metal5_conn,metal4_conn,metal3_conn,metal2_conn,metal1_conn,poly_conn,Oxide,FOX \
	-t metal10_conn,metal11_conn -Maxw 8.1 -p \
	metal7_conn,key,metal9_conn,key 0,5.4,0 - metal7_conn_metal9_conn.sip
sip -V -s -cgnd ${CAP_GROUND} -sub 2 -h -b \
	metal6_conn,metal5_conn,metal4_conn,metal3_conn,metal2_conn,metal1_conn,poly_conn,Oxide,FOX \
	-t metal9_conn,metal10_conn,metal11_conn -Maxw 1.41 -p \
	metal7_conn,key,metal8_conn,key 0,1.57,0 - \
	metal7_conn_metal8_conn.sip
sip -V -s -cgnd ${CAP_GROUND} -sub 2 -L3A -h -R metal8_conn -b \
	metal5_conn,metal4_conn,metal3_conn,metal2_conn,metal1_conn,poly_conn,Oxide,FOX \
	-t metal9_conn,metal10_conn,metal11_conn -Maxw 1.41 -p \
	metal6_conn,key,metal8_conn,key 0,1.57,0 - \
	metal6_conn_metal8_conn.sip
sip -V -s -cgnd ${CAP_GROUND} -sub 2 -h -b \
	metal5_conn,metal4_conn,metal3_conn,metal2_conn,metal1_conn,poly_conn,Oxide,FOX \
	-t metal8_conn,metal9_conn,metal10_conn,metal11_conn -Maxw 1.41 -p \
	metal6_conn,key,metal7_conn,key 0,1.57,0 - \
	metal6_conn_metal7_conn.sip
sip -V -s -cgnd ${CAP_GROUND} -sub 2 -L3A -h -R metal7_conn -b \
	metal4_conn,metal3_conn,metal2_conn,metal1_conn,poly_conn,Oxide,FOX \
	-t metal8_conn,metal9_conn,metal10_conn,metal11_conn -Maxw 1.41 -p \
	metal5_conn,key,metal7_conn,key 0,1.57,0 - \
	metal5_conn_metal7_conn.sip
sip -V -s -cgnd ${CAP_GROUND} -sub 2 -h -b \
	metal4_conn,metal3_conn,metal2_conn,metal1_conn,poly_conn,Oxide,FOX \
	-t metal7_conn,metal8_conn,metal9_conn,metal10_conn,metal11_conn \
	-Maxw 1.41 -p metal5_conn,key,metal6_conn,key 0,1.57,0 - \
	metal5_conn_metal6_conn.sip
sip -V -s -cgnd ${CAP_GROUND} -sub 2 -L3A -h -R metal6_conn -b \
	metal3_conn,metal2_conn,metal1_conn,poly_conn,Oxide,FOX -t \
	metal7_conn,metal8_conn,metal9_conn,metal10_conn,metal11_conn -Maxw \
	1.41 -p metal4_conn,key,metal6_conn,key 0,1.57,0 - \
	metal4_conn_metal6_conn.sip
sip -V -s -cgnd ${CAP_GROUND} -sub 2 -h -b \
	metal3_conn,metal2_conn,metal1_conn,poly_conn,Oxide,FOX -t \
	metal6_conn,metal7_conn,metal8_conn,metal9_conn,metal10_conn,metal11_conn \
	-Maxw 1.41 -p metal4_conn,key,metal5_conn,key 0,1.57,0 - \
	metal4_conn_metal5_conn.sip
sip -V -s -cgnd ${CAP_GROUND} -sub 2 -L3A -h -R metal5_conn -b \
	metal2_conn,metal1_conn,poly_conn,Oxide,FOX -t \
	metal6_conn,metal7_conn,metal8_conn,metal9_conn,metal10_conn,metal11_conn \
	-Maxw 1.41 -p metal3_conn:metal3_conn_cut,key,metal5_conn,key \
	0,1.57,0 - metal3_conn_metal5_conn.sip
sip -V -s -cgnd ${CAP_GROUND} -sub 2 -h -b \
	metal2_conn,metal1_conn,poly_conn,Oxide,FOX -t \
	metal5_conn,metal6_conn,metal7_conn,metal8_conn,metal9_conn,metal10_conn,metal11_conn \
	-Maxw 1.41 -p metal3_conn:metal3_conn_cut,key,metal4_conn,key \
	0,0.94,0 - metal3_conn_metal4_conn.sip
sip -V -s -cgnd ${CAP_GROUND} -sub 2 -L3A -h -R metal4_conn -b \
	metal1_conn,poly_conn,Oxide,FOX -t \
	metal5_conn,metal6_conn,metal7_conn,metal8_conn,metal9_conn,metal10_conn,metal11_conn \
	-k metal3_conn:0.15 -Maxw 1.41 -p \
	metal2_conn:metal2_conn_cut,key,metal4_conn,key 0,0.94,0 - \
	metal2_conn_metal4_conn.sip
sip -V -s -cgnd ${CAP_GROUND} -sub 2 -h -b metal1_conn,poly_conn,Oxide,FOX -t \
	metal4_conn,metal5_conn,metal6_conn,metal7_conn,metal8_conn,metal9_conn,metal10_conn,metal11_conn \
	-Maxw 1.41 -p \
	metal2_conn:metal2_conn_cut,key,metal3_conn:metal3_conn_cut,key \
	0,0.94,0 - metal2_conn_metal3_conn.sip
sip -V -s -cgnd ${CAP_GROUND} -sub 2 -L3A -h -R metal3_conn -b \
	poly_conn,Oxide,FOX -t \
	metal4_conn,metal5_conn,metal6_conn,metal7_conn,metal8_conn,metal9_conn,metal10_conn,metal11_conn \
	-k metal2_conn:0.15 -Maxw 1.41 -p \
	metal1_conn:metal1_conn_cut,key,metal3_conn:metal3_conn_cut,key \
	0,0.94,0 - metal1_conn_metal3_conn.sip
sip -V -s -cgnd ${CAP_GROUND} -sub 2 -h -b poly_conn,Oxide,FOX -t \
	metal3_conn,metal4_conn,metal5_conn,metal6_conn,metal7_conn,metal8_conn,metal9_conn,metal10_conn,metal11_conn \
	-Maxw 1.41 -p \
	metal1_conn:metal1_conn_cut,key,metal2_conn:metal2_conn_cut,key \
	0,0.94,0 - metal1_conn_metal2_conn.sip
sip -V -s -cgnd ${CAP_GROUND} -sub 2 -L3A -h -R metal2_conn -b Oxide,FOX -t \
	metal3_conn,metal4_conn,metal5_conn,metal6_conn,metal7_conn,metal8_conn,metal9_conn,metal10_conn,metal11_conn \
	-k metal1_conn:0.15 -Maxw 2.025 -p \
	poly_conn:poly_conn_cut,key,metal2_conn:metal2_conn_cut,key 0,1.35,0 \
	- poly_conn_metal2_conn.sip
sip -V -s -cgnd ${CAP_GROUND} -sub 2 -h -R metal1_conn,poly_conn -b Oxide,FOX \
	-t \
	metal2_conn,metal3_conn,metal4_conn,metal5_conn,metal6_conn,metal7_conn,metal8_conn,metal9_conn,metal10_conn,metal11_conn \
	-Maxw 2.025 -p \
	poly_conn:poly_conn_cut,key,metal1_conn:metal1_conn_cut,key 0,1.35,0 \
	- poly_conn_metal1_conn.sip
ENDCAT
FOX psubstrate nwell_0conn
metal4_conn metal4_conn
metal5_conn metal5_conn
metal6_conn metal6_conn
metal7_conn metal7_conn
metal8_conn metal8_conn
metal9_conn metal9_conn
metal10_conn metal10_conn
metal11_conn metal11_conn
Oxide np_rpdiff_0conn p_rpdiff_0conn np_rndiff_0conn p_rndiff_0conn
cont_0pdiff cont_0pdiff_metal1_0conn_pdiff_0conn
cont_0ndiff cont_0ndiff_metal1_0conn_ndiff_0conn
metal3_0conn np_rmetal3_0conn p_rmetal3_0conn
metal2_0conn np_rmetal2_0conn p_rmetal2_0conn
metal1_0conn np_rmetal1_0conn p_rmetal1_0conn
poly_0conn np_rpoly_0conn p_rpoly_0conn
ndiff_0conn np_rndiff_0conn p_rndiff_0conn
pdiff_0conn np_rpdiff_0conn p_rpdiff_0conn
nwell_0conn np_rnwell_0conn p_rnwell_0conn
psubstrate psubstrate
Via2 np_rVia2 p_rVia2
Via1 np_rVia1 p_rVia1
cont_0poly np_rcont_0poly p_rcont_0poly
ptap ptap
ntap ntap
ENDCAT
INFO (ASSREXT-35026): stamp INPUT: iname[0]=np_rmetal2_0conn

INFO (ASSREXT-35026): stamp INPUT: iname[1]=np_rVia1

INFO (ASSREXT-35026): stamp INPUT: iname[2]=rVia1

INFO (ASSREXT-35028): stamp OUTPUT: oname[0]=np_rVia1

INFO (ASSREXT-35026): stamp INPUT: iname[0]=np_rmetal3_0conn

INFO (ASSREXT-35026): stamp INPUT: iname[1]=np_rVia2

INFO (ASSREXT-35026): stamp INPUT: iname[2]=rVia2

INFO (ASSREXT-35028): stamp OUTPUT: oname[0]=np_rVia2

INFO (ASSREXT-35026): stamp INPUT: iname[0]=np_rmetal1_0conn

INFO (ASSREXT-35026): stamp INPUT: iname[1]=np_rcont_0poly

INFO (ASSREXT-35026): stamp INPUT: iname[2]=rcont_0poly

INFO (ASSREXT-35028): stamp OUTPUT: oname[0]=np_rcont_0poly

INFO (ASSREXT-35026): stamp INPUT: iname[0]=cont_0ndiff_metal1_0conn_ndiff_0conn

INFO (ASSREXT-35026): stamp INPUT: iname[1]=np_rmetal1_0conn

INFO (ASSREXT-35028): stamp OUTPUT: oname[0]=cont_0ndiff_metal1_0conn_ndiff_0conn

INFO (ASSREXT-35026): stamp INPUT: iname[0]=cont_0pdiff_metal1_0conn_pdiff_0conn

INFO (ASSREXT-35026): stamp INPUT: iname[1]=np_rmetal1_0conn

INFO (ASSREXT-35028): stamp OUTPUT: oname[0]=cont_0pdiff_metal1_0conn_pdiff_0conn

INFO (ASSREXT-35026): stamp INPUT: iname[0]=g_pick_FOX

INFO (ASSREXT-35026): stamp INPUT: iname[1]=FOX

INFO (ASSREXT-35028): stamp OUTPUT: oname[0]=g_pick_FOX

INFO (ASSREXT-35026): stamp INPUT: iname[0]=np_rmetal2_0conn

INFO (ASSREXT-35026): stamp INPUT: iname[1]=np_rVia1

INFO (ASSREXT-35026): stamp INPUT: iname[2]=rVia1

INFO (ASSREXT-35028): stamp OUTPUT: oname[0]=np_rVia1

INFO (ASSREXT-35026): stamp INPUT: iname[0]=np_rmetal3_0conn

INFO (ASSREXT-35026): stamp INPUT: iname[1]=np_rVia2

INFO (ASSREXT-35026): stamp INPUT: iname[2]=rVia2

INFO (ASSREXT-35028): stamp OUTPUT: oname[0]=np_rVia2

INFO (ASSREXT-35026): stamp INPUT: iname[0]=np_rmetal1_0conn

INFO (ASSREXT-35026): stamp INPUT: iname[1]=np_rcont_0poly

INFO (ASSREXT-35026): stamp INPUT: iname[2]=rcont_0poly

INFO (ASSREXT-35028): stamp OUTPUT: oname[0]=np_rcont_0poly

INFO (ASSREXT-35026): stamp INPUT: iname[0]=rcont_0ndiff_metal1_0conn_ndiff_0conn.reduce

INFO (ASSREXT-35026): stamp INPUT: iname[1]=np_rmetal1_0conn

INFO (ASSREXT-35028): stamp OUTPUT: oname[0]=rcont_0ndiff_metal1_0conn_ndiff_0conn.reduce

INFO (ASSREXT-35026): stamp INPUT: iname[0]=rcont_0ndiff_metal1_0conn_ndiff_0conn

INFO (ASSREXT-35026): stamp INPUT: iname[1]=rcont_0ndiff_metal1_0conn_ndiff_0conn.reduce

INFO (ASSREXT-35028): stamp OUTPUT: oname[0]=rcont_0ndiff_metal1_0conn_ndiff_0conn

INFO (ASSREXT-35026): stamp INPUT: iname[0]=cont_0ndiff_metal1_0conn_ndiff_0conn

INFO (ASSREXT-35026): stamp INPUT: iname[1]=rcont_0ndiff_metal1_0conn_ndiff_0conn

INFO (ASSREXT-35028): stamp OUTPUT: oname[0]=cont_0ndiff_metal1_0conn_ndiff_0conn

INFO (ASSREXT-35026): stamp INPUT: iname[0]=rcont_0pdiff_metal1_0conn_pdiff_0conn.reduce

INFO (ASSREXT-35026): stamp INPUT: iname[1]=np_rmetal1_0conn

INFO (ASSREXT-35028): stamp OUTPUT: oname[0]=rcont_0pdiff_metal1_0conn_pdiff_0conn.reduce

INFO (ASSREXT-35026): stamp INPUT: iname[0]=rcont_0pdiff_metal1_0conn_pdiff_0conn

INFO (ASSREXT-35026): stamp INPUT: iname[1]=rcont_0pdiff_metal1_0conn_pdiff_0conn.reduce

INFO (ASSREXT-35028): stamp OUTPUT: oname[0]=rcont_0pdiff_metal1_0conn_pdiff_0conn

INFO (ASSREXT-35026): stamp INPUT: iname[0]=cont_0pdiff_metal1_0conn_pdiff_0conn

INFO (ASSREXT-35026): stamp INPUT: iname[1]=rcont_0pdiff_metal1_0conn_pdiff_0conn

INFO (ASSREXT-35028): stamp OUTPUT: oname[0]=cont_0pdiff_metal1_0conn_pdiff_0conn

INFO (ASSREXT-35304): 
Number of tasks to begin with are 203 

INFO (ASSREXT-35329): Resistance data preparation stage started at Thu Nov  7 22:11:41 2024

geom -V Via2 metal3_0conn metal2_0conn - Via2,111,i,2 
INFO (ASSREXT-35316): ****** For command L213 on processor #1:

  geom took  0.00 user, 0.01 sys, 0.00 elapsed, 3720.0 kbytes
 INFO (ASSREXT-35321): *** Command L213 'geom' finished on processor #1

INFO (ASSREXT-35323): tasks left are 202 

geom -V Via1 metal2_0conn metal1_0conn - Via1,111,i,2 
INFO (ASSREXT-35316): ****** For command L214 on processor #1:

  geom took  0.00 user, 0.01 sys, 0.00 elapsed, 3984.0 kbytes
 INFO (ASSREXT-35321): *** Command L214 'geom' finished on processor #1

INFO (ASSREXT-35323): tasks left are 201 

geom -V cont_0poly metal1_0conn poly_0conn - cont_0poly,111,i,2 
INFO (ASSREXT-35316): ****** For command L215 on processor #1:

  geom took  0.00 user, 0.01 sys, 0.00 elapsed, 3980.0 kbytes
 INFO (ASSREXT-35321): *** Command L215 'geom' finished on processor #1

INFO (ASSREXT-35323): tasks left are 200 

geom -V cont_0pdiff metal1_0conn pdiff_0conn - cont_0pdiff_metal1_0conn_pdiff_0conn,111,i,2 
INFO (ASSREXT-35316): ****** For command L216 on processor #1:

  geom took  0.01 user, 0.00 sys, 0.00 elapsed, 3984.0 kbytes
 INFO (ASSREXT-35321): *** Command L216 'geom' finished on processor #1

INFO (ASSREXT-35323): tasks left are 199 

geom -V cont_0ndiff metal1_0conn ndiff_0conn - cont_0ndiff_metal1_0conn_ndiff_0conn,111,i,2 
INFO (ASSREXT-35316): ****** For command L217 on processor #1:

  geom took  0.00 user, 0.00 sys, 0.00 elapsed, 3980.0 kbytes
 INFO (ASSREXT-35321): *** Command L217 'geom' finished on processor #1

INFO (ASSREXT-35323): tasks left are 198 

INFO (ASSREXT-35307): tasks left are 197

INFO (ASSREXT-35307): tasks left are 196

INFO (ASSREXT-35307): tasks left are 195

INFO (ASSREXT-35307): tasks left are 194

INFO (ASSREXT-35307): tasks left are 193

flattenLayers -m Via2 cont_0ndiff_metal1_0conn_ndiff_0conn 
INFO (ASSREXT-35316): ****** For command L235 on processor #1:

  flattub took  0.00 user, 0.01 sys, 1.00 elapsed, 3760.0 kbytes
 INFO (ASSREXT-35321): *** Command L235 'flattenLayers' finished on processor #1

INFO (ASSREXT-35323): tasks left are 192 

flattenLayers -m cont_0ndiff cont_0pdiff_metal1_0conn_pdiff_0conn 
INFO (ASSREXT-35316): ****** For command L234 on processor #1:

  flattub took  0.00 user, 0.00 sys, 0.00 elapsed, 3544.0 kbytes
 INFO (ASSREXT-35321): *** Command L234 'flattenLayers' finished on processor #1

INFO (ASSREXT-35323): tasks left are 191 

flattenLayers -m poly_0conn 
INFO (ASSREXT-35316): ****** For command L240 on processor #1:

  flattub took  0.00 user, 0.00 sys, 0.00 elapsed, 3532.0 kbytes
 INFO (ASSREXT-35321): *** Command L240 'flattenLayers' finished on processor #1

INFO (ASSREXT-35323): tasks left are 190 

INFO (ASSREXT-35307): tasks left are 189

flatnet -V -li -h / h_NET NET 
INFO (ASSREXT-35316): ****** For command L229 on processor #1:

  flatnet took 0.00 user, 0.01 sys, 0.00 elapsed, 17292.0 kbytes
 INFO (ASSREXT-35321): *** Command L229 'flatnet' finished on processor #1

INFO (ASSREXT-35323): tasks left are 188 

epick nwell_0conn_orig nwell_0conn 
INFO (ASSREXT-35316): ****** For command L205 on processor #1:

INFO (ASSREXT-35321): *** Command L205 'epick' finished on processor #1

INFO (ASSREXT-35323): tasks left are 187 

geom -V ntap ndiff_0conn nwell_0conn - ntap,111,i,2 
INFO (ASSREXT-35316): ****** For command L219 on processor #1:

  geom took  0.00 user, 0.00 sys, 0.00 elapsed, 3452.0 kbytes
 INFO (ASSREXT-35321): *** Command L219 'geom' finished on processor #1

INFO (ASSREXT-35323): tasks left are 186 

flattenLayers -m cont_0pdiff cont_0poly ntap 
INFO (ASSREXT-35316): ****** For command L233 on processor #1:

  flattub took  0.00 user, 0.01 sys, 0.00 elapsed, 3796.0 kbytes
 INFO (ASSREXT-35321): *** Command L233 'flattenLayers' finished on processor #1

INFO (ASSREXT-35323): tasks left are 185 

INFO (ASSREXT-35307): tasks left are 184

epick psubstrate_orig psubstrate 
INFO (ASSREXT-35316): ****** For command L207 on processor #1:

INFO (ASSREXT-35321): *** Command L207 'epick' finished on processor #1

INFO (ASSREXT-35323): tasks left are 183 

geom -V ptap pdiff_0conn psubstrate - ptap,111,i,2 
INFO (ASSREXT-35316): ****** For command L218 on processor #1:

  geom took  0.00 user, 0.01 sys, 0.00 elapsed, 3452.0 kbytes
 INFO (ASSREXT-35321): *** Command L218 'geom' finished on processor #1

INFO (ASSREXT-35323): tasks left are 182 

flattenLayers -m Via1 ptap 
INFO (ASSREXT-35316): ****** For command L236 on processor #1:

  flattub took  0.01 user, 0.01 sys, 0.00 elapsed, 3496.0 kbytes
 INFO (ASSREXT-35321): *** Command L236 'flattenLayers' finished on processor #1

INFO (ASSREXT-35323): tasks left are 181 

INFO (ASSREXT-35307): tasks left are 180

flattenLayers -m nwell_0conn psubstrate 
INFO (ASSREXT-35316): ****** For command L242 on processor #1:

  flattub took  0.00 user, 0.01 sys, 0.00 elapsed, 3544.0 kbytes
 INFO (ASSREXT-35321): *** Command L242 'flattenLayers' finished on processor #1

INFO (ASSREXT-35323): tasks left are 179 

INFO (ASSREXT-35307): tasks left are 178

INFO (ASSREXT-35307): tasks left are 177

netprint -n cgnetfile:gn_summary.log NET 
INFO (ASSREXT-35316): ****** For command L253 on processor #1:

INFO (ASSREXT-35321): *** Command L253 'netprint' finished on processor #1

INFO (ASSREXT-35323): tasks left are 176 

densitymap -V -TC -O metal3_conn.den metal3_conn_tile_spec metal3_0conn 
INFO (ASSREXT-35316): ****** For command L191 on processor #1:

  densitymap took 0.00 user, 0.01 sys, 0.00 elapsed, 2720.0 kbytes
 INFO (ASSREXT-35321): *** Command L191 'densitymap' finished on processor #1

INFO (ASSREXT-35323): tasks left are 175 

flattenLayers -m metal3_0conn 
INFO (ASSREXT-35316): ****** For command L237 on processor #1:

  flattub took  0.00 user, 0.00 sys, 0.00 elapsed, 3504.0 kbytes
 INFO (ASSREXT-35321): *** Command L237 'flattenLayers' finished on processor #1

INFO (ASSREXT-35323): tasks left are 174 

densitymap -V -TC -O metal2_conn.den metal2_conn_tile_spec metal2_0conn 
INFO (ASSREXT-35316): ****** For command L192 on processor #1:

  densitymap took 0.00 user, 0.01 sys, 0.00 elapsed, 2720.0 kbytes
 INFO (ASSREXT-35321): *** Command L192 'densitymap' finished on processor #1

INFO (ASSREXT-35323): tasks left are 173 

flattenLayers -m metal2_0conn 
INFO (ASSREXT-35316): ****** For command L238 on processor #1:

  flattub took  0.00 user, 0.01 sys, 0.00 elapsed, 3504.0 kbytes
 INFO (ASSREXT-35321): *** Command L238 'flattenLayers' finished on processor #1

INFO (ASSREXT-35323): tasks left are 172 

densitymap -V -TC -O metal1_conn.den metal1_conn_tile_spec metal1_0conn 
INFO (ASSREXT-35316): ****** For command L193 on processor #1:

  densitymap took 0.00 user, 0.01 sys, 0.00 elapsed, 2724.0 kbytes
 INFO (ASSREXT-35321): *** Command L193 'densitymap' finished on processor #1

INFO (ASSREXT-35323): tasks left are 171 

flattenLayers -m metal1_0conn 
INFO (ASSREXT-35316): ****** For command L239 on processor #1:

  flattub took  0.00 user, 0.00 sys, 0.00 elapsed, 3536.0 kbytes
 INFO (ASSREXT-35321): *** Command L239 'flattenLayers' finished on processor #1

INFO (ASSREXT-35323): tasks left are 170 

INFO (ASSREXT-35307): tasks left are 169

netprint -V -N1 power_list:power_list_nums NET 
INFO (ASSREXT-35316): ****** For command L230 on processor #1:

INFO (ASSREXT-35321): *** Command L230 'netprint' finished on processor #1

INFO (ASSREXT-35323): tasks left are 168 

INFO (ASSREXT-35307): tasks left are 167

geom _0nmos1v ndiff_0conn - _0nmos1v,10,i,1 
INFO (ASSREXT-35316): ****** For command L195 on processor #1:

INFO (ASSREXT-35321): *** Command L195 'geom' finished on processor #1

INFO (ASSREXT-35323): tasks left are 166 

flattenTransistorData _0nmos1v meters 
INFO (ASSREXT-35316): ****** For command L231 on processor #1:

  flattub took  0.00 user, 0.00 sys, 0.00 elapsed, 9492.0 kbytes
   flatnet took 0.00 user, 0.01 sys, 0.00 elapsed, 17008.0 kbytes
   flattrans took 0.00 user, 0.02 sys, 0.00 elapsed, 2668.0 kbytes
 INFO (ASSREXT-35321): *** Command L231 'flattenTransistorData' finished on processor #1

INFO (ASSREXT-35323): tasks left are 165 

INFO (ASSREXT-35307): tasks left are 164

geom _0pmos1v pdiff_0conn - _0pmos1v,10,i,1 
INFO (ASSREXT-35316): ****** For command L197 on processor #1:

INFO (ASSREXT-35321): *** Command L197 'geom' finished on processor #1

INFO (ASSREXT-35323): tasks left are 163 

flattenTransistorData _0pmos1v meters 
INFO (ASSREXT-35316): ****** For command L232 on processor #1:

  flattub took  0.00 user, 0.00 sys, 0.00 elapsed, 7412.0 kbytes
   flatnet took 0.01 user, 0.01 sys, 0.00 elapsed, 10772.0 kbytes
   flattrans took 0.01 user, 0.03 sys, 0.00 elapsed, 2672.0 kbytes
 INFO (ASSREXT-35321): *** Command L232 'flattenTransistorData' finished on processor #1

INFO (ASSREXT-35323): tasks left are 162 

flattenLayers -m ndiff_0conn pdiff_0conn 
INFO (ASSREXT-35316): ****** For command L241 on processor #1:

  flattub took  0.00 user, 0.00 sys, 0.00 elapsed, 3544.0 kbytes
 INFO (ASSREXT-35321): *** Command L241 'flattenLayers' finished on processor #1

INFO (ASSREXT-35323): tasks left are 161 

INFO (ASSREXT-35307): tasks left are 160

reconnect -cgnd 4 -float floatlvsnetsfile -tf _0nmos1v,_0pmos1v -probe text_metal1_0conn:metal1_0conn:text_metal1_0conn_fvia 
INFO (ASSREXT-35315): ****** For command L254:

INFO (ASSREXT-35320): *** Command L254 'reconnect' finished

INFO (ASSREXT-35323): tasks left are 159 

geom _0nmos1v,_0pmos1v - qrcgate,1,i,1 
INFO (ASSREXT-35316): ****** For command L257 on processor #1:

INFO (ASSREXT-35321): *** Command L257 'geom' finished on processor #1

INFO (ASSREXT-35323): tasks left are 158 

iprint -count floatlvsnetsfile 
INFO (ASSREXT-35316): ****** For command L256 on processor #1:

INFO (ASSREXT-35321): *** Command L256 'iprint' finished on processor #1

INFO (ASSREXT-35323): tasks left are 157 

iprint -count floatlvsnetsfile 
INFO (ASSREXT-35315): ****** For command L258:

INFO (ASSREXT-35320): *** Command L258 'iprint' finished

INFO (ASSREXT-35323): tasks left are 156 

iprint -imerge power_list_nums floatlvsnetsfile power_list_nums2 
INFO (ASSREXT-35316): ****** For command L259 on processor #1:

INFO (ASSREXT-35321): *** Command L259 'iprint' finished on processor #1

INFO (ASSREXT-35323): tasks left are 155 

INFO (ASSREXT-35307): tasks left are 154

INFO (ASSREXT-35307): tasks left are 153

selectNetsByNumber power_list_nums metal1_0conn p_rmetal1_0conn np_rmetal1_0conn 
INFO (ASSREXT-35316): ****** For command L267 on processor #1:

  epick took  0.00 user, 0.00 sys, 0.00 elapsed, 2456.0 kbytes
 INFO (ASSREXT-35321): *** Command L267 'selectNetsByNumber' finished on processor #1

INFO (ASSREXT-35323): tasks left are 152 

selectNetsByNumber power_list_nums poly_0conn p_rpoly_0conn np_rpoly_0conn 
INFO (ASSREXT-35316): ****** For command L273 on processor #1:

  epick took  0.00 user, 0.01 sys, 0.00 elapsed, 2452.0 kbytes
 INFO (ASSREXT-35321): *** Command L273 'selectNetsByNumber' finished on processor #1

INFO (ASSREXT-35323): tasks left are 151 

selectNetsByNumber power_list_nums metal2_0conn p_rmetal2_0conn np_rmetal2_0conn 
INFO (ASSREXT-35316): ****** For command L268 on processor #1:

  epick took  0.00 user, 0.01 sys, 1.00 elapsed, 2452.0 kbytes
 INFO (ASSREXT-35321): *** Command L268 'selectNetsByNumber' finished on processor #1

INFO (ASSREXT-35323): tasks left are 150 

selectNetsByNumber power_list_nums metal3_0conn p_rmetal3_0conn np_rmetal3_0conn 
INFO (ASSREXT-35316): ****** For command L269 on processor #1:

  epick took  0.00 user, 0.02 sys, 0.00 elapsed, 2452.0 kbytes
 INFO (ASSREXT-35321): *** Command L269 'selectNetsByNumber' finished on processor #1

INFO (ASSREXT-35323): tasks left are 149 

selectNetsByNumber power_list_nums Via1 p_rVia1 np_rVia1 
INFO (ASSREXT-35316): ****** For command L275 on processor #1:

  epick took  0.00 user, 0.01 sys, 0.00 elapsed, 2456.0 kbytes
 INFO (ASSREXT-35321): *** Command L275 'selectNetsByNumber' finished on processor #1

INFO (ASSREXT-35323): tasks left are 148 

selectNetsByNumber power_list_nums Via2 p_rVia2 np_rVia2 
INFO (ASSREXT-35316): ****** For command L276 on processor #1:

  epick took  0.00 user, 0.01 sys, 0.00 elapsed, 2452.0 kbytes
 INFO (ASSREXT-35321): *** Command L276 'selectNetsByNumber' finished on processor #1

INFO (ASSREXT-35323): tasks left are 147 

selectNetsByNumber power_list_nums cont_0poly p_rcont_0poly np_rcont_0poly 
INFO (ASSREXT-35316): ****** For command L277 on processor #1:

  epick took  0.00 user, 0.01 sys, 0.00 elapsed, 2456.0 kbytes
 INFO (ASSREXT-35321): *** Command L277 'selectNetsByNumber' finished on processor #1

INFO (ASSREXT-35323): tasks left are 146 

selectNetsByNumber power_list_nums ndiff_0conn p_rndiff_0conn np_rndiff_0conn 
INFO (ASSREXT-35316): ****** For command L270 on processor #1:

  epick took  0.00 user, 0.01 sys, 0.00 elapsed, 2452.0 kbytes
 INFO (ASSREXT-35321): *** Command L270 'selectNetsByNumber' finished on processor #1

INFO (ASSREXT-35323): tasks left are 145 

selectNetsByNumber power_list_nums pdiff_0conn p_rpdiff_0conn np_rpdiff_0conn 
INFO (ASSREXT-35316): ****** For command L272 on processor #1:

  epick took  0.00 user, 0.02 sys, 0.00 elapsed, 2456.0 kbytes
 INFO (ASSREXT-35321): *** Command L272 'selectNetsByNumber' finished on processor #1

INFO (ASSREXT-35323): tasks left are 144 

mergevia -V -tech /home/viterbi/01/ee577/CDS_GPDK45/gpdk045_v_5_0/qrc/typical -cnt np_rVia1 rVia1 - np_rmetal2_0conn np_rmetal1_0conn 
INFO (ASSREXT-35316): ****** For command L285 on processor #1:

  mergevia took 0.01 user, 0.02 sys, 0.00 elapsed, 12860.0 kbytes
 INFO (ASSREXT-35321): *** Command L285 'mergevia' finished on processor #1

INFO (ASSREXT-35323): tasks left are 143 

mergevia -V -tech /home/viterbi/01/ee577/CDS_GPDK45/gpdk045_v_5_0/qrc/typical -cnt np_rVia2 rVia2 - np_rmetal3_0conn np_rmetal2_0conn 
INFO (ASSREXT-35316): ****** For command L288 on processor #1:

  mergevia took 0.01 user, 0.02 sys, 0.00 elapsed, 12860.0 kbytes
 INFO (ASSREXT-35321): *** Command L288 'mergevia' finished on processor #1

INFO (ASSREXT-35323): tasks left are 142 

mergevia -V -tech /home/viterbi/01/ee577/CDS_GPDK45/gpdk045_v_5_0/qrc/typical -cnt np_rcont_0poly rcont_0poly - np_rmetal1_0conn np_rpoly_0conn 
INFO (ASSREXT-35316): ****** For command L291 on processor #1:

  mergevia took 0.01 user, 0.02 sys, 0.00 elapsed, 12860.0 kbytes
 INFO (ASSREXT-35321): *** Command L291 'mergevia' finished on processor #1

INFO (ASSREXT-35323): tasks left are 141 

createNRMosfetGateTerminal _0nmos1v np_rpoly_0conn _0nmos1v_mgvia 
INFO (ASSREXT-35316): ****** For command L299 on processor #1:

INFO (ASSREXT-35321): *** Command L299 'createNRMosfetGateTerminal' finished on processor #1

INFO (ASSREXT-35323): tasks left are 140 

createNRMosfetGateTerminal _0pmos1v np_rpoly_0conn _0pmos1v_mgvia 
INFO (ASSREXT-35316): ****** For command L300 on processor #1:

INFO (ASSREXT-35321): *** Command L300 'createNRMosfetGateTerminal' finished on processor #1

INFO (ASSREXT-35323): tasks left are 139 

selectNetsByNumber power_list_nums nwell_0conn p_rnwell_0conn np_rnwell_0conn 
INFO (ASSREXT-35316): ****** For command L271 on processor #1:

  epick took  0.00 user, 0.00 sys, 0.00 elapsed, 2456.0 kbytes
 INFO (ASSREXT-35321): *** Command L271 'selectNetsByNumber' finished on processor #1

INFO (ASSREXT-35323): tasks left are 138 

selectNetsByNumber power_list_nums psubstrate p_rpsubstrate np_rpsubstrate 
INFO (ASSREXT-35316): ****** For command L274 on processor #1:

  epick took  0.00 user, 0.01 sys, 0.00 elapsed, 2460.0 kbytes
 INFO (ASSREXT-35321): *** Command L274 'selectNetsByNumber' finished on processor #1

INFO (ASSREXT-35323): tasks left are 137 

INFO (ASSREXT-35307): tasks left are 136

createEmptyLayer np_rnwell_0conn 
INFO (ASSREXT-35316): ****** For command L307 on processor #1:

INFO (ASSREXT-35321): *** Command L307 'createEmptyLayer' finished on processor #1

INFO (ASSREXT-35323): tasks left are 135 

INFO (ASSREXT-35307): tasks left are 134

createEmptyLayer np_rpsubstrate 
INFO (ASSREXT-35316): ****** For command L309 on processor #1:

INFO (ASSREXT-35321): *** Command L309 'createEmptyLayer' finished on processor #1

INFO (ASSREXT-35323): tasks left are 133 

flatlabel -V -tc -F -l flatlabel.info text_metal1_0conn L1T0 
INFO (ASSREXT-35316): ****** For command L374 on processor #1:

  INFO (FLTLBL-89003): exec labsort -V L1T0
   
 INFO (ASSREXT-35321): *** Command L374 'flatlabel' finished on processor #1

INFO (ASSREXT-35323): tasks left are 132 

INFO (ASSREXT-35307): tasks left are 131

INFO (ASSREXT-35307): tasks left are 130

INFO (ASSREXT-35307): tasks left are 129

INFO (ASSREXT-35307): tasks left are 128

connect -V -relocate NET np_rndiff_0conn:np_rndiff_0conn.conn np_rpdiff_0conn:np_rpdiff_0conn.conn np_rnwell_0conn:np_rnwell_0conn.conn np_rpsubstrate:np_rpsubstrate.conn rVia1 rVia2 rcont_0poly _0nmos1v_mgvia _0pmos1v_mgvia - ntap,1,3 ptap,2,4 - 
INFO (ASSREXT-35316): ****** For command L310 on processor #1:

  connect took  0.01 user, 0.07 sys, 0.00 elapsed, 270620.0 kbytes
 INFO (ASSREXT-35321): *** Command L310 'connect' finished on processor #1

INFO (ASSREXT-35323): tasks left are 127 

geom -V cont_0ndiff_metal1_0conn_ndiff_0conn np_rndiff_0conn.conn - tmp_rcont_0ndiff_metal1_0conn_ndiff_0conn,11,i,2 
INFO (ASSREXT-35316): ****** For command L320 on processor #1:

  geom took  0.00 user, 0.00 sys, 0.00 elapsed, 3452.0 kbytes
 INFO (ASSREXT-35321): *** Command L320 'geom' finished on processor #1

INFO (ASSREXT-35323): tasks left are 126 

geom -V cont_0pdiff_metal1_0conn_pdiff_0conn np_rpdiff_0conn.conn - tmp_rcont_0pdiff_metal1_0conn_pdiff_0conn,11,i,2 
INFO (ASSREXT-35316): ****** For command L328 on processor #1:

  geom took  0.00 user, 0.01 sys, 0.00 elapsed, 3456.0 kbytes
 INFO (ASSREXT-35321): *** Command L328 'geom' finished on processor #1

INFO (ASSREXT-35323): tasks left are 125 

mergevia -V -i -tech /home/viterbi/01/ee577/CDS_GPDK45/gpdk045_v_5_0/qrc/typical -cnt tmp_rcont_0ndiff_metal1_0conn_ndiff_0conn rcont_0ndiff_metal1_0conn_ndiff_0conn - np_rmetal1_0conn np_rndiff_0conn 
INFO (ASSREXT-35316): ****** For command L321 on processor #1:

  mergevia took 0.31 user, 0.09 sys, 0.00 elapsed, 12856.0 kbytes
 INFO (ASSREXT-35321): *** Command L321 'mergevia' finished on processor #1

INFO (ASSREXT-35323): tasks left are 124 

mergevia -V -i -tech /home/viterbi/01/ee577/CDS_GPDK45/gpdk045_v_5_0/qrc/typical -cnt tmp_rcont_0pdiff_metal1_0conn_pdiff_0conn rcont_0pdiff_metal1_0conn_pdiff_0conn - np_rmetal1_0conn np_rpdiff_0conn 
INFO (ASSREXT-35316): ****** For command L329 on processor #1:

  mergevia took 0.19 user, 0.14 sys, 0.00 elapsed, 12856.0 kbytes
 INFO (ASSREXT-35321): *** Command L329 'mergevia' finished on processor #1

INFO (ASSREXT-35323): tasks left are 123 

epick -V -reo -e rcont_0ndiff_metal1_0conn_ndiff_0conn -e rcont_0pdiff_metal1_0conn_pdiff_0conn np_rnwell_0conn.conn tmp_nwell_0conn 
INFO (ASSREXT-35316): ****** For command L355 on processor #1:

  epick took  0.00 user, 0.00 sys, 0.00 elapsed, 2452.0 kbytes
 INFO (ASSREXT-35321): *** Command L355 'epick' finished on processor #1

INFO (ASSREXT-35323): tasks left are 122 

epick -V -reo -e rcont_0ndiff_metal1_0conn_ndiff_0conn -e rcont_0pdiff_metal1_0conn_pdiff_0conn np_rpsubstrate.conn tmp_psubstrate 
INFO (ASSREXT-35316): ****** For command L362 on processor #1:

  epick took  0.00 user, 0.01 sys, 0.00 elapsed, 2456.0 kbytes
 INFO (ASSREXT-35321): *** Command L362 'epick' finished on processor #1

INFO (ASSREXT-35323): tasks left are 121 

epick -V -reo -e rcont_0ndiff_metal1_0conn_ndiff_0conn -e rcont_0pdiff_metal1_0conn_pdiff_0conn np_rndiff_0conn.conn tmp_ndiff_0conn 
INFO (ASSREXT-35316): ****** For command L341 on processor #1:

  epick took  0.00 user, 0.00 sys, 0.00 elapsed, 2456.0 kbytes
 INFO (ASSREXT-35321): *** Command L341 'epick' finished on processor #1

INFO (ASSREXT-35323): tasks left are 120 

epick -V -reo -e rcont_0ndiff_metal1_0conn_ndiff_0conn -e rcont_0pdiff_metal1_0conn_pdiff_0conn np_rpdiff_0conn.conn tmp_pdiff_0conn 
INFO (ASSREXT-35316): ****** For command L348 on processor #1:

  epick took  0.00 user, 0.00 sys, 0.00 elapsed, 2456.0 kbytes
 INFO (ASSREXT-35321): *** Command L348 'epick' finished on processor #1

INFO (ASSREXT-35323): tasks left are 119 

epick -V -reo -e tmp_nwell_0conn -c np_rnwell_0conn.conn tmp1_nwell_0conn 
INFO (ASSREXT-35316): ****** For command L358 on processor #1:

  epick took  0.00 user, 0.00 sys, 0.00 elapsed, 2456.0 kbytes
 INFO (ASSREXT-35321): *** Command L358 'epick' finished on processor #1

INFO (ASSREXT-35323): tasks left are 118 

epick -V -reo -e tmp_psubstrate -c np_rpsubstrate.conn tmp1_psubstrate 
INFO (ASSREXT-35316): ****** For command L365 on processor #1:

  epick took  0.00 user, 0.01 sys, 0.00 elapsed, 2456.0 kbytes
 INFO (ASSREXT-35321): *** Command L365 'epick' finished on processor #1

INFO (ASSREXT-35323): tasks left are 117 

geom -V tmp1_nwell_0conn np_rnwell_0conn - tmp1_nwell_0conn,11,i,2 
INFO (ASSREXT-35316): ****** For command L359 on processor #1:

  geom took  0.00 user, 0.00 sys, 0.00 elapsed, 3192.0 kbytes
 INFO (ASSREXT-35321): *** Command L359 'geom' finished on processor #1

INFO (ASSREXT-35323): tasks left are 116 

geom -V tmp1_psubstrate np_rpsubstrate - tmp1_psubstrate,11,i,2 
INFO (ASSREXT-35316): ****** For command L366 on processor #1:

  geom took  0.00 user, 0.00 sys, 0.00 elapsed, 3192.0 kbytes
 INFO (ASSREXT-35321): *** Command L366 'geom' finished on processor #1

INFO (ASSREXT-35323): tasks left are 115 

epick -V -reo -e tmp_ndiff_0conn -c np_rndiff_0conn.conn tmp1_ndiff_0conn 
INFO (ASSREXT-35316): ****** For command L344 on processor #1:

  epick took  0.00 user, 0.00 sys, 0.00 elapsed, 2456.0 kbytes
 INFO (ASSREXT-35321): *** Command L344 'epick' finished on processor #1

INFO (ASSREXT-35323): tasks left are 114 

epick -V -reo -e tmp_pdiff_0conn -c np_rpdiff_0conn.conn tmp1_pdiff_0conn 
INFO (ASSREXT-35316): ****** For command L351 on processor #1:

  epick took  0.00 user, 0.00 sys, 0.00 elapsed, 2456.0 kbytes
 INFO (ASSREXT-35321): *** Command L351 'epick' finished on processor #1

INFO (ASSREXT-35323): tasks left are 113 

geom -V tmp1_ndiff_0conn np_rndiff_0conn - tmp1_ndiff_0conn,11,i,2 
INFO (ASSREXT-35316): ****** For command L345 on processor #1:

  geom took  0.00 user, 0.01 sys, 0.00 elapsed, 3452.0 kbytes
 INFO (ASSREXT-35321): *** Command L345 'geom' finished on processor #1

INFO (ASSREXT-35323): tasks left are 112 

geom -V tmp1_pdiff_0conn np_rpdiff_0conn - tmp1_pdiff_0conn,11,i,2 
INFO (ASSREXT-35316): ****** For command L352 on processor #1:

  geom took  0.00 user, 0.01 sys, 0.00 elapsed, 3452.0 kbytes
 INFO (ASSREXT-35321): *** Command L352 'geom' finished on processor #1

INFO (ASSREXT-35323): tasks left are 111 

geom -V tmp_nwell_0conn,tmp1_nwell_0conn - np_rnwell_0conn,1,i,1 
INFO (ASSREXT-35316): ****** For command L360 on processor #1:

  geom took  0.00 user, 0.01 sys, 0.00 elapsed, 3188.0 kbytes
 INFO (ASSREXT-35321): *** Command L360 'geom' finished on processor #1

INFO (ASSREXT-35323): tasks left are 110 

geom -V tmp_psubstrate,tmp1_psubstrate - np_rpsubstrate,1,i,1 
INFO (ASSREXT-35316): ****** For command L367 on processor #1:

  geom took  0.00 user, 0.01 sys, 0.00 elapsed, 3196.0 kbytes
 INFO (ASSREXT-35321): *** Command L367 'geom' finished on processor #1

INFO (ASSREXT-35323): tasks left are 109 

geom -V tmp_ndiff_0conn,tmp1_ndiff_0conn - np_rndiff_0conn,1,i,1 
INFO (ASSREXT-35316): ****** For command L346 on processor #1:

  geom took  0.00 user, 0.00 sys, 0.00 elapsed, 3456.0 kbytes
 INFO (ASSREXT-35321): *** Command L346 'geom' finished on processor #1

INFO (ASSREXT-35323): tasks left are 108 

geom -V tmp_pdiff_0conn,tmp1_pdiff_0conn - np_rpdiff_0conn,1,i,1 
INFO (ASSREXT-35316): ****** For command L353 on processor #1:

  geom took  0.00 user, 0.01 sys, 0.00 elapsed, 3456.0 kbytes
 INFO (ASSREXT-35321): *** Command L353 'geom' finished on processor #1

INFO (ASSREXT-35323): tasks left are 107 

INFO (ASSREXT-35307): tasks left are 106

INFO (ASSREXT-35307): tasks left are 105

INFO (ASSREXT-35307): tasks left are 104

INFO (ASSREXT-35307): tasks left are 103

INFO (ASSREXT-35307): tasks left are 102

INFO (ASSREXT-35307): tasks left are 101

INFO (ASSREXT-35307): tasks left are 100

INFO (ASSREXT-35307): tasks left are 99

INFO (ASSREXT-35307): tasks left are 98

INFO (ASSREXT-35307): tasks left are 97

Resistance data preparation stage took  2.01 user, 2.88 sys, 14.00 elapsed, 4876.0 kbytes
INFO (ASSREXT-35330): Resistance data preparation stage completed successfully at Thu Nov  7 22:11:55 2024

INFO (ASSREXT-35331): rex started at Thu Nov  7 22:11:55 2024

rex -V -m -pd -I# -tech /home/viterbi/01/ee577/CDS_GPDK45/gpdk045_v_5_0/qrc/typical -map p2elayermapfile -wee p2elayermapfile -N NET -e2 -Ply np_rpoly_0conn -er np_rmetal3_0conn,metal3_conn.den:np_rmetal2_0conn,metal2_conn.den:np_rmetal1_0conn,metal1_conn.den -rP res.mod np_rpoly_0conn::poly_conn_cut::-0.003 np_rmetal1_0conn::metal1_conn_cut::s,w:0.06,0.06,0:0.06,0.08,0:0.06,0.09,0:0.06,0.13,0:0.06,0.16,0:0.06,0.19,0:0.06,0.26,0:0.06,0.38,0:0.06,0.5,0:0.06,0.63,0:0.06,0.83,0:0.06,1,0.01:0.06,1.5,0.01:0.06,3,0.01:0.06,4.05,0.01:0.08,0.06,0.01:0.08,0.08,0.01:0.08,0.09,0.01:0.08,0.13,0:0.08,0.16,0.01:0.08,0.19,0:0.08,0.26,0:0.08,0.38,0:0.08,0.5,0:0.08,0.63,0:0.08,0.83,0:0.08,1,0.01:0.08,1.5,0.01:0.08,3,0.01:0.08,4.05,0.01:0.09,0.06,0.01:0.09,0.08,0.01:0.09,0.09,0.01:0.09,0.13,0:0.09,0.16,0.01:0.09,0.19,0:0.09,0.26,0:0.09,0.38,0:0.09,0.5,0:0.09,0.63,0:0.09,0.83,0:0.09,1,0.01:0.09,1.5,0.01:0.09,3,0.01:0.09,4.05,0.01:0.13,0.06,0.01:0.13,0.08,0.01:0.13,0.09,0.01:0.13,0.13,0:0.13,0.16,0.01:0.13,0.19,0:0.13,0.26,0:0.13,0.38,0:0.13,0.5,0:0.13,0.63,0:0.13,0.83,0:0.13,1,0.01:0.13,1.5,0.01:0.13,3,0.01:0.13,4.05,0.01:0.16,0.06,0.01:0.16,0.08,0.01:0.16,0.09,0.01:0.16,0.13,0:0.16,0.16,0.01:0.16,0.19,0:0.16,0.26,0:0.16,0.38,0:0.16,0.5,0:0.16,0.63,0:0.16,0.83,0:0.16,1,0.01:0.16,1.5,0.01:0.16,3,0.01:0.16,4.05,0.01:0.19,0.06,0.02:0.19,0.08,0.01:0.19,0.09,0.01:0.19,0.13,0:0.19,0.16,0.01:0.19,0.19,0:0.19,0.26,0:0.19,0.38,0:0.19,0.5,0:0.19,0.63,0:0.19,0.83,0:0.19,1,0.01:0.19,1.5,0.01:0.19,3,0.01:0.19,4.05,0.01:0.26,0.06,0.02:0.26,0.08,0.01:0.26,0.09,0.01:0.26,0.13,0:0.26,0.16,0.01:0.26,0.19,0:0.26,0.26,0:0.26,0.38,0:0.26,0.5,0:0.26,0.63,0:0.26,0.83,0:0.26,1,0.01:0.26,1.5,0.01:0.26,3,0.01:0.26,4.05,0.01:0.38,0.06,0.02:0.38,0.08,0.01:0.38,0.09,0.01:0.38,0.13,0:0.38,0.16,0.01:0.38,0.19,0:0.38,0.26,0:0.38,0.38,0:0.38,0.5,0:0.38,0.63,0:0.38,0.83,0:0.38,1,0.01:0.38,1.5,0.01:0.38,3,0.01:0.38,4.05,0.01:0.63,0.06,0.02:0.63,0.08,0.01:0.63,0.09,0.01:0.63,0.13,0:0.63,0.16,0.01:0.63,0.19,0:0.63,0.26,0:0.63,0.38,0:0.63,0.5,0:0.63,0.63,0:0.63,0.83,0:0.63,1,0.01:0.63,1.5,0.01:0.63,3,0.01:0.63,4.05,0.01:0.83,0.06,0.02:0.83,0.08,0.01:0.83,0.09,0.01:0.83,0.13,0:0.83,0.16,0.01:0.83,0.19,0:0.83,0.26,0:0.83,0.38,0:0.83,0.5,0:0.83,0.63,0:0.83,0.83,0:0.83,1,0.01:0.83,1.5,0.01:0.83,3,0.01:0.83,4.05,0.01:1.5,0.06,0.02:1.5,0.08,0.01:1.5,0.09,0.01:1.5,0.13,0:1.5,0.16,0.01:1.5,0.19,0:1.5,0.26,0:1.5,0.38,0:1.5,0.5,0:1.5,0.63,0:1.5,0.83,0:1.5,1,0.01:1.5,1.5,0.01:1.5,3,0.01:1.5,4.05,0.01:3,0.06,0.02:3,0.08,0.01:3,0.09,0.01:3,0.13,0:3,0.16,0.01:3,0.19,0:3,0.26,0:3,0.38,0:3,0.5,0:3,0.63,0:3,0.83,0:3,1,0.01:3,1.5,0.01:3,3,0.01:3,4.05,0.01:5,0.06,0.02:5,0.08,0.01:5,0.09,0.01:5,0.13,0:5,0.16,0.01:5,0.19,0:5,0.26,0:5,0.38,0:5,0.5,0:5,0.63,0:5,0.83,0:5,1,0.01:5,1.5,0.01:5,3,0.01:5,4.05,0.01 np_rmetal2_0conn::metal2_conn_cut::s,w:0.06,0.06,0:0.06,0.08,0:0.06,0.09,0:0.06,0.13,0:0.06,0.16,0:0.06,0.19,0:0.06,0.26,0:0.06,0.38,0:0.06,0.5,0:0.06,0.63,0:0.06,0.83,0:0.06,1,0:0.06,1.5,0:0.06,3,0:0.06,4.05,0:0.08,0.06,0:0.08,0.08,0:0.08,0.09,0:0.08,0.13,0:0.08,0.16,0:0.08,0.19,0:0.08,0.26,0:0.08,0.38,0:0.08,0.5,0:0.08,0.63,0:0.08,0.83,0:0.08,1,0:0.08,1.5,0:0.08,3,0:0.08,4.05,0:0.09,0.06,0:0.09,0.08,0:0.09,0.09,0:0.09,0.13,0:0.09,0.16,0:0.09,0.19,0:0.09,0.26,0:0.09,0.38,0:0.09,0.5,0:0.09,0.63,0:0.09,0.83,0:0.09,1,0:0.09,1.5,0:0.09,3,0:0.09,4.05,0:0.13,0.06,0.01:0.13,0.08,0.01:0.13,0.09,0.01:0.13,0.13,0:0.13,0.16,0:0.13,0.19,0:0.13,0.26,0:0.13,0.38,0:0.13,0.5,0:0.13,0.63,0:0.13,0.83,0:0.13,1,0:0.13,1.5,0:0.13,3,0:0.13,4.05,0:0.16,0.06,0.01:0.16,0.08,0.01:0.16,0.09,0.01:0.16,0.13,0:0.16,0.16,0:0.16,0.19,0:0.16,0.26,0:0.16,0.38,0:0.16,0.5,0:0.16,0.63,0:0.16,0.83,0:0.16,1,0:0.16,1.5,0:0.16,3,0:0.16,4.05,0:0.19,0.06,0.01:0.19,0.08,0.01:0.19,0.09,0.01:0.19,0.13,0:0.19,0.16,0:0.19,0.19,0:0.19,0.26,0:0.19,0.38,0:0.19,0.5,0:0.19,0.63,0:0.19,0.83,0:0.19,1,0:0.19,1.5,0:0.19,3,0:0.19,4.05,0:0.26,0.06,0.01:0.26,0.08,0.01:0.26,0.09,0.01:0.26,0.13,0:0.26,0.16,0:0.26,0.19,0:0.26,0.26,0:0.26,0.38,0:0.26,0.5,0:0.26,0.63,0:0.26,0.83,0:0.26,1,0:0.26,1.5,0:0.26,3,0:0.26,4.05,0:0.38,0.06,0.01:0.38,0.08,0.01:0.38,0.09,0.01:0.38,0.13,0:0.38,0.16,0:0.38,0.19,0:0.38,0.26,0:0.38,0.38,0:0.38,0.5,0:0.38,0.63,0:0.38,0.83,0:0.38,1,0:0.38,1.5,0:0.38,3,0:0.38,4.05,0:0.63,0.06,0.01:0.63,0.08,0.01:0.63,0.09,0.01:0.63,0.13,0:0.63,0.16,0:0.63,0.19,0:0.63,0.26,0:0.63,0.38,0:0.63,0.5,0:0.63,0.63,0:0.63,0.83,0:0.63,1,0:0.63,1.5,0:0.63,3,0:0.63,4.05,0:0.83,0.06,0.01:0.83,0.08,0.01:0.83,0.09,0.01:0.83,0.13,0:0.83,0.16,0:0.83,0.19,0:0.83,0.26,0:0.83,0.38,0:0.83,0.5,0:0.83,0.63,0:0.83,0.83,0:0.83,1,0:0.83,1.5,0:0.83,3,0:0.83,4.05,0:1.5,0.06,0.01:1.5,0.08,0.01:1.5,0.09,0.01:1.5,0.13,0:1.5,0.16,0:1.5,0.19,0:1.5,0.26,0:1.5,0.38,0:1.5,0.5,0:1.5,0.63,0:1.5,0.83,0:1.5,1,0:1.5,1.5,0:1.5,3,0:1.5,4.05,0:3,0.06,0.01:3,0.08,0.01:3,0.09,0.01:3,0.13,0:3,0.16,0:3,0.19,0:3,0.26,0:3,0.38,0:3,0.5,0:3,0.63,0:3,0.83,0:3,1,0:3,1.5,0:3,3,0:3,4.05,0:5,0.06,0.01:5,0.08,0.01:5,0.09,0.01:5,0.13,0:5,0.16,0:5,0.19,0:5,0.26,0:5,0.38,0:5,0.5,0:5,0.63,0:5,0.83,0:5,1,0:5,1.5,0:5,3,0:5,4.05,0 np_rmetal3_0conn::metal3_conn_cut::s,w:0.06,0.06,0:0.06,0.08,0:0.06,0.09,0:0.06,0.13,0:0.06,0.16,0:0.06,0.19,0:0.06,0.26,0:0.06,0.38,0:0.06,0.5,0:0.06,0.63,0:0.06,0.83,0:0.06,1,0:0.06,1.5,0:0.06,3,0:0.06,4.05,0:0.08,0.06,0:0.08,0.08,0:0.08,0.09,0:0.08,0.13,0:0.08,0.16,0:0.08,0.19,0:0.08,0.26,0:0.08,0.38,0:0.08,0.5,0:0.08,0.63,0:0.08,0.83,0:0.08,1,0:0.08,1.5,0:0.08,3,0:0.08,4.05,0:0.09,0.06,0:0.09,0.08,0:0.09,0.09,0:0.09,0.13,0:0.09,0.16,0:0.09,0.19,0:0.09,0.26,0:0.09,0.38,0:0.09,0.5,0:0.09,0.63,0:0.09,0.83,0:0.09,1,0:0.09,1.5,0:0.09,3,0:0.09,4.05,0:0.13,0.06,0.01:0.13,0.08,0.01:0.13,0.09,0.01:0.13,0.13,0:0.13,0.16,0:0.13,0.19,0:0.13,0.26,0:0.13,0.38,0:0.13,0.5,0:0.13,0.63,0:0.13,0.83,0:0.13,1,0:0.13,1.5,0:0.13,3,0:0.13,4.05,0:0.16,0.06,0.01:0.16,0.08,0.01:0.16,0.09,0.01:0.16,0.13,0:0.16,0.16,0:0.16,0.19,0:0.16,0.26,0:0.16,0.38,0:0.16,0.5,0:0.16,0.63,0:0.16,0.83,0:0.16,1,0:0.16,1.5,0:0.16,3,0:0.16,4.05,0:0.19,0.06,0.01:0.19,0.08,0.01:0.19,0.09,0.01:0.19,0.13,0:0.19,0.16,0:0.19,0.19,0:0.19,0.26,0:0.19,0.38,0:0.19,0.5,0:0.19,0.63,0:0.19,0.83,0:0.19,1,0:0.19,1.5,0:0.19,3,0:0.19,4.05,0:0.26,0.06,0.01:0.26,0.08,0.01:0.26,0.09,0.01:0.26,0.13,0:0.26,0.16,0:0.26,0.19,0:0.26,0.26,0:0.26,0.38,0:0.26,0.5,0:0.26,0.63,0:0.26,0.83,0:0.26,1,0:0.26,1.5,0:0.26,3,0:0.26,4.05,0:0.38,0.06,0.01:0.38,0.08,0.01:0.38,0.09,0.01:0.38,0.13,0:0.38,0.16,0:0.38,0.19,0:0.38,0.26,0:0.38,0.38,0:0.38,0.5,0:0.38,0.63,0:0.38,0.83,0:0.38,1,0:0.38,1.5,0:0.38,3,0:0.38,4.05,0:0.63,0.06,0.01:0.63,0.08,0.01:0.63,0.09,0.01:0.63,0.13,0:0.63,0.16,0:0.63,0.19,0:0.63,0.26,0:0.63,0.38,0:0.63,0.5,0:0.63,0.63,0:0.63,0.83,0:0.63,1,0:0.63,1.5,0:0.63,3,0:0.63,4.05,0:0.83,0.06,0.01:0.83,0.08,0.01:0.83,0.09,0.01:0.83,0.13,0:0.83,0.16,0:0.83,0.19,0:0.83,0.26,0:0.83,0.38,0:0.83,0.5,0:0.83,0.63,0:0.83,0.83,0:0.83,1,0:0.83,1.5,0:0.83,3,0:0.83,4.05,0:1.5,0.06,0.01:1.5,0.08,0.01:1.5,0.09,0.01:1.5,0.13,0:1.5,0.16,0:1.5,0.19,0:1.5,0.26,0:1.5,0.38,0:1.5,0.5,0:1.5,0.63,0:1.5,0.83,0:1.5,1,0:1.5,1.5,0:1.5,3,0:1.5,4.05,0:3,0.06,0.01:3,0.08,0.01:3,0.09,0.01:3,0.13,0:3,0.16,0:3,0.19,0:3,0.26,0:3,0.38,0:3,0.5,0:3,0.63,0:3,0.83,0:3,1,0:3,1.5,0:3,3,0:3,4.05,0:5,0.06,0.01:5,0.08,0.01:5,0.09,0.01:5,0.13,0:5,0.16,0:5,0.19,0:5,0.26,0:5,0.38,0:5,0.5,0:5,0.63,0:5,0.83,0:5,1,0:5,1.5,0:5,3,0:5,4.05,0 - rVia1,2,3,t rVia2,3,4,t rcont_0ndiff_metal1_0conn_ndiff_0conn,2,t rcont_0pdiff_metal1_0conn_pdiff_0conn,2,t rcont_0poly,1,2,t _0nmos1v_mgvia,1,z _0pmos1v_mgvia,1,z - L1T0,2,I 
INFO (ASSREXT-35315): ****** For command L386:

  INFO (REX-163462):  exec rex -g -V -m -pd -I# -tech /home/viterbi/01/ee577/CDS_GPDK45/gpdk045_v_5_0/qrc/typical -map p2elayermapfile -wee p2elayermapfile -N NET -e2 -Ply np_rpoly_0conn -er np_rmetal3_0conn,metal3_conn.den:np_rmetal2_0conn,metal2_conn.den:np_rmetal1_0conn,metal1_conn.den -rP res.mod np_rpoly_0conn::poly_conn_cut::-0.003 np_rmetal1_0conn::metal1_conn_cut::s,w:0.06,0.06,0:0.06,0.08,0:0.06,0.09,0:0.06,0.13,0:0.06,0.16,0:0.06,0.19,0:0.06,0.26,0:0.06,0.38,0:0.06,0.5,0:0.06,0.63,0:0.06,0.83,0:0.06,1,0.01:0.06,1.5,0.01:0.06,3,0.01:0.06,4.05,0.01:0.08,0.06,0.01:0.08,0.08,0.01:0.08,0.09,0.01:0.08,0.13,0:0.08,0.16,0.01:0.08,0.19,0:0.08,0.26,0:0.08,0.38,0:0.08,0.5,0:0.08,0.63,0:0.08,0.83,0:0.08,1,0.01:0.08,1.5,0.01:0.08,3,0.01:0.08,4.05,0.01:0.09,0.06,0.01:0.09,0.08,0.01:0.09,0.09,0.01:0.09,0.13,0:0.09,0.16,0.01:0.09,0.19,0:0.09,0.26,0:0.09,0.38,0:0.09,0.5,0:0.09,0.63,0:0.09,0.83,0:0.09,1,0.01:0.09,1.5,0.01:0.09,3,0.01:0.09,4.05,0.01:0.13,0.06,0.01:0.13,0.08,0.01:0.13,0.09,0.01:0.13,0.13,0:0.13,0.16,0.01:0.13,0.19,0:0.13,0.26,0:0.13,0.38,0:0.13,0.5,0:0.13,0.63,0:0.13,0.83,0:0.13,1,0.01:0.13,1.5,0.01:0.13,3,0.01:0.13,4.05,0.01:0.16,0.06,0.01:0.16,0.08,0.01:0.16,0.09,0.01:0.16,0.13,0:0.16,0.16,0.01:0.16,0.19,0:0.16,0.26,0:0.16,0.38,0:0.16,0.5,0:0.16,0.63,0:0.16,0.83,0:0.16,1,0.01:0.16,1.5,0.01:0.16,3,0.01:0.16,4.05,0.01:0.19,0.06,0.02:0.19,0.08,0.01:0.19,0.09,0.01:0.19,0.13,0:0.19,0.16,0.01:0.19,0.19,0:0.19,0.26,0:0.19,0.38,0:0.19,0.5,0:0.19,0.63,0:0.19,0.83,0:0.19,1,0.01:0.19,1.5,0.01:0.19,3,0.01:0.19,4.05,0.01:0.26,0.06,0.02:0.26,0.08,0.01:0.26,0.09,0.01:0.26,0.13,0:0.26,0.16,0.01:0.26,0.19,0:0.26,0.26,0:0.26,0.38,0:0.26,0.5,0:0.26,0.63,0:0.26,0.83,0:0.26,1,0.01:0.26,1.5,0.01:0.26,3,0.01:0.26,4.05,0.01:0.38,0.06,0.02:0.38,0.08,0.01:0.38,0.09,0.01:0.38,0.13,0:0.38,0.16,0.01:0.38,0.19,0:0.38,0.26,0:0.38,0.38,0:0.38,0.5,0:0.38,0.63,0:0.38,0.83,0:0.38,1,0.01:0.38,1.5,0.01:0.38,3,0.01:0.38,4.05,0.01:0.63,0.06,0.02:0.63,0.08,0.01:0.63,0.09,0.01:0.63,0.13,0:0.63,0.16,0.01:0.63,0.19,0:0.63,0.26,0:0.63,0.38,0:0.63,0.5,0:0.63,0.63,0:0.63,0.83,0:0.63,1,0.01:0.63,1.5,0.01:0.63,3,0.01:0.63,4.05,0.01:0.83,0.06,0.02:0.83,0.08,0.01:0.83,0.09,0.01:0.83,0.13,0:0.83,0.16,0.01:0.83,0.19,0:0.83,0.26,0:0.83,0.38,0:0.83,0.5,0:0.83,0.63,0:0.83,0.83,0:0.83,1,0.01:0.83,1.5,0.01:0.83,3,0.01:0.83,4.05,0.01:1.5,0.06,0.02:1.5,0.08,0.01:1.5,0.09,0.01:1.5,0.13,0:1.5,0.16,0.01:1.5,0.19,0:1.5,0.26,0:1.5,0.38,0:1.5,0.5,0:1.5,0.63,0:1.5,0.83,0:1.5,1,0.01:1.5,1.5,0.01:1.5,3,0.01:1.5,4.05,0.01:3,0.06,0.02:3,0.08,0.01:3,0.09,0.01:3,0.13,0:3,0.16,0.01:3,0.19,0:3,0.26,0:3,0.38,0:3,0.5,0:3,0.63,0:3,0.83,0:3,1,0.01:3,1.5,0.01:3,3,0.01:3,4.05,0.01:5,0.06,0.02:5,0.08,0.01:5,0.09,0.01:5,0.13,0:5,0.16,0.01:5,0.19,0:5,0.26,0:5,0.38,0:5,0.5,0:5,0.63,0:5,0.83,0:5,1,0.01:5,1.5,0.01:5,3,0.01:5,4.05,0.01 np_rmetal2_0conn::metal2_conn_cut::s,w:0.06,0.06,0:0.06,0.08,0:0.06,0.09,0:0.06,0.13,0:0.06,0.16,0:0.06,0.19,0:0.06,0.26,0:0.06,0.38,0:0.06,0.5,0:0.06,0.63,0:0.06,0.83,0:0.06,1,0:0.06,1.5,0:0.06,3,0:0.06,4.05,0:0.08,0.06,0:0.08,0.08,0:0.08,0.09,0:0.08,0.13,0:0.08,0.16,0:0.08,0.19,0:0.08,0.26,0:0.08,0.38,0:0.08,0.5,0:0.08,0.63,0:0.08,0.83,0:0.08,1,0:0.08,1.5,0:0.08,3,0:0.08,4.05,0:0.09,0.06,0:0.09,0.08,0:0.09,0.09,0:0.09,0.13,0:0.09,0.16,0:0.09,0.19,0:0.09,0.26,0:0.09,0.38,0:0.09,0.5,0:0.09,0.63,0:0.09,0.83,0:0.09,1,0:0.09,1.5,0:0.09,3,0:0.09,4.05,0:0.13,0.06,0.01:0.13,0.08,0.01:0.13,0.09,0.01:0.13,0.13,0:0.13,0.16,0:0.13,0.19,0:0.13,0.26,0:0.13,0.38,0:0.13,0.5,0:0.13,0.63,0:0.13,0.83,0:0.13,1,0:0.13,1.5,0:0.13,3,0:0.13,4.05,0:0.16,0.06,0.01:0.16,0.08,0.01:0.16,0.09,0.01:0.16,0.13,0:0.16,0.16,0:0.16,0.19,0:0.16,0.26,0:0.16,0.38,0:0.16,0.5,0:0.16,0.63,0:0.16,0.83,0:0.16,1,0:0.16,1.5,0:0.16,3,0:0.16,4.05,0:0.19,0.06,0.01:0.19,0.08,0.01:0.19,0.09,0.01:0.19,0.13,0:0.19,0.16,0:0.19,0.19,0:0.19,0.26,0:0.19,0.38,0:0.19,0.5,0:0.19,0.63,0:0.19,0.83,0:0.19,1,0:0.19,1.5,0:0.19,3,0:0.19,4.05,0:0.26,0.06,0.01:0.26,0.08,0.01:0.26,0.09,0.01:0.26,0.13,0:0.26,0.16,0:0.26,0.19,0:0.26,0.26,0:0.26,0.38,0:0.26,0.5,0:0.26,0.63,0:0.26,0.83,0:0.26,1,0:0.26,1.5,0:0.26,3,0:0.26,4.05,0:0.38,0.06,0.01:0.38,0.08,0.01:0.38,0.09,0.01:0.38,0.13,0:0.38,0.16,0:0.38,0.19,0:0.38,0.26,0:0.38,0.38,0:0.38,0.5,0:0.38,0.63,0:0.38,0.83,0:0.38,1,0:0.38,1.5,0:0.38,3,0:0.38,4.05,0:0.63,0.06,0.01:0.63,0.08,0.01:0.63,0.09,0.01:0.63,0.13,0:0.63,0.16,0:0.63,0.19,0:0.63,0.26,0:0.63,0.38,0:0.63,0.5,0:0.63,0.63,0:0.63,0.83,0:0.63,1,0:0.63,1.5,0:0.63,3,0:0.63,4.05,0:0.83,0.06,0.01:0.83,0.08,0.01:0.83,0.09,0.01:0.83,0.13,0:0.83,0.16,0:0.83,0.19,0:0.83,0.26,0:0.83,0.38,0:0.83,0.5,0:0.83,0.63,0:0.83,0.83,0:0.83,1,0:0.83,1.5,0:0.83,3,0:0.83,4.05,0:1.5,0.06,0.01:1.5,0.08,0.01:1.5,0.09,0.01:1.5,0.13,0:1.5,0.16,0:1.5,0.19,0:1.5,0.26,0:1.5,0.38,0:1.5,0.5,0:1.5,0.63,0:1.5,0.83,0:1.5,1,0:1.5,1.5,0:1.5,3,0:1.5,4.05,0:3,0.06,0.01:3,0.08,0.01:3,0.09,0.01:3,0.13,0:3,0.16,0:3,0.19,0:3,0.26,0:3,0.38,0:3,0.5,0:3,0.63,0:3,0.83,0:3,1,0:3,1.5,0:3,3,0:3,4.05,0:5,0.06,0.01:5,0.08,0.01:5,0.09,0.01:5,0.13,0:5,0.16,0:5,0.19,0:5,0.26,0:5,0.38,0:5,0.5,0:5,0.63,0:5,0.83,0:5,1,0:5,1.5,0:5,3,0:5,4.05,0 np_rmetal3_0conn::metal3_conn_cut::s,w:0.06,0.06,0:0.06,0.08,0:0.06,0.09,0:0.06,0.13,0:0.06,0.16,0:0.06,0.19,0:0.06,0.26,0:0.06,0.38,0:0.06,0.5,0:0.06,0.63,0:0.06,0.83,0:0.06,1,0:0.06,1.5,0:0.06,3,0:0.06,4.05,0:0.08,0.06,0:0.08,0.08,0:0.08,0.09,0:0.08,0.13,0:0.08,0.16,0:0.08,0.19,0:0.08,0.26,0:0.08,0.38,0:0.08,0.5,0:0.08,0.63,0:0.08,0.83,0:0.08,1,0:0.08,1.5,0:0.08,3,0:0.08,4.05,0:0.09,0.06,0:0.09,0.08,0:0.09,0.09,0:0.09,0.13,0:0.09,0.16,0:0.09,0.19,0:0.09,0.26,0:0.09,0.38,0:0.09,0.5,0:0.09,0.63,0:0.09,0.83,0:0.09,1,0:0.09,1.5,0:0.09,3,0:0.09,4.05,0:0.13,0.06,0.01:0.13,0.08,0.01:0.13,0.09,0.01:0.13,0.13,0:0.13,0.16,0:0.13,0.19,0:0.13,0.26,0:0.13,0.38,0:0.13,0.5,0:0.13,0.63,0:0.13,0.83,0:0.13,1,0:0.13,1.5,0:0.13,3,0:0.13,4.05,0:0.16,0.06,0.01:0.16,0.08,0.01:0.16,0.09,0.01:0.16,0.13,0:0.16,0.16,0:0.16,0.19,0:0.16,0.26,0:0.16,0.38,0:0.16,0.5,0:0.16,0.63,0:0.16,0.83,0:0.16,1,0:0.16,1.5,0:0.16,3,0:0.16,4.05,0:0.19,0.06,0.01:0.19,0.08,0.01:0.19,0.09,0.01:0.19,0.13,0:0.19,0.16,0:0.19,0.19,0:0.19,0.26,0:0.19,0.38,0:0.19,0.5,0:0.19,0.63,0:0.19,0.83,0:0.19,1,0:0.19,1.5,0:0.19,3,0:0.19,4.05,0:0.26,0.06,0.01:0.26,0.08,0.01:0.26,0.09,0.01:0.26,0.13,0:0.26,0.16,0:0.26,0.19,0:0.26,0.26,0:0.26,0.38,0:0.26,0.5,0:0.26,0.63,0:0.26,0.83,0:0.26,1,0:0.26,1.5,0:0.26,3,0:0.26,4.05,0:0.38,0.06,0.01:0.38,0.08,0.01:0.38,0.09,0.01:0.38,0.13,0:0.38,0.16,0:0.38,0.19,0:0.38,0.26,0:0.38,0.38,0:0.38,0.5,0:0.38,0.63,0:0.38,0.83,0:0.38,1,0:0.38,1.5,0:0.38,3,0:0.38,4.05,0:0.63,0.06,0.01:0.63,0.08,0.01:0.63,0.09,0.01:0.63,0.13,0:0.63,0.16,0:0.63,0.19,0:0.63,0.26,0:0.63,0.38,0:0.63,0.5,0:0.63,0.63,0:0.63,0.83,0:0.63,1,0:0.63,1.5,0:0.63,3,0:0.63,4.05,0:0.83,0.06,0.01:0.83,0.08,0.01:0.83,0.09,0.01:0.83,0.13,0:0.83,0.16,0:0.83,0.19,0:0.83,0.26,0:0.83,0.38,0:0.83,0.5,0:0.83,0.63,0:0.83,0.83,0:0.83,1,0:0.83,1.5,0:0.83,3,0:0.83,4.05,0:1.5,0.06,0.01:1.5,0.08,0.01:1.5,0.09,0.01:1.5,0.13,0:1.5,0.16,0:1.5,0.19,0:1.5,0.26,0:1.5,0.38,0:1.5,0.5,0:1.5,0.63,0:1.5,0.83,0:1.5,1,0:1.5,1.5,0:1.5,3,0:1.5,4.05,0:3,0.06,0.01:3,0.08,0.01:3,0.09,0.01:3,0.13,0:3,0.16,0:3,0.19,0:3,0.26,0:3,0.38,0:3,0.5,0:3,0.63,0:3,0.83,0:3,1,0:3,1.5,0:3,3,0:3,4.05,0:5,0.06,0.01:5,0.08,0.01:5,0.09,0.01:5,0.13,0:5,0.16,0:5,0.19,0:5,0.26,0:5,0.38,0:5,0.5,0:5,0.63,0:5,0.83,0:5,1,0:5,1.5,0:5,3,0:5,4.05,0 - rVia1,2,3,t rVia2,3,4,t rcont_0ndiff_metal1_0conn_ndiff_0conn,2,t rcont_0pdiff_metal1_0conn_pdiff_0conn,2,t rcont_0poly,1,2,t _0nmos1v_mgvia,1,z _0pmos1v_mgvia,1,z - L1T0,2,I
   
   rex took  0.01 user, 0.06 sys, 0.00 elapsed, 17484.0 kbytes
   INFO (LBMISC-215513): Socket: connection with sd 19 closed
   
   INFO (REX-163511): Forked command: REX 1
   
     rex (np_rmetal1_0conn) took  0.01 user, 0.09 sys, 0.00 elapsed, 19596.0 kbytes
   INFO (LBMISC-215513): Socket: connection with sd 19 closed
   
   INFO (REX-163511): Forked command: REX 2
   
     rex (np_rpoly_0conn) took  0.02 user, 0.07 sys, 0.00 elapsed, 19032.0 kbytes
   INFO (LBMISC-215513): Socket: connection with sd 19 closed
   
   INFO (REX-163511): Forked command: REX 3
   
     rex (np_rmetal2_0conn) took  0.03 user, 0.06 sys, 1.00 elapsed, 19376.0 kbytes
   INFO (LBMISC-215513): Socket: connection with sd 19 closed
   
   INFO (REX-163511): Forked command: REX 4
   
     rex (np_rmetal3_0conn) took  0.02 user, 0.06 sys, 0.00 elapsed, 19164.0 kbytes
   INFO (REX-163511): Forked command: REX 5
   
     rexmerge took  0.00 user, 0.01 sys, 0.00 elapsed, 2540.0 kbytes
   rex took  0.37 user, 0.61 sys, 3.00 elapsed, 16052.0 kbytes
 INFO (ASSREXT-35320): *** Command L386 'rex' finished

R stage took  0.42 user, 0.65 sys, 3.00 elapsed, 4884.0 kbytes
INFO (ASSREXT-35332): rex completed successfully at Thu Nov  7 22:11:58 2024

INFO (ASSREXT-35333): Capacitance data preparation stage started at Thu Nov  7 22:11:58 2024

INFO (ASSREXT-35323): tasks left are 96 

stamp -V -i2 np_rmetal2_0conn rVia1 np_rVia1 
INFO (ASSREXT-35316): ****** For command L405 on processor #1:

  stamp took  0.38 user, 0.18 sys, 2.00 elapsed, 270948.0 kbytes
 INFO (ASSREXT-35321): *** Command L405 'stamp' finished on processor #1

INFO (ASSREXT-35323): tasks left are 95 

stamp -V -i2 np_rmetal3_0conn rVia2 np_rVia2 
INFO (ASSREXT-35316): ****** For command L407 on processor #1:

  stamp took  0.38 user, 0.17 sys, 1.00 elapsed, 270940.0 kbytes
 INFO (ASSREXT-35321): *** Command L407 'stamp' finished on processor #1

INFO (ASSREXT-35323): tasks left are 94 

stamp -V -i2 np_rmetal1_0conn rcont_0poly np_rcont_0poly 
INFO (ASSREXT-35316): ****** For command L409 on processor #1:

  stamp took  0.31 user, 0.15 sys, 0.00 elapsed, 270944.0 kbytes
 INFO (ASSREXT-35321): *** Command L409 'stamp' finished on processor #1

INFO (ASSREXT-35323): tasks left are 93 

stamp -V -B -i np_rmetal1_0conn cont_0ndiff_metal1_0conn_ndiff_0conn 
INFO (ASSREXT-35316): ****** For command L411 on processor #1:

  stamp took  0.31 user, 0.14 sys, 0.00 elapsed, 271012.0 kbytes
 INFO (ASSREXT-35321): *** Command L411 'stamp' finished on processor #1

INFO (ASSREXT-35323): tasks left are 92 

stamp -V -B -i np_rmetal1_0conn cont_0pdiff_metal1_0conn_pdiff_0conn 
INFO (ASSREXT-35316): ****** For command L413 on processor #1:

  stamp took  0.31 user, 0.15 sys, 1.00 elapsed, 271012.0 kbytes
 INFO (ASSREXT-35321): *** Command L413 'stamp' finished on processor #1

INFO (ASSREXT-35323): tasks left are 91 

geom -V np_rVia1,p_rVia1 - rVia1,1,i,1 
INFO (ASSREXT-35316): ****** For command L406 on processor #1:

  geom took  0.00 user, 0.00 sys, 0.00 elapsed, 3452.0 kbytes
 INFO (ASSREXT-35321): *** Command L406 'geom' finished on processor #1

INFO (ASSREXT-35323): tasks left are 90 

geom -V np_rVia2,p_rVia2 - rVia2,1,i,1 
INFO (ASSREXT-35316): ****** For command L408 on processor #1:

  geom took  0.00 user, 0.00 sys, 0.00 elapsed, 3456.0 kbytes
 INFO (ASSREXT-35321): *** Command L408 'geom' finished on processor #1

INFO (ASSREXT-35323): tasks left are 89 

geom -V np_rcont_0poly,p_rcont_0poly - rcont_0poly,1,i,1 
INFO (ASSREXT-35316): ****** For command L410 on processor #1:

  geom took  0.00 user, 0.00 sys, 0.00 elapsed, 3456.0 kbytes
 INFO (ASSREXT-35321): *** Command L410 'geom' finished on processor #1

INFO (ASSREXT-35323): tasks left are 88 

INFO (ASSREXT-35307): tasks left are 87

INFO (ASSREXT-35307): tasks left are 86

INFO (ASSREXT-35307): tasks left are 85

INFO (ASSREXT-35307): tasks left are 84

INFO (ASSREXT-35307): tasks left are 83

INFO (ASSREXT-35307): tasks left are 82

INFO (ASSREXT-35307): tasks left are 81

INFO (ASSREXT-35307): tasks left are 80

INFO (ASSREXT-35307): tasks left are 79

geom np_rndiff_0conn,p_rndiff_0conn - ndiff_0conn,1,i,1 
INFO (ASSREXT-35316): ****** For command L425 on processor #1:

INFO (ASSREXT-35321): *** Command L425 'geom' finished on processor #1

INFO (ASSREXT-35323): tasks left are 78 

epick -c -f floatlvsnetsfile ndiff_0conn ndiff_0conn 
INFO (ASSREXT-35316): ****** For command L426 on processor #1:

INFO (ASSREXT-35321): *** Command L426 'epick' finished on processor #1

INFO (ASSREXT-35323): tasks left are 77 

INFO (ASSREXT-35307): tasks left are 76

geom np_rnwell_0conn,p_rnwell_0conn - nwell_0conn,1,i,1 
INFO (ASSREXT-35316): ****** For command L428 on processor #1:

INFO (ASSREXT-35321): *** Command L428 'geom' finished on processor #1

INFO (ASSREXT-35323): tasks left are 75 

epick -c -f floatlvsnetsfile nwell_0conn nwell_0conn 
INFO (ASSREXT-35316): ****** For command L429 on processor #1:

INFO (ASSREXT-35321): *** Command L429 'epick' finished on processor #1

INFO (ASSREXT-35323): tasks left are 74 

INFO (ASSREXT-35307): tasks left are 73

geom np_rpdiff_0conn,p_rpdiff_0conn - pdiff_0conn,1,i,1 
INFO (ASSREXT-35316): ****** For command L431 on processor #1:

INFO (ASSREXT-35321): *** Command L431 'geom' finished on processor #1

INFO (ASSREXT-35323): tasks left are 72 

epick -c -f floatlvsnetsfile pdiff_0conn pdiff_0conn 
INFO (ASSREXT-35316): ****** For command L432 on processor #1:

INFO (ASSREXT-35321): *** Command L432 'epick' finished on processor #1

INFO (ASSREXT-35323): tasks left are 71 

INFO (ASSREXT-35307): tasks left are 70

geom np_rpoly_0conn,p_rpoly_0conn - poly_0conn,1,i,1 
INFO (ASSREXT-35316): ****** For command L434 on processor #1:

INFO (ASSREXT-35321): *** Command L434 'geom' finished on processor #1

INFO (ASSREXT-35323): tasks left are 69 

epick -c -f floatlvsnetsfile poly_0conn poly_0conn 
INFO (ASSREXT-35316): ****** For command L435 on processor #1:

INFO (ASSREXT-35321): *** Command L435 'epick' finished on processor #1

INFO (ASSREXT-35323): tasks left are 68 

INFO (ASSREXT-35307): tasks left are 67

geom np_rpsubstrate,p_rpsubstrate - psubstrate,1,i,1 
INFO (ASSREXT-35316): ****** For command L437 on processor #1:

INFO (ASSREXT-35321): *** Command L437 'geom' finished on processor #1

INFO (ASSREXT-35323): tasks left are 66 

epick -c -f floatlvsnetsfile psubstrate psubstrate 
INFO (ASSREXT-35316): ****** For command L438 on processor #1:

INFO (ASSREXT-35321): *** Command L438 'epick' finished on processor #1

INFO (ASSREXT-35323): tasks left are 65 

reconnect -V -n NET -se2 mwires.res -t _0nmos1v.trans:_0nmos1v.transr _0nmos1v ndiff_0conn,_0nmos1v_mgvia,psubstrate -t _0pmos1v.trans:_0pmos1v.transr _0pmos1v pdiff_0conn,_0pmos1v_mgvia,nwell_0conn 
INFO (ASSREXT-35315): ****** For command L444:

  reconnect took 0.29 user, 0.18 sys, 1.00 elapsed, 282724.0 kbytes
 INFO (ASSREXT-35320): *** Command L444 'reconnect' finished

INFO (ASSREXT-35323): tasks left are 64 

geom -V p_rnwell_0conn,np_rnwell_0conn - nwell_0conn,1,i,1 
INFO (ASSREXT-35316): ****** For command L489 on processor #1:

  geom took  0.00 user, 0.00 sys, 0.00 elapsed, 3452.0 kbytes
 INFO (ASSREXT-35321): *** Command L489 'geom' finished on processor #1

INFO (ASSREXT-35323): tasks left are 63 

grow -V .001 ndiff_0conn mask 
INFO (ASSREXT-35316): ****** For command L473 on processor #1:

  grow took  0.00 user, 0.00 sys, 0.00 elapsed, 2700.0 kbytes
 INFO (ASSREXT-35321): *** Command L473 'grow' finished on processor #1

INFO (ASSREXT-35323): tasks left are 62 

geom -V p_rpsubstrate,np_rpsubstrate - psubstrate,1,i,1 
INFO (ASSREXT-35316): ****** For command L490 on processor #1:

  geom took  0.00 user, 0.01 sys, 0.00 elapsed, 3452.0 kbytes
 INFO (ASSREXT-35321): *** Command L490 'geom' finished on processor #1

INFO (ASSREXT-35323): tasks left are 61 

geom -V pdiff_0conn mask - pdiff_0conn,10,i,1 
INFO (ASSREXT-35316): ****** For command L474 on processor #1:

  geom took  0.00 user, 0.01 sys, 0.00 elapsed, 3452.0 kbytes
 INFO (ASSREXT-35321): *** Command L474 'geom' finished on processor #1

INFO (ASSREXT-35323): tasks left are 60 

grow -V 0.001 nwell_0conn g_nwell_0conn 
INFO (ASSREXT-35316): ****** For command L492 on processor #1:

  grow took  0.01 user, 0.00 sys, 0.00 elapsed, 2704.0 kbytes
 INFO (ASSREXT-35321): *** Command L492 'grow' finished on processor #1

INFO (ASSREXT-35323): tasks left are 59 

geom -V ndiff_0conn,pdiff_0conn - Oxide,1,i,1 
INFO (ASSREXT-35316): ****** For command L475 on processor #1:

  geom took  0.00 user, 0.01 sys, 0.00 elapsed, 3452.0 kbytes
 INFO (ASSREXT-35321): *** Command L475 'geom' finished on processor #1

INFO (ASSREXT-35323): tasks left are 58 

geom -V p_rpoly_0conn,np_rpoly_0conn - poly_conn,1,i,1 
INFO (ASSREXT-35316): ****** For command L458 on processor #1:

  geom took  0.00 user, 0.01 sys, 0.00 elapsed, 3456.0 kbytes
 INFO (ASSREXT-35321): *** Command L458 'geom' finished on processor #1

INFO (ASSREXT-35323): tasks left are 57 

geom -V p_rmetal1_0conn,np_rmetal1_0conn - metal1_conn,1,i,1 
INFO (ASSREXT-35316): ****** For command L461 on processor #1:

  geom took  0.00 user, 0.00 sys, 1.00 elapsed, 3456.0 kbytes
 INFO (ASSREXT-35321): *** Command L461 'geom' finished on processor #1

INFO (ASSREXT-35323): tasks left are 56 

geom -V p_rmetal2_0conn,np_rmetal2_0conn - metal2_conn,1,i,1 
INFO (ASSREXT-35316): ****** For command L464 on processor #1:

  geom took  0.00 user, 0.00 sys, 0.00 elapsed, 3456.0 kbytes
 INFO (ASSREXT-35321): *** Command L464 'geom' finished on processor #1

INFO (ASSREXT-35323): tasks left are 55 

geom -V p_rmetal3_0conn,np_rmetal3_0conn - metal3_conn,1,i,1 
INFO (ASSREXT-35316): ****** For command L467 on processor #1:

  geom took  0.00 user, 0.01 sys, 0.00 elapsed, 3456.0 kbytes
 INFO (ASSREXT-35321): *** Command L467 'geom' finished on processor #1

INFO (ASSREXT-35323): tasks left are 54 

createEmptyLayer metal11_conn 
INFO (ASSREXT-35316): ****** For command L476 on processor #1:

INFO (ASSREXT-35321): *** Command L476 'createEmptyLayer' finished on processor #1

INFO (ASSREXT-35323): tasks left are 53 

createEmptyLayer metal10_conn 
INFO (ASSREXT-35316): ****** For command L477 on processor #1:

INFO (ASSREXT-35321): *** Command L477 'createEmptyLayer' finished on processor #1

INFO (ASSREXT-35323): tasks left are 52 

createEmptyLayer metal9_conn 
INFO (ASSREXT-35316): ****** For command L478 on processor #1:

INFO (ASSREXT-35321): *** Command L478 'createEmptyLayer' finished on processor #1

INFO (ASSREXT-35323): tasks left are 51 

createEmptyLayer metal8_conn 
INFO (ASSREXT-35316): ****** For command L479 on processor #1:

INFO (ASSREXT-35321): *** Command L479 'createEmptyLayer' finished on processor #1

INFO (ASSREXT-35323): tasks left are 50 

createEmptyLayer metal7_conn 
INFO (ASSREXT-35316): ****** For command L480 on processor #1:

INFO (ASSREXT-35321): *** Command L480 'createEmptyLayer' finished on processor #1

INFO (ASSREXT-35323): tasks left are 49 

createEmptyLayer metal6_conn 
INFO (ASSREXT-35316): ****** For command L481 on processor #1:

INFO (ASSREXT-35321): *** Command L481 'createEmptyLayer' finished on processor #1

INFO (ASSREXT-35323): tasks left are 48 

createEmptyLayer metal5_conn 
INFO (ASSREXT-35316): ****** For command L482 on processor #1:

INFO (ASSREXT-35321): *** Command L482 'createEmptyLayer' finished on processor #1

INFO (ASSREXT-35323): tasks left are 47 

createEmptyLayer metal4_conn 
INFO (ASSREXT-35316): ****** For command L483 on processor #1:

INFO (ASSREXT-35321): *** Command L483 'createEmptyLayer' finished on processor #1

INFO (ASSREXT-35323): tasks left are 46 

geom _0nmos1v,_0pmos1v - qrcgate,1,i,1 
INFO (ASSREXT-35316): ****** For command L506 on processor #1:

INFO (ASSREXT-35321): *** Command L506 'geom' finished on processor #1

INFO (ASSREXT-35323): tasks left are 45 

geom -V -i p_rpoly_0conn,np_rpoly_0conn - so_poly_conn,1,n 
INFO (ASSREXT-35316): ****** For command L457 on processor #1:

  geom took  0.00 user, 0.00 sys, 0.00 elapsed, 3348.0 kbytes
 INFO (ASSREXT-35321): *** Command L457 'geom' finished on processor #1

INFO (ASSREXT-35323): tasks left are 44 

geom -V -i p_rmetal1_0conn,np_rmetal1_0conn - so_metal1_conn,1,n 
INFO (ASSREXT-35316): ****** For command L460 on processor #1:

  geom took  0.00 user, 0.00 sys, 0.00 elapsed, 3348.0 kbytes
 INFO (ASSREXT-35321): *** Command L460 'geom' finished on processor #1

INFO (ASSREXT-35323): tasks left are 43 

geom -V -i p_rmetal2_0conn,np_rmetal2_0conn - so_metal2_conn,1,n 
INFO (ASSREXT-35316): ****** For command L463 on processor #1:

  geom took  0.00 user, 0.00 sys, 0.00 elapsed, 3348.0 kbytes
 INFO (ASSREXT-35321): *** Command L463 'geom' finished on processor #1

INFO (ASSREXT-35323): tasks left are 42 

geom -V -i p_rmetal3_0conn,np_rmetal3_0conn - so_metal3_conn,1,n 
INFO (ASSREXT-35316): ****** For command L466 on processor #1:

  geom took  0.00 user, 0.00 sys, 0.00 elapsed, 3348.0 kbytes
 INFO (ASSREXT-35321): *** Command L466 'geom' finished on processor #1

INFO (ASSREXT-35323): tasks left are 41 

changeTransFileNameAP _0nmos1v.trans _0nmos1v.transr 
INFO (ASSREXT-35316): ****** For command L448 on processor #1:

INFO (ASSREXT-35321): *** Command L448 'changeTransFileNameAP' finished on processor #1

INFO (ASSREXT-35323): tasks left are 40 

changeTransFileNameAP _0pmos1v.trans _0pmos1v.transr 
INFO (ASSREXT-35316): ****** For command L449 on processor #1:

INFO (ASSREXT-35321): *** Command L449 'changeTransFileNameAP' finished on processor #1

INFO (ASSREXT-35323): tasks left are 39 

netprint -max NET 
INFO (ASSREXT-35316): ****** For command L450 on processor #1:

INFO (ASSREXT-35321): *** Command L450 'netprint' finished on processor #1

INFO (ASSREXT-35323): tasks left are 38 

emerge -V _0nmos1v _0pmos1v allGate 
INFO (ASSREXT-35316): ****** For command L679 on processor #1:

  emerge took 0.00 user, 0.00 sys, 0.00 elapsed, 2388.0 kbytes
 INFO (ASSREXT-35321): *** Command L679 'emerge' finished on processor #1

INFO (ASSREXT-35323): tasks left are 37 

INFO (ASSREXT-35307): tasks left are 36

geom -V psubstrate g_nwell_0conn - psubstrate,10,i,1 
INFO (ASSREXT-35316): ****** For command L493 on processor #1:

  geom took  0.01 user, 0.00 sys, 0.00 elapsed, 3456.0 kbytes
 INFO (ASSREXT-35321): *** Command L493 'geom' finished on processor #1

INFO (ASSREXT-35323): tasks left are 35 

xytoebbox -V -g 46.802 -e metal11_conn,metal10_conn,metal9_conn,metal8_conn,metal7_conn,metal6_conn,metal5_conn,metal4_conn,metal3_conn,metal2_conn,metal1_conn,poly_conn,Oxide,nwell_0conn,psubstrate xg_FOX 
INFO (ASSREXT-35316): ****** For command L495 on processor #1:

INFO (ASSREXT-35321): *** Command L495 'xytoebbox' finished on processor #1

INFO (ASSREXT-35323): tasks left are 34 

geom -V nwell_0conn,psubstrate - FOX,1,i,1 
INFO (ASSREXT-35316): ****** For command L494 on processor #1:

  geom took  0.00 user, 0.01 sys, 0.00 elapsed, 3456.0 kbytes
 INFO (ASSREXT-35321): *** Command L494 'geom' finished on processor #1

INFO (ASSREXT-35323): tasks left are 33 

grow -V 0.001 FOX g_FOX 
INFO (ASSREXT-35316): ****** For command L496 on processor #1:

  grow took  0.00 user, 0.00 sys, 0.00 elapsed, 2704.0 kbytes
 INFO (ASSREXT-35321): *** Command L496 'grow' finished on processor #1

INFO (ASSREXT-35323): tasks left are 32 

geom -V xg_FOX g_FOX - tmp_FOX,10 
INFO (ASSREXT-35316): ****** For command L497 on processor #1:

  geom took  0.00 user, 0.01 sys, 0.00 elapsed, 3452.0 kbytes
 INFO (ASSREXT-35321): *** Command L497 'geom' finished on processor #1

INFO (ASSREXT-35323): tasks left are 31 

epick -V -reo -D 4 tmp_FOX pick_FOX 
INFO (ASSREXT-35316): ****** For command L498 on processor #1:

  epick took  0.00 user, 0.00 sys, 0.00 elapsed, 2456.0 kbytes
 INFO (ASSREXT-35321): *** Command L498 'epick' finished on processor #1

INFO (ASSREXT-35323): tasks left are 30 

grow -V -m 0.002 pick_FOX g_pick_FOX 
INFO (ASSREXT-35316): ****** For command L499 on processor #1:

  grow took  0.00 user, 0.00 sys, 0.00 elapsed, 2700.0 kbytes
   geom took  0.00 user, 0.00 sys, 0.00 elapsed, 3452.0 kbytes
 INFO (ASSREXT-35321): *** Command L499 'grow' finished on processor #1

INFO (ASSREXT-35323): tasks left are 29 

stamp -i FOX g_pick_FOX 
INFO (ASSREXT-35316): ****** For command L500 on processor #1:

INFO (ASSREXT-35321): *** Command L500 'stamp' finished on processor #1

INFO (ASSREXT-35323): tasks left are 28 

grow -V -m -0.002 g_pick_FOX pick_FOX 
INFO (ASSREXT-35316): ****** For command L501 on processor #1:

  grow took  0.00 user, 0.01 sys, 0.00 elapsed, 2948.0 kbytes
   sort edges took  0.00 user, 0.00 sys, 0.00 elapsed, 3044.0 kbytes
   geom took  0.00 user, 0.01 sys, 0.00 elapsed, 3456.0 kbytes
 INFO (ASSREXT-35321): *** Command L501 'grow' finished on processor #1

INFO (ASSREXT-35323): tasks left are 27 

emerge -V pick_FOX FOX tmp1_FOX 
INFO (ASSREXT-35316): ****** For command L502 on processor #1:

  emerge took 0.00 user, 0.01 sys, 0.00 elapsed, 2384.0 kbytes
 INFO (ASSREXT-35321): *** Command L502 'emerge' finished on processor #1

INFO (ASSREXT-35323): tasks left are 26 

geom -V tmp1_FOX - FOX,1,i,1 
INFO (ASSREXT-35316): ****** For command L503 on processor #1:

  geom took  0.00 user, 0.00 sys, 0.00 elapsed, 3452.0 kbytes
 INFO (ASSREXT-35321): *** Command L503 'geom' finished on processor #1

INFO (ASSREXT-35323): tasks left are 25 

geom -V FOX Oxide - FOX,10,i,1 
INFO (ASSREXT-35316): ****** For command L505 on processor #1:

  geom took  0.00 user, 0.01 sys, 0.00 elapsed, 3456.0 kbytes
 INFO (ASSREXT-35321): *** Command L505 'geom' finished on processor #1

INFO (ASSREXT-35323): tasks left are 24 

INFO (ASSREXT-35307): tasks left are 23

INFO (ASSREXT-35307): tasks left are 22

Capacitance data preparation stage took  2.77 user, 2.25 sys, 11.00 elapsed, 4900.0 kbytes
INFO (ASSREXT-35334): Capacitance data preparation stage completed successfully at Thu Nov  7 22:12:09 2024

INFO (ASSREXT-35335): pax16 started at Thu Nov  7 22:12:09 2024

pax16 -V -lee_off -gnd 4 -ignore_cf_table -scf sip.cmd -rcxlvs rcxtolvsmapfile -M_perim_off -c /home/viterbi/01/ee577/CDS_GPDK45/gpdk045_v_5_0/qrc/typical/qrcTechFile -f FOX Oxide poly_conn:poly_conn_cut metal1_conn:metal1_conn_cut metal2_conn:metal2_conn_cut metal3_conn:metal3_conn_cut metal4_conn metal5_conn metal6_conn metal7_conn metal8_conn metal9_conn metal10_conn metal11_conn allGate - /home/viterbi/01/ee577/CDS_GPDK45/gpdk045_v_5_0/qrc/typical/qrcTechFile - - NET - capfile 
INFO (ASSREXT-35315): ****** For command L685:

  pax16 took  0.43 user, 0.83 sys, 3.00 elapsed, 96000.0 kbytes
 INFO (ASSREXT-35320): *** Command L685 'pax16' finished

C stage took 0.46 user, 0.88 sys, 4.00 elapsed, 4900.0 kbytes
INFO (ASSREXT-35336): pax16 completed successfully at Thu Nov  7 22:12:13 2024

INFO (ASSREXT-35337): Output stage started at Thu Nov  7 22:12:13 2024

INFO (ASSREXT-35323): tasks left are 21 

xreduce -V -mergecap -n NET -tech /home/viterbi/01/ee577/CDS_GPDK45/gpdk045_v_5_0/qrc/typical -d1 -e metal11_conn,metal10_conn,metal9_conn,metal8_conn,metal7_conn,metal6_conn,metal5_conn,metal4_conn,metal3_conn,metal2_conn,metal1_conn,poly_conn,Oxide,FOX,np_rndiff_0conn,np_rpdiff_0conn,np_rnwell_0conn,np_rpsubstrate,rVia1,rVia2,rcont_0poly -sr -g 4,1.0 -danglingR -minR 0.001 -rPvia rVia2.res,rVia1.res,rcont_0poly.res,rcont_0pdiff_metal1_0conn_pdiff_0conn.res,rcont_0ndiff_metal1_0conn_ndiff_0conn.res -rP np_rpoly_0conn.res,np_rmetal1_0conn.res,np_rmetal2_0conn.res,np_rmetal3_0conn.res,mwires.res -minC 1e-17 -minCper 0.1 -cap capfile L1T0 _0nmos1v.transr _0pmos1v.transr 
INFO (ASSREXT-35315): ****** For command L704:

  INFO (XREDUCE-199107): Total number of resistors is 228
   
   INFO (XREDUCE-199108): d1 option renamed 0 nets
   
   INFO (XREDUCE-199109): minR option removed 1 resistors (0%)
   
   INFO (XREDUCE-199054): Total number of capacitors in capfile is 1470
   
   INFO (XREDUCE-199052): mergecap required for 8 (2%) of 442 nets
   
   INFO (XREDUCE-199113): danglingR option removed 2 resistors
   
   INFO (XREDUCE-199065): minC small capacitor decoupling set to 0.1%
   
   INFO (XREDUCE-199066): minC option decoupled 327 capacitors in capfile
   
   INFO (XREDUCE-199067): the number of capacitors decreased by 281 (19%)
   
   INFO (XREDUCE-199107): Total number of resistors is 187
   
   INFO (XREDUCE-199108): d1 option renamed 10 nets
   
   INFO (XREDUCE-199054): Total number of capacitors in capfile is 1168
   
   xreduce took 0.46 user, 1.48 sys, 7.00 elapsed, 10944.0 kbytes
 INFO (ASSREXT-35320): *** Command L704 'xreduce' finished

INFO (ASSREXT-35323): tasks left are 20 

advgen -V -g0 -li -f -n -o HSPICE -TL L1T0 -dxref /home/viterbi/01/tongjia/work_gpdk045/quantus_run_dir/ph1p3_DFF/ph1p3_DFF.gdx -nxref /home/viterbi/01/tongjia/work_gpdk045/quantus_run_dir/ph1p3_DFF/ph1p3_DFF.gnx -addprefix -sc caps2dversion -mx capfile metal11_conn,metal10_conn,metal9_conn,metal8_conn,metal7_conn,metal6_conn,metal5_conn,metal4_conn,metal3_conn,metal2_conn,metal1_conn,poly_conn,Oxide,FOX -rPmw res.mod np_rmetal3_0conn.res,Rnp_rmetal3_0conn.dev2 np_rmetal2_0conn.res,Rnp_rmetal2_0conn.dev2 np_rmetal1_0conn.res,Rnp_rmetal1_0conn.dev2 np_rpoly_0conn.res,Rnp_rpoly_0conn.dev2 rVia2.res,RrVia2.dev2 rVia1.res,RrVia1.dev2 rcont_0poly.res,Rrcont_0poly.dev2 rcont_0pdiff_metal1_0conn_pdiff_0conn.res,Rrcont_0pdiff_metal1_0conn_pdiff_0conn.dev2 rcont_0ndiff_metal1_0conn_ndiff_0conn.res,Rrcont_0ndiff_metal1_0conn_ndiff_0conn.dev2 -rPmw mwires.mod mwires.res,mwires.dev2 -ta lvsmos.mod,_0nmos1v.net _0nmos1v.transr -ta lvsmos.mod,_0pmos1v.net _0pmos1v.transr - NET - /home/viterbi/01/tongjia/work_gpdk045/quantus_run_dir/ph1p3_DFF/extview.tmp 
INFO (ASSREXT-35315): ****** For command L718:

  advgen took:  1.07 user, 1.18 sys, 5.00 elapsed, 14132.0 kbytes
 INFO (ASSREXT-35320): *** Command L718 'advgen' finished

INFO (ASSREXT-35323): tasks left are 19 

geom metal1_conn np_rmetal1_0conn - np_rmetal1_0conn,11,i,1 
INFO (ASSREXT-35316): ****** For command L741 on processor #1:

INFO (ASSREXT-35321): *** Command L741 'geom' finished on processor #1

INFO (ASSREXT-35323): tasks left are 18 

ereduce rcont_0ndiff_metal1_0conn_ndiff_0conn rcont_0ndiff_metal1_0conn_ndiff_0conn.reduce 
INFO (ASSREXT-35316): ****** For command L746 on processor #1:

INFO (ASSREXT-35321): *** Command L746 'ereduce' finished on processor #1

INFO (ASSREXT-35323): tasks left are 17 

ereduce rcont_0pdiff_metal1_0conn_pdiff_0conn rcont_0pdiff_metal1_0conn_pdiff_0conn.reduce 
INFO (ASSREXT-35316): ****** For command L751 on processor #1:

INFO (ASSREXT-35321): *** Command L751 'ereduce' finished on processor #1

INFO (ASSREXT-35323): tasks left are 16 

stamp -i np_rmetal1_0conn rcont_0ndiff_metal1_0conn_ndiff_0conn.reduce 
INFO (ASSREXT-35316): ****** For command L747 on processor #1:

INFO (ASSREXT-35321): *** Command L747 'stamp' finished on processor #1

INFO (ASSREXT-35323): tasks left are 15 

stamp -i np_rmetal1_0conn rcont_0pdiff_metal1_0conn_pdiff_0conn.reduce 
INFO (ASSREXT-35316): ****** For command L752 on processor #1:

INFO (ASSREXT-35321): *** Command L752 'stamp' finished on processor #1

INFO (ASSREXT-35323): tasks left are 14 

geom metal3_conn np_rmetal3_0conn - np_rmetal3_0conn,11,i,1 
INFO (ASSREXT-35316): ****** For command L739 on processor #1:

INFO (ASSREXT-35321): *** Command L739 'geom' finished on processor #1

INFO (ASSREXT-35323): tasks left are 13 

geom metal2_conn np_rmetal2_0conn - np_rmetal2_0conn,11,i,1 
INFO (ASSREXT-35316): ****** For command L740 on processor #1:

INFO (ASSREXT-35321): *** Command L740 'geom' finished on processor #1

INFO (ASSREXT-35323): tasks left are 12 

stamp -i rcont_0ndiff_metal1_0conn_ndiff_0conn.reduce rcont_0ndiff_metal1_0conn_ndiff_0conn 
INFO (ASSREXT-35316): ****** For command L748 on processor #1:

INFO (ASSREXT-35321): *** Command L748 'stamp' finished on processor #1

INFO (ASSREXT-35323): tasks left are 11 

stamp -i rcont_0pdiff_metal1_0conn_pdiff_0conn.reduce rcont_0pdiff_metal1_0conn_pdiff_0conn 
INFO (ASSREXT-35316): ****** For command L753 on processor #1:

INFO (ASSREXT-35321): *** Command L753 'stamp' finished on processor #1

INFO (ASSREXT-35323): tasks left are 10 

stamp -i2 np_rmetal1_0conn rcont_0poly np_rcont_0poly 
INFO (ASSREXT-35316): ****** For command L745 on processor #1:

INFO (ASSREXT-35321): *** Command L745 'stamp' finished on processor #1

INFO (ASSREXT-35323): tasks left are 9 

stamp -i2 np_rmetal3_0conn rVia2 np_rVia2 
INFO (ASSREXT-35316): ****** For command L744 on processor #1:

INFO (ASSREXT-35321): *** Command L744 'stamp' finished on processor #1

INFO (ASSREXT-35323): tasks left are 8 

stamp -i2 np_rmetal2_0conn rVia1 np_rVia1 
INFO (ASSREXT-35316): ****** For command L743 on processor #1:

INFO (ASSREXT-35321): *** Command L743 'stamp' finished on processor #1

INFO (ASSREXT-35323): tasks left are 7 

geom poly_conn np_rpoly_0conn - np_rpoly_0conn,11,i,1 
INFO (ASSREXT-35316): ****** For command L742 on processor #1:

INFO (ASSREXT-35321): *** Command L742 'geom' finished on processor #1

INFO (ASSREXT-35323): tasks left are 6 

stamp -i rcont_0ndiff_metal1_0conn_ndiff_0conn cont_0ndiff_metal1_0conn_ndiff_0conn 
INFO (ASSREXT-35316): ****** For command L749 on processor #1:

INFO (ASSREXT-35321): *** Command L749 'stamp' finished on processor #1

INFO (ASSREXT-35323): tasks left are 5 

stamp -i rcont_0pdiff_metal1_0conn_pdiff_0conn cont_0pdiff_metal1_0conn_pdiff_0conn 
INFO (ASSREXT-35316): ****** For command L754 on processor #1:

INFO (ASSREXT-35321): *** Command L754 'stamp' finished on processor #1

INFO (ASSREXT-35323): tasks left are 4 

INFO (ASSREXT-35307): tasks left are 3

INFO (ASSREXT-35307): tasks left are 2

INFO (ASSREXT-35307): tasks left are 1

INFO (ASSREXT-35307): tasks left are 0

Output stage took  5.06 user, 5.03 sys, 22.00 elapsed, 4908.0 kbytes
INFO (ASSREXT-35338): Output stage completed successfully at Thu Nov  7 22:12:35 2024

assura_rcx took:  0.00 user, 0.00 sys, 0.00 elapsed, 4908.0 kbytes
INFO (LBRCXM-610): Extraction finished.

INFO (LBRCXU-108): Starting

 /usr/local/cadence/ICADVM201/bin/qrcToDfII -extract both -run_name ph1p3_DFF -cdlout_run_dir /home/viterbi/01/tongjia/work_gpdk045/LVS -check_cell_view TRUE -device_finger_delimiter @ -extracted_view av_extracted -lvs_source agds -cap_models no -capacitor pcapacitor -res_models no -resistor presistor -cap_prop_name c -res_prop_name r -transfer_net_expression TRUE -extview_tmp /home/viterbi/01/tongjia/work_gpdk045/quantus_run_dir/ph1p3_DFF/extview.tmp -run_dir /home/viterbi/01/tongjia/work_gpdk045/quantus_run_dir/ph1p3_DFF -cdslib /home/viterbi/01/tongjia/work_gpdk045/cds.lib -lib_name project_demo -cell_name ph1p3_DFF -view_name layout -extview_rul /home/viterbi/01/ee577/CDS_GPDK45/gpdk045_v_5_0/qrc/typical/extview.rul -server /usr/local/cadence/QUANTUS221/tools.lnx86/extraction/bin/64bit/../shapeServer
Virtuoso Framework License (111) was checked out successfully. Total checkout time was 0.07s.
device        g45n1svt  M          _nmos1v          nmos1v  ivpcell     gpdk045  D G S B
Loading gpdk045/libInit.il ...
	Loading gpdk045/loadCxt.ile ... done!
	Loading context 'gpdk045' from library 'gpdk045' ... done!
	Loading context 'pdkUtils' from library 'gpdk045' ... done!
	Loading gpdk045/gpdk045_customFilter.il ... done!
	Loading gpdk045/libInitCustomExit.il ... 
	Loading Environment Settings ...
	Loading gpdk045/gpdk045_PDKRegistrations.il ... done!

  *************************************************************           
  *              Cadence Design Systems, Inc.                 *           
  *                                                           *           
  *                    Generic 45nm PDK                       *           
  *                        (gpdk045)                          *           
  *                                                           *           
  *************************************************************           
	

	VERSION: 5.0 (22-Feb-2016)

done!
Loaded gpdk045/libInit.il successfully!
device        g45n1hvt  M      _nmos1v_hvt      nmos1v_hvt  ivpcell     gpdk045  D G S B
device        g45n1lvt  M      _nmos1v_lvt      nmos1v_lvt  ivpcell     gpdk045  D G S B
device        g45n1nvt  M  _nmos_12_native      nmos1v_nat  ivpcell     gpdk045  D G S B
device        g45n2svt  M         _nmos_25          nmos2v  ivpcell     gpdk045  D G S B
device        g45n2nvt  M  _nmos_25_native      nmos2v_nat  ivpcell     gpdk045  D G S B
device        g45ncap1  M       _nmoscap1v       nmoscap1v  ivpcell     gpdk045  D G S B
device        g45ncap2  M       _nmoscap2v       nmoscap2v  ivpcell     gpdk045  D G S B
device        g45p1svt  M          _pmos1v          pmos1v  ivpcell     gpdk045  D G S B
device        g45p1hvt  M      _pmos1v_hvt      pmos1v_hvt  ivpcell     gpdk045  D G S B
device        g45p1lvt  M      _pmos1v_lvt      pmos1v_lvt  ivpcell     gpdk045  D G S B
device        g45p2svt  M          _pmos2v          pmos2v  ivpcell     gpdk045  D G S B
device        g45pcap1  M       _pmoscap1v       pmoscap1v  ivpcell     gpdk045  D G S B
device        g45pcap2  M       _pmoscap2v       pmoscap2v  ivpcell     gpdk045  D G S B
device          g45rm1  R           _resm1           resm1  ivpcell     gpdk045  PLUS MINUS
device          g45rm2  R           _resm2           resm2  ivpcell     gpdk045  PLUS MINUS
device          g45rm3  R           _resm3           resm3  ivpcell     gpdk045  PLUS MINUS
device          g45rm4  R           _resm4           resm4  ivpcell     gpdk045  PLUS MINUS
device          g45rm5  R           _resm5           resm5  ivpcell     gpdk045  PLUS MINUS
device          g45rm6  R           _resm6           resm6  ivpcell     gpdk045  PLUS MINUS
device          g45rm7  R           _resm7           resm7  ivpcell     gpdk045  PLUS MINUS
device          g45rm8  R           _resm8           resm8  ivpcell     gpdk045  PLUS MINUS
device          g45rm9  R           _resm9           resm9  ivpcell     gpdk045  PLUS MINUS
device         g45rm10  R          _resm10          resm10  ivpcell     gpdk045  PLUS MINUS
device         g45rm11  R          _resm11          resm11  ivpcell     gpdk045  PLUS MINUS
device         g45rsnd  R       _ressndiff       ressndiff  ivpcell     gpdk045  PLUS MINUS B
device        g45rnsnd  R      _resnsndiff      resnsndiff  ivpcell     gpdk045  PLUS MINUS B
device         g45rsnp  R       _ressnpoly       ressnpoly  ivpcell     gpdk045  PLUS MINUS B
device         g45rsnp  R    _ressnpoly_nw       ressnpoly  ivpcell     gpdk045  PLUS MINUS B
device        g45rnsnp  R      _resnsnpoly      resnsnpoly  ivpcell     gpdk045  PLUS MINUS B
device        g45rnsnp  R   _resnsnpoly_nw      resnsnpoly  ivpcell     gpdk045  PLUS MINUS B
device         g45rspd  R       _resspdiff       resspdiff  ivpcell     gpdk045  PLUS MINUS B
device        g45rnspd  R      _resnspdiff      resnspdiff  ivpcell     gpdk045  PLUS MINUS B
device         g45rspp  R       _ressppoly       ressppoly  ivpcell     gpdk045  PLUS MINUS B
device         g45rspp  R    _ressppoly_nw       ressppoly  ivpcell     gpdk045  PLUS MINUS B
device        g45rnspp  R      _resnsppoly      resnsppoly  ivpcell     gpdk045  PLUS MINUS B
device        g45rnspp  R   _resnsppoly_nw      resnsppoly  ivpcell     gpdk045  PLUS MINUS B
device         g45rnws  R        _resnwsti        resnwsti  ivpcell     gpdk045  PLUS MINUS B
device         g45rnwo  R      _resnwoxide      resnwoxide  ivpcell     gpdk045  PLUS MINUS B
device       g45nd1svt  D            _ndio            ndio  ivpcell     gpdk045  PLUS MINUS
device       g45nd1lvt  D        _ndio_lvt        ndio_lvt  ivpcell     gpdk045  PLUS MINUS
device       g45nd1hvt  D        _ndio_hvt        ndio_hvt  ivpcell     gpdk045  PLUS MINUS
device       g45nd1nvt  D        _ndio_nvt        ndio_nvt  ivpcell     gpdk045  PLUS MINUS
device       g45nd2svt  D         _ndio_2v         ndio_2v  ivpcell     gpdk045  PLUS MINUS
device       g45nd2nvt  D     _ndio_2v_nvt     ndio_2v_nvt  ivpcell     gpdk045  PLUS MINUS
device       g45pd1svt  D            _pdio            pdio  ivpcell     gpdk045  PLUS MINUS
device       g45pd1lvt  D        _pdio_lvt        pdio_lvt  ivpcell     gpdk045  PLUS MINUS
device       g45pd1hvt  D        _pdio_hvt        pdio_hvt  ivpcell     gpdk045  PLUS MINUS
device       g45pd2svt  D         _pdio_2v         pdio_2v  ivpcell     gpdk045  PLUS MINUS
device        g45vpnp2  Q           _vpnp2           vpnp2  ivpcell     gpdk045  C B E
device        g45vpnp5  Q           _vpnp5           vpnp5  ivpcell     gpdk045  C B E
device       g45vpnp10  Q          _vpnp10          vpnp10  ivpcell     gpdk045  C B E
device        g45vnpn2  Q            _npn2            npn2  ivpcell     gpdk045  C B E
device        g45vnpn5  Q            _npn5            npn5  ivpcell     gpdk045  C B E
device       g45vnpn10  Q           _npn10           npn10  ivpcell     gpdk045  C B E
device         g45cmim  C          _mimcap          mimcap  ivpcell     gpdk045  PLUS MINUS B
device         g45inda  X           _ind_a           ind_a  ivpcell     gpdk045  PLUS MINUS B
device         g45inds  X           _ind_s           ind_s  ivpcell     gpdk045  PLUS MINUS B
Failed to open ph1p3_DFF/av_extracted in library project_demo
*WARNING* (DB-270000): dbOpenCellViewByType: Unable to lock database file for project_demo/ph1p3_DFF/av_extracted.
ERROR (LBRCXM-577): Failed for /usr/local/cadence/ICADVM201/bin/qrcToDfII

ERROR (LBRCXM-584): Status 256

ERROR (LBRCXM-709): *****  Quantus terminated abnormally  *****


