[Simulation Monitor: 13]
[2024-12-06 22:21:50.713 -0800] [PROCESS] [cadence.virtuoso.ade.simulationMonitor] - Simulation Monitor has successfully started up. Trying to set up communication channels to other components ... {"hostname": "viterbi-scf2", "processid": 165013, "logfile": "/home/viterbi/01/tongjia/work_gpdk045/logs_tongjia/logs0/Job13.log"}
[2024-12-06 22:21:50.730 -0800] [PROCESS] [cadence.virtuoso.ade.simulationMonitor] - Communication channels have been successfully set up. Start processing events ... {"hostname": "viterbi-scf2", "processid": 165013, "logfile": "/home/viterbi/01/tongjia/work_gpdk045/logs_tongjia/logs0/Job13.log"}
[2024-12-06 22:21:50.740 -0800] [PROCESS] [cadence.virtuoso.ade.simulationMonitor] - Considering to start history {"hostname": "viterbi-scf2", "processid": 165013, "history": "ExplorerRun.0", "logfile": "/home/viterbi/01/tongjia/work_gpdk045/logs_tongjia/logs0/Job13.log"}
[2024-12-06 22:21:50.765 -0800] [PROCESS] [cadence.virtuoso.ade.simulationMonitor] - HostInfo:
Host name (type):	viterbi-scf2 (x86_64)
Operating system:	Linux 3.10.0-1160.119.1.el7.tuxcare.els10.x86_64 #1 SMP Fri Oct 11 21:40:41 UTC 2024 {"hostname": "viterbi-scf2", "processid": 165013, "history": "ExplorerRun.0", "logfile": "/home/viterbi/01/tongjia/work_gpdk045/logs_tongjia/logs0/Job13.log", "nodename": "viterbi-scf2", "domainname": "viterbi", "machine": "x86_64", "sysname": "Linux", "release": "3.10.0-1160.119.1.el7.tuxcare.els10.x86_64", "version": "#1 SMP Fri Oct 11 21:40:41 UTC 2024"}
[2024-12-06 22:21:50.766 -0800] [PROCESS] [cadence.virtuoso.ade.simulationMonitor] - UsageInfo:
pid=165013
totalPhysicalMemory=1007.132401GB,Used=424.279671GB,totalVirtualMemory=1007.132401GB,Used=424.279671GB
Cpu: Cores=112, Load average:34.500000,28.420000,30.340000 {"hostname": "viterbi-scf2", "processid": 165013, "history": "ExplorerRun.0", "logfile": "/home/viterbi/01/tongjia/work_gpdk045/logs_tongjia/logs0/Job13.log", "pid": "165013", "totalPhysicalMemory": "1007.132401", "physicalMemoryUsed": "424.279671", "totalVirtualMemory": "1007.132401", "virtualMemoryUsed": "424.279671", "cpuCores": "112", "processes": "9478", "loadAverage1": "34.500000", "loadAverage5": "28.420000", "loadAverage15": "30.340000", "loadAverage1Percent": "0.308036"}
[2024-12-06 22:21:50.772 -0800] [EVENT] [cadence.virtuoso.ade.simulationMonitor] - NewPoint {"history": "ExplorerRun.0", "point": 1, "testname": "project_demo_ph2p3_Matrix_vector_Multiplication_tb_1", "cornername": "Nominal", "event": "NewPoint", "EventSource": "Simulation Monitor", "HistoryName": "ExplorerRun.0", "logFile": "/home/viterbi/01/tongjia/work_gpdk045/logs_tongjia/logs0/Job13.log", "logFileSize": "2276"}
[2024-12-06 22:21:51.078 -0800] [EVENT] [cadence.virtuoso.ade.simulationMonitor] - NewPoint {"history": "ExplorerRun.0", "point": 1, "testname": "project_demo_ph2p3_Matrix_vector_Multiplication_tb_1", "cornername": "Nominal", "event": "NewPoint", "EventSource": "spectre", "HistoryName": "ExplorerRun.0", "logFile": "/home/viterbi/01/tongjia/simulation/project_demo/ph2p3_Matrix_vector_Multiplication_tb/maestro/results/maestro/ExplorerRun.0/1/project_demo_ph2p3_Matrix_vector_Multiplication_tb_1/psf/spectre.out", "logFileSize": "-1"}
[2024-12-06 22:21:51.115 -0800] [PROCESS] [cadence.virtuoso.ade.simulationMonitor] - Simulator launched {"hostname": "viterbi-scf2", "processid": 165013, "history": "ExplorerRun.0", "testname": "project_demo_ph2p3_Matrix_vector_Multiplication_tb_1", "cornername": "Nominal", "point": 1, "logfile": "/home/viterbi/01/tongjia/work_gpdk045/logs_tongjia/logs0/Job13.log", "simid": "1"}
[2024-12-06 22:21:51.121 -0800] [PROCESS] [cadence.virtuoso.ade.simulationMonitor] - Expression evaluator launched {"hostname": "viterbi-scf2", "processid": 165013, "history": "ExplorerRun.0", "testname": "project_demo_ph2p3_Matrix_vector_Multiplication_tb_1", "cornername": "Nominal", "point": 1, "logfile": "/home/viterbi/01/tongjia/work_gpdk045/logs_tongjia/logs0/Job13.log"}
[2024-12-06 22:21:52.206 -0800] [PROCESS] [cadence.virtuoso.ade.simulationMonitor] - Started Simulation {"hostname": "viterbi-scf2", "processid": 165013, "history": "ExplorerRun.0", "testname": "project_demo_ph2p3_Matrix_vector_Multiplication_tb_1", "cornername": "Nominal", "point": 1, "logfile": "/home/viterbi/01/tongjia/work_gpdk045/logs_tongjia/logs0/Job13.log", "event": "started", "task": "simulation"}
[2024-12-06 22:21:52.208 -0800] [INFO] [cadence.virtuoso.ade.simulationMonitor] - Notice from spectre during Digital Vector read-in.
    Process Vector Files.
    File read: /home/viterbi/01/tongjia/work_gpdk045/vector_files/ph2p3.vec {"history": "ExplorerRun.0", "point": 1, "testname": "project_demo_ph2p3_Matrix_vector_Multiplication_tb_1", "cornername": "Nominal"}
[2024-12-06 22:21:56.213 -0800] [INFO] [cadence.virtuoso.ade.simulationMonitor] - Peak resident memory used = 165 Mbytes. {"history": "ExplorerRun.0", "point": 1, "testname": "project_demo_ph2p3_Matrix_vector_Multiplication_tb_1", "cornername": "Nominal"}
[2024-12-06 22:22:36.245 -0800] [INFO] [cadence.virtuoso.ade.simulationMonitor] - Peak resident memory used = 426 Mbytes. {"history": "ExplorerRun.0", "point": 1, "testname": "project_demo_ph2p3_Matrix_vector_Multiplication_tb_1", "cornername": "Nominal"}
[2024-12-06 22:22:45.259 -0800] [INFO] [cadence.virtuoso.ade.simulationMonitor] - Peak resident memory used = 725 Mbytes. {"history": "ExplorerRun.0", "point": 1, "testname": "project_demo_ph2p3_Matrix_vector_Multiplication_tb_1", "cornername": "Nominal"}
[2024-12-06 22:23:31.318 -0800] [INFO] [cadence.virtuoso.ade.simulationMonitor] -               nodes 53270 {"history": "ExplorerRun.0", "point": 1, "testname": "project_demo_ph2p3_Matrix_vector_Multiplication_tb_1", "cornername": "Nominal"}
[2024-12-06 22:23:31.319 -0800] [INFO] [cadence.virtuoso.ade.simulationMonitor] - Notice from spectre during initial setup.
    APS Enabled. {"history": "ExplorerRun.0", "point": 1, "testname": "project_demo_ph2p3_Matrix_vector_Multiplication_tb_1", "cornername": "Nominal"}
[2024-12-06 22:23:31.824 -0800] [INFO] [cadence.virtuoso.ade.simulationMonitor] -     Multithreading Enabled: 8 threads in the system with 112 available processors. {"history": "ExplorerRun.0", "point": 1, "testname": "project_demo_ph2p3_Matrix_vector_Multiplication_tb_1", "cornername": "Nominal"}
[2024-12-06 22:23:31.825 -0800] [INFO] [cadence.virtuoso.ade.simulationMonitor] - Peak resident memory used = 861 Mbytes. {"history": "ExplorerRun.0", "point": 1, "testname": "project_demo_ph2p3_Matrix_vector_Multiplication_tb_1", "cornername": "Nominal"}
[2024-12-06 22:23:31.826 -0800] [WARN] [cadence.virtuoso.ade.simulationMonitor] -     WARNING (SPECTRE-16707): Only tran supports psfxl format, result of other analyses will be in psfbin format. {"history": "ExplorerRun.0", "point": 1, "testname": "project_demo_ph2p3_Matrix_vector_Multiplication_tb_1", "cornername": "Nominal"}
[2024-12-06 22:24:50.927 -0800] [INFO] [cadence.virtuoso.ade.simulationMonitor] - Notice from spectre during IC analysis, during transient analysis `tran'.
    GminDC = 1 pS is large enough to noticeably affect the DC solution.
        dV(I0.2\:I22|I0|I0|I8|I1|net3) = -16.2006 mV
        Use the `gmin_check' option to eliminate or expand this report.
    Bad pivoting is found during DC analysis. Option dc_pivot_check=yes is recommended for possible improvement of convergence. {"history": "ExplorerRun.0", "point": 1, "testname": "project_demo_ph2p3_Matrix_vector_Multiplication_tb_1", "cornername": "Nominal"}
[2024-12-06 22:34:50.795 -0800] [INFO] [cadence.virtuoso.ade.simulationMonitor] - Notice from spectre at time = 29.6281 ns during transient analysis `tran'.
    Found trapezoidal ringing on node I0.I22|I0|I1|I0|I1|I1|I0|I21|PM3.n1. {"history": "ExplorerRun.0", "point": 1, "testname": "project_demo_ph2p3_Matrix_vector_Multiplication_tb_1", "cornername": "Nominal"}
[2024-12-06 22:34:51.296 -0800] [INFO] [cadence.virtuoso.ade.simulationMonitor] - Notice from spectre at time = 30.4281 ns during transient analysis `tran'.
    Found trapezoidal ringing on node I0.I22|I0|I1|I0|I1|I1|I0|I21|PM3.n1. {"history": "ExplorerRun.0", "point": 1, "testname": "project_demo_ph2p3_Matrix_vector_Multiplication_tb_1", "cornername": "Nominal"}
[2024-12-06 22:34:51.297 -0800] [INFO] [cadence.virtuoso.ade.simulationMonitor] - Notice from spectre at time = 31.2281 ns during transient analysis `tran'.
    Found trapezoidal ringing on node I0.I22|I0|I1|I0|I1|I1|I0|I21|PM3.n1. {"history": "ExplorerRun.0", "point": 1, "testname": "project_demo_ph2p3_Matrix_vector_Multiplication_tb_1", "cornername": "Nominal"}
[2024-12-06 22:34:51.299 -0800] [INFO] [cadence.virtuoso.ade.simulationMonitor] - Notice from spectre at time = 32.0281 ns during transient analysis `tran'.
    Found trapezoidal ringing on node I0.I22|I0|I1|I0|I1|I1|I0|I21|PM3.n1. {"history": "ExplorerRun.0", "point": 1, "testname": "project_demo_ph2p3_Matrix_vector_Multiplication_tb_1", "cornername": "Nominal"}
[2024-12-06 22:34:51.802 -0800] [INFO] [cadence.virtuoso.ade.simulationMonitor] - Notice from spectre at time = 32.8281 ns during transient analysis `tran'.
    Found trapezoidal ringing on node I0.I22|I0|I1|I0|I1|I1|I0|I21|PM3.n1.
        Further occurrences of this notice will be suppressed. {"history": "ExplorerRun.0", "point": 1, "testname": "project_demo_ph2p3_Matrix_vector_Multiplication_tb_1", "cornername": "Nominal"}
[2024-12-06 22:34:53.305 -0800] [INFO] [cadence.virtuoso.ade.simulationMonitor] - Notice from spectre during transient analysis `tran'.
    Trapezoidal ringing is detected during tran analysis.
        Please use method=trap for better results and performance. {"history": "ExplorerRun.0", "point": 1, "testname": "project_demo_ph2p3_Matrix_vector_Multiplication_tb_1", "cornername": "Nominal"}
[2024-12-06 22:35:00.310 -0800] [INFO] [cadence.virtuoso.ade.simulationMonitor] - Total time required for tran analysis `tran': CPU = 2.44855 ks (40m  48.6s), elapsed = 681.5 s (11m  21.5s). {"history": "ExplorerRun.0", "point": 1, "testname": "project_demo_ph2p3_Matrix_vector_Multiplication_tb_1", "cornername": "Nominal"}
[2024-12-06 22:35:00.311 -0800] [INFO] [cadence.virtuoso.ade.simulationMonitor] - Peak resident memory used = 1.74 Gbytes. {"history": "ExplorerRun.0", "point": 1, "testname": "project_demo_ph2p3_Matrix_vector_Multiplication_tb_1", "cornername": "Nominal"}
[2024-12-06 22:35:00.313 -0800] [INFO] [cadence.virtuoso.ade.simulationMonitor] - Notice from spectre.
    9 notices suppressed. {"history": "ExplorerRun.0", "point": 1, "testname": "project_demo_ph2p3_Matrix_vector_Multiplication_tb_1", "cornername": "Nominal"}
[2024-12-06 22:35:55.846 -0800] [INFO] [cadence.virtuoso.ade.simulationMonitor] - Time used: CPU = 2.57 ks (42m  52.5s), elapsed = 844 s (14m  4.4s), util. = 305%. {"history": "ExplorerRun.0", "point": 1, "testname": "project_demo_ph2p3_Matrix_vector_Multiplication_tb_1", "cornername": "Nominal"}
[2024-12-06 22:35:55.848 -0800] [INFO] [cadence.virtuoso.ade.simulationMonitor] - Time spent in licensing: elapsed = 61.1 ms. {"history": "ExplorerRun.0", "point": 1, "testname": "project_demo_ph2p3_Matrix_vector_Multiplication_tb_1", "cornername": "Nominal"}
[2024-12-06 22:35:55.852 -0800] [INFO] [cadence.virtuoso.ade.simulationMonitor] - Peak memory used = 1.85 Gbytes. {"history": "ExplorerRun.0", "point": 1, "testname": "project_demo_ph2p3_Matrix_vector_Multiplication_tb_1", "cornername": "Nominal"}
[2024-12-06 22:35:55.856 -0800] [PROCESS] [cadence.virtuoso.ade.simulationMonitor] - Simulation started at: 10:21:51 PM, Fri Dec 6, 2024, ended at: 10:35:55 PM, Fri Dec 6, 2024, with elapsed time (wall clock): 844 s (14m  4.4s). {"history": "ExplorerRun.0", "point": 1, "testname": "project_demo_ph2p3_Matrix_vector_Multiplication_tb_1", "cornername": "Nominal"}
[2024-12-06 22:35:55.858 -0800] [PROCESS] [cadence.virtuoso.ade.simulationMonitor] - spectre completes with 0 errors, 1 warning, and 13 notices. {"history": "ExplorerRun.0", "point": 1, "testname": "project_demo_ph2p3_Matrix_vector_Multiplication_tb_1", "cornername": "Nominal"}
[2024-12-06 22:35:56.362 -0800] [PROCESS] [cadence.virtuoso.ade.simulationMonitor] - Finished simulating for one point {"hostname": "viterbi-scf2", "processid": 165013, "history": "ExplorerRun.0", "testname": "project_demo_ph2p3_Matrix_vector_Multiplication_tb_1", "cornername": "Nominal", "point": 1, "logfile": "/home/viterbi/01/tongjia/work_gpdk045/logs_tongjia/logs0/Job13.log", "simid": "1"}
[2024-12-06 22:35:56.364 -0800] [PROCESS] [cadence.virtuoso.ade.simulationMonitor] - Simulator exited {"hostname": "viterbi-scf2", "processid": 165013, "history": "ExplorerRun.0", "testname": "project_demo_ph2p3_Matrix_vector_Multiplication_tb_1", "cornername": "Nominal", "point": 1, "logfile": "/home/viterbi/01/tongjia/work_gpdk045/logs_tongjia/logs0/Job13.log", "exitStatus": "0"}
[2024-12-06 22:35:56.365 -0800] [PROCESS] [cadence.virtuoso.ade.simulationMonitor] - Finished Simulation {"hostname": "viterbi-scf2", "processid": 165013, "history": "ExplorerRun.0", "testname": "project_demo_ph2p3_Matrix_vector_Multiplication_tb_1", "cornername": "Nominal", "point": 1, "logfile": "/home/viterbi/01/tongjia/work_gpdk045/logs_tongjia/logs0/Job13.log", "simid": "1"}
[2024-12-06 22:35:56.383 -0800] [PROCESS] [cadence.virtuoso.ade.simulationMonitor] - Expression evaluator launched {"hostname": "viterbi-scf2", "processid": 165013, "history": "ExplorerRun.0", "testname": "project_demo_ph2p3_Matrix_vector_Multiplication_tb_1", "cornername": "Nominal", "point": 1, "logfile": "/home/viterbi/01/tongjia/work_gpdk045/logs_tongjia/logs0/Job13.log"}
[2024-12-06 22:36:06.918 -0800] [PROCESS] [cadence.virtuoso.ade.simulationMonitor] - Point Finished {"hostname": "viterbi-scf2", "processid": 165013, "history": "ExplorerRun.0", "testname": "project_demo_ph2p3_Matrix_vector_Multiplication_tb_1", "cornername": "Nominal", "point": 1, "logfile": "/home/viterbi/01/tongjia/work_gpdk045/logs_tongjia/logs0/Job13.log"}
[2024-12-06 22:36:07.937 -0800] [PROCESS] [cadence.virtuoso.ade.simulationMonitor] - Stay with the runId '0', Linger time '300', currentRunSyn '1', currentTestSyn '2' {"hostname": "viterbi-scf2", "processid": 165013, "history": "ExplorerRun.0", "testname": "project_demo_ph2p3_Matrix_vector_Multiplication_tb_1", "cornername": "Nominal", "point": 1, "logfile": "/home/viterbi/01/tongjia/work_gpdk045/logs_tongjia/logs0/Job13.log"}
[2024-12-06 22:36:08.939 -0800] [PROCESS] [cadence.virtuoso.ade.simulationMonitor] - Stay with the runId '0', Linger time '300', currentRunSyn '1', currentTestSyn '2' {"hostname": "viterbi-scf2", "processid": 165013, "history": "ExplorerRun.0", "testname": "project_demo_ph2p3_Matrix_vector_Multiplication_tb_1", "cornername": "Nominal", "point": 1, "logfile": "/home/viterbi/01/tongjia/work_gpdk045/logs_tongjia/logs0/Job13.log"}
[2024-12-06 22:36:09.941 -0800] [PROCESS] [cadence.virtuoso.ade.simulationMonitor] - Stay with the runId '0', Linger time '300', currentRunSyn '1', currentTestSyn '2' {"hostname": "viterbi-scf2", "processid": 165013, "history": "ExplorerRun.0", "testname": "project_demo_ph2p3_Matrix_vector_Multiplication_tb_1", "cornername": "Nominal", "point": 1, "logfile": "/home/viterbi/01/tongjia/work_gpdk045/logs_tongjia/logs0/Job13.log"}
[2024-12-06 22:36:10.945 -0800] [PROCESS] [cadence.virtuoso.ade.simulationMonitor] - Stay with the runId '0', Linger time '300', currentRunSyn '1', currentTestSyn '2' {"hostname": "viterbi-scf2", "processid": 165013, "history": "ExplorerRun.0", "testname": "project_demo_ph2p3_Matrix_vector_Multiplication_tb_1", "cornername": "Nominal", "point": 1, "logfile": "/home/viterbi/01/tongjia/work_gpdk045/logs_tongjia/logs0/Job13.log"}
[2024-12-06 22:36:11.939 -0800] [PROCESS] [cadence.virtuoso.ade.simulationMonitor] - Stay with the runId '0', Linger time '300', currentRunSyn '1', currentTestSyn '2' {"hostname": "viterbi-scf2", "processid": 165013, "history": "ExplorerRun.0", "testname": "project_demo_ph2p3_Matrix_vector_Multiplication_tb_1", "cornername": "Nominal", "point": 1, "logfile": "/home/viterbi/01/tongjia/work_gpdk045/logs_tongjia/logs0/Job13.log"}
[2024-12-06 22:36:12.943 -0800] [PROCESS] [cadence.virtuoso.ade.simulationMonitor] - Stay with the runId '0', Linger time '300', currentRunSyn '1', currentTestSyn '2' {"hostname": "viterbi-scf2", "processid": 165013, "history": "ExplorerRun.0", "testname": "project_demo_ph2p3_Matrix_vector_Multiplication_tb_1", "cornername": "Nominal", "point": 1, "logfile": "/home/viterbi/01/tongjia/work_gpdk045/logs_tongjia/logs0/Job13.log"}
[2024-12-06 22:36:13.943 -0800] [PROCESS] [cadence.virtuoso.ade.simulationMonitor] - Stay with the runId '0', Linger time '300', currentRunSyn '1', currentTestSyn '2' {"hostname": "viterbi-scf2", "processid": 165013, "history": "ExplorerRun.0", "testname": "project_demo_ph2p3_Matrix_vector_Multiplication_tb_1", "cornername": "Nominal", "point": 1, "logfile": "/home/viterbi/01/tongjia/work_gpdk045/logs_tongjia/logs0/Job13.log"}
[2024-12-06 22:36:14.943 -0800] [PROCESS] [cadence.virtuoso.ade.simulationMonitor] - Stay with the runId '0', Linger time '300', currentRunSyn '1', currentTestSyn '2' {"hostname": "viterbi-scf2", "processid": 165013, "history": "ExplorerRun.0", "testname": "project_demo_ph2p3_Matrix_vector_Multiplication_tb_1", "cornername": "Nominal", "point": 1, "logfile": "/home/viterbi/01/tongjia/work_gpdk045/logs_tongjia/logs0/Job13.log"}
[2024-12-06 22:36:15.945 -0800] [PROCESS] [cadence.virtuoso.ade.simulationMonitor] - Stay with the runId '0', Linger time '300', currentRunSyn '1', currentTestSyn '2' {"hostname": "viterbi-scf2", "processid": 165013, "history": "ExplorerRun.0", "testname": "project_demo_ph2p3_Matrix_vector_Multiplication_tb_1", "cornername": "Nominal", "point": 1, "logfile": "/home/viterbi/01/tongjia/work_gpdk045/logs_tongjia/logs0/Job13.log"}
[2024-12-06 22:36:16.949 -0800] [PROCESS] [cadence.virtuoso.ade.simulationMonitor] - Stay with the runId '0', Linger time '300', currentRunSyn '1', currentTestSyn '2' {"hostname": "viterbi-scf2", "processid": 165013, "history": "ExplorerRun.0", "testname": "project_demo_ph2p3_Matrix_vector_Multiplication_tb_1", "cornername": "Nominal", "point": 1, "logfile": "/home/viterbi/01/tongjia/work_gpdk045/logs_tongjia/logs0/Job13.log"}
[2024-12-06 22:36:17.953 -0800] [PROCESS] [cadence.virtuoso.ade.simulationMonitor] - Stay with the runId '0', Linger time '300', currentRunSyn '1', currentTestSyn '2' {"hostname": "viterbi-scf2", "processid": 165013, "history": "ExplorerRun.0", "testname": "project_demo_ph2p3_Matrix_vector_Multiplication_tb_1", "cornername": "Nominal", "point": 1, "logfile": "/home/viterbi/01/tongjia/work_gpdk045/logs_tongjia/logs0/Job13.log"}
[2024-12-06 22:36:18.952 -0800] [PROCESS] [cadence.virtuoso.ade.simulationMonitor] - Stay with the runId '0', Linger time '300', currentRunSyn '1', currentTestSyn '2' {"hostname": "viterbi-scf2", "processid": 165013, "history": "ExplorerRun.0", "testname": "project_demo_ph2p3_Matrix_vector_Multiplication_tb_1", "cornername": "Nominal", "point": 1, "logfile": "/home/viterbi/01/tongjia/work_gpdk045/logs_tongjia/logs0/Job13.log"}
[2024-12-06 22:41:08.870 -0800] [PROCESS] [cadence.virtuoso.ade.simulationMonitor] - Current memory used: 32.4336 MBytes, peak memory used: 32.4336 MBytes {"hostname": "viterbi-scf2", "processid": 165013, "history": "ExplorerRun.0", "testname": "project_demo_ph2p3_Matrix_vector_Multiplication_tb_1", "cornername": "Nominal", "point": 1, "logfile": "/home/viterbi/01/tongjia/work_gpdk045/logs_tongjia/logs0/Job13.log"}
[2024-12-06 22:41:08.871 -0800] [PROCESS] [cadence.virtuoso.ade.simulationMonitor] - Simulation Monitor process exit. {"hostname": "viterbi-scf2", "processid": 165013, "history": "ExplorerRun.0", "testname": "project_demo_ph2p3_Matrix_vector_Multiplication_tb_1", "cornername": "Nominal", "point": 1, "logfile": "/home/viterbi/01/tongjia/work_gpdk045/logs_tongjia/logs0/Job13.log"}
