[Simulation Monitor: 19]
[2024-11-02 06:06:48.547 -0700] [PROCESS] [cadence.virtuoso.ade.simulationMonitor] - Simulation Monitor has successfully started up. Trying to set up communication channels to other components ... {"hostname": "viterbi-scf2", "processid": 59197, "logfile": "/home/viterbi/01/tongjia/work_gpdk045/logs_tongjia/logs0/Job19.log"}
[2024-11-02 06:06:48.550 -0700] [PROCESS] [cadence.virtuoso.ade.simulationMonitor] - Communication channels have been successfully set up. Start processing events ... {"hostname": "viterbi-scf2", "processid": 59197, "logfile": "/home/viterbi/01/tongjia/work_gpdk045/logs_tongjia/logs0/Job19.log"}
[2024-11-02 06:06:48.550 -0700] [PROCESS] [cadence.virtuoso.ade.simulationMonitor] - Considering to start history {"hostname": "viterbi-scf2", "processid": 59197, "history": "ExplorerRun.0", "logfile": "/home/viterbi/01/tongjia/work_gpdk045/logs_tongjia/logs0/Job19.log"}
[2024-11-02 06:06:48.564 -0700] [PROCESS] [cadence.virtuoso.ade.simulationMonitor] - HostInfo:
Host name (type):	viterbi-scf2 (x86_64)
Operating system:	Linux 3.10.0-1160.119.1.el7.tuxcare.els7.x86_64 #1 SMP Fri Sep 20 11:32:55 UTC 2024 {"hostname": "viterbi-scf2", "processid": 59197, "history": "ExplorerRun.0", "logfile": "/home/viterbi/01/tongjia/work_gpdk045/logs_tongjia/logs0/Job19.log", "nodename": "viterbi-scf2", "domainname": "viterbi", "machine": "x86_64", "sysname": "Linux", "release": "3.10.0-1160.119.1.el7.tuxcare.els7.x86_64", "version": "#1 SMP Fri Sep 20 11:32:55 UTC 2024"}
[2024-11-02 06:06:48.565 -0700] [PROCESS] [cadence.virtuoso.ade.simulationMonitor] - UsageInfo:
pid=59197
totalPhysicalMemory=1007.132401GB,Used=168.672581GB,totalVirtualMemory=1007.132401GB,Used=168.672581GB
Cpu: Cores=112, Load average:31.050000,31.360000,31.530000 {"hostname": "viterbi-scf2", "processid": 59197, "history": "ExplorerRun.0", "logfile": "/home/viterbi/01/tongjia/work_gpdk045/logs_tongjia/logs0/Job19.log", "pid": "59197", "totalPhysicalMemory": "1007.132401", "physicalMemoryUsed": "168.672581", "totalVirtualMemory": "1007.132401", "virtualMemoryUsed": "168.672581", "cpuCores": "112", "processes": "4966", "loadAverage1": "31.050000", "loadAverage5": "31.360000", "loadAverage15": "31.530000", "loadAverage1Percent": "0.277232"}
[2024-11-02 06:06:48.570 -0700] [EVENT] [cadence.virtuoso.ade.simulationMonitor] - NewPoint {"history": "ExplorerRun.0", "point": 1, "testname": "demo_XOR2_1X_1", "cornername": "Nominal", "event": "NewPoint", "EventSource": "Simulation Monitor", "HistoryName": "ExplorerRun.0", "logFile": "/home/viterbi/01/tongjia/work_gpdk045/logs_tongjia/logs0/Job19.log", "logFileSize": "2267"}
[2024-11-02 06:06:48.874 -0700] [EVENT] [cadence.virtuoso.ade.simulationMonitor] - NewPoint {"history": "ExplorerRun.0", "point": 1, "testname": "demo_XOR2_1X_1", "cornername": "Nominal", "event": "NewPoint", "EventSource": "spectre", "HistoryName": "ExplorerRun.0", "logFile": "/home/viterbi/01/tongjia/simulation/demo/XOR2_1X/maestro/results/maestro/ExplorerRun.0/1/demo_XOR2_1X_1/psf/spectre.out", "logFileSize": "-1"}
[2024-11-02 06:06:48.903 -0700] [PROCESS] [cadence.virtuoso.ade.simulationMonitor] - Simulator launched {"hostname": "viterbi-scf2", "processid": 59197, "history": "ExplorerRun.0", "testname": "demo_XOR2_1X_1", "cornername": "Nominal", "point": 1, "logfile": "/home/viterbi/01/tongjia/work_gpdk045/logs_tongjia/logs0/Job19.log", "simid": "1"}
[2024-11-02 06:06:48.908 -0700] [PROCESS] [cadence.virtuoso.ade.simulationMonitor] - Expression evaluator launched {"hostname": "viterbi-scf2", "processid": 59197, "history": "ExplorerRun.0", "testname": "demo_XOR2_1X_1", "cornername": "Nominal", "point": 1, "logfile": "/home/viterbi/01/tongjia/work_gpdk045/logs_tongjia/logs0/Job19.log"}
[2024-11-02 06:06:49.461 -0700] [PROCESS] [cadence.virtuoso.ade.simulationMonitor] - Started Simulation {"hostname": "viterbi-scf2", "processid": 59197, "history": "ExplorerRun.0", "testname": "demo_XOR2_1X_1", "cornername": "Nominal", "point": 1, "logfile": "/home/viterbi/01/tongjia/work_gpdk045/logs_tongjia/logs0/Job19.log", "event": "started", "task": "simulation"}
[2024-11-02 06:06:49.962 -0700] [INFO] [cadence.virtuoso.ade.simulationMonitor] - Peak resident memory used = 57.6 Mbytes. {"history": "ExplorerRun.0", "point": 1, "testname": "demo_XOR2_1X_1", "cornername": "Nominal"}
[2024-11-02 06:06:50.463 -0700] [INFO] [cadence.virtuoso.ade.simulationMonitor] - Peak resident memory used = 66.7 Mbytes. {"history": "ExplorerRun.0", "point": 1, "testname": "demo_XOR2_1X_1", "cornername": "Nominal"}
[2024-11-02 06:06:50.464 -0700] [INFO] [cadence.virtuoso.ade.simulationMonitor] - Peak resident memory used = 67.4 Mbytes. {"history": "ExplorerRun.0", "point": 1, "testname": "demo_XOR2_1X_1", "cornername": "Nominal"}
[2024-11-02 06:06:50.465 -0700] [INFO] [cadence.virtuoso.ade.simulationMonitor] - Notice from spectre during initial setup.
    Multithreading is disabled due to the size of the design being too small. {"history": "ExplorerRun.0", "point": 1, "testname": "demo_XOR2_1X_1", "cornername": "Nominal"}
[2024-11-02 06:06:50.478 -0700] [INFO] [cadence.virtuoso.ade.simulationMonitor] -               nodes 21 {"history": "ExplorerRun.0", "point": 1, "testname": "demo_XOR2_1X_1", "cornername": "Nominal"}
[2024-11-02 06:06:50.479 -0700] [INFO] [cadence.virtuoso.ade.simulationMonitor] - Notice from spectre during initial setup.
    APS Enabled. {"history": "ExplorerRun.0", "point": 1, "testname": "demo_XOR2_1X_1", "cornername": "Nominal"}
[2024-11-02 06:06:50.480 -0700] [INFO] [cadence.virtuoso.ade.simulationMonitor] - Peak resident memory used = 68.3 Mbytes. {"history": "ExplorerRun.0", "point": 1, "testname": "demo_XOR2_1X_1", "cornername": "Nominal"}
[2024-11-02 06:06:50.481 -0700] [WARN] [cadence.virtuoso.ade.simulationMonitor] -     WARNING (SPECTRE-16707): Only tran supports psfxl format, result of other analyses will be in psfbin format. {"history": "ExplorerRun.0", "point": 1, "testname": "demo_XOR2_1X_1", "cornername": "Nominal"}
[2024-11-02 06:06:50.482 -0700] [INFO] [cadence.virtuoso.ade.simulationMonitor] - Notice from spectre during IC analysis, during transient analysis `tran'.
    GminDC = 1 pS is large enough to noticeably affect the DC solution.
        dV(net4) = 9.92259 mV
        Use the `gmin_check' option to eliminate or expand this report. {"history": "ExplorerRun.0", "point": 1, "testname": "demo_XOR2_1X_1", "cornername": "Nominal"}
[2024-11-02 06:06:50.482 -0700] [INFO] [cadence.virtuoso.ade.simulationMonitor] - Notice from spectre during transient analysis `tran'.
    Multithreading is disabled due to the size of the design being too small. {"history": "ExplorerRun.0", "point": 1, "testname": "demo_XOR2_1X_1", "cornername": "Nominal"}
[2024-11-02 06:06:50.483 -0700] [INFO] [cadence.virtuoso.ade.simulationMonitor] - Notice from spectre at time = 3.39625 ns during transient analysis `tran'.
    Found trapezoidal ringing on node _vvdd!:p. {"history": "ExplorerRun.0", "point": 1, "testname": "demo_XOR2_1X_1", "cornername": "Nominal"}
[2024-11-02 06:06:50.484 -0700] [INFO] [cadence.virtuoso.ade.simulationMonitor] - Notice from spectre at time = 3.59625 ns during transient analysis `tran'.
    Found trapezoidal ringing on node _vvdd!:p. {"history": "ExplorerRun.0", "point": 1, "testname": "demo_XOR2_1X_1", "cornername": "Nominal"}
[2024-11-02 06:06:50.485 -0700] [INFO] [cadence.virtuoso.ade.simulationMonitor] - Notice from spectre at time = 3.79625 ns during transient analysis `tran'.
    Found trapezoidal ringing on node _vvdd!:p. {"history": "ExplorerRun.0", "point": 1, "testname": "demo_XOR2_1X_1", "cornername": "Nominal"}
[2024-11-02 06:06:50.486 -0700] [INFO] [cadence.virtuoso.ade.simulationMonitor] - Notice from spectre at time = 3.99625 ns during transient analysis `tran'.
    Found trapezoidal ringing on node _vvdd!:p. {"history": "ExplorerRun.0", "point": 1, "testname": "demo_XOR2_1X_1", "cornername": "Nominal"}
[2024-11-02 06:06:50.487 -0700] [INFO] [cadence.virtuoso.ade.simulationMonitor] - Notice from spectre at time = 4.19625 ns during transient analysis `tran'.
    Found trapezoidal ringing on node _vvdd!:p.
        Further occurrences of this notice will be suppressed. {"history": "ExplorerRun.0", "point": 1, "testname": "demo_XOR2_1X_1", "cornername": "Nominal"}
[2024-11-02 06:06:50.488 -0700] [INFO] [cadence.virtuoso.ade.simulationMonitor] - Notice from spectre during transient analysis `tran'.
    Trapezoidal ringing is detected during tran analysis.
        Please use method=trap for better results and performance. {"history": "ExplorerRun.0", "point": 1, "testname": "demo_XOR2_1X_1", "cornername": "Nominal"}
[2024-11-02 06:06:50.489 -0700] [INFO] [cadence.virtuoso.ade.simulationMonitor] - Total time required for tran analysis `tran': CPU = 29.371 ms, elapsed = 45.5909 ms. {"history": "ExplorerRun.0", "point": 1, "testname": "demo_XOR2_1X_1", "cornername": "Nominal"}
[2024-11-02 06:06:50.490 -0700] [INFO] [cadence.virtuoso.ade.simulationMonitor] - Peak resident memory used = 70.8 Mbytes. {"history": "ExplorerRun.0", "point": 1, "testname": "demo_XOR2_1X_1", "cornername": "Nominal"}
[2024-11-02 06:06:50.490 -0700] [INFO] [cadence.virtuoso.ade.simulationMonitor] - Notice from spectre.
    30 notices suppressed. {"history": "ExplorerRun.0", "point": 1, "testname": "demo_XOR2_1X_1", "cornername": "Nominal"}
[2024-11-02 06:06:50.993 -0700] [INFO] [cadence.virtuoso.ade.simulationMonitor] - Time used: CPU = 1.15 s, elapsed = 1.38 s, util. = 83.2%. {"history": "ExplorerRun.0", "point": 1, "testname": "demo_XOR2_1X_1", "cornername": "Nominal"}
[2024-11-02 06:06:50.994 -0700] [INFO] [cadence.virtuoso.ade.simulationMonitor] - Time spent in licensing: elapsed = 25.5 ms. {"history": "ExplorerRun.0", "point": 1, "testname": "demo_XOR2_1X_1", "cornername": "Nominal"}
[2024-11-02 06:06:50.996 -0700] [INFO] [cadence.virtuoso.ade.simulationMonitor] - Peak memory used = 72.1 Mbytes. {"history": "ExplorerRun.0", "point": 1, "testname": "demo_XOR2_1X_1", "cornername": "Nominal"}
[2024-11-02 06:06:51.000 -0700] [PROCESS] [cadence.virtuoso.ade.simulationMonitor] - Simulation started at: 6:06:49 AM, Sat Nov 2, 2024, ended at: 6:06:50 AM, Sat Nov 2, 2024, with elapsed time (wall clock): 1.38 s. {"history": "ExplorerRun.0", "point": 1, "testname": "demo_XOR2_1X_1", "cornername": "Nominal"}
[2024-11-02 06:06:51.000 -0700] [PROCESS] [cadence.virtuoso.ade.simulationMonitor] - spectre completes with 0 errors, 1 warning, and 11 notices. {"history": "ExplorerRun.0", "point": 1, "testname": "demo_XOR2_1X_1", "cornername": "Nominal"}
[2024-11-02 06:06:51.001 -0700] [PROCESS] [cadence.virtuoso.ade.simulationMonitor] - Finished simulating for one point {"hostname": "viterbi-scf2", "processid": 59197, "history": "ExplorerRun.0", "testname": "demo_XOR2_1X_1", "cornername": "Nominal", "point": 1, "logfile": "/home/viterbi/01/tongjia/work_gpdk045/logs_tongjia/logs0/Job19.log", "simid": "1"}
[2024-11-02 06:06:51.002 -0700] [PROCESS] [cadence.virtuoso.ade.simulationMonitor] - Simulator exited {"hostname": "viterbi-scf2", "processid": 59197, "history": "ExplorerRun.0", "testname": "demo_XOR2_1X_1", "cornername": "Nominal", "point": 1, "logfile": "/home/viterbi/01/tongjia/work_gpdk045/logs_tongjia/logs0/Job19.log", "exitStatus": "0"}
[2024-11-02 06:06:51.003 -0700] [PROCESS] [cadence.virtuoso.ade.simulationMonitor] - Finished Simulation {"hostname": "viterbi-scf2", "processid": 59197, "history": "ExplorerRun.0", "testname": "demo_XOR2_1X_1", "cornername": "Nominal", "point": 1, "logfile": "/home/viterbi/01/tongjia/work_gpdk045/logs_tongjia/logs0/Job19.log", "simid": "1"}
[2024-11-02 06:06:54.026 -0700] [PROCESS] [cadence.virtuoso.ade.simulationMonitor] - Point Finished {"hostname": "viterbi-scf2", "processid": 59197, "history": "ExplorerRun.0", "testname": "demo_XOR2_1X_1", "cornername": "Nominal", "point": 1, "logfile": "/home/viterbi/01/tongjia/work_gpdk045/logs_tongjia/logs0/Job19.log"}
[2024-11-02 06:06:55.035 -0700] [PROCESS] [cadence.virtuoso.ade.simulationMonitor] - Stay with the runId '0', Linger time '300', currentRunSyn '1', currentTestSyn '2' {"hostname": "viterbi-scf2", "processid": 59197, "history": "ExplorerRun.0", "testname": "demo_XOR2_1X_1", "cornername": "Nominal", "point": 1, "logfile": "/home/viterbi/01/tongjia/work_gpdk045/logs_tongjia/logs0/Job19.log"}
[2024-11-02 06:07:11.131 -0700] [PROCESS] [cadence.virtuoso.ade.simulationMonitor] - get signal Terminated<15> from user:tongjia, which pid:59195:/usr/local/cadence/ICADVM201/tools/bin/64bit/cdsServIpc {"hostname": "viterbi-scf2", "processid": 59197, "history": "ExplorerRun.0", "testname": "demo_XOR2_1X_1", "cornername": "Nominal", "point": 1, "logfile": "/home/viterbi/01/tongjia/work_gpdk045/logs_tongjia/logs0/Job19.log", "signal": "15", "signalName": "Terminated", "which": "/usr/local/cadence/ICADVM201/tools/bin/64bit/cdsServIpc", "pid": "59195", "user": "tongjia", "uid": "506509"}
[2024-11-02 06:07:11.131 -0700] [INFO] [cadence.virtuoso.ade.simulationMonitor] - SimulationMonitor has terminated the  process '59226', reason: 'simulationMonitor is handling signal 15' {"history": "ExplorerRun.0", "point": 1, "testname": "demo_XOR2_1X_1", "cornername": "Nominal"}
[2024-11-02 06:07:11.634 -0700] [PROCESS] [cadence.virtuoso.ade.simulationMonitor] - Current memory used: 32.7461 MBytes, peak memory used: 32.7461 MBytes {"hostname": "viterbi-scf2", "processid": 59197, "history": "ExplorerRun.0", "testname": "demo_XOR2_1X_1", "cornername": "Nominal", "point": 1, "logfile": "/home/viterbi/01/tongjia/work_gpdk045/logs_tongjia/logs0/Job19.log"}
[2024-11-02 06:07:11.634 -0700] [PROCESS] [cadence.virtuoso.ade.simulationMonitor] - Simulation Monitor process exit. {"hostname": "viterbi-scf2", "processid": 59197, "history": "ExplorerRun.0", "testname": "demo_XOR2_1X_1", "cornername": "Nominal", "point": 1, "logfile": "/home/viterbi/01/tongjia/work_gpdk045/logs_tongjia/logs0/Job19.log"}
