[Simulation Monitor: 15]
[2024-12-03 20:44:15.430 -0800] [PROCESS] [cadence.virtuoso.ade.simulationMonitor] - Simulation Monitor has successfully started up. Trying to set up communication channels to other components ... {"hostname": "viterbi-scf2", "processid": 329635, "logfile": "/home/viterbi/01/tongjia/work_gpdk045/logs_tongjia/logs0/Job15.log"}
[2024-12-03 20:44:15.434 -0800] [PROCESS] [cadence.virtuoso.ade.simulationMonitor] - Communication channels have been successfully set up. Start processing events ... {"hostname": "viterbi-scf2", "processid": 329635, "logfile": "/home/viterbi/01/tongjia/work_gpdk045/logs_tongjia/logs0/Job15.log"}
[2024-12-03 20:44:15.435 -0800] [PROCESS] [cadence.virtuoso.ade.simulationMonitor] - Considering to start history {"hostname": "viterbi-scf2", "processid": 329635, "history": "ExplorerRun.0", "logfile": "/home/viterbi/01/tongjia/work_gpdk045/logs_tongjia/logs0/Job15.log"}
[2024-12-03 20:44:15.452 -0800] [PROCESS] [cadence.virtuoso.ade.simulationMonitor] - HostInfo:
Host name (type):	viterbi-scf2 (x86_64)
Operating system:	Linux 3.10.0-1160.119.1.el7.tuxcare.els10.x86_64 #1 SMP Fri Oct 11 21:40:41 UTC 2024 {"hostname": "viterbi-scf2", "processid": 329635, "history": "ExplorerRun.0", "logfile": "/home/viterbi/01/tongjia/work_gpdk045/logs_tongjia/logs0/Job15.log", "nodename": "viterbi-scf2", "domainname": "viterbi", "machine": "x86_64", "sysname": "Linux", "release": "3.10.0-1160.119.1.el7.tuxcare.els10.x86_64", "version": "#1 SMP Fri Oct 11 21:40:41 UTC 2024"}
[2024-12-03 20:44:15.453 -0800] [PROCESS] [cadence.virtuoso.ade.simulationMonitor] - UsageInfo:
pid=329635
totalPhysicalMemory=1007.132401GB,Used=440.896851GB,totalVirtualMemory=1007.132401GB,Used=440.896851GB
Cpu: Cores=112, Load average:52.250000,54.170000,54.610000 {"hostname": "viterbi-scf2", "processid": 329635, "history": "ExplorerRun.0", "logfile": "/home/viterbi/01/tongjia/work_gpdk045/logs_tongjia/logs0/Job15.log", "pid": "329635", "totalPhysicalMemory": "1007.132401", "physicalMemoryUsed": "440.896851", "totalVirtualMemory": "1007.132401", "virtualMemoryUsed": "440.896851", "cpuCores": "112", "processes": "9591", "loadAverage1": "52.250000", "loadAverage5": "54.170000", "loadAverage15": "54.610000", "loadAverage1Percent": "0.466518"}
[2024-12-03 20:44:15.458 -0800] [EVENT] [cadence.virtuoso.ade.simulationMonitor] - NewPoint {"history": "ExplorerRun.0", "point": 1, "testname": "project_demo_ph2p3_Matrix_vector_Multiplication_tb_1", "cornername": "Nominal", "event": "NewPoint", "EventSource": "Simulation Monitor", "HistoryName": "ExplorerRun.0", "logFile": "/home/viterbi/01/tongjia/work_gpdk045/logs_tongjia/logs0/Job15.log", "logFileSize": "2276"}
[2024-12-03 20:44:15.762 -0800] [EVENT] [cadence.virtuoso.ade.simulationMonitor] - NewPoint {"history": "ExplorerRun.0", "point": 1, "testname": "project_demo_ph2p3_Matrix_vector_Multiplication_tb_1", "cornername": "Nominal", "event": "NewPoint", "EventSource": "spectre", "HistoryName": "ExplorerRun.0", "logFile": "/home/viterbi/01/tongjia/simulation/project_demo/ph2p3_Matrix_vector_Multiplication_tb/maestro/results/maestro/ExplorerRun.0/1/project_demo_ph2p3_Matrix_vector_Multiplication_tb_1/psf/spectre.out", "logFileSize": "-1"}
[2024-12-03 20:44:15.793 -0800] [PROCESS] [cadence.virtuoso.ade.simulationMonitor] - Simulator launched {"hostname": "viterbi-scf2", "processid": 329635, "history": "ExplorerRun.0", "testname": "project_demo_ph2p3_Matrix_vector_Multiplication_tb_1", "cornername": "Nominal", "point": 1, "logfile": "/home/viterbi/01/tongjia/work_gpdk045/logs_tongjia/logs0/Job15.log", "simid": "1"}
[2024-12-03 20:44:15.797 -0800] [PROCESS] [cadence.virtuoso.ade.simulationMonitor] - Expression evaluator launched {"hostname": "viterbi-scf2", "processid": 329635, "history": "ExplorerRun.0", "testname": "project_demo_ph2p3_Matrix_vector_Multiplication_tb_1", "cornername": "Nominal", "point": 1, "logfile": "/home/viterbi/01/tongjia/work_gpdk045/logs_tongjia/logs0/Job15.log"}
[2024-12-03 20:44:17.173 -0800] [PROCESS] [cadence.virtuoso.ade.simulationMonitor] - Started Simulation {"hostname": "viterbi-scf2", "processid": 329635, "history": "ExplorerRun.0", "testname": "project_demo_ph2p3_Matrix_vector_Multiplication_tb_1", "cornername": "Nominal", "point": 1, "logfile": "/home/viterbi/01/tongjia/work_gpdk045/logs_tongjia/logs0/Job15.log", "event": "started", "task": "simulation"}
[2024-12-03 20:44:17.175 -0800] [INFO] [cadence.virtuoso.ade.simulationMonitor] - Notice from spectre during Digital Vector read-in.
    Process Vector Files.
    File read: /home/viterbi/01/tongjia/work_gpdk045/vector_files/ph2p3.vec {"history": "ExplorerRun.0", "point": 1, "testname": "project_demo_ph2p3_Matrix_vector_Multiplication_tb_1", "cornername": "Nominal"}
[2024-12-03 20:44:21.177 -0800] [INFO] [cadence.virtuoso.ade.simulationMonitor] - Peak resident memory used = 165 Mbytes. {"history": "ExplorerRun.0", "point": 1, "testname": "project_demo_ph2p3_Matrix_vector_Multiplication_tb_1", "cornername": "Nominal"}
[2024-12-03 20:45:02.201 -0800] [INFO] [cadence.virtuoso.ade.simulationMonitor] - Peak resident memory used = 426 Mbytes. {"history": "ExplorerRun.0", "point": 1, "testname": "project_demo_ph2p3_Matrix_vector_Multiplication_tb_1", "cornername": "Nominal"}
[2024-12-03 20:45:11.206 -0800] [INFO] [cadence.virtuoso.ade.simulationMonitor] - Peak resident memory used = 725 Mbytes. {"history": "ExplorerRun.0", "point": 1, "testname": "project_demo_ph2p3_Matrix_vector_Multiplication_tb_1", "cornername": "Nominal"}
[2024-12-03 20:45:56.253 -0800] [INFO] [cadence.virtuoso.ade.simulationMonitor] -               nodes 53270 {"history": "ExplorerRun.0", "point": 1, "testname": "project_demo_ph2p3_Matrix_vector_Multiplication_tb_1", "cornername": "Nominal"}
[2024-12-03 20:45:56.254 -0800] [INFO] [cadence.virtuoso.ade.simulationMonitor] - Notice from spectre during initial setup.
    APS Enabled. {"history": "ExplorerRun.0", "point": 1, "testname": "project_demo_ph2p3_Matrix_vector_Multiplication_tb_1", "cornername": "Nominal"}
[2024-12-03 20:45:56.255 -0800] [INFO] [cadence.virtuoso.ade.simulationMonitor] -     Multithreading Enabled: 8 threads in the system with 112 available processors. {"history": "ExplorerRun.0", "point": 1, "testname": "project_demo_ph2p3_Matrix_vector_Multiplication_tb_1", "cornername": "Nominal"}
[2024-12-03 20:45:56.255 -0800] [INFO] [cadence.virtuoso.ade.simulationMonitor] - Peak resident memory used = 861 Mbytes. {"history": "ExplorerRun.0", "point": 1, "testname": "project_demo_ph2p3_Matrix_vector_Multiplication_tb_1", "cornername": "Nominal"}
[2024-12-03 20:45:56.256 -0800] [WARN] [cadence.virtuoso.ade.simulationMonitor] -     WARNING (SPECTRE-16707): Only tran supports psfxl format, result of other analyses will be in psfbin format. {"history": "ExplorerRun.0", "point": 1, "testname": "project_demo_ph2p3_Matrix_vector_Multiplication_tb_1", "cornername": "Nominal"}
[2024-12-03 20:47:19.297 -0800] [INFO] [cadence.virtuoso.ade.simulationMonitor] - Notice from spectre during IC analysis, during transient analysis `tran'.
    GminDC = 1 pS is large enough to noticeably affect the DC solution.
        dV(I0.2\:I22|I0|I0|I8|I1|net3) = -16.2006 mV
        Use the `gmin_check' option to eliminate or expand this report.
    Bad pivoting is found during DC analysis. Option dc_pivot_check=yes is recommended for possible improvement of convergence. {"history": "ExplorerRun.0", "point": 1, "testname": "project_demo_ph2p3_Matrix_vector_Multiplication_tb_1", "cornername": "Nominal"}
[2024-12-03 20:59:34.191 -0800] [INFO] [cadence.virtuoso.ade.simulationMonitor] - Notice from spectre at time = 37.574 ns during transient analysis `tran'.
    Found trapezoidal ringing on node I0.I22|I0|I1|I0|I1|I1|I0|I21|net1. {"history": "ExplorerRun.0", "point": 1, "testname": "project_demo_ph2p3_Matrix_vector_Multiplication_tb_1", "cornername": "Nominal"}
[2024-12-03 20:59:34.192 -0800] [INFO] [cadence.virtuoso.ade.simulationMonitor] - Notice from spectre at time = 38.374 ns during transient analysis `tran'.
    Found trapezoidal ringing on node I0.I22|I0|I1|I0|I1|I1|I0|I21|net1. {"history": "ExplorerRun.0", "point": 1, "testname": "project_demo_ph2p3_Matrix_vector_Multiplication_tb_1", "cornername": "Nominal"}
[2024-12-03 20:59:34.693 -0800] [INFO] [cadence.virtuoso.ade.simulationMonitor] - Notice from spectre at time = 39.174 ns during transient analysis `tran'.
    Found trapezoidal ringing on node I0.I22|I0|I1|I0|I1|I1|I0|I21|net1. {"history": "ExplorerRun.0", "point": 1, "testname": "project_demo_ph2p3_Matrix_vector_Multiplication_tb_1", "cornername": "Nominal"}
[2024-12-03 20:59:34.694 -0800] [INFO] [cadence.virtuoso.ade.simulationMonitor] - Notice from spectre at time = 39.587 ns during transient analysis `tran'.
    Found trapezoidal ringing on node I0.I22|I0|I1|I0|I1|I1|I0|I21|net1. {"history": "ExplorerRun.0", "point": 1, "testname": "project_demo_ph2p3_Matrix_vector_Multiplication_tb_1", "cornername": "Nominal"}
[2024-12-03 20:59:34.695 -0800] [INFO] [cadence.virtuoso.ade.simulationMonitor] - Notice from spectre at time = 40 ns during transient analysis `tran'.
    Found trapezoidal ringing on node I0.I22|I0|I1|I0|I1|I1|I0|I21|net1.
        Further occurrences of this notice will be suppressed. {"history": "ExplorerRun.0", "point": 1, "testname": "project_demo_ph2p3_Matrix_vector_Multiplication_tb_1", "cornername": "Nominal"}
[2024-12-03 20:59:34.696 -0800] [INFO] [cadence.virtuoso.ade.simulationMonitor] - Notice from spectre during transient analysis `tran'.
    Trapezoidal ringing is detected during tran analysis.
        Please use method=trap for better results and performance. {"history": "ExplorerRun.0", "point": 1, "testname": "project_demo_ph2p3_Matrix_vector_Multiplication_tb_1", "cornername": "Nominal"}
[2024-12-03 20:59:36.197 -0800] [INFO] [cadence.virtuoso.ade.simulationMonitor] - Total time required for tran analysis `tran': CPU = 3.36462 ks (56m  4.6s), elapsed = 818.583 s (13m  38.6s). {"history": "ExplorerRun.0", "point": 1, "testname": "project_demo_ph2p3_Matrix_vector_Multiplication_tb_1", "cornername": "Nominal"}
[2024-12-03 20:59:36.197 -0800] [INFO] [cadence.virtuoso.ade.simulationMonitor] - Peak resident memory used = 1.74 Gbytes. {"history": "ExplorerRun.0", "point": 1, "testname": "project_demo_ph2p3_Matrix_vector_Multiplication_tb_1", "cornername": "Nominal"}
[2024-12-03 21:00:00.211 -0800] [INFO] [cadence.virtuoso.ade.simulationMonitor] - Time used: CPU = 3.49 ks (58m  9.0s), elapsed = 944 s (15m  44.0s), util. = 370%. {"history": "ExplorerRun.0", "point": 1, "testname": "project_demo_ph2p3_Matrix_vector_Multiplication_tb_1", "cornername": "Nominal"}
[2024-12-03 21:00:00.212 -0800] [INFO] [cadence.virtuoso.ade.simulationMonitor] - Time spent in licensing: elapsed = 61.7 ms. {"history": "ExplorerRun.0", "point": 1, "testname": "project_demo_ph2p3_Matrix_vector_Multiplication_tb_1", "cornername": "Nominal"}
[2024-12-03 21:00:00.214 -0800] [INFO] [cadence.virtuoso.ade.simulationMonitor] - Peak memory used = 1.85 Gbytes. {"history": "ExplorerRun.0", "point": 1, "testname": "project_demo_ph2p3_Matrix_vector_Multiplication_tb_1", "cornername": "Nominal"}
[2024-12-03 21:00:00.217 -0800] [PROCESS] [cadence.virtuoso.ade.simulationMonitor] - Simulation started at: 8:44:15 PM, Tue Dec 3, 2024, ended at: 8:59:59 PM, Tue Dec 3, 2024, with elapsed time (wall clock): 944 s (15m  44.0s). {"history": "ExplorerRun.0", "point": 1, "testname": "project_demo_ph2p3_Matrix_vector_Multiplication_tb_1", "cornername": "Nominal"}
[2024-12-03 21:00:00.223 -0800] [PROCESS] [cadence.virtuoso.ade.simulationMonitor] - spectre completes with 0 errors, 1 warning, and 12 notices. {"history": "ExplorerRun.0", "point": 1, "testname": "project_demo_ph2p3_Matrix_vector_Multiplication_tb_1", "cornername": "Nominal"}
[2024-12-03 21:00:01.232 -0800] [PROCESS] [cadence.virtuoso.ade.simulationMonitor] - Finished simulating for one point {"hostname": "viterbi-scf2", "processid": 329635, "history": "ExplorerRun.0", "testname": "project_demo_ph2p3_Matrix_vector_Multiplication_tb_1", "cornername": "Nominal", "point": 1, "logfile": "/home/viterbi/01/tongjia/work_gpdk045/logs_tongjia/logs0/Job15.log", "simid": "1"}
[2024-12-03 21:00:01.233 -0800] [PROCESS] [cadence.virtuoso.ade.simulationMonitor] - Simulator exited {"hostname": "viterbi-scf2", "processid": 329635, "history": "ExplorerRun.0", "testname": "project_demo_ph2p3_Matrix_vector_Multiplication_tb_1", "cornername": "Nominal", "point": 1, "logfile": "/home/viterbi/01/tongjia/work_gpdk045/logs_tongjia/logs0/Job15.log", "exitStatus": "0"}
[2024-12-03 21:00:01.234 -0800] [PROCESS] [cadence.virtuoso.ade.simulationMonitor] - Finished Simulation {"hostname": "viterbi-scf2", "processid": 329635, "history": "ExplorerRun.0", "testname": "project_demo_ph2p3_Matrix_vector_Multiplication_tb_1", "cornername": "Nominal", "point": 1, "logfile": "/home/viterbi/01/tongjia/work_gpdk045/logs_tongjia/logs0/Job15.log", "simid": "1"}
[2024-12-03 21:00:01.244 -0800] [PROCESS] [cadence.virtuoso.ade.simulationMonitor] - Expression evaluator launched {"hostname": "viterbi-scf2", "processid": 329635, "history": "ExplorerRun.0", "testname": "project_demo_ph2p3_Matrix_vector_Multiplication_tb_1", "cornername": "Nominal", "point": 1, "logfile": "/home/viterbi/01/tongjia/work_gpdk045/logs_tongjia/logs0/Job15.log"}
[2024-12-03 21:00:13.267 -0800] [PROCESS] [cadence.virtuoso.ade.simulationMonitor] - Point Finished {"hostname": "viterbi-scf2", "processid": 329635, "history": "ExplorerRun.0", "testname": "project_demo_ph2p3_Matrix_vector_Multiplication_tb_1", "cornername": "Nominal", "point": 1, "logfile": "/home/viterbi/01/tongjia/work_gpdk045/logs_tongjia/logs0/Job15.log"}
[2024-12-03 21:00:14.280 -0800] [PROCESS] [cadence.virtuoso.ade.simulationMonitor] - Stay with the runId '0', Linger time '300', currentRunSyn '1', currentTestSyn '2' {"hostname": "viterbi-scf2", "processid": 329635, "history": "ExplorerRun.0", "testname": "project_demo_ph2p3_Matrix_vector_Multiplication_tb_1", "cornername": "Nominal", "point": 1, "logfile": "/home/viterbi/01/tongjia/work_gpdk045/logs_tongjia/logs0/Job15.log"}
[2024-12-03 21:00:15.276 -0800] [PROCESS] [cadence.virtuoso.ade.simulationMonitor] - Stay with the runId '0', Linger time '300', currentRunSyn '1', currentTestSyn '2' {"hostname": "viterbi-scf2", "processid": 329635, "history": "ExplorerRun.0", "testname": "project_demo_ph2p3_Matrix_vector_Multiplication_tb_1", "cornername": "Nominal", "point": 1, "logfile": "/home/viterbi/01/tongjia/work_gpdk045/logs_tongjia/logs0/Job15.log"}
[2024-12-03 21:00:16.281 -0800] [PROCESS] [cadence.virtuoso.ade.simulationMonitor] - Stay with the runId '0', Linger time '300', currentRunSyn '1', currentTestSyn '2' {"hostname": "viterbi-scf2", "processid": 329635, "history": "ExplorerRun.0", "testname": "project_demo_ph2p3_Matrix_vector_Multiplication_tb_1", "cornername": "Nominal", "point": 1, "logfile": "/home/viterbi/01/tongjia/work_gpdk045/logs_tongjia/logs0/Job15.log"}
[2024-12-03 21:00:17.282 -0800] [PROCESS] [cadence.virtuoso.ade.simulationMonitor] - Stay with the runId '0', Linger time '300', currentRunSyn '1', currentTestSyn '2' {"hostname": "viterbi-scf2", "processid": 329635, "history": "ExplorerRun.0", "testname": "project_demo_ph2p3_Matrix_vector_Multiplication_tb_1", "cornername": "Nominal", "point": 1, "logfile": "/home/viterbi/01/tongjia/work_gpdk045/logs_tongjia/logs0/Job15.log"}
[2024-12-03 21:00:18.283 -0800] [PROCESS] [cadence.virtuoso.ade.simulationMonitor] - Stay with the runId '0', Linger time '300', currentRunSyn '1', currentTestSyn '2' {"hostname": "viterbi-scf2", "processid": 329635, "history": "ExplorerRun.0", "testname": "project_demo_ph2p3_Matrix_vector_Multiplication_tb_1", "cornername": "Nominal", "point": 1, "logfile": "/home/viterbi/01/tongjia/work_gpdk045/logs_tongjia/logs0/Job15.log"}
[2024-12-03 21:00:19.281 -0800] [PROCESS] [cadence.virtuoso.ade.simulationMonitor] - Stay with the runId '0', Linger time '300', currentRunSyn '1', currentTestSyn '2' {"hostname": "viterbi-scf2", "processid": 329635, "history": "ExplorerRun.0", "testname": "project_demo_ph2p3_Matrix_vector_Multiplication_tb_1", "cornername": "Nominal", "point": 1, "logfile": "/home/viterbi/01/tongjia/work_gpdk045/logs_tongjia/logs0/Job15.log"}
[2024-12-03 21:00:20.286 -0800] [PROCESS] [cadence.virtuoso.ade.simulationMonitor] - Stay with the runId '0', Linger time '300', currentRunSyn '1', currentTestSyn '2' {"hostname": "viterbi-scf2", "processid": 329635, "history": "ExplorerRun.0", "testname": "project_demo_ph2p3_Matrix_vector_Multiplication_tb_1", "cornername": "Nominal", "point": 1, "logfile": "/home/viterbi/01/tongjia/work_gpdk045/logs_tongjia/logs0/Job15.log"}
[2024-12-03 21:00:21.285 -0800] [PROCESS] [cadence.virtuoso.ade.simulationMonitor] - Stay with the runId '0', Linger time '300', currentRunSyn '1', currentTestSyn '2' {"hostname": "viterbi-scf2", "processid": 329635, "history": "ExplorerRun.0", "testname": "project_demo_ph2p3_Matrix_vector_Multiplication_tb_1", "cornername": "Nominal", "point": 1, "logfile": "/home/viterbi/01/tongjia/work_gpdk045/logs_tongjia/logs0/Job15.log"}
[2024-12-03 21:00:22.289 -0800] [PROCESS] [cadence.virtuoso.ade.simulationMonitor] - Stay with the runId '0', Linger time '300', currentRunSyn '1', currentTestSyn '2' {"hostname": "viterbi-scf2", "processid": 329635, "history": "ExplorerRun.0", "testname": "project_demo_ph2p3_Matrix_vector_Multiplication_tb_1", "cornername": "Nominal", "point": 1, "logfile": "/home/viterbi/01/tongjia/work_gpdk045/logs_tongjia/logs0/Job15.log"}
[2024-12-03 21:00:23.302 -0800] [PROCESS] [cadence.virtuoso.ade.simulationMonitor] - Stay with the runId '0', Linger time '300', currentRunSyn '1', currentTestSyn '2' {"hostname": "viterbi-scf2", "processid": 329635, "history": "ExplorerRun.0", "testname": "project_demo_ph2p3_Matrix_vector_Multiplication_tb_1", "cornername": "Nominal", "point": 1, "logfile": "/home/viterbi/01/tongjia/work_gpdk045/logs_tongjia/logs0/Job15.log"}
[2024-12-03 21:00:24.296 -0800] [PROCESS] [cadence.virtuoso.ade.simulationMonitor] - Stay with the runId '0', Linger time '300', currentRunSyn '1', currentTestSyn '2' {"hostname": "viterbi-scf2", "processid": 329635, "history": "ExplorerRun.0", "testname": "project_demo_ph2p3_Matrix_vector_Multiplication_tb_1", "cornername": "Nominal", "point": 1, "logfile": "/home/viterbi/01/tongjia/work_gpdk045/logs_tongjia/logs0/Job15.log"}
[2024-12-03 21:05:15.763 -0800] [PROCESS] [cadence.virtuoso.ade.simulationMonitor] - Current memory used: 32.4258 MBytes, peak memory used: 32.4258 MBytes {"hostname": "viterbi-scf2", "processid": 329635, "history": "ExplorerRun.0", "testname": "project_demo_ph2p3_Matrix_vector_Multiplication_tb_1", "cornername": "Nominal", "point": 1, "logfile": "/home/viterbi/01/tongjia/work_gpdk045/logs_tongjia/logs0/Job15.log"}
[2024-12-03 21:05:15.764 -0800] [PROCESS] [cadence.virtuoso.ade.simulationMonitor] - Simulation Monitor process exit. {"hostname": "viterbi-scf2", "processid": 329635, "history": "ExplorerRun.0", "testname": "project_demo_ph2p3_Matrix_vector_Multiplication_tb_1", "cornername": "Nominal", "point": 1, "logfile": "/home/viterbi/01/tongjia/work_gpdk045/logs_tongjia/logs0/Job15.log"}
