[Simulation Monitor: 12]
[2024-12-03 20:30:20.029 -0800] [PROCESS] [cadence.virtuoso.ade.simulationMonitor] - Simulation Monitor has successfully started up. Trying to set up communication channels to other components ... {"hostname": "viterbi-scf2", "processid": 276267, "logfile": "/home/viterbi/01/tongjia/work_gpdk045/logs_tongjia/logs0/Job12.log"}
[2024-12-03 20:30:20.033 -0800] [PROCESS] [cadence.virtuoso.ade.simulationMonitor] - Communication channels have been successfully set up. Start processing events ... {"hostname": "viterbi-scf2", "processid": 276267, "logfile": "/home/viterbi/01/tongjia/work_gpdk045/logs_tongjia/logs0/Job12.log"}
[2024-12-03 20:30:20.034 -0800] [PROCESS] [cadence.virtuoso.ade.simulationMonitor] - Considering to start history {"hostname": "viterbi-scf2", "processid": 276267, "history": "ExplorerRun.0", "logfile": "/home/viterbi/01/tongjia/work_gpdk045/logs_tongjia/logs0/Job12.log"}
[2024-12-03 20:30:20.055 -0800] [PROCESS] [cadence.virtuoso.ade.simulationMonitor] - HostInfo:
Host name (type):	viterbi-scf2 (x86_64)
Operating system:	Linux 3.10.0-1160.119.1.el7.tuxcare.els10.x86_64 #1 SMP Fri Oct 11 21:40:41 UTC 2024 {"hostname": "viterbi-scf2", "processid": 276267, "history": "ExplorerRun.0", "logfile": "/home/viterbi/01/tongjia/work_gpdk045/logs_tongjia/logs0/Job12.log", "nodename": "viterbi-scf2", "domainname": "viterbi", "machine": "x86_64", "sysname": "Linux", "release": "3.10.0-1160.119.1.el7.tuxcare.els10.x86_64", "version": "#1 SMP Fri Oct 11 21:40:41 UTC 2024"}
[2024-12-03 20:30:20.057 -0800] [PROCESS] [cadence.virtuoso.ade.simulationMonitor] - UsageInfo:
pid=276267
totalPhysicalMemory=1007.132401GB,Used=459.613789GB,totalVirtualMemory=1007.132401GB,Used=459.613789GB
Cpu: Cores=112, Load average:60.880000,57.950000,55.070000 {"hostname": "viterbi-scf2", "processid": 276267, "history": "ExplorerRun.0", "logfile": "/home/viterbi/01/tongjia/work_gpdk045/logs_tongjia/logs0/Job12.log", "pid": "276267", "totalPhysicalMemory": "1007.132401", "physicalMemoryUsed": "459.613789", "totalVirtualMemory": "1007.132401", "virtualMemoryUsed": "459.613789", "cpuCores": "112", "processes": "10399", "loadAverage1": "60.880000", "loadAverage5": "57.950000", "loadAverage15": "55.070000", "loadAverage1Percent": "0.543571"}
[2024-12-03 20:30:20.064 -0800] [EVENT] [cadence.virtuoso.ade.simulationMonitor] - NewPoint {"history": "ExplorerRun.0", "point": 1, "testname": "project_demo_ph2p2_processing_element_tb_1", "cornername": "Nominal", "event": "NewPoint", "EventSource": "Simulation Monitor", "HistoryName": "ExplorerRun.0", "logFile": "/home/viterbi/01/tongjia/work_gpdk045/logs_tongjia/logs0/Job12.log", "logFileSize": "2277"}
[2024-12-03 20:30:20.469 -0800] [EVENT] [cadence.virtuoso.ade.simulationMonitor] - NewPoint {"history": "ExplorerRun.0", "point": 1, "testname": "project_demo_ph2p2_processing_element_tb_1", "cornername": "Nominal", "event": "NewPoint", "EventSource": "spectre", "HistoryName": "ExplorerRun.0", "logFile": "/home/viterbi/01/tongjia/simulation/project_demo/ph2p2_processing_element_tb/maestro/results/maestro/ExplorerRun.0/1/project_demo_ph2p2_processing_element_tb_1/psf/spectre.out", "logFileSize": "-1"}
[2024-12-03 20:30:20.504 -0800] [PROCESS] [cadence.virtuoso.ade.simulationMonitor] - Simulator launched {"hostname": "viterbi-scf2", "processid": 276267, "history": "ExplorerRun.0", "testname": "project_demo_ph2p2_processing_element_tb_1", "cornername": "Nominal", "point": 1, "logfile": "/home/viterbi/01/tongjia/work_gpdk045/logs_tongjia/logs0/Job12.log", "simid": "1"}
[2024-12-03 20:30:20.511 -0800] [PROCESS] [cadence.virtuoso.ade.simulationMonitor] - Expression evaluator launched {"hostname": "viterbi-scf2", "processid": 276267, "history": "ExplorerRun.0", "testname": "project_demo_ph2p2_processing_element_tb_1", "cornername": "Nominal", "point": 1, "logfile": "/home/viterbi/01/tongjia/work_gpdk045/logs_tongjia/logs0/Job12.log"}
[2024-12-03 20:30:21.952 -0800] [PROCESS] [cadence.virtuoso.ade.simulationMonitor] - Started Simulation {"hostname": "viterbi-scf2", "processid": 276267, "history": "ExplorerRun.0", "testname": "project_demo_ph2p2_processing_element_tb_1", "cornername": "Nominal", "point": 1, "logfile": "/home/viterbi/01/tongjia/work_gpdk045/logs_tongjia/logs0/Job12.log", "event": "started", "task": "simulation"}
[2024-12-03 20:30:21.954 -0800] [INFO] [cadence.virtuoso.ade.simulationMonitor] - Notice from spectre during Digital Vector read-in.
    Process Vector Files.
    File read: /home/viterbi/01/tongjia/work_gpdk045/vector_files/ph2p2_processing_element.vec {"history": "ExplorerRun.0", "point": 1, "testname": "project_demo_ph2p2_processing_element_tb_1", "cornername": "Nominal"}
[2024-12-03 20:30:22.454 -0800] [INFO] [cadence.virtuoso.ade.simulationMonitor] - Peak resident memory used = 89.9 Mbytes. {"history": "ExplorerRun.0", "point": 1, "testname": "project_demo_ph2p2_processing_element_tb_1", "cornername": "Nominal"}
[2024-12-03 20:30:27.459 -0800] [INFO] [cadence.virtuoso.ade.simulationMonitor] - Peak resident memory used = 164 Mbytes. {"history": "ExplorerRun.0", "point": 1, "testname": "project_demo_ph2p2_processing_element_tb_1", "cornername": "Nominal"}
[2024-12-03 20:30:28.460 -0800] [WARN] [cadence.virtuoso.ade.simulationMonitor] -     WARNING (VEC-7656): The period*tunit=1.050e-18 is too small, period=1.050e-09 will be used. Check the specified parameters in the netlist before running the simulation again.
         {"history": "ExplorerRun.0", "point": 1, "testname": "project_demo_ph2p2_processing_element_tb_1", "cornername": "Nominal"}
[2024-12-03 20:30:29.462 -0800] [INFO] [cadence.virtuoso.ade.simulationMonitor] - Peak resident memory used = 240 Mbytes. {"history": "ExplorerRun.0", "point": 1, "testname": "project_demo_ph2p2_processing_element_tb_1", "cornername": "Nominal"}
[2024-12-03 20:30:42.478 -0800] [INFO] [cadence.virtuoso.ade.simulationMonitor] -               nodes 13271 {"history": "ExplorerRun.0", "point": 1, "testname": "project_demo_ph2p2_processing_element_tb_1", "cornername": "Nominal"}
[2024-12-03 20:30:42.480 -0800] [INFO] [cadence.virtuoso.ade.simulationMonitor] - Notice from spectre during initial setup.
    APS Enabled.
    Multithreading Enabled: 8 threads in the system with 112 available processors. {"history": "ExplorerRun.0", "point": 1, "testname": "project_demo_ph2p2_processing_element_tb_1", "cornername": "Nominal"}
[2024-12-03 20:30:42.480 -0800] [INFO] [cadence.virtuoso.ade.simulationMonitor] - Peak resident memory used = 277 Mbytes. {"history": "ExplorerRun.0", "point": 1, "testname": "project_demo_ph2p2_processing_element_tb_1", "cornername": "Nominal"}
[2024-12-03 20:30:42.481 -0800] [WARN] [cadence.virtuoso.ade.simulationMonitor] -     WARNING (SPECTRE-16707): Only tran supports psfxl format, result of other analyses will be in psfbin format. {"history": "ExplorerRun.0", "point": 1, "testname": "project_demo_ph2p2_processing_element_tb_1", "cornername": "Nominal"}
[2024-12-03 20:30:50.984 -0800] [INFO] [cadence.virtuoso.ade.simulationMonitor] - Notice from spectre during IC analysis, during transient analysis `tran'.
    GminDC = 1 pS is large enough to noticeably affect the DC solution.
        dV(I0.I0|I0|I0|I1|net3) = 74.9667 mV
        Use the `gmin_check' option to eliminate or expand this report.
    Bad pivoting is found during DC analysis. Option dc_pivot_check=yes is recommended for possible improvement of convergence. {"history": "ExplorerRun.0", "point": 1, "testname": "project_demo_ph2p2_processing_element_tb_1", "cornername": "Nominal"}
[2024-12-03 20:31:43.011 -0800] [INFO] [cadence.virtuoso.ade.simulationMonitor] - Total time required for tran analysis `tran': CPU = 207.681 s (3m  27.7s), elapsed = 59.8468 s. {"history": "ExplorerRun.0", "point": 1, "testname": "project_demo_ph2p2_processing_element_tb_1", "cornername": "Nominal"}
[2024-12-03 20:31:43.013 -0800] [INFO] [cadence.virtuoso.ade.simulationMonitor] - Peak resident memory used = 659 Mbytes. {"history": "ExplorerRun.0", "point": 1, "testname": "project_demo_ph2p2_processing_element_tb_1", "cornername": "Nominal"}
[2024-12-03 20:31:47.516 -0800] [INFO] [cadence.virtuoso.ade.simulationMonitor] - Time used: CPU = 234 s (3m  54.0s), elapsed = 86.7 s (1m  26.7s), util. = 270%. {"history": "ExplorerRun.0", "point": 1, "testname": "project_demo_ph2p2_processing_element_tb_1", "cornername": "Nominal"}
[2024-12-03 20:31:47.518 -0800] [INFO] [cadence.virtuoso.ade.simulationMonitor] - Time spent in licensing: elapsed = 64.2 ms. {"history": "ExplorerRun.0", "point": 1, "testname": "project_demo_ph2p2_processing_element_tb_1", "cornername": "Nominal"}
[2024-12-03 20:31:47.520 -0800] [INFO] [cadence.virtuoso.ade.simulationMonitor] - Peak memory used = 659 Mbytes. {"history": "ExplorerRun.0", "point": 1, "testname": "project_demo_ph2p2_processing_element_tb_1", "cornername": "Nominal"}
[2024-12-03 20:31:47.524 -0800] [PROCESS] [cadence.virtuoso.ade.simulationMonitor] - Simulation started at: 8:30:20 PM, Tue Dec 3, 2024, ended at: 8:31:47 PM, Tue Dec 3, 2024, with elapsed time (wall clock): 86.7 s (1m  26.7s). {"history": "ExplorerRun.0", "point": 1, "testname": "project_demo_ph2p2_processing_element_tb_1", "cornername": "Nominal"}
[2024-12-03 20:31:47.525 -0800] [PROCESS] [cadence.virtuoso.ade.simulationMonitor] - spectre completes with 0 errors, 2 warnings, and 6 notices. {"history": "ExplorerRun.0", "point": 1, "testname": "project_demo_ph2p2_processing_element_tb_1", "cornername": "Nominal"}
[2024-12-03 20:31:48.028 -0800] [PROCESS] [cadence.virtuoso.ade.simulationMonitor] - Finished simulating for one point {"hostname": "viterbi-scf2", "processid": 276267, "history": "ExplorerRun.0", "testname": "project_demo_ph2p2_processing_element_tb_1", "cornername": "Nominal", "point": 1, "logfile": "/home/viterbi/01/tongjia/work_gpdk045/logs_tongjia/logs0/Job12.log", "simid": "1"}
[2024-12-03 20:31:48.029 -0800] [PROCESS] [cadence.virtuoso.ade.simulationMonitor] - Simulator exited {"hostname": "viterbi-scf2", "processid": 276267, "history": "ExplorerRun.0", "testname": "project_demo_ph2p2_processing_element_tb_1", "cornername": "Nominal", "point": 1, "logfile": "/home/viterbi/01/tongjia/work_gpdk045/logs_tongjia/logs0/Job12.log", "exitStatus": "0"}
[2024-12-03 20:31:48.030 -0800] [PROCESS] [cadence.virtuoso.ade.simulationMonitor] - Finished Simulation {"hostname": "viterbi-scf2", "processid": 276267, "history": "ExplorerRun.0", "testname": "project_demo_ph2p2_processing_element_tb_1", "cornername": "Nominal", "point": 1, "logfile": "/home/viterbi/01/tongjia/work_gpdk045/logs_tongjia/logs0/Job12.log", "simid": "1"}
[2024-12-03 20:31:50.556 -0800] [PROCESS] [cadence.virtuoso.ade.simulationMonitor] - Point Finished {"hostname": "viterbi-scf2", "processid": 276267, "history": "ExplorerRun.0", "testname": "project_demo_ph2p2_processing_element_tb_1", "cornername": "Nominal", "point": 1, "logfile": "/home/viterbi/01/tongjia/work_gpdk045/logs_tongjia/logs0/Job12.log"}
[2024-12-03 20:31:51.566 -0800] [PROCESS] [cadence.virtuoso.ade.simulationMonitor] - Stay with the runId '0', Linger time '300', currentRunSyn '1', currentTestSyn '2' {"hostname": "viterbi-scf2", "processid": 276267, "history": "ExplorerRun.0", "testname": "project_demo_ph2p2_processing_element_tb_1", "cornername": "Nominal", "point": 1, "logfile": "/home/viterbi/01/tongjia/work_gpdk045/logs_tongjia/logs0/Job12.log"}
[2024-12-03 20:31:52.566 -0800] [PROCESS] [cadence.virtuoso.ade.simulationMonitor] - Stay with the runId '0', Linger time '300', currentRunSyn '1', currentTestSyn '2' {"hostname": "viterbi-scf2", "processid": 276267, "history": "ExplorerRun.0", "testname": "project_demo_ph2p2_processing_element_tb_1", "cornername": "Nominal", "point": 1, "logfile": "/home/viterbi/01/tongjia/work_gpdk045/logs_tongjia/logs0/Job12.log"}
[2024-12-03 20:31:53.569 -0800] [PROCESS] [cadence.virtuoso.ade.simulationMonitor] - Stay with the runId '0', Linger time '300', currentRunSyn '1', currentTestSyn '2' {"hostname": "viterbi-scf2", "processid": 276267, "history": "ExplorerRun.0", "testname": "project_demo_ph2p2_processing_element_tb_1", "cornername": "Nominal", "point": 1, "logfile": "/home/viterbi/01/tongjia/work_gpdk045/logs_tongjia/logs0/Job12.log"}
[2024-12-03 20:31:54.573 -0800] [PROCESS] [cadence.virtuoso.ade.simulationMonitor] - Stay with the runId '0', Linger time '300', currentRunSyn '1', currentTestSyn '2' {"hostname": "viterbi-scf2", "processid": 276267, "history": "ExplorerRun.0", "testname": "project_demo_ph2p2_processing_element_tb_1", "cornername": "Nominal", "point": 1, "logfile": "/home/viterbi/01/tongjia/work_gpdk045/logs_tongjia/logs0/Job12.log"}
[2024-12-03 20:31:55.578 -0800] [PROCESS] [cadence.virtuoso.ade.simulationMonitor] - Stay with the runId '0', Linger time '300', currentRunSyn '1', currentTestSyn '2' {"hostname": "viterbi-scf2", "processid": 276267, "history": "ExplorerRun.0", "testname": "project_demo_ph2p2_processing_element_tb_1", "cornername": "Nominal", "point": 1, "logfile": "/home/viterbi/01/tongjia/work_gpdk045/logs_tongjia/logs0/Job12.log"}
[2024-12-03 20:31:56.585 -0800] [PROCESS] [cadence.virtuoso.ade.simulationMonitor] - Stay with the runId '0', Linger time '300', currentRunSyn '1', currentTestSyn '2' {"hostname": "viterbi-scf2", "processid": 276267, "history": "ExplorerRun.0", "testname": "project_demo_ph2p2_processing_element_tb_1", "cornername": "Nominal", "point": 1, "logfile": "/home/viterbi/01/tongjia/work_gpdk045/logs_tongjia/logs0/Job12.log"}
[2024-12-03 20:31:57.579 -0800] [PROCESS] [cadence.virtuoso.ade.simulationMonitor] - Stay with the runId '0', Linger time '300', currentRunSyn '1', currentTestSyn '2' {"hostname": "viterbi-scf2", "processid": 276267, "history": "ExplorerRun.0", "testname": "project_demo_ph2p2_processing_element_tb_1", "cornername": "Nominal", "point": 1, "logfile": "/home/viterbi/01/tongjia/work_gpdk045/logs_tongjia/logs0/Job12.log"}
[2024-12-03 20:31:58.577 -0800] [PROCESS] [cadence.virtuoso.ade.simulationMonitor] - Stay with the runId '0', Linger time '300', currentRunSyn '1', currentTestSyn '2' {"hostname": "viterbi-scf2", "processid": 276267, "history": "ExplorerRun.0", "testname": "project_demo_ph2p2_processing_element_tb_1", "cornername": "Nominal", "point": 1, "logfile": "/home/viterbi/01/tongjia/work_gpdk045/logs_tongjia/logs0/Job12.log"}
[2024-12-03 20:35:53.288 -0800] [INFO] [cadence.virtuoso.ade.simulationMonitor] - SimulationMonitor has terminated the vds process '276314', reason: 'Force to stop the expression evalutor process because of new run' {"history": "ExplorerRun.0", "point": 1, "testname": "project_demo_ph2p2_processing_element_tb_1", "cornername": "Nominal"}
[2024-12-03 20:35:53.291 -0800] [PROCESS] [cadence.virtuoso.ade.simulationMonitor] - HostInfo:
Host name (type):	viterbi-scf2 (x86_64)
Operating system:	Linux 3.10.0-1160.119.1.el7.tuxcare.els10.x86_64 #1 SMP Fri Oct 11 21:40:41 UTC 2024 {"hostname": "viterbi-scf2", "processid": 276267, "history": "ExplorerRun.0", "testname": "project_demo_ph2p2_processing_element_tb_1", "cornername": "Nominal", "point": 1, "logfile": "/home/viterbi/01/tongjia/work_gpdk045/logs_tongjia/logs0/Job12.log", "nodename": "viterbi-scf2", "domainname": "viterbi", "machine": "x86_64", "sysname": "Linux", "release": "3.10.0-1160.119.1.el7.tuxcare.els10.x86_64", "version": "#1 SMP Fri Oct 11 21:40:41 UTC 2024"}
[2024-12-03 20:35:53.292 -0800] [PROCESS] [cadence.virtuoso.ade.simulationMonitor] - UsageInfo:
pid=276267
totalPhysicalMemory=1007.132401GB,Used=443.989090GB,totalVirtualMemory=1007.132401GB,Used=443.989090GB
Cpu: Cores=112, Load average:50.630000,54.330000,54.680000 {"hostname": "viterbi-scf2", "processid": 276267, "history": "ExplorerRun.0", "testname": "project_demo_ph2p2_processing_element_tb_1", "cornername": "Nominal", "point": 1, "logfile": "/home/viterbi/01/tongjia/work_gpdk045/logs_tongjia/logs0/Job12.log", "pid": "276267", "totalPhysicalMemory": "1007.132401", "physicalMemoryUsed": "443.989090", "totalVirtualMemory": "1007.132401", "virtualMemoryUsed": "443.989090", "cpuCores": "112", "processes": "9882", "loadAverage1": "50.630000", "loadAverage5": "54.330000", "loadAverage15": "54.680000", "loadAverage1Percent": "0.452054"}
[2024-12-03 20:35:53.294 -0800] [EVENT] [cadence.virtuoso.ade.simulationMonitor] - NewPoint {"history": "ExplorerRun.0", "point": 1, "testname": "project_demo_ph2p2_processing_element_tb_1", "cornername": "Nominal", "event": "NewPoint", "EventSource": "Simulation Monitor", "HistoryName": "ExplorerRun.0", "logFile": "/home/viterbi/01/tongjia/work_gpdk045/logs_tongjia/logs0/Job12.log", "logFileSize": "16268"}
[2024-12-03 20:35:53.698 -0800] [EVENT] [cadence.virtuoso.ade.simulationMonitor] - NewPoint {"history": "ExplorerRun.0", "point": 1, "testname": "project_demo_ph2p2_processing_element_tb_1", "cornername": "Nominal", "event": "NewPoint", "EventSource": "spectre", "HistoryName": "ExplorerRun.0", "logFile": "/home/viterbi/01/tongjia/simulation/project_demo/ph2p2_processing_element_tb/maestro/results/maestro/ExplorerRun.0/1/project_demo_ph2p2_processing_element_tb_1/psf/spectre.out", "logFileSize": "-1"}
[2024-12-03 20:35:53.724 -0800] [PROCESS] [cadence.virtuoso.ade.simulationMonitor] - Simulator launched {"hostname": "viterbi-scf2", "processid": 276267, "history": "ExplorerRun.0", "testname": "project_demo_ph2p2_processing_element_tb_1", "cornername": "Nominal", "point": 1, "logfile": "/home/viterbi/01/tongjia/work_gpdk045/logs_tongjia/logs0/Job12.log", "simid": "2"}
[2024-12-03 20:35:53.746 -0800] [PROCESS] [cadence.virtuoso.ade.simulationMonitor] - Expression evaluator launched {"hostname": "viterbi-scf2", "processid": 276267, "history": "ExplorerRun.0", "testname": "project_demo_ph2p2_processing_element_tb_1", "cornername": "Nominal", "point": 1, "logfile": "/home/viterbi/01/tongjia/work_gpdk045/logs_tongjia/logs0/Job12.log"}
[2024-12-03 20:35:55.050 -0800] [PROCESS] [cadence.virtuoso.ade.simulationMonitor] - Started Simulation {"hostname": "viterbi-scf2", "processid": 276267, "history": "ExplorerRun.0", "testname": "project_demo_ph2p2_processing_element_tb_1", "cornername": "Nominal", "point": 1, "logfile": "/home/viterbi/01/tongjia/work_gpdk045/logs_tongjia/logs0/Job12.log", "event": "started", "task": "simulation"}
[2024-12-03 20:35:55.052 -0800] [INFO] [cadence.virtuoso.ade.simulationMonitor] - Notice from spectre during Digital Vector read-in.
    Process Vector Files.
    File read: /home/viterbi/01/tongjia/work_gpdk045/vector_files/ph2p2_processing_element.vec {"history": "ExplorerRun.0", "point": 1, "testname": "project_demo_ph2p2_processing_element_tb_1", "cornername": "Nominal"}
[2024-12-03 20:35:56.052 -0800] [INFO] [cadence.virtuoso.ade.simulationMonitor] - Peak resident memory used = 89.9 Mbytes. {"history": "ExplorerRun.0", "point": 1, "testname": "project_demo_ph2p2_processing_element_tb_1", "cornername": "Nominal"}
[2024-12-03 20:36:00.056 -0800] [INFO] [cadence.virtuoso.ade.simulationMonitor] - Peak resident memory used = 164 Mbytes. {"history": "ExplorerRun.0", "point": 1, "testname": "project_demo_ph2p2_processing_element_tb_1", "cornername": "Nominal"}
[2024-12-03 20:36:01.557 -0800] [INFO] [cadence.virtuoso.ade.simulationMonitor] - Peak resident memory used = 240 Mbytes. {"history": "ExplorerRun.0", "point": 1, "testname": "project_demo_ph2p2_processing_element_tb_1", "cornername": "Nominal"}
[2024-12-03 20:36:14.571 -0800] [INFO] [cadence.virtuoso.ade.simulationMonitor] -               nodes 13271 {"history": "ExplorerRun.0", "point": 1, "testname": "project_demo_ph2p2_processing_element_tb_1", "cornername": "Nominal"}
[2024-12-03 20:36:14.573 -0800] [INFO] [cadence.virtuoso.ade.simulationMonitor] - Notice from spectre during initial setup.
    APS Enabled.
    Multithreading Enabled: 8 threads in the system with 112 available processors. {"history": "ExplorerRun.0", "point": 1, "testname": "project_demo_ph2p2_processing_element_tb_1", "cornername": "Nominal"}
[2024-12-03 20:36:14.573 -0800] [INFO] [cadence.virtuoso.ade.simulationMonitor] - Peak resident memory used = 277 Mbytes. {"history": "ExplorerRun.0", "point": 1, "testname": "project_demo_ph2p2_processing_element_tb_1", "cornername": "Nominal"}
[2024-12-03 20:36:14.573 -0800] [WARN] [cadence.virtuoso.ade.simulationMonitor] -     WARNING (SPECTRE-16707): Only tran supports psfxl format, result of other analyses will be in psfbin format. {"history": "ExplorerRun.0", "point": 1, "testname": "project_demo_ph2p2_processing_element_tb_1", "cornername": "Nominal"}
[2024-12-03 20:36:22.078 -0800] [INFO] [cadence.virtuoso.ade.simulationMonitor] - Notice from spectre during IC analysis, during transient analysis `tran'.
    GminDC = 1 pS is large enough to noticeably affect the DC solution.
        dV(I0.2\:I0|I0|I8|I1|net3) = -16.1974 mV
        Use the `gmin_check' option to eliminate or expand this report.
    Bad pivoting is found during DC analysis. Option dc_pivot_check=yes is recommended for possible improvement of convergence. {"history": "ExplorerRun.0", "point": 1, "testname": "project_demo_ph2p2_processing_element_tb_1", "cornername": "Nominal"}
[2024-12-03 20:37:03.599 -0800] [INFO] [cadence.virtuoso.ade.simulationMonitor] - Notice from spectre at time = 7.37642 ns during transient analysis `tran'.
    Found trapezoidal ringing on node I0.2\:I0|I1|I0|I1|I1|I0|I21|net1. {"history": "ExplorerRun.0", "point": 1, "testname": "project_demo_ph2p2_processing_element_tb_1", "cornername": "Nominal"}
[2024-12-03 20:37:03.600 -0800] [INFO] [cadence.virtuoso.ade.simulationMonitor] - Notice from spectre at time = 7.57642 ns during transient analysis `tran'.
    Found trapezoidal ringing on node I0.2\:I0|I1|I0|I1|I1|I0|I21|net1. {"history": "ExplorerRun.0", "point": 1, "testname": "project_demo_ph2p2_processing_element_tb_1", "cornername": "Nominal"}
[2024-12-03 20:37:03.602 -0800] [INFO] [cadence.virtuoso.ade.simulationMonitor] - Notice from spectre at time = 7.77642 ns during transient analysis `tran'.
    Found trapezoidal ringing on node I0.2\:I0|I1|I0|I1|I1|I0|I21|net1. {"history": "ExplorerRun.0", "point": 1, "testname": "project_demo_ph2p2_processing_element_tb_1", "cornername": "Nominal"}
[2024-12-03 20:37:04.103 -0800] [INFO] [cadence.virtuoso.ade.simulationMonitor] - Notice from spectre at time = 7.97642 ns during transient analysis `tran'.
    Found trapezoidal ringing on node I0.2\:I0|I1|I0|I1|I1|I0|I21|net1. {"history": "ExplorerRun.0", "point": 1, "testname": "project_demo_ph2p2_processing_element_tb_1", "cornername": "Nominal"}
[2024-12-03 20:37:04.104 -0800] [INFO] [cadence.virtuoso.ade.simulationMonitor] - Notice from spectre at time = 8.17642 ns during transient analysis `tran'.
    Found trapezoidal ringing on node I0.2\:I0|I1|I0|I1|I1|I0|I21|net1.
        Further occurrences of this notice will be suppressed. {"history": "ExplorerRun.0", "point": 1, "testname": "project_demo_ph2p2_processing_element_tb_1", "cornername": "Nominal"}
[2024-12-03 20:37:04.105 -0800] [INFO] [cadence.virtuoso.ade.simulationMonitor] - Notice from spectre during transient analysis `tran'.
    Trapezoidal ringing is detected during tran analysis.
        Please use method=trap for better results and performance. {"history": "ExplorerRun.0", "point": 1, "testname": "project_demo_ph2p2_processing_element_tb_1", "cornername": "Nominal"}
[2024-12-03 20:37:04.607 -0800] [INFO] [cadence.virtuoso.ade.simulationMonitor] - Total time required for tran analysis `tran': CPU = 168.126 s (2m  48.1s), elapsed = 49.7769 s. {"history": "ExplorerRun.0", "point": 1, "testname": "project_demo_ph2p2_processing_element_tb_1", "cornername": "Nominal"}
[2024-12-03 20:37:04.607 -0800] [INFO] [cadence.virtuoso.ade.simulationMonitor] - Peak resident memory used = 555 Mbytes. {"history": "ExplorerRun.0", "point": 1, "testname": "project_demo_ph2p2_processing_element_tb_1", "cornername": "Nominal"}
[2024-12-03 20:37:04.608 -0800] [INFO] [cadence.virtuoso.ade.simulationMonitor] - Notice from spectre.
    10 notices suppressed. {"history": "ExplorerRun.0", "point": 1, "testname": "project_demo_ph2p2_processing_element_tb_1", "cornername": "Nominal"}
[2024-12-03 20:37:10.611 -0800] [INFO] [cadence.virtuoso.ade.simulationMonitor] - Time used: CPU = 194 s (3m  14.4s), elapsed = 76.5 s (1m  16.5s), util. = 254%. {"history": "ExplorerRun.0", "point": 1, "testname": "project_demo_ph2p2_processing_element_tb_1", "cornername": "Nominal"}
[2024-12-03 20:37:10.612 -0800] [INFO] [cadence.virtuoso.ade.simulationMonitor] - Time spent in licensing: elapsed = 68 ms. {"history": "ExplorerRun.0", "point": 1, "testname": "project_demo_ph2p2_processing_element_tb_1", "cornername": "Nominal"}
[2024-12-03 20:37:10.614 -0800] [INFO] [cadence.virtuoso.ade.simulationMonitor] - Peak memory used = 555 Mbytes. {"history": "ExplorerRun.0", "point": 1, "testname": "project_demo_ph2p2_processing_element_tb_1", "cornername": "Nominal"}
[2024-12-03 20:37:10.618 -0800] [PROCESS] [cadence.virtuoso.ade.simulationMonitor] - Simulation started at: 8:35:53 PM, Tue Dec 3, 2024, ended at: 8:37:10 PM, Tue Dec 3, 2024, with elapsed time (wall clock): 76.5 s (1m  16.5s). {"history": "ExplorerRun.0", "point": 1, "testname": "project_demo_ph2p2_processing_element_tb_1", "cornername": "Nominal"}
[2024-12-03 20:37:10.619 -0800] [PROCESS] [cadence.virtuoso.ade.simulationMonitor] - spectre completes with 0 errors, 1 warning, and 13 notices. {"history": "ExplorerRun.0", "point": 1, "testname": "project_demo_ph2p2_processing_element_tb_1", "cornername": "Nominal"}
[2024-12-03 20:37:11.122 -0800] [PROCESS] [cadence.virtuoso.ade.simulationMonitor] - Finished simulating for one point {"hostname": "viterbi-scf2", "processid": 276267, "history": "ExplorerRun.0", "testname": "project_demo_ph2p2_processing_element_tb_1", "cornername": "Nominal", "point": 1, "logfile": "/home/viterbi/01/tongjia/work_gpdk045/logs_tongjia/logs0/Job12.log", "simid": "2"}
[2024-12-03 20:37:11.124 -0800] [PROCESS] [cadence.virtuoso.ade.simulationMonitor] - Simulator exited {"hostname": "viterbi-scf2", "processid": 276267, "history": "ExplorerRun.0", "testname": "project_demo_ph2p2_processing_element_tb_1", "cornername": "Nominal", "point": 1, "logfile": "/home/viterbi/01/tongjia/work_gpdk045/logs_tongjia/logs0/Job12.log", "exitStatus": "0"}
[2024-12-03 20:37:11.125 -0800] [PROCESS] [cadence.virtuoso.ade.simulationMonitor] - Finished Simulation {"hostname": "viterbi-scf2", "processid": 276267, "history": "ExplorerRun.0", "testname": "project_demo_ph2p2_processing_element_tb_1", "cornername": "Nominal", "point": 1, "logfile": "/home/viterbi/01/tongjia/work_gpdk045/logs_tongjia/logs0/Job12.log", "simid": "2"}
[2024-12-03 20:37:14.148 -0800] [PROCESS] [cadence.virtuoso.ade.simulationMonitor] - Point Finished {"hostname": "viterbi-scf2", "processid": 276267, "history": "ExplorerRun.0", "testname": "project_demo_ph2p2_processing_element_tb_1", "cornername": "Nominal", "point": 1, "logfile": "/home/viterbi/01/tongjia/work_gpdk045/logs_tongjia/logs0/Job12.log"}
[2024-12-03 20:37:15.163 -0800] [PROCESS] [cadence.virtuoso.ade.simulationMonitor] - Stay with the runId '1', Linger time '300', currentRunSyn '3', currentTestSyn '4' {"hostname": "viterbi-scf2", "processid": 276267, "history": "ExplorerRun.0", "testname": "project_demo_ph2p2_processing_element_tb_1", "cornername": "Nominal", "point": 1, "logfile": "/home/viterbi/01/tongjia/work_gpdk045/logs_tongjia/logs0/Job12.log"}
[2024-12-03 20:37:16.166 -0800] [PROCESS] [cadence.virtuoso.ade.simulationMonitor] - Stay with the runId '1', Linger time '300', currentRunSyn '3', currentTestSyn '4' {"hostname": "viterbi-scf2", "processid": 276267, "history": "ExplorerRun.0", "testname": "project_demo_ph2p2_processing_element_tb_1", "cornername": "Nominal", "point": 1, "logfile": "/home/viterbi/01/tongjia/work_gpdk045/logs_tongjia/logs0/Job12.log"}
[2024-12-03 20:37:17.171 -0800] [PROCESS] [cadence.virtuoso.ade.simulationMonitor] - Stay with the runId '1', Linger time '300', currentRunSyn '3', currentTestSyn '4' {"hostname": "viterbi-scf2", "processid": 276267, "history": "ExplorerRun.0", "testname": "project_demo_ph2p2_processing_element_tb_1", "cornername": "Nominal", "point": 1, "logfile": "/home/viterbi/01/tongjia/work_gpdk045/logs_tongjia/logs0/Job12.log"}
[2024-12-03 20:37:18.171 -0800] [PROCESS] [cadence.virtuoso.ade.simulationMonitor] - Stay with the runId '1', Linger time '300', currentRunSyn '3', currentTestSyn '4' {"hostname": "viterbi-scf2", "processid": 276267, "history": "ExplorerRun.0", "testname": "project_demo_ph2p2_processing_element_tb_1", "cornername": "Nominal", "point": 1, "logfile": "/home/viterbi/01/tongjia/work_gpdk045/logs_tongjia/logs0/Job12.log"}
[2024-12-03 20:37:19.169 -0800] [PROCESS] [cadence.virtuoso.ade.simulationMonitor] - Stay with the runId '1', Linger time '300', currentRunSyn '3', currentTestSyn '4' {"hostname": "viterbi-scf2", "processid": 276267, "history": "ExplorerRun.0", "testname": "project_demo_ph2p2_processing_element_tb_1", "cornername": "Nominal", "point": 1, "logfile": "/home/viterbi/01/tongjia/work_gpdk045/logs_tongjia/logs0/Job12.log"}
[2024-12-03 20:37:20.178 -0800] [PROCESS] [cadence.virtuoso.ade.simulationMonitor] - Stay with the runId '1', Linger time '300', currentRunSyn '3', currentTestSyn '4' {"hostname": "viterbi-scf2", "processid": 276267, "history": "ExplorerRun.0", "testname": "project_demo_ph2p2_processing_element_tb_1", "cornername": "Nominal", "point": 1, "logfile": "/home/viterbi/01/tongjia/work_gpdk045/logs_tongjia/logs0/Job12.log"}
[2024-12-03 20:37:21.177 -0800] [PROCESS] [cadence.virtuoso.ade.simulationMonitor] - Stay with the runId '1', Linger time '300', currentRunSyn '3', currentTestSyn '4' {"hostname": "viterbi-scf2", "processid": 276267, "history": "ExplorerRun.0", "testname": "project_demo_ph2p2_processing_element_tb_1", "cornername": "Nominal", "point": 1, "logfile": "/home/viterbi/01/tongjia/work_gpdk045/logs_tongjia/logs0/Job12.log"}
[2024-12-03 20:37:22.182 -0800] [PROCESS] [cadence.virtuoso.ade.simulationMonitor] - Stay with the runId '1', Linger time '300', currentRunSyn '3', currentTestSyn '4' {"hostname": "viterbi-scf2", "processid": 276267, "history": "ExplorerRun.0", "testname": "project_demo_ph2p2_processing_element_tb_1", "cornername": "Nominal", "point": 1, "logfile": "/home/viterbi/01/tongjia/work_gpdk045/logs_tongjia/logs0/Job12.log"}
[2024-12-03 20:38:56.509 -0800] [PROCESS] [cadence.virtuoso.ade.simulationMonitor] - get signal Terminated<15> from user:tongjia, which pid:276265:/usr/local/cadence/ICADVM201/tools/bin/64bit/cdsServIpc {"hostname": "viterbi-scf2", "processid": 276267, "history": "ExplorerRun.0", "testname": "project_demo_ph2p2_processing_element_tb_1", "cornername": "Nominal", "point": 1, "logfile": "/home/viterbi/01/tongjia/work_gpdk045/logs_tongjia/logs0/Job12.log", "signal": "15", "signalName": "Terminated", "which": "/usr/local/cadence/ICADVM201/tools/bin/64bit/cdsServIpc", "pid": "276265", "user": "tongjia", "uid": "506509"}
[2024-12-03 20:38:56.510 -0800] [INFO] [cadence.virtuoso.ade.simulationMonitor] - SimulationMonitor has terminated the  process '301046', reason: 'simulationMonitor is handling signal 15' {"history": "ExplorerRun.0", "point": 1, "testname": "project_demo_ph2p2_processing_element_tb_1", "cornername": "Nominal"}
