[Simulation Monitor: 17]
[2024-12-03 21:21:53.513 -0800] [PROCESS] [cadence.virtuoso.ade.simulationMonitor] - Simulation Monitor has successfully started up. Trying to set up communication channels to other components ... {"hostname": "viterbi-scf2", "processid": 116691, "logfile": "/home/viterbi/01/tongjia/work_gpdk045/logs_tongjia/logs0/Job17.log"}
[2024-12-03 21:21:53.516 -0800] [PROCESS] [cadence.virtuoso.ade.simulationMonitor] - Communication channels have been successfully set up. Start processing events ... {"hostname": "viterbi-scf2", "processid": 116691, "logfile": "/home/viterbi/01/tongjia/work_gpdk045/logs_tongjia/logs0/Job17.log"}
[2024-12-03 21:21:53.516 -0800] [PROCESS] [cadence.virtuoso.ade.simulationMonitor] - Considering to start history {"hostname": "viterbi-scf2", "processid": 116691, "history": "ExplorerRun.0", "logfile": "/home/viterbi/01/tongjia/work_gpdk045/logs_tongjia/logs0/Job17.log"}
[2024-12-03 21:21:53.526 -0800] [PROCESS] [cadence.virtuoso.ade.simulationMonitor] - HostInfo:
Host name (type):	viterbi-scf2 (x86_64)
Operating system:	Linux 3.10.0-1160.119.1.el7.tuxcare.els10.x86_64 #1 SMP Fri Oct 11 21:40:41 UTC 2024 {"hostname": "viterbi-scf2", "processid": 116691, "history": "ExplorerRun.0", "logfile": "/home/viterbi/01/tongjia/work_gpdk045/logs_tongjia/logs0/Job17.log", "nodename": "viterbi-scf2", "domainname": "viterbi", "machine": "x86_64", "sysname": "Linux", "release": "3.10.0-1160.119.1.el7.tuxcare.els10.x86_64", "version": "#1 SMP Fri Oct 11 21:40:41 UTC 2024"}
[2024-12-03 21:21:53.527 -0800] [PROCESS] [cadence.virtuoso.ade.simulationMonitor] - UsageInfo:
pid=116691
totalPhysicalMemory=1007.132401GB,Used=458.926022GB,totalVirtualMemory=1007.132401GB,Used=458.926022GB
Cpu: Cores=112, Load average:38.420000,42.390000,47.330000 {"hostname": "viterbi-scf2", "processid": 116691, "history": "ExplorerRun.0", "logfile": "/home/viterbi/01/tongjia/work_gpdk045/logs_tongjia/logs0/Job17.log", "pid": "116691", "totalPhysicalMemory": "1007.132401", "physicalMemoryUsed": "458.926022", "totalVirtualMemory": "1007.132401", "virtualMemoryUsed": "458.926022", "cpuCores": "112", "processes": "10090", "loadAverage1": "38.420000", "loadAverage5": "42.390000", "loadAverage15": "47.330000", "loadAverage1Percent": "0.343036"}
[2024-12-03 21:21:53.531 -0800] [EVENT] [cadence.virtuoso.ade.simulationMonitor] - NewPoint {"history": "ExplorerRun.0", "point": 1, "testname": "project_demo_ph2p3_Matrix_vector_Multiplication_tb_1", "cornername": "Nominal", "event": "NewPoint", "EventSource": "Simulation Monitor", "HistoryName": "ExplorerRun.0", "logFile": "/home/viterbi/01/tongjia/work_gpdk045/logs_tongjia/logs0/Job17.log", "logFileSize": "2277"}
[2024-12-03 21:21:53.934 -0800] [EVENT] [cadence.virtuoso.ade.simulationMonitor] - NewPoint {"history": "ExplorerRun.0", "point": 1, "testname": "project_demo_ph2p3_Matrix_vector_Multiplication_tb_1", "cornername": "Nominal", "event": "NewPoint", "EventSource": "spectre", "HistoryName": "ExplorerRun.0", "logFile": "/home/viterbi/01/tongjia/simulation/project_demo/ph2p3_Matrix_vector_Multiplication_tb/maestro/results/maestro/ExplorerRun.0/1/project_demo_ph2p3_Matrix_vector_Multiplication_tb_1/psf/spectre.out", "logFileSize": "-1"}
[2024-12-03 21:21:53.960 -0800] [PROCESS] [cadence.virtuoso.ade.simulationMonitor] - Simulator launched {"hostname": "viterbi-scf2", "processid": 116691, "history": "ExplorerRun.0", "testname": "project_demo_ph2p3_Matrix_vector_Multiplication_tb_1", "cornername": "Nominal", "point": 1, "logfile": "/home/viterbi/01/tongjia/work_gpdk045/logs_tongjia/logs0/Job17.log", "simid": "1"}
[2024-12-03 21:21:53.964 -0800] [PROCESS] [cadence.virtuoso.ade.simulationMonitor] - Expression evaluator launched {"hostname": "viterbi-scf2", "processid": 116691, "history": "ExplorerRun.0", "testname": "project_demo_ph2p3_Matrix_vector_Multiplication_tb_1", "cornername": "Nominal", "point": 1, "logfile": "/home/viterbi/01/tongjia/work_gpdk045/logs_tongjia/logs0/Job17.log"}
[2024-12-03 21:21:55.328 -0800] [PROCESS] [cadence.virtuoso.ade.simulationMonitor] - Started Simulation {"hostname": "viterbi-scf2", "processid": 116691, "history": "ExplorerRun.0", "testname": "project_demo_ph2p3_Matrix_vector_Multiplication_tb_1", "cornername": "Nominal", "point": 1, "logfile": "/home/viterbi/01/tongjia/work_gpdk045/logs_tongjia/logs0/Job17.log", "event": "started", "task": "simulation"}
[2024-12-03 21:21:55.331 -0800] [INFO] [cadence.virtuoso.ade.simulationMonitor] - Notice from spectre during Digital Vector read-in.
    Process Vector Files.
    File read: /home/viterbi/01/tongjia/work_gpdk045/vector_files/ph2p3.vec {"history": "ExplorerRun.0", "point": 1, "testname": "project_demo_ph2p3_Matrix_vector_Multiplication_tb_1", "cornername": "Nominal"}
[2024-12-03 21:21:58.833 -0800] [INFO] [cadence.virtuoso.ade.simulationMonitor] - Peak resident memory used = 165 Mbytes. {"history": "ExplorerRun.0", "point": 1, "testname": "project_demo_ph2p3_Matrix_vector_Multiplication_tb_1", "cornername": "Nominal"}
[2024-12-03 21:22:37.356 -0800] [INFO] [cadence.virtuoso.ade.simulationMonitor] - Peak resident memory used = 426 Mbytes. {"history": "ExplorerRun.0", "point": 1, "testname": "project_demo_ph2p3_Matrix_vector_Multiplication_tb_1", "cornername": "Nominal"}
[2024-12-03 21:22:43.860 -0800] [INFO] [cadence.virtuoso.ade.simulationMonitor] - Peak resident memory used = 725 Mbytes. {"history": "ExplorerRun.0", "point": 1, "testname": "project_demo_ph2p3_Matrix_vector_Multiplication_tb_1", "cornername": "Nominal"}
[2024-12-03 21:23:27.390 -0800] [INFO] [cadence.virtuoso.ade.simulationMonitor] -               nodes 53270 {"history": "ExplorerRun.0", "point": 1, "testname": "project_demo_ph2p3_Matrix_vector_Multiplication_tb_1", "cornername": "Nominal"}
[2024-12-03 21:23:27.392 -0800] [INFO] [cadence.virtuoso.ade.simulationMonitor] - Notice from spectre during initial setup.
    APS Enabled. {"history": "ExplorerRun.0", "point": 1, "testname": "project_demo_ph2p3_Matrix_vector_Multiplication_tb_1", "cornername": "Nominal"}
[2024-12-03 21:23:27.895 -0800] [INFO] [cadence.virtuoso.ade.simulationMonitor] -     Multithreading Enabled: 8 threads in the system with 112 available processors. {"history": "ExplorerRun.0", "point": 1, "testname": "project_demo_ph2p3_Matrix_vector_Multiplication_tb_1", "cornername": "Nominal"}
[2024-12-03 21:23:27.897 -0800] [INFO] [cadence.virtuoso.ade.simulationMonitor] - Peak resident memory used = 861 Mbytes. {"history": "ExplorerRun.0", "point": 1, "testname": "project_demo_ph2p3_Matrix_vector_Multiplication_tb_1", "cornername": "Nominal"}
[2024-12-03 21:23:27.898 -0800] [WARN] [cadence.virtuoso.ade.simulationMonitor] -     WARNING (SPECTRE-16707): Only tran supports psfxl format, result of other analyses will be in psfbin format. {"history": "ExplorerRun.0", "point": 1, "testname": "project_demo_ph2p3_Matrix_vector_Multiplication_tb_1", "cornername": "Nominal"}
[2024-12-03 21:24:50.441 -0800] [INFO] [cadence.virtuoso.ade.simulationMonitor] - Notice from spectre during IC analysis, during transient analysis `tran'.
    GminDC = 1 pS is large enough to noticeably affect the DC solution.
        dV(I0.2\:I22|I0|I0|I8|I1|net3) = -16.2006 mV
        Use the `gmin_check' option to eliminate or expand this report.
    Bad pivoting is found during DC analysis. Option dc_pivot_check=yes is recommended for possible improvement of convergence. {"history": "ExplorerRun.0", "point": 1, "testname": "project_demo_ph2p3_Matrix_vector_Multiplication_tb_1", "cornername": "Nominal"}
[2024-12-03 21:35:23.311 -0800] [INFO] [cadence.virtuoso.ade.simulationMonitor] - Notice from spectre at time = 29.6281 ns during transient analysis `tran'.
    Found trapezoidal ringing on node I0.I22|I0|I1|I0|I1|I1|I0|I21|PM3.n1. {"history": "ExplorerRun.0", "point": 1, "testname": "project_demo_ph2p3_Matrix_vector_Multiplication_tb_1", "cornername": "Nominal"}
[2024-12-03 21:35:23.312 -0800] [INFO] [cadence.virtuoso.ade.simulationMonitor] - Notice from spectre at time = 30.4281 ns during transient analysis `tran'.
    Found trapezoidal ringing on node I0.I22|I0|I1|I0|I1|I1|I0|I21|PM3.n1. {"history": "ExplorerRun.0", "point": 1, "testname": "project_demo_ph2p3_Matrix_vector_Multiplication_tb_1", "cornername": "Nominal"}
[2024-12-03 21:35:23.313 -0800] [INFO] [cadence.virtuoso.ade.simulationMonitor] - Notice from spectre at time = 31.2281 ns during transient analysis `tran'.
    Found trapezoidal ringing on node I0.I22|I0|I1|I0|I1|I1|I0|I21|PM3.n1. {"history": "ExplorerRun.0", "point": 1, "testname": "project_demo_ph2p3_Matrix_vector_Multiplication_tb_1", "cornername": "Nominal"}
[2024-12-03 21:35:23.814 -0800] [INFO] [cadence.virtuoso.ade.simulationMonitor] - Notice from spectre at time = 32.0281 ns during transient analysis `tran'.
    Found trapezoidal ringing on node I0.I22|I0|I1|I0|I1|I1|I0|I21|PM3.n1. {"history": "ExplorerRun.0", "point": 1, "testname": "project_demo_ph2p3_Matrix_vector_Multiplication_tb_1", "cornername": "Nominal"}
[2024-12-03 21:35:23.816 -0800] [INFO] [cadence.virtuoso.ade.simulationMonitor] - Notice from spectre at time = 32.8281 ns during transient analysis `tran'.
    Found trapezoidal ringing on node I0.I22|I0|I1|I0|I1|I1|I0|I21|PM3.n1.
        Further occurrences of this notice will be suppressed. {"history": "ExplorerRun.0", "point": 1, "testname": "project_demo_ph2p3_Matrix_vector_Multiplication_tb_1", "cornername": "Nominal"}
[2024-12-03 21:35:25.319 -0800] [INFO] [cadence.virtuoso.ade.simulationMonitor] - Notice from spectre during transient analysis `tran'.
    Trapezoidal ringing is detected during tran analysis.
        Please use method=trap for better results and performance. {"history": "ExplorerRun.0", "point": 1, "testname": "project_demo_ph2p3_Matrix_vector_Multiplication_tb_1", "cornername": "Nominal"}
[2024-12-03 21:35:26.820 -0800] [INFO] [cadence.virtuoso.ade.simulationMonitor] - Total time required for tran analysis `tran': CPU = 3.06787 ks (51m  7.9s), elapsed = 717.342 s (11m  57.3s). {"history": "ExplorerRun.0", "point": 1, "testname": "project_demo_ph2p3_Matrix_vector_Multiplication_tb_1", "cornername": "Nominal"}
[2024-12-03 21:35:26.821 -0800] [INFO] [cadence.virtuoso.ade.simulationMonitor] - Peak resident memory used = 1.74 Gbytes. {"history": "ExplorerRun.0", "point": 1, "testname": "project_demo_ph2p3_Matrix_vector_Multiplication_tb_1", "cornername": "Nominal"}
[2024-12-03 21:35:26.822 -0800] [INFO] [cadence.virtuoso.ade.simulationMonitor] - Notice from spectre.
    9 notices suppressed. {"history": "ExplorerRun.0", "point": 1, "testname": "project_demo_ph2p3_Matrix_vector_Multiplication_tb_1", "cornername": "Nominal"}
[2024-12-03 21:35:48.332 -0800] [INFO] [cadence.virtuoso.ade.simulationMonitor] - Time used: CPU = 3.18 ks (53m  3.3s), elapsed = 834 s (13m  53.7s), util. = 382%. {"history": "ExplorerRun.0", "point": 1, "testname": "project_demo_ph2p3_Matrix_vector_Multiplication_tb_1", "cornername": "Nominal"}
[2024-12-03 21:35:48.333 -0800] [INFO] [cadence.virtuoso.ade.simulationMonitor] - Time spent in licensing: elapsed = 66.8 ms. {"history": "ExplorerRun.0", "point": 1, "testname": "project_demo_ph2p3_Matrix_vector_Multiplication_tb_1", "cornername": "Nominal"}
[2024-12-03 21:35:48.335 -0800] [INFO] [cadence.virtuoso.ade.simulationMonitor] - Peak memory used = 1.85 Gbytes. {"history": "ExplorerRun.0", "point": 1, "testname": "project_demo_ph2p3_Matrix_vector_Multiplication_tb_1", "cornername": "Nominal"}
[2024-12-03 21:35:48.339 -0800] [PROCESS] [cadence.virtuoso.ade.simulationMonitor] - Simulation started at: 9:21:54 PM, Tue Dec 3, 2024, ended at: 9:35:47 PM, Tue Dec 3, 2024, with elapsed time (wall clock): 834 s (13m  53.7s). {"history": "ExplorerRun.0", "point": 1, "testname": "project_demo_ph2p3_Matrix_vector_Multiplication_tb_1", "cornername": "Nominal"}
[2024-12-03 21:35:48.339 -0800] [PROCESS] [cadence.virtuoso.ade.simulationMonitor] - spectre completes with 0 errors, 1 warning, and 13 notices. {"history": "ExplorerRun.0", "point": 1, "testname": "project_demo_ph2p3_Matrix_vector_Multiplication_tb_1", "cornername": "Nominal"}
[2024-12-03 21:35:48.842 -0800] [PROCESS] [cadence.virtuoso.ade.simulationMonitor] - Finished simulating for one point {"hostname": "viterbi-scf2", "processid": 116691, "history": "ExplorerRun.0", "testname": "project_demo_ph2p3_Matrix_vector_Multiplication_tb_1", "cornername": "Nominal", "point": 1, "logfile": "/home/viterbi/01/tongjia/work_gpdk045/logs_tongjia/logs0/Job17.log", "simid": "1"}
[2024-12-03 21:35:48.844 -0800] [PROCESS] [cadence.virtuoso.ade.simulationMonitor] - Simulator exited {"hostname": "viterbi-scf2", "processid": 116691, "history": "ExplorerRun.0", "testname": "project_demo_ph2p3_Matrix_vector_Multiplication_tb_1", "cornername": "Nominal", "point": 1, "logfile": "/home/viterbi/01/tongjia/work_gpdk045/logs_tongjia/logs0/Job17.log", "exitStatus": "0"}
[2024-12-03 21:35:48.845 -0800] [PROCESS] [cadence.virtuoso.ade.simulationMonitor] - Finished Simulation {"hostname": "viterbi-scf2", "processid": 116691, "history": "ExplorerRun.0", "testname": "project_demo_ph2p3_Matrix_vector_Multiplication_tb_1", "cornername": "Nominal", "point": 1, "logfile": "/home/viterbi/01/tongjia/work_gpdk045/logs_tongjia/logs0/Job17.log", "simid": "1"}
[2024-12-03 21:35:48.856 -0800] [PROCESS] [cadence.virtuoso.ade.simulationMonitor] - Expression evaluator launched {"hostname": "viterbi-scf2", "processid": 116691, "history": "ExplorerRun.0", "testname": "project_demo_ph2p3_Matrix_vector_Multiplication_tb_1", "cornername": "Nominal", "point": 1, "logfile": "/home/viterbi/01/tongjia/work_gpdk045/logs_tongjia/logs0/Job17.log"}
[2024-12-03 21:36:01.382 -0800] [PROCESS] [cadence.virtuoso.ade.simulationMonitor] - Point Finished {"hostname": "viterbi-scf2", "processid": 116691, "history": "ExplorerRun.0", "testname": "project_demo_ph2p3_Matrix_vector_Multiplication_tb_1", "cornername": "Nominal", "point": 1, "logfile": "/home/viterbi/01/tongjia/work_gpdk045/logs_tongjia/logs0/Job17.log"}
[2024-12-03 21:36:02.387 -0800] [PROCESS] [cadence.virtuoso.ade.simulationMonitor] - Stay with the runId '1', Linger time '300', currentRunSyn '3', currentTestSyn '4' {"hostname": "viterbi-scf2", "processid": 116691, "history": "ExplorerRun.0", "testname": "project_demo_ph2p3_Matrix_vector_Multiplication_tb_1", "cornername": "Nominal", "point": 1, "logfile": "/home/viterbi/01/tongjia/work_gpdk045/logs_tongjia/logs0/Job17.log"}
[2024-12-03 21:36:03.392 -0800] [PROCESS] [cadence.virtuoso.ade.simulationMonitor] - Stay with the runId '1', Linger time '300', currentRunSyn '3', currentTestSyn '4' {"hostname": "viterbi-scf2", "processid": 116691, "history": "ExplorerRun.0", "testname": "project_demo_ph2p3_Matrix_vector_Multiplication_tb_1", "cornername": "Nominal", "point": 1, "logfile": "/home/viterbi/01/tongjia/work_gpdk045/logs_tongjia/logs0/Job17.log"}
[2024-12-03 21:36:04.396 -0800] [PROCESS] [cadence.virtuoso.ade.simulationMonitor] - Stay with the runId '1', Linger time '300', currentRunSyn '3', currentTestSyn '4' {"hostname": "viterbi-scf2", "processid": 116691, "history": "ExplorerRun.0", "testname": "project_demo_ph2p3_Matrix_vector_Multiplication_tb_1", "cornername": "Nominal", "point": 1, "logfile": "/home/viterbi/01/tongjia/work_gpdk045/logs_tongjia/logs0/Job17.log"}
[2024-12-03 21:36:05.399 -0800] [PROCESS] [cadence.virtuoso.ade.simulationMonitor] - Stay with the runId '1', Linger time '300', currentRunSyn '3', currentTestSyn '4' {"hostname": "viterbi-scf2", "processid": 116691, "history": "ExplorerRun.0", "testname": "project_demo_ph2p3_Matrix_vector_Multiplication_tb_1", "cornername": "Nominal", "point": 1, "logfile": "/home/viterbi/01/tongjia/work_gpdk045/logs_tongjia/logs0/Job17.log"}
[2024-12-03 21:36:06.399 -0800] [PROCESS] [cadence.virtuoso.ade.simulationMonitor] - Stay with the runId '1', Linger time '300', currentRunSyn '3', currentTestSyn '4' {"hostname": "viterbi-scf2", "processid": 116691, "history": "ExplorerRun.0", "testname": "project_demo_ph2p3_Matrix_vector_Multiplication_tb_1", "cornername": "Nominal", "point": 1, "logfile": "/home/viterbi/01/tongjia/work_gpdk045/logs_tongjia/logs0/Job17.log"}
[2024-12-03 21:36:07.396 -0800] [PROCESS] [cadence.virtuoso.ade.simulationMonitor] - Stay with the runId '1', Linger time '300', currentRunSyn '3', currentTestSyn '4' {"hostname": "viterbi-scf2", "processid": 116691, "history": "ExplorerRun.0", "testname": "project_demo_ph2p3_Matrix_vector_Multiplication_tb_1", "cornername": "Nominal", "point": 1, "logfile": "/home/viterbi/01/tongjia/work_gpdk045/logs_tongjia/logs0/Job17.log"}
[2024-12-03 21:36:08.400 -0800] [PROCESS] [cadence.virtuoso.ade.simulationMonitor] - Stay with the runId '1', Linger time '300', currentRunSyn '3', currentTestSyn '4' {"hostname": "viterbi-scf2", "processid": 116691, "history": "ExplorerRun.0", "testname": "project_demo_ph2p3_Matrix_vector_Multiplication_tb_1", "cornername": "Nominal", "point": 1, "logfile": "/home/viterbi/01/tongjia/work_gpdk045/logs_tongjia/logs0/Job17.log"}
[2024-12-03 21:36:09.407 -0800] [PROCESS] [cadence.virtuoso.ade.simulationMonitor] - Stay with the runId '1', Linger time '300', currentRunSyn '3', currentTestSyn '4' {"hostname": "viterbi-scf2", "processid": 116691, "history": "ExplorerRun.0", "testname": "project_demo_ph2p3_Matrix_vector_Multiplication_tb_1", "cornername": "Nominal", "point": 1, "logfile": "/home/viterbi/01/tongjia/work_gpdk045/logs_tongjia/logs0/Job17.log"}
[2024-12-03 21:36:10.403 -0800] [PROCESS] [cadence.virtuoso.ade.simulationMonitor] - Stay with the runId '1', Linger time '300', currentRunSyn '3', currentTestSyn '4' {"hostname": "viterbi-scf2", "processid": 116691, "history": "ExplorerRun.0", "testname": "project_demo_ph2p3_Matrix_vector_Multiplication_tb_1", "cornername": "Nominal", "point": 1, "logfile": "/home/viterbi/01/tongjia/work_gpdk045/logs_tongjia/logs0/Job17.log"}
[2024-12-03 21:36:11.403 -0800] [PROCESS] [cadence.virtuoso.ade.simulationMonitor] - Stay with the runId '1', Linger time '300', currentRunSyn '3', currentTestSyn '4' {"hostname": "viterbi-scf2", "processid": 116691, "history": "ExplorerRun.0", "testname": "project_demo_ph2p3_Matrix_vector_Multiplication_tb_1", "cornername": "Nominal", "point": 1, "logfile": "/home/viterbi/01/tongjia/work_gpdk045/logs_tongjia/logs0/Job17.log"}
[2024-12-03 21:36:12.406 -0800] [PROCESS] [cadence.virtuoso.ade.simulationMonitor] - Stay with the runId '1', Linger time '300', currentRunSyn '3', currentTestSyn '4' {"hostname": "viterbi-scf2", "processid": 116691, "history": "ExplorerRun.0", "testname": "project_demo_ph2p3_Matrix_vector_Multiplication_tb_1", "cornername": "Nominal", "point": 1, "logfile": "/home/viterbi/01/tongjia/work_gpdk045/logs_tongjia/logs0/Job17.log"}
[2024-12-03 21:41:03.595 -0800] [PROCESS] [cadence.virtuoso.ade.simulationMonitor] - Current memory used: 32.4414 MBytes, peak memory used: 34.3594 MBytes {"hostname": "viterbi-scf2", "processid": 116691, "history": "ExplorerRun.0", "testname": "project_demo_ph2p3_Matrix_vector_Multiplication_tb_1", "cornername": "Nominal", "point": 1, "logfile": "/home/viterbi/01/tongjia/work_gpdk045/logs_tongjia/logs0/Job17.log"}
[2024-12-03 21:41:03.597 -0800] [PROCESS] [cadence.virtuoso.ade.simulationMonitor] - Simulation Monitor process exit. {"hostname": "viterbi-scf2", "processid": 116691, "history": "ExplorerRun.0", "testname": "project_demo_ph2p3_Matrix_vector_Multiplication_tb_1", "cornername": "Nominal", "point": 1, "logfile": "/home/viterbi/01/tongjia/work_gpdk045/logs_tongjia/logs0/Job17.log"}
