[Simulation Monitor: 10]
[2024-12-06 21:48:22.462 -0800] [PROCESS] [cadence.virtuoso.ade.simulationMonitor] - Simulation Monitor has successfully started up. Trying to set up communication channels to other components ... {"hostname": "viterbi-scf2", "processid": 64376, "logfile": "/home/viterbi/01/tongjia/work_gpdk045/logs_tongjia/logs0/Job10.log"}
[2024-12-06 21:48:22.466 -0800] [PROCESS] [cadence.virtuoso.ade.simulationMonitor] - Communication channels have been successfully set up. Start processing events ... {"hostname": "viterbi-scf2", "processid": 64376, "logfile": "/home/viterbi/01/tongjia/work_gpdk045/logs_tongjia/logs0/Job10.log"}
[2024-12-06 21:48:22.466 -0800] [PROCESS] [cadence.virtuoso.ade.simulationMonitor] - Considering to start history {"hostname": "viterbi-scf2", "processid": 64376, "history": "ExplorerRun.0", "logfile": "/home/viterbi/01/tongjia/work_gpdk045/logs_tongjia/logs0/Job10.log"}
[2024-12-06 21:48:22.482 -0800] [PROCESS] [cadence.virtuoso.ade.simulationMonitor] - HostInfo:
Host name (type):	viterbi-scf2 (x86_64)
Operating system:	Linux 3.10.0-1160.119.1.el7.tuxcare.els10.x86_64 #1 SMP Fri Oct 11 21:40:41 UTC 2024 {"hostname": "viterbi-scf2", "processid": 64376, "history": "ExplorerRun.0", "logfile": "/home/viterbi/01/tongjia/work_gpdk045/logs_tongjia/logs0/Job10.log", "nodename": "viterbi-scf2", "domainname": "viterbi", "machine": "x86_64", "sysname": "Linux", "release": "3.10.0-1160.119.1.el7.tuxcare.els10.x86_64", "version": "#1 SMP Fri Oct 11 21:40:41 UTC 2024"}
[2024-12-06 21:48:22.483 -0800] [PROCESS] [cadence.virtuoso.ade.simulationMonitor] - UsageInfo:
pid=64376
totalPhysicalMemory=1007.132401GB,Used=416.773838GB,totalVirtualMemory=1007.132401GB,Used=416.773838GB
Cpu: Cores=112, Load average:34.540000,34.340000,34.670000 {"hostname": "viterbi-scf2", "processid": 64376, "history": "ExplorerRun.0", "logfile": "/home/viterbi/01/tongjia/work_gpdk045/logs_tongjia/logs0/Job10.log", "pid": "64376", "totalPhysicalMemory": "1007.132401", "physicalMemoryUsed": "416.773838", "totalVirtualMemory": "1007.132401", "virtualMemoryUsed": "416.773838", "cpuCores": "112", "processes": "9563", "loadAverage1": "34.540000", "loadAverage5": "34.340000", "loadAverage15": "34.670000", "loadAverage1Percent": "0.308393"}
[2024-12-06 21:48:22.488 -0800] [EVENT] [cadence.virtuoso.ade.simulationMonitor] - NewPoint {"history": "ExplorerRun.0", "point": 1, "testname": "project_demo_ph2p3_Matrix_vector_Multiplication_tb_1", "cornername": "Nominal", "event": "NewPoint", "EventSource": "Simulation Monitor", "HistoryName": "ExplorerRun.0", "logFile": "/home/viterbi/01/tongjia/work_gpdk045/logs_tongjia/logs0/Job10.log", "logFileSize": "2269"}
[2024-12-06 21:48:22.792 -0800] [EVENT] [cadence.virtuoso.ade.simulationMonitor] - NewPoint {"history": "ExplorerRun.0", "point": 1, "testname": "project_demo_ph2p3_Matrix_vector_Multiplication_tb_1", "cornername": "Nominal", "event": "NewPoint", "EventSource": "spectre", "HistoryName": "ExplorerRun.0", "logFile": "/home/viterbi/01/tongjia/simulation/project_demo/ph2p3_Matrix_vector_Multiplication_tb2/maestro/results/maestro/ExplorerRun.0/1/project_demo_ph2p3_Matrix_vector_Multiplication_tb_1/psf/spectre.out", "logFileSize": "-1"}
[2024-12-06 21:48:22.819 -0800] [PROCESS] [cadence.virtuoso.ade.simulationMonitor] - Simulator launched {"hostname": "viterbi-scf2", "processid": 64376, "history": "ExplorerRun.0", "testname": "project_demo_ph2p3_Matrix_vector_Multiplication_tb_1", "cornername": "Nominal", "point": 1, "logfile": "/home/viterbi/01/tongjia/work_gpdk045/logs_tongjia/logs0/Job10.log", "simid": "1"}
[2024-12-06 21:48:22.825 -0800] [PROCESS] [cadence.virtuoso.ade.simulationMonitor] - Expression evaluator launched {"hostname": "viterbi-scf2", "processid": 64376, "history": "ExplorerRun.0", "testname": "project_demo_ph2p3_Matrix_vector_Multiplication_tb_1", "cornername": "Nominal", "point": 1, "logfile": "/home/viterbi/01/tongjia/work_gpdk045/logs_tongjia/logs0/Job10.log"}
[2024-12-06 21:48:23.954 -0800] [PROCESS] [cadence.virtuoso.ade.simulationMonitor] - Started Simulation {"hostname": "viterbi-scf2", "processid": 64376, "history": "ExplorerRun.0", "testname": "project_demo_ph2p3_Matrix_vector_Multiplication_tb_1", "cornername": "Nominal", "point": 1, "logfile": "/home/viterbi/01/tongjia/work_gpdk045/logs_tongjia/logs0/Job10.log", "event": "started", "task": "simulation"}
[2024-12-06 21:48:23.957 -0800] [INFO] [cadence.virtuoso.ade.simulationMonitor] - Notice from spectre during Digital Vector read-in.
    Process Vector Files.
    File read: /home/viterbi/01/tongjia/work_gpdk045/vector_files/ph2p3copy.vec {"history": "ExplorerRun.0", "point": 1, "testname": "project_demo_ph2p3_Matrix_vector_Multiplication_tb_1", "cornername": "Nominal"}
[2024-12-06 21:48:27.460 -0800] [INFO] [cadence.virtuoso.ade.simulationMonitor] - Peak resident memory used = 160 Mbytes. {"history": "ExplorerRun.0", "point": 1, "testname": "project_demo_ph2p3_Matrix_vector_Multiplication_tb_1", "cornername": "Nominal"}
[2024-12-06 21:49:01.530 -0800] [INFO] [cadence.virtuoso.ade.simulationMonitor] - Peak resident memory used = 422 Mbytes. {"history": "ExplorerRun.0", "point": 1, "testname": "project_demo_ph2p3_Matrix_vector_Multiplication_tb_1", "cornername": "Nominal"}
[2024-12-06 21:49:07.534 -0800] [WARN] [cadence.virtuoso.ade.simulationMonitor] -     WARNING (SPECTRE-8527): There are some nodes and instances removed from the netlist topology check. Check the circuit and correct the topology. Or use preserve_inst to keep them if necessary. {"history": "ExplorerRun.0", "point": 1, "testname": "project_demo_ph2p3_Matrix_vector_Multiplication_tb_1", "cornername": "Nominal"}
[2024-12-06 21:49:07.535 -0800] [WARN] [cadence.virtuoso.ade.simulationMonitor] -     WARNING (SPECTRE-8528): Terminals are connected together. I0.C342298 is removed. {"history": "ExplorerRun.0", "point": 1, "testname": "project_demo_ph2p3_Matrix_vector_Multiplication_tb_1", "cornername": "Nominal"}
[2024-12-06 21:49:07.536 -0800] [WARN] [cadence.virtuoso.ade.simulationMonitor] -     WARNING (SPECTRE-8528): Terminals are connected together. I0.C342299 is removed. {"history": "ExplorerRun.0", "point": 1, "testname": "project_demo_ph2p3_Matrix_vector_Multiplication_tb_1", "cornername": "Nominal"}
[2024-12-06 21:49:07.536 -0800] [WARN] [cadence.virtuoso.ade.simulationMonitor] -     WARNING (SPECTRE-8528): Terminals are connected together. I0.C342308 is removed. {"history": "ExplorerRun.0", "point": 1, "testname": "project_demo_ph2p3_Matrix_vector_Multiplication_tb_1", "cornername": "Nominal"}
[2024-12-06 21:49:07.537 -0800] [WARN] [cadence.virtuoso.ade.simulationMonitor] -     WARNING (SPECTRE-8528): Terminals are connected together. I0.C342309 is removed. {"history": "ExplorerRun.0", "point": 1, "testname": "project_demo_ph2p3_Matrix_vector_Multiplication_tb_1", "cornername": "Nominal"}
[2024-12-06 21:49:07.537 -0800] [WARN] [cadence.virtuoso.ade.simulationMonitor] -     WARNING (SPECTRE-8528): Terminals are connected together. I0.C342318 is removed.
        Further occurrences of this warning will be suppressed. {"history": "ExplorerRun.0", "point": 1, "testname": "project_demo_ph2p3_Matrix_vector_Multiplication_tb_1", "cornername": "Nominal"}
[2024-12-06 21:49:07.538 -0800] [INFO] [cadence.virtuoso.ade.simulationMonitor] - Peak resident memory used = 721 Mbytes. {"history": "ExplorerRun.0", "point": 1, "testname": "project_demo_ph2p3_Matrix_vector_Multiplication_tb_1", "cornername": "Nominal"}
[2024-12-06 21:49:08.038 -0800] [INFO] [cadence.virtuoso.ade.simulationMonitor] - Notice from spectre during topology check.
    Only one connection to the following 10 nodes:
        Sum_in9
        Sum_in8
        Sum_in7
        Sum_in6
        Sum_in5
        Further occurrences of this notice will be suppressed.
    No DC path from node `I0.1\:Sum_in1' to ground, Gmin installed to provide path. {"history": "ExplorerRun.0", "point": 1, "testname": "project_demo_ph2p3_Matrix_vector_Multiplication_tb_1", "cornername": "Nominal"}
[2024-12-06 21:49:51.563 -0800] [INFO] [cadence.virtuoso.ade.simulationMonitor] -               nodes 53259 {"history": "ExplorerRun.0", "point": 1, "testname": "project_demo_ph2p3_Matrix_vector_Multiplication_tb_1", "cornername": "Nominal"}
[2024-12-06 21:49:51.565 -0800] [INFO] [cadence.virtuoso.ade.simulationMonitor] - Notice from spectre during initial setup.
    APS Enabled. {"history": "ExplorerRun.0", "point": 1, "testname": "project_demo_ph2p3_Matrix_vector_Multiplication_tb_1", "cornername": "Nominal"}
[2024-12-06 21:49:52.067 -0800] [INFO] [cadence.virtuoso.ade.simulationMonitor] -     Multithreading Enabled: 8 threads in the system with 112 available processors. {"history": "ExplorerRun.0", "point": 1, "testname": "project_demo_ph2p3_Matrix_vector_Multiplication_tb_1", "cornername": "Nominal"}
[2024-12-06 21:49:52.069 -0800] [INFO] [cadence.virtuoso.ade.simulationMonitor] - Peak resident memory used = 857 Mbytes. {"history": "ExplorerRun.0", "point": 1, "testname": "project_demo_ph2p3_Matrix_vector_Multiplication_tb_1", "cornername": "Nominal"}
[2024-12-06 21:49:52.069 -0800] [WARN] [cadence.virtuoso.ade.simulationMonitor] -     WARNING (SPECTRE-16707): Only tran supports psfxl format, result of other analyses will be in psfbin format. {"history": "ExplorerRun.0", "point": 1, "testname": "project_demo_ph2p3_Matrix_vector_Multiplication_tb_1", "cornername": "Nominal"}
[2024-12-06 21:50:27.586 -0800] [INFO] [cadence.virtuoso.ade.simulationMonitor] - Notice from spectre during IC analysis, during transient analysis `tran'.
    GminDC = 1 pS is large enough to noticeably affect the DC solution.
        dV(I0.I20|I0|I0|I6|I1|net3) = 74.9709 mV
        Use the `gmin_check' option to eliminate or expand this report.
    Bad pivoting is found during DC analysis. Option dc_pivot_check=yes is recommended for possible improvement of convergence. {"history": "ExplorerRun.0", "point": 1, "testname": "project_demo_ph2p3_Matrix_vector_Multiplication_tb_1", "cornername": "Nominal"}
[2024-12-06 21:52:38.648 -0800] [PROCESS] [cadence.virtuoso.ade.simulationMonitor] - Simulation cancelled {"hostname": "viterbi-scf2", "processid": 64376, "history": "ExplorerRun.0", "testname": "project_demo_ph2p3_Matrix_vector_Multiplication_tb_1", "cornername": "Nominal", "point": 1, "logfile": "/home/viterbi/01/tongjia/work_gpdk045/logs_tongjia/logs0/Job10.log"}
[2024-12-06 21:52:38.651 -0800] [INFO] [cadence.virtuoso.ade.simulationMonitor] - SimulationMonitor has terminated the  process '64433', reason: 'the simulation point gets cancelled by GUI' {"history": "ExplorerRun.0", "point": 1, "testname": "project_demo_ph2p3_Matrix_vector_Multiplication_tb_1", "cornername": "Nominal"}
[2024-12-06 21:52:38.749 -0800] [PROCESS] [cadence.virtuoso.ade.simulationMonitor] - Finished simulating for one point {"hostname": "viterbi-scf2", "processid": 64376, "history": "ExplorerRun.0", "testname": "project_demo_ph2p3_Matrix_vector_Multiplication_tb_1", "cornername": "Nominal", "point": 1, "logfile": "/home/viterbi/01/tongjia/work_gpdk045/logs_tongjia/logs0/Job10.log", "simid": "1"}
[2024-12-06 21:52:38.751 -0800] [PROCESS] [cadence.virtuoso.ade.simulationMonitor] - Simulator exited {"hostname": "viterbi-scf2", "processid": 64376, "history": "ExplorerRun.0", "testname": "project_demo_ph2p3_Matrix_vector_Multiplication_tb_1", "cornername": "Nominal", "point": 1, "logfile": "/home/viterbi/01/tongjia/work_gpdk045/logs_tongjia/logs0/Job10.log", "exitStatus": "0"}
[2024-12-06 21:52:38.752 -0800] [PROCESS] [cadence.virtuoso.ade.simulationMonitor] - Finished Simulation {"hostname": "viterbi-scf2", "processid": 64376, "history": "ExplorerRun.0", "testname": "project_demo_ph2p3_Matrix_vector_Multiplication_tb_1", "cornername": "Nominal", "point": 1, "logfile": "/home/viterbi/01/tongjia/work_gpdk045/logs_tongjia/logs0/Job10.log", "simid": "1"}
[2024-12-06 21:52:38.774 -0800] [PROCESS] [cadence.virtuoso.ade.simulationMonitor] - Point Finished {"hostname": "viterbi-scf2", "processid": 64376, "history": "ExplorerRun.0", "testname": "project_demo_ph2p3_Matrix_vector_Multiplication_tb_1", "cornername": "Nominal", "point": 1, "logfile": "/home/viterbi/01/tongjia/work_gpdk045/logs_tongjia/logs0/Job10.log"}
[2024-12-06 21:54:30.703 -0800] [INFO] [cadence.virtuoso.ade.simulationMonitor] - SimulationMonitor has terminated the vds process '64435', reason: 'Force to stop the expression evalutor process because of new run' {"history": "ExplorerRun.0", "point": 1, "testname": "project_demo_ph2p3_Matrix_vector_Multiplication_tb_1", "cornername": "Nominal"}
[2024-12-06 21:54:30.708 -0800] [PROCESS] [cadence.virtuoso.ade.simulationMonitor] - HostInfo:
Host name (type):	viterbi-scf2 (x86_64)
Operating system:	Linux 3.10.0-1160.119.1.el7.tuxcare.els10.x86_64 #1 SMP Fri Oct 11 21:40:41 UTC 2024 {"hostname": "viterbi-scf2", "processid": 64376, "history": "ExplorerRun.0", "testname": "project_demo_ph2p3_Matrix_vector_Multiplication_tb_1", "cornername": "Nominal", "point": 1, "logfile": "/home/viterbi/01/tongjia/work_gpdk045/logs_tongjia/logs0/Job10.log", "nodename": "viterbi-scf2", "domainname": "viterbi", "machine": "x86_64", "sysname": "Linux", "release": "3.10.0-1160.119.1.el7.tuxcare.els10.x86_64", "version": "#1 SMP Fri Oct 11 21:40:41 UTC 2024"}
[2024-12-06 21:54:30.709 -0800] [PROCESS] [cadence.virtuoso.ade.simulationMonitor] - UsageInfo:
pid=64376
totalPhysicalMemory=1007.132401GB,Used=412.117340GB,totalVirtualMemory=1007.132401GB,Used=412.117340GB
Cpu: Cores=112, Load average:35.390000,35.460000,35.140000 {"hostname": "viterbi-scf2", "processid": 64376, "history": "ExplorerRun.0", "testname": "project_demo_ph2p3_Matrix_vector_Multiplication_tb_1", "cornername": "Nominal", "point": 1, "logfile": "/home/viterbi/01/tongjia/work_gpdk045/logs_tongjia/logs0/Job10.log", "pid": "64376", "totalPhysicalMemory": "1007.132401", "physicalMemoryUsed": "412.117340", "totalVirtualMemory": "1007.132401", "virtualMemoryUsed": "412.117340", "cpuCores": "112", "processes": "9655", "loadAverage1": "35.390000", "loadAverage5": "35.460000", "loadAverage15": "35.140000", "loadAverage1Percent": "0.315982"}
[2024-12-06 21:54:30.714 -0800] [EVENT] [cadence.virtuoso.ade.simulationMonitor] - NewPoint {"history": "ExplorerRun.0", "point": 1, "testname": "project_demo_ph2p3_Matrix_vector_Multiplication_tb_1", "cornername": "Nominal", "event": "NewPoint", "EventSource": "Simulation Monitor", "HistoryName": "ExplorerRun.0", "logFile": "/home/viterbi/01/tongjia/work_gpdk045/logs_tongjia/logs0/Job10.log", "logFileSize": "14190"}
[2024-12-06 21:54:31.022 -0800] [EVENT] [cadence.virtuoso.ade.simulationMonitor] - NewPoint {"history": "ExplorerRun.0", "point": 1, "testname": "project_demo_ph2p3_Matrix_vector_Multiplication_tb_1", "cornername": "Nominal", "event": "NewPoint", "EventSource": "spectre", "HistoryName": "ExplorerRun.0", "logFile": "/home/viterbi/01/tongjia/simulation/project_demo/ph2p3_Matrix_vector_Multiplication_tb2/maestro/results/maestro/ExplorerRun.0/1/project_demo_ph2p3_Matrix_vector_Multiplication_tb_1/psf/spectre.out", "logFileSize": "-1"}
[2024-12-06 21:54:31.051 -0800] [PROCESS] [cadence.virtuoso.ade.simulationMonitor] - Simulator launched {"hostname": "viterbi-scf2", "processid": 64376, "history": "ExplorerRun.0", "testname": "project_demo_ph2p3_Matrix_vector_Multiplication_tb_1", "cornername": "Nominal", "point": 1, "logfile": "/home/viterbi/01/tongjia/work_gpdk045/logs_tongjia/logs0/Job10.log", "simid": "2"}
[2024-12-06 21:54:31.057 -0800] [PROCESS] [cadence.virtuoso.ade.simulationMonitor] - Expression evaluator launched {"hostname": "viterbi-scf2", "processid": 64376, "history": "ExplorerRun.0", "testname": "project_demo_ph2p3_Matrix_vector_Multiplication_tb_1", "cornername": "Nominal", "point": 1, "logfile": "/home/viterbi/01/tongjia/work_gpdk045/logs_tongjia/logs0/Job10.log"}
[2024-12-06 21:54:32.175 -0800] [PROCESS] [cadence.virtuoso.ade.simulationMonitor] - Started Simulation {"hostname": "viterbi-scf2", "processid": 64376, "history": "ExplorerRun.0", "testname": "project_demo_ph2p3_Matrix_vector_Multiplication_tb_1", "cornername": "Nominal", "point": 1, "logfile": "/home/viterbi/01/tongjia/work_gpdk045/logs_tongjia/logs0/Job10.log", "event": "started", "task": "simulation"}
[2024-12-06 21:54:32.177 -0800] [INFO] [cadence.virtuoso.ade.simulationMonitor] - Notice from spectre during Digital Vector read-in.
    Process Vector Files.
    File read: /home/viterbi/01/tongjia/work_gpdk045/vector_files/ph2p3copy.vec {"history": "ExplorerRun.0", "point": 1, "testname": "project_demo_ph2p3_Matrix_vector_Multiplication_tb_1", "cornername": "Nominal"}
[2024-12-06 21:54:35.179 -0800] [INFO] [cadence.virtuoso.ade.simulationMonitor] - Peak resident memory used = 160 Mbytes. {"history": "ExplorerRun.0", "point": 1, "testname": "project_demo_ph2p3_Matrix_vector_Multiplication_tb_1", "cornername": "Nominal"}
[2024-12-06 21:55:20.201 -0800] [INFO] [cadence.virtuoso.ade.simulationMonitor] - Peak resident memory used = 422 Mbytes. {"history": "ExplorerRun.0", "point": 1, "testname": "project_demo_ph2p3_Matrix_vector_Multiplication_tb_1", "cornername": "Nominal"}
[2024-12-06 21:55:26.205 -0800] [WARN] [cadence.virtuoso.ade.simulationMonitor] -     WARNING (SPECTRE-8527): There are some nodes and instances removed from the netlist topology check. Check the circuit and correct the topology. Or use preserve_inst to keep them if necessary. {"history": "ExplorerRun.0", "point": 1, "testname": "project_demo_ph2p3_Matrix_vector_Multiplication_tb_1", "cornername": "Nominal"}
[2024-12-06 21:55:26.206 -0800] [WARN] [cadence.virtuoso.ade.simulationMonitor] -     WARNING (SPECTRE-8528): Terminals are connected together. I0.C342298 is removed. {"history": "ExplorerRun.0", "point": 1, "testname": "project_demo_ph2p3_Matrix_vector_Multiplication_tb_1", "cornername": "Nominal"}
[2024-12-06 21:55:26.207 -0800] [WARN] [cadence.virtuoso.ade.simulationMonitor] -     WARNING (SPECTRE-8528): Terminals are connected together. I0.C342299 is removed. {"history": "ExplorerRun.0", "point": 1, "testname": "project_demo_ph2p3_Matrix_vector_Multiplication_tb_1", "cornername": "Nominal"}
[2024-12-06 21:55:26.208 -0800] [WARN] [cadence.virtuoso.ade.simulationMonitor] -     WARNING (SPECTRE-8528): Terminals are connected together. I0.C342308 is removed. {"history": "ExplorerRun.0", "point": 1, "testname": "project_demo_ph2p3_Matrix_vector_Multiplication_tb_1", "cornername": "Nominal"}
[2024-12-06 21:55:26.208 -0800] [WARN] [cadence.virtuoso.ade.simulationMonitor] -     WARNING (SPECTRE-8528): Terminals are connected together. I0.C342309 is removed. {"history": "ExplorerRun.0", "point": 1, "testname": "project_demo_ph2p3_Matrix_vector_Multiplication_tb_1", "cornername": "Nominal"}
[2024-12-06 21:55:26.209 -0800] [WARN] [cadence.virtuoso.ade.simulationMonitor] -     WARNING (SPECTRE-8528): Terminals are connected together. I0.C342318 is removed.
        Further occurrences of this warning will be suppressed. {"history": "ExplorerRun.0", "point": 1, "testname": "project_demo_ph2p3_Matrix_vector_Multiplication_tb_1", "cornername": "Nominal"}
[2024-12-06 21:55:26.209 -0800] [INFO] [cadence.virtuoso.ade.simulationMonitor] - Peak resident memory used = 721 Mbytes. {"history": "ExplorerRun.0", "point": 1, "testname": "project_demo_ph2p3_Matrix_vector_Multiplication_tb_1", "cornername": "Nominal"}
[2024-12-06 21:56:11.310 -0800] [INFO] [cadence.virtuoso.ade.simulationMonitor] -               nodes 53249 {"history": "ExplorerRun.0", "point": 1, "testname": "project_demo_ph2p3_Matrix_vector_Multiplication_tb_1", "cornername": "Nominal"}
[2024-12-06 21:56:11.312 -0800] [INFO] [cadence.virtuoso.ade.simulationMonitor] - Notice from spectre during initial setup.
    APS Enabled. {"history": "ExplorerRun.0", "point": 1, "testname": "project_demo_ph2p3_Matrix_vector_Multiplication_tb_1", "cornername": "Nominal"}
[2024-12-06 21:56:11.816 -0800] [INFO] [cadence.virtuoso.ade.simulationMonitor] -     Multithreading Enabled: 8 threads in the system with 112 available processors. {"history": "ExplorerRun.0", "point": 1, "testname": "project_demo_ph2p3_Matrix_vector_Multiplication_tb_1", "cornername": "Nominal"}
[2024-12-06 21:56:11.817 -0800] [INFO] [cadence.virtuoso.ade.simulationMonitor] - Peak resident memory used = 857 Mbytes. {"history": "ExplorerRun.0", "point": 1, "testname": "project_demo_ph2p3_Matrix_vector_Multiplication_tb_1", "cornername": "Nominal"}
[2024-12-06 21:56:11.819 -0800] [WARN] [cadence.virtuoso.ade.simulationMonitor] -     WARNING (SPECTRE-16707): Only tran supports psfxl format, result of other analyses will be in psfbin format. {"history": "ExplorerRun.0", "point": 1, "testname": "project_demo_ph2p3_Matrix_vector_Multiplication_tb_1", "cornername": "Nominal"}
[2024-12-06 21:56:52.339 -0800] [INFO] [cadence.virtuoso.ade.simulationMonitor] - Notice from spectre during IC analysis, during transient analysis `tran'.
    GminDC = 1 pS is large enough to noticeably affect the DC solution.
        dV(I0.I20|I0|I0|I6|I1|net3) = 74.9709 mV
        Use the `gmin_check' option to eliminate or expand this report.
    Bad pivoting is found during DC analysis. Option dc_pivot_check=yes is recommended for possible improvement of convergence. {"history": "ExplorerRun.0", "point": 1, "testname": "project_demo_ph2p3_Matrix_vector_Multiplication_tb_1", "cornername": "Nominal"}
[2024-12-06 22:06:52.240 -0800] [INFO] [cadence.virtuoso.ade.simulationMonitor] - Notice from spectre at time = 29.6281 ns during transient analysis `tran'.
    Found trapezoidal ringing on node I0.I22|I0|I1|I0|I1|I1|I0|I21|PM3.n1. {"history": "ExplorerRun.0", "point": 1, "testname": "project_demo_ph2p3_Matrix_vector_Multiplication_tb_1", "cornername": "Nominal"}
[2024-12-06 22:06:52.241 -0800] [INFO] [cadence.virtuoso.ade.simulationMonitor] - Notice from spectre at time = 30.4281 ns during transient analysis `tran'.
    Found trapezoidal ringing on node I0.I22|I0|I1|I0|I1|I1|I0|I21|PM3.n1. {"history": "ExplorerRun.0", "point": 1, "testname": "project_demo_ph2p3_Matrix_vector_Multiplication_tb_1", "cornername": "Nominal"}
[2024-12-06 22:06:52.242 -0800] [INFO] [cadence.virtuoso.ade.simulationMonitor] - Notice from spectre at time = 31.2281 ns during transient analysis `tran'.
    Found trapezoidal ringing on node I0.I22|I0|I1|I0|I1|I1|I0|I21|PM3.n1. {"history": "ExplorerRun.0", "point": 1, "testname": "project_demo_ph2p3_Matrix_vector_Multiplication_tb_1", "cornername": "Nominal"}
[2024-12-06 22:06:52.242 -0800] [INFO] [cadence.virtuoso.ade.simulationMonitor] - Notice from spectre at time = 32.0281 ns during transient analysis `tran'.
    Found trapezoidal ringing on node I0.I22|I0|I1|I0|I1|I1|I0|I21|PM3.n1. {"history": "ExplorerRun.0", "point": 1, "testname": "project_demo_ph2p3_Matrix_vector_Multiplication_tb_1", "cornername": "Nominal"}
[2024-12-06 22:06:52.243 -0800] [INFO] [cadence.virtuoso.ade.simulationMonitor] - Notice from spectre at time = 32.8281 ns during transient analysis `tran'.
    Found trapezoidal ringing on node I0.I22|I0|I1|I0|I1|I1|I0|I21|PM3.n1.
        Further occurrences of this notice will be suppressed. {"history": "ExplorerRun.0", "point": 1, "testname": "project_demo_ph2p3_Matrix_vector_Multiplication_tb_1", "cornername": "Nominal"}
[2024-12-06 22:06:53.744 -0800] [INFO] [cadence.virtuoso.ade.simulationMonitor] - Notice from spectre during transient analysis `tran'.
    Trapezoidal ringing is detected during tran analysis.
        Please use method=trap for better results and performance. {"history": "ExplorerRun.0", "point": 1, "testname": "project_demo_ph2p3_Matrix_vector_Multiplication_tb_1", "cornername": "Nominal"}
[2024-12-06 22:06:55.246 -0800] [INFO] [cadence.virtuoso.ade.simulationMonitor] - Total time required for tran analysis `tran': CPU = 2.8775 ks (47m  57.5s), elapsed = 642.171 s (10m  42.2s). {"history": "ExplorerRun.0", "point": 1, "testname": "project_demo_ph2p3_Matrix_vector_Multiplication_tb_1", "cornername": "Nominal"}
[2024-12-06 22:06:55.248 -0800] [INFO] [cadence.virtuoso.ade.simulationMonitor] - Peak resident memory used = 1.74 Gbytes. {"history": "ExplorerRun.0", "point": 1, "testname": "project_demo_ph2p3_Matrix_vector_Multiplication_tb_1", "cornername": "Nominal"}
[2024-12-06 22:06:55.249 -0800] [INFO] [cadence.virtuoso.ade.simulationMonitor] - Notice from spectre.
    9 notices suppressed. {"history": "ExplorerRun.0", "point": 1, "testname": "project_demo_ph2p3_Matrix_vector_Multiplication_tb_1", "cornername": "Nominal"}
[2024-12-06 22:07:13.259 -0800] [INFO] [cadence.virtuoso.ade.simulationMonitor] - Time used: CPU = 3 ks (49m  55.6s), elapsed = 762 s (12m  41.6s), util. = 393%. {"history": "ExplorerRun.0", "point": 1, "testname": "project_demo_ph2p3_Matrix_vector_Multiplication_tb_1", "cornername": "Nominal"}
[2024-12-06 22:07:13.261 -0800] [INFO] [cadence.virtuoso.ade.simulationMonitor] - Time spent in licensing: elapsed = 54.7 ms. {"history": "ExplorerRun.0", "point": 1, "testname": "project_demo_ph2p3_Matrix_vector_Multiplication_tb_1", "cornername": "Nominal"}
[2024-12-06 22:07:13.265 -0800] [INFO] [cadence.virtuoso.ade.simulationMonitor] - Peak memory used = 1.85 Gbytes. {"history": "ExplorerRun.0", "point": 1, "testname": "project_demo_ph2p3_Matrix_vector_Multiplication_tb_1", "cornername": "Nominal"}
[2024-12-06 22:07:13.271 -0800] [PROCESS] [cadence.virtuoso.ade.simulationMonitor] - Simulation started at: 9:54:31 PM, Fri Dec 6, 2024, ended at: 10:07:12 PM, Fri Dec 6, 2024, with elapsed time (wall clock): 762 s (12m  41.6s). {"history": "ExplorerRun.0", "point": 1, "testname": "project_demo_ph2p3_Matrix_vector_Multiplication_tb_1", "cornername": "Nominal"}
[2024-12-06 22:07:13.272 -0800] [PROCESS] [cadence.virtuoso.ade.simulationMonitor] - spectre completes with 0 errors, 7 warnings, and 14 notices. {"history": "ExplorerRun.0", "point": 1, "testname": "project_demo_ph2p3_Matrix_vector_Multiplication_tb_1", "cornername": "Nominal"}
[2024-12-06 22:07:13.777 -0800] [PROCESS] [cadence.virtuoso.ade.simulationMonitor] - Finished simulating for one point {"hostname": "viterbi-scf2", "processid": 64376, "history": "ExplorerRun.0", "testname": "project_demo_ph2p3_Matrix_vector_Multiplication_tb_1", "cornername": "Nominal", "point": 1, "logfile": "/home/viterbi/01/tongjia/work_gpdk045/logs_tongjia/logs0/Job10.log", "simid": "2"}
[2024-12-06 22:07:13.779 -0800] [PROCESS] [cadence.virtuoso.ade.simulationMonitor] - Simulator exited {"hostname": "viterbi-scf2", "processid": 64376, "history": "ExplorerRun.0", "testname": "project_demo_ph2p3_Matrix_vector_Multiplication_tb_1", "cornername": "Nominal", "point": 1, "logfile": "/home/viterbi/01/tongjia/work_gpdk045/logs_tongjia/logs0/Job10.log", "exitStatus": "0"}
[2024-12-06 22:07:13.781 -0800] [PROCESS] [cadence.virtuoso.ade.simulationMonitor] - Finished Simulation {"hostname": "viterbi-scf2", "processid": 64376, "history": "ExplorerRun.0", "testname": "project_demo_ph2p3_Matrix_vector_Multiplication_tb_1", "cornername": "Nominal", "point": 1, "logfile": "/home/viterbi/01/tongjia/work_gpdk045/logs_tongjia/logs0/Job10.log", "simid": "2"}
[2024-12-06 22:07:13.798 -0800] [PROCESS] [cadence.virtuoso.ade.simulationMonitor] - Expression evaluator launched {"hostname": "viterbi-scf2", "processid": 64376, "history": "ExplorerRun.0", "testname": "project_demo_ph2p3_Matrix_vector_Multiplication_tb_1", "cornername": "Nominal", "point": 1, "logfile": "/home/viterbi/01/tongjia/work_gpdk045/logs_tongjia/logs0/Job10.log"}
[2024-12-06 22:07:24.325 -0800] [PROCESS] [cadence.virtuoso.ade.simulationMonitor] - Point Finished {"hostname": "viterbi-scf2", "processid": 64376, "history": "ExplorerRun.0", "testname": "project_demo_ph2p3_Matrix_vector_Multiplication_tb_1", "cornername": "Nominal", "point": 1, "logfile": "/home/viterbi/01/tongjia/work_gpdk045/logs_tongjia/logs0/Job10.log"}
[2024-12-06 22:07:25.342 -0800] [PROCESS] [cadence.virtuoso.ade.simulationMonitor] - Stay with the runId '1', Linger time '300', currentRunSyn '3', currentTestSyn '4' {"hostname": "viterbi-scf2", "processid": 64376, "history": "ExplorerRun.0", "testname": "project_demo_ph2p3_Matrix_vector_Multiplication_tb_1", "cornername": "Nominal", "point": 1, "logfile": "/home/viterbi/01/tongjia/work_gpdk045/logs_tongjia/logs0/Job10.log"}
[2024-12-06 22:07:26.344 -0800] [PROCESS] [cadence.virtuoso.ade.simulationMonitor] - Stay with the runId '1', Linger time '300', currentRunSyn '3', currentTestSyn '4' {"hostname": "viterbi-scf2", "processid": 64376, "history": "ExplorerRun.0", "testname": "project_demo_ph2p3_Matrix_vector_Multiplication_tb_1", "cornername": "Nominal", "point": 1, "logfile": "/home/viterbi/01/tongjia/work_gpdk045/logs_tongjia/logs0/Job10.log"}
[2024-12-06 22:07:27.347 -0800] [PROCESS] [cadence.virtuoso.ade.simulationMonitor] - Stay with the runId '1', Linger time '300', currentRunSyn '3', currentTestSyn '4' {"hostname": "viterbi-scf2", "processid": 64376, "history": "ExplorerRun.0", "testname": "project_demo_ph2p3_Matrix_vector_Multiplication_tb_1", "cornername": "Nominal", "point": 1, "logfile": "/home/viterbi/01/tongjia/work_gpdk045/logs_tongjia/logs0/Job10.log"}
[2024-12-06 22:07:28.350 -0800] [PROCESS] [cadence.virtuoso.ade.simulationMonitor] - Stay with the runId '1', Linger time '300', currentRunSyn '3', currentTestSyn '4' {"hostname": "viterbi-scf2", "processid": 64376, "history": "ExplorerRun.0", "testname": "project_demo_ph2p3_Matrix_vector_Multiplication_tb_1", "cornername": "Nominal", "point": 1, "logfile": "/home/viterbi/01/tongjia/work_gpdk045/logs_tongjia/logs0/Job10.log"}
[2024-12-06 22:07:29.352 -0800] [PROCESS] [cadence.virtuoso.ade.simulationMonitor] - Stay with the runId '1', Linger time '300', currentRunSyn '3', currentTestSyn '4' {"hostname": "viterbi-scf2", "processid": 64376, "history": "ExplorerRun.0", "testname": "project_demo_ph2p3_Matrix_vector_Multiplication_tb_1", "cornername": "Nominal", "point": 1, "logfile": "/home/viterbi/01/tongjia/work_gpdk045/logs_tongjia/logs0/Job10.log"}
[2024-12-06 22:07:30.351 -0800] [PROCESS] [cadence.virtuoso.ade.simulationMonitor] - Stay with the runId '1', Linger time '300', currentRunSyn '3', currentTestSyn '4' {"hostname": "viterbi-scf2", "processid": 64376, "history": "ExplorerRun.0", "testname": "project_demo_ph2p3_Matrix_vector_Multiplication_tb_1", "cornername": "Nominal", "point": 1, "logfile": "/home/viterbi/01/tongjia/work_gpdk045/logs_tongjia/logs0/Job10.log"}
[2024-12-06 22:07:31.350 -0800] [PROCESS] [cadence.virtuoso.ade.simulationMonitor] - Stay with the runId '1', Linger time '300', currentRunSyn '3', currentTestSyn '4' {"hostname": "viterbi-scf2", "processid": 64376, "history": "ExplorerRun.0", "testname": "project_demo_ph2p3_Matrix_vector_Multiplication_tb_1", "cornername": "Nominal", "point": 1, "logfile": "/home/viterbi/01/tongjia/work_gpdk045/logs_tongjia/logs0/Job10.log"}
[2024-12-06 22:07:32.351 -0800] [PROCESS] [cadence.virtuoso.ade.simulationMonitor] - Stay with the runId '1', Linger time '300', currentRunSyn '3', currentTestSyn '4' {"hostname": "viterbi-scf2", "processid": 64376, "history": "ExplorerRun.0", "testname": "project_demo_ph2p3_Matrix_vector_Multiplication_tb_1", "cornername": "Nominal", "point": 1, "logfile": "/home/viterbi/01/tongjia/work_gpdk045/logs_tongjia/logs0/Job10.log"}
[2024-12-06 22:07:33.353 -0800] [PROCESS] [cadence.virtuoso.ade.simulationMonitor] - Stay with the runId '1', Linger time '300', currentRunSyn '3', currentTestSyn '4' {"hostname": "viterbi-scf2", "processid": 64376, "history": "ExplorerRun.0", "testname": "project_demo_ph2p3_Matrix_vector_Multiplication_tb_1", "cornername": "Nominal", "point": 1, "logfile": "/home/viterbi/01/tongjia/work_gpdk045/logs_tongjia/logs0/Job10.log"}
[2024-12-06 22:07:34.354 -0800] [PROCESS] [cadence.virtuoso.ade.simulationMonitor] - Stay with the runId '1', Linger time '300', currentRunSyn '3', currentTestSyn '4' {"hostname": "viterbi-scf2", "processid": 64376, "history": "ExplorerRun.0", "testname": "project_demo_ph2p3_Matrix_vector_Multiplication_tb_1", "cornername": "Nominal", "point": 1, "logfile": "/home/viterbi/01/tongjia/work_gpdk045/logs_tongjia/logs0/Job10.log"}
[2024-12-06 22:11:01.360 -0800] [PROCESS] [cadence.virtuoso.ade.simulationMonitor] - get signal Terminated<15> from user:tongjia, which pid:64371:/usr/local/cadence/ICADVM201/tools/bin/64bit/cdsServIpc {"hostname": "viterbi-scf2", "processid": 64376, "history": "ExplorerRun.0", "testname": "project_demo_ph2p3_Matrix_vector_Multiplication_tb_1", "cornername": "Nominal", "point": 1, "logfile": "/home/viterbi/01/tongjia/work_gpdk045/logs_tongjia/logs0/Job10.log", "signal": "15", "signalName": "Terminated", "which": "/usr/local/cadence/ICADVM201/tools/bin/64bit/cdsServIpc", "pid": "64371", "user": "tongjia", "uid": "506509"}
[2024-12-06 22:11:01.361 -0800] [INFO] [cadence.virtuoso.ade.simulationMonitor] - SimulationMonitor has terminated the  process '84884', reason: 'simulationMonitor is handling signal 15' {"history": "ExplorerRun.0", "point": 1, "testname": "project_demo_ph2p3_Matrix_vector_Multiplication_tb_1", "cornername": "Nominal"}
