[Simulation Monitor: 11]
[2024-12-08 13:40:21.953 -0800] [PROCESS] [cadence.virtuoso.ade.simulationMonitor] - Simulation Monitor has successfully started up. Trying to set up communication channels to other components ... {"hostname": "viterbi-scf2", "processid": 48336, "logfile": "/home/viterbi/01/tongjia/work_gpdk045/logs_tongjia/logs0/Job11.log"}
[2024-12-08 13:40:21.996 -0800] [PROCESS] [cadence.virtuoso.ade.simulationMonitor] - Communication channels have been successfully set up. Start processing events ... {"hostname": "viterbi-scf2", "processid": 48336, "logfile": "/home/viterbi/01/tongjia/work_gpdk045/logs_tongjia/logs0/Job11.log"}
[2024-12-08 13:40:22.015 -0800] [PROCESS] [cadence.virtuoso.ade.simulationMonitor] - Considering to start history {"hostname": "viterbi-scf2", "processid": 48336, "history": "ExplorerRun.0", "logfile": "/home/viterbi/01/tongjia/work_gpdk045/logs_tongjia/logs0/Job11.log"}
[2024-12-08 13:40:22.344 -0800] [PROCESS] [cadence.virtuoso.ade.simulationMonitor] - HostInfo:
Host name (type):	viterbi-scf2 (x86_64)
Operating system:	Linux 3.10.0-1160.119.1.el7.tuxcare.els10.x86_64 #1 SMP Fri Oct 11 21:40:41 UTC 2024 {"hostname": "viterbi-scf2", "processid": 48336, "history": "ExplorerRun.0", "logfile": "/home/viterbi/01/tongjia/work_gpdk045/logs_tongjia/logs0/Job11.log", "nodename": "viterbi-scf2", "domainname": "viterbi", "machine": "x86_64", "sysname": "Linux", "release": "3.10.0-1160.119.1.el7.tuxcare.els10.x86_64", "version": "#1 SMP Fri Oct 11 21:40:41 UTC 2024"}
[2024-12-08 13:40:22.356 -0800] [PROCESS] [cadence.virtuoso.ade.simulationMonitor] - UsageInfo:
pid=48336
totalPhysicalMemory=1007.132401GB,Used=523.387833GB,totalVirtualMemory=1007.132401GB,Used=523.387833GB
Cpu: Cores=112, Load average:363.840000,361.120000,358.590000 {"hostname": "viterbi-scf2", "processid": 48336, "history": "ExplorerRun.0", "logfile": "/home/viterbi/01/tongjia/work_gpdk045/logs_tongjia/logs0/Job11.log", "pid": "48336", "totalPhysicalMemory": "1007.132401", "physicalMemoryUsed": "523.387833", "totalVirtualMemory": "1007.132401", "virtualMemoryUsed": "523.387833", "cpuCores": "112", "processes": "10212", "loadAverage1": "363.840000", "loadAverage5": "361.120000", "loadAverage15": "358.590000", "loadAverage1Percent": "3.248571"}
[2024-12-08 13:40:22.367 -0800] [EVENT] [cadence.virtuoso.ade.simulationMonitor] - NewPoint {"history": "ExplorerRun.0", "point": 1, "testname": "project_demo_ph2p3_Matrix_vector_Multiplication_tb_1", "cornername": "Nominal", "event": "NewPoint", "EventSource": "Simulation Monitor", "HistoryName": "ExplorerRun.0", "logFile": "/home/viterbi/01/tongjia/work_gpdk045/logs_tongjia/logs0/Job11.log", "logFileSize": "2276"}
[2024-12-08 13:40:23.914 -0800] [EVENT] [cadence.virtuoso.ade.simulationMonitor] - NewPoint {"history": "ExplorerRun.0", "point": 1, "testname": "project_demo_ph2p3_Matrix_vector_Multiplication_tb_1", "cornername": "Nominal", "event": "NewPoint", "EventSource": "spectre", "HistoryName": "ExplorerRun.0", "logFile": "/home/viterbi/01/tongjia/simulation/project_demo/ph2p3_Matrix_vector_Multiplication_tb/maestro/results/maestro/ExplorerRun.0/1/project_demo_ph2p3_Matrix_vector_Multiplication_tb_1/psf/spectre.out", "logFileSize": "-1"}
[2024-12-08 13:40:23.984 -0800] [PROCESS] [cadence.virtuoso.ade.simulationMonitor] - Simulator launched {"hostname": "viterbi-scf2", "processid": 48336, "history": "ExplorerRun.0", "testname": "project_demo_ph2p3_Matrix_vector_Multiplication_tb_1", "cornername": "Nominal", "point": 1, "logfile": "/home/viterbi/01/tongjia/work_gpdk045/logs_tongjia/logs0/Job11.log", "simid": "1"}
[2024-12-08 13:40:23.992 -0800] [PROCESS] [cadence.virtuoso.ade.simulationMonitor] - Expression evaluator launched {"hostname": "viterbi-scf2", "processid": 48336, "history": "ExplorerRun.0", "testname": "project_demo_ph2p3_Matrix_vector_Multiplication_tb_1", "cornername": "Nominal", "point": 1, "logfile": "/home/viterbi/01/tongjia/work_gpdk045/logs_tongjia/logs0/Job11.log"}
[2024-12-08 13:40:28.880 -0800] [PROCESS] [cadence.virtuoso.ade.simulationMonitor] - Started Simulation {"hostname": "viterbi-scf2", "processid": 48336, "history": "ExplorerRun.0", "testname": "project_demo_ph2p3_Matrix_vector_Multiplication_tb_1", "cornername": "Nominal", "point": 1, "logfile": "/home/viterbi/01/tongjia/work_gpdk045/logs_tongjia/logs0/Job11.log", "event": "started", "task": "simulation"}
[2024-12-08 13:40:28.884 -0800] [INFO] [cadence.virtuoso.ade.simulationMonitor] - Notice from spectre during Digital Vector read-in.
    Process Vector Files.
    File read: /home/viterbi/01/tongjia/work_gpdk045/vector_files/ph2p3copy.vec {"history": "ExplorerRun.0", "point": 1, "testname": "project_demo_ph2p3_Matrix_vector_Multiplication_tb_1", "cornername": "Nominal"}
[2024-12-08 13:40:43.396 -0800] [INFO] [cadence.virtuoso.ade.simulationMonitor] - Peak resident memory used = 165 Mbytes. {"history": "ExplorerRun.0", "point": 1, "testname": "project_demo_ph2p3_Matrix_vector_Multiplication_tb_1", "cornername": "Nominal"}
[2024-12-08 13:43:19.108 -0800] [PROCESS] [cadence.virtuoso.ade.simulationMonitor] - get signal Terminated<15> from user:tongjia, which pid:48328:/usr/local/cadence/ICADVM201/tools/bin/64bit/cdsServIpc {"hostname": "viterbi-scf2", "processid": 48336, "history": "ExplorerRun.0", "testname": "project_demo_ph2p3_Matrix_vector_Multiplication_tb_1", "cornername": "Nominal", "point": 1, "logfile": "/home/viterbi/01/tongjia/work_gpdk045/logs_tongjia/logs0/Job11.log", "signal": "15", "signalName": "Terminated", "which": "/usr/local/cadence/ICADVM201/tools/bin/64bit/cdsServIpc", "pid": "48328", "user": "tongjia", "uid": "506509"}
[2024-12-08 13:43:19.109 -0800] [INFO] [cadence.virtuoso.ade.simulationMonitor] - SimulationMonitor has terminated the  process '48413', reason: 'simulationMonitor is handling signal 15' {"history": "ExplorerRun.0", "point": 1, "testname": "project_demo_ph2p3_Matrix_vector_Multiplication_tb_1", "cornername": "Nominal"}
