[Simulation Monitor: 20]
[2024-10-16 01:41:55.564 -0700] [PROCESS] [cadence.virtuoso.ade.simulationMonitor] - Simulation Monitor has successfully started up. Trying to set up communication channels to other components ... {"hostname": "viterbi-scf2", "processid": 51165, "logfile": "/home/viterbi/01/tongjia/work_gpdk045/logs_tongjia/logs0/Job20.log"}
[2024-10-16 01:41:55.574 -0700] [PROCESS] [cadence.virtuoso.ade.simulationMonitor] - Communication channels have been successfully set up. Start processing events ... {"hostname": "viterbi-scf2", "processid": 51165, "logfile": "/home/viterbi/01/tongjia/work_gpdk045/logs_tongjia/logs0/Job20.log"}
[2024-10-16 01:41:55.576 -0700] [PROCESS] [cadence.virtuoso.ade.simulationMonitor] - Considering to start history {"hostname": "viterbi-scf2", "processid": 51165, "history": "ExplorerRun.0", "logfile": "/home/viterbi/01/tongjia/work_gpdk045/logs_tongjia/logs0/Job20.log"}
[2024-10-16 01:41:55.625 -0700] [PROCESS] [cadence.virtuoso.ade.simulationMonitor] - HostInfo:
Host name (type):	viterbi-scf2 (x86_64)
Operating system:	Linux 3.10.0-1160.119.1.el7.tuxcare.els3.x86_64 #1 SMP Fri Aug 23 19:18:06 UTC 2024 {"hostname": "viterbi-scf2", "processid": 51165, "history": "ExplorerRun.0", "logfile": "/home/viterbi/01/tongjia/work_gpdk045/logs_tongjia/logs0/Job20.log", "nodename": "viterbi-scf2", "domainname": "viterbi", "machine": "x86_64", "sysname": "Linux", "release": "3.10.0-1160.119.1.el7.tuxcare.els3.x86_64", "version": "#1 SMP Fri Aug 23 19:18:06 UTC 2024"}
[2024-10-16 01:41:55.629 -0700] [PROCESS] [cadence.virtuoso.ade.simulationMonitor] - UsageInfo:
pid=51165
totalPhysicalMemory=1007.132404GB,Used=227.435886GB,totalVirtualMemory=1007.132404GB,Used=227.435886GB
Cpu: Cores=112, Load average:4.890000,3.420000,3.020000 {"hostname": "viterbi-scf2", "processid": 51165, "history": "ExplorerRun.0", "logfile": "/home/viterbi/01/tongjia/work_gpdk045/logs_tongjia/logs0/Job20.log", "pid": "51165", "totalPhysicalMemory": "1007.132404", "physicalMemoryUsed": "227.435886", "totalVirtualMemory": "1007.132404", "virtualMemoryUsed": "227.435886", "cpuCores": "112", "processes": "5213", "loadAverage1": "4.890000", "loadAverage5": "3.420000", "loadAverage15": "3.020000", "loadAverage1Percent": "0.043661"}
[2024-10-16 01:41:55.635 -0700] [EVENT] [cadence.virtuoso.ade.simulationMonitor] - NewPoint {"history": "ExplorerRun.0", "point": 1, "testname": "demo_1-bit_Full_Adder_ver1_tb_1", "cornername": "Nominal", "event": "NewPoint", "EventSource": "Simulation Monitor", "HistoryName": "ExplorerRun.0", "logFile": "/home/viterbi/01/tongjia/work_gpdk045/logs_tongjia/logs0/Job20.log", "logFileSize": "2261"}
[2024-10-16 01:41:55.944 -0700] [EVENT] [cadence.virtuoso.ade.simulationMonitor] - NewPoint {"history": "ExplorerRun.0", "point": 1, "testname": "demo_1-bit_Full_Adder_ver1_tb_1", "cornername": "Nominal", "event": "NewPoint", "EventSource": "spectre", "HistoryName": "ExplorerRun.0", "logFile": "/home/viterbi/01/tongjia/simulation/demo/1-bit_Full_Adder_ver1_tb/maestro/results/maestro/ExplorerRun.0/1/demo_1-bit_Full_Adder_ver1_tb_1/psf/spectre.out", "logFileSize": "-1"}
[2024-10-16 01:41:55.980 -0700] [PROCESS] [cadence.virtuoso.ade.simulationMonitor] - Simulator launched {"hostname": "viterbi-scf2", "processid": 51165, "history": "ExplorerRun.0", "testname": "demo_1-bit_Full_Adder_ver1_tb_1", "cornername": "Nominal", "point": 1, "logfile": "/home/viterbi/01/tongjia/work_gpdk045/logs_tongjia/logs0/Job20.log", "simid": "1"}
[2024-10-16 01:41:55.989 -0700] [PROCESS] [cadence.virtuoso.ade.simulationMonitor] - Expression evaluator launched {"hostname": "viterbi-scf2", "processid": 51165, "history": "ExplorerRun.0", "testname": "demo_1-bit_Full_Adder_ver1_tb_1", "cornername": "Nominal", "point": 1, "logfile": "/home/viterbi/01/tongjia/work_gpdk045/logs_tongjia/logs0/Job20.log"}
[2024-10-16 01:41:56.543 -0700] [PROCESS] [cadence.virtuoso.ade.simulationMonitor] - Started Simulation {"hostname": "viterbi-scf2", "processid": 51165, "history": "ExplorerRun.0", "testname": "demo_1-bit_Full_Adder_ver1_tb_1", "cornername": "Nominal", "point": 1, "logfile": "/home/viterbi/01/tongjia/work_gpdk045/logs_tongjia/logs0/Job20.log", "event": "started", "task": "simulation"}
[2024-10-16 01:41:57.048 -0700] [INFO] [cadence.virtuoso.ade.simulationMonitor] - Peak resident memory used = 57.7 Mbytes. {"history": "ExplorerRun.0", "point": 1, "testname": "demo_1-bit_Full_Adder_ver1_tb_1", "cornername": "Nominal"}
[2024-10-16 01:41:58.056 -0700] [INFO] [cadence.virtuoso.ade.simulationMonitor] - Peak resident memory used = 67.2 Mbytes. {"history": "ExplorerRun.0", "point": 1, "testname": "demo_1-bit_Full_Adder_ver1_tb_1", "cornername": "Nominal"}
[2024-10-16 01:41:58.060 -0700] [INFO] [cadence.virtuoso.ade.simulationMonitor] - Peak resident memory used = 67.9 Mbytes. {"history": "ExplorerRun.0", "point": 1, "testname": "demo_1-bit_Full_Adder_ver1_tb_1", "cornername": "Nominal"}
[2024-10-16 01:41:58.062 -0700] [INFO] [cadence.virtuoso.ade.simulationMonitor] - Notice from spectre during initial setup.
    Multithreading is disabled due to the size of the design being too small. {"history": "ExplorerRun.0", "point": 1, "testname": "demo_1-bit_Full_Adder_ver1_tb_1", "cornername": "Nominal"}
[2024-10-16 01:41:58.071 -0700] [INFO] [cadence.virtuoso.ade.simulationMonitor] -               nodes 73 {"history": "ExplorerRun.0", "point": 1, "testname": "demo_1-bit_Full_Adder_ver1_tb_1", "cornername": "Nominal"}
[2024-10-16 01:41:58.073 -0700] [INFO] [cadence.virtuoso.ade.simulationMonitor] - Notice from spectre during initial setup.
    APS Enabled. {"history": "ExplorerRun.0", "point": 1, "testname": "demo_1-bit_Full_Adder_ver1_tb_1", "cornername": "Nominal"}
[2024-10-16 01:41:58.074 -0700] [INFO] [cadence.virtuoso.ade.simulationMonitor] - Peak resident memory used = 68.9 Mbytes. {"history": "ExplorerRun.0", "point": 1, "testname": "demo_1-bit_Full_Adder_ver1_tb_1", "cornername": "Nominal"}
[2024-10-16 01:41:58.076 -0700] [WARN] [cadence.virtuoso.ade.simulationMonitor] -     WARNING (SPECTRE-16707): Only tran supports psfxl format, result of other analyses will be in psfbin format. {"history": "ExplorerRun.0", "point": 1, "testname": "demo_1-bit_Full_Adder_ver1_tb_1", "cornername": "Nominal"}
[2024-10-16 01:41:58.078 -0700] [INFO] [cadence.virtuoso.ade.simulationMonitor] - Notice from spectre during IC analysis, during transient analysis `tran'.
    GminDC = 1 pS is large enough to noticeably affect the DC solution.
        dV(I3.I1.net9) = -12.09 mV
        Use the `gmin_check' option to eliminate or expand this report.
    Bad pivoting is found during DC analysis. Option dc_pivot_check=yes is recommended for possible improvement of convergence. {"history": "ExplorerRun.0", "point": 1, "testname": "demo_1-bit_Full_Adder_ver1_tb_1", "cornername": "Nominal"}
[2024-10-16 01:41:58.080 -0700] [INFO] [cadence.virtuoso.ade.simulationMonitor] - Notice from spectre during transient analysis `tran'.
    Multithreading is disabled due to the size of the design being too small. {"history": "ExplorerRun.0", "point": 1, "testname": "demo_1-bit_Full_Adder_ver1_tb_1", "cornername": "Nominal"}
[2024-10-16 01:41:58.082 -0700] [INFO] [cadence.virtuoso.ade.simulationMonitor] - Notice from spectre at time = 2.38888 ns during transient analysis `tran'.
    Found trapezoidal ringing on node _vvdd!:p. {"history": "ExplorerRun.0", "point": 1, "testname": "demo_1-bit_Full_Adder_ver1_tb_1", "cornername": "Nominal"}
[2024-10-16 01:41:58.084 -0700] [INFO] [cadence.virtuoso.ade.simulationMonitor] - Notice from spectre at time = 2.58888 ns during transient analysis `tran'.
    Found trapezoidal ringing on node _vvdd!:p. {"history": "ExplorerRun.0", "point": 1, "testname": "demo_1-bit_Full_Adder_ver1_tb_1", "cornername": "Nominal"}
[2024-10-16 01:41:58.085 -0700] [INFO] [cadence.virtuoso.ade.simulationMonitor] - Notice from spectre at time = 2.78888 ns during transient analysis `tran'.
    Found trapezoidal ringing on node _vvdd!:p. {"history": "ExplorerRun.0", "point": 1, "testname": "demo_1-bit_Full_Adder_ver1_tb_1", "cornername": "Nominal"}
[2024-10-16 01:41:58.087 -0700] [INFO] [cadence.virtuoso.ade.simulationMonitor] - Notice from spectre at time = 2.89444 ns during transient analysis `tran'.
    Found trapezoidal ringing on node _vvdd!:p. {"history": "ExplorerRun.0", "point": 1, "testname": "demo_1-bit_Full_Adder_ver1_tb_1", "cornername": "Nominal"}
[2024-10-16 01:41:58.089 -0700] [INFO] [cadence.virtuoso.ade.simulationMonitor] - Notice from spectre at time = 3 ns during transient analysis `tran'.
    Found trapezoidal ringing on node _vvdd!:p.
        Further occurrences of this notice will be suppressed. {"history": "ExplorerRun.0", "point": 1, "testname": "demo_1-bit_Full_Adder_ver1_tb_1", "cornername": "Nominal"}
[2024-10-16 01:41:58.090 -0700] [INFO] [cadence.virtuoso.ade.simulationMonitor] - Notice from spectre during transient analysis `tran'.
    Trapezoidal ringing is detected during tran analysis.
        Please use method=trap for better results and performance. {"history": "ExplorerRun.0", "point": 1, "testname": "demo_1-bit_Full_Adder_ver1_tb_1", "cornername": "Nominal"}
[2024-10-16 01:41:58.092 -0700] [INFO] [cadence.virtuoso.ade.simulationMonitor] - Total time required for tran analysis `tran': CPU = 85.95 ms, elapsed = 102.721 ms. {"history": "ExplorerRun.0", "point": 1, "testname": "demo_1-bit_Full_Adder_ver1_tb_1", "cornername": "Nominal"}
[2024-10-16 01:41:58.094 -0700] [INFO] [cadence.virtuoso.ade.simulationMonitor] - Peak resident memory used = 72.2 Mbytes. {"history": "ExplorerRun.0", "point": 1, "testname": "demo_1-bit_Full_Adder_ver1_tb_1", "cornername": "Nominal"}
[2024-10-16 01:41:58.097 -0700] [INFO] [cadence.virtuoso.ade.simulationMonitor] - Notice from spectre.
    30 notices suppressed. {"history": "ExplorerRun.0", "point": 1, "testname": "demo_1-bit_Full_Adder_ver1_tb_1", "cornername": "Nominal"}
[2024-10-16 01:41:58.099 -0700] [INFO] [cadence.virtuoso.ade.simulationMonitor] - Time used: CPU = 1.28 s, elapsed = 1.57 s, util. = 81.5%. {"history": "ExplorerRun.0", "point": 1, "testname": "demo_1-bit_Full_Adder_ver1_tb_1", "cornername": "Nominal"}
[2024-10-16 01:41:58.101 -0700] [INFO] [cadence.virtuoso.ade.simulationMonitor] - Time spent in licensing: elapsed = 24 ms. {"history": "ExplorerRun.0", "point": 1, "testname": "demo_1-bit_Full_Adder_ver1_tb_1", "cornername": "Nominal"}
[2024-10-16 01:41:58.104 -0700] [INFO] [cadence.virtuoso.ade.simulationMonitor] - Peak memory used = 72.9 Mbytes. {"history": "ExplorerRun.0", "point": 1, "testname": "demo_1-bit_Full_Adder_ver1_tb_1", "cornername": "Nominal"}
[2024-10-16 01:41:58.109 -0700] [PROCESS] [cadence.virtuoso.ade.simulationMonitor] - Simulation started at: 1:41:56 AM, Wed Oct 16, 2024, ended at: 1:41:57 AM, Wed Oct 16, 2024, with elapsed time (wall clock): 1.57 s. {"history": "ExplorerRun.0", "point": 1, "testname": "demo_1-bit_Full_Adder_ver1_tb_1", "cornername": "Nominal"}
[2024-10-16 01:41:58.111 -0700] [PROCESS] [cadence.virtuoso.ade.simulationMonitor] - spectre completes with 0 errors, 1 warning, and 12 notices. {"history": "ExplorerRun.0", "point": 1, "testname": "demo_1-bit_Full_Adder_ver1_tb_1", "cornername": "Nominal"}
[2024-10-16 01:41:58.112 -0700] [PROCESS] [cadence.virtuoso.ade.simulationMonitor] - Finished simulating for one point {"hostname": "viterbi-scf2", "processid": 51165, "history": "ExplorerRun.0", "testname": "demo_1-bit_Full_Adder_ver1_tb_1", "cornername": "Nominal", "point": 1, "logfile": "/home/viterbi/01/tongjia/work_gpdk045/logs_tongjia/logs0/Job20.log", "simid": "1"}
[2024-10-16 01:41:58.114 -0700] [PROCESS] [cadence.virtuoso.ade.simulationMonitor] - Simulator exited {"hostname": "viterbi-scf2", "processid": 51165, "history": "ExplorerRun.0", "testname": "demo_1-bit_Full_Adder_ver1_tb_1", "cornername": "Nominal", "point": 1, "logfile": "/home/viterbi/01/tongjia/work_gpdk045/logs_tongjia/logs0/Job20.log", "exitStatus": "0"}
[2024-10-16 01:41:58.116 -0700] [PROCESS] [cadence.virtuoso.ade.simulationMonitor] - Finished Simulation {"hostname": "viterbi-scf2", "processid": 51165, "history": "ExplorerRun.0", "testname": "demo_1-bit_Full_Adder_ver1_tb_1", "cornername": "Nominal", "point": 1, "logfile": "/home/viterbi/01/tongjia/work_gpdk045/logs_tongjia/logs0/Job20.log", "simid": "1"}
[2024-10-16 01:42:02.153 -0700] [PROCESS] [cadence.virtuoso.ade.simulationMonitor] - Point Finished {"hostname": "viterbi-scf2", "processid": 51165, "history": "ExplorerRun.0", "testname": "demo_1-bit_Full_Adder_ver1_tb_1", "cornername": "Nominal", "point": 1, "logfile": "/home/viterbi/01/tongjia/work_gpdk045/logs_tongjia/logs0/Job20.log"}
[2024-10-16 01:42:03.228 -0700] [PROCESS] [cadence.virtuoso.ade.simulationMonitor] - Stay with the runId '0', Linger time '300', currentRunSyn '1', currentTestSyn '2' {"hostname": "viterbi-scf2", "processid": 51165, "history": "ExplorerRun.0", "testname": "demo_1-bit_Full_Adder_ver1_tb_1", "cornername": "Nominal", "point": 1, "logfile": "/home/viterbi/01/tongjia/work_gpdk045/logs_tongjia/logs0/Job20.log"}
[2024-10-16 01:42:04.235 -0700] [PROCESS] [cadence.virtuoso.ade.simulationMonitor] - Stay with the runId '0', Linger time '300', currentRunSyn '1', currentTestSyn '2' {"hostname": "viterbi-scf2", "processid": 51165, "history": "ExplorerRun.0", "testname": "demo_1-bit_Full_Adder_ver1_tb_1", "cornername": "Nominal", "point": 1, "logfile": "/home/viterbi/01/tongjia/work_gpdk045/logs_tongjia/logs0/Job20.log"}
[2024-10-16 01:43:58.174 -0700] [INFO] [cadence.virtuoso.ade.simulationMonitor] - SimulationMonitor has terminated the vds process '51202', reason: 'Force to stop the expression evalutor process because of new run' {"history": "ExplorerRun.0", "point": 1, "testname": "demo_1-bit_Full_Adder_ver1_tb_1", "cornername": "Nominal"}
[2024-10-16 01:43:58.201 -0700] [PROCESS] [cadence.virtuoso.ade.simulationMonitor] - HostInfo:
Host name (type):	viterbi-scf2 (x86_64)
Operating system:	Linux 3.10.0-1160.119.1.el7.tuxcare.els3.x86_64 #1 SMP Fri Aug 23 19:18:06 UTC 2024 {"hostname": "viterbi-scf2", "processid": 51165, "history": "ExplorerRun.0", "testname": "demo_1-bit_Full_Adder_ver1_tb_1", "cornername": "Nominal", "point": 1, "logfile": "/home/viterbi/01/tongjia/work_gpdk045/logs_tongjia/logs0/Job20.log", "nodename": "viterbi-scf2", "domainname": "viterbi", "machine": "x86_64", "sysname": "Linux", "release": "3.10.0-1160.119.1.el7.tuxcare.els3.x86_64", "version": "#1 SMP Fri Aug 23 19:18:06 UTC 2024"}
[2024-10-16 01:43:58.210 -0700] [PROCESS] [cadence.virtuoso.ade.simulationMonitor] - UsageInfo:
pid=51165
totalPhysicalMemory=1007.132404GB,Used=227.255939GB,totalVirtualMemory=1007.132404GB,Used=227.255939GB
Cpu: Cores=112, Load average:4.130000,3.610000,3.140000 {"hostname": "viterbi-scf2", "processid": 51165, "history": "ExplorerRun.0", "testname": "demo_1-bit_Full_Adder_ver1_tb_1", "cornername": "Nominal", "point": 1, "logfile": "/home/viterbi/01/tongjia/work_gpdk045/logs_tongjia/logs0/Job20.log", "pid": "51165", "totalPhysicalMemory": "1007.132404", "physicalMemoryUsed": "227.255939", "totalVirtualMemory": "1007.132404", "virtualMemoryUsed": "227.255939", "cpuCores": "112", "processes": "5145", "loadAverage1": "4.130000", "loadAverage5": "3.610000", "loadAverage15": "3.140000", "loadAverage1Percent": "0.036875"}
[2024-10-16 01:43:58.220 -0700] [EVENT] [cadence.virtuoso.ade.simulationMonitor] - NewPoint {"history": "ExplorerRun.0", "point": 1, "testname": "demo_1-bit_Full_Adder_ver1_tb_1", "cornername": "Nominal", "event": "NewPoint", "EventSource": "Simulation Monitor", "HistoryName": "ExplorerRun.0", "logFile": "/home/viterbi/01/tongjia/work_gpdk045/logs_tongjia/logs0/Job20.log", "logFileSize": "15360"}
[2024-10-16 01:43:58.531 -0700] [EVENT] [cadence.virtuoso.ade.simulationMonitor] - NewPoint {"history": "ExplorerRun.0", "point": 1, "testname": "demo_1-bit_Full_Adder_ver1_tb_1", "cornername": "Nominal", "event": "NewPoint", "EventSource": "spectre", "HistoryName": "ExplorerRun.0", "logFile": "/home/viterbi/01/tongjia/simulation/demo/1-bit_Full_Adder_ver1_tb/maestro/results/maestro/ExplorerRun.0/1/demo_1-bit_Full_Adder_ver1_tb_1/psf/spectre.out", "logFileSize": "-1"}
[2024-10-16 01:43:58.565 -0700] [PROCESS] [cadence.virtuoso.ade.simulationMonitor] - Simulator launched {"hostname": "viterbi-scf2", "processid": 51165, "history": "ExplorerRun.0", "testname": "demo_1-bit_Full_Adder_ver1_tb_1", "cornername": "Nominal", "point": 1, "logfile": "/home/viterbi/01/tongjia/work_gpdk045/logs_tongjia/logs0/Job20.log", "simid": "2"}
[2024-10-16 01:43:58.577 -0700] [PROCESS] [cadence.virtuoso.ade.simulationMonitor] - Expression evaluator launched {"hostname": "viterbi-scf2", "processid": 51165, "history": "ExplorerRun.0", "testname": "demo_1-bit_Full_Adder_ver1_tb_1", "cornername": "Nominal", "point": 1, "logfile": "/home/viterbi/01/tongjia/work_gpdk045/logs_tongjia/logs0/Job20.log"}
[2024-10-16 01:43:59.189 -0700] [PROCESS] [cadence.virtuoso.ade.simulationMonitor] - Started Simulation {"hostname": "viterbi-scf2", "processid": 51165, "history": "ExplorerRun.0", "testname": "demo_1-bit_Full_Adder_ver1_tb_1", "cornername": "Nominal", "point": 1, "logfile": "/home/viterbi/01/tongjia/work_gpdk045/logs_tongjia/logs0/Job20.log", "event": "started", "task": "simulation"}
[2024-10-16 01:44:00.204 -0700] [INFO] [cadence.virtuoso.ade.simulationMonitor] - Peak resident memory used = 57.7 Mbytes. {"history": "ExplorerRun.0", "point": 1, "testname": "demo_1-bit_Full_Adder_ver1_tb_1", "cornername": "Nominal"}
[2024-10-16 01:44:00.728 -0700] [INFO] [cadence.virtuoso.ade.simulationMonitor] - Peak resident memory used = 67.2 Mbytes. {"history": "ExplorerRun.0", "point": 1, "testname": "demo_1-bit_Full_Adder_ver1_tb_1", "cornername": "Nominal"}
[2024-10-16 01:44:00.741 -0700] [INFO] [cadence.virtuoso.ade.simulationMonitor] - Peak resident memory used = 67.9 Mbytes. {"history": "ExplorerRun.0", "point": 1, "testname": "demo_1-bit_Full_Adder_ver1_tb_1", "cornername": "Nominal"}
[2024-10-16 01:44:00.747 -0700] [INFO] [cadence.virtuoso.ade.simulationMonitor] - Notice from spectre during initial setup.
    Multithreading is disabled due to the size of the design being too small. {"history": "ExplorerRun.0", "point": 1, "testname": "demo_1-bit_Full_Adder_ver1_tb_1", "cornername": "Nominal"}
[2024-10-16 01:44:00.758 -0700] [INFO] [cadence.virtuoso.ade.simulationMonitor] -               nodes 73 {"history": "ExplorerRun.0", "point": 1, "testname": "demo_1-bit_Full_Adder_ver1_tb_1", "cornername": "Nominal"}
[2024-10-16 01:44:00.759 -0700] [INFO] [cadence.virtuoso.ade.simulationMonitor] - Notice from spectre during initial setup.
    APS Enabled. {"history": "ExplorerRun.0", "point": 1, "testname": "demo_1-bit_Full_Adder_ver1_tb_1", "cornername": "Nominal"}
[2024-10-16 01:44:00.761 -0700] [INFO] [cadence.virtuoso.ade.simulationMonitor] - Peak resident memory used = 68.9 Mbytes. {"history": "ExplorerRun.0", "point": 1, "testname": "demo_1-bit_Full_Adder_ver1_tb_1", "cornername": "Nominal"}
[2024-10-16 01:44:00.764 -0700] [WARN] [cadence.virtuoso.ade.simulationMonitor] -     WARNING (SPECTRE-16707): Only tran supports psfxl format, result of other analyses will be in psfbin format. {"history": "ExplorerRun.0", "point": 1, "testname": "demo_1-bit_Full_Adder_ver1_tb_1", "cornername": "Nominal"}
[2024-10-16 01:44:00.766 -0700] [INFO] [cadence.virtuoso.ade.simulationMonitor] - Notice from spectre during IC analysis, during transient analysis `tran'.
    GminDC = 1 pS is large enough to noticeably affect the DC solution.
        dV(I3.I1.net9) = -12.0916 mV
        Use the `gmin_check' option to eliminate or expand this report.
    Bad pivoting is found during DC analysis. Option dc_pivot_check=yes is recommended for possible improvement of convergence. {"history": "ExplorerRun.0", "point": 1, "testname": "demo_1-bit_Full_Adder_ver1_tb_1", "cornername": "Nominal"}
[2024-10-16 01:44:00.768 -0700] [INFO] [cadence.virtuoso.ade.simulationMonitor] - Notice from spectre during transient analysis `tran'.
    Multithreading is disabled due to the size of the design being too small. {"history": "ExplorerRun.0", "point": 1, "testname": "demo_1-bit_Full_Adder_ver1_tb_1", "cornername": "Nominal"}
[2024-10-16 01:44:00.771 -0700] [INFO] [cadence.virtuoso.ade.simulationMonitor] - Notice from spectre at time = 2.38887 ns during transient analysis `tran'.
    Found trapezoidal ringing on node _vvdd!:p. {"history": "ExplorerRun.0", "point": 1, "testname": "demo_1-bit_Full_Adder_ver1_tb_1", "cornername": "Nominal"}
[2024-10-16 01:44:00.773 -0700] [INFO] [cadence.virtuoso.ade.simulationMonitor] - Notice from spectre at time = 2.58887 ns during transient analysis `tran'.
    Found trapezoidal ringing on node _vvdd!:p. {"history": "ExplorerRun.0", "point": 1, "testname": "demo_1-bit_Full_Adder_ver1_tb_1", "cornername": "Nominal"}
[2024-10-16 01:44:00.775 -0700] [INFO] [cadence.virtuoso.ade.simulationMonitor] - Notice from spectre at time = 2.78887 ns during transient analysis `tran'.
    Found trapezoidal ringing on node _vvdd!:p. {"history": "ExplorerRun.0", "point": 1, "testname": "demo_1-bit_Full_Adder_ver1_tb_1", "cornername": "Nominal"}
[2024-10-16 01:44:00.778 -0700] [INFO] [cadence.virtuoso.ade.simulationMonitor] - Notice from spectre at time = 2.89444 ns during transient analysis `tran'.
    Found trapezoidal ringing on node _vvdd!:p. {"history": "ExplorerRun.0", "point": 1, "testname": "demo_1-bit_Full_Adder_ver1_tb_1", "cornername": "Nominal"}
[2024-10-16 01:44:00.780 -0700] [INFO] [cadence.virtuoso.ade.simulationMonitor] - Notice from spectre at time = 3 ns during transient analysis `tran'.
    Found trapezoidal ringing on node _vvdd!:p.
        Further occurrences of this notice will be suppressed. {"history": "ExplorerRun.0", "point": 1, "testname": "demo_1-bit_Full_Adder_ver1_tb_1", "cornername": "Nominal"}
[2024-10-16 01:44:00.782 -0700] [INFO] [cadence.virtuoso.ade.simulationMonitor] - Notice from spectre during transient analysis `tran'.
    Trapezoidal ringing is detected during tran analysis.
        Please use method=trap for better results and performance. {"history": "ExplorerRun.0", "point": 1, "testname": "demo_1-bit_Full_Adder_ver1_tb_1", "cornername": "Nominal"}
[2024-10-16 01:44:00.784 -0700] [INFO] [cadence.virtuoso.ade.simulationMonitor] - Total time required for tran analysis `tran': CPU = 222.743 ms, elapsed = 237.365 ms. {"history": "ExplorerRun.0", "point": 1, "testname": "demo_1-bit_Full_Adder_ver1_tb_1", "cornername": "Nominal"}
[2024-10-16 01:44:00.786 -0700] [INFO] [cadence.virtuoso.ade.simulationMonitor] - Peak resident memory used = 72.2 Mbytes. {"history": "ExplorerRun.0", "point": 1, "testname": "demo_1-bit_Full_Adder_ver1_tb_1", "cornername": "Nominal"}
[2024-10-16 01:44:00.788 -0700] [INFO] [cadence.virtuoso.ade.simulationMonitor] - Notice from spectre.
    30 notices suppressed. {"history": "ExplorerRun.0", "point": 1, "testname": "demo_1-bit_Full_Adder_ver1_tb_1", "cornername": "Nominal"}
[2024-10-16 01:44:00.791 -0700] [INFO] [cadence.virtuoso.ade.simulationMonitor] - Time used: CPU = 1.57 s, elapsed = 1.87 s, util. = 84%. {"history": "ExplorerRun.0", "point": 1, "testname": "demo_1-bit_Full_Adder_ver1_tb_1", "cornername": "Nominal"}
[2024-10-16 01:44:00.793 -0700] [INFO] [cadence.virtuoso.ade.simulationMonitor] - Time spent in licensing: elapsed = 32.1 ms. {"history": "ExplorerRun.0", "point": 1, "testname": "demo_1-bit_Full_Adder_ver1_tb_1", "cornername": "Nominal"}
[2024-10-16 01:44:00.797 -0700] [INFO] [cadence.virtuoso.ade.simulationMonitor] - Peak memory used = 72.9 Mbytes. {"history": "ExplorerRun.0", "point": 1, "testname": "demo_1-bit_Full_Adder_ver1_tb_1", "cornername": "Nominal"}
[2024-10-16 01:44:00.803 -0700] [PROCESS] [cadence.virtuoso.ade.simulationMonitor] - Simulation started at: 1:43:58 AM, Wed Oct 16, 2024, ended at: 1:44:00 AM, Wed Oct 16, 2024, with elapsed time (wall clock): 1.87 s. {"history": "ExplorerRun.0", "point": 1, "testname": "demo_1-bit_Full_Adder_ver1_tb_1", "cornername": "Nominal"}
[2024-10-16 01:44:00.805 -0700] [PROCESS] [cadence.virtuoso.ade.simulationMonitor] - spectre completes with 0 errors, 1 warning, and 12 notices. {"history": "ExplorerRun.0", "point": 1, "testname": "demo_1-bit_Full_Adder_ver1_tb_1", "cornername": "Nominal"}
[2024-10-16 01:44:00.807 -0700] [PROCESS] [cadence.virtuoso.ade.simulationMonitor] - Finished simulating for one point {"hostname": "viterbi-scf2", "processid": 51165, "history": "ExplorerRun.0", "testname": "demo_1-bit_Full_Adder_ver1_tb_1", "cornername": "Nominal", "point": 1, "logfile": "/home/viterbi/01/tongjia/work_gpdk045/logs_tongjia/logs0/Job20.log", "simid": "2"}
[2024-10-16 01:44:00.809 -0700] [PROCESS] [cadence.virtuoso.ade.simulationMonitor] - Simulator exited {"hostname": "viterbi-scf2", "processid": 51165, "history": "ExplorerRun.0", "testname": "demo_1-bit_Full_Adder_ver1_tb_1", "cornername": "Nominal", "point": 1, "logfile": "/home/viterbi/01/tongjia/work_gpdk045/logs_tongjia/logs0/Job20.log", "exitStatus": "0"}
[2024-10-16 01:44:00.811 -0700] [PROCESS] [cadence.virtuoso.ade.simulationMonitor] - Finished Simulation {"hostname": "viterbi-scf2", "processid": 51165, "history": "ExplorerRun.0", "testname": "demo_1-bit_Full_Adder_ver1_tb_1", "cornername": "Nominal", "point": 1, "logfile": "/home/viterbi/01/tongjia/work_gpdk045/logs_tongjia/logs0/Job20.log", "simid": "2"}
[2024-10-16 01:44:04.356 -0700] [PROCESS] [cadence.virtuoso.ade.simulationMonitor] - Point Finished {"hostname": "viterbi-scf2", "processid": 51165, "history": "ExplorerRun.0", "testname": "demo_1-bit_Full_Adder_ver1_tb_1", "cornername": "Nominal", "point": 1, "logfile": "/home/viterbi/01/tongjia/work_gpdk045/logs_tongjia/logs0/Job20.log"}
[2024-10-16 01:44:05.392 -0700] [PROCESS] [cadence.virtuoso.ade.simulationMonitor] - Stay with the runId '1', Linger time '300', currentRunSyn '3', currentTestSyn '4' {"hostname": "viterbi-scf2", "processid": 51165, "history": "ExplorerRun.0", "testname": "demo_1-bit_Full_Adder_ver1_tb_1", "cornername": "Nominal", "point": 1, "logfile": "/home/viterbi/01/tongjia/work_gpdk045/logs_tongjia/logs0/Job20.log"}
[2024-10-16 01:45:54.024 -0700] [INFO] [cadence.virtuoso.ade.simulationMonitor] - SimulationMonitor has terminated the vds process '55155', reason: 'Force to stop the expression evalutor process because of new run' {"history": "ExplorerRun.0", "point": 1, "testname": "demo_1-bit_Full_Adder_ver1_tb_1", "cornername": "Nominal"}
[2024-10-16 01:45:54.032 -0700] [PROCESS] [cadence.virtuoso.ade.simulationMonitor] - HostInfo:
Host name (type):	viterbi-scf2 (x86_64)
Operating system:	Linux 3.10.0-1160.119.1.el7.tuxcare.els3.x86_64 #1 SMP Fri Aug 23 19:18:06 UTC 2024 {"hostname": "viterbi-scf2", "processid": 51165, "history": "ExplorerRun.0", "testname": "demo_1-bit_Full_Adder_ver1_tb_1", "cornername": "Nominal", "point": 1, "logfile": "/home/viterbi/01/tongjia/work_gpdk045/logs_tongjia/logs0/Job20.log", "nodename": "viterbi-scf2", "domainname": "viterbi", "machine": "x86_64", "sysname": "Linux", "release": "3.10.0-1160.119.1.el7.tuxcare.els3.x86_64", "version": "#1 SMP Fri Aug 23 19:18:06 UTC 2024"}
[2024-10-16 01:45:54.035 -0700] [PROCESS] [cadence.virtuoso.ade.simulationMonitor] - UsageInfo:
pid=51165
totalPhysicalMemory=1007.132404GB,Used=227.128368GB,totalVirtualMemory=1007.132404GB,Used=227.128368GB
Cpu: Cores=112, Load average:3.160000,3.430000,3.130000 {"hostname": "viterbi-scf2", "processid": 51165, "history": "ExplorerRun.0", "testname": "demo_1-bit_Full_Adder_ver1_tb_1", "cornername": "Nominal", "point": 1, "logfile": "/home/viterbi/01/tongjia/work_gpdk045/logs_tongjia/logs0/Job20.log", "pid": "51165", "totalPhysicalMemory": "1007.132404", "physicalMemoryUsed": "227.128368", "totalVirtualMemory": "1007.132404", "virtualMemoryUsed": "227.128368", "cpuCores": "112", "processes": "5113", "loadAverage1": "3.160000", "loadAverage5": "3.430000", "loadAverage15": "3.130000", "loadAverage1Percent": "0.028214"}
[2024-10-16 01:45:54.042 -0700] [EVENT] [cadence.virtuoso.ade.simulationMonitor] - NewPoint {"history": "ExplorerRun.0", "point": 1, "testname": "demo_1-bit_Full_Adder_ver1_tb_1", "cornername": "Nominal", "event": "NewPoint", "EventSource": "Simulation Monitor", "HistoryName": "ExplorerRun.0", "logFile": "/home/viterbi/01/tongjia/work_gpdk045/logs_tongjia/logs0/Job20.log", "logFileSize": "28055"}
[2024-10-16 01:45:54.352 -0700] [EVENT] [cadence.virtuoso.ade.simulationMonitor] - NewPoint {"history": "ExplorerRun.0", "point": 1, "testname": "demo_1-bit_Full_Adder_ver1_tb_1", "cornername": "Nominal", "event": "NewPoint", "EventSource": "spectre", "HistoryName": "ExplorerRun.0", "logFile": "/home/viterbi/01/tongjia/simulation/demo/1-bit_Full_Adder_ver1_tb/maestro/results/maestro/ExplorerRun.0/1/demo_1-bit_Full_Adder_ver1_tb_1/psf/spectre.out", "logFileSize": "-1"}
[2024-10-16 01:45:54.385 -0700] [PROCESS] [cadence.virtuoso.ade.simulationMonitor] - Simulator launched {"hostname": "viterbi-scf2", "processid": 51165, "history": "ExplorerRun.0", "testname": "demo_1-bit_Full_Adder_ver1_tb_1", "cornername": "Nominal", "point": 1, "logfile": "/home/viterbi/01/tongjia/work_gpdk045/logs_tongjia/logs0/Job20.log", "simid": "3"}
[2024-10-16 01:45:54.394 -0700] [PROCESS] [cadence.virtuoso.ade.simulationMonitor] - Expression evaluator launched {"hostname": "viterbi-scf2", "processid": 51165, "history": "ExplorerRun.0", "testname": "demo_1-bit_Full_Adder_ver1_tb_1", "cornername": "Nominal", "point": 1, "logfile": "/home/viterbi/01/tongjia/work_gpdk045/logs_tongjia/logs0/Job20.log"}
[2024-10-16 01:45:54.904 -0700] [PROCESS] [cadence.virtuoso.ade.simulationMonitor] - Started Simulation {"hostname": "viterbi-scf2", "processid": 51165, "history": "ExplorerRun.0", "testname": "demo_1-bit_Full_Adder_ver1_tb_1", "cornername": "Nominal", "point": 1, "logfile": "/home/viterbi/01/tongjia/work_gpdk045/logs_tongjia/logs0/Job20.log", "event": "started", "task": "simulation"}
[2024-10-16 01:45:55.910 -0700] [INFO] [cadence.virtuoso.ade.simulationMonitor] - Peak resident memory used = 59.6 Mbytes. {"history": "ExplorerRun.0", "point": 1, "testname": "demo_1-bit_Full_Adder_ver1_tb_1", "cornername": "Nominal"}
[2024-10-16 01:45:56.416 -0700] [INFO] [cadence.virtuoso.ade.simulationMonitor] - Peak resident memory used = 69.1 Mbytes. {"history": "ExplorerRun.0", "point": 1, "testname": "demo_1-bit_Full_Adder_ver1_tb_1", "cornername": "Nominal"}
[2024-10-16 01:45:56.421 -0700] [INFO] [cadence.virtuoso.ade.simulationMonitor] - Peak resident memory used = 69.9 Mbytes. {"history": "ExplorerRun.0", "point": 1, "testname": "demo_1-bit_Full_Adder_ver1_tb_1", "cornername": "Nominal"}
[2024-10-16 01:45:56.424 -0700] [INFO] [cadence.virtuoso.ade.simulationMonitor] - Notice from spectre during initial setup.
    Multithreading is disabled due to the size of the design being too small. {"history": "ExplorerRun.0", "point": 1, "testname": "demo_1-bit_Full_Adder_ver1_tb_1", "cornername": "Nominal"}
[2024-10-16 01:45:56.436 -0700] [INFO] [cadence.virtuoso.ade.simulationMonitor] -               nodes 73 {"history": "ExplorerRun.0", "point": 1, "testname": "demo_1-bit_Full_Adder_ver1_tb_1", "cornername": "Nominal"}
[2024-10-16 01:45:56.438 -0700] [INFO] [cadence.virtuoso.ade.simulationMonitor] - Notice from spectre during initial setup.
    APS Enabled. {"history": "ExplorerRun.0", "point": 1, "testname": "demo_1-bit_Full_Adder_ver1_tb_1", "cornername": "Nominal"}
[2024-10-16 01:45:56.441 -0700] [INFO] [cadence.virtuoso.ade.simulationMonitor] - Peak resident memory used = 70.9 Mbytes. {"history": "ExplorerRun.0", "point": 1, "testname": "demo_1-bit_Full_Adder_ver1_tb_1", "cornername": "Nominal"}
[2024-10-16 01:45:56.444 -0700] [WARN] [cadence.virtuoso.ade.simulationMonitor] -     WARNING (SPECTRE-16707): Only tran supports psfxl format, result of other analyses will be in psfbin format. {"history": "ExplorerRun.0", "point": 1, "testname": "demo_1-bit_Full_Adder_ver1_tb_1", "cornername": "Nominal"}
[2024-10-16 01:45:56.448 -0700] [INFO] [cadence.virtuoso.ade.simulationMonitor] - Notice from spectre during IC analysis, during transient analysis `tran'.
    GminDC = 1 pS is large enough to noticeably affect the DC solution.
        dV(I3.I1.net9) = -12.0916 mV
        Use the `gmin_check' option to eliminate or expand this report.
    Bad pivoting is found during DC analysis. Option dc_pivot_check=yes is recommended for possible improvement of convergence. {"history": "ExplorerRun.0", "point": 1, "testname": "demo_1-bit_Full_Adder_ver1_tb_1", "cornername": "Nominal"}
[2024-10-16 01:45:56.451 -0700] [INFO] [cadence.virtuoso.ade.simulationMonitor] - Notice from spectre during transient analysis `tran'.
    Multithreading is disabled due to the size of the design being too small. {"history": "ExplorerRun.0", "point": 1, "testname": "demo_1-bit_Full_Adder_ver1_tb_1", "cornername": "Nominal"}
[2024-10-16 01:45:56.454 -0700] [INFO] [cadence.virtuoso.ade.simulationMonitor] - Notice from spectre at time = 2.38887 ns during transient analysis `tran'.
    Found trapezoidal ringing on node _vvdd!:p. {"history": "ExplorerRun.0", "point": 1, "testname": "demo_1-bit_Full_Adder_ver1_tb_1", "cornername": "Nominal"}
[2024-10-16 01:45:56.459 -0700] [INFO] [cadence.virtuoso.ade.simulationMonitor] - Notice from spectre at time = 2.58887 ns during transient analysis `tran'.
    Found trapezoidal ringing on node _vvdd!:p. {"history": "ExplorerRun.0", "point": 1, "testname": "demo_1-bit_Full_Adder_ver1_tb_1", "cornername": "Nominal"}
[2024-10-16 01:45:56.464 -0700] [INFO] [cadence.virtuoso.ade.simulationMonitor] - Notice from spectre at time = 2.78887 ns during transient analysis `tran'.
    Found trapezoidal ringing on node _vvdd!:p. {"history": "ExplorerRun.0", "point": 1, "testname": "demo_1-bit_Full_Adder_ver1_tb_1", "cornername": "Nominal"}
[2024-10-16 01:45:56.467 -0700] [INFO] [cadence.virtuoso.ade.simulationMonitor] - Notice from spectre at time = 2.89444 ns during transient analysis `tran'.
    Found trapezoidal ringing on node _vvdd!:p. {"history": "ExplorerRun.0", "point": 1, "testname": "demo_1-bit_Full_Adder_ver1_tb_1", "cornername": "Nominal"}
[2024-10-16 01:45:56.470 -0700] [INFO] [cadence.virtuoso.ade.simulationMonitor] - Notice from spectre at time = 3 ns during transient analysis `tran'.
    Found trapezoidal ringing on node _vvdd!:p.
        Further occurrences of this notice will be suppressed. {"history": "ExplorerRun.0", "point": 1, "testname": "demo_1-bit_Full_Adder_ver1_tb_1", "cornername": "Nominal"}
[2024-10-16 01:45:56.473 -0700] [INFO] [cadence.virtuoso.ade.simulationMonitor] - Notice from spectre during transient analysis `tran'.
    Trapezoidal ringing is detected during tran analysis.
        Please use method=trap for better results and performance. {"history": "ExplorerRun.0", "point": 1, "testname": "demo_1-bit_Full_Adder_ver1_tb_1", "cornername": "Nominal"}
[2024-10-16 01:45:56.476 -0700] [INFO] [cadence.virtuoso.ade.simulationMonitor] - Total time required for tran analysis `tran': CPU = 105.024 ms, elapsed = 123.181 ms. {"history": "ExplorerRun.0", "point": 1, "testname": "demo_1-bit_Full_Adder_ver1_tb_1", "cornername": "Nominal"}
[2024-10-16 01:45:56.479 -0700] [INFO] [cadence.virtuoso.ade.simulationMonitor] - Peak resident memory used = 74.1 Mbytes. {"history": "ExplorerRun.0", "point": 1, "testname": "demo_1-bit_Full_Adder_ver1_tb_1", "cornername": "Nominal"}
[2024-10-16 01:45:56.481 -0700] [INFO] [cadence.virtuoso.ade.simulationMonitor] - Notice from spectre.
    30 notices suppressed. {"history": "ExplorerRun.0", "point": 1, "testname": "demo_1-bit_Full_Adder_ver1_tb_1", "cornername": "Nominal"}
[2024-10-16 01:45:56.484 -0700] [INFO] [cadence.virtuoso.ade.simulationMonitor] - Time used: CPU = 1.4 s, elapsed = 1.65 s, util. = 84.6%. {"history": "ExplorerRun.0", "point": 1, "testname": "demo_1-bit_Full_Adder_ver1_tb_1", "cornername": "Nominal"}
[2024-10-16 01:45:56.487 -0700] [INFO] [cadence.virtuoso.ade.simulationMonitor] - Time spent in licensing: elapsed = 27.3 ms. {"history": "ExplorerRun.0", "point": 1, "testname": "demo_1-bit_Full_Adder_ver1_tb_1", "cornername": "Nominal"}
[2024-10-16 01:45:56.491 -0700] [INFO] [cadence.virtuoso.ade.simulationMonitor] - Peak memory used = 74.8 Mbytes. {"history": "ExplorerRun.0", "point": 1, "testname": "demo_1-bit_Full_Adder_ver1_tb_1", "cornername": "Nominal"}
[2024-10-16 01:45:56.498 -0700] [PROCESS] [cadence.virtuoso.ade.simulationMonitor] - Simulation started at: 1:45:54 AM, Wed Oct 16, 2024, ended at: 1:45:56 AM, Wed Oct 16, 2024, with elapsed time (wall clock): 1.65 s. {"history": "ExplorerRun.0", "point": 1, "testname": "demo_1-bit_Full_Adder_ver1_tb_1", "cornername": "Nominal"}
[2024-10-16 01:45:56.501 -0700] [PROCESS] [cadence.virtuoso.ade.simulationMonitor] - spectre completes with 0 errors, 1 warning, and 12 notices. {"history": "ExplorerRun.0", "point": 1, "testname": "demo_1-bit_Full_Adder_ver1_tb_1", "cornername": "Nominal"}
[2024-10-16 01:45:56.503 -0700] [PROCESS] [cadence.virtuoso.ade.simulationMonitor] - Finished simulating for one point {"hostname": "viterbi-scf2", "processid": 51165, "history": "ExplorerRun.0", "testname": "demo_1-bit_Full_Adder_ver1_tb_1", "cornername": "Nominal", "point": 1, "logfile": "/home/viterbi/01/tongjia/work_gpdk045/logs_tongjia/logs0/Job20.log", "simid": "3"}
[2024-10-16 01:45:56.506 -0700] [PROCESS] [cadence.virtuoso.ade.simulationMonitor] - Simulator exited {"hostname": "viterbi-scf2", "processid": 51165, "history": "ExplorerRun.0", "testname": "demo_1-bit_Full_Adder_ver1_tb_1", "cornername": "Nominal", "point": 1, "logfile": "/home/viterbi/01/tongjia/work_gpdk045/logs_tongjia/logs0/Job20.log", "exitStatus": "0"}
[2024-10-16 01:45:56.508 -0700] [PROCESS] [cadence.virtuoso.ade.simulationMonitor] - Finished Simulation {"hostname": "viterbi-scf2", "processid": 51165, "history": "ExplorerRun.0", "testname": "demo_1-bit_Full_Adder_ver1_tb_1", "cornername": "Nominal", "point": 1, "logfile": "/home/viterbi/01/tongjia/work_gpdk045/logs_tongjia/logs0/Job20.log", "simid": "3"}
[2024-10-16 01:46:00.551 -0700] [PROCESS] [cadence.virtuoso.ade.simulationMonitor] - Point Finished {"hostname": "viterbi-scf2", "processid": 51165, "history": "ExplorerRun.0", "testname": "demo_1-bit_Full_Adder_ver1_tb_1", "cornername": "Nominal", "point": 1, "logfile": "/home/viterbi/01/tongjia/work_gpdk045/logs_tongjia/logs0/Job20.log"}
[2024-10-16 01:46:01.592 -0700] [PROCESS] [cadence.virtuoso.ade.simulationMonitor] - Stay with the runId '2', Linger time '300', currentRunSyn '5', currentTestSyn '6' {"hostname": "viterbi-scf2", "processid": 51165, "history": "ExplorerRun.0", "testname": "demo_1-bit_Full_Adder_ver1_tb_1", "cornername": "Nominal", "point": 1, "logfile": "/home/viterbi/01/tongjia/work_gpdk045/logs_tongjia/logs0/Job20.log"}
[2024-10-16 01:47:36.479 -0700] [PROCESS] [cadence.virtuoso.ade.simulationMonitor] - get signal Terminated<15> from user:tongjia, which pid:51162:/usr/local/cadence/ICADVM201/tools/bin/64bit/cdsServIpc {"hostname": "viterbi-scf2", "processid": 51165, "history": "ExplorerRun.0", "testname": "demo_1-bit_Full_Adder_ver1_tb_1", "cornername": "Nominal", "point": 1, "logfile": "/home/viterbi/01/tongjia/work_gpdk045/logs_tongjia/logs0/Job20.log", "signal": "15", "signalName": "Terminated", "which": "/usr/local/cadence/ICADVM201/tools/bin/64bit/cdsServIpc", "pid": "51162", "user": "tongjia", "uid": "506509"}
[2024-10-16 01:47:36.481 -0700] [INFO] [cadence.virtuoso.ade.simulationMonitor] - SimulationMonitor has terminated the  process '58057', reason: 'simulationMonitor is handling signal 15' {"history": "ExplorerRun.0", "point": 1, "testname": "demo_1-bit_Full_Adder_ver1_tb_1", "cornername": "Nominal"}
[2024-10-16 01:47:36.986 -0700] [PROCESS] [cadence.virtuoso.ade.simulationMonitor] - Current memory used: 32.7812 MBytes, peak memory used: 32.7812 MBytes {"hostname": "viterbi-scf2", "processid": 51165, "history": "ExplorerRun.0", "testname": "demo_1-bit_Full_Adder_ver1_tb_1", "cornername": "Nominal", "point": 1, "logfile": "/home/viterbi/01/tongjia/work_gpdk045/logs_tongjia/logs0/Job20.log"}
[2024-10-16 01:47:36.989 -0700] [PROCESS] [cadence.virtuoso.ade.simulationMonitor] - Simulation Monitor process exit. {"hostname": "viterbi-scf2", "processid": 51165, "history": "ExplorerRun.0", "testname": "demo_1-bit_Full_Adder_ver1_tb_1", "cornername": "Nominal", "point": 1, "logfile": "/home/viterbi/01/tongjia/work_gpdk045/logs_tongjia/logs0/Job20.log"}
