[Simulation Monitor: 25]
[2024-11-01 12:39:52.979 -0700] [PROCESS] [cadence.virtuoso.ade.simulationMonitor] - Simulation Monitor has successfully started up. Trying to set up communication channels to other components ... {"hostname": "viterbi-scf2", "processid": 303238, "logfile": "/home/viterbi/01/tongjia/work_gpdk045/logs_tongjia/logs0/Job25.log"}
[2024-11-01 12:39:52.982 -0700] [PROCESS] [cadence.virtuoso.ade.simulationMonitor] - Communication channels have been successfully set up. Start processing events ... {"hostname": "viterbi-scf2", "processid": 303238, "logfile": "/home/viterbi/01/tongjia/work_gpdk045/logs_tongjia/logs0/Job25.log"}
[2024-11-01 12:39:52.982 -0700] [PROCESS] [cadence.virtuoso.ade.simulationMonitor] - Considering to start history {"hostname": "viterbi-scf2", "processid": 303238, "history": "ExplorerRun.0", "logfile": "/home/viterbi/01/tongjia/work_gpdk045/logs_tongjia/logs0/Job25.log"}
[2024-11-01 12:39:52.995 -0700] [PROCESS] [cadence.virtuoso.ade.simulationMonitor] - HostInfo:
Host name (type):	viterbi-scf2 (x86_64)
Operating system:	Linux 3.10.0-1160.119.1.el7.tuxcare.els7.x86_64 #1 SMP Fri Sep 20 11:32:55 UTC 2024 {"hostname": "viterbi-scf2", "processid": 303238, "history": "ExplorerRun.0", "logfile": "/home/viterbi/01/tongjia/work_gpdk045/logs_tongjia/logs0/Job25.log", "nodename": "viterbi-scf2", "domainname": "viterbi", "machine": "x86_64", "sysname": "Linux", "release": "3.10.0-1160.119.1.el7.tuxcare.els7.x86_64", "version": "#1 SMP Fri Sep 20 11:32:55 UTC 2024"}
[2024-11-01 12:39:52.997 -0700] [PROCESS] [cadence.virtuoso.ade.simulationMonitor] - UsageInfo:
pid=303238
totalPhysicalMemory=1007.132401GB,Used=161.051498GB,totalVirtualMemory=1007.132401GB,Used=161.051498GB
Cpu: Cores=112, Load average:32.430000,32.320000,32.430000 {"hostname": "viterbi-scf2", "processid": 303238, "history": "ExplorerRun.0", "logfile": "/home/viterbi/01/tongjia/work_gpdk045/logs_tongjia/logs0/Job25.log", "pid": "303238", "totalPhysicalMemory": "1007.132401", "physicalMemoryUsed": "161.051498", "totalVirtualMemory": "1007.132401", "virtualMemoryUsed": "161.051498", "cpuCores": "112", "processes": "5673", "loadAverage1": "32.430000", "loadAverage5": "32.320000", "loadAverage15": "32.430000", "loadAverage1Percent": "0.289554"}
[2024-11-01 12:39:53.000 -0700] [EVENT] [cadence.virtuoso.ade.simulationMonitor] - NewPoint {"history": "ExplorerRun.0", "point": 1, "testname": "demo_1_bit_Full_Adder_ver1_1", "cornername": "Nominal", "event": "NewPoint", "EventSource": "Simulation Monitor", "HistoryName": "ExplorerRun.0", "logFile": "/home/viterbi/01/tongjia/work_gpdk045/logs_tongjia/logs0/Job25.log", "logFileSize": "2274"}
[2024-11-01 12:39:53.305 -0700] [EVENT] [cadence.virtuoso.ade.simulationMonitor] - NewPoint {"history": "ExplorerRun.0", "point": 1, "testname": "demo_1_bit_Full_Adder_ver1_1", "cornername": "Nominal", "event": "NewPoint", "EventSource": "spectre", "HistoryName": "ExplorerRun.0", "logFile": "/home/viterbi/01/tongjia/simulation/demo/1_bit_Full_Adder_ver1/maestro/results/maestro/ExplorerRun.0/1/demo_1_bit_Full_Adder_ver1_1/psf/spectre.out", "logFileSize": "-1"}
[2024-11-01 12:39:53.334 -0700] [PROCESS] [cadence.virtuoso.ade.simulationMonitor] - Simulator launched {"hostname": "viterbi-scf2", "processid": 303238, "history": "ExplorerRun.0", "testname": "demo_1_bit_Full_Adder_ver1_1", "cornername": "Nominal", "point": 1, "logfile": "/home/viterbi/01/tongjia/work_gpdk045/logs_tongjia/logs0/Job25.log", "simid": "1"}
[2024-11-01 12:39:53.342 -0700] [PROCESS] [cadence.virtuoso.ade.simulationMonitor] - Expression evaluator launched {"hostname": "viterbi-scf2", "processid": 303238, "history": "ExplorerRun.0", "testname": "demo_1_bit_Full_Adder_ver1_1", "cornername": "Nominal", "point": 1, "logfile": "/home/viterbi/01/tongjia/work_gpdk045/logs_tongjia/logs0/Job25.log"}
[2024-11-01 12:39:54.050 -0700] [PROCESS] [cadence.virtuoso.ade.simulationMonitor] - Started Simulation {"hostname": "viterbi-scf2", "processid": 303238, "history": "ExplorerRun.0", "testname": "demo_1_bit_Full_Adder_ver1_1", "cornername": "Nominal", "point": 1, "logfile": "/home/viterbi/01/tongjia/work_gpdk045/logs_tongjia/logs0/Job25.log", "event": "started", "task": "simulation"}
[2024-11-01 12:39:54.552 -0700] [INFO] [cadence.virtuoso.ade.simulationMonitor] - Peak resident memory used = 57.7 Mbytes. {"history": "ExplorerRun.0", "point": 1, "testname": "demo_1_bit_Full_Adder_ver1_1", "cornername": "Nominal"}
[2024-11-01 12:39:55.054 -0700] [INFO] [cadence.virtuoso.ade.simulationMonitor] - Peak resident memory used = 67 Mbytes. {"history": "ExplorerRun.0", "point": 1, "testname": "demo_1_bit_Full_Adder_ver1_1", "cornername": "Nominal"}
[2024-11-01 12:39:55.055 -0700] [INFO] [cadence.virtuoso.ade.simulationMonitor] - Peak resident memory used = 67.8 Mbytes. {"history": "ExplorerRun.0", "point": 1, "testname": "demo_1_bit_Full_Adder_ver1_1", "cornername": "Nominal"}
[2024-11-01 12:39:55.056 -0700] [INFO] [cadence.virtuoso.ade.simulationMonitor] - Notice from spectre during initial setup.
    Multithreading is disabled due to the size of the design being too small. {"history": "ExplorerRun.0", "point": 1, "testname": "demo_1_bit_Full_Adder_ver1_1", "cornername": "Nominal"}
[2024-11-01 12:39:55.063 -0700] [INFO] [cadence.virtuoso.ade.simulationMonitor] -               nodes 58 {"history": "ExplorerRun.0", "point": 1, "testname": "demo_1_bit_Full_Adder_ver1_1", "cornername": "Nominal"}
[2024-11-01 12:39:55.064 -0700] [INFO] [cadence.virtuoso.ade.simulationMonitor] - Notice from spectre during initial setup.
    APS Enabled. {"history": "ExplorerRun.0", "point": 1, "testname": "demo_1_bit_Full_Adder_ver1_1", "cornername": "Nominal"}
[2024-11-01 12:39:55.065 -0700] [INFO] [cadence.virtuoso.ade.simulationMonitor] - Peak resident memory used = 68.8 Mbytes. {"history": "ExplorerRun.0", "point": 1, "testname": "demo_1_bit_Full_Adder_ver1_1", "cornername": "Nominal"}
[2024-11-01 12:39:55.065 -0700] [WARN] [cadence.virtuoso.ade.simulationMonitor] -     WARNING (SPECTRE-16707): Only tran supports psfxl format, result of other analyses will be in psfbin format. {"history": "ExplorerRun.0", "point": 1, "testname": "demo_1_bit_Full_Adder_ver1_1", "cornername": "Nominal"}
[2024-11-01 12:39:55.066 -0700] [INFO] [cadence.virtuoso.ade.simulationMonitor] - Notice from spectre during IC analysis, during transient analysis `tran'.
    GminDC = 1 pS is large enough to noticeably affect the DC solution.
        dV(S) = -54.7365 mV
        Use the `gmin_check' option to eliminate or expand this report.
    Bad pivoting is found during DC analysis. Option dc_pivot_check=yes is recommended for possible improvement of convergence. {"history": "ExplorerRun.0", "point": 1, "testname": "demo_1_bit_Full_Adder_ver1_1", "cornername": "Nominal"}
[2024-11-01 12:39:55.067 -0700] [INFO] [cadence.virtuoso.ade.simulationMonitor] - Notice from spectre during transient analysis `tran'.
    Multithreading is disabled due to the size of the design being too small. {"history": "ExplorerRun.0", "point": 1, "testname": "demo_1_bit_Full_Adder_ver1_1", "cornername": "Nominal"}
[2024-11-01 12:39:55.068 -0700] [INFO] [cadence.virtuoso.ade.simulationMonitor] - Notice from spectre at time = 3.01266 ns during transient analysis `tran'.
    Found trapezoidal ringing on node I9.PM2.n1. {"history": "ExplorerRun.0", "point": 1, "testname": "demo_1_bit_Full_Adder_ver1_1", "cornername": "Nominal"}
[2024-11-01 12:39:55.069 -0700] [INFO] [cadence.virtuoso.ade.simulationMonitor] - Notice from spectre at time = 3.01343 ns during transient analysis `tran'.
    Found trapezoidal ringing on node I9.PM2.n1. {"history": "ExplorerRun.0", "point": 1, "testname": "demo_1_bit_Full_Adder_ver1_1", "cornername": "Nominal"}
[2024-11-01 12:39:55.069 -0700] [INFO] [cadence.virtuoso.ade.simulationMonitor] - Notice from spectre at time = 3.01496 ns during transient analysis `tran'.
    Found trapezoidal ringing on node I9.PM2.n1. {"history": "ExplorerRun.0", "point": 1, "testname": "demo_1_bit_Full_Adder_ver1_1", "cornername": "Nominal"}
[2024-11-01 12:39:55.070 -0700] [INFO] [cadence.virtuoso.ade.simulationMonitor] - Notice from spectre at time = 3.09891 ns during transient analysis `tran'.
    Found trapezoidal ringing on node I9.PM2.n1. {"history": "ExplorerRun.0", "point": 1, "testname": "demo_1_bit_Full_Adder_ver1_1", "cornername": "Nominal"}
[2024-11-01 12:39:55.071 -0700] [INFO] [cadence.virtuoso.ade.simulationMonitor] - Notice from spectre at time = 3.17179 ns during transient analysis `tran'.
    Found trapezoidal ringing on node I9.PM2.n1.
        Further occurrences of this notice will be suppressed. {"history": "ExplorerRun.0", "point": 1, "testname": "demo_1_bit_Full_Adder_ver1_1", "cornername": "Nominal"}
[2024-11-01 12:39:55.072 -0700] [INFO] [cadence.virtuoso.ade.simulationMonitor] - Notice from spectre during transient analysis `tran'.
    Trapezoidal ringing is detected during tran analysis.
        Please use method=trap for better results and performance. {"history": "ExplorerRun.0", "point": 1, "testname": "demo_1_bit_Full_Adder_ver1_1", "cornername": "Nominal"}
[2024-11-01 12:39:55.072 -0700] [INFO] [cadence.virtuoso.ade.simulationMonitor] - Total time required for tran analysis `tran': CPU = 90.787 ms, elapsed = 104.412 ms. {"history": "ExplorerRun.0", "point": 1, "testname": "demo_1_bit_Full_Adder_ver1_1", "cornername": "Nominal"}
[2024-11-01 12:39:55.073 -0700] [INFO] [cadence.virtuoso.ade.simulationMonitor] - Peak resident memory used = 71.9 Mbytes. {"history": "ExplorerRun.0", "point": 1, "testname": "demo_1_bit_Full_Adder_ver1_1", "cornername": "Nominal"}
[2024-11-01 12:39:55.074 -0700] [INFO] [cadence.virtuoso.ade.simulationMonitor] - Notice from spectre.
    32 notices suppressed. {"history": "ExplorerRun.0", "point": 1, "testname": "demo_1_bit_Full_Adder_ver1_1", "cornername": "Nominal"}
[2024-11-01 12:39:55.074 -0700] [INFO] [cadence.virtuoso.ade.simulationMonitor] - Time used: CPU = 1.22 s, elapsed = 1.5 s, util. = 81.2%. {"history": "ExplorerRun.0", "point": 1, "testname": "demo_1_bit_Full_Adder_ver1_1", "cornername": "Nominal"}
[2024-11-01 12:39:55.075 -0700] [INFO] [cadence.virtuoso.ade.simulationMonitor] - Time spent in licensing: elapsed = 32 ms. {"history": "ExplorerRun.0", "point": 1, "testname": "demo_1_bit_Full_Adder_ver1_1", "cornername": "Nominal"}
[2024-11-01 12:39:55.077 -0700] [INFO] [cadence.virtuoso.ade.simulationMonitor] - Peak memory used = 72.8 Mbytes. {"history": "ExplorerRun.0", "point": 1, "testname": "demo_1_bit_Full_Adder_ver1_1", "cornername": "Nominal"}
[2024-11-01 12:39:55.082 -0700] [PROCESS] [cadence.virtuoso.ade.simulationMonitor] - Simulation started at: 12:39:53 PM, Fri Nov 1, 2024, ended at: 12:39:54 PM, Fri Nov 1, 2024, with elapsed time (wall clock): 1.5 s. {"history": "ExplorerRun.0", "point": 1, "testname": "demo_1_bit_Full_Adder_ver1_1", "cornername": "Nominal"}
[2024-11-01 12:39:55.082 -0700] [PROCESS] [cadence.virtuoso.ade.simulationMonitor] - spectre completes with 0 errors, 1 warning, and 12 notices. {"history": "ExplorerRun.0", "point": 1, "testname": "demo_1_bit_Full_Adder_ver1_1", "cornername": "Nominal"}
[2024-11-01 12:39:55.083 -0700] [PROCESS] [cadence.virtuoso.ade.simulationMonitor] - Finished simulating for one point {"hostname": "viterbi-scf2", "processid": 303238, "history": "ExplorerRun.0", "testname": "demo_1_bit_Full_Adder_ver1_1", "cornername": "Nominal", "point": 1, "logfile": "/home/viterbi/01/tongjia/work_gpdk045/logs_tongjia/logs0/Job25.log", "simid": "1"}
[2024-11-01 12:39:55.084 -0700] [PROCESS] [cadence.virtuoso.ade.simulationMonitor] - Simulator exited {"hostname": "viterbi-scf2", "processid": 303238, "history": "ExplorerRun.0", "testname": "demo_1_bit_Full_Adder_ver1_1", "cornername": "Nominal", "point": 1, "logfile": "/home/viterbi/01/tongjia/work_gpdk045/logs_tongjia/logs0/Job25.log", "exitStatus": "0"}
[2024-11-01 12:39:55.085 -0700] [PROCESS] [cadence.virtuoso.ade.simulationMonitor] - Finished Simulation {"hostname": "viterbi-scf2", "processid": 303238, "history": "ExplorerRun.0", "testname": "demo_1_bit_Full_Adder_ver1_1", "cornername": "Nominal", "point": 1, "logfile": "/home/viterbi/01/tongjia/work_gpdk045/logs_tongjia/logs0/Job25.log", "simid": "1"}
[2024-11-01 12:39:59.118 -0700] [PROCESS] [cadence.virtuoso.ade.simulationMonitor] - Point Finished {"hostname": "viterbi-scf2", "processid": 303238, "history": "ExplorerRun.0", "testname": "demo_1_bit_Full_Adder_ver1_1", "cornername": "Nominal", "point": 1, "logfile": "/home/viterbi/01/tongjia/work_gpdk045/logs_tongjia/logs0/Job25.log"}
[2024-11-01 12:40:00.131 -0700] [PROCESS] [cadence.virtuoso.ade.simulationMonitor] - Stay with the runId '0', Linger time '300', currentRunSyn '1', currentTestSyn '2' {"hostname": "viterbi-scf2", "processid": 303238, "history": "ExplorerRun.0", "testname": "demo_1_bit_Full_Adder_ver1_1", "cornername": "Nominal", "point": 1, "logfile": "/home/viterbi/01/tongjia/work_gpdk045/logs_tongjia/logs0/Job25.log"}
[2024-11-01 12:40:10.839 -0700] [PROCESS] [cadence.virtuoso.ade.simulationMonitor] - get signal Terminated<15> from user:tongjia, which pid:303236:/usr/local/cadence/ICADVM201/tools/bin/64bit/cdsServIpc {"hostname": "viterbi-scf2", "processid": 303238, "history": "ExplorerRun.0", "testname": "demo_1_bit_Full_Adder_ver1_1", "cornername": "Nominal", "point": 1, "logfile": "/home/viterbi/01/tongjia/work_gpdk045/logs_tongjia/logs0/Job25.log", "signal": "15", "signalName": "Terminated", "which": "/usr/local/cadence/ICADVM201/tools/bin/64bit/cdsServIpc", "pid": "303236", "user": "tongjia", "uid": "506509"}
[2024-11-01 12:40:10.840 -0700] [INFO] [cadence.virtuoso.ade.simulationMonitor] - SimulationMonitor has terminated the  process '303267', reason: 'simulationMonitor is handling signal 15' {"history": "ExplorerRun.0", "point": 1, "testname": "demo_1_bit_Full_Adder_ver1_1", "cornername": "Nominal"}
[2024-11-01 12:40:11.342 -0700] [PROCESS] [cadence.virtuoso.ade.simulationMonitor] - Current memory used: 32.7422 MBytes, peak memory used: 32.7422 MBytes {"hostname": "viterbi-scf2", "processid": 303238, "history": "ExplorerRun.0", "testname": "demo_1_bit_Full_Adder_ver1_1", "cornername": "Nominal", "point": 1, "logfile": "/home/viterbi/01/tongjia/work_gpdk045/logs_tongjia/logs0/Job25.log"}
[2024-11-01 12:40:11.343 -0700] [PROCESS] [cadence.virtuoso.ade.simulationMonitor] - Simulation Monitor process exit. {"hostname": "viterbi-scf2", "processid": 303238, "history": "ExplorerRun.0", "testname": "demo_1_bit_Full_Adder_ver1_1", "cornername": "Nominal", "point": 1, "logfile": "/home/viterbi/01/tongjia/work_gpdk045/logs_tongjia/logs0/Job25.log"}
