[Simulation Monitor: 24]
[2024-11-02 06:15:44.672 -0700] [PROCESS] [cadence.virtuoso.ade.simulationMonitor] - Simulation Monitor has successfully started up. Trying to set up communication channels to other components ... {"hostname": "viterbi-scf2", "processid": 66376, "logfile": "/home/viterbi/01/tongjia/work_gpdk045/logs_tongjia/logs0/Job24.log"}
[2024-11-02 06:15:44.674 -0700] [PROCESS] [cadence.virtuoso.ade.simulationMonitor] - Communication channels have been successfully set up. Start processing events ... {"hostname": "viterbi-scf2", "processid": 66376, "logfile": "/home/viterbi/01/tongjia/work_gpdk045/logs_tongjia/logs0/Job24.log"}
[2024-11-02 06:15:44.674 -0700] [PROCESS] [cadence.virtuoso.ade.simulationMonitor] - Considering to start history {"hostname": "viterbi-scf2", "processid": 66376, "history": "ExplorerRun.0", "logfile": "/home/viterbi/01/tongjia/work_gpdk045/logs_tongjia/logs0/Job24.log"}
[2024-11-02 06:15:44.683 -0700] [PROCESS] [cadence.virtuoso.ade.simulationMonitor] - HostInfo:
Host name (type):	viterbi-scf2 (x86_64)
Operating system:	Linux 3.10.0-1160.119.1.el7.tuxcare.els7.x86_64 #1 SMP Fri Sep 20 11:32:55 UTC 2024 {"hostname": "viterbi-scf2", "processid": 66376, "history": "ExplorerRun.0", "logfile": "/home/viterbi/01/tongjia/work_gpdk045/logs_tongjia/logs0/Job24.log", "nodename": "viterbi-scf2", "domainname": "viterbi", "machine": "x86_64", "sysname": "Linux", "release": "3.10.0-1160.119.1.el7.tuxcare.els7.x86_64", "version": "#1 SMP Fri Sep 20 11:32:55 UTC 2024"}
[2024-11-02 06:15:44.684 -0700] [PROCESS] [cadence.virtuoso.ade.simulationMonitor] - UsageInfo:
pid=66376
totalPhysicalMemory=1007.132401GB,Used=168.650276GB,totalVirtualMemory=1007.132401GB,Used=168.650276GB
Cpu: Cores=112, Load average:31.520000,31.550000,31.570000 {"hostname": "viterbi-scf2", "processid": 66376, "history": "ExplorerRun.0", "logfile": "/home/viterbi/01/tongjia/work_gpdk045/logs_tongjia/logs0/Job24.log", "pid": "66376", "totalPhysicalMemory": "1007.132401", "physicalMemoryUsed": "168.650276", "totalVirtualMemory": "1007.132401", "virtualMemoryUsed": "168.650276", "cpuCores": "112", "processes": "4968", "loadAverage1": "31.520000", "loadAverage5": "31.550000", "loadAverage15": "31.570000", "loadAverage1Percent": "0.281429"}
[2024-11-02 06:15:44.686 -0700] [EVENT] [cadence.virtuoso.ade.simulationMonitor] - NewPoint {"history": "ExplorerRun.0", "point": 1, "testname": "demo_AND4X1tb_1", "cornername": "Nominal", "event": "NewPoint", "EventSource": "Simulation Monitor", "HistoryName": "ExplorerRun.0", "logFile": "/home/viterbi/01/tongjia/work_gpdk045/logs_tongjia/logs0/Job24.log", "logFileSize": "2267"}
[2024-11-02 06:15:44.890 -0700] [EVENT] [cadence.virtuoso.ade.simulationMonitor] - NewPoint {"history": "ExplorerRun.0", "point": 1, "testname": "demo_AND4X1tb_1", "cornername": "Nominal", "event": "NewPoint", "EventSource": "spectre", "HistoryName": "ExplorerRun.0", "logFile": "/home/viterbi/01/tongjia/simulation/demo/AND4X1tb/maestro/results/maestro/ExplorerRun.0/1/demo_AND4X1tb_1/psf/spectre.out", "logFileSize": "-1"}
[2024-11-02 06:15:44.917 -0700] [PROCESS] [cadence.virtuoso.ade.simulationMonitor] - Simulator launched {"hostname": "viterbi-scf2", "processid": 66376, "history": "ExplorerRun.0", "testname": "demo_AND4X1tb_1", "cornername": "Nominal", "point": 1, "logfile": "/home/viterbi/01/tongjia/work_gpdk045/logs_tongjia/logs0/Job24.log", "simid": "1"}
[2024-11-02 06:15:44.920 -0700] [PROCESS] [cadence.virtuoso.ade.simulationMonitor] - Expression evaluator launched {"hostname": "viterbi-scf2", "processid": 66376, "history": "ExplorerRun.0", "testname": "demo_AND4X1tb_1", "cornername": "Nominal", "point": 1, "logfile": "/home/viterbi/01/tongjia/work_gpdk045/logs_tongjia/logs0/Job24.log"}
[2024-11-02 06:15:45.469 -0700] [PROCESS] [cadence.virtuoso.ade.simulationMonitor] - Started Simulation {"hostname": "viterbi-scf2", "processid": 66376, "history": "ExplorerRun.0", "testname": "demo_AND4X1tb_1", "cornername": "Nominal", "point": 1, "logfile": "/home/viterbi/01/tongjia/work_gpdk045/logs_tongjia/logs0/Job24.log", "event": "started", "task": "simulation"}
[2024-11-02 06:15:45.970 -0700] [INFO] [cadence.virtuoso.ade.simulationMonitor] - Peak resident memory used = 57.7 Mbytes. {"history": "ExplorerRun.0", "point": 1, "testname": "demo_AND4X1tb_1", "cornername": "Nominal"}
[2024-11-02 06:15:46.471 -0700] [INFO] [cadence.virtuoso.ade.simulationMonitor] - Peak resident memory used = 67 Mbytes. {"history": "ExplorerRun.0", "point": 1, "testname": "demo_AND4X1tb_1", "cornername": "Nominal"}
[2024-11-02 06:15:46.472 -0700] [INFO] [cadence.virtuoso.ade.simulationMonitor] - Peak resident memory used = 67.7 Mbytes. {"history": "ExplorerRun.0", "point": 1, "testname": "demo_AND4X1tb_1", "cornername": "Nominal"}
[2024-11-02 06:15:46.473 -0700] [INFO] [cadence.virtuoso.ade.simulationMonitor] - Notice from spectre during topology check.
    No DC path from node `I0.mn4.n1' to ground, Gmin installed to provide path. {"history": "ExplorerRun.0", "point": 1, "testname": "demo_AND4X1tb_1", "cornername": "Nominal"}
[2024-11-02 06:15:46.473 -0700] [INFO] [cadence.virtuoso.ade.simulationMonitor] - Notice from spectre during initial setup.
    Multithreading is disabled due to the size of the design being too small. {"history": "ExplorerRun.0", "point": 1, "testname": "demo_AND4X1tb_1", "cornername": "Nominal"}
[2024-11-02 06:15:46.479 -0700] [INFO] [cadence.virtuoso.ade.simulationMonitor] -               nodes 37 {"history": "ExplorerRun.0", "point": 1, "testname": "demo_AND4X1tb_1", "cornername": "Nominal"}
[2024-11-02 06:15:46.480 -0700] [INFO] [cadence.virtuoso.ade.simulationMonitor] - Notice from spectre during initial setup.
    APS Enabled. {"history": "ExplorerRun.0", "point": 1, "testname": "demo_AND4X1tb_1", "cornername": "Nominal"}
[2024-11-02 06:15:46.480 -0700] [INFO] [cadence.virtuoso.ade.simulationMonitor] - Peak resident memory used = 68.7 Mbytes. {"history": "ExplorerRun.0", "point": 1, "testname": "demo_AND4X1tb_1", "cornername": "Nominal"}
[2024-11-02 06:15:46.481 -0700] [WARN] [cadence.virtuoso.ade.simulationMonitor] -     WARNING (SPECTRE-16707): Only tran supports psfxl format, result of other analyses will be in psfbin format. {"history": "ExplorerRun.0", "point": 1, "testname": "demo_AND4X1tb_1", "cornername": "Nominal"}
[2024-11-02 06:15:46.482 -0700] [INFO] [cadence.virtuoso.ade.simulationMonitor] - Notice from spectre during IC analysis, during transient analysis `tran'.
    GminDC = 1 pS is large enough to noticeably affect the DC solution.
        dV(net15) = 48.5506 mV
        Use the `gmin_check' option to eliminate or expand this report.
    Bad pivoting is found during DC analysis. Option dc_pivot_check=yes is recommended for possible improvement of convergence. {"history": "ExplorerRun.0", "point": 1, "testname": "demo_AND4X1tb_1", "cornername": "Nominal"}
[2024-11-02 06:15:46.483 -0700] [INFO] [cadence.virtuoso.ade.simulationMonitor] - Notice from spectre during transient analysis `tran'.
    Multithreading is disabled due to the size of the design being too small. {"history": "ExplorerRun.0", "point": 1, "testname": "demo_AND4X1tb_1", "cornername": "Nominal"}
[2024-11-02 06:15:46.483 -0700] [INFO] [cadence.virtuoso.ade.simulationMonitor] - Notice from spectre at time = 7.71626 ns during transient analysis `tran'.
    Found trapezoidal ringing on node _vvdd!:p. {"history": "ExplorerRun.0", "point": 1, "testname": "demo_AND4X1tb_1", "cornername": "Nominal"}
[2024-11-02 06:15:46.484 -0700] [INFO] [cadence.virtuoso.ade.simulationMonitor] - Notice from spectre at time = 7.91626 ns during transient analysis `tran'.
    Found trapezoidal ringing on node _vvdd!:p. {"history": "ExplorerRun.0", "point": 1, "testname": "demo_AND4X1tb_1", "cornername": "Nominal"}
[2024-11-02 06:15:46.485 -0700] [INFO] [cadence.virtuoso.ade.simulationMonitor] - Notice from spectre at time = 8.11626 ns during transient analysis `tran'.
    Found trapezoidal ringing on node _vvdd!:p. {"history": "ExplorerRun.0", "point": 1, "testname": "demo_AND4X1tb_1", "cornername": "Nominal"}
[2024-11-02 06:15:46.485 -0700] [INFO] [cadence.virtuoso.ade.simulationMonitor] - Notice from spectre at time = 8.31626 ns during transient analysis `tran'.
    Found trapezoidal ringing on node _vvdd!:p. {"history": "ExplorerRun.0", "point": 1, "testname": "demo_AND4X1tb_1", "cornername": "Nominal"}
[2024-11-02 06:15:46.486 -0700] [INFO] [cadence.virtuoso.ade.simulationMonitor] - Notice from spectre at time = 8.51626 ns during transient analysis `tran'.
    Found trapezoidal ringing on node _vvdd!:p.
        Further occurrences of this notice will be suppressed. {"history": "ExplorerRun.0", "point": 1, "testname": "demo_AND4X1tb_1", "cornername": "Nominal"}
[2024-11-02 06:15:46.487 -0700] [INFO] [cadence.virtuoso.ade.simulationMonitor] - Notice from spectre during transient analysis `tran'.
    Trapezoidal ringing is detected during tran analysis.
        Please use method=trap for better results and performance. {"history": "ExplorerRun.0", "point": 1, "testname": "demo_AND4X1tb_1", "cornername": "Nominal"}
[2024-11-02 06:15:46.488 -0700] [INFO] [cadence.virtuoso.ade.simulationMonitor] - Total time required for tran analysis `tran': CPU = 57.345 ms, elapsed = 78.8219 ms. {"history": "ExplorerRun.0", "point": 1, "testname": "demo_AND4X1tb_1", "cornername": "Nominal"}
[2024-11-02 06:15:46.488 -0700] [INFO] [cadence.virtuoso.ade.simulationMonitor] - Peak resident memory used = 71.6 Mbytes. {"history": "ExplorerRun.0", "point": 1, "testname": "demo_AND4X1tb_1", "cornername": "Nominal"}
[2024-11-02 06:15:46.489 -0700] [INFO] [cadence.virtuoso.ade.simulationMonitor] - Notice from spectre.
    8 notices suppressed. {"history": "ExplorerRun.0", "point": 1, "testname": "demo_AND4X1tb_1", "cornername": "Nominal"}
[2024-11-02 06:15:46.490 -0700] [INFO] [cadence.virtuoso.ade.simulationMonitor] - Time used: CPU = 1.1 s, elapsed = 1.35 s, util. = 81.4%. {"history": "ExplorerRun.0", "point": 1, "testname": "demo_AND4X1tb_1", "cornername": "Nominal"}
[2024-11-02 06:15:46.490 -0700] [INFO] [cadence.virtuoso.ade.simulationMonitor] - Time spent in licensing: elapsed = 24.6 ms. {"history": "ExplorerRun.0", "point": 1, "testname": "demo_AND4X1tb_1", "cornername": "Nominal"}
[2024-11-02 06:15:46.492 -0700] [INFO] [cadence.virtuoso.ade.simulationMonitor] - Peak memory used = 72.5 Mbytes. {"history": "ExplorerRun.0", "point": 1, "testname": "demo_AND4X1tb_1", "cornername": "Nominal"}
[2024-11-02 06:15:46.496 -0700] [PROCESS] [cadence.virtuoso.ade.simulationMonitor] - Simulation started at: 6:15:45 AM, Sat Nov 2, 2024, ended at: 6:15:46 AM, Sat Nov 2, 2024, with elapsed time (wall clock): 1.35 s. {"history": "ExplorerRun.0", "point": 1, "testname": "demo_AND4X1tb_1", "cornername": "Nominal"}
[2024-11-02 06:15:46.496 -0700] [PROCESS] [cadence.virtuoso.ade.simulationMonitor] - spectre completes with 0 errors, 1 warning, and 13 notices. {"history": "ExplorerRun.0", "point": 1, "testname": "demo_AND4X1tb_1", "cornername": "Nominal"}
[2024-11-02 06:15:46.998 -0700] [PROCESS] [cadence.virtuoso.ade.simulationMonitor] - Finished simulating for one point {"hostname": "viterbi-scf2", "processid": 66376, "history": "ExplorerRun.0", "testname": "demo_AND4X1tb_1", "cornername": "Nominal", "point": 1, "logfile": "/home/viterbi/01/tongjia/work_gpdk045/logs_tongjia/logs0/Job24.log", "simid": "1"}
[2024-11-02 06:15:46.999 -0700] [PROCESS] [cadence.virtuoso.ade.simulationMonitor] - Simulator exited {"hostname": "viterbi-scf2", "processid": 66376, "history": "ExplorerRun.0", "testname": "demo_AND4X1tb_1", "cornername": "Nominal", "point": 1, "logfile": "/home/viterbi/01/tongjia/work_gpdk045/logs_tongjia/logs0/Job24.log", "exitStatus": "0"}
[2024-11-02 06:15:47.000 -0700] [PROCESS] [cadence.virtuoso.ade.simulationMonitor] - Finished Simulation {"hostname": "viterbi-scf2", "processid": 66376, "history": "ExplorerRun.0", "testname": "demo_AND4X1tb_1", "cornername": "Nominal", "point": 1, "logfile": "/home/viterbi/01/tongjia/work_gpdk045/logs_tongjia/logs0/Job24.log", "simid": "1"}
[2024-11-02 06:15:50.544 -0700] [PROCESS] [cadence.virtuoso.ade.simulationMonitor] - Point Finished {"hostname": "viterbi-scf2", "processid": 66376, "history": "ExplorerRun.0", "testname": "demo_AND4X1tb_1", "cornername": "Nominal", "point": 1, "logfile": "/home/viterbi/01/tongjia/work_gpdk045/logs_tongjia/logs0/Job24.log"}
[2024-11-02 06:15:51.552 -0700] [PROCESS] [cadence.virtuoso.ade.simulationMonitor] - Stay with the runId '0', Linger time '300', currentRunSyn '1', currentTestSyn '2' {"hostname": "viterbi-scf2", "processid": 66376, "history": "ExplorerRun.0", "testname": "demo_AND4X1tb_1", "cornername": "Nominal", "point": 1, "logfile": "/home/viterbi/01/tongjia/work_gpdk045/logs_tongjia/logs0/Job24.log"}
[2024-11-02 06:16:46.543 -0700] [INFO] [cadence.virtuoso.ade.simulationMonitor] - SimulationMonitor has terminated the vds process '66406', reason: 'Force to stop the expression evalutor process because of new run' {"history": "ExplorerRun.0", "point": 1, "testname": "demo_AND4X1tb_1", "cornername": "Nominal"}
[2024-11-02 06:16:46.546 -0700] [PROCESS] [cadence.virtuoso.ade.simulationMonitor] - HostInfo:
Host name (type):	viterbi-scf2 (x86_64)
Operating system:	Linux 3.10.0-1160.119.1.el7.tuxcare.els7.x86_64 #1 SMP Fri Sep 20 11:32:55 UTC 2024 {"hostname": "viterbi-scf2", "processid": 66376, "history": "ExplorerRun.0", "testname": "demo_AND4X1tb_1", "cornername": "Nominal", "point": 1, "logfile": "/home/viterbi/01/tongjia/work_gpdk045/logs_tongjia/logs0/Job24.log", "nodename": "viterbi-scf2", "domainname": "viterbi", "machine": "x86_64", "sysname": "Linux", "release": "3.10.0-1160.119.1.el7.tuxcare.els7.x86_64", "version": "#1 SMP Fri Sep 20 11:32:55 UTC 2024"}
[2024-11-02 06:16:46.547 -0700] [PROCESS] [cadence.virtuoso.ade.simulationMonitor] - UsageInfo:
pid=66376
totalPhysicalMemory=1007.132401GB,Used=168.762394GB,totalVirtualMemory=1007.132401GB,Used=168.762394GB
Cpu: Cores=112, Load average:31.120000,31.440000,31.530000 {"hostname": "viterbi-scf2", "processid": 66376, "history": "ExplorerRun.0", "testname": "demo_AND4X1tb_1", "cornername": "Nominal", "point": 1, "logfile": "/home/viterbi/01/tongjia/work_gpdk045/logs_tongjia/logs0/Job24.log", "pid": "66376", "totalPhysicalMemory": "1007.132401", "physicalMemoryUsed": "168.762394", "totalVirtualMemory": "1007.132401", "virtualMemoryUsed": "168.762394", "cpuCores": "112", "processes": "4971", "loadAverage1": "31.120000", "loadAverage5": "31.440000", "loadAverage15": "31.530000", "loadAverage1Percent": "0.277857"}
[2024-11-02 06:16:46.549 -0700] [EVENT] [cadence.virtuoso.ade.simulationMonitor] - NewPoint {"history": "ExplorerRun.0", "point": 1, "testname": "demo_AND4X1tb_1", "cornername": "Nominal", "event": "NewPoint", "EventSource": "Simulation Monitor", "HistoryName": "ExplorerRun.0", "logFile": "/home/viterbi/01/tongjia/work_gpdk045/logs_tongjia/logs0/Job24.log", "logFileSize": "14640"}
[2024-11-02 06:16:46.851 -0700] [EVENT] [cadence.virtuoso.ade.simulationMonitor] - NewPoint {"history": "ExplorerRun.0", "point": 1, "testname": "demo_AND4X1tb_1", "cornername": "Nominal", "event": "NewPoint", "EventSource": "spectre", "HistoryName": "ExplorerRun.0", "logFile": "/home/viterbi/01/tongjia/simulation/demo/AND4X1tb/maestro/results/maestro/ExplorerRun.0/1/demo_AND4X1tb_1/psf/spectre.out", "logFileSize": "-1"}
[2024-11-02 06:16:46.877 -0700] [PROCESS] [cadence.virtuoso.ade.simulationMonitor] - Simulator launched {"hostname": "viterbi-scf2", "processid": 66376, "history": "ExplorerRun.0", "testname": "demo_AND4X1tb_1", "cornername": "Nominal", "point": 1, "logfile": "/home/viterbi/01/tongjia/work_gpdk045/logs_tongjia/logs0/Job24.log", "simid": "2"}
[2024-11-02 06:16:46.880 -0700] [PROCESS] [cadence.virtuoso.ade.simulationMonitor] - Expression evaluator launched {"hostname": "viterbi-scf2", "processid": 66376, "history": "ExplorerRun.0", "testname": "demo_AND4X1tb_1", "cornername": "Nominal", "point": 1, "logfile": "/home/viterbi/01/tongjia/work_gpdk045/logs_tongjia/logs0/Job24.log"}
[2024-11-02 06:16:47.436 -0700] [PROCESS] [cadence.virtuoso.ade.simulationMonitor] - Started Simulation {"hostname": "viterbi-scf2", "processid": 66376, "history": "ExplorerRun.0", "testname": "demo_AND4X1tb_1", "cornername": "Nominal", "point": 1, "logfile": "/home/viterbi/01/tongjia/work_gpdk045/logs_tongjia/logs0/Job24.log", "event": "started", "task": "simulation"}
[2024-11-02 06:16:47.937 -0700] [INFO] [cadence.virtuoso.ade.simulationMonitor] - Peak resident memory used = 57.7 Mbytes. {"history": "ExplorerRun.0", "point": 1, "testname": "demo_AND4X1tb_1", "cornername": "Nominal"}
[2024-11-02 06:16:48.438 -0700] [INFO] [cadence.virtuoso.ade.simulationMonitor] - Peak resident memory used = 67 Mbytes. {"history": "ExplorerRun.0", "point": 1, "testname": "demo_AND4X1tb_1", "cornername": "Nominal"}
[2024-11-02 06:16:48.439 -0700] [INFO] [cadence.virtuoso.ade.simulationMonitor] - Peak resident memory used = 67.8 Mbytes. {"history": "ExplorerRun.0", "point": 1, "testname": "demo_AND4X1tb_1", "cornername": "Nominal"}
[2024-11-02 06:16:48.440 -0700] [INFO] [cadence.virtuoso.ade.simulationMonitor] - Notice from spectre during topology check.
    No DC path from node `I0.mn4.n1' to ground, Gmin installed to provide path. {"history": "ExplorerRun.0", "point": 1, "testname": "demo_AND4X1tb_1", "cornername": "Nominal"}
[2024-11-02 06:16:48.441 -0700] [INFO] [cadence.virtuoso.ade.simulationMonitor] - Notice from spectre during initial setup.
    Multithreading is disabled due to the size of the design being too small. {"history": "ExplorerRun.0", "point": 1, "testname": "demo_AND4X1tb_1", "cornername": "Nominal"}
[2024-11-02 06:16:48.448 -0700] [INFO] [cadence.virtuoso.ade.simulationMonitor] -               nodes 37 {"history": "ExplorerRun.0", "point": 1, "testname": "demo_AND4X1tb_1", "cornername": "Nominal"}
[2024-11-02 06:16:48.448 -0700] [INFO] [cadence.virtuoso.ade.simulationMonitor] - Notice from spectre during initial setup.
    APS Enabled. {"history": "ExplorerRun.0", "point": 1, "testname": "demo_AND4X1tb_1", "cornername": "Nominal"}
[2024-11-02 06:16:48.449 -0700] [INFO] [cadence.virtuoso.ade.simulationMonitor] - Peak resident memory used = 68.7 Mbytes. {"history": "ExplorerRun.0", "point": 1, "testname": "demo_AND4X1tb_1", "cornername": "Nominal"}
[2024-11-02 06:16:48.450 -0700] [WARN] [cadence.virtuoso.ade.simulationMonitor] -     WARNING (SPECTRE-16707): Only tran supports psfxl format, result of other analyses will be in psfbin format. {"history": "ExplorerRun.0", "point": 1, "testname": "demo_AND4X1tb_1", "cornername": "Nominal"}
[2024-11-02 06:16:48.451 -0700] [INFO] [cadence.virtuoso.ade.simulationMonitor] - Notice from spectre during IC analysis, during transient analysis `tran'.
    GminDC = 1 pS is large enough to noticeably affect the DC solution.
        dV(net15) = 48.5506 mV
        Use the `gmin_check' option to eliminate or expand this report.
    Bad pivoting is found during DC analysis. Option dc_pivot_check=yes is recommended for possible improvement of convergence. {"history": "ExplorerRun.0", "point": 1, "testname": "demo_AND4X1tb_1", "cornername": "Nominal"}
[2024-11-02 06:16:48.452 -0700] [INFO] [cadence.virtuoso.ade.simulationMonitor] - Notice from spectre during transient analysis `tran'.
    Multithreading is disabled due to the size of the design being too small. {"history": "ExplorerRun.0", "point": 1, "testname": "demo_AND4X1tb_1", "cornername": "Nominal"}
[2024-11-02 06:16:48.955 -0700] [INFO] [cadence.virtuoso.ade.simulationMonitor] - Notice from spectre at time = 7.71626 ns during transient analysis `tran'.
    Found trapezoidal ringing on node V0_turbo_m2:p. {"history": "ExplorerRun.0", "point": 1, "testname": "demo_AND4X1tb_1", "cornername": "Nominal"}
[2024-11-02 06:16:48.956 -0700] [INFO] [cadence.virtuoso.ade.simulationMonitor] - Notice from spectre at time = 7.91626 ns during transient analysis `tran'.
    Found trapezoidal ringing on node V0_turbo_m2:p. {"history": "ExplorerRun.0", "point": 1, "testname": "demo_AND4X1tb_1", "cornername": "Nominal"}
[2024-11-02 06:16:48.957 -0700] [INFO] [cadence.virtuoso.ade.simulationMonitor] - Notice from spectre at time = 8.11626 ns during transient analysis `tran'.
    Found trapezoidal ringing on node V0_turbo_m2:p. {"history": "ExplorerRun.0", "point": 1, "testname": "demo_AND4X1tb_1", "cornername": "Nominal"}
[2024-11-02 06:16:48.958 -0700] [INFO] [cadence.virtuoso.ade.simulationMonitor] - Notice from spectre at time = 8.31626 ns during transient analysis `tran'.
    Found trapezoidal ringing on node V0_turbo_m2:p. {"history": "ExplorerRun.0", "point": 1, "testname": "demo_AND4X1tb_1", "cornername": "Nominal"}
[2024-11-02 06:16:48.959 -0700] [INFO] [cadence.virtuoso.ade.simulationMonitor] - Notice from spectre at time = 8.51626 ns during transient analysis `tran'.
    Found trapezoidal ringing on node V0_turbo_m2:p.
        Further occurrences of this notice will be suppressed. {"history": "ExplorerRun.0", "point": 1, "testname": "demo_AND4X1tb_1", "cornername": "Nominal"}
[2024-11-02 06:16:48.961 -0700] [INFO] [cadence.virtuoso.ade.simulationMonitor] - Notice from spectre during transient analysis `tran'.
    Trapezoidal ringing is detected during tran analysis.
        Please use method=trap for better results and performance. {"history": "ExplorerRun.0", "point": 1, "testname": "demo_AND4X1tb_1", "cornername": "Nominal"}
[2024-11-02 06:16:48.962 -0700] [INFO] [cadence.virtuoso.ade.simulationMonitor] - Total time required for tran analysis `tran': CPU = 106.001 ms, elapsed = 119.271 ms. {"history": "ExplorerRun.0", "point": 1, "testname": "demo_AND4X1tb_1", "cornername": "Nominal"}
[2024-11-02 06:16:48.963 -0700] [INFO] [cadence.virtuoso.ade.simulationMonitor] - Peak resident memory used = 71.6 Mbytes. {"history": "ExplorerRun.0", "point": 1, "testname": "demo_AND4X1tb_1", "cornername": "Nominal"}
[2024-11-02 06:16:48.964 -0700] [INFO] [cadence.virtuoso.ade.simulationMonitor] - Notice from spectre.
    8 notices suppressed. {"history": "ExplorerRun.0", "point": 1, "testname": "demo_AND4X1tb_1", "cornername": "Nominal"}
[2024-11-02 06:16:48.965 -0700] [INFO] [cadence.virtuoso.ade.simulationMonitor] - Time used: CPU = 1.26 s, elapsed = 1.47 s, util. = 85.5%. {"history": "ExplorerRun.0", "point": 1, "testname": "demo_AND4X1tb_1", "cornername": "Nominal"}
[2024-11-02 06:16:48.966 -0700] [INFO] [cadence.virtuoso.ade.simulationMonitor] - Time spent in licensing: elapsed = 22.8 ms. {"history": "ExplorerRun.0", "point": 1, "testname": "demo_AND4X1tb_1", "cornername": "Nominal"}
[2024-11-02 06:16:48.968 -0700] [INFO] [cadence.virtuoso.ade.simulationMonitor] - Peak memory used = 72.6 Mbytes. {"history": "ExplorerRun.0", "point": 1, "testname": "demo_AND4X1tb_1", "cornername": "Nominal"}
[2024-11-02 06:16:48.972 -0700] [PROCESS] [cadence.virtuoso.ade.simulationMonitor] - Simulation started at: 6:16:46 AM, Sat Nov 2, 2024, ended at: 6:16:48 AM, Sat Nov 2, 2024, with elapsed time (wall clock): 1.47 s. {"history": "ExplorerRun.0", "point": 1, "testname": "demo_AND4X1tb_1", "cornername": "Nominal"}
[2024-11-02 06:16:48.973 -0700] [PROCESS] [cadence.virtuoso.ade.simulationMonitor] - spectre completes with 0 errors, 1 warning, and 13 notices. {"history": "ExplorerRun.0", "point": 1, "testname": "demo_AND4X1tb_1", "cornername": "Nominal"}
[2024-11-02 06:16:48.974 -0700] [PROCESS] [cadence.virtuoso.ade.simulationMonitor] - Finished simulating for one point {"hostname": "viterbi-scf2", "processid": 66376, "history": "ExplorerRun.0", "testname": "demo_AND4X1tb_1", "cornername": "Nominal", "point": 1, "logfile": "/home/viterbi/01/tongjia/work_gpdk045/logs_tongjia/logs0/Job24.log", "simid": "2"}
[2024-11-02 06:16:48.974 -0700] [PROCESS] [cadence.virtuoso.ade.simulationMonitor] - Simulator exited {"hostname": "viterbi-scf2", "processid": 66376, "history": "ExplorerRun.0", "testname": "demo_AND4X1tb_1", "cornername": "Nominal", "point": 1, "logfile": "/home/viterbi/01/tongjia/work_gpdk045/logs_tongjia/logs0/Job24.log", "exitStatus": "0"}
[2024-11-02 06:16:48.975 -0700] [PROCESS] [cadence.virtuoso.ade.simulationMonitor] - Finished Simulation {"hostname": "viterbi-scf2", "processid": 66376, "history": "ExplorerRun.0", "testname": "demo_AND4X1tb_1", "cornername": "Nominal", "point": 1, "logfile": "/home/viterbi/01/tongjia/work_gpdk045/logs_tongjia/logs0/Job24.log", "simid": "2"}
[2024-11-02 06:16:52.014 -0700] [PROCESS] [cadence.virtuoso.ade.simulationMonitor] - Point Finished {"hostname": "viterbi-scf2", "processid": 66376, "history": "ExplorerRun.0", "testname": "demo_AND4X1tb_1", "cornername": "Nominal", "point": 1, "logfile": "/home/viterbi/01/tongjia/work_gpdk045/logs_tongjia/logs0/Job24.log"}
[2024-11-02 06:16:53.023 -0700] [PROCESS] [cadence.virtuoso.ade.simulationMonitor] - Stay with the runId '1', Linger time '300', currentRunSyn '3', currentTestSyn '4' {"hostname": "viterbi-scf2", "processid": 66376, "history": "ExplorerRun.0", "testname": "demo_AND4X1tb_1", "cornername": "Nominal", "point": 1, "logfile": "/home/viterbi/01/tongjia/work_gpdk045/logs_tongjia/logs0/Job24.log"}
[2024-11-02 06:17:01.728 -0700] [PROCESS] [cadence.virtuoso.ade.simulationMonitor] - get signal Terminated<15> from user:tongjia, which pid:66374:/usr/local/cadence/ICADVM201/tools/bin/64bit/cdsServIpc {"hostname": "viterbi-scf2", "processid": 66376, "history": "ExplorerRun.0", "testname": "demo_AND4X1tb_1", "cornername": "Nominal", "point": 1, "logfile": "/home/viterbi/01/tongjia/work_gpdk045/logs_tongjia/logs0/Job24.log", "signal": "15", "signalName": "Terminated", "which": "/usr/local/cadence/ICADVM201/tools/bin/64bit/cdsServIpc", "pid": "66374", "user": "tongjia", "uid": "506509"}
[2024-11-02 06:17:01.729 -0700] [INFO] [cadence.virtuoso.ade.simulationMonitor] - SimulationMonitor has terminated the  process '67997', reason: 'simulationMonitor is handling signal 15' {"history": "ExplorerRun.0", "point": 1, "testname": "demo_AND4X1tb_1", "cornername": "Nominal"}
[2024-11-02 06:17:02.231 -0700] [PROCESS] [cadence.virtuoso.ade.simulationMonitor] - Current memory used: 32.7969 MBytes, peak memory used: 32.7969 MBytes {"hostname": "viterbi-scf2", "processid": 66376, "history": "ExplorerRun.0", "testname": "demo_AND4X1tb_1", "cornername": "Nominal", "point": 1, "logfile": "/home/viterbi/01/tongjia/work_gpdk045/logs_tongjia/logs0/Job24.log"}
[2024-11-02 06:17:02.232 -0700] [PROCESS] [cadence.virtuoso.ade.simulationMonitor] - Simulation Monitor process exit. {"hostname": "viterbi-scf2", "processid": 66376, "history": "ExplorerRun.0", "testname": "demo_AND4X1tb_1", "cornername": "Nominal", "point": 1, "logfile": "/home/viterbi/01/tongjia/work_gpdk045/logs_tongjia/logs0/Job24.log"}
