[Simulation Monitor: 22]
[2024-11-01 12:10:54.845 -0700] [PROCESS] [cadence.virtuoso.ade.simulationMonitor] - Simulation Monitor has successfully started up. Trying to set up communication channels to other components ... {"hostname": "viterbi-scf2", "processid": 266790, "logfile": "/home/viterbi/01/tongjia/work_gpdk045/logs_tongjia/logs0/Job22.log"}
[2024-11-01 12:10:54.849 -0700] [PROCESS] [cadence.virtuoso.ade.simulationMonitor] - Communication channels have been successfully set up. Start processing events ... {"hostname": "viterbi-scf2", "processid": 266790, "logfile": "/home/viterbi/01/tongjia/work_gpdk045/logs_tongjia/logs0/Job22.log"}
[2024-11-01 12:10:54.850 -0700] [PROCESS] [cadence.virtuoso.ade.simulationMonitor] - Considering to start history {"hostname": "viterbi-scf2", "processid": 266790, "history": "ExplorerRun.0", "logfile": "/home/viterbi/01/tongjia/work_gpdk045/logs_tongjia/logs0/Job22.log"}
[2024-11-01 12:10:54.866 -0700] [PROCESS] [cadence.virtuoso.ade.simulationMonitor] - HostInfo:
Host name (type):	viterbi-scf2 (x86_64)
Operating system:	Linux 3.10.0-1160.119.1.el7.tuxcare.els7.x86_64 #1 SMP Fri Sep 20 11:32:55 UTC 2024 {"hostname": "viterbi-scf2", "processid": 266790, "history": "ExplorerRun.0", "logfile": "/home/viterbi/01/tongjia/work_gpdk045/logs_tongjia/logs0/Job22.log", "nodename": "viterbi-scf2", "domainname": "viterbi", "machine": "x86_64", "sysname": "Linux", "release": "3.10.0-1160.119.1.el7.tuxcare.els7.x86_64", "version": "#1 SMP Fri Sep 20 11:32:55 UTC 2024"}
[2024-11-01 12:10:54.868 -0700] [PROCESS] [cadence.virtuoso.ade.simulationMonitor] - UsageInfo:
pid=266790
totalPhysicalMemory=1007.132401GB,Used=158.678745GB,totalVirtualMemory=1007.132401GB,Used=158.678745GB
Cpu: Cores=112, Load average:32.970000,32.810000,32.300000 {"hostname": "viterbi-scf2", "processid": 266790, "history": "ExplorerRun.0", "logfile": "/home/viterbi/01/tongjia/work_gpdk045/logs_tongjia/logs0/Job22.log", "pid": "266790", "totalPhysicalMemory": "1007.132401", "physicalMemoryUsed": "158.678745", "totalVirtualMemory": "1007.132401", "virtualMemoryUsed": "158.678745", "cpuCores": "112", "processes": "4862", "loadAverage1": "32.970000", "loadAverage5": "32.810000", "loadAverage15": "32.300000", "loadAverage1Percent": "0.294375"}
[2024-11-01 12:10:54.873 -0700] [EVENT] [cadence.virtuoso.ade.simulationMonitor] - NewPoint {"history": "ExplorerRun.0", "point": 1, "testname": "demo_1_bit_Full_Adder_ver1_1", "cornername": "Nominal", "event": "NewPoint", "EventSource": "Simulation Monitor", "HistoryName": "ExplorerRun.0", "logFile": "/home/viterbi/01/tongjia/work_gpdk045/logs_tongjia/logs0/Job22.log", "logFileSize": "2274"}
[2024-11-01 12:10:55.078 -0700] [EVENT] [cadence.virtuoso.ade.simulationMonitor] - NewPoint {"history": "ExplorerRun.0", "point": 1, "testname": "demo_1_bit_Full_Adder_ver1_1", "cornername": "Nominal", "event": "NewPoint", "EventSource": "spectre", "HistoryName": "ExplorerRun.0", "logFile": "/home/viterbi/01/tongjia/simulation/demo/1_bit_Full_Adder_ver1/maestro/results/maestro/ExplorerRun.0/1/demo_1_bit_Full_Adder_ver1_1/psf/spectre.out", "logFileSize": "-1"}
[2024-11-01 12:10:55.105 -0700] [PROCESS] [cadence.virtuoso.ade.simulationMonitor] - Simulator launched {"hostname": "viterbi-scf2", "processid": 266790, "history": "ExplorerRun.0", "testname": "demo_1_bit_Full_Adder_ver1_1", "cornername": "Nominal", "point": 1, "logfile": "/home/viterbi/01/tongjia/work_gpdk045/logs_tongjia/logs0/Job22.log", "simid": "1"}
[2024-11-01 12:10:55.114 -0700] [PROCESS] [cadence.virtuoso.ade.simulationMonitor] - Expression evaluator launched {"hostname": "viterbi-scf2", "processid": 266790, "history": "ExplorerRun.0", "testname": "demo_1_bit_Full_Adder_ver1_1", "cornername": "Nominal", "point": 1, "logfile": "/home/viterbi/01/tongjia/work_gpdk045/logs_tongjia/logs0/Job22.log"}
[2024-11-01 12:10:55.688 -0700] [PROCESS] [cadence.virtuoso.ade.simulationMonitor] - Started Simulation {"hostname": "viterbi-scf2", "processid": 266790, "history": "ExplorerRun.0", "testname": "demo_1_bit_Full_Adder_ver1_1", "cornername": "Nominal", "point": 1, "logfile": "/home/viterbi/01/tongjia/work_gpdk045/logs_tongjia/logs0/Job22.log", "event": "started", "task": "simulation"}
[2024-11-01 12:10:56.191 -0700] [INFO] [cadence.virtuoso.ade.simulationMonitor] - Peak resident memory used = 59.7 Mbytes. {"history": "ExplorerRun.0", "point": 1, "testname": "demo_1_bit_Full_Adder_ver1_1", "cornername": "Nominal"}
[2024-11-01 12:10:56.692 -0700] [INFO] [cadence.virtuoso.ade.simulationMonitor] - Peak resident memory used = 69 Mbytes. {"history": "ExplorerRun.0", "point": 1, "testname": "demo_1_bit_Full_Adder_ver1_1", "cornername": "Nominal"}
[2024-11-01 12:10:56.693 -0700] [INFO] [cadence.virtuoso.ade.simulationMonitor] - Peak resident memory used = 69.8 Mbytes. {"history": "ExplorerRun.0", "point": 1, "testname": "demo_1_bit_Full_Adder_ver1_1", "cornername": "Nominal"}
[2024-11-01 12:10:56.694 -0700] [INFO] [cadence.virtuoso.ade.simulationMonitor] - Notice from spectre during topology check.
    No DC path from node `I3.mn1.n1' to ground, Gmin installed to provide path. {"history": "ExplorerRun.0", "point": 1, "testname": "demo_1_bit_Full_Adder_ver1_1", "cornername": "Nominal"}
[2024-11-01 12:10:56.695 -0700] [INFO] [cadence.virtuoso.ade.simulationMonitor] - Notice from spectre during initial setup.
    Multithreading is disabled due to the size of the design being too small. {"history": "ExplorerRun.0", "point": 1, "testname": "demo_1_bit_Full_Adder_ver1_1", "cornername": "Nominal"}
[2024-11-01 12:10:56.702 -0700] [INFO] [cadence.virtuoso.ade.simulationMonitor] -               nodes 60 {"history": "ExplorerRun.0", "point": 1, "testname": "demo_1_bit_Full_Adder_ver1_1", "cornername": "Nominal"}
[2024-11-01 12:10:56.703 -0700] [INFO] [cadence.virtuoso.ade.simulationMonitor] - Notice from spectre during initial setup.
    APS Enabled. {"history": "ExplorerRun.0", "point": 1, "testname": "demo_1_bit_Full_Adder_ver1_1", "cornername": "Nominal"}
[2024-11-01 12:10:56.704 -0700] [INFO] [cadence.virtuoso.ade.simulationMonitor] - Peak resident memory used = 70.8 Mbytes. {"history": "ExplorerRun.0", "point": 1, "testname": "demo_1_bit_Full_Adder_ver1_1", "cornername": "Nominal"}
[2024-11-01 12:10:56.705 -0700] [WARN] [cadence.virtuoso.ade.simulationMonitor] -     WARNING (SPECTRE-16707): Only tran supports psfxl format, result of other analyses will be in psfbin format. {"history": "ExplorerRun.0", "point": 1, "testname": "demo_1_bit_Full_Adder_ver1_1", "cornername": "Nominal"}
[2024-11-01 12:10:56.706 -0700] [INFO] [cadence.virtuoso.ade.simulationMonitor] - Notice from spectre during IC analysis, during transient analysis `tran'.
    GminDC = 1 pS is large enough to noticeably affect the DC solution.
        dV(S) = -56.1096 mV
        Use the `gmin_check' option to eliminate or expand this report. {"history": "ExplorerRun.0", "point": 1, "testname": "demo_1_bit_Full_Adder_ver1_1", "cornername": "Nominal"}
[2024-11-01 12:10:56.707 -0700] [INFO] [cadence.virtuoso.ade.simulationMonitor] - Notice from spectre during transient analysis `tran'.
    Multithreading is disabled due to the size of the design being too small. {"history": "ExplorerRun.0", "point": 1, "testname": "demo_1_bit_Full_Adder_ver1_1", "cornername": "Nominal"}
[2024-11-01 12:10:57.210 -0700] [INFO] [cadence.virtuoso.ade.simulationMonitor] - Notice from spectre at time = 2.01051 ns during transient analysis `tran'.
    Found trapezoidal ringing on node I0.I12.PM0.n1. {"history": "ExplorerRun.0", "point": 1, "testname": "demo_1_bit_Full_Adder_ver1_1", "cornername": "Nominal"}
[2024-11-01 12:10:57.211 -0700] [INFO] [cadence.virtuoso.ade.simulationMonitor] - Notice from spectre at time = 3.01353 ns during transient analysis `tran'.
    Found trapezoidal ringing on node I9.PM2.n1. {"history": "ExplorerRun.0", "point": 1, "testname": "demo_1_bit_Full_Adder_ver1_1", "cornername": "Nominal"}
[2024-11-01 12:10:57.212 -0700] [INFO] [cadence.virtuoso.ade.simulationMonitor] - Notice from spectre at time = 3.10392 ns during transient analysis `tran'.
    Found trapezoidal ringing on node I9.PM2.n1. {"history": "ExplorerRun.0", "point": 1, "testname": "demo_1_bit_Full_Adder_ver1_1", "cornername": "Nominal"}
[2024-11-01 12:10:57.213 -0700] [INFO] [cadence.virtuoso.ade.simulationMonitor] - Notice from spectre at time = 3.18231 ns during transient analysis `tran'.
    Found trapezoidal ringing on node I9.PM2.n1. {"history": "ExplorerRun.0", "point": 1, "testname": "demo_1_bit_Full_Adder_ver1_1", "cornername": "Nominal"}
[2024-11-01 12:10:57.214 -0700] [INFO] [cadence.virtuoso.ade.simulationMonitor] - Notice from spectre at time = 3.33907 ns during transient analysis `tran'.
    Found trapezoidal ringing on node I9.PM2.n1.
        Further occurrences of this notice will be suppressed. {"history": "ExplorerRun.0", "point": 1, "testname": "demo_1_bit_Full_Adder_ver1_1", "cornername": "Nominal"}
[2024-11-01 12:10:57.215 -0700] [INFO] [cadence.virtuoso.ade.simulationMonitor] - Notice from spectre during transient analysis `tran'.
    Trapezoidal ringing is detected during tran analysis.
        Please use method=trap for better results and performance. {"history": "ExplorerRun.0", "point": 1, "testname": "demo_1_bit_Full_Adder_ver1_1", "cornername": "Nominal"}
[2024-11-01 12:10:57.216 -0700] [INFO] [cadence.virtuoso.ade.simulationMonitor] - Total time required for tran analysis `tran': CPU = 104.107 ms, elapsed = 118.478 ms. {"history": "ExplorerRun.0", "point": 1, "testname": "demo_1_bit_Full_Adder_ver1_1", "cornername": "Nominal"}
[2024-11-01 12:10:57.217 -0700] [INFO] [cadence.virtuoso.ade.simulationMonitor] - Peak resident memory used = 73.9 Mbytes. {"history": "ExplorerRun.0", "point": 1, "testname": "demo_1_bit_Full_Adder_ver1_1", "cornername": "Nominal"}
[2024-11-01 12:10:57.218 -0700] [INFO] [cadence.virtuoso.ade.simulationMonitor] - Notice from spectre.
    31 notices suppressed. {"history": "ExplorerRun.0", "point": 1, "testname": "demo_1_bit_Full_Adder_ver1_1", "cornername": "Nominal"}
[2024-11-01 12:10:57.219 -0700] [INFO] [cadence.virtuoso.ade.simulationMonitor] - Time used: CPU = 1.28 s, elapsed = 1.51 s, util. = 84.4%. {"history": "ExplorerRun.0", "point": 1, "testname": "demo_1_bit_Full_Adder_ver1_1", "cornername": "Nominal"}
[2024-11-01 12:10:57.220 -0700] [INFO] [cadence.virtuoso.ade.simulationMonitor] - Time spent in licensing: elapsed = 22.1 ms. {"history": "ExplorerRun.0", "point": 1, "testname": "demo_1_bit_Full_Adder_ver1_1", "cornername": "Nominal"}
[2024-11-01 12:10:57.222 -0700] [INFO] [cadence.virtuoso.ade.simulationMonitor] - Peak memory used = 74.7 Mbytes. {"history": "ExplorerRun.0", "point": 1, "testname": "demo_1_bit_Full_Adder_ver1_1", "cornername": "Nominal"}
[2024-11-01 12:10:57.226 -0700] [PROCESS] [cadence.virtuoso.ade.simulationMonitor] - Simulation started at: 12:10:55 PM, Fri Nov 1, 2024, ended at: 12:10:56 PM, Fri Nov 1, 2024, with elapsed time (wall clock): 1.51 s. {"history": "ExplorerRun.0", "point": 1, "testname": "demo_1_bit_Full_Adder_ver1_1", "cornername": "Nominal"}
[2024-11-01 12:10:57.227 -0700] [PROCESS] [cadence.virtuoso.ade.simulationMonitor] - spectre completes with 0 errors, 1 warning, and 12 notices. {"history": "ExplorerRun.0", "point": 1, "testname": "demo_1_bit_Full_Adder_ver1_1", "cornername": "Nominal"}
[2024-11-01 12:10:57.228 -0700] [PROCESS] [cadence.virtuoso.ade.simulationMonitor] - Finished simulating for one point {"hostname": "viterbi-scf2", "processid": 266790, "history": "ExplorerRun.0", "testname": "demo_1_bit_Full_Adder_ver1_1", "cornername": "Nominal", "point": 1, "logfile": "/home/viterbi/01/tongjia/work_gpdk045/logs_tongjia/logs0/Job22.log", "simid": "1"}
[2024-11-01 12:10:57.229 -0700] [PROCESS] [cadence.virtuoso.ade.simulationMonitor] - Simulator exited {"hostname": "viterbi-scf2", "processid": 266790, "history": "ExplorerRun.0", "testname": "demo_1_bit_Full_Adder_ver1_1", "cornername": "Nominal", "point": 1, "logfile": "/home/viterbi/01/tongjia/work_gpdk045/logs_tongjia/logs0/Job22.log", "exitStatus": "0"}
[2024-11-01 12:10:57.229 -0700] [PROCESS] [cadence.virtuoso.ade.simulationMonitor] - Finished Simulation {"hostname": "viterbi-scf2", "processid": 266790, "history": "ExplorerRun.0", "testname": "demo_1_bit_Full_Adder_ver1_1", "cornername": "Nominal", "point": 1, "logfile": "/home/viterbi/01/tongjia/work_gpdk045/logs_tongjia/logs0/Job22.log", "simid": "1"}
[2024-11-01 12:11:01.262 -0700] [PROCESS] [cadence.virtuoso.ade.simulationMonitor] - Point Finished {"hostname": "viterbi-scf2", "processid": 266790, "history": "ExplorerRun.0", "testname": "demo_1_bit_Full_Adder_ver1_1", "cornername": "Nominal", "point": 1, "logfile": "/home/viterbi/01/tongjia/work_gpdk045/logs_tongjia/logs0/Job22.log"}
[2024-11-01 12:11:02.271 -0700] [PROCESS] [cadence.virtuoso.ade.simulationMonitor] - Stay with the runId '0', Linger time '300', currentRunSyn '1', currentTestSyn '2' {"hostname": "viterbi-scf2", "processid": 266790, "history": "ExplorerRun.0", "testname": "demo_1_bit_Full_Adder_ver1_1", "cornername": "Nominal", "point": 1, "logfile": "/home/viterbi/01/tongjia/work_gpdk045/logs_tongjia/logs0/Job22.log"}
[2024-11-01 12:13:09.566 -0700] [PROCESS] [cadence.virtuoso.ade.simulationMonitor] - get signal Terminated<15> from user:tongjia, which pid:266788:/usr/local/cadence/ICADVM201/tools/bin/64bit/cdsServIpc {"hostname": "viterbi-scf2", "processid": 266790, "history": "ExplorerRun.0", "testname": "demo_1_bit_Full_Adder_ver1_1", "cornername": "Nominal", "point": 1, "logfile": "/home/viterbi/01/tongjia/work_gpdk045/logs_tongjia/logs0/Job22.log", "signal": "15", "signalName": "Terminated", "which": "/usr/local/cadence/ICADVM201/tools/bin/64bit/cdsServIpc", "pid": "266788", "user": "tongjia", "uid": "506509"}
[2024-11-01 12:13:09.567 -0700] [INFO] [cadence.virtuoso.ade.simulationMonitor] - SimulationMonitor has terminated the  process '266817', reason: 'simulationMonitor is handling signal 15' {"history": "ExplorerRun.0", "point": 1, "testname": "demo_1_bit_Full_Adder_ver1_1", "cornername": "Nominal"}
[2024-11-01 12:13:10.070 -0700] [PROCESS] [cadence.virtuoso.ade.simulationMonitor] - Current memory used: 32.7305 MBytes, peak memory used: 32.7305 MBytes {"hostname": "viterbi-scf2", "processid": 266790, "history": "ExplorerRun.0", "testname": "demo_1_bit_Full_Adder_ver1_1", "cornername": "Nominal", "point": 1, "logfile": "/home/viterbi/01/tongjia/work_gpdk045/logs_tongjia/logs0/Job22.log"}
[2024-11-01 12:13:10.071 -0700] [PROCESS] [cadence.virtuoso.ade.simulationMonitor] - Simulation Monitor process exit. {"hostname": "viterbi-scf2", "processid": 266790, "history": "ExplorerRun.0", "testname": "demo_1_bit_Full_Adder_ver1_1", "cornername": "Nominal", "point": 1, "logfile": "/home/viterbi/01/tongjia/work_gpdk045/logs_tongjia/logs0/Job22.log"}
