[Simulation Monitor: 29]
[2024-10-16 06:16:22.692 -0700] [PROCESS] [cadence.virtuoso.ade.simulationMonitor] - Simulation Monitor has successfully started up. Trying to set up communication channels to other components ... {"hostname": "viterbi-scf2", "processid": 144264, "logfile": "/home/viterbi/01/tongjia/work_gpdk045/logs_tongjia/logs0/Job29.log"}
[2024-10-16 06:16:22.705 -0700] [PROCESS] [cadence.virtuoso.ade.simulationMonitor] - Communication channels have been successfully set up. Start processing events ... {"hostname": "viterbi-scf2", "processid": 144264, "logfile": "/home/viterbi/01/tongjia/work_gpdk045/logs_tongjia/logs0/Job29.log"}
[2024-10-16 06:16:22.707 -0700] [PROCESS] [cadence.virtuoso.ade.simulationMonitor] - Considering to start history {"hostname": "viterbi-scf2", "processid": 144264, "history": "ExplorerRun.0", "logfile": "/home/viterbi/01/tongjia/work_gpdk045/logs_tongjia/logs0/Job29.log"}
[2024-10-16 06:16:22.745 -0700] [PROCESS] [cadence.virtuoso.ade.simulationMonitor] - HostInfo:
Host name (type):	viterbi-scf2 (x86_64)
Operating system:	Linux 3.10.0-1160.119.1.el7.tuxcare.els3.x86_64 #1 SMP Fri Aug 23 19:18:06 UTC 2024 {"hostname": "viterbi-scf2", "processid": 144264, "history": "ExplorerRun.0", "logfile": "/home/viterbi/01/tongjia/work_gpdk045/logs_tongjia/logs0/Job29.log", "nodename": "viterbi-scf2", "domainname": "viterbi", "machine": "x86_64", "sysname": "Linux", "release": "3.10.0-1160.119.1.el7.tuxcare.els3.x86_64", "version": "#1 SMP Fri Aug 23 19:18:06 UTC 2024"}
[2024-10-16 06:16:22.748 -0700] [PROCESS] [cadence.virtuoso.ade.simulationMonitor] - UsageInfo:
pid=144264
totalPhysicalMemory=1007.132404GB,Used=220.139343GB,totalVirtualMemory=1007.132404GB,Used=220.139343GB
Cpu: Cores=112, Load average:3.210000,2.940000,2.850000 {"hostname": "viterbi-scf2", "processid": 144264, "history": "ExplorerRun.0", "logfile": "/home/viterbi/01/tongjia/work_gpdk045/logs_tongjia/logs0/Job29.log", "pid": "144264", "totalPhysicalMemory": "1007.132404", "physicalMemoryUsed": "220.139343", "totalVirtualMemory": "1007.132404", "virtualMemoryUsed": "220.139343", "cpuCores": "112", "processes": "4090", "loadAverage1": "3.210000", "loadAverage5": "2.940000", "loadAverage15": "2.850000", "loadAverage1Percent": "0.028661"}
[2024-10-16 06:16:22.756 -0700] [EVENT] [cadence.virtuoso.ade.simulationMonitor] - NewPoint {"history": "ExplorerRun.0", "point": 1, "testname": "demo_1-bit_Full_Adder_ver1_tb_1", "cornername": "Nominal", "event": "NewPoint", "EventSource": "Simulation Monitor", "HistoryName": "ExplorerRun.0", "logFile": "/home/viterbi/01/tongjia/work_gpdk045/logs_tongjia/logs0/Job29.log", "logFileSize": "2268"}
[2024-10-16 06:16:23.065 -0700] [EVENT] [cadence.virtuoso.ade.simulationMonitor] - NewPoint {"history": "ExplorerRun.0", "point": 1, "testname": "demo_1-bit_Full_Adder_ver1_tb_1", "cornername": "Nominal", "event": "NewPoint", "EventSource": "spectre", "HistoryName": "ExplorerRun.0", "logFile": "/home/viterbi/01/tongjia/simulation/demo/1-bit_Full_Adder_ver1_tb/maestro/results/maestro/ExplorerRun.0/1/demo_1-bit_Full_Adder_ver1_tb_1/psf/spectre.out", "logFileSize": "-1"}
[2024-10-16 06:16:23.103 -0700] [PROCESS] [cadence.virtuoso.ade.simulationMonitor] - Simulator launched {"hostname": "viterbi-scf2", "processid": 144264, "history": "ExplorerRun.0", "testname": "demo_1-bit_Full_Adder_ver1_tb_1", "cornername": "Nominal", "point": 1, "logfile": "/home/viterbi/01/tongjia/work_gpdk045/logs_tongjia/logs0/Job29.log", "simid": "1"}
[2024-10-16 06:16:23.112 -0700] [PROCESS] [cadence.virtuoso.ade.simulationMonitor] - Expression evaluator launched {"hostname": "viterbi-scf2", "processid": 144264, "history": "ExplorerRun.0", "testname": "demo_1-bit_Full_Adder_ver1_tb_1", "cornername": "Nominal", "point": 1, "logfile": "/home/viterbi/01/tongjia/work_gpdk045/logs_tongjia/logs0/Job29.log"}
[2024-10-16 06:16:23.683 -0700] [PROCESS] [cadence.virtuoso.ade.simulationMonitor] - Started Simulation {"hostname": "viterbi-scf2", "processid": 144264, "history": "ExplorerRun.0", "testname": "demo_1-bit_Full_Adder_ver1_tb_1", "cornername": "Nominal", "point": 1, "logfile": "/home/viterbi/01/tongjia/work_gpdk045/logs_tongjia/logs0/Job29.log", "event": "started", "task": "simulation"}
[2024-10-16 06:16:24.695 -0700] [INFO] [cadence.virtuoso.ade.simulationMonitor] - Peak resident memory used = 59.6 Mbytes. {"history": "ExplorerRun.0", "point": 1, "testname": "demo_1-bit_Full_Adder_ver1_tb_1", "cornername": "Nominal"}
[2024-10-16 06:16:25.201 -0700] [INFO] [cadence.virtuoso.ade.simulationMonitor] - Peak resident memory used = 69.1 Mbytes. {"history": "ExplorerRun.0", "point": 1, "testname": "demo_1-bit_Full_Adder_ver1_tb_1", "cornername": "Nominal"}
[2024-10-16 06:16:25.203 -0700] [INFO] [cadence.virtuoso.ade.simulationMonitor] - Peak resident memory used = 69.9 Mbytes. {"history": "ExplorerRun.0", "point": 1, "testname": "demo_1-bit_Full_Adder_ver1_tb_1", "cornername": "Nominal"}
[2024-10-16 06:16:25.206 -0700] [INFO] [cadence.virtuoso.ade.simulationMonitor] - Notice from spectre during initial setup.
    Multithreading is disabled due to the size of the design being too small. {"history": "ExplorerRun.0", "point": 1, "testname": "demo_1-bit_Full_Adder_ver1_tb_1", "cornername": "Nominal"}
[2024-10-16 06:16:25.216 -0700] [INFO] [cadence.virtuoso.ade.simulationMonitor] -               nodes 73 {"history": "ExplorerRun.0", "point": 1, "testname": "demo_1-bit_Full_Adder_ver1_tb_1", "cornername": "Nominal"}
[2024-10-16 06:16:25.218 -0700] [INFO] [cadence.virtuoso.ade.simulationMonitor] - Notice from spectre during initial setup.
    APS Enabled. {"history": "ExplorerRun.0", "point": 1, "testname": "demo_1-bit_Full_Adder_ver1_tb_1", "cornername": "Nominal"}
[2024-10-16 06:16:25.221 -0700] [INFO] [cadence.virtuoso.ade.simulationMonitor] - Peak resident memory used = 70.9 Mbytes. {"history": "ExplorerRun.0", "point": 1, "testname": "demo_1-bit_Full_Adder_ver1_tb_1", "cornername": "Nominal"}
[2024-10-16 06:16:25.224 -0700] [WARN] [cadence.virtuoso.ade.simulationMonitor] -     WARNING (SPECTRE-16707): Only tran supports psfxl format, result of other analyses will be in psfbin format. {"history": "ExplorerRun.0", "point": 1, "testname": "demo_1-bit_Full_Adder_ver1_tb_1", "cornername": "Nominal"}
[2024-10-16 06:16:25.227 -0700] [INFO] [cadence.virtuoso.ade.simulationMonitor] - Notice from spectre during IC analysis, during transient analysis `tran'.
    GminDC = 1 pS is large enough to noticeably affect the DC solution.
        dV(I3.I1.net9) = -12.0914 mV
        Use the `gmin_check' option to eliminate or expand this report.
    Bad pivoting is found during DC analysis. Option dc_pivot_check=yes is recommended for possible improvement of convergence. {"history": "ExplorerRun.0", "point": 1, "testname": "demo_1-bit_Full_Adder_ver1_tb_1", "cornername": "Nominal"}
[2024-10-16 06:16:25.230 -0700] [INFO] [cadence.virtuoso.ade.simulationMonitor] - Notice from spectre during transient analysis `tran'.
    Multithreading is disabled due to the size of the design being too small. {"history": "ExplorerRun.0", "point": 1, "testname": "demo_1-bit_Full_Adder_ver1_tb_1", "cornername": "Nominal"}
[2024-10-16 06:16:25.233 -0700] [INFO] [cadence.virtuoso.ade.simulationMonitor] - Notice from spectre at time = 2.29114 ns during transient analysis `tran'.
    Found trapezoidal ringing on node _vvdd!:p. {"history": "ExplorerRun.0", "point": 1, "testname": "demo_1-bit_Full_Adder_ver1_tb_1", "cornername": "Nominal"}
[2024-10-16 06:16:25.236 -0700] [INFO] [cadence.virtuoso.ade.simulationMonitor] - Notice from spectre at time = 2.49114 ns during transient analysis `tran'.
    Found trapezoidal ringing on node _vvdd!:p. {"history": "ExplorerRun.0", "point": 1, "testname": "demo_1-bit_Full_Adder_ver1_tb_1", "cornername": "Nominal"}
[2024-10-16 06:16:25.239 -0700] [INFO] [cadence.virtuoso.ade.simulationMonitor] - Notice from spectre at time = 2.69114 ns during transient analysis `tran'.
    Found trapezoidal ringing on node _vvdd!:p. {"history": "ExplorerRun.0", "point": 1, "testname": "demo_1-bit_Full_Adder_ver1_tb_1", "cornername": "Nominal"}
[2024-10-16 06:16:25.242 -0700] [INFO] [cadence.virtuoso.ade.simulationMonitor] - Notice from spectre at time = 2.84557 ns during transient analysis `tran'.
    Found trapezoidal ringing on node _vvdd!:p. {"history": "ExplorerRun.0", "point": 1, "testname": "demo_1-bit_Full_Adder_ver1_tb_1", "cornername": "Nominal"}
[2024-10-16 06:16:25.244 -0700] [INFO] [cadence.virtuoso.ade.simulationMonitor] - Notice from spectre at time = 3 ns during transient analysis `tran'.
    Found trapezoidal ringing on node _vvdd!:p.
        Further occurrences of this notice will be suppressed. {"history": "ExplorerRun.0", "point": 1, "testname": "demo_1-bit_Full_Adder_ver1_tb_1", "cornername": "Nominal"}
[2024-10-16 06:16:25.247 -0700] [INFO] [cadence.virtuoso.ade.simulationMonitor] - Notice from spectre during transient analysis `tran'.
    Trapezoidal ringing is detected during tran analysis.
        Please use method=trap for better results and performance. {"history": "ExplorerRun.0", "point": 1, "testname": "demo_1-bit_Full_Adder_ver1_tb_1", "cornername": "Nominal"}
[2024-10-16 06:16:25.250 -0700] [INFO] [cadence.virtuoso.ade.simulationMonitor] - Total time required for tran analysis `tran': CPU = 95.689 ms, elapsed = 116.078 ms. {"history": "ExplorerRun.0", "point": 1, "testname": "demo_1-bit_Full_Adder_ver1_tb_1", "cornername": "Nominal"}
[2024-10-16 06:16:25.253 -0700] [INFO] [cadence.virtuoso.ade.simulationMonitor] - Peak resident memory used = 74.2 Mbytes. {"history": "ExplorerRun.0", "point": 1, "testname": "demo_1-bit_Full_Adder_ver1_tb_1", "cornername": "Nominal"}
[2024-10-16 06:16:25.257 -0700] [INFO] [cadence.virtuoso.ade.simulationMonitor] - Notice from spectre.
    29 notices suppressed. {"history": "ExplorerRun.0", "point": 1, "testname": "demo_1-bit_Full_Adder_ver1_tb_1", "cornername": "Nominal"}
[2024-10-16 06:16:25.261 -0700] [INFO] [cadence.virtuoso.ade.simulationMonitor] - Time used: CPU = 1.38 s, elapsed = 1.68 s, util. = 81.9%. {"history": "ExplorerRun.0", "point": 1, "testname": "demo_1-bit_Full_Adder_ver1_tb_1", "cornername": "Nominal"}
[2024-10-16 06:16:25.263 -0700] [INFO] [cadence.virtuoso.ade.simulationMonitor] - Time spent in licensing: elapsed = 33.8 ms. {"history": "ExplorerRun.0", "point": 1, "testname": "demo_1-bit_Full_Adder_ver1_tb_1", "cornername": "Nominal"}
[2024-10-16 06:16:25.268 -0700] [INFO] [cadence.virtuoso.ade.simulationMonitor] - Peak memory used = 74.9 Mbytes. {"history": "ExplorerRun.0", "point": 1, "testname": "demo_1-bit_Full_Adder_ver1_tb_1", "cornername": "Nominal"}
[2024-10-16 06:16:25.273 -0700] [PROCESS] [cadence.virtuoso.ade.simulationMonitor] - Simulation started at: 6:16:23 AM, Wed Oct 16, 2024, ended at: 6:16:24 AM, Wed Oct 16, 2024, with elapsed time (wall clock): 1.68 s. {"history": "ExplorerRun.0", "point": 1, "testname": "demo_1-bit_Full_Adder_ver1_tb_1", "cornername": "Nominal"}
[2024-10-16 06:16:25.276 -0700] [PROCESS] [cadence.virtuoso.ade.simulationMonitor] - spectre completes with 0 errors, 1 warning, and 12 notices. {"history": "ExplorerRun.0", "point": 1, "testname": "demo_1-bit_Full_Adder_ver1_tb_1", "cornername": "Nominal"}
[2024-10-16 06:16:25.782 -0700] [PROCESS] [cadence.virtuoso.ade.simulationMonitor] - Finished simulating for one point {"hostname": "viterbi-scf2", "processid": 144264, "history": "ExplorerRun.0", "testname": "demo_1-bit_Full_Adder_ver1_tb_1", "cornername": "Nominal", "point": 1, "logfile": "/home/viterbi/01/tongjia/work_gpdk045/logs_tongjia/logs0/Job29.log", "simid": "1"}
[2024-10-16 06:16:25.787 -0700] [PROCESS] [cadence.virtuoso.ade.simulationMonitor] - Simulator exited {"hostname": "viterbi-scf2", "processid": 144264, "history": "ExplorerRun.0", "testname": "demo_1-bit_Full_Adder_ver1_tb_1", "cornername": "Nominal", "point": 1, "logfile": "/home/viterbi/01/tongjia/work_gpdk045/logs_tongjia/logs0/Job29.log", "exitStatus": "0"}
[2024-10-16 06:16:25.790 -0700] [PROCESS] [cadence.virtuoso.ade.simulationMonitor] - Finished Simulation {"hostname": "viterbi-scf2", "processid": 144264, "history": "ExplorerRun.0", "testname": "demo_1-bit_Full_Adder_ver1_tb_1", "cornername": "Nominal", "point": 1, "logfile": "/home/viterbi/01/tongjia/work_gpdk045/logs_tongjia/logs0/Job29.log", "simid": "1"}
[2024-10-16 06:16:29.337 -0700] [PROCESS] [cadence.virtuoso.ade.simulationMonitor] - Point Finished {"hostname": "viterbi-scf2", "processid": 144264, "history": "ExplorerRun.0", "testname": "demo_1-bit_Full_Adder_ver1_tb_1", "cornername": "Nominal", "point": 1, "logfile": "/home/viterbi/01/tongjia/work_gpdk045/logs_tongjia/logs0/Job29.log"}
[2024-10-16 06:16:30.373 -0700] [PROCESS] [cadence.virtuoso.ade.simulationMonitor] - Stay with the runId '0', Linger time '300', currentRunSyn '1', currentTestSyn '2' {"hostname": "viterbi-scf2", "processid": 144264, "history": "ExplorerRun.0", "testname": "demo_1-bit_Full_Adder_ver1_tb_1", "cornername": "Nominal", "point": 1, "logfile": "/home/viterbi/01/tongjia/work_gpdk045/logs_tongjia/logs0/Job29.log"}
[2024-10-16 06:19:40.807 -0700] [INFO] [cadence.virtuoso.ade.simulationMonitor] - SimulationMonitor has terminated the vds process '144297', reason: 'Force to stop the expression evalutor process because of new run' {"history": "ExplorerRun.0", "point": 1, "testname": "demo_1-bit_Full_Adder_ver1_tb_1", "cornername": "Nominal"}
[2024-10-16 06:19:40.814 -0700] [PROCESS] [cadence.virtuoso.ade.simulationMonitor] - HostInfo:
Host name (type):	viterbi-scf2 (x86_64)
Operating system:	Linux 3.10.0-1160.119.1.el7.tuxcare.els3.x86_64 #1 SMP Fri Aug 23 19:18:06 UTC 2024 {"hostname": "viterbi-scf2", "processid": 144264, "history": "ExplorerRun.0", "testname": "demo_1-bit_Full_Adder_ver1_tb_1", "cornername": "Nominal", "point": 1, "logfile": "/home/viterbi/01/tongjia/work_gpdk045/logs_tongjia/logs0/Job29.log", "nodename": "viterbi-scf2", "domainname": "viterbi", "machine": "x86_64", "sysname": "Linux", "release": "3.10.0-1160.119.1.el7.tuxcare.els3.x86_64", "version": "#1 SMP Fri Aug 23 19:18:06 UTC 2024"}
[2024-10-16 06:19:40.816 -0700] [PROCESS] [cadence.virtuoso.ade.simulationMonitor] - UsageInfo:
pid=144264
totalPhysicalMemory=1007.132404GB,Used=220.188950GB,totalVirtualMemory=1007.132404GB,Used=220.188950GB
Cpu: Cores=112, Load average:2.920000,2.820000,2.820000 {"hostname": "viterbi-scf2", "processid": 144264, "history": "ExplorerRun.0", "testname": "demo_1-bit_Full_Adder_ver1_tb_1", "cornername": "Nominal", "point": 1, "logfile": "/home/viterbi/01/tongjia/work_gpdk045/logs_tongjia/logs0/Job29.log", "pid": "144264", "totalPhysicalMemory": "1007.132404", "physicalMemoryUsed": "220.188950", "totalVirtualMemory": "1007.132404", "virtualMemoryUsed": "220.188950", "cpuCores": "112", "processes": "4103", "loadAverage1": "2.920000", "loadAverage5": "2.820000", "loadAverage15": "2.820000", "loadAverage1Percent": "0.026071"}
[2024-10-16 06:19:40.822 -0700] [EVENT] [cadence.virtuoso.ade.simulationMonitor] - NewPoint {"history": "ExplorerRun.0", "point": 1, "testname": "demo_1-bit_Full_Adder_ver1_tb_1", "cornername": "Nominal", "event": "NewPoint", "EventSource": "Simulation Monitor", "HistoryName": "ExplorerRun.0", "logFile": "/home/viterbi/01/tongjia/work_gpdk045/logs_tongjia/logs0/Job29.log", "logFileSize": "14976"}
[2024-10-16 06:19:41.134 -0700] [EVENT] [cadence.virtuoso.ade.simulationMonitor] - NewPoint {"history": "ExplorerRun.0", "point": 1, "testname": "demo_1-bit_Full_Adder_ver1_tb_1", "cornername": "Nominal", "event": "NewPoint", "EventSource": "spectre", "HistoryName": "ExplorerRun.0", "logFile": "/home/viterbi/01/tongjia/simulation/demo/1-bit_Full_Adder_ver1_tb/maestro/results/maestro/ExplorerRun.0/1/demo_1-bit_Full_Adder_ver1_tb_1/psf/spectre.out", "logFileSize": "-1"}
[2024-10-16 06:19:41.166 -0700] [PROCESS] [cadence.virtuoso.ade.simulationMonitor] - Simulator launched {"hostname": "viterbi-scf2", "processid": 144264, "history": "ExplorerRun.0", "testname": "demo_1-bit_Full_Adder_ver1_tb_1", "cornername": "Nominal", "point": 1, "logfile": "/home/viterbi/01/tongjia/work_gpdk045/logs_tongjia/logs0/Job29.log", "simid": "2"}
[2024-10-16 06:19:41.174 -0700] [PROCESS] [cadence.virtuoso.ade.simulationMonitor] - Expression evaluator launched {"hostname": "viterbi-scf2", "processid": 144264, "history": "ExplorerRun.0", "testname": "demo_1-bit_Full_Adder_ver1_tb_1", "cornername": "Nominal", "point": 1, "logfile": "/home/viterbi/01/tongjia/work_gpdk045/logs_tongjia/logs0/Job29.log"}
[2024-10-16 06:19:41.639 -0700] [PROCESS] [cadence.virtuoso.ade.simulationMonitor] - Started Simulation {"hostname": "viterbi-scf2", "processid": 144264, "history": "ExplorerRun.0", "testname": "demo_1-bit_Full_Adder_ver1_tb_1", "cornername": "Nominal", "point": 1, "logfile": "/home/viterbi/01/tongjia/work_gpdk045/logs_tongjia/logs0/Job29.log", "event": "started", "task": "simulation"}
[2024-10-16 06:19:42.645 -0700] [INFO] [cadence.virtuoso.ade.simulationMonitor] - Peak resident memory used = 57.7 Mbytes. {"history": "ExplorerRun.0", "point": 1, "testname": "demo_1-bit_Full_Adder_ver1_tb_1", "cornername": "Nominal"}
[2024-10-16 06:19:42.647 -0700] [INFO] [cadence.virtuoso.ade.simulationMonitor] - Peak resident memory used = 67.2 Mbytes. {"history": "ExplorerRun.0", "point": 1, "testname": "demo_1-bit_Full_Adder_ver1_tb_1", "cornername": "Nominal"}
[2024-10-16 06:19:42.651 -0700] [INFO] [cadence.virtuoso.ade.simulationMonitor] - Peak resident memory used = 68 Mbytes. {"history": "ExplorerRun.0", "point": 1, "testname": "demo_1-bit_Full_Adder_ver1_tb_1", "cornername": "Nominal"}
[2024-10-16 06:19:42.655 -0700] [INFO] [cadence.virtuoso.ade.simulationMonitor] - Notice from spectre during initial setup.
    Multithreading is disabled due to the size of the design being too small. {"history": "ExplorerRun.0", "point": 1, "testname": "demo_1-bit_Full_Adder_ver1_tb_1", "cornername": "Nominal"}
[2024-10-16 06:19:42.665 -0700] [INFO] [cadence.virtuoso.ade.simulationMonitor] -               nodes 73 {"history": "ExplorerRun.0", "point": 1, "testname": "demo_1-bit_Full_Adder_ver1_tb_1", "cornername": "Nominal"}
[2024-10-16 06:19:43.181 -0700] [INFO] [cadence.virtuoso.ade.simulationMonitor] - Notice from spectre during initial setup.
    APS Enabled. {"history": "ExplorerRun.0", "point": 1, "testname": "demo_1-bit_Full_Adder_ver1_tb_1", "cornername": "Nominal"}
[2024-10-16 06:19:43.197 -0700] [INFO] [cadence.virtuoso.ade.simulationMonitor] - Peak resident memory used = 69 Mbytes. {"history": "ExplorerRun.0", "point": 1, "testname": "demo_1-bit_Full_Adder_ver1_tb_1", "cornername": "Nominal"}
[2024-10-16 06:19:43.207 -0700] [WARN] [cadence.virtuoso.ade.simulationMonitor] -     WARNING (SPECTRE-16707): Only tran supports psfxl format, result of other analyses will be in psfbin format. {"history": "ExplorerRun.0", "point": 1, "testname": "demo_1-bit_Full_Adder_ver1_tb_1", "cornername": "Nominal"}
[2024-10-16 06:19:43.213 -0700] [INFO] [cadence.virtuoso.ade.simulationMonitor] - Notice from spectre during IC analysis, during transient analysis `tran'.
    GminDC = 1 pS is large enough to noticeably affect the DC solution.
        dV(I3.I0.net1) = -12.0914 mV
        Use the `gmin_check' option to eliminate or expand this report.
    Bad pivoting is found during DC analysis. Option dc_pivot_check=yes is recommended for possible improvement of convergence. {"history": "ExplorerRun.0", "point": 1, "testname": "demo_1-bit_Full_Adder_ver1_tb_1", "cornername": "Nominal"}
[2024-10-16 06:19:43.217 -0700] [INFO] [cadence.virtuoso.ade.simulationMonitor] - Notice from spectre during transient analysis `tran'.
    Multithreading is disabled due to the size of the design being too small. {"history": "ExplorerRun.0", "point": 1, "testname": "demo_1-bit_Full_Adder_ver1_tb_1", "cornername": "Nominal"}
[2024-10-16 06:19:43.220 -0700] [INFO] [cadence.virtuoso.ade.simulationMonitor] - Notice from spectre at time = 3 ns during transient analysis `tran'.
    Found trapezoidal ringing on node _vvdd!:p. {"history": "ExplorerRun.0", "point": 1, "testname": "demo_1-bit_Full_Adder_ver1_tb_1", "cornername": "Nominal"}
[2024-10-16 06:19:43.222 -0700] [INFO] [cadence.virtuoso.ade.simulationMonitor] - Notice from spectre at time = 4.99152 ns during transient analysis `tran'.
    Found trapezoidal ringing on node _vvdd!:p. {"history": "ExplorerRun.0", "point": 1, "testname": "demo_1-bit_Full_Adder_ver1_tb_1", "cornername": "Nominal"}
[2024-10-16 06:19:43.225 -0700] [INFO] [cadence.virtuoso.ade.simulationMonitor] - Notice from spectre at time = 5.19152 ns during transient analysis `tran'.
    Found trapezoidal ringing on node _vvdd!:p. {"history": "ExplorerRun.0", "point": 1, "testname": "demo_1-bit_Full_Adder_ver1_tb_1", "cornername": "Nominal"}
[2024-10-16 06:19:43.228 -0700] [INFO] [cadence.virtuoso.ade.simulationMonitor] - Notice from spectre at time = 5.39152 ns during transient analysis `tran'.
    Found trapezoidal ringing on node _vvdd!:p. {"history": "ExplorerRun.0", "point": 1, "testname": "demo_1-bit_Full_Adder_ver1_tb_1", "cornername": "Nominal"}
[2024-10-16 06:19:43.231 -0700] [INFO] [cadence.virtuoso.ade.simulationMonitor] - Notice from spectre at time = 5.59152 ns during transient analysis `tran'.
    Found trapezoidal ringing on node _vvdd!:p.
        Further occurrences of this notice will be suppressed. {"history": "ExplorerRun.0", "point": 1, "testname": "demo_1-bit_Full_Adder_ver1_tb_1", "cornername": "Nominal"}
[2024-10-16 06:19:43.234 -0700] [INFO] [cadence.virtuoso.ade.simulationMonitor] - Notice from spectre during transient analysis `tran'.
    Trapezoidal ringing is detected during tran analysis.
        Please use method=trap for better results and performance. {"history": "ExplorerRun.0", "point": 1, "testname": "demo_1-bit_Full_Adder_ver1_tb_1", "cornername": "Nominal"}
[2024-10-16 06:19:43.236 -0700] [INFO] [cadence.virtuoso.ade.simulationMonitor] - Total time required for tran analysis `tran': CPU = 100.386 ms, elapsed = 113.809 ms. {"history": "ExplorerRun.0", "point": 1, "testname": "demo_1-bit_Full_Adder_ver1_tb_1", "cornername": "Nominal"}
[2024-10-16 06:19:43.239 -0700] [INFO] [cadence.virtuoso.ade.simulationMonitor] - Peak resident memory used = 72.3 Mbytes. {"history": "ExplorerRun.0", "point": 1, "testname": "demo_1-bit_Full_Adder_ver1_tb_1", "cornername": "Nominal"}
[2024-10-16 06:19:43.242 -0700] [INFO] [cadence.virtuoso.ade.simulationMonitor] - Notice from spectre.
    23 notices suppressed. {"history": "ExplorerRun.0", "point": 1, "testname": "demo_1-bit_Full_Adder_ver1_tb_1", "cornername": "Nominal"}
[2024-10-16 06:19:43.244 -0700] [INFO] [cadence.virtuoso.ade.simulationMonitor] - Time used: CPU = 1.2 s, elapsed = 1.5 s, util. = 80%. {"history": "ExplorerRun.0", "point": 1, "testname": "demo_1-bit_Full_Adder_ver1_tb_1", "cornername": "Nominal"}
[2024-10-16 06:19:43.247 -0700] [INFO] [cadence.virtuoso.ade.simulationMonitor] - Time spent in licensing: elapsed = 32.5 ms. {"history": "ExplorerRun.0", "point": 1, "testname": "demo_1-bit_Full_Adder_ver1_tb_1", "cornername": "Nominal"}
[2024-10-16 06:19:43.251 -0700] [INFO] [cadence.virtuoso.ade.simulationMonitor] - Peak memory used = 72.9 Mbytes. {"history": "ExplorerRun.0", "point": 1, "testname": "demo_1-bit_Full_Adder_ver1_tb_1", "cornername": "Nominal"}
[2024-10-16 06:19:43.258 -0700] [PROCESS] [cadence.virtuoso.ade.simulationMonitor] - Simulation started at: 6:19:41 AM, Wed Oct 16, 2024, ended at: 6:19:42 AM, Wed Oct 16, 2024, with elapsed time (wall clock): 1.5 s. {"history": "ExplorerRun.0", "point": 1, "testname": "demo_1-bit_Full_Adder_ver1_tb_1", "cornername": "Nominal"}
[2024-10-16 06:19:43.261 -0700] [PROCESS] [cadence.virtuoso.ade.simulationMonitor] - spectre completes with 0 errors, 1 warning, and 12 notices. {"history": "ExplorerRun.0", "point": 1, "testname": "demo_1-bit_Full_Adder_ver1_tb_1", "cornername": "Nominal"}
[2024-10-16 06:19:43.264 -0700] [PROCESS] [cadence.virtuoso.ade.simulationMonitor] - Finished simulating for one point {"hostname": "viterbi-scf2", "processid": 144264, "history": "ExplorerRun.0", "testname": "demo_1-bit_Full_Adder_ver1_tb_1", "cornername": "Nominal", "point": 1, "logfile": "/home/viterbi/01/tongjia/work_gpdk045/logs_tongjia/logs0/Job29.log", "simid": "2"}
[2024-10-16 06:19:43.268 -0700] [PROCESS] [cadence.virtuoso.ade.simulationMonitor] - Simulator exited {"hostname": "viterbi-scf2", "processid": 144264, "history": "ExplorerRun.0", "testname": "demo_1-bit_Full_Adder_ver1_tb_1", "cornername": "Nominal", "point": 1, "logfile": "/home/viterbi/01/tongjia/work_gpdk045/logs_tongjia/logs0/Job29.log", "exitStatus": "0"}
[2024-10-16 06:19:43.270 -0700] [PROCESS] [cadence.virtuoso.ade.simulationMonitor] - Finished Simulation {"hostname": "viterbi-scf2", "processid": 144264, "history": "ExplorerRun.0", "testname": "demo_1-bit_Full_Adder_ver1_tb_1", "cornername": "Nominal", "point": 1, "logfile": "/home/viterbi/01/tongjia/work_gpdk045/logs_tongjia/logs0/Job29.log", "simid": "2"}
[2024-10-16 06:19:47.312 -0700] [PROCESS] [cadence.virtuoso.ade.simulationMonitor] - Point Finished {"hostname": "viterbi-scf2", "processid": 144264, "history": "ExplorerRun.0", "testname": "demo_1-bit_Full_Adder_ver1_tb_1", "cornername": "Nominal", "point": 1, "logfile": "/home/viterbi/01/tongjia/work_gpdk045/logs_tongjia/logs0/Job29.log"}
[2024-10-16 06:19:48.348 -0700] [PROCESS] [cadence.virtuoso.ade.simulationMonitor] - Stay with the runId '1', Linger time '300', currentRunSyn '3', currentTestSyn '4' {"hostname": "viterbi-scf2", "processid": 144264, "history": "ExplorerRun.0", "testname": "demo_1-bit_Full_Adder_ver1_tb_1", "cornername": "Nominal", "point": 1, "logfile": "/home/viterbi/01/tongjia/work_gpdk045/logs_tongjia/logs0/Job29.log"}
[2024-10-16 06:21:26.017 -0700] [INFO] [cadence.virtuoso.ade.simulationMonitor] - SimulationMonitor has terminated the vds process '151358', reason: 'Force to stop the expression evalutor process because of new run' {"history": "ExplorerRun.0", "point": 1, "testname": "demo_1-bit_Full_Adder_ver1_tb_1", "cornername": "Nominal"}
[2024-10-16 06:21:26.023 -0700] [PROCESS] [cadence.virtuoso.ade.simulationMonitor] - HostInfo:
Host name (type):	viterbi-scf2 (x86_64)
Operating system:	Linux 3.10.0-1160.119.1.el7.tuxcare.els3.x86_64 #1 SMP Fri Aug 23 19:18:06 UTC 2024 {"hostname": "viterbi-scf2", "processid": 144264, "history": "ExplorerRun.0", "testname": "demo_1-bit_Full_Adder_ver1_tb_1", "cornername": "Nominal", "point": 1, "logfile": "/home/viterbi/01/tongjia/work_gpdk045/logs_tongjia/logs0/Job29.log", "nodename": "viterbi-scf2", "domainname": "viterbi", "machine": "x86_64", "sysname": "Linux", "release": "3.10.0-1160.119.1.el7.tuxcare.els3.x86_64", "version": "#1 SMP Fri Aug 23 19:18:06 UTC 2024"}
[2024-10-16 06:21:26.025 -0700] [PROCESS] [cadence.virtuoso.ade.simulationMonitor] - UsageInfo:
pid=144264
totalPhysicalMemory=1007.132404GB,Used=219.932129GB,totalVirtualMemory=1007.132404GB,Used=219.932129GB
Cpu: Cores=112, Load average:3.370000,3.160000,2.950000 {"hostname": "viterbi-scf2", "processid": 144264, "history": "ExplorerRun.0", "testname": "demo_1-bit_Full_Adder_ver1_tb_1", "cornername": "Nominal", "point": 1, "logfile": "/home/viterbi/01/tongjia/work_gpdk045/logs_tongjia/logs0/Job29.log", "pid": "144264", "totalPhysicalMemory": "1007.132404", "physicalMemoryUsed": "219.932129", "totalVirtualMemory": "1007.132404", "virtualMemoryUsed": "219.932129", "cpuCores": "112", "processes": "4029", "loadAverage1": "3.370000", "loadAverage5": "3.160000", "loadAverage15": "2.950000", "loadAverage1Percent": "0.030089"}
[2024-10-16 06:21:26.030 -0700] [EVENT] [cadence.virtuoso.ade.simulationMonitor] - NewPoint {"history": "ExplorerRun.0", "point": 1, "testname": "demo_1-bit_Full_Adder_ver1_tb_1", "cornername": "Nominal", "event": "NewPoint", "EventSource": "Simulation Monitor", "HistoryName": "ExplorerRun.0", "logFile": "/home/viterbi/01/tongjia/work_gpdk045/logs_tongjia/logs0/Job29.log", "logFileSize": "27677"}
[2024-10-16 06:21:26.340 -0700] [EVENT] [cadence.virtuoso.ade.simulationMonitor] - NewPoint {"history": "ExplorerRun.0", "point": 1, "testname": "demo_1-bit_Full_Adder_ver1_tb_1", "cornername": "Nominal", "event": "NewPoint", "EventSource": "spectre", "HistoryName": "ExplorerRun.0", "logFile": "/home/viterbi/01/tongjia/simulation/demo/1-bit_Full_Adder_ver1_tb/maestro/results/maestro/ExplorerRun.0/1/demo_1-bit_Full_Adder_ver1_tb_1/psf/spectre.out", "logFileSize": "-1"}
[2024-10-16 06:21:26.376 -0700] [PROCESS] [cadence.virtuoso.ade.simulationMonitor] - Simulator launched {"hostname": "viterbi-scf2", "processid": 144264, "history": "ExplorerRun.0", "testname": "demo_1-bit_Full_Adder_ver1_tb_1", "cornername": "Nominal", "point": 1, "logfile": "/home/viterbi/01/tongjia/work_gpdk045/logs_tongjia/logs0/Job29.log", "simid": "3"}
[2024-10-16 06:21:26.383 -0700] [PROCESS] [cadence.virtuoso.ade.simulationMonitor] - Expression evaluator launched {"hostname": "viterbi-scf2", "processid": 144264, "history": "ExplorerRun.0", "testname": "demo_1-bit_Full_Adder_ver1_tb_1", "cornername": "Nominal", "point": 1, "logfile": "/home/viterbi/01/tongjia/work_gpdk045/logs_tongjia/logs0/Job29.log"}
[2024-10-16 06:21:26.788 -0700] [PROCESS] [cadence.virtuoso.ade.simulationMonitor] - Started Simulation {"hostname": "viterbi-scf2", "processid": 144264, "history": "ExplorerRun.0", "testname": "demo_1-bit_Full_Adder_ver1_tb_1", "cornername": "Nominal", "point": 1, "logfile": "/home/viterbi/01/tongjia/work_gpdk045/logs_tongjia/logs0/Job29.log", "event": "started", "task": "simulation"}
[2024-10-16 06:21:27.793 -0700] [INFO] [cadence.virtuoso.ade.simulationMonitor] - Peak resident memory used = 57.7 Mbytes. {"history": "ExplorerRun.0", "point": 1, "testname": "demo_1-bit_Full_Adder_ver1_tb_1", "cornername": "Nominal"}
[2024-10-16 06:21:28.300 -0700] [INFO] [cadence.virtuoso.ade.simulationMonitor] - Peak resident memory used = 67.2 Mbytes. {"history": "ExplorerRun.0", "point": 1, "testname": "demo_1-bit_Full_Adder_ver1_tb_1", "cornername": "Nominal"}
[2024-10-16 06:21:28.304 -0700] [INFO] [cadence.virtuoso.ade.simulationMonitor] - Peak resident memory used = 67.9 Mbytes. {"history": "ExplorerRun.0", "point": 1, "testname": "demo_1-bit_Full_Adder_ver1_tb_1", "cornername": "Nominal"}
[2024-10-16 06:21:28.308 -0700] [INFO] [cadence.virtuoso.ade.simulationMonitor] - Notice from spectre during initial setup.
    Multithreading is disabled due to the size of the design being too small. {"history": "ExplorerRun.0", "point": 1, "testname": "demo_1-bit_Full_Adder_ver1_tb_1", "cornername": "Nominal"}
[2024-10-16 06:21:28.319 -0700] [INFO] [cadence.virtuoso.ade.simulationMonitor] -               nodes 73 {"history": "ExplorerRun.0", "point": 1, "testname": "demo_1-bit_Full_Adder_ver1_tb_1", "cornername": "Nominal"}
[2024-10-16 06:21:28.321 -0700] [INFO] [cadence.virtuoso.ade.simulationMonitor] - Notice from spectre during initial setup.
    APS Enabled. {"history": "ExplorerRun.0", "point": 1, "testname": "demo_1-bit_Full_Adder_ver1_tb_1", "cornername": "Nominal"}
[2024-10-16 06:21:28.324 -0700] [INFO] [cadence.virtuoso.ade.simulationMonitor] - Peak resident memory used = 68.9 Mbytes. {"history": "ExplorerRun.0", "point": 1, "testname": "demo_1-bit_Full_Adder_ver1_tb_1", "cornername": "Nominal"}
[2024-10-16 06:21:28.327 -0700] [WARN] [cadence.virtuoso.ade.simulationMonitor] -     WARNING (SPECTRE-16707): Only tran supports psfxl format, result of other analyses will be in psfbin format. {"history": "ExplorerRun.0", "point": 1, "testname": "demo_1-bit_Full_Adder_ver1_tb_1", "cornername": "Nominal"}
[2024-10-16 06:21:28.331 -0700] [INFO] [cadence.virtuoso.ade.simulationMonitor] - Notice from spectre during IC analysis, during transient analysis `tran'.
    GminDC = 1 pS is large enough to noticeably affect the DC solution.
        dV(I3.I0.net1) = -12.0914 mV
        Use the `gmin_check' option to eliminate or expand this report.
    Bad pivoting is found during DC analysis. Option dc_pivot_check=yes is recommended for possible improvement of convergence. {"history": "ExplorerRun.0", "point": 1, "testname": "demo_1-bit_Full_Adder_ver1_tb_1", "cornername": "Nominal"}
[2024-10-16 06:21:28.334 -0700] [INFO] [cadence.virtuoso.ade.simulationMonitor] - Notice from spectre during transient analysis `tran'.
    Multithreading is disabled due to the size of the design being too small. {"history": "ExplorerRun.0", "point": 1, "testname": "demo_1-bit_Full_Adder_ver1_tb_1", "cornername": "Nominal"}
[2024-10-16 06:21:28.337 -0700] [INFO] [cadence.virtuoso.ade.simulationMonitor] - Notice from spectre at time = 2.45425 ns during transient analysis `tran'.
    Found trapezoidal ringing on node _vvdd!:p. {"history": "ExplorerRun.0", "point": 1, "testname": "demo_1-bit_Full_Adder_ver1_tb_1", "cornername": "Nominal"}
[2024-10-16 06:21:28.341 -0700] [INFO] [cadence.virtuoso.ade.simulationMonitor] - Notice from spectre at time = 2.65425 ns during transient analysis `tran'.
    Found trapezoidal ringing on node _vvdd!:p. {"history": "ExplorerRun.0", "point": 1, "testname": "demo_1-bit_Full_Adder_ver1_tb_1", "cornername": "Nominal"}
[2024-10-16 06:21:28.344 -0700] [INFO] [cadence.virtuoso.ade.simulationMonitor] - Notice from spectre at time = 2.85425 ns during transient analysis `tran'.
    Found trapezoidal ringing on node _vvdd!:p. {"history": "ExplorerRun.0", "point": 1, "testname": "demo_1-bit_Full_Adder_ver1_tb_1", "cornername": "Nominal"}
[2024-10-16 06:21:28.347 -0700] [INFO] [cadence.virtuoso.ade.simulationMonitor] - Notice from spectre at time = 3 ns during transient analysis `tran'.
    Found trapezoidal ringing on node _vvdd!:p. {"history": "ExplorerRun.0", "point": 1, "testname": "demo_1-bit_Full_Adder_ver1_tb_1", "cornername": "Nominal"}
[2024-10-16 06:21:28.350 -0700] [INFO] [cadence.virtuoso.ade.simulationMonitor] - Notice from spectre at time = 4.58162 ns during transient analysis `tran'.
    Found trapezoidal ringing on node _vvdd!:p.
        Further occurrences of this notice will be suppressed. {"history": "ExplorerRun.0", "point": 1, "testname": "demo_1-bit_Full_Adder_ver1_tb_1", "cornername": "Nominal"}
[2024-10-16 06:21:28.353 -0700] [INFO] [cadence.virtuoso.ade.simulationMonitor] - Notice from spectre during transient analysis `tran'.
    Trapezoidal ringing is detected during tran analysis.
        Please use method=trap for better results and performance. {"history": "ExplorerRun.0", "point": 1, "testname": "demo_1-bit_Full_Adder_ver1_tb_1", "cornername": "Nominal"}
[2024-10-16 06:21:28.356 -0700] [INFO] [cadence.virtuoso.ade.simulationMonitor] - Total time required for tran analysis `tran': CPU = 101.475 ms, elapsed = 116.099 ms. {"history": "ExplorerRun.0", "point": 1, "testname": "demo_1-bit_Full_Adder_ver1_tb_1", "cornername": "Nominal"}
[2024-10-16 06:21:28.359 -0700] [INFO] [cadence.virtuoso.ade.simulationMonitor] - Peak resident memory used = 72.2 Mbytes. {"history": "ExplorerRun.0", "point": 1, "testname": "demo_1-bit_Full_Adder_ver1_tb_1", "cornername": "Nominal"}
[2024-10-16 06:21:28.361 -0700] [INFO] [cadence.virtuoso.ade.simulationMonitor] - Notice from spectre.
    28 notices suppressed. {"history": "ExplorerRun.0", "point": 1, "testname": "demo_1-bit_Full_Adder_ver1_tb_1", "cornername": "Nominal"}
[2024-10-16 06:21:28.364 -0700] [INFO] [cadence.virtuoso.ade.simulationMonitor] - Time used: CPU = 1.28 s, elapsed = 1.59 s, util. = 80.8%. {"history": "ExplorerRun.0", "point": 1, "testname": "demo_1-bit_Full_Adder_ver1_tb_1", "cornername": "Nominal"}
[2024-10-16 06:21:28.367 -0700] [INFO] [cadence.virtuoso.ade.simulationMonitor] - Time spent in licensing: elapsed = 40.1 ms. {"history": "ExplorerRun.0", "point": 1, "testname": "demo_1-bit_Full_Adder_ver1_tb_1", "cornername": "Nominal"}
[2024-10-16 06:21:28.372 -0700] [INFO] [cadence.virtuoso.ade.simulationMonitor] - Peak memory used = 72.9 Mbytes. {"history": "ExplorerRun.0", "point": 1, "testname": "demo_1-bit_Full_Adder_ver1_tb_1", "cornername": "Nominal"}
[2024-10-16 06:21:28.378 -0700] [PROCESS] [cadence.virtuoso.ade.simulationMonitor] - Simulation started at: 6:21:26 AM, Wed Oct 16, 2024, ended at: 6:21:28 AM, Wed Oct 16, 2024, with elapsed time (wall clock): 1.59 s. {"history": "ExplorerRun.0", "point": 1, "testname": "demo_1-bit_Full_Adder_ver1_tb_1", "cornername": "Nominal"}
[2024-10-16 06:21:28.380 -0700] [PROCESS] [cadence.virtuoso.ade.simulationMonitor] - spectre completes with 0 errors, 1 warning, and 12 notices. {"history": "ExplorerRun.0", "point": 1, "testname": "demo_1-bit_Full_Adder_ver1_tb_1", "cornername": "Nominal"}
[2024-10-16 06:21:28.383 -0700] [PROCESS] [cadence.virtuoso.ade.simulationMonitor] - Finished simulating for one point {"hostname": "viterbi-scf2", "processid": 144264, "history": "ExplorerRun.0", "testname": "demo_1-bit_Full_Adder_ver1_tb_1", "cornername": "Nominal", "point": 1, "logfile": "/home/viterbi/01/tongjia/work_gpdk045/logs_tongjia/logs0/Job29.log", "simid": "3"}
[2024-10-16 06:21:28.386 -0700] [PROCESS] [cadence.virtuoso.ade.simulationMonitor] - Simulator exited {"hostname": "viterbi-scf2", "processid": 144264, "history": "ExplorerRun.0", "testname": "demo_1-bit_Full_Adder_ver1_tb_1", "cornername": "Nominal", "point": 1, "logfile": "/home/viterbi/01/tongjia/work_gpdk045/logs_tongjia/logs0/Job29.log", "exitStatus": "0"}
[2024-10-16 06:21:28.388 -0700] [PROCESS] [cadence.virtuoso.ade.simulationMonitor] - Finished Simulation {"hostname": "viterbi-scf2", "processid": 144264, "history": "ExplorerRun.0", "testname": "demo_1-bit_Full_Adder_ver1_tb_1", "cornername": "Nominal", "point": 1, "logfile": "/home/viterbi/01/tongjia/work_gpdk045/logs_tongjia/logs0/Job29.log", "simid": "3"}
[2024-10-16 06:21:32.433 -0700] [PROCESS] [cadence.virtuoso.ade.simulationMonitor] - Point Finished {"hostname": "viterbi-scf2", "processid": 144264, "history": "ExplorerRun.0", "testname": "demo_1-bit_Full_Adder_ver1_tb_1", "cornername": "Nominal", "point": 1, "logfile": "/home/viterbi/01/tongjia/work_gpdk045/logs_tongjia/logs0/Job29.log"}
[2024-10-16 06:21:33.470 -0700] [PROCESS] [cadence.virtuoso.ade.simulationMonitor] - Stay with the runId '2', Linger time '300', currentRunSyn '5', currentTestSyn '6' {"hostname": "viterbi-scf2", "processid": 144264, "history": "ExplorerRun.0", "testname": "demo_1-bit_Full_Adder_ver1_tb_1", "cornername": "Nominal", "point": 1, "logfile": "/home/viterbi/01/tongjia/work_gpdk045/logs_tongjia/logs0/Job29.log"}
[2024-10-16 06:24:00.121 -0700] [PROCESS] [cadence.virtuoso.ade.simulationMonitor] - get signal Terminated<15> from user:tongjia, which pid:144262:/usr/local/cadence/ICADVM201/tools/bin/64bit/cdsServIpc {"hostname": "viterbi-scf2", "processid": 144264, "history": "ExplorerRun.0", "testname": "demo_1-bit_Full_Adder_ver1_tb_1", "cornername": "Nominal", "point": 1, "logfile": "/home/viterbi/01/tongjia/work_gpdk045/logs_tongjia/logs0/Job29.log", "signal": "15", "signalName": "Terminated", "which": "/usr/local/cadence/ICADVM201/tools/bin/64bit/cdsServIpc", "pid": "144262", "user": "tongjia", "uid": "506509"}
[2024-10-16 06:24:00.124 -0700] [INFO] [cadence.virtuoso.ade.simulationMonitor] - SimulationMonitor has terminated the  process '155238', reason: 'simulationMonitor is handling signal 15' {"history": "ExplorerRun.0", "point": 1, "testname": "demo_1-bit_Full_Adder_ver1_tb_1", "cornername": "Nominal"}
[2024-10-16 06:24:00.630 -0700] [PROCESS] [cadence.virtuoso.ade.simulationMonitor] - Current memory used: 32.7734 MBytes, peak memory used: 32.7734 MBytes {"hostname": "viterbi-scf2", "processid": 144264, "history": "ExplorerRun.0", "testname": "demo_1-bit_Full_Adder_ver1_tb_1", "cornername": "Nominal", "point": 1, "logfile": "/home/viterbi/01/tongjia/work_gpdk045/logs_tongjia/logs0/Job29.log"}
[2024-10-16 06:24:00.632 -0700] [PROCESS] [cadence.virtuoso.ade.simulationMonitor] - Simulation Monitor process exit. {"hostname": "viterbi-scf2", "processid": 144264, "history": "ExplorerRun.0", "testname": "demo_1-bit_Full_Adder_ver1_tb_1", "cornername": "Nominal", "point": 1, "logfile": "/home/viterbi/01/tongjia/work_gpdk045/logs_tongjia/logs0/Job29.log"}
