[Simulation Monitor: 26]
[2024-10-16 06:03:44.156 -0700] [PROCESS] [cadence.virtuoso.ade.simulationMonitor] - Simulation Monitor has successfully started up. Trying to set up communication channels to other components ... {"hostname": "viterbi-scf2", "processid": 119795, "logfile": "/home/viterbi/01/tongjia/work_gpdk045/logs_tongjia/logs0/Job26.log"}
[2024-10-16 06:03:44.165 -0700] [PROCESS] [cadence.virtuoso.ade.simulationMonitor] - Communication channels have been successfully set up. Start processing events ... {"hostname": "viterbi-scf2", "processid": 119795, "logfile": "/home/viterbi/01/tongjia/work_gpdk045/logs_tongjia/logs0/Job26.log"}
[2024-10-16 06:03:44.167 -0700] [PROCESS] [cadence.virtuoso.ade.simulationMonitor] - Considering to start history {"hostname": "viterbi-scf2", "processid": 119795, "history": "ExplorerRun.0", "logfile": "/home/viterbi/01/tongjia/work_gpdk045/logs_tongjia/logs0/Job26.log"}
[2024-10-16 06:03:44.234 -0700] [PROCESS] [cadence.virtuoso.ade.simulationMonitor] - HostInfo:
Host name (type):	viterbi-scf2 (x86_64)
Operating system:	Linux 3.10.0-1160.119.1.el7.tuxcare.els3.x86_64 #1 SMP Fri Aug 23 19:18:06 UTC 2024 {"hostname": "viterbi-scf2", "processid": 119795, "history": "ExplorerRun.0", "logfile": "/home/viterbi/01/tongjia/work_gpdk045/logs_tongjia/logs0/Job26.log", "nodename": "viterbi-scf2", "domainname": "viterbi", "machine": "x86_64", "sysname": "Linux", "release": "3.10.0-1160.119.1.el7.tuxcare.els3.x86_64", "version": "#1 SMP Fri Aug 23 19:18:06 UTC 2024"}
[2024-10-16 06:03:44.237 -0700] [PROCESS] [cadence.virtuoso.ade.simulationMonitor] - UsageInfo:
pid=119795
totalPhysicalMemory=1007.132404GB,Used=219.911442GB,totalVirtualMemory=1007.132404GB,Used=219.911442GB
Cpu: Cores=112, Load average:3.080000,2.890000,2.870000 {"hostname": "viterbi-scf2", "processid": 119795, "history": "ExplorerRun.0", "logfile": "/home/viterbi/01/tongjia/work_gpdk045/logs_tongjia/logs0/Job26.log", "pid": "119795", "totalPhysicalMemory": "1007.132404", "physicalMemoryUsed": "219.911442", "totalVirtualMemory": "1007.132404", "virtualMemoryUsed": "219.911442", "cpuCores": "112", "processes": "4028", "loadAverage1": "3.080000", "loadAverage5": "2.890000", "loadAverage15": "2.870000", "loadAverage1Percent": "0.027500"}
[2024-10-16 06:03:44.242 -0700] [EVENT] [cadence.virtuoso.ade.simulationMonitor] - NewPoint {"history": "ExplorerRun.0", "point": 1, "testname": "demo_1-bit_Full_Adder_ver1_tb_1", "cornername": "Nominal", "event": "NewPoint", "EventSource": "Simulation Monitor", "HistoryName": "ExplorerRun.0", "logFile": "/home/viterbi/01/tongjia/work_gpdk045/logs_tongjia/logs0/Job26.log", "logFileSize": "2268"}
[2024-10-16 06:03:44.550 -0700] [EVENT] [cadence.virtuoso.ade.simulationMonitor] - NewPoint {"history": "ExplorerRun.0", "point": 1, "testname": "demo_1-bit_Full_Adder_ver1_tb_1", "cornername": "Nominal", "event": "NewPoint", "EventSource": "spectre", "HistoryName": "ExplorerRun.0", "logFile": "/home/viterbi/01/tongjia/simulation/demo/1-bit_Full_Adder_ver1_tb/maestro/results/maestro/ExplorerRun.0/1/demo_1-bit_Full_Adder_ver1_tb_1/psf/spectre.out", "logFileSize": "-1"}
[2024-10-16 06:03:44.584 -0700] [PROCESS] [cadence.virtuoso.ade.simulationMonitor] - Simulator launched {"hostname": "viterbi-scf2", "processid": 119795, "history": "ExplorerRun.0", "testname": "demo_1-bit_Full_Adder_ver1_tb_1", "cornername": "Nominal", "point": 1, "logfile": "/home/viterbi/01/tongjia/work_gpdk045/logs_tongjia/logs0/Job26.log", "simid": "1"}
[2024-10-16 06:03:44.591 -0700] [PROCESS] [cadence.virtuoso.ade.simulationMonitor] - Expression evaluator launched {"hostname": "viterbi-scf2", "processid": 119795, "history": "ExplorerRun.0", "testname": "demo_1-bit_Full_Adder_ver1_tb_1", "cornername": "Nominal", "point": 1, "logfile": "/home/viterbi/01/tongjia/work_gpdk045/logs_tongjia/logs0/Job26.log"}
[2024-10-16 06:03:45.059 -0700] [PROCESS] [cadence.virtuoso.ade.simulationMonitor] - Started Simulation {"hostname": "viterbi-scf2", "processid": 119795, "history": "ExplorerRun.0", "testname": "demo_1-bit_Full_Adder_ver1_tb_1", "cornername": "Nominal", "point": 1, "logfile": "/home/viterbi/01/tongjia/work_gpdk045/logs_tongjia/logs0/Job26.log", "event": "started", "task": "simulation"}
[2024-10-16 06:03:46.065 -0700] [INFO] [cadence.virtuoso.ade.simulationMonitor] - Peak resident memory used = 58.3 Mbytes. {"history": "ExplorerRun.0", "point": 1, "testname": "demo_1-bit_Full_Adder_ver1_tb_1", "cornername": "Nominal"}
[2024-10-16 06:03:46.568 -0700] [INFO] [cadence.virtuoso.ade.simulationMonitor] - Peak resident memory used = 69.3 Mbytes. {"history": "ExplorerRun.0", "point": 1, "testname": "demo_1-bit_Full_Adder_ver1_tb_1", "cornername": "Nominal"}
[2024-10-16 06:03:46.571 -0700] [INFO] [cadence.virtuoso.ade.simulationMonitor] - Peak resident memory used = 71.5 Mbytes. {"history": "ExplorerRun.0", "point": 1, "testname": "demo_1-bit_Full_Adder_ver1_tb_1", "cornername": "Nominal"}
[2024-10-16 06:03:46.574 -0700] [INFO] [cadence.virtuoso.ade.simulationMonitor] - Notice from spectre during initial setup.
    Multithreading is disabled due to the size of the design being too small. {"history": "ExplorerRun.0", "point": 1, "testname": "demo_1-bit_Full_Adder_ver1_tb_1", "cornername": "Nominal"}
[2024-10-16 06:03:46.586 -0700] [INFO] [cadence.virtuoso.ade.simulationMonitor] -               nodes 287 {"history": "ExplorerRun.0", "point": 1, "testname": "demo_1-bit_Full_Adder_ver1_tb_1", "cornername": "Nominal"}
[2024-10-16 06:03:46.590 -0700] [INFO] [cadence.virtuoso.ade.simulationMonitor] - Notice from spectre during initial setup.
    APS Enabled. {"history": "ExplorerRun.0", "point": 1, "testname": "demo_1-bit_Full_Adder_ver1_tb_1", "cornername": "Nominal"}
[2024-10-16 06:03:46.596 -0700] [INFO] [cadence.virtuoso.ade.simulationMonitor] - Peak resident memory used = 72.7 Mbytes. {"history": "ExplorerRun.0", "point": 1, "testname": "demo_1-bit_Full_Adder_ver1_tb_1", "cornername": "Nominal"}
[2024-10-16 06:03:46.600 -0700] [WARN] [cadence.virtuoso.ade.simulationMonitor] -     WARNING (SPECTRE-16707): Only tran supports psfxl format, result of other analyses will be in psfbin format. {"history": "ExplorerRun.0", "point": 1, "testname": "demo_1-bit_Full_Adder_ver1_tb_1", "cornername": "Nominal"}
[2024-10-16 06:03:46.603 -0700] [INFO] [cadence.virtuoso.ade.simulationMonitor] - Notice from spectre during IC analysis, during transient analysis `tran'.
    GminDC = 1 pS is large enough to noticeably affect the DC solution.
        dV(I3.I0|net1) = -12.0833 mV
        Use the `gmin_check' option to eliminate or expand this report.
    Bad pivoting is found during DC analysis. Option dc_pivot_check=yes is recommended for possible improvement of convergence. {"history": "ExplorerRun.0", "point": 1, "testname": "demo_1-bit_Full_Adder_ver1_tb_1", "cornername": "Nominal"}
[2024-10-16 06:03:46.606 -0700] [INFO] [cadence.virtuoso.ade.simulationMonitor] - Notice from spectre during transient analysis `tran'.
    Multithreading is disabled due to the size of the design being too small. {"history": "ExplorerRun.0", "point": 1, "testname": "demo_1-bit_Full_Adder_ver1_tb_1", "cornername": "Nominal"}
[2024-10-16 06:03:46.609 -0700] [INFO] [cadence.virtuoso.ade.simulationMonitor] - Notice from spectre at time = 3 ns during transient analysis `tran'.
    Found trapezoidal ringing on node _vvdd!:p. {"history": "ExplorerRun.0", "point": 1, "testname": "demo_1-bit_Full_Adder_ver1_tb_1", "cornername": "Nominal"}
[2024-10-16 06:03:46.613 -0700] [INFO] [cadence.virtuoso.ade.simulationMonitor] - Notice from spectre at time = 3.4421 ns during transient analysis `tran'.
    Found trapezoidal ringing on node _vvdd!:p. {"history": "ExplorerRun.0", "point": 1, "testname": "demo_1-bit_Full_Adder_ver1_tb_1", "cornername": "Nominal"}
[2024-10-16 06:03:46.616 -0700] [INFO] [cadence.virtuoso.ade.simulationMonitor] - Notice from spectre at time = 3.6421 ns during transient analysis `tran'.
    Found trapezoidal ringing on node _vvdd!:p. {"history": "ExplorerRun.0", "point": 1, "testname": "demo_1-bit_Full_Adder_ver1_tb_1", "cornername": "Nominal"}
[2024-10-16 06:03:46.619 -0700] [INFO] [cadence.virtuoso.ade.simulationMonitor] - Notice from spectre at time = 3.8421 ns during transient analysis `tran'.
    Found trapezoidal ringing on node _vvdd!:p. {"history": "ExplorerRun.0", "point": 1, "testname": "demo_1-bit_Full_Adder_ver1_tb_1", "cornername": "Nominal"}
[2024-10-16 06:03:46.622 -0700] [INFO] [cadence.virtuoso.ade.simulationMonitor] - Notice from spectre at time = 4.0421 ns during transient analysis `tran'.
    Found trapezoidal ringing on node _vvdd!:p.
        Further occurrences of this notice will be suppressed. {"history": "ExplorerRun.0", "point": 1, "testname": "demo_1-bit_Full_Adder_ver1_tb_1", "cornername": "Nominal"}
[2024-10-16 06:03:46.625 -0700] [INFO] [cadence.virtuoso.ade.simulationMonitor] - Notice from spectre during transient analysis `tran'.
    Trapezoidal ringing is detected during tran analysis.
        Please use method=trap for better results and performance. {"history": "ExplorerRun.0", "point": 1, "testname": "demo_1-bit_Full_Adder_ver1_tb_1", "cornername": "Nominal"}
[2024-10-16 06:03:47.132 -0700] [INFO] [cadence.virtuoso.ade.simulationMonitor] - Total time required for tran analysis `tran': CPU = 278.199 ms, elapsed = 305.442 ms. {"history": "ExplorerRun.0", "point": 1, "testname": "demo_1-bit_Full_Adder_ver1_tb_1", "cornername": "Nominal"}
[2024-10-16 06:03:47.136 -0700] [INFO] [cadence.virtuoso.ade.simulationMonitor] - Peak resident memory used = 79.1 Mbytes. {"history": "ExplorerRun.0", "point": 1, "testname": "demo_1-bit_Full_Adder_ver1_tb_1", "cornername": "Nominal"}
[2024-10-16 06:03:47.139 -0700] [INFO] [cadence.virtuoso.ade.simulationMonitor] - Notice from spectre.
    30 notices suppressed. {"history": "ExplorerRun.0", "point": 1, "testname": "demo_1-bit_Full_Adder_ver1_tb_1", "cornername": "Nominal"}
[2024-10-16 06:03:47.142 -0700] [INFO] [cadence.virtuoso.ade.simulationMonitor] - Time used: CPU = 1.57 s, elapsed = 1.92 s, util. = 82%. {"history": "ExplorerRun.0", "point": 1, "testname": "demo_1-bit_Full_Adder_ver1_tb_1", "cornername": "Nominal"}
[2024-10-16 06:03:47.145 -0700] [INFO] [cadence.virtuoso.ade.simulationMonitor] - Time spent in licensing: elapsed = 39.4 ms. {"history": "ExplorerRun.0", "point": 1, "testname": "demo_1-bit_Full_Adder_ver1_tb_1", "cornername": "Nominal"}
[2024-10-16 06:03:47.151 -0700] [INFO] [cadence.virtuoso.ade.simulationMonitor] - Peak memory used = 79.7 Mbytes. {"history": "ExplorerRun.0", "point": 1, "testname": "demo_1-bit_Full_Adder_ver1_tb_1", "cornername": "Nominal"}
[2024-10-16 06:03:47.157 -0700] [PROCESS] [cadence.virtuoso.ade.simulationMonitor] - Simulation started at: 6:03:44 AM, Wed Oct 16, 2024, ended at: 6:03:46 AM, Wed Oct 16, 2024, with elapsed time (wall clock): 1.92 s. {"history": "ExplorerRun.0", "point": 1, "testname": "demo_1-bit_Full_Adder_ver1_tb_1", "cornername": "Nominal"}
[2024-10-16 06:03:47.159 -0700] [PROCESS] [cadence.virtuoso.ade.simulationMonitor] - spectre completes with 0 errors, 1 warning, and 12 notices. {"history": "ExplorerRun.0", "point": 1, "testname": "demo_1-bit_Full_Adder_ver1_tb_1", "cornername": "Nominal"}
[2024-10-16 06:03:47.161 -0700] [PROCESS] [cadence.virtuoso.ade.simulationMonitor] - Finished simulating for one point {"hostname": "viterbi-scf2", "processid": 119795, "history": "ExplorerRun.0", "testname": "demo_1-bit_Full_Adder_ver1_tb_1", "cornername": "Nominal", "point": 1, "logfile": "/home/viterbi/01/tongjia/work_gpdk045/logs_tongjia/logs0/Job26.log", "simid": "1"}
[2024-10-16 06:03:47.164 -0700] [PROCESS] [cadence.virtuoso.ade.simulationMonitor] - Simulator exited {"hostname": "viterbi-scf2", "processid": 119795, "history": "ExplorerRun.0", "testname": "demo_1-bit_Full_Adder_ver1_tb_1", "cornername": "Nominal", "point": 1, "logfile": "/home/viterbi/01/tongjia/work_gpdk045/logs_tongjia/logs0/Job26.log", "exitStatus": "0"}
[2024-10-16 06:03:47.167 -0700] [PROCESS] [cadence.virtuoso.ade.simulationMonitor] - Finished Simulation {"hostname": "viterbi-scf2", "processid": 119795, "history": "ExplorerRun.0", "testname": "demo_1-bit_Full_Adder_ver1_tb_1", "cornername": "Nominal", "point": 1, "logfile": "/home/viterbi/01/tongjia/work_gpdk045/logs_tongjia/logs0/Job26.log", "simid": "1"}
[2024-10-16 06:03:55.715 -0700] [PROCESS] [cadence.virtuoso.ade.simulationMonitor] - Point Finished {"hostname": "viterbi-scf2", "processid": 119795, "history": "ExplorerRun.0", "testname": "demo_1-bit_Full_Adder_ver1_tb_1", "cornername": "Nominal", "point": 1, "logfile": "/home/viterbi/01/tongjia/work_gpdk045/logs_tongjia/logs0/Job26.log"}
[2024-10-16 06:03:56.750 -0700] [PROCESS] [cadence.virtuoso.ade.simulationMonitor] - Stay with the runId '3', Linger time '300', currentRunSyn '7', currentTestSyn '8' {"hostname": "viterbi-scf2", "processid": 119795, "history": "ExplorerRun.0", "testname": "demo_1-bit_Full_Adder_ver1_tb_1", "cornername": "Nominal", "point": 1, "logfile": "/home/viterbi/01/tongjia/work_gpdk045/logs_tongjia/logs0/Job26.log"}
[2024-10-16 06:08:57.980 -0700] [PROCESS] [cadence.virtuoso.ade.simulationMonitor] - Current memory used: 32.4180 MBytes, peak memory used: 32.4180 MBytes {"hostname": "viterbi-scf2", "processid": 119795, "history": "ExplorerRun.0", "testname": "demo_1-bit_Full_Adder_ver1_tb_1", "cornername": "Nominal", "point": 1, "logfile": "/home/viterbi/01/tongjia/work_gpdk045/logs_tongjia/logs0/Job26.log"}
[2024-10-16 06:08:57.984 -0700] [PROCESS] [cadence.virtuoso.ade.simulationMonitor] - Simulation Monitor process exit. {"hostname": "viterbi-scf2", "processid": 119795, "history": "ExplorerRun.0", "testname": "demo_1-bit_Full_Adder_ver1_tb_1", "cornername": "Nominal", "point": 1, "logfile": "/home/viterbi/01/tongjia/work_gpdk045/logs_tongjia/logs0/Job26.log"}
