[Simulation Monitor: 27]
[2024-11-02 06:26:11.746 -0700] [PROCESS] [cadence.virtuoso.ade.simulationMonitor] - Simulation Monitor has successfully started up. Trying to set up communication channels to other components ... {"hostname": "viterbi-scf2", "processid": 75845, "logfile": "/home/viterbi/01/tongjia/work_gpdk045/logs_tongjia/logs0/Job27.log"}
[2024-11-02 06:26:11.750 -0700] [PROCESS] [cadence.virtuoso.ade.simulationMonitor] - Communication channels have been successfully set up. Start processing events ... {"hostname": "viterbi-scf2", "processid": 75845, "logfile": "/home/viterbi/01/tongjia/work_gpdk045/logs_tongjia/logs0/Job27.log"}
[2024-11-02 06:26:11.750 -0700] [PROCESS] [cadence.virtuoso.ade.simulationMonitor] - Considering to start history {"hostname": "viterbi-scf2", "processid": 75845, "history": "ExplorerRun.0", "logfile": "/home/viterbi/01/tongjia/work_gpdk045/logs_tongjia/logs0/Job27.log"}
[2024-11-02 06:26:11.768 -0700] [PROCESS] [cadence.virtuoso.ade.simulationMonitor] - HostInfo:
Host name (type):	viterbi-scf2 (x86_64)
Operating system:	Linux 3.10.0-1160.119.1.el7.tuxcare.els7.x86_64 #1 SMP Fri Sep 20 11:32:55 UTC 2024 {"hostname": "viterbi-scf2", "processid": 75845, "history": "ExplorerRun.0", "logfile": "/home/viterbi/01/tongjia/work_gpdk045/logs_tongjia/logs0/Job27.log", "nodename": "viterbi-scf2", "domainname": "viterbi", "machine": "x86_64", "sysname": "Linux", "release": "3.10.0-1160.119.1.el7.tuxcare.els7.x86_64", "version": "#1 SMP Fri Sep 20 11:32:55 UTC 2024"}
[2024-11-02 06:26:11.770 -0700] [PROCESS] [cadence.virtuoso.ade.simulationMonitor] - UsageInfo:
pid=75845
totalPhysicalMemory=1007.132401GB,Used=168.685547GB,totalVirtualMemory=1007.132401GB,Used=168.685547GB
Cpu: Cores=112, Load average:32.350000,32.180000,31.880000 {"hostname": "viterbi-scf2", "processid": 75845, "history": "ExplorerRun.0", "logfile": "/home/viterbi/01/tongjia/work_gpdk045/logs_tongjia/logs0/Job27.log", "pid": "75845", "totalPhysicalMemory": "1007.132401", "physicalMemoryUsed": "168.685547", "totalVirtualMemory": "1007.132401", "virtualMemoryUsed": "168.685547", "cpuCores": "112", "processes": "4950", "loadAverage1": "32.350000", "loadAverage5": "32.180000", "loadAverage15": "31.880000", "loadAverage1Percent": "0.288839"}
[2024-11-02 06:26:11.772 -0700] [EVENT] [cadence.virtuoso.ade.simulationMonitor] - NewPoint {"history": "ExplorerRun.0", "point": 1, "testname": "demo_AND4_1x_1", "cornername": "Nominal", "event": "NewPoint", "EventSource": "Simulation Monitor", "HistoryName": "ExplorerRun.0", "logFile": "/home/viterbi/01/tongjia/work_gpdk045/logs_tongjia/logs0/Job27.log", "logFileSize": "2267"}
[2024-11-02 06:26:12.077 -0700] [EVENT] [cadence.virtuoso.ade.simulationMonitor] - NewPoint {"history": "ExplorerRun.0", "point": 1, "testname": "demo_AND4_1x_1", "cornername": "Nominal", "event": "NewPoint", "EventSource": "spectre", "HistoryName": "ExplorerRun.0", "logFile": "/home/viterbi/01/tongjia/simulation/demo/AND4_1x/maestro/results/maestro/ExplorerRun.0/1/demo_AND4_1x_1/psf/spectre.out", "logFileSize": "-1"}
[2024-11-02 06:26:12.105 -0700] [PROCESS] [cadence.virtuoso.ade.simulationMonitor] - Simulator launched {"hostname": "viterbi-scf2", "processid": 75845, "history": "ExplorerRun.0", "testname": "demo_AND4_1x_1", "cornername": "Nominal", "point": 1, "logfile": "/home/viterbi/01/tongjia/work_gpdk045/logs_tongjia/logs0/Job27.log", "simid": "1"}
[2024-11-02 06:26:12.109 -0700] [PROCESS] [cadence.virtuoso.ade.simulationMonitor] - Expression evaluator launched {"hostname": "viterbi-scf2", "processid": 75845, "history": "ExplorerRun.0", "testname": "demo_AND4_1x_1", "cornername": "Nominal", "point": 1, "logfile": "/home/viterbi/01/tongjia/work_gpdk045/logs_tongjia/logs0/Job27.log"}
[2024-11-02 06:26:12.753 -0700] [PROCESS] [cadence.virtuoso.ade.simulationMonitor] - Started Simulation {"hostname": "viterbi-scf2", "processid": 75845, "history": "ExplorerRun.0", "testname": "demo_AND4_1x_1", "cornername": "Nominal", "point": 1, "logfile": "/home/viterbi/01/tongjia/work_gpdk045/logs_tongjia/logs0/Job27.log", "event": "started", "task": "simulation"}
[2024-11-02 06:26:13.255 -0700] [INFO] [cadence.virtuoso.ade.simulationMonitor] - Peak resident memory used = 57.6 Mbytes. {"history": "ExplorerRun.0", "point": 1, "testname": "demo_AND4_1x_1", "cornername": "Nominal"}
[2024-11-02 06:26:13.757 -0700] [INFO] [cadence.virtuoso.ade.simulationMonitor] - Peak resident memory used = 66.7 Mbytes. {"history": "ExplorerRun.0", "point": 1, "testname": "demo_AND4_1x_1", "cornername": "Nominal"}
[2024-11-02 06:26:13.757 -0700] [INFO] [cadence.virtuoso.ade.simulationMonitor] - Peak resident memory used = 67.4 Mbytes. {"history": "ExplorerRun.0", "point": 1, "testname": "demo_AND4_1x_1", "cornername": "Nominal"}
[2024-11-02 06:26:13.758 -0700] [INFO] [cadence.virtuoso.ade.simulationMonitor] - Notice from spectre during initial setup.
    Multithreading is disabled due to the size of the design being too small. {"history": "ExplorerRun.0", "point": 1, "testname": "demo_AND4_1x_1", "cornername": "Nominal"}
[2024-11-02 06:26:13.765 -0700] [INFO] [cadence.virtuoso.ade.simulationMonitor] -               nodes 20 {"history": "ExplorerRun.0", "point": 1, "testname": "demo_AND4_1x_1", "cornername": "Nominal"}
[2024-11-02 06:26:13.765 -0700] [INFO] [cadence.virtuoso.ade.simulationMonitor] - Notice from spectre during initial setup.
    APS Enabled. {"history": "ExplorerRun.0", "point": 1, "testname": "demo_AND4_1x_1", "cornername": "Nominal"}
[2024-11-02 06:26:13.765 -0700] [INFO] [cadence.virtuoso.ade.simulationMonitor] - Peak resident memory used = 68.3 Mbytes. {"history": "ExplorerRun.0", "point": 1, "testname": "demo_AND4_1x_1", "cornername": "Nominal"}
[2024-11-02 06:26:13.766 -0700] [WARN] [cadence.virtuoso.ade.simulationMonitor] -     WARNING (SPECTRE-16707): Only tran supports psfxl format, result of other analyses will be in psfbin format. {"history": "ExplorerRun.0", "point": 1, "testname": "demo_AND4_1x_1", "cornername": "Nominal"}
[2024-11-02 06:26:13.767 -0700] [INFO] [cadence.virtuoso.ade.simulationMonitor] - Notice from spectre during IC analysis, during transient analysis `tran'.
    GminDC = 1 pS is large enough to noticeably affect the DC solution.
        dV(net3) = -17.7551 mV
        Use the `gmin_check' option to eliminate or expand this report. {"history": "ExplorerRun.0", "point": 1, "testname": "demo_AND4_1x_1", "cornername": "Nominal"}
[2024-11-02 06:26:13.767 -0700] [INFO] [cadence.virtuoso.ade.simulationMonitor] - Notice from spectre during transient analysis `tran'.
    Multithreading is disabled due to the size of the design being too small. {"history": "ExplorerRun.0", "point": 1, "testname": "demo_AND4_1x_1", "cornername": "Nominal"}
[2024-11-02 06:26:13.768 -0700] [INFO] [cadence.virtuoso.ade.simulationMonitor] - Notice from spectre at time = 1.32803 ns during transient analysis `tran'.
    Found trapezoidal ringing on node _vvdd!:p. {"history": "ExplorerRun.0", "point": 1, "testname": "demo_AND4_1x_1", "cornername": "Nominal"}
[2024-11-02 06:26:13.768 -0700] [INFO] [cadence.virtuoso.ade.simulationMonitor] - Notice from spectre at time = 1.52803 ns during transient analysis `tran'.
    Found trapezoidal ringing on node _vvdd!:p. {"history": "ExplorerRun.0", "point": 1, "testname": "demo_AND4_1x_1", "cornername": "Nominal"}
[2024-11-02 06:26:13.769 -0700] [INFO] [cadence.virtuoso.ade.simulationMonitor] - Notice from spectre at time = 1.72803 ns during transient analysis `tran'.
    Found trapezoidal ringing on node _vvdd!:p. {"history": "ExplorerRun.0", "point": 1, "testname": "demo_AND4_1x_1", "cornername": "Nominal"}
[2024-11-02 06:26:13.769 -0700] [INFO] [cadence.virtuoso.ade.simulationMonitor] - Notice from spectre at time = 1.86401 ns during transient analysis `tran'.
    Found trapezoidal ringing on node _vvdd!:p. {"history": "ExplorerRun.0", "point": 1, "testname": "demo_AND4_1x_1", "cornername": "Nominal"}
[2024-11-02 06:26:13.770 -0700] [INFO] [cadence.virtuoso.ade.simulationMonitor] - Notice from spectre at time = 2 ns during transient analysis `tran'.
    Found trapezoidal ringing on node _vvdd!:p.
        Further occurrences of this notice will be suppressed. {"history": "ExplorerRun.0", "point": 1, "testname": "demo_AND4_1x_1", "cornername": "Nominal"}
[2024-11-02 06:26:13.770 -0700] [INFO] [cadence.virtuoso.ade.simulationMonitor] - Notice from spectre during transient analysis `tran'.
    Trapezoidal ringing is detected during tran analysis.
        Please use method=trap for better results and performance. {"history": "ExplorerRun.0", "point": 1, "testname": "demo_AND4_1x_1", "cornername": "Nominal"}
[2024-11-02 06:26:13.771 -0700] [INFO] [cadence.virtuoso.ade.simulationMonitor] - Total time required for tran analysis `tran': CPU = 31.054 ms, elapsed = 43.0672 ms. {"history": "ExplorerRun.0", "point": 1, "testname": "demo_AND4_1x_1", "cornername": "Nominal"}
[2024-11-02 06:26:13.771 -0700] [INFO] [cadence.virtuoso.ade.simulationMonitor] - Peak resident memory used = 70.8 Mbytes. {"history": "ExplorerRun.0", "point": 1, "testname": "demo_AND4_1x_1", "cornername": "Nominal"}
[2024-11-02 06:26:13.772 -0700] [INFO] [cadence.virtuoso.ade.simulationMonitor] - Notice from spectre.
    38 notices suppressed. {"history": "ExplorerRun.0", "point": 1, "testname": "demo_AND4_1x_1", "cornername": "Nominal"}
[2024-11-02 06:26:13.772 -0700] [INFO] [cadence.virtuoso.ade.simulationMonitor] - Time used: CPU = 1.04 s, elapsed = 1.3 s, util. = 79.9%. {"history": "ExplorerRun.0", "point": 1, "testname": "demo_AND4_1x_1", "cornername": "Nominal"}
[2024-11-02 06:26:13.773 -0700] [INFO] [cadence.virtuoso.ade.simulationMonitor] - Time spent in licensing: elapsed = 27 ms. {"history": "ExplorerRun.0", "point": 1, "testname": "demo_AND4_1x_1", "cornername": "Nominal"}
[2024-11-02 06:26:13.775 -0700] [INFO] [cadence.virtuoso.ade.simulationMonitor] - Peak memory used = 72 Mbytes. {"history": "ExplorerRun.0", "point": 1, "testname": "demo_AND4_1x_1", "cornername": "Nominal"}
[2024-11-02 06:26:13.778 -0700] [PROCESS] [cadence.virtuoso.ade.simulationMonitor] - Simulation started at: 6:26:12 AM, Sat Nov 2, 2024, ended at: 6:26:13 AM, Sat Nov 2, 2024, with elapsed time (wall clock): 1.3 s. {"history": "ExplorerRun.0", "point": 1, "testname": "demo_AND4_1x_1", "cornername": "Nominal"}
[2024-11-02 06:26:13.779 -0700] [PROCESS] [cadence.virtuoso.ade.simulationMonitor] - spectre completes with 0 errors, 1 warning, and 11 notices. {"history": "ExplorerRun.0", "point": 1, "testname": "demo_AND4_1x_1", "cornername": "Nominal"}
[2024-11-02 06:26:13.779 -0700] [PROCESS] [cadence.virtuoso.ade.simulationMonitor] - Finished simulating for one point {"hostname": "viterbi-scf2", "processid": 75845, "history": "ExplorerRun.0", "testname": "demo_AND4_1x_1", "cornername": "Nominal", "point": 1, "logfile": "/home/viterbi/01/tongjia/work_gpdk045/logs_tongjia/logs0/Job27.log", "simid": "1"}
[2024-11-02 06:26:13.780 -0700] [PROCESS] [cadence.virtuoso.ade.simulationMonitor] - Simulator exited {"hostname": "viterbi-scf2", "processid": 75845, "history": "ExplorerRun.0", "testname": "demo_AND4_1x_1", "cornername": "Nominal", "point": 1, "logfile": "/home/viterbi/01/tongjia/work_gpdk045/logs_tongjia/logs0/Job27.log", "exitStatus": "0"}
[2024-11-02 06:26:13.780 -0700] [PROCESS] [cadence.virtuoso.ade.simulationMonitor] - Finished Simulation {"hostname": "viterbi-scf2", "processid": 75845, "history": "ExplorerRun.0", "testname": "demo_AND4_1x_1", "cornername": "Nominal", "point": 1, "logfile": "/home/viterbi/01/tongjia/work_gpdk045/logs_tongjia/logs0/Job27.log", "simid": "1"}
[2024-11-02 06:26:17.813 -0700] [PROCESS] [cadence.virtuoso.ade.simulationMonitor] - Point Finished {"hostname": "viterbi-scf2", "processid": 75845, "history": "ExplorerRun.0", "testname": "demo_AND4_1x_1", "cornername": "Nominal", "point": 1, "logfile": "/home/viterbi/01/tongjia/work_gpdk045/logs_tongjia/logs0/Job27.log"}
[2024-11-02 06:26:18.820 -0700] [PROCESS] [cadence.virtuoso.ade.simulationMonitor] - Stay with the runId '0', Linger time '300', currentRunSyn '1', currentTestSyn '2' {"hostname": "viterbi-scf2", "processid": 75845, "history": "ExplorerRun.0", "testname": "demo_AND4_1x_1", "cornername": "Nominal", "point": 1, "logfile": "/home/viterbi/01/tongjia/work_gpdk045/logs_tongjia/logs0/Job27.log"}
[2024-11-02 06:26:39.807 -0700] [PROCESS] [cadence.virtuoso.ade.simulationMonitor] - get signal Terminated<15> from user:tongjia, which pid:75843:/usr/local/cadence/ICADVM201/tools/bin/64bit/cdsServIpc {"hostname": "viterbi-scf2", "processid": 75845, "history": "ExplorerRun.0", "testname": "demo_AND4_1x_1", "cornername": "Nominal", "point": 1, "logfile": "/home/viterbi/01/tongjia/work_gpdk045/logs_tongjia/logs0/Job27.log", "signal": "15", "signalName": "Terminated", "which": "/usr/local/cadence/ICADVM201/tools/bin/64bit/cdsServIpc", "pid": "75843", "user": "tongjia", "uid": "506509"}
[2024-11-02 06:26:39.808 -0700] [INFO] [cadence.virtuoso.ade.simulationMonitor] - SimulationMonitor has terminated the  process '75871', reason: 'simulationMonitor is handling signal 15' {"history": "ExplorerRun.0", "point": 1, "testname": "demo_AND4_1x_1", "cornername": "Nominal"}
[2024-11-02 06:26:40.310 -0700] [PROCESS] [cadence.virtuoso.ade.simulationMonitor] - Current memory used: 32.7422 MBytes, peak memory used: 32.7422 MBytes {"hostname": "viterbi-scf2", "processid": 75845, "history": "ExplorerRun.0", "testname": "demo_AND4_1x_1", "cornername": "Nominal", "point": 1, "logfile": "/home/viterbi/01/tongjia/work_gpdk045/logs_tongjia/logs0/Job27.log"}
[2024-11-02 06:26:40.311 -0700] [PROCESS] [cadence.virtuoso.ade.simulationMonitor] - Simulation Monitor process exit. {"hostname": "viterbi-scf2", "processid": 75845, "history": "ExplorerRun.0", "testname": "demo_AND4_1x_1", "cornername": "Nominal", "point": 1, "logfile": "/home/viterbi/01/tongjia/work_gpdk045/logs_tongjia/logs0/Job27.log"}
