[Simulation Monitor: 21]
[2024-11-01 16:58:58.497 -0700] [PROCESS] [cadence.virtuoso.ade.simulationMonitor] - Simulation Monitor has successfully started up. Trying to set up communication channels to other components ... {"hostname": "viterbi-scf2", "processid": 112311, "logfile": "/home/viterbi/01/tongjia/work_gpdk045/logs_tongjia/logs0/Job21.log"}
[2024-11-01 16:58:58.507 -0700] [PROCESS] [cadence.virtuoso.ade.simulationMonitor] - Communication channels have been successfully set up. Start processing events ... {"hostname": "viterbi-scf2", "processid": 112311, "logfile": "/home/viterbi/01/tongjia/work_gpdk045/logs_tongjia/logs0/Job21.log"}
[2024-11-01 16:58:58.509 -0700] [PROCESS] [cadence.virtuoso.ade.simulationMonitor] - Considering to start history {"hostname": "viterbi-scf2", "processid": 112311, "history": "ExplorerRun.0", "logfile": "/home/viterbi/01/tongjia/work_gpdk045/logs_tongjia/logs0/Job21.log"}
[2024-11-01 16:58:58.562 -0700] [PROCESS] [cadence.virtuoso.ade.simulationMonitor] - HostInfo:
Host name (type):	viterbi-scf2 (x86_64)
Operating system:	Linux 3.10.0-1160.119.1.el7.tuxcare.els7.x86_64 #1 SMP Fri Sep 20 11:32:55 UTC 2024 {"hostname": "viterbi-scf2", "processid": 112311, "history": "ExplorerRun.0", "logfile": "/home/viterbi/01/tongjia/work_gpdk045/logs_tongjia/logs0/Job21.log", "nodename": "viterbi-scf2", "domainname": "viterbi", "machine": "x86_64", "sysname": "Linux", "release": "3.10.0-1160.119.1.el7.tuxcare.els7.x86_64", "version": "#1 SMP Fri Sep 20 11:32:55 UTC 2024"}
[2024-11-01 16:58:58.564 -0700] [PROCESS] [cadence.virtuoso.ade.simulationMonitor] - UsageInfo:
pid=112311
totalPhysicalMemory=1007.132401GB,Used=200.370697GB,totalVirtualMemory=1007.132401GB,Used=200.370697GB
Cpu: Cores=112, Load average:161.680000,122.580000,75.190000 {"hostname": "viterbi-scf2", "processid": 112311, "history": "ExplorerRun.0", "logfile": "/home/viterbi/01/tongjia/work_gpdk045/logs_tongjia/logs0/Job21.log", "pid": "112311", "totalPhysicalMemory": "1007.132401", "physicalMemoryUsed": "200.370697", "totalVirtualMemory": "1007.132401", "virtualMemoryUsed": "200.370697", "cpuCores": "112", "processes": "8664", "loadAverage1": "161.680000", "loadAverage5": "122.580000", "loadAverage15": "75.190000", "loadAverage1Percent": "1.443571"}
[2024-11-01 16:58:58.570 -0700] [EVENT] [cadence.virtuoso.ade.simulationMonitor] - NewPoint {"history": "ExplorerRun.0", "point": 1, "testname": "demo_4bit_CSA_tb_1", "cornername": "Nominal", "event": "NewPoint", "EventSource": "Simulation Monitor", "HistoryName": "ExplorerRun.0", "logFile": "/home/viterbi/01/tongjia/work_gpdk045/logs_tongjia/logs0/Job21.log", "logFileSize": "2278"}
[2024-11-01 16:58:59.492 -0700] [EVENT] [cadence.virtuoso.ade.simulationMonitor] - NewPoint {"history": "ExplorerRun.0", "point": 1, "testname": "demo_4bit_CSA_tb_1", "cornername": "Nominal", "event": "NewPoint", "EventSource": "spectre", "HistoryName": "ExplorerRun.0", "logFile": "/home/viterbi/01/tongjia/simulation/demo/4bit_CSA_tb/maestro/results/maestro/ExplorerRun.0/1/demo_4bit_CSA_tb_1/psf/spectre.out", "logFileSize": "-1"}
[2024-11-01 16:58:59.545 -0700] [PROCESS] [cadence.virtuoso.ade.simulationMonitor] - Simulator launched {"hostname": "viterbi-scf2", "processid": 112311, "history": "ExplorerRun.0", "testname": "demo_4bit_CSA_tb_1", "cornername": "Nominal", "point": 1, "logfile": "/home/viterbi/01/tongjia/work_gpdk045/logs_tongjia/logs0/Job21.log", "simid": "1"}
[2024-11-01 16:58:59.553 -0700] [PROCESS] [cadence.virtuoso.ade.simulationMonitor] - Expression evaluator launched {"hostname": "viterbi-scf2", "processid": 112311, "history": "ExplorerRun.0", "testname": "demo_4bit_CSA_tb_1", "cornername": "Nominal", "point": 1, "logfile": "/home/viterbi/01/tongjia/work_gpdk045/logs_tongjia/logs0/Job21.log"}
[2024-11-01 16:59:01.853 -0700] [PROCESS] [cadence.virtuoso.ade.simulationMonitor] - Started Simulation {"hostname": "viterbi-scf2", "processid": 112311, "history": "ExplorerRun.0", "testname": "demo_4bit_CSA_tb_1", "cornername": "Nominal", "point": 1, "logfile": "/home/viterbi/01/tongjia/work_gpdk045/logs_tongjia/logs0/Job21.log", "event": "started", "task": "simulation"}
[2024-11-01 16:59:02.357 -0700] [INFO] [cadence.virtuoso.ade.simulationMonitor] - Notice from spectre during Digital Vector read-in.
    Process Vector Files.
    File read: /home/viterbi/01/tongjia/work_gpdk045/vector_files/file_sample_4-bit.vec {"history": "ExplorerRun.0", "point": 1, "testname": "demo_4bit_CSA_tb_1", "cornername": "Nominal"}
[2024-11-01 16:59:02.359 -0700] [INFO] [cadence.virtuoso.ade.simulationMonitor] - Peak resident memory used = 58 Mbytes. {"history": "ExplorerRun.0", "point": 1, "testname": "demo_4bit_CSA_tb_1", "cornername": "Nominal"}
[2024-11-01 16:59:03.360 -0700] [INFO] [cadence.virtuoso.ade.simulationMonitor] - Peak resident memory used = 69.1 Mbytes. {"history": "ExplorerRun.0", "point": 1, "testname": "demo_4bit_CSA_tb_1", "cornername": "Nominal"}
[2024-11-01 16:59:03.362 -0700] [INFO] [cadence.virtuoso.ade.simulationMonitor] - Peak resident memory used = 70.6 Mbytes. {"history": "ExplorerRun.0", "point": 1, "testname": "demo_4bit_CSA_tb_1", "cornername": "Nominal"}
[2024-11-01 16:59:03.364 -0700] [INFO] [cadence.virtuoso.ade.simulationMonitor] - Notice from spectre during topology check.
    No DC path from node `I0.I5.mn4.n1' to ground, Gmin installed to provide path.
    No DC path from node `I1.PM0.n1' to ground, Gmin installed to provide path.
    No DC path from node `I2.PM0.n1' to ground, Gmin installed to provide path.
    No DC path from node `I3.PM0.n1' to ground, Gmin installed to provide path.
    No DC path from node `I5.PM0.n1' to ground, Gmin installed to provide path.
        Further occurrences of this notice will be suppressed. {"history": "ExplorerRun.0", "point": 1, "testname": "demo_4bit_CSA_tb_1", "cornername": "Nominal"}
[2024-11-01 16:59:03.365 -0700] [INFO] [cadence.virtuoso.ade.simulationMonitor] - Notice from spectre during initial setup.
    Multithreading is disabled due to the size of the design being too small. {"history": "ExplorerRun.0", "point": 1, "testname": "demo_4bit_CSA_tb_1", "cornername": "Nominal"}
[2024-11-01 16:59:03.374 -0700] [INFO] [cadence.virtuoso.ade.simulationMonitor] -               nodes 376 {"history": "ExplorerRun.0", "point": 1, "testname": "demo_4bit_CSA_tb_1", "cornername": "Nominal"}
[2024-11-01 16:59:03.376 -0700] [INFO] [cadence.virtuoso.ade.simulationMonitor] - Notice from spectre during initial setup.
    APS Enabled.
    5 notices suppressed. {"history": "ExplorerRun.0", "point": 1, "testname": "demo_4bit_CSA_tb_1", "cornername": "Nominal"}
[2024-11-01 16:59:03.380 -0700] [INFO] [cadence.virtuoso.ade.simulationMonitor] - Peak resident memory used = 71.9 Mbytes. {"history": "ExplorerRun.0", "point": 1, "testname": "demo_4bit_CSA_tb_1", "cornername": "Nominal"}
[2024-11-01 16:59:03.384 -0700] [WARN] [cadence.virtuoso.ade.simulationMonitor] -     WARNING (SPECTRE-16707): Only tran supports psfxl format, result of other analyses will be in psfbin format. {"history": "ExplorerRun.0", "point": 1, "testname": "demo_4bit_CSA_tb_1", "cornername": "Nominal"}
[2024-11-01 16:59:03.899 -0700] [INFO] [cadence.virtuoso.ade.simulationMonitor] - Notice from spectre during IC analysis, during transient analysis `tran'.
    GminDC = 1 pS is large enough to noticeably affect the DC solution.
        dV(I0.I0.I1.I4.net9) = 58.7691 mV
        Use the `gmin_check' option to eliminate or expand this report.
    Bad pivoting is found during DC analysis. Option dc_pivot_check=yes is recommended for possible improvement of convergence. {"history": "ExplorerRun.0", "point": 1, "testname": "demo_4bit_CSA_tb_1", "cornername": "Nominal"}
[2024-11-01 16:59:03.911 -0700] [INFO] [cadence.virtuoso.ade.simulationMonitor] - Notice from spectre during transient analysis `tran'.
    Multithreading is disabled due to the size of the design being too small. {"history": "ExplorerRun.0", "point": 1, "testname": "demo_4bit_CSA_tb_1", "cornername": "Nominal"}
[2024-11-01 16:59:05.936 -0700] [INFO] [cadence.virtuoso.ade.simulationMonitor] - Notice from spectre at time = 7.72723 ns during transient analysis `tran'.
    Found trapezoidal ringing on node _vvdd!:p. {"history": "ExplorerRun.0", "point": 1, "testname": "demo_4bit_CSA_tb_1", "cornername": "Nominal"}
[2024-11-01 16:59:05.938 -0700] [INFO] [cadence.virtuoso.ade.simulationMonitor] - Notice from spectre at time = 7.92723 ns during transient analysis `tran'.
    Found trapezoidal ringing on node _vvdd!:p. {"history": "ExplorerRun.0", "point": 1, "testname": "demo_4bit_CSA_tb_1", "cornername": "Nominal"}
[2024-11-01 16:59:05.939 -0700] [INFO] [cadence.virtuoso.ade.simulationMonitor] - Notice from spectre at time = 8.12723 ns during transient analysis `tran'.
    Found trapezoidal ringing on node _vvdd!:p. {"history": "ExplorerRun.0", "point": 1, "testname": "demo_4bit_CSA_tb_1", "cornername": "Nominal"}
[2024-11-01 16:59:05.939 -0700] [INFO] [cadence.virtuoso.ade.simulationMonitor] - Notice from spectre at time = 8.32723 ns during transient analysis `tran'.
    Found trapezoidal ringing on node _vvdd!:p. {"history": "ExplorerRun.0", "point": 1, "testname": "demo_4bit_CSA_tb_1", "cornername": "Nominal"}
[2024-11-01 16:59:05.940 -0700] [INFO] [cadence.virtuoso.ade.simulationMonitor] - Notice from spectre at time = 8.52723 ns during transient analysis `tran'.
    Found trapezoidal ringing on node _vvdd!:p.
        Further occurrences of this notice will be suppressed. {"history": "ExplorerRun.0", "point": 1, "testname": "demo_4bit_CSA_tb_1", "cornername": "Nominal"}
[2024-11-01 16:59:05.941 -0700] [INFO] [cadence.virtuoso.ade.simulationMonitor] - Notice from spectre during transient analysis `tran'.
    Trapezoidal ringing is detected during tran analysis.
        Please use method=trap for better results and performance. {"history": "ExplorerRun.0", "point": 1, "testname": "demo_4bit_CSA_tb_1", "cornername": "Nominal"}
[2024-11-01 16:59:05.942 -0700] [INFO] [cadence.virtuoso.ade.simulationMonitor] - Total time required for tran analysis `tran': CPU = 1.81269 s, elapsed = 2.86518 s. {"history": "ExplorerRun.0", "point": 1, "testname": "demo_4bit_CSA_tb_1", "cornername": "Nominal"}
[2024-11-01 16:59:05.942 -0700] [INFO] [cadence.virtuoso.ade.simulationMonitor] - Peak resident memory used = 83.5 Mbytes. {"history": "ExplorerRun.0", "point": 1, "testname": "demo_4bit_CSA_tb_1", "cornername": "Nominal"}
[2024-11-01 16:59:05.943 -0700] [INFO] [cadence.virtuoso.ade.simulationMonitor] - Notice from spectre.
    8 notices suppressed. {"history": "ExplorerRun.0", "point": 1, "testname": "demo_4bit_CSA_tb_1", "cornername": "Nominal"}
[2024-11-01 16:59:06.446 -0700] [INFO] [cadence.virtuoso.ade.simulationMonitor] - Time used: CPU = 3.49 s, elapsed = 6.28 s, util. = 55.7%. {"history": "ExplorerRun.0", "point": 1, "testname": "demo_4bit_CSA_tb_1", "cornername": "Nominal"}
[2024-11-01 16:59:06.448 -0700] [INFO] [cadence.virtuoso.ade.simulationMonitor] - Time spent in licensing: elapsed = 32 ms. {"history": "ExplorerRun.0", "point": 1, "testname": "demo_4bit_CSA_tb_1", "cornername": "Nominal"}
[2024-11-01 16:59:06.453 -0700] [INFO] [cadence.virtuoso.ade.simulationMonitor] - Peak memory used = 84.1 Mbytes. {"history": "ExplorerRun.0", "point": 1, "testname": "demo_4bit_CSA_tb_1", "cornername": "Nominal"}
[2024-11-01 16:59:06.461 -0700] [PROCESS] [cadence.virtuoso.ade.simulationMonitor] - Simulation started at: 4:58:59 PM, Fri Nov 1, 2024, ended at: 4:59:06 PM, Fri Nov 1, 2024, with elapsed time (wall clock): 6.28 s. {"history": "ExplorerRun.0", "point": 1, "testname": "demo_4bit_CSA_tb_1", "cornername": "Nominal"}
[2024-11-01 16:59:06.463 -0700] [PROCESS] [cadence.virtuoso.ade.simulationMonitor] - spectre completes with 0 errors, 1 warning, and 20 notices. {"history": "ExplorerRun.0", "point": 1, "testname": "demo_4bit_CSA_tb_1", "cornername": "Nominal"}
[2024-11-01 16:59:06.465 -0700] [PROCESS] [cadence.virtuoso.ade.simulationMonitor] - Finished simulating for one point {"hostname": "viterbi-scf2", "processid": 112311, "history": "ExplorerRun.0", "testname": "demo_4bit_CSA_tb_1", "cornername": "Nominal", "point": 1, "logfile": "/home/viterbi/01/tongjia/work_gpdk045/logs_tongjia/logs0/Job21.log", "simid": "1"}
[2024-11-01 16:59:06.466 -0700] [PROCESS] [cadence.virtuoso.ade.simulationMonitor] - Simulator exited {"hostname": "viterbi-scf2", "processid": 112311, "history": "ExplorerRun.0", "testname": "demo_4bit_CSA_tb_1", "cornername": "Nominal", "point": 1, "logfile": "/home/viterbi/01/tongjia/work_gpdk045/logs_tongjia/logs0/Job21.log", "exitStatus": "0"}
[2024-11-01 16:59:06.468 -0700] [PROCESS] [cadence.virtuoso.ade.simulationMonitor] - Finished Simulation {"hostname": "viterbi-scf2", "processid": 112311, "history": "ExplorerRun.0", "testname": "demo_4bit_CSA_tb_1", "cornername": "Nominal", "point": 1, "logfile": "/home/viterbi/01/tongjia/work_gpdk045/logs_tongjia/logs0/Job21.log", "simid": "1"}
[2024-11-01 16:59:12.558 -0700] [PROCESS] [cadence.virtuoso.ade.simulationMonitor] - Point Finished {"hostname": "viterbi-scf2", "processid": 112311, "history": "ExplorerRun.0", "testname": "demo_4bit_CSA_tb_1", "cornername": "Nominal", "point": 1, "logfile": "/home/viterbi/01/tongjia/work_gpdk045/logs_tongjia/logs0/Job21.log"}
[2024-11-01 16:59:13.572 -0700] [PROCESS] [cadence.virtuoso.ade.simulationMonitor] - Stay with the runId '0', Linger time '300', currentRunSyn '1', currentTestSyn '2' {"hostname": "viterbi-scf2", "processid": 112311, "history": "ExplorerRun.0", "testname": "demo_4bit_CSA_tb_1", "cornername": "Nominal", "point": 1, "logfile": "/home/viterbi/01/tongjia/work_gpdk045/logs_tongjia/logs0/Job21.log"}
[2024-11-01 16:59:14.575 -0700] [PROCESS] [cadence.virtuoso.ade.simulationMonitor] - Stay with the runId '0', Linger time '300', currentRunSyn '1', currentTestSyn '2' {"hostname": "viterbi-scf2", "processid": 112311, "history": "ExplorerRun.0", "testname": "demo_4bit_CSA_tb_1", "cornername": "Nominal", "point": 1, "logfile": "/home/viterbi/01/tongjia/work_gpdk045/logs_tongjia/logs0/Job21.log"}
[2024-11-01 16:59:15.597 -0700] [PROCESS] [cadence.virtuoso.ade.simulationMonitor] - Stay with the runId '0', Linger time '300', currentRunSyn '1', currentTestSyn '2' {"hostname": "viterbi-scf2", "processid": 112311, "history": "ExplorerRun.0", "testname": "demo_4bit_CSA_tb_1", "cornername": "Nominal", "point": 1, "logfile": "/home/viterbi/01/tongjia/work_gpdk045/logs_tongjia/logs0/Job21.log"}
[2024-11-01 16:59:16.590 -0700] [PROCESS] [cadence.virtuoso.ade.simulationMonitor] - Stay with the runId '0', Linger time '300', currentRunSyn '1', currentTestSyn '2' {"hostname": "viterbi-scf2", "processid": 112311, "history": "ExplorerRun.0", "testname": "demo_4bit_CSA_tb_1", "cornername": "Nominal", "point": 1, "logfile": "/home/viterbi/01/tongjia/work_gpdk045/logs_tongjia/logs0/Job21.log"}
[2024-11-01 17:04:13.710 -0700] [PROCESS] [cadence.virtuoso.ade.simulationMonitor] - Current memory used: 32.4336 MBytes, peak memory used: 32.4336 MBytes {"hostname": "viterbi-scf2", "processid": 112311, "history": "ExplorerRun.0", "testname": "demo_4bit_CSA_tb_1", "cornername": "Nominal", "point": 1, "logfile": "/home/viterbi/01/tongjia/work_gpdk045/logs_tongjia/logs0/Job21.log"}
[2024-11-01 17:04:13.711 -0700] [PROCESS] [cadence.virtuoso.ade.simulationMonitor] - Simulation Monitor process exit. {"hostname": "viterbi-scf2", "processid": 112311, "history": "ExplorerRun.0", "testname": "demo_4bit_CSA_tb_1", "cornername": "Nominal", "point": 1, "logfile": "/home/viterbi/01/tongjia/work_gpdk045/logs_tongjia/logs0/Job21.log"}
