[Simulation Monitor: 28]
[2024-10-15 21:25:17.346 -0700] [PROCESS] [cadence.virtuoso.ade.simulationMonitor] - Simulation Monitor has successfully started up. Trying to set up communication channels to other components ... {"hostname": "viterbi-scf2", "processid": 230665, "logfile": "/home/viterbi/01/tongjia/work_gpdk045/logs_tongjia/logs0/Job28.log"}
[2024-10-15 21:25:17.355 -0700] [PROCESS] [cadence.virtuoso.ade.simulationMonitor] - Communication channels have been successfully set up. Start processing events ... {"hostname": "viterbi-scf2", "processid": 230665, "logfile": "/home/viterbi/01/tongjia/work_gpdk045/logs_tongjia/logs0/Job28.log"}
[2024-10-15 21:25:17.356 -0700] [PROCESS] [cadence.virtuoso.ade.simulationMonitor] - Considering to start history {"hostname": "viterbi-scf2", "processid": 230665, "history": "ExplorerRun.0", "logfile": "/home/viterbi/01/tongjia/work_gpdk045/logs_tongjia/logs0/Job28.log"}
[2024-10-15 21:25:17.399 -0700] [PROCESS] [cadence.virtuoso.ade.simulationMonitor] - HostInfo:
Host name (type):	viterbi-scf2 (x86_64)
Operating system:	Linux 3.10.0-1160.119.1.el7.tuxcare.els3.x86_64 #1 SMP Fri Aug 23 19:18:06 UTC 2024 {"hostname": "viterbi-scf2", "processid": 230665, "history": "ExplorerRun.0", "logfile": "/home/viterbi/01/tongjia/work_gpdk045/logs_tongjia/logs0/Job28.log", "nodename": "viterbi-scf2", "domainname": "viterbi", "machine": "x86_64", "sysname": "Linux", "release": "3.10.0-1160.119.1.el7.tuxcare.els3.x86_64", "version": "#1 SMP Fri Aug 23 19:18:06 UTC 2024"}
[2024-10-15 21:25:17.402 -0700] [PROCESS] [cadence.virtuoso.ade.simulationMonitor] - UsageInfo:
pid=230665
totalPhysicalMemory=1007.132404GB,Used=247.664051GB,totalVirtualMemory=1007.132404GB,Used=247.664051GB
Cpu: Cores=112, Load average:4.900000,4.500000,4.240000 {"hostname": "viterbi-scf2", "processid": 230665, "history": "ExplorerRun.0", "logfile": "/home/viterbi/01/tongjia/work_gpdk045/logs_tongjia/logs0/Job28.log", "pid": "230665", "totalPhysicalMemory": "1007.132404", "physicalMemoryUsed": "247.664051", "totalVirtualMemory": "1007.132404", "virtualMemoryUsed": "247.664051", "cpuCores": "112", "processes": "8668", "loadAverage1": "4.900000", "loadAverage5": "4.500000", "loadAverage15": "4.240000", "loadAverage1Percent": "0.043750"}
[2024-10-15 21:25:17.408 -0700] [EVENT] [cadence.virtuoso.ade.simulationMonitor] - NewPoint {"history": "ExplorerRun.0", "point": 1, "testname": "EE477L_XOR2_1X_1", "cornername": "Nominal", "event": "NewPoint", "EventSource": "Simulation Monitor", "HistoryName": "ExplorerRun.0", "logFile": "/home/viterbi/01/tongjia/work_gpdk045/logs_tongjia/logs0/Job28.log", "logFileSize": "2268"}
[2024-10-15 21:25:18.015 -0700] [EVENT] [cadence.virtuoso.ade.simulationMonitor] - NewPoint {"history": "ExplorerRun.0", "point": 1, "testname": "EE477L_XOR2_1X_1", "cornername": "Nominal", "event": "NewPoint", "EventSource": "spectre", "HistoryName": "ExplorerRun.0", "logFile": "/home/viterbi/01/tongjia/simulation/EE477L/XOR2_1X/maestro/results/maestro/ExplorerRun.0/1/EE477L_XOR2_1X_1/psf/spectre.out", "logFileSize": "-1"}
[2024-10-15 21:25:18.056 -0700] [PROCESS] [cadence.virtuoso.ade.simulationMonitor] - Simulator launched {"hostname": "viterbi-scf2", "processid": 230665, "history": "ExplorerRun.0", "testname": "EE477L_XOR2_1X_1", "cornername": "Nominal", "point": 1, "logfile": "/home/viterbi/01/tongjia/work_gpdk045/logs_tongjia/logs0/Job28.log", "simid": "1"}
[2024-10-15 21:25:18.065 -0700] [PROCESS] [cadence.virtuoso.ade.simulationMonitor] - Expression evaluator launched {"hostname": "viterbi-scf2", "processid": 230665, "history": "ExplorerRun.0", "testname": "EE477L_XOR2_1X_1", "cornername": "Nominal", "point": 1, "logfile": "/home/viterbi/01/tongjia/work_gpdk045/logs_tongjia/logs0/Job28.log"}
[2024-10-15 21:25:19.243 -0700] [PROCESS] [cadence.virtuoso.ade.simulationMonitor] - Started Simulation {"hostname": "viterbi-scf2", "processid": 230665, "history": "ExplorerRun.0", "testname": "EE477L_XOR2_1X_1", "cornername": "Nominal", "point": 1, "logfile": "/home/viterbi/01/tongjia/work_gpdk045/logs_tongjia/logs0/Job28.log", "event": "started", "task": "simulation"}
[2024-10-15 21:25:19.246 -0700] [INFO] [cadence.virtuoso.ade.simulationMonitor] - Peak resident memory used = 57.6 Mbytes. {"history": "ExplorerRun.0", "point": 1, "testname": "EE477L_XOR2_1X_1", "cornername": "Nominal"}
[2024-10-15 21:25:19.748 -0700] [INFO] [cadence.virtuoso.ade.simulationMonitor] - Peak resident memory used = 66.7 Mbytes. {"history": "ExplorerRun.0", "point": 1, "testname": "EE477L_XOR2_1X_1", "cornername": "Nominal"}
[2024-10-15 21:25:19.755 -0700] [INFO] [cadence.virtuoso.ade.simulationMonitor] - Peak resident memory used = 67.4 Mbytes. {"history": "ExplorerRun.0", "point": 1, "testname": "EE477L_XOR2_1X_1", "cornername": "Nominal"}
[2024-10-15 21:25:19.762 -0700] [INFO] [cadence.virtuoso.ade.simulationMonitor] - Notice from spectre during initial setup.
    Multithreading is disabled due to the size of the design being too small. {"history": "ExplorerRun.0", "point": 1, "testname": "EE477L_XOR2_1X_1", "cornername": "Nominal"}
[2024-10-15 21:25:19.772 -0700] [INFO] [cadence.virtuoso.ade.simulationMonitor] -               nodes 21 {"history": "ExplorerRun.0", "point": 1, "testname": "EE477L_XOR2_1X_1", "cornername": "Nominal"}
[2024-10-15 21:25:19.773 -0700] [INFO] [cadence.virtuoso.ade.simulationMonitor] - Notice from spectre during initial setup.
    APS Enabled. {"history": "ExplorerRun.0", "point": 1, "testname": "EE477L_XOR2_1X_1", "cornername": "Nominal"}
[2024-10-15 21:25:19.775 -0700] [INFO] [cadence.virtuoso.ade.simulationMonitor] - Peak resident memory used = 68.3 Mbytes. {"history": "ExplorerRun.0", "point": 1, "testname": "EE477L_XOR2_1X_1", "cornername": "Nominal"}
[2024-10-15 21:25:19.777 -0700] [WARN] [cadence.virtuoso.ade.simulationMonitor] -     WARNING (SPECTRE-16707): Only tran supports psfxl format, result of other analyses will be in psfbin format. {"history": "ExplorerRun.0", "point": 1, "testname": "EE477L_XOR2_1X_1", "cornername": "Nominal"}
[2024-10-15 21:25:19.779 -0700] [INFO] [cadence.virtuoso.ade.simulationMonitor] - Notice from spectre during IC analysis, during transient analysis `tran'.
    GminDC = 1 pS is large enough to noticeably affect the DC solution.
        dV(net4) = 9.92259 mV
        Use the `gmin_check' option to eliminate or expand this report. {"history": "ExplorerRun.0", "point": 1, "testname": "EE477L_XOR2_1X_1", "cornername": "Nominal"}
[2024-10-15 21:25:19.782 -0700] [INFO] [cadence.virtuoso.ade.simulationMonitor] - Notice from spectre during transient analysis `tran'.
    Multithreading is disabled due to the size of the design being too small. {"history": "ExplorerRun.0", "point": 1, "testname": "EE477L_XOR2_1X_1", "cornername": "Nominal"}
[2024-10-15 21:25:19.786 -0700] [INFO] [cadence.virtuoso.ade.simulationMonitor] - Notice from spectre at time = 3.39625 ns during transient analysis `tran'.
    Found trapezoidal ringing on node _vvdd!:p. {"history": "ExplorerRun.0", "point": 1, "testname": "EE477L_XOR2_1X_1", "cornername": "Nominal"}
[2024-10-15 21:25:19.788 -0700] [INFO] [cadence.virtuoso.ade.simulationMonitor] - Notice from spectre at time = 3.59625 ns during transient analysis `tran'.
    Found trapezoidal ringing on node _vvdd!:p. {"history": "ExplorerRun.0", "point": 1, "testname": "EE477L_XOR2_1X_1", "cornername": "Nominal"}
[2024-10-15 21:25:19.790 -0700] [INFO] [cadence.virtuoso.ade.simulationMonitor] - Notice from spectre at time = 3.79625 ns during transient analysis `tran'.
    Found trapezoidal ringing on node _vvdd!:p. {"history": "ExplorerRun.0", "point": 1, "testname": "EE477L_XOR2_1X_1", "cornername": "Nominal"}
[2024-10-15 21:25:19.792 -0700] [INFO] [cadence.virtuoso.ade.simulationMonitor] - Notice from spectre at time = 3.99625 ns during transient analysis `tran'.
    Found trapezoidal ringing on node _vvdd!:p. {"history": "ExplorerRun.0", "point": 1, "testname": "EE477L_XOR2_1X_1", "cornername": "Nominal"}
[2024-10-15 21:25:19.794 -0700] [INFO] [cadence.virtuoso.ade.simulationMonitor] - Notice from spectre at time = 4.19625 ns during transient analysis `tran'.
    Found trapezoidal ringing on node _vvdd!:p.
        Further occurrences of this notice will be suppressed. {"history": "ExplorerRun.0", "point": 1, "testname": "EE477L_XOR2_1X_1", "cornername": "Nominal"}
[2024-10-15 21:25:19.796 -0700] [INFO] [cadence.virtuoso.ade.simulationMonitor] - Notice from spectre during transient analysis `tran'.
    Trapezoidal ringing is detected during tran analysis.
        Please use method=trap for better results and performance. {"history": "ExplorerRun.0", "point": 1, "testname": "EE477L_XOR2_1X_1", "cornername": "Nominal"}
[2024-10-15 21:25:19.798 -0700] [INFO] [cadence.virtuoso.ade.simulationMonitor] - Total time required for tran analysis `tran': CPU = 28.345 ms, elapsed = 56.1249 ms. {"history": "ExplorerRun.0", "point": 1, "testname": "EE477L_XOR2_1X_1", "cornername": "Nominal"}
[2024-10-15 21:25:19.800 -0700] [INFO] [cadence.virtuoso.ade.simulationMonitor] - Peak resident memory used = 70.8 Mbytes. {"history": "ExplorerRun.0", "point": 1, "testname": "EE477L_XOR2_1X_1", "cornername": "Nominal"}
[2024-10-15 21:25:19.802 -0700] [INFO] [cadence.virtuoso.ade.simulationMonitor] - Notice from spectre.
    30 notices suppressed. {"history": "ExplorerRun.0", "point": 1, "testname": "EE477L_XOR2_1X_1", "cornername": "Nominal"}
[2024-10-15 21:25:20.307 -0700] [INFO] [cadence.virtuoso.ade.simulationMonitor] - Time used: CPU = 1.17 s, elapsed = 1.45 s, util. = 81.2%. {"history": "ExplorerRun.0", "point": 1, "testname": "EE477L_XOR2_1X_1", "cornername": "Nominal"}
[2024-10-15 21:25:20.311 -0700] [INFO] [cadence.virtuoso.ade.simulationMonitor] - Time spent in licensing: elapsed = 23 ms. {"history": "ExplorerRun.0", "point": 1, "testname": "EE477L_XOR2_1X_1", "cornername": "Nominal"}
[2024-10-15 21:25:20.317 -0700] [INFO] [cadence.virtuoso.ade.simulationMonitor] - Peak memory used = 72.1 Mbytes. {"history": "ExplorerRun.0", "point": 1, "testname": "EE477L_XOR2_1X_1", "cornername": "Nominal"}
[2024-10-15 21:25:20.325 -0700] [PROCESS] [cadence.virtuoso.ade.simulationMonitor] - Simulation started at: 9:25:18 PM, Tue Oct 15, 2024, ended at: 9:25:19 PM, Tue Oct 15, 2024, with elapsed time (wall clock): 1.45 s. {"history": "ExplorerRun.0", "point": 1, "testname": "EE477L_XOR2_1X_1", "cornername": "Nominal"}
[2024-10-15 21:25:20.327 -0700] [PROCESS] [cadence.virtuoso.ade.simulationMonitor] - spectre completes with 0 errors, 1 warning, and 11 notices. {"history": "ExplorerRun.0", "point": 1, "testname": "EE477L_XOR2_1X_1", "cornername": "Nominal"}
[2024-10-15 21:25:20.330 -0700] [PROCESS] [cadence.virtuoso.ade.simulationMonitor] - Finished simulating for one point {"hostname": "viterbi-scf2", "processid": 230665, "history": "ExplorerRun.0", "testname": "EE477L_XOR2_1X_1", "cornername": "Nominal", "point": 1, "logfile": "/home/viterbi/01/tongjia/work_gpdk045/logs_tongjia/logs0/Job28.log", "simid": "1"}
[2024-10-15 21:25:20.333 -0700] [PROCESS] [cadence.virtuoso.ade.simulationMonitor] - Simulator exited {"hostname": "viterbi-scf2", "processid": 230665, "history": "ExplorerRun.0", "testname": "EE477L_XOR2_1X_1", "cornername": "Nominal", "point": 1, "logfile": "/home/viterbi/01/tongjia/work_gpdk045/logs_tongjia/logs0/Job28.log", "exitStatus": "0"}
[2024-10-15 21:25:20.336 -0700] [PROCESS] [cadence.virtuoso.ade.simulationMonitor] - Finished Simulation {"hostname": "viterbi-scf2", "processid": 230665, "history": "ExplorerRun.0", "testname": "EE477L_XOR2_1X_1", "cornername": "Nominal", "point": 1, "logfile": "/home/viterbi/01/tongjia/work_gpdk045/logs_tongjia/logs0/Job28.log", "simid": "1"}
[2024-10-15 21:25:23.875 -0700] [PROCESS] [cadence.virtuoso.ade.simulationMonitor] - Point Finished {"hostname": "viterbi-scf2", "processid": 230665, "history": "ExplorerRun.0", "testname": "EE477L_XOR2_1X_1", "cornername": "Nominal", "point": 1, "logfile": "/home/viterbi/01/tongjia/work_gpdk045/logs_tongjia/logs0/Job28.log"}
[2024-10-15 21:29:04.755 -0700] [PROCESS] [cadence.virtuoso.ade.simulationMonitor] - get signal Terminated<15> from user:tongjia, which pid:230662:/usr/local/cadence/ICADVM201/tools/bin/64bit/cdsServIpc {"hostname": "viterbi-scf2", "processid": 230665, "history": "ExplorerRun.0", "testname": "EE477L_XOR2_1X_1", "cornername": "Nominal", "point": 1, "logfile": "/home/viterbi/01/tongjia/work_gpdk045/logs_tongjia/logs0/Job28.log", "signal": "15", "signalName": "Terminated", "which": "/usr/local/cadence/ICADVM201/tools/bin/64bit/cdsServIpc", "pid": "230662", "user": "tongjia", "uid": "506509"}
[2024-10-15 21:29:04.757 -0700] [INFO] [cadence.virtuoso.ade.simulationMonitor] - SimulationMonitor has terminated the  process '230809', reason: 'simulationMonitor is handling signal 15' {"history": "ExplorerRun.0", "point": 1, "testname": "EE477L_XOR2_1X_1", "cornername": "Nominal"}
