[Simulation Monitor: 34]
[2024-11-02 06:56:58.195 -0700] [PROCESS] [cadence.virtuoso.ade.simulationMonitor] - Simulation Monitor has successfully started up. Trying to set up communication channels to other components ... {"hostname": "viterbi-scf2", "processid": 104125, "logfile": "/home/viterbi/01/tongjia/work_gpdk045/logs_tongjia/logs0/Job34.log"}
[2024-11-02 06:56:58.197 -0700] [PROCESS] [cadence.virtuoso.ade.simulationMonitor] - Communication channels have been successfully set up. Start processing events ... {"hostname": "viterbi-scf2", "processid": 104125, "logfile": "/home/viterbi/01/tongjia/work_gpdk045/logs_tongjia/logs0/Job34.log"}
[2024-11-02 06:56:58.198 -0700] [PROCESS] [cadence.virtuoso.ade.simulationMonitor] - Considering to start history {"hostname": "viterbi-scf2", "processid": 104125, "history": "ExplorerRun.0", "logfile": "/home/viterbi/01/tongjia/work_gpdk045/logs_tongjia/logs0/Job34.log"}
[2024-11-02 06:56:58.207 -0700] [PROCESS] [cadence.virtuoso.ade.simulationMonitor] - HostInfo:
Host name (type):	viterbi-scf2 (x86_64)
Operating system:	Linux 3.10.0-1160.119.1.el7.tuxcare.els7.x86_64 #1 SMP Fri Sep 20 11:32:55 UTC 2024 {"hostname": "viterbi-scf2", "processid": 104125, "history": "ExplorerRun.0", "logfile": "/home/viterbi/01/tongjia/work_gpdk045/logs_tongjia/logs0/Job34.log", "nodename": "viterbi-scf2", "domainname": "viterbi", "machine": "x86_64", "sysname": "Linux", "release": "3.10.0-1160.119.1.el7.tuxcare.els7.x86_64", "version": "#1 SMP Fri Sep 20 11:32:55 UTC 2024"}
[2024-11-02 06:56:58.208 -0700] [PROCESS] [cadence.virtuoso.ade.simulationMonitor] - UsageInfo:
pid=104125
totalPhysicalMemory=1007.132401GB,Used=170.036819GB,totalVirtualMemory=1007.132401GB,Used=170.036819GB
Cpu: Cores=112, Load average:31.700000,31.800000,31.820000 {"hostname": "viterbi-scf2", "processid": 104125, "history": "ExplorerRun.0", "logfile": "/home/viterbi/01/tongjia/work_gpdk045/logs_tongjia/logs0/Job34.log", "pid": "104125", "totalPhysicalMemory": "1007.132401", "physicalMemoryUsed": "170.036819", "totalVirtualMemory": "1007.132401", "virtualMemoryUsed": "170.036819", "cpuCores": "112", "processes": "5170", "loadAverage1": "31.700000", "loadAverage5": "31.800000", "loadAverage15": "31.820000", "loadAverage1Percent": "0.283036"}
[2024-11-02 06:56:58.212 -0700] [EVENT] [cadence.virtuoso.ade.simulationMonitor] - NewPoint {"history": "ExplorerRun.0", "point": 1, "testname": "demo_4bit_CSA_tb_1", "cornername": "Nominal", "event": "NewPoint", "EventSource": "Simulation Monitor", "HistoryName": "ExplorerRun.0", "logFile": "/home/viterbi/01/tongjia/work_gpdk045/logs_tongjia/logs0/Job34.log", "logFileSize": "2274"}
[2024-11-02 06:56:58.415 -0700] [EVENT] [cadence.virtuoso.ade.simulationMonitor] - NewPoint {"history": "ExplorerRun.0", "point": 1, "testname": "demo_4bit_CSA_tb_1", "cornername": "Nominal", "event": "NewPoint", "EventSource": "spectre", "HistoryName": "ExplorerRun.0", "logFile": "/home/viterbi/01/tongjia/simulation/demo/4bit_CSA_tb/maestro/results/maestro/ExplorerRun.0/1/demo_4bit_CSA_tb_1/psf/spectre.out", "logFileSize": "-1"}
[2024-11-02 06:56:58.446 -0700] [PROCESS] [cadence.virtuoso.ade.simulationMonitor] - Simulator launched {"hostname": "viterbi-scf2", "processid": 104125, "history": "ExplorerRun.0", "testname": "demo_4bit_CSA_tb_1", "cornername": "Nominal", "point": 1, "logfile": "/home/viterbi/01/tongjia/work_gpdk045/logs_tongjia/logs0/Job34.log", "simid": "1"}
[2024-11-02 06:56:58.450 -0700] [PROCESS] [cadence.virtuoso.ade.simulationMonitor] - Expression evaluator launched {"hostname": "viterbi-scf2", "processid": 104125, "history": "ExplorerRun.0", "testname": "demo_4bit_CSA_tb_1", "cornername": "Nominal", "point": 1, "logfile": "/home/viterbi/01/tongjia/work_gpdk045/logs_tongjia/logs0/Job34.log"}
[2024-11-02 06:56:59.026 -0700] [PROCESS] [cadence.virtuoso.ade.simulationMonitor] - Started Simulation {"hostname": "viterbi-scf2", "processid": 104125, "history": "ExplorerRun.0", "testname": "demo_4bit_CSA_tb_1", "cornername": "Nominal", "point": 1, "logfile": "/home/viterbi/01/tongjia/work_gpdk045/logs_tongjia/logs0/Job34.log", "event": "started", "task": "simulation"}
[2024-11-02 06:56:59.527 -0700] [INFO] [cadence.virtuoso.ade.simulationMonitor] - Notice from spectre during Digital Vector read-in.
    Process Vector Files.
    File read: /home/viterbi/01/tongjia/work_gpdk045/vector_files/file_sample_4-bit.vec {"history": "ExplorerRun.0", "point": 1, "testname": "demo_4bit_CSA_tb_1", "cornername": "Nominal"}
[2024-11-02 06:56:59.528 -0700] [INFO] [cadence.virtuoso.ade.simulationMonitor] - Peak resident memory used = 58 Mbytes. {"history": "ExplorerRun.0", "point": 1, "testname": "demo_4bit_CSA_tb_1", "cornername": "Nominal"}
[2024-11-02 06:57:00.029 -0700] [INFO] [cadence.virtuoso.ade.simulationMonitor] - Peak resident memory used = 69.1 Mbytes. {"history": "ExplorerRun.0", "point": 1, "testname": "demo_4bit_CSA_tb_1", "cornername": "Nominal"}
[2024-11-02 06:57:00.029 -0700] [INFO] [cadence.virtuoso.ade.simulationMonitor] - Peak resident memory used = 70.6 Mbytes. {"history": "ExplorerRun.0", "point": 1, "testname": "demo_4bit_CSA_tb_1", "cornername": "Nominal"}
[2024-11-02 06:57:00.030 -0700] [INFO] [cadence.virtuoso.ade.simulationMonitor] - Notice from spectre during initial setup.
    Multithreading is disabled due to the size of the design being too small. {"history": "ExplorerRun.0", "point": 1, "testname": "demo_4bit_CSA_tb_1", "cornername": "Nominal"}
[2024-11-02 06:57:00.037 -0700] [INFO] [cadence.virtuoso.ade.simulationMonitor] -               nodes 386 {"history": "ExplorerRun.0", "point": 1, "testname": "demo_4bit_CSA_tb_1", "cornername": "Nominal"}
[2024-11-02 06:57:00.037 -0700] [INFO] [cadence.virtuoso.ade.simulationMonitor] - Notice from spectre during initial setup.
    APS Enabled. {"history": "ExplorerRun.0", "point": 1, "testname": "demo_4bit_CSA_tb_1", "cornername": "Nominal"}
[2024-11-02 06:57:00.038 -0700] [INFO] [cadence.virtuoso.ade.simulationMonitor] - Peak resident memory used = 71.9 Mbytes. {"history": "ExplorerRun.0", "point": 1, "testname": "demo_4bit_CSA_tb_1", "cornername": "Nominal"}
[2024-11-02 06:57:00.038 -0700] [WARN] [cadence.virtuoso.ade.simulationMonitor] -     WARNING (SPECTRE-16707): Only tran supports psfxl format, result of other analyses will be in psfbin format. {"history": "ExplorerRun.0", "point": 1, "testname": "demo_4bit_CSA_tb_1", "cornername": "Nominal"}
[2024-11-02 06:57:00.539 -0700] [INFO] [cadence.virtuoso.ade.simulationMonitor] - Notice from spectre during IC analysis, during transient analysis `tran'.
    GminDC = 1 pS is large enough to noticeably affect the DC solution.
        dV(I0.I0.I1.I4.net9) = 58.7691 mV
        Use the `gmin_check' option to eliminate or expand this report.
    Bad pivoting is found during DC analysis. Option dc_pivot_check=yes is recommended for possible improvement of convergence. {"history": "ExplorerRun.0", "point": 1, "testname": "demo_4bit_CSA_tb_1", "cornername": "Nominal"}
[2024-11-02 06:57:00.540 -0700] [INFO] [cadence.virtuoso.ade.simulationMonitor] - Notice from spectre during transient analysis `tran'.
    Multithreading is disabled due to the size of the design being too small. {"history": "ExplorerRun.0", "point": 1, "testname": "demo_4bit_CSA_tb_1", "cornername": "Nominal"}
[2024-11-02 06:57:01.042 -0700] [INFO] [cadence.virtuoso.ade.simulationMonitor] - Notice from spectre at time = 7.87838 ns during transient analysis `tran'.
    Found trapezoidal ringing on node _vvdd!:p. {"history": "ExplorerRun.0", "point": 1, "testname": "demo_4bit_CSA_tb_1", "cornername": "Nominal"}
[2024-11-02 06:57:01.043 -0700] [INFO] [cadence.virtuoso.ade.simulationMonitor] - Notice from spectre at time = 8.07838 ns during transient analysis `tran'.
    Found trapezoidal ringing on node _vvdd!:p. {"history": "ExplorerRun.0", "point": 1, "testname": "demo_4bit_CSA_tb_1", "cornername": "Nominal"}
[2024-11-02 06:57:01.043 -0700] [INFO] [cadence.virtuoso.ade.simulationMonitor] - Notice from spectre at time = 8.27838 ns during transient analysis `tran'.
    Found trapezoidal ringing on node _vvdd!:p. {"history": "ExplorerRun.0", "point": 1, "testname": "demo_4bit_CSA_tb_1", "cornername": "Nominal"}
[2024-11-02 06:57:01.044 -0700] [INFO] [cadence.virtuoso.ade.simulationMonitor] - Notice from spectre at time = 8.47838 ns during transient analysis `tran'.
    Found trapezoidal ringing on node _vvdd!:p. {"history": "ExplorerRun.0", "point": 1, "testname": "demo_4bit_CSA_tb_1", "cornername": "Nominal"}
[2024-11-02 06:57:01.045 -0700] [INFO] [cadence.virtuoso.ade.simulationMonitor] - Notice from spectre at time = 8.67838 ns during transient analysis `tran'.
    Found trapezoidal ringing on node _vvdd!:p.
        Further occurrences of this notice will be suppressed. {"history": "ExplorerRun.0", "point": 1, "testname": "demo_4bit_CSA_tb_1", "cornername": "Nominal"}
[2024-11-02 06:57:01.045 -0700] [INFO] [cadence.virtuoso.ade.simulationMonitor] - Notice from spectre during transient analysis `tran'.
    Trapezoidal ringing is detected during tran analysis.
        Please use method=trap for better results and performance. {"history": "ExplorerRun.0", "point": 1, "testname": "demo_4bit_CSA_tb_1", "cornername": "Nominal"}
[2024-11-02 06:57:01.046 -0700] [INFO] [cadence.virtuoso.ade.simulationMonitor] - Total time required for tran analysis `tran': CPU = 818.842 ms, elapsed = 848.272 ms. {"history": "ExplorerRun.0", "point": 1, "testname": "demo_4bit_CSA_tb_1", "cornername": "Nominal"}
[2024-11-02 06:57:01.046 -0700] [INFO] [cadence.virtuoso.ade.simulationMonitor] - Peak resident memory used = 83.8 Mbytes. {"history": "ExplorerRun.0", "point": 1, "testname": "demo_4bit_CSA_tb_1", "cornername": "Nominal"}
[2024-11-02 06:57:01.047 -0700] [INFO] [cadence.virtuoso.ade.simulationMonitor] - Notice from spectre.
    7 notices suppressed. {"history": "ExplorerRun.0", "point": 1, "testname": "demo_4bit_CSA_tb_1", "cornername": "Nominal"}
[2024-11-02 06:57:01.047 -0700] [INFO] [cadence.virtuoso.ade.simulationMonitor] - Time used: CPU = 1.94 s, elapsed = 2.24 s, util. = 86.7%. {"history": "ExplorerRun.0", "point": 1, "testname": "demo_4bit_CSA_tb_1", "cornername": "Nominal"}
[2024-11-02 06:57:01.048 -0700] [INFO] [cadence.virtuoso.ade.simulationMonitor] - Time spent in licensing: elapsed = 26.4 ms. {"history": "ExplorerRun.0", "point": 1, "testname": "demo_4bit_CSA_tb_1", "cornername": "Nominal"}
[2024-11-02 06:57:01.050 -0700] [INFO] [cadence.virtuoso.ade.simulationMonitor] - Peak memory used = 84.4 Mbytes. {"history": "ExplorerRun.0", "point": 1, "testname": "demo_4bit_CSA_tb_1", "cornername": "Nominal"}
[2024-11-02 06:57:01.053 -0700] [PROCESS] [cadence.virtuoso.ade.simulationMonitor] - Simulation started at: 6:56:58 AM, Sat Nov 2, 2024, ended at: 6:57:00 AM, Sat Nov 2, 2024, with elapsed time (wall clock): 2.24 s. {"history": "ExplorerRun.0", "point": 1, "testname": "demo_4bit_CSA_tb_1", "cornername": "Nominal"}
[2024-11-02 06:57:01.054 -0700] [PROCESS] [cadence.virtuoso.ade.simulationMonitor] - spectre completes with 0 errors, 1 warning, and 14 notices. {"history": "ExplorerRun.0", "point": 1, "testname": "demo_4bit_CSA_tb_1", "cornername": "Nominal"}
[2024-11-02 06:57:01.054 -0700] [PROCESS] [cadence.virtuoso.ade.simulationMonitor] - Finished simulating for one point {"hostname": "viterbi-scf2", "processid": 104125, "history": "ExplorerRun.0", "testname": "demo_4bit_CSA_tb_1", "cornername": "Nominal", "point": 1, "logfile": "/home/viterbi/01/tongjia/work_gpdk045/logs_tongjia/logs0/Job34.log", "simid": "1"}
[2024-11-02 06:57:01.055 -0700] [PROCESS] [cadence.virtuoso.ade.simulationMonitor] - Simulator exited {"hostname": "viterbi-scf2", "processid": 104125, "history": "ExplorerRun.0", "testname": "demo_4bit_CSA_tb_1", "cornername": "Nominal", "point": 1, "logfile": "/home/viterbi/01/tongjia/work_gpdk045/logs_tongjia/logs0/Job34.log", "exitStatus": "0"}
[2024-11-02 06:57:01.055 -0700] [PROCESS] [cadence.virtuoso.ade.simulationMonitor] - Finished Simulation {"hostname": "viterbi-scf2", "processid": 104125, "history": "ExplorerRun.0", "testname": "demo_4bit_CSA_tb_1", "cornername": "Nominal", "point": 1, "logfile": "/home/viterbi/01/tongjia/work_gpdk045/logs_tongjia/logs0/Job34.log", "simid": "1"}
[2024-11-02 06:57:04.083 -0700] [PROCESS] [cadence.virtuoso.ade.simulationMonitor] - Point Finished {"hostname": "viterbi-scf2", "processid": 104125, "history": "ExplorerRun.0", "testname": "demo_4bit_CSA_tb_1", "cornername": "Nominal", "point": 1, "logfile": "/home/viterbi/01/tongjia/work_gpdk045/logs_tongjia/logs0/Job34.log"}
[2024-11-02 06:57:05.089 -0700] [PROCESS] [cadence.virtuoso.ade.simulationMonitor] - Stay with the runId '0', Linger time '300', currentRunSyn '1', currentTestSyn '2' {"hostname": "viterbi-scf2", "processid": 104125, "history": "ExplorerRun.0", "testname": "demo_4bit_CSA_tb_1", "cornername": "Nominal", "point": 1, "logfile": "/home/viterbi/01/tongjia/work_gpdk045/logs_tongjia/logs0/Job34.log"}
[2024-11-02 06:57:06.093 -0700] [PROCESS] [cadence.virtuoso.ade.simulationMonitor] - Stay with the runId '0', Linger time '300', currentRunSyn '1', currentTestSyn '2' {"hostname": "viterbi-scf2", "processid": 104125, "history": "ExplorerRun.0", "testname": "demo_4bit_CSA_tb_1", "cornername": "Nominal", "point": 1, "logfile": "/home/viterbi/01/tongjia/work_gpdk045/logs_tongjia/logs0/Job34.log"}
[2024-11-02 06:58:15.553 -0700] [PROCESS] [cadence.virtuoso.ade.simulationMonitor] - get signal Terminated<15> from user:tongjia, which pid:104123:/usr/local/cadence/ICADVM201/tools/bin/64bit/cdsServIpc {"hostname": "viterbi-scf2", "processid": 104125, "history": "ExplorerRun.0", "testname": "demo_4bit_CSA_tb_1", "cornername": "Nominal", "point": 1, "logfile": "/home/viterbi/01/tongjia/work_gpdk045/logs_tongjia/logs0/Job34.log", "signal": "15", "signalName": "Terminated", "which": "/usr/local/cadence/ICADVM201/tools/bin/64bit/cdsServIpc", "pid": "104123", "user": "tongjia", "uid": "506509"}
[2024-11-02 06:58:15.554 -0700] [INFO] [cadence.virtuoso.ade.simulationMonitor] - SimulationMonitor has terminated the  process '104155', reason: 'simulationMonitor is handling signal 15' {"history": "ExplorerRun.0", "point": 1, "testname": "demo_4bit_CSA_tb_1", "cornername": "Nominal"}
[2024-11-02 06:58:16.056 -0700] [PROCESS] [cadence.virtuoso.ade.simulationMonitor] - Current memory used: 32.7266 MBytes, peak memory used: 32.7266 MBytes {"hostname": "viterbi-scf2", "processid": 104125, "history": "ExplorerRun.0", "testname": "demo_4bit_CSA_tb_1", "cornername": "Nominal", "point": 1, "logfile": "/home/viterbi/01/tongjia/work_gpdk045/logs_tongjia/logs0/Job34.log"}
[2024-11-02 06:58:16.057 -0700] [PROCESS] [cadence.virtuoso.ade.simulationMonitor] - Simulation Monitor process exit. {"hostname": "viterbi-scf2", "processid": 104125, "history": "ExplorerRun.0", "testname": "demo_4bit_CSA_tb_1", "cornername": "Nominal", "point": 1, "logfile": "/home/viterbi/01/tongjia/work_gpdk045/logs_tongjia/logs0/Job34.log"}
