[Simulation Monitor: 38]
[2024-10-16 07:31:57.571 -0700] [PROCESS] [cadence.virtuoso.ade.simulationMonitor] - Simulation Monitor has successfully started up. Trying to set up communication channels to other components ... {"hostname": "viterbi-scf2", "processid": 285686, "logfile": "/home/viterbi/01/tongjia/work_gpdk045/logs_tongjia/logs0/Job38.log"}
[2024-10-16 07:31:57.578 -0700] [PROCESS] [cadence.virtuoso.ade.simulationMonitor] - Communication channels have been successfully set up. Start processing events ... {"hostname": "viterbi-scf2", "processid": 285686, "logfile": "/home/viterbi/01/tongjia/work_gpdk045/logs_tongjia/logs0/Job38.log"}
[2024-10-16 07:31:57.580 -0700] [PROCESS] [cadence.virtuoso.ade.simulationMonitor] - Considering to start history {"hostname": "viterbi-scf2", "processid": 285686, "history": "ExplorerRun.0", "logfile": "/home/viterbi/01/tongjia/work_gpdk045/logs_tongjia/logs0/Job38.log"}
[2024-10-16 07:31:57.613 -0700] [PROCESS] [cadence.virtuoso.ade.simulationMonitor] - HostInfo:
Host name (type):	viterbi-scf2 (x86_64)
Operating system:	Linux 3.10.0-1160.119.1.el7.tuxcare.els3.x86_64 #1 SMP Fri Aug 23 19:18:06 UTC 2024 {"hostname": "viterbi-scf2", "processid": 285686, "history": "ExplorerRun.0", "logfile": "/home/viterbi/01/tongjia/work_gpdk045/logs_tongjia/logs0/Job38.log", "nodename": "viterbi-scf2", "domainname": "viterbi", "machine": "x86_64", "sysname": "Linux", "release": "3.10.0-1160.119.1.el7.tuxcare.els3.x86_64", "version": "#1 SMP Fri Aug 23 19:18:06 UTC 2024"}
[2024-10-16 07:31:57.615 -0700] [PROCESS] [cadence.virtuoso.ade.simulationMonitor] - UsageInfo:
pid=285686
totalPhysicalMemory=1007.132404GB,Used=219.837132GB,totalVirtualMemory=1007.132404GB,Used=219.837132GB
Cpu: Cores=112, Load average:2.480000,2.420000,2.500000 {"hostname": "viterbi-scf2", "processid": 285686, "history": "ExplorerRun.0", "logfile": "/home/viterbi/01/tongjia/work_gpdk045/logs_tongjia/logs0/Job38.log", "pid": "285686", "totalPhysicalMemory": "1007.132404", "physicalMemoryUsed": "219.837132", "totalVirtualMemory": "1007.132404", "virtualMemoryUsed": "219.837132", "cpuCores": "112", "processes": "3988", "loadAverage1": "2.480000", "loadAverage5": "2.420000", "loadAverage15": "2.500000", "loadAverage1Percent": "0.022143"}
[2024-10-16 07:31:57.622 -0700] [EVENT] [cadence.virtuoso.ade.simulationMonitor] - NewPoint {"history": "ExplorerRun.0", "point": 1, "testname": "demo_1-bit_Full_Adder_ver2_tb_1", "cornername": "Nominal", "event": "NewPoint", "EventSource": "Simulation Monitor", "HistoryName": "ExplorerRun.0", "logFile": "/home/viterbi/01/tongjia/work_gpdk045/logs_tongjia/logs0/Job38.log", "logFileSize": "2268"}
[2024-10-16 07:31:57.930 -0700] [EVENT] [cadence.virtuoso.ade.simulationMonitor] - NewPoint {"history": "ExplorerRun.0", "point": 1, "testname": "demo_1-bit_Full_Adder_ver2_tb_1", "cornername": "Nominal", "event": "NewPoint", "EventSource": "spectre", "HistoryName": "ExplorerRun.0", "logFile": "/home/viterbi/01/tongjia/simulation/demo/1-bit_Full_Adder_ver2_tb/maestro/results/maestro/ExplorerRun.0/1/demo_1-bit_Full_Adder_ver2_tb_1/psf/spectre.out", "logFileSize": "-1"}
[2024-10-16 07:31:57.966 -0700] [PROCESS] [cadence.virtuoso.ade.simulationMonitor] - Simulator launched {"hostname": "viterbi-scf2", "processid": 285686, "history": "ExplorerRun.0", "testname": "demo_1-bit_Full_Adder_ver2_tb_1", "cornername": "Nominal", "point": 1, "logfile": "/home/viterbi/01/tongjia/work_gpdk045/logs_tongjia/logs0/Job38.log", "simid": "1"}
[2024-10-16 07:31:57.974 -0700] [PROCESS] [cadence.virtuoso.ade.simulationMonitor] - Expression evaluator launched {"hostname": "viterbi-scf2", "processid": 285686, "history": "ExplorerRun.0", "testname": "demo_1-bit_Full_Adder_ver2_tb_1", "cornername": "Nominal", "point": 1, "logfile": "/home/viterbi/01/tongjia/work_gpdk045/logs_tongjia/logs0/Job38.log"}
[2024-10-16 07:31:58.487 -0700] [PROCESS] [cadence.virtuoso.ade.simulationMonitor] - Started Simulation {"hostname": "viterbi-scf2", "processid": 285686, "history": "ExplorerRun.0", "testname": "demo_1-bit_Full_Adder_ver2_tb_1", "cornername": "Nominal", "point": 1, "logfile": "/home/viterbi/01/tongjia/work_gpdk045/logs_tongjia/logs0/Job38.log", "event": "started", "task": "simulation"}
[2024-10-16 07:31:58.992 -0700] [INFO] [cadence.virtuoso.ade.simulationMonitor] - Peak resident memory used = 57.7 Mbytes. {"history": "ExplorerRun.0", "point": 1, "testname": "demo_1-bit_Full_Adder_ver2_tb_1", "cornername": "Nominal"}
[2024-10-16 07:31:59.495 -0700] [INFO] [cadence.virtuoso.ade.simulationMonitor] - Peak resident memory used = 67.2 Mbytes. {"history": "ExplorerRun.0", "point": 1, "testname": "demo_1-bit_Full_Adder_ver2_tb_1", "cornername": "Nominal"}
[2024-10-16 07:31:59.497 -0700] [INFO] [cadence.virtuoso.ade.simulationMonitor] - Peak resident memory used = 68 Mbytes. {"history": "ExplorerRun.0", "point": 1, "testname": "demo_1-bit_Full_Adder_ver2_tb_1", "cornername": "Nominal"}
[2024-10-16 07:31:59.501 -0700] [INFO] [cadence.virtuoso.ade.simulationMonitor] - Notice from spectre during initial setup.
    Multithreading is disabled due to the size of the design being too small. {"history": "ExplorerRun.0", "point": 1, "testname": "demo_1-bit_Full_Adder_ver2_tb_1", "cornername": "Nominal"}
[2024-10-16 07:31:59.511 -0700] [INFO] [cadence.virtuoso.ade.simulationMonitor] -               nodes 88 {"history": "ExplorerRun.0", "point": 1, "testname": "demo_1-bit_Full_Adder_ver2_tb_1", "cornername": "Nominal"}
[2024-10-16 07:31:59.513 -0700] [INFO] [cadence.virtuoso.ade.simulationMonitor] - Notice from spectre during initial setup.
    APS Enabled. {"history": "ExplorerRun.0", "point": 1, "testname": "demo_1-bit_Full_Adder_ver2_tb_1", "cornername": "Nominal"}
[2024-10-16 07:31:59.516 -0700] [INFO] [cadence.virtuoso.ade.simulationMonitor] - Peak resident memory used = 69 Mbytes. {"history": "ExplorerRun.0", "point": 1, "testname": "demo_1-bit_Full_Adder_ver2_tb_1", "cornername": "Nominal"}
[2024-10-16 07:31:59.520 -0700] [WARN] [cadence.virtuoso.ade.simulationMonitor] -     WARNING (SPECTRE-16707): Only tran supports psfxl format, result of other analyses will be in psfbin format. {"history": "ExplorerRun.0", "point": 1, "testname": "demo_1-bit_Full_Adder_ver2_tb_1", "cornername": "Nominal"}
[2024-10-16 07:31:59.523 -0700] [INFO] [cadence.virtuoso.ade.simulationMonitor] - Notice from spectre during IC analysis, during transient analysis `tran'.
    GminDC = 1 pS is large enough to noticeably affect the DC solution.
        dV(I3.I3.net9) = 58.7687 mV
        Use the `gmin_check' option to eliminate or expand this report.
    Bad pivoting is found during DC analysis. Option dc_pivot_check=yes is recommended for possible improvement of convergence. {"history": "ExplorerRun.0", "point": 1, "testname": "demo_1-bit_Full_Adder_ver2_tb_1", "cornername": "Nominal"}
[2024-10-16 07:31:59.527 -0700] [INFO] [cadence.virtuoso.ade.simulationMonitor] - Notice from spectre during transient analysis `tran'.
    Multithreading is disabled due to the size of the design being too small. {"history": "ExplorerRun.0", "point": 1, "testname": "demo_1-bit_Full_Adder_ver2_tb_1", "cornername": "Nominal"}
[2024-10-16 07:31:59.530 -0700] [INFO] [cadence.virtuoso.ade.simulationMonitor] - Notice from spectre at time = 2.77732 ns during transient analysis `tran'.
    Found trapezoidal ringing on node _vvdd!:p. {"history": "ExplorerRun.0", "point": 1, "testname": "demo_1-bit_Full_Adder_ver2_tb_1", "cornername": "Nominal"}
[2024-10-16 07:31:59.533 -0700] [INFO] [cadence.virtuoso.ade.simulationMonitor] - Notice from spectre at time = 2.88866 ns during transient analysis `tran'.
    Found trapezoidal ringing on node _vvdd!:p. {"history": "ExplorerRun.0", "point": 1, "testname": "demo_1-bit_Full_Adder_ver2_tb_1", "cornername": "Nominal"}
[2024-10-16 07:31:59.537 -0700] [INFO] [cadence.virtuoso.ade.simulationMonitor] - Notice from spectre at time = 3 ns during transient analysis `tran'.
    Found trapezoidal ringing on node _vvdd!:p. {"history": "ExplorerRun.0", "point": 1, "testname": "demo_1-bit_Full_Adder_ver2_tb_1", "cornername": "Nominal"}
[2024-10-16 07:31:59.540 -0700] [INFO] [cadence.virtuoso.ade.simulationMonitor] - Notice from spectre at time = 4.5182 ns during transient analysis `tran'.
    Found trapezoidal ringing on node _vvdd!:p. {"history": "ExplorerRun.0", "point": 1, "testname": "demo_1-bit_Full_Adder_ver2_tb_1", "cornername": "Nominal"}
[2024-10-16 07:31:59.543 -0700] [INFO] [cadence.virtuoso.ade.simulationMonitor] - Notice from spectre at time = 4.7182 ns during transient analysis `tran'.
    Found trapezoidal ringing on node _vvdd!:p.
        Further occurrences of this notice will be suppressed. {"history": "ExplorerRun.0", "point": 1, "testname": "demo_1-bit_Full_Adder_ver2_tb_1", "cornername": "Nominal"}
[2024-10-16 07:31:59.546 -0700] [INFO] [cadence.virtuoso.ade.simulationMonitor] - Notice from spectre during transient analysis `tran'.
    Trapezoidal ringing is detected during tran analysis.
        Please use method=trap for better results and performance. {"history": "ExplorerRun.0", "point": 1, "testname": "demo_1-bit_Full_Adder_ver2_tb_1", "cornername": "Nominal"}
[2024-10-16 07:31:59.549 -0700] [INFO] [cadence.virtuoso.ade.simulationMonitor] - Total time required for tran analysis `tran': CPU = 77.209 ms, elapsed = 93.5462 ms. {"history": "ExplorerRun.0", "point": 1, "testname": "demo_1-bit_Full_Adder_ver2_tb_1", "cornername": "Nominal"}
[2024-10-16 07:31:59.552 -0700] [INFO] [cadence.virtuoso.ade.simulationMonitor] - Peak resident memory used = 72.4 Mbytes. {"history": "ExplorerRun.0", "point": 1, "testname": "demo_1-bit_Full_Adder_ver2_tb_1", "cornername": "Nominal"}
[2024-10-16 07:31:59.554 -0700] [INFO] [cadence.virtuoso.ade.simulationMonitor] - Notice from spectre.
    27 notices suppressed. {"history": "ExplorerRun.0", "point": 1, "testname": "demo_1-bit_Full_Adder_ver2_tb_1", "cornername": "Nominal"}
[2024-10-16 07:31:59.557 -0700] [INFO] [cadence.virtuoso.ade.simulationMonitor] - Time used: CPU = 1.1 s, elapsed = 1.36 s, util. = 80.3%. {"history": "ExplorerRun.0", "point": 1, "testname": "demo_1-bit_Full_Adder_ver2_tb_1", "cornername": "Nominal"}
[2024-10-16 07:31:59.560 -0700] [INFO] [cadence.virtuoso.ade.simulationMonitor] - Time spent in licensing: elapsed = 28.7 ms. {"history": "ExplorerRun.0", "point": 1, "testname": "demo_1-bit_Full_Adder_ver2_tb_1", "cornername": "Nominal"}
[2024-10-16 07:31:59.565 -0700] [INFO] [cadence.virtuoso.ade.simulationMonitor] - Peak memory used = 73 Mbytes. {"history": "ExplorerRun.0", "point": 1, "testname": "demo_1-bit_Full_Adder_ver2_tb_1", "cornername": "Nominal"}
[2024-10-16 07:31:59.571 -0700] [PROCESS] [cadence.virtuoso.ade.simulationMonitor] - Simulation started at: 7:31:58 AM, Wed Oct 16, 2024, ended at: 7:31:59 AM, Wed Oct 16, 2024, with elapsed time (wall clock): 1.36 s. {"history": "ExplorerRun.0", "point": 1, "testname": "demo_1-bit_Full_Adder_ver2_tb_1", "cornername": "Nominal"}
[2024-10-16 07:31:59.574 -0700] [PROCESS] [cadence.virtuoso.ade.simulationMonitor] - spectre completes with 0 errors, 1 warning, and 12 notices. {"history": "ExplorerRun.0", "point": 1, "testname": "demo_1-bit_Full_Adder_ver2_tb_1", "cornername": "Nominal"}
[2024-10-16 07:32:00.081 -0700] [PROCESS] [cadence.virtuoso.ade.simulationMonitor] - Finished simulating for one point {"hostname": "viterbi-scf2", "processid": 285686, "history": "ExplorerRun.0", "testname": "demo_1-bit_Full_Adder_ver2_tb_1", "cornername": "Nominal", "point": 1, "logfile": "/home/viterbi/01/tongjia/work_gpdk045/logs_tongjia/logs0/Job38.log", "simid": "1"}
[2024-10-16 07:32:00.085 -0700] [PROCESS] [cadence.virtuoso.ade.simulationMonitor] - Simulator exited {"hostname": "viterbi-scf2", "processid": 285686, "history": "ExplorerRun.0", "testname": "demo_1-bit_Full_Adder_ver2_tb_1", "cornername": "Nominal", "point": 1, "logfile": "/home/viterbi/01/tongjia/work_gpdk045/logs_tongjia/logs0/Job38.log", "exitStatus": "0"}
[2024-10-16 07:32:00.089 -0700] [PROCESS] [cadence.virtuoso.ade.simulationMonitor] - Finished Simulation {"hostname": "viterbi-scf2", "processid": 285686, "history": "ExplorerRun.0", "testname": "demo_1-bit_Full_Adder_ver2_tb_1", "cornername": "Nominal", "point": 1, "logfile": "/home/viterbi/01/tongjia/work_gpdk045/logs_tongjia/logs0/Job38.log", "simid": "1"}
[2024-10-16 07:32:04.140 -0700] [PROCESS] [cadence.virtuoso.ade.simulationMonitor] - Point Finished {"hostname": "viterbi-scf2", "processid": 285686, "history": "ExplorerRun.0", "testname": "demo_1-bit_Full_Adder_ver2_tb_1", "cornername": "Nominal", "point": 1, "logfile": "/home/viterbi/01/tongjia/work_gpdk045/logs_tongjia/logs0/Job38.log"}
[2024-10-16 07:32:05.200 -0700] [PROCESS] [cadence.virtuoso.ade.simulationMonitor] - Stay with the runId '0', Linger time '300', currentRunSyn '1', currentTestSyn '2' {"hostname": "viterbi-scf2", "processid": 285686, "history": "ExplorerRun.0", "testname": "demo_1-bit_Full_Adder_ver2_tb_1", "cornername": "Nominal", "point": 1, "logfile": "/home/viterbi/01/tongjia/work_gpdk045/logs_tongjia/logs0/Job38.log"}
[2024-10-16 07:37:06.041 -0700] [PROCESS] [cadence.virtuoso.ade.simulationMonitor] - Current memory used: 32.4258 MBytes, peak memory used: 32.4258 MBytes {"hostname": "viterbi-scf2", "processid": 285686, "history": "ExplorerRun.0", "testname": "demo_1-bit_Full_Adder_ver2_tb_1", "cornername": "Nominal", "point": 1, "logfile": "/home/viterbi/01/tongjia/work_gpdk045/logs_tongjia/logs0/Job38.log"}
[2024-10-16 07:37:06.043 -0700] [PROCESS] [cadence.virtuoso.ade.simulationMonitor] - Simulation Monitor process exit. {"hostname": "viterbi-scf2", "processid": 285686, "history": "ExplorerRun.0", "testname": "demo_1-bit_Full_Adder_ver2_tb_1", "cornername": "Nominal", "point": 1, "logfile": "/home/viterbi/01/tongjia/work_gpdk045/logs_tongjia/logs0/Job38.log"}
