[Simulation Monitor: 33]
[2024-09-30 20:20:56.572 -0700] [PROCESS] [cadence.virtuoso.ade.simulationMonitor] - Simulation Monitor has successfully started up. Trying to set up communication channels to other components ... {"hostname": "viterbi-scf2", "processid": 167656, "logfile": "/home/viterbi/01/tongjia/work_gpdk045/logs_tongjia/logs0/Job33.log"}
[2024-09-30 20:20:56.576 -0700] [PROCESS] [cadence.virtuoso.ade.simulationMonitor] - Communication channels have been successfully set up. Start processing events ... {"hostname": "viterbi-scf2", "processid": 167656, "logfile": "/home/viterbi/01/tongjia/work_gpdk045/logs_tongjia/logs0/Job33.log"}
[2024-09-30 20:20:56.576 -0700] [PROCESS] [cadence.virtuoso.ade.simulationMonitor] - Considering to start history {"hostname": "viterbi-scf2", "processid": 167656, "history": "ExplorerRun.0", "logfile": "/home/viterbi/01/tongjia/work_gpdk045/logs_tongjia/logs0/Job33.log"}
[2024-09-30 20:20:56.590 -0700] [PROCESS] [cadence.virtuoso.ade.simulationMonitor] - HostInfo:
Host name (type):	viterbi-scf2 (x86_64)
Operating system:	Linux 3.10.0-1160.119.1.el7.tuxcare.els3.x86_64 #1 SMP Fri Aug 23 19:18:06 UTC 2024 {"hostname": "viterbi-scf2", "processid": 167656, "history": "ExplorerRun.0", "logfile": "/home/viterbi/01/tongjia/work_gpdk045/logs_tongjia/logs0/Job33.log", "nodename": "viterbi-scf2", "domainname": "viterbi", "machine": "x86_64", "sysname": "Linux", "release": "3.10.0-1160.119.1.el7.tuxcare.els3.x86_64", "version": "#1 SMP Fri Aug 23 19:18:06 UTC 2024"}
[2024-09-30 20:20:56.591 -0700] [PROCESS] [cadence.virtuoso.ade.simulationMonitor] - UsageInfo:
pid=167656
totalPhysicalMemory=1007.132404GB,Used=111.973381GB,totalVirtualMemory=1007.132404GB,Used=111.973381GB
Cpu: Cores=112, Load average:5.300000,3.900000,3.510000 {"hostname": "viterbi-scf2", "processid": 167656, "history": "ExplorerRun.0", "logfile": "/home/viterbi/01/tongjia/work_gpdk045/logs_tongjia/logs0/Job33.log", "pid": "167656", "totalPhysicalMemory": "1007.132404", "physicalMemoryUsed": "111.973381", "totalVirtualMemory": "1007.132404", "virtualMemoryUsed": "111.973381", "cpuCores": "112", "processes": "10557", "loadAverage1": "5.300000", "loadAverage5": "3.900000", "loadAverage15": "3.510000", "loadAverage1Percent": "0.047321"}
[2024-09-30 20:20:56.596 -0700] [EVENT] [cadence.virtuoso.ade.simulationMonitor] - NewPoint {"history": "ExplorerRun.0", "point": 1, "testname": "demo_NOR2_2X_tb_1", "cornername": "Nominal", "event": "NewPoint", "EventSource": "Simulation Monitor", "HistoryName": "ExplorerRun.0", "logFile": "/home/viterbi/01/tongjia/work_gpdk045/logs_tongjia/logs0/Job33.log", "logFileSize": "2269"}
[2024-09-30 20:20:56.902 -0700] [EVENT] [cadence.virtuoso.ade.simulationMonitor] - NewPoint {"history": "ExplorerRun.0", "point": 1, "testname": "demo_NOR2_2X_tb_1", "cornername": "Nominal", "event": "NewPoint", "EventSource": "spectre", "HistoryName": "ExplorerRun.0", "logFile": "/home/viterbi/01/tongjia/simulation/demo/NOR2_2X_tb/maestro/results/maestro/ExplorerRun.0/1/demo_NOR2_2X_tb_1/psf/spectre.out", "logFileSize": "-1"}
[2024-09-30 20:20:56.935 -0700] [PROCESS] [cadence.virtuoso.ade.simulationMonitor] - Simulator launched {"hostname": "viterbi-scf2", "processid": 167656, "history": "ExplorerRun.0", "testname": "demo_NOR2_2X_tb_1", "cornername": "Nominal", "point": 1, "logfile": "/home/viterbi/01/tongjia/work_gpdk045/logs_tongjia/logs0/Job33.log", "simid": "1"}
[2024-09-30 20:20:56.944 -0700] [PROCESS] [cadence.virtuoso.ade.simulationMonitor] - Expression evaluator launched {"hostname": "viterbi-scf2", "processid": 167656, "history": "ExplorerRun.0", "testname": "demo_NOR2_2X_tb_1", "cornername": "Nominal", "point": 1, "logfile": "/home/viterbi/01/tongjia/work_gpdk045/logs_tongjia/logs0/Job33.log"}
[2024-09-30 20:20:58.449 -0700] [PROCESS] [cadence.virtuoso.ade.simulationMonitor] - Started Simulation {"hostname": "viterbi-scf2", "processid": 167656, "history": "ExplorerRun.0", "testname": "demo_NOR2_2X_tb_1", "cornername": "Nominal", "point": 1, "logfile": "/home/viterbi/01/tongjia/work_gpdk045/logs_tongjia/logs0/Job33.log", "event": "started", "task": "simulation"}
[2024-09-30 20:20:58.451 -0700] [INFO] [cadence.virtuoso.ade.simulationMonitor] - Peak resident memory used = 57.6 Mbytes. {"history": "ExplorerRun.0", "point": 1, "testname": "demo_NOR2_2X_tb_1", "cornername": "Nominal"}
[2024-09-30 20:20:58.452 -0700] [INFO] [cadence.virtuoso.ade.simulationMonitor] - Peak resident memory used = 66.8 Mbytes. {"history": "ExplorerRun.0", "point": 1, "testname": "demo_NOR2_2X_tb_1", "cornername": "Nominal"}
[2024-09-30 20:20:58.452 -0700] [INFO] [cadence.virtuoso.ade.simulationMonitor] - Peak resident memory used = 67.5 Mbytes. {"history": "ExplorerRun.0", "point": 1, "testname": "demo_NOR2_2X_tb_1", "cornername": "Nominal"}
[2024-09-30 20:20:58.453 -0700] [INFO] [cadence.virtuoso.ade.simulationMonitor] - Notice from spectre during initial setup.
    Multithreading is disabled due to the size of the design being too small. {"history": "ExplorerRun.0", "point": 1, "testname": "demo_NOR2_2X_tb_1", "cornername": "Nominal"}
[2024-09-30 20:20:58.461 -0700] [INFO] [cadence.virtuoso.ade.simulationMonitor] -               nodes 18 {"history": "ExplorerRun.0", "point": 1, "testname": "demo_NOR2_2X_tb_1", "cornername": "Nominal"}
[2024-09-30 20:20:58.462 -0700] [INFO] [cadence.virtuoso.ade.simulationMonitor] - Notice from spectre during initial setup.
    APS Enabled. {"history": "ExplorerRun.0", "point": 1, "testname": "demo_NOR2_2X_tb_1", "cornername": "Nominal"}
[2024-09-30 20:20:58.462 -0700] [INFO] [cadence.virtuoso.ade.simulationMonitor] - Peak resident memory used = 68.4 Mbytes. {"history": "ExplorerRun.0", "point": 1, "testname": "demo_NOR2_2X_tb_1", "cornername": "Nominal"}
[2024-09-30 20:20:58.463 -0700] [WARN] [cadence.virtuoso.ade.simulationMonitor] -     WARNING (SPECTRE-16707): Only tran supports psfxl format, result of other analyses will be in psfbin format. {"history": "ExplorerRun.0", "point": 1, "testname": "demo_NOR2_2X_tb_1", "cornername": "Nominal"}
[2024-09-30 20:20:58.966 -0700] [INFO] [cadence.virtuoso.ade.simulationMonitor] - Notice from spectre during IC analysis, during transient analysis `tran'.
    GminDC = 1 pS is large enough to noticeably affect the DC solution.
        dV(I2.net4) = 5.40086 mV
        Use the `gmin_check' option to eliminate or expand this report. {"history": "ExplorerRun.0", "point": 1, "testname": "demo_NOR2_2X_tb_1", "cornername": "Nominal"}
[2024-09-30 20:20:58.968 -0700] [INFO] [cadence.virtuoso.ade.simulationMonitor] - Notice from spectre during transient analysis `tran'.
    Multithreading is disabled due to the size of the design being too small. {"history": "ExplorerRun.0", "point": 1, "testname": "demo_NOR2_2X_tb_1", "cornername": "Nominal"}
[2024-09-30 20:20:58.969 -0700] [INFO] [cadence.virtuoso.ade.simulationMonitor] - Notice from spectre at time = 1.20338 ns during transient analysis `tran'.
    Found trapezoidal ringing on node _vvdd!:p. {"history": "ExplorerRun.0", "point": 1, "testname": "demo_NOR2_2X_tb_1", "cornername": "Nominal"}
[2024-09-30 20:20:58.971 -0700] [INFO] [cadence.virtuoso.ade.simulationMonitor] - Notice from spectre at time = 1.24923 ns during transient analysis `tran'.
    Found trapezoidal ringing on node _vvdd!:p. {"history": "ExplorerRun.0", "point": 1, "testname": "demo_NOR2_2X_tb_1", "cornername": "Nominal"}
[2024-09-30 20:20:58.972 -0700] [INFO] [cadence.virtuoso.ade.simulationMonitor] - Notice from spectre at time = 1.27216 ns during transient analysis `tran'.
    Found trapezoidal ringing on node _vvdd!:p. {"history": "ExplorerRun.0", "point": 1, "testname": "demo_NOR2_2X_tb_1", "cornername": "Nominal"}
[2024-09-30 20:20:58.973 -0700] [INFO] [cadence.virtuoso.ade.simulationMonitor] - Notice from spectre at time = 1.31801 ns during transient analysis `tran'.
    Found trapezoidal ringing on node _vvdd!:p. {"history": "ExplorerRun.0", "point": 1, "testname": "demo_NOR2_2X_tb_1", "cornername": "Nominal"}
[2024-09-30 20:20:58.974 -0700] [INFO] [cadence.virtuoso.ade.simulationMonitor] - Notice from spectre at time = 1.34094 ns during transient analysis `tran'.
    Found trapezoidal ringing on node _vvdd!:p.
        Further occurrences of this notice will be suppressed. {"history": "ExplorerRun.0", "point": 1, "testname": "demo_NOR2_2X_tb_1", "cornername": "Nominal"}
[2024-09-30 20:20:58.976 -0700] [INFO] [cadence.virtuoso.ade.simulationMonitor] - Notice from spectre during transient analysis `tran'.
    Trapezoidal ringing is detected during tran analysis.
        Please use method=trap for better results and performance. {"history": "ExplorerRun.0", "point": 1, "testname": "demo_NOR2_2X_tb_1", "cornername": "Nominal"}
[2024-09-30 20:20:58.977 -0700] [INFO] [cadence.virtuoso.ade.simulationMonitor] - Total time required for tran analysis `tran': CPU = 44.54 ms, elapsed = 69.8411 ms. {"history": "ExplorerRun.0", "point": 1, "testname": "demo_NOR2_2X_tb_1", "cornername": "Nominal"}
[2024-09-30 20:20:58.978 -0700] [INFO] [cadence.virtuoso.ade.simulationMonitor] - Peak resident memory used = 70.9 Mbytes. {"history": "ExplorerRun.0", "point": 1, "testname": "demo_NOR2_2X_tb_1", "cornername": "Nominal"}
[2024-09-30 20:20:58.979 -0700] [INFO] [cadence.virtuoso.ade.simulationMonitor] - Notice from spectre.
    42 notices suppressed. {"history": "ExplorerRun.0", "point": 1, "testname": "demo_NOR2_2X_tb_1", "cornername": "Nominal"}
[2024-09-30 20:20:58.980 -0700] [INFO] [cadence.virtuoso.ade.simulationMonitor] - Time used: CPU = 1.21 s, elapsed = 1.52 s, util. = 79.3%. {"history": "ExplorerRun.0", "point": 1, "testname": "demo_NOR2_2X_tb_1", "cornername": "Nominal"}
[2024-09-30 20:20:58.981 -0700] [INFO] [cadence.virtuoso.ade.simulationMonitor] - Time spent in licensing: elapsed = 33.7 ms. {"history": "ExplorerRun.0", "point": 1, "testname": "demo_NOR2_2X_tb_1", "cornername": "Nominal"}
[2024-09-30 20:20:58.984 -0700] [INFO] [cadence.virtuoso.ade.simulationMonitor] - Peak memory used = 72.2 Mbytes. {"history": "ExplorerRun.0", "point": 1, "testname": "demo_NOR2_2X_tb_1", "cornername": "Nominal"}
[2024-09-30 20:20:58.990 -0700] [PROCESS] [cadence.virtuoso.ade.simulationMonitor] - Simulation started at: 8:20:57 PM, Mon Sep 30, 2024, ended at: 8:20:58 PM, Mon Sep 30, 2024, with elapsed time (wall clock): 1.52 s. {"history": "ExplorerRun.0", "point": 1, "testname": "demo_NOR2_2X_tb_1", "cornername": "Nominal"}
[2024-09-30 20:20:58.991 -0700] [PROCESS] [cadence.virtuoso.ade.simulationMonitor] - spectre completes with 0 errors, 1 warning, and 11 notices. {"history": "ExplorerRun.0", "point": 1, "testname": "demo_NOR2_2X_tb_1", "cornername": "Nominal"}
[2024-09-30 20:20:58.992 -0700] [PROCESS] [cadence.virtuoso.ade.simulationMonitor] - Finished simulating for one point {"hostname": "viterbi-scf2", "processid": 167656, "history": "ExplorerRun.0", "testname": "demo_NOR2_2X_tb_1", "cornername": "Nominal", "point": 1, "logfile": "/home/viterbi/01/tongjia/work_gpdk045/logs_tongjia/logs0/Job33.log", "simid": "1"}
[2024-09-30 20:20:58.993 -0700] [PROCESS] [cadence.virtuoso.ade.simulationMonitor] - Simulator exited {"hostname": "viterbi-scf2", "processid": 167656, "history": "ExplorerRun.0", "testname": "demo_NOR2_2X_tb_1", "cornername": "Nominal", "point": 1, "logfile": "/home/viterbi/01/tongjia/work_gpdk045/logs_tongjia/logs0/Job33.log", "exitStatus": "0"}
[2024-09-30 20:20:58.994 -0700] [PROCESS] [cadence.virtuoso.ade.simulationMonitor] - Finished Simulation {"hostname": "viterbi-scf2", "processid": 167656, "history": "ExplorerRun.0", "testname": "demo_NOR2_2X_tb_1", "cornername": "Nominal", "point": 1, "logfile": "/home/viterbi/01/tongjia/work_gpdk045/logs_tongjia/logs0/Job33.log", "simid": "1"}
[2024-09-30 20:21:03.031 -0700] [PROCESS] [cadence.virtuoso.ade.simulationMonitor] - Point Finished {"hostname": "viterbi-scf2", "processid": 167656, "history": "ExplorerRun.0", "testname": "demo_NOR2_2X_tb_1", "cornername": "Nominal", "point": 1, "logfile": "/home/viterbi/01/tongjia/work_gpdk045/logs_tongjia/logs0/Job33.log"}
[2024-09-30 20:21:04.039 -0700] [PROCESS] [cadence.virtuoso.ade.simulationMonitor] - Stay with the runId '0', Linger time '300', currentRunSyn '1', currentTestSyn '2' {"hostname": "viterbi-scf2", "processid": 167656, "history": "ExplorerRun.0", "testname": "demo_NOR2_2X_tb_1", "cornername": "Nominal", "point": 1, "logfile": "/home/viterbi/01/tongjia/work_gpdk045/logs_tongjia/logs0/Job33.log"}
[2024-09-30 20:21:36.828 -0700] [INFO] [cadence.virtuoso.ade.simulationMonitor] - SimulationMonitor has terminated the vds process '167694', reason: 'Force to stop the expression evalutor process because of new run' {"history": "ExplorerRun.0", "point": 1, "testname": "demo_NOR2_2X_tb_1", "cornername": "Nominal"}
[2024-09-30 20:21:36.830 -0700] [PROCESS] [cadence.virtuoso.ade.simulationMonitor] - HostInfo:
Host name (type):	viterbi-scf2 (x86_64)
Operating system:	Linux 3.10.0-1160.119.1.el7.tuxcare.els3.x86_64 #1 SMP Fri Aug 23 19:18:06 UTC 2024 {"hostname": "viterbi-scf2", "processid": 167656, "history": "ExplorerRun.0", "testname": "demo_NOR2_2X_tb_1", "cornername": "Nominal", "point": 1, "logfile": "/home/viterbi/01/tongjia/work_gpdk045/logs_tongjia/logs0/Job33.log", "nodename": "viterbi-scf2", "domainname": "viterbi", "machine": "x86_64", "sysname": "Linux", "release": "3.10.0-1160.119.1.el7.tuxcare.els3.x86_64", "version": "#1 SMP Fri Aug 23 19:18:06 UTC 2024"}
[2024-09-30 20:21:36.831 -0700] [PROCESS] [cadence.virtuoso.ade.simulationMonitor] - UsageInfo:
pid=167656
totalPhysicalMemory=1007.132404GB,Used=112.072559GB,totalVirtualMemory=1007.132404GB,Used=112.072559GB
Cpu: Cores=112, Load average:5.480000,4.130000,3.610000 {"hostname": "viterbi-scf2", "processid": 167656, "history": "ExplorerRun.0", "testname": "demo_NOR2_2X_tb_1", "cornername": "Nominal", "point": 1, "logfile": "/home/viterbi/01/tongjia/work_gpdk045/logs_tongjia/logs0/Job33.log", "pid": "167656", "totalPhysicalMemory": "1007.132404", "physicalMemoryUsed": "112.072559", "totalVirtualMemory": "1007.132404", "virtualMemoryUsed": "112.072559", "cpuCores": "112", "processes": "10753", "loadAverage1": "5.480000", "loadAverage5": "4.130000", "loadAverage15": "3.610000", "loadAverage1Percent": "0.048929"}
[2024-09-30 20:21:36.833 -0700] [EVENT] [cadence.virtuoso.ade.simulationMonitor] - NewPoint {"history": "ExplorerRun.0", "point": 1, "testname": "demo_NOR2_2X_tb_1", "cornername": "Nominal", "event": "NewPoint", "EventSource": "Simulation Monitor", "HistoryName": "ExplorerRun.0", "logFile": "/home/viterbi/01/tongjia/work_gpdk045/logs_tongjia/logs0/Job33.log", "logFileSize": "14305"}
[2024-09-30 20:21:37.237 -0700] [EVENT] [cadence.virtuoso.ade.simulationMonitor] - NewPoint {"history": "ExplorerRun.0", "point": 1, "testname": "demo_NOR2_2X_tb_1", "cornername": "Nominal", "event": "NewPoint", "EventSource": "spectre", "HistoryName": "ExplorerRun.0", "logFile": "/home/viterbi/01/tongjia/simulation/demo/NOR2_2X_tb/maestro/results/maestro/ExplorerRun.0/1/demo_NOR2_2X_tb_1/psf/spectre.out", "logFileSize": "-1"}
[2024-09-30 20:21:37.265 -0700] [PROCESS] [cadence.virtuoso.ade.simulationMonitor] - Simulator launched {"hostname": "viterbi-scf2", "processid": 167656, "history": "ExplorerRun.0", "testname": "demo_NOR2_2X_tb_1", "cornername": "Nominal", "point": 1, "logfile": "/home/viterbi/01/tongjia/work_gpdk045/logs_tongjia/logs0/Job33.log", "simid": "2"}
[2024-09-30 20:21:37.272 -0700] [PROCESS] [cadence.virtuoso.ade.simulationMonitor] - Expression evaluator launched {"hostname": "viterbi-scf2", "processid": 167656, "history": "ExplorerRun.0", "testname": "demo_NOR2_2X_tb_1", "cornername": "Nominal", "point": 1, "logfile": "/home/viterbi/01/tongjia/work_gpdk045/logs_tongjia/logs0/Job33.log"}
[2024-09-30 20:21:38.593 -0700] [PROCESS] [cadence.virtuoso.ade.simulationMonitor] - Started Simulation {"hostname": "viterbi-scf2", "processid": 167656, "history": "ExplorerRun.0", "testname": "demo_NOR2_2X_tb_1", "cornername": "Nominal", "point": 1, "logfile": "/home/viterbi/01/tongjia/work_gpdk045/logs_tongjia/logs0/Job33.log", "event": "started", "task": "simulation"}
[2024-09-30 20:21:38.595 -0700] [INFO] [cadence.virtuoso.ade.simulationMonitor] - Peak resident memory used = 59.6 Mbytes. {"history": "ExplorerRun.0", "point": 1, "testname": "demo_NOR2_2X_tb_1", "cornername": "Nominal"}
[2024-09-30 20:21:39.098 -0700] [INFO] [cadence.virtuoso.ade.simulationMonitor] - Peak resident memory used = 68.9 Mbytes. {"history": "ExplorerRun.0", "point": 1, "testname": "demo_NOR2_2X_tb_1", "cornername": "Nominal"}
[2024-09-30 20:21:39.099 -0700] [INFO] [cadence.virtuoso.ade.simulationMonitor] - Peak resident memory used = 69.7 Mbytes. {"history": "ExplorerRun.0", "point": 1, "testname": "demo_NOR2_2X_tb_1", "cornername": "Nominal"}
[2024-09-30 20:21:39.100 -0700] [INFO] [cadence.virtuoso.ade.simulationMonitor] - Notice from spectre during initial setup.
    Multithreading is disabled due to the size of the design being too small. {"history": "ExplorerRun.0", "point": 1, "testname": "demo_NOR2_2X_tb_1", "cornername": "Nominal"}
[2024-09-30 20:21:39.108 -0700] [INFO] [cadence.virtuoso.ade.simulationMonitor] -               nodes 37 {"history": "ExplorerRun.0", "point": 1, "testname": "demo_NOR2_2X_tb_1", "cornername": "Nominal"}
[2024-09-30 20:21:39.109 -0700] [INFO] [cadence.virtuoso.ade.simulationMonitor] - Notice from spectre during initial setup.
    APS Enabled. {"history": "ExplorerRun.0", "point": 1, "testname": "demo_NOR2_2X_tb_1", "cornername": "Nominal"}
[2024-09-30 20:21:39.109 -0700] [INFO] [cadence.virtuoso.ade.simulationMonitor] - Peak resident memory used = 70.7 Mbytes. {"history": "ExplorerRun.0", "point": 1, "testname": "demo_NOR2_2X_tb_1", "cornername": "Nominal"}
[2024-09-30 20:21:39.110 -0700] [WARN] [cadence.virtuoso.ade.simulationMonitor] -     WARNING (SPECTRE-16707): Only tran supports psfxl format, result of other analyses will be in psfbin format. {"history": "ExplorerRun.0", "point": 1, "testname": "demo_NOR2_2X_tb_1", "cornername": "Nominal"}
[2024-09-30 20:21:39.111 -0700] [INFO] [cadence.virtuoso.ade.simulationMonitor] - Notice from spectre during IC analysis, during transient analysis `tran'.
    GminDC = 1 pS is large enough to noticeably affect the DC solution.
        dV(I2.net4) = 6.79768 mV
        Use the `gmin_check' option to eliminate or expand this report. {"history": "ExplorerRun.0", "point": 1, "testname": "demo_NOR2_2X_tb_1", "cornername": "Nominal"}
[2024-09-30 20:21:39.112 -0700] [INFO] [cadence.virtuoso.ade.simulationMonitor] - Notice from spectre during transient analysis `tran'.
    Multithreading is disabled due to the size of the design being too small. {"history": "ExplorerRun.0", "point": 1, "testname": "demo_NOR2_2X_tb_1", "cornername": "Nominal"}
[2024-09-30 20:21:39.113 -0700] [INFO] [cadence.virtuoso.ade.simulationMonitor] - Notice from spectre at time = 1.29143 ns during transient analysis `tran'.
    Found trapezoidal ringing on node _vvdd!:p. {"history": "ExplorerRun.0", "point": 1, "testname": "demo_NOR2_2X_tb_1", "cornername": "Nominal"}
[2024-09-30 20:21:39.114 -0700] [INFO] [cadence.virtuoso.ade.simulationMonitor] - Notice from spectre at time = 1.44431 ns during transient analysis `tran'.
    Found trapezoidal ringing on node _vvdd!:p. {"history": "ExplorerRun.0", "point": 1, "testname": "demo_NOR2_2X_tb_1", "cornername": "Nominal"}
[2024-09-30 20:21:39.115 -0700] [INFO] [cadence.virtuoso.ade.simulationMonitor] - Notice from spectre at time = 1.64431 ns during transient analysis `tran'.
    Found trapezoidal ringing on node _vvdd!:p. {"history": "ExplorerRun.0", "point": 1, "testname": "demo_NOR2_2X_tb_1", "cornername": "Nominal"}
[2024-09-30 20:21:39.115 -0700] [INFO] [cadence.virtuoso.ade.simulationMonitor] - Notice from spectre at time = 1.84431 ns during transient analysis `tran'.
    Found trapezoidal ringing on node _vvdd!:p. {"history": "ExplorerRun.0", "point": 1, "testname": "demo_NOR2_2X_tb_1", "cornername": "Nominal"}
[2024-09-30 20:21:39.116 -0700] [INFO] [cadence.virtuoso.ade.simulationMonitor] - Notice from spectre at time = 2 ns during transient analysis `tran'.
    Found trapezoidal ringing on node _vvdd!:p.
        Further occurrences of this notice will be suppressed. {"history": "ExplorerRun.0", "point": 1, "testname": "demo_NOR2_2X_tb_1", "cornername": "Nominal"}
[2024-09-30 20:21:39.118 -0700] [INFO] [cadence.virtuoso.ade.simulationMonitor] - Notice from spectre during transient analysis `tran'.
    Trapezoidal ringing is detected during tran analysis.
        Please use method=trap for better results and performance. {"history": "ExplorerRun.0", "point": 1, "testname": "demo_NOR2_2X_tb_1", "cornername": "Nominal"}
[2024-09-30 20:21:39.118 -0700] [INFO] [cadence.virtuoso.ade.simulationMonitor] - Total time required for tran analysis `tran': CPU = 36.343 ms, elapsed = 60.0381 ms. {"history": "ExplorerRun.0", "point": 1, "testname": "demo_NOR2_2X_tb_1", "cornername": "Nominal"}
[2024-09-30 20:21:39.119 -0700] [INFO] [cadence.virtuoso.ade.simulationMonitor] - Peak resident memory used = 73.4 Mbytes. {"history": "ExplorerRun.0", "point": 1, "testname": "demo_NOR2_2X_tb_1", "cornername": "Nominal"}
[2024-09-30 20:21:39.120 -0700] [INFO] [cadence.virtuoso.ade.simulationMonitor] - Notice from spectre.
    35 notices suppressed. {"history": "ExplorerRun.0", "point": 1, "testname": "demo_NOR2_2X_tb_1", "cornername": "Nominal"}
[2024-09-30 20:21:39.121 -0700] [INFO] [cadence.virtuoso.ade.simulationMonitor] - Time used: CPU = 1.21 s, elapsed = 1.5 s, util. = 81.1%. {"history": "ExplorerRun.0", "point": 1, "testname": "demo_NOR2_2X_tb_1", "cornername": "Nominal"}
[2024-09-30 20:21:39.122 -0700] [INFO] [cadence.virtuoso.ade.simulationMonitor] - Time spent in licensing: elapsed = 27.2 ms. {"history": "ExplorerRun.0", "point": 1, "testname": "demo_NOR2_2X_tb_1", "cornername": "Nominal"}
[2024-09-30 20:21:39.124 -0700] [INFO] [cadence.virtuoso.ade.simulationMonitor] - Peak memory used = 74.6 Mbytes. {"history": "ExplorerRun.0", "point": 1, "testname": "demo_NOR2_2X_tb_1", "cornername": "Nominal"}
[2024-09-30 20:21:39.130 -0700] [PROCESS] [cadence.virtuoso.ade.simulationMonitor] - Simulation started at: 8:21:37 PM, Mon Sep 30, 2024, ended at: 8:21:38 PM, Mon Sep 30, 2024, with elapsed time (wall clock): 1.5 s. {"history": "ExplorerRun.0", "point": 1, "testname": "demo_NOR2_2X_tb_1", "cornername": "Nominal"}
[2024-09-30 20:21:39.130 -0700] [PROCESS] [cadence.virtuoso.ade.simulationMonitor] - spectre completes with 0 errors, 1 warning, and 11 notices. {"history": "ExplorerRun.0", "point": 1, "testname": "demo_NOR2_2X_tb_1", "cornername": "Nominal"}
[2024-09-30 20:21:39.131 -0700] [PROCESS] [cadence.virtuoso.ade.simulationMonitor] - Finished simulating for one point {"hostname": "viterbi-scf2", "processid": 167656, "history": "ExplorerRun.0", "testname": "demo_NOR2_2X_tb_1", "cornername": "Nominal", "point": 1, "logfile": "/home/viterbi/01/tongjia/work_gpdk045/logs_tongjia/logs0/Job33.log", "simid": "2"}
[2024-09-30 20:21:39.132 -0700] [PROCESS] [cadence.virtuoso.ade.simulationMonitor] - Simulator exited {"hostname": "viterbi-scf2", "processid": 167656, "history": "ExplorerRun.0", "testname": "demo_NOR2_2X_tb_1", "cornername": "Nominal", "point": 1, "logfile": "/home/viterbi/01/tongjia/work_gpdk045/logs_tongjia/logs0/Job33.log", "exitStatus": "0"}
[2024-09-30 20:21:39.133 -0700] [PROCESS] [cadence.virtuoso.ade.simulationMonitor] - Finished Simulation {"hostname": "viterbi-scf2", "processid": 167656, "history": "ExplorerRun.0", "testname": "demo_NOR2_2X_tb_1", "cornername": "Nominal", "point": 1, "logfile": "/home/viterbi/01/tongjia/work_gpdk045/logs_tongjia/logs0/Job33.log", "simid": "2"}
[2024-09-30 20:21:47.684 -0700] [PROCESS] [cadence.virtuoso.ade.simulationMonitor] - Point Finished {"hostname": "viterbi-scf2", "processid": 167656, "history": "ExplorerRun.0", "testname": "demo_NOR2_2X_tb_1", "cornername": "Nominal", "point": 1, "logfile": "/home/viterbi/01/tongjia/work_gpdk045/logs_tongjia/logs0/Job33.log"}
[2024-09-30 20:21:48.716 -0700] [PROCESS] [cadence.virtuoso.ade.simulationMonitor] - Stay with the runId '1', Linger time '300', currentRunSyn '3', currentTestSyn '4' {"hostname": "viterbi-scf2", "processid": 167656, "history": "ExplorerRun.0", "testname": "demo_NOR2_2X_tb_1", "cornername": "Nominal", "point": 1, "logfile": "/home/viterbi/01/tongjia/work_gpdk045/logs_tongjia/logs0/Job33.log"}
[2024-09-30 20:22:58.310 -0700] [INFO] [cadence.virtuoso.ade.simulationMonitor] - SimulationMonitor has terminated the vds process '172649', reason: 'Force to stop the expression evalutor process because of new run' {"history": "ExplorerRun.0", "point": 1, "testname": "demo_NOR2_2X_tb_1", "cornername": "Nominal"}
[2024-09-30 20:22:58.313 -0700] [PROCESS] [cadence.virtuoso.ade.simulationMonitor] - HostInfo:
Host name (type):	viterbi-scf2 (x86_64)
Operating system:	Linux 3.10.0-1160.119.1.el7.tuxcare.els3.x86_64 #1 SMP Fri Aug 23 19:18:06 UTC 2024 {"hostname": "viterbi-scf2", "processid": 167656, "history": "ExplorerRun.0", "testname": "demo_NOR2_2X_tb_1", "cornername": "Nominal", "point": 1, "logfile": "/home/viterbi/01/tongjia/work_gpdk045/logs_tongjia/logs0/Job33.log", "nodename": "viterbi-scf2", "domainname": "viterbi", "machine": "x86_64", "sysname": "Linux", "release": "3.10.0-1160.119.1.el7.tuxcare.els3.x86_64", "version": "#1 SMP Fri Aug 23 19:18:06 UTC 2024"}
[2024-09-30 20:22:58.314 -0700] [PROCESS] [cadence.virtuoso.ade.simulationMonitor] - UsageInfo:
pid=167656
totalPhysicalMemory=1007.132404GB,Used=112.127323GB,totalVirtualMemory=1007.132404GB,Used=112.127323GB
Cpu: Cores=112, Load average:4.740000,4.230000,3.690000 {"hostname": "viterbi-scf2", "processid": 167656, "history": "ExplorerRun.0", "testname": "demo_NOR2_2X_tb_1", "cornername": "Nominal", "point": 1, "logfile": "/home/viterbi/01/tongjia/work_gpdk045/logs_tongjia/logs0/Job33.log", "pid": "167656", "totalPhysicalMemory": "1007.132404", "physicalMemoryUsed": "112.127323", "totalVirtualMemory": "1007.132404", "virtualMemoryUsed": "112.127323", "cpuCores": "112", "processes": "10939", "loadAverage1": "4.740000", "loadAverage5": "4.230000", "loadAverage15": "3.690000", "loadAverage1Percent": "0.042321"}
[2024-09-30 20:22:58.319 -0700] [EVENT] [cadence.virtuoso.ade.simulationMonitor] - NewPoint {"history": "ExplorerRun.0", "point": 1, "testname": "demo_NOR2_2X_tb_1", "cornername": "Nominal", "event": "NewPoint", "EventSource": "Simulation Monitor", "HistoryName": "ExplorerRun.0", "logFile": "/home/viterbi/01/tongjia/work_gpdk045/logs_tongjia/logs0/Job33.log", "logFileSize": "26335"}
[2024-09-30 20:22:58.722 -0700] [EVENT] [cadence.virtuoso.ade.simulationMonitor] - NewPoint {"history": "ExplorerRun.0", "point": 1, "testname": "demo_NOR2_2X_tb_1", "cornername": "Nominal", "event": "NewPoint", "EventSource": "spectre", "HistoryName": "ExplorerRun.0", "logFile": "/home/viterbi/01/tongjia/simulation/demo/NOR2_2X_tb/maestro/results/maestro/ExplorerRun.0/1/demo_NOR2_2X_tb_1/psf/spectre.out", "logFileSize": "-1"}
[2024-09-30 20:22:58.748 -0700] [PROCESS] [cadence.virtuoso.ade.simulationMonitor] - Simulator launched {"hostname": "viterbi-scf2", "processid": 167656, "history": "ExplorerRun.0", "testname": "demo_NOR2_2X_tb_1", "cornername": "Nominal", "point": 1, "logfile": "/home/viterbi/01/tongjia/work_gpdk045/logs_tongjia/logs0/Job33.log", "simid": "3"}
[2024-09-30 20:22:58.754 -0700] [PROCESS] [cadence.virtuoso.ade.simulationMonitor] - Expression evaluator launched {"hostname": "viterbi-scf2", "processid": 167656, "history": "ExplorerRun.0", "testname": "demo_NOR2_2X_tb_1", "cornername": "Nominal", "point": 1, "logfile": "/home/viterbi/01/tongjia/work_gpdk045/logs_tongjia/logs0/Job33.log"}
[2024-09-30 20:23:00.055 -0700] [PROCESS] [cadence.virtuoso.ade.simulationMonitor] - Started Simulation {"hostname": "viterbi-scf2", "processid": 167656, "history": "ExplorerRun.0", "testname": "demo_NOR2_2X_tb_1", "cornername": "Nominal", "point": 1, "logfile": "/home/viterbi/01/tongjia/work_gpdk045/logs_tongjia/logs0/Job33.log", "event": "started", "task": "simulation"}
[2024-09-30 20:23:00.057 -0700] [INFO] [cadence.virtuoso.ade.simulationMonitor] - Peak resident memory used = 57.6 Mbytes. {"history": "ExplorerRun.0", "point": 1, "testname": "demo_NOR2_2X_tb_1", "cornername": "Nominal"}
[2024-09-30 20:23:00.559 -0700] [INFO] [cadence.virtuoso.ade.simulationMonitor] - Peak resident memory used = 66.8 Mbytes. {"history": "ExplorerRun.0", "point": 1, "testname": "demo_NOR2_2X_tb_1", "cornername": "Nominal"}
[2024-09-30 20:23:00.560 -0700] [INFO] [cadence.virtuoso.ade.simulationMonitor] - Peak resident memory used = 67.5 Mbytes. {"history": "ExplorerRun.0", "point": 1, "testname": "demo_NOR2_2X_tb_1", "cornername": "Nominal"}
[2024-09-30 20:23:00.561 -0700] [INFO] [cadence.virtuoso.ade.simulationMonitor] - Notice from spectre during initial setup.
    Multithreading is disabled due to the size of the design being too small. {"history": "ExplorerRun.0", "point": 1, "testname": "demo_NOR2_2X_tb_1", "cornername": "Nominal"}
[2024-09-30 20:23:00.568 -0700] [INFO] [cadence.virtuoso.ade.simulationMonitor] -               nodes 18 {"history": "ExplorerRun.0", "point": 1, "testname": "demo_NOR2_2X_tb_1", "cornername": "Nominal"}
[2024-09-30 20:23:00.568 -0700] [INFO] [cadence.virtuoso.ade.simulationMonitor] - Notice from spectre during initial setup.
    APS Enabled. {"history": "ExplorerRun.0", "point": 1, "testname": "demo_NOR2_2X_tb_1", "cornername": "Nominal"}
[2024-09-30 20:23:00.569 -0700] [INFO] [cadence.virtuoso.ade.simulationMonitor] - Peak resident memory used = 68.4 Mbytes. {"history": "ExplorerRun.0", "point": 1, "testname": "demo_NOR2_2X_tb_1", "cornername": "Nominal"}
[2024-09-30 20:23:00.570 -0700] [WARN] [cadence.virtuoso.ade.simulationMonitor] -     WARNING (SPECTRE-16707): Only tran supports psfxl format, result of other analyses will be in psfbin format. {"history": "ExplorerRun.0", "point": 1, "testname": "demo_NOR2_2X_tb_1", "cornername": "Nominal"}
[2024-09-30 20:23:00.571 -0700] [INFO] [cadence.virtuoso.ade.simulationMonitor] - Notice from spectre during IC analysis, during transient analysis `tran'.
    GminDC = 1 pS is large enough to noticeably affect the DC solution.
        dV(I2.net4) = 5.40086 mV
        Use the `gmin_check' option to eliminate or expand this report. {"history": "ExplorerRun.0", "point": 1, "testname": "demo_NOR2_2X_tb_1", "cornername": "Nominal"}
[2024-09-30 20:23:00.572 -0700] [INFO] [cadence.virtuoso.ade.simulationMonitor] - Notice from spectre during transient analysis `tran'.
    Multithreading is disabled due to the size of the design being too small. {"history": "ExplorerRun.0", "point": 1, "testname": "demo_NOR2_2X_tb_1", "cornername": "Nominal"}
[2024-09-30 20:23:00.573 -0700] [INFO] [cadence.virtuoso.ade.simulationMonitor] - Notice from spectre at time = 1.20338 ns during transient analysis `tran'.
    Found trapezoidal ringing on node _vvdd!:p. {"history": "ExplorerRun.0", "point": 1, "testname": "demo_NOR2_2X_tb_1", "cornername": "Nominal"}
[2024-09-30 20:23:00.574 -0700] [INFO] [cadence.virtuoso.ade.simulationMonitor] - Notice from spectre at time = 1.24923 ns during transient analysis `tran'.
    Found trapezoidal ringing on node _vvdd!:p. {"history": "ExplorerRun.0", "point": 1, "testname": "demo_NOR2_2X_tb_1", "cornername": "Nominal"}
[2024-09-30 20:23:00.575 -0700] [INFO] [cadence.virtuoso.ade.simulationMonitor] - Notice from spectre at time = 1.27216 ns during transient analysis `tran'.
    Found trapezoidal ringing on node _vvdd!:p. {"history": "ExplorerRun.0", "point": 1, "testname": "demo_NOR2_2X_tb_1", "cornername": "Nominal"}
[2024-09-30 20:23:00.576 -0700] [INFO] [cadence.virtuoso.ade.simulationMonitor] - Notice from spectre at time = 1.31801 ns during transient analysis `tran'.
    Found trapezoidal ringing on node _vvdd!:p. {"history": "ExplorerRun.0", "point": 1, "testname": "demo_NOR2_2X_tb_1", "cornername": "Nominal"}
[2024-09-30 20:23:00.577 -0700] [INFO] [cadence.virtuoso.ade.simulationMonitor] - Notice from spectre at time = 1.34094 ns during transient analysis `tran'.
    Found trapezoidal ringing on node _vvdd!:p.
        Further occurrences of this notice will be suppressed. {"history": "ExplorerRun.0", "point": 1, "testname": "demo_NOR2_2X_tb_1", "cornername": "Nominal"}
[2024-09-30 20:23:00.578 -0700] [INFO] [cadence.virtuoso.ade.simulationMonitor] - Notice from spectre during transient analysis `tran'.
    Trapezoidal ringing is detected during tran analysis.
        Please use method=trap for better results and performance. {"history": "ExplorerRun.0", "point": 1, "testname": "demo_NOR2_2X_tb_1", "cornername": "Nominal"}
[2024-09-30 20:23:00.579 -0700] [INFO] [cadence.virtuoso.ade.simulationMonitor] - Total time required for tran analysis `tran': CPU = 29.959 ms, elapsed = 53.6032 ms. {"history": "ExplorerRun.0", "point": 1, "testname": "demo_NOR2_2X_tb_1", "cornername": "Nominal"}
[2024-09-30 20:23:00.580 -0700] [INFO] [cadence.virtuoso.ade.simulationMonitor] - Peak resident memory used = 70.9 Mbytes. {"history": "ExplorerRun.0", "point": 1, "testname": "demo_NOR2_2X_tb_1", "cornername": "Nominal"}
[2024-09-30 20:23:00.580 -0700] [INFO] [cadence.virtuoso.ade.simulationMonitor] - Notice from spectre.
    42 notices suppressed. {"history": "ExplorerRun.0", "point": 1, "testname": "demo_NOR2_2X_tb_1", "cornername": "Nominal"}
[2024-09-30 20:23:00.581 -0700] [INFO] [cadence.virtuoso.ade.simulationMonitor] - Time used: CPU = 1.08 s, elapsed = 1.33 s, util. = 81.3%. {"history": "ExplorerRun.0", "point": 1, "testname": "demo_NOR2_2X_tb_1", "cornername": "Nominal"}
[2024-09-30 20:23:00.582 -0700] [INFO] [cadence.virtuoso.ade.simulationMonitor] - Time spent in licensing: elapsed = 32 ms. {"history": "ExplorerRun.0", "point": 1, "testname": "demo_NOR2_2X_tb_1", "cornername": "Nominal"}
[2024-09-30 20:23:00.585 -0700] [INFO] [cadence.virtuoso.ade.simulationMonitor] - Peak memory used = 72.2 Mbytes. {"history": "ExplorerRun.0", "point": 1, "testname": "demo_NOR2_2X_tb_1", "cornername": "Nominal"}
[2024-09-30 20:23:00.589 -0700] [PROCESS] [cadence.virtuoso.ade.simulationMonitor] - Simulation started at: 8:22:58 PM, Mon Sep 30, 2024, ended at: 8:23:00 PM, Mon Sep 30, 2024, with elapsed time (wall clock): 1.33 s. {"history": "ExplorerRun.0", "point": 1, "testname": "demo_NOR2_2X_tb_1", "cornername": "Nominal"}
[2024-09-30 20:23:00.590 -0700] [PROCESS] [cadence.virtuoso.ade.simulationMonitor] - spectre completes with 0 errors, 1 warning, and 11 notices. {"history": "ExplorerRun.0", "point": 1, "testname": "demo_NOR2_2X_tb_1", "cornername": "Nominal"}
[2024-09-30 20:23:00.591 -0700] [PROCESS] [cadence.virtuoso.ade.simulationMonitor] - Finished simulating for one point {"hostname": "viterbi-scf2", "processid": 167656, "history": "ExplorerRun.0", "testname": "demo_NOR2_2X_tb_1", "cornername": "Nominal", "point": 1, "logfile": "/home/viterbi/01/tongjia/work_gpdk045/logs_tongjia/logs0/Job33.log", "simid": "3"}
[2024-09-30 20:23:00.591 -0700] [PROCESS] [cadence.virtuoso.ade.simulationMonitor] - Simulator exited {"hostname": "viterbi-scf2", "processid": 167656, "history": "ExplorerRun.0", "testname": "demo_NOR2_2X_tb_1", "cornername": "Nominal", "point": 1, "logfile": "/home/viterbi/01/tongjia/work_gpdk045/logs_tongjia/logs0/Job33.log", "exitStatus": "0"}
[2024-09-30 20:23:00.592 -0700] [PROCESS] [cadence.virtuoso.ade.simulationMonitor] - Finished Simulation {"hostname": "viterbi-scf2", "processid": 167656, "history": "ExplorerRun.0", "testname": "demo_NOR2_2X_tb_1", "cornername": "Nominal", "point": 1, "logfile": "/home/viterbi/01/tongjia/work_gpdk045/logs_tongjia/logs0/Job33.log", "simid": "3"}
[2024-09-30 20:23:04.627 -0700] [PROCESS] [cadence.virtuoso.ade.simulationMonitor] - Point Finished {"hostname": "viterbi-scf2", "processid": 167656, "history": "ExplorerRun.0", "testname": "demo_NOR2_2X_tb_1", "cornername": "Nominal", "point": 1, "logfile": "/home/viterbi/01/tongjia/work_gpdk045/logs_tongjia/logs0/Job33.log"}
[2024-09-30 20:23:05.644 -0700] [PROCESS] [cadence.virtuoso.ade.simulationMonitor] - Stay with the runId '2', Linger time '300', currentRunSyn '5', currentTestSyn '6' {"hostname": "viterbi-scf2", "processid": 167656, "history": "ExplorerRun.0", "testname": "demo_NOR2_2X_tb_1", "cornername": "Nominal", "point": 1, "logfile": "/home/viterbi/01/tongjia/work_gpdk045/logs_tongjia/logs0/Job33.log"}
[2024-09-30 20:28:05.634 -0700] [PROCESS] [cadence.virtuoso.ade.simulationMonitor] - Current memory used: 32.4648 MBytes, peak memory used: 32.4648 MBytes {"hostname": "viterbi-scf2", "processid": 167656, "history": "ExplorerRun.0", "testname": "demo_NOR2_2X_tb_1", "cornername": "Nominal", "point": 1, "logfile": "/home/viterbi/01/tongjia/work_gpdk045/logs_tongjia/logs0/Job33.log"}
[2024-09-30 20:28:05.635 -0700] [PROCESS] [cadence.virtuoso.ade.simulationMonitor] - Simulation Monitor process exit. {"hostname": "viterbi-scf2", "processid": 167656, "history": "ExplorerRun.0", "testname": "demo_NOR2_2X_tb_1", "cornername": "Nominal", "point": 1, "logfile": "/home/viterbi/01/tongjia/work_gpdk045/logs_tongjia/logs0/Job33.log"}
