[Simulation Monitor: 35]
[2024-10-16 06:45:10.018 -0700] [PROCESS] [cadence.virtuoso.ade.simulationMonitor] - Simulation Monitor has successfully started up. Trying to set up communication channels to other components ... {"hostname": "viterbi-scf2", "processid": 200146, "logfile": "/home/viterbi/01/tongjia/work_gpdk045/logs_tongjia/logs0/Job35.log"}
[2024-10-16 06:45:10.027 -0700] [PROCESS] [cadence.virtuoso.ade.simulationMonitor] - Communication channels have been successfully set up. Start processing events ... {"hostname": "viterbi-scf2", "processid": 200146, "logfile": "/home/viterbi/01/tongjia/work_gpdk045/logs_tongjia/logs0/Job35.log"}
[2024-10-16 06:45:10.030 -0700] [PROCESS] [cadence.virtuoso.ade.simulationMonitor] - Considering to start history {"hostname": "viterbi-scf2", "processid": 200146, "history": "ExplorerRun.0", "logfile": "/home/viterbi/01/tongjia/work_gpdk045/logs_tongjia/logs0/Job35.log"}
[2024-10-16 06:45:10.077 -0700] [PROCESS] [cadence.virtuoso.ade.simulationMonitor] - HostInfo:
Host name (type):	viterbi-scf2 (x86_64)
Operating system:	Linux 3.10.0-1160.119.1.el7.tuxcare.els3.x86_64 #1 SMP Fri Aug 23 19:18:06 UTC 2024 {"hostname": "viterbi-scf2", "processid": 200146, "history": "ExplorerRun.0", "logfile": "/home/viterbi/01/tongjia/work_gpdk045/logs_tongjia/logs0/Job35.log", "nodename": "viterbi-scf2", "domainname": "viterbi", "machine": "x86_64", "sysname": "Linux", "release": "3.10.0-1160.119.1.el7.tuxcare.els3.x86_64", "version": "#1 SMP Fri Aug 23 19:18:06 UTC 2024"}
[2024-10-16 06:45:10.081 -0700] [PROCESS] [cadence.virtuoso.ade.simulationMonitor] - UsageInfo:
pid=200146
totalPhysicalMemory=1007.132404GB,Used=220.202957GB,totalVirtualMemory=1007.132404GB,Used=220.202957GB
Cpu: Cores=112, Load average:2.440000,2.690000,2.740000 {"hostname": "viterbi-scf2", "processid": 200146, "history": "ExplorerRun.0", "logfile": "/home/viterbi/01/tongjia/work_gpdk045/logs_tongjia/logs0/Job35.log", "pid": "200146", "totalPhysicalMemory": "1007.132404", "physicalMemoryUsed": "220.202957", "totalVirtualMemory": "1007.132404", "virtualMemoryUsed": "220.202957", "cpuCores": "112", "processes": "4094", "loadAverage1": "2.440000", "loadAverage5": "2.690000", "loadAverage15": "2.740000", "loadAverage1Percent": "0.021786"}
[2024-10-16 06:45:10.085 -0700] [EVENT] [cadence.virtuoso.ade.simulationMonitor] - NewPoint {"history": "ExplorerRun.0", "point": 1, "testname": "demo_1-bit_Full_Adder_ver2_tb_1", "cornername": "Nominal", "event": "NewPoint", "EventSource": "Simulation Monitor", "HistoryName": "ExplorerRun.0", "logFile": "/home/viterbi/01/tongjia/work_gpdk045/logs_tongjia/logs0/Job35.log", "logFileSize": "2268"}
[2024-10-16 06:45:10.394 -0700] [EVENT] [cadence.virtuoso.ade.simulationMonitor] - NewPoint {"history": "ExplorerRun.0", "point": 1, "testname": "demo_1-bit_Full_Adder_ver2_tb_1", "cornername": "Nominal", "event": "NewPoint", "EventSource": "spectre", "HistoryName": "ExplorerRun.0", "logFile": "/home/viterbi/01/tongjia/simulation/demo/1-bit_Full_Adder_ver2_tb/maestro/results/maestro/ExplorerRun.0/1/demo_1-bit_Full_Adder_ver2_tb_1/psf/spectre.out", "logFileSize": "-1"}
[2024-10-16 06:45:10.431 -0700] [PROCESS] [cadence.virtuoso.ade.simulationMonitor] - Simulator launched {"hostname": "viterbi-scf2", "processid": 200146, "history": "ExplorerRun.0", "testname": "demo_1-bit_Full_Adder_ver2_tb_1", "cornername": "Nominal", "point": 1, "logfile": "/home/viterbi/01/tongjia/work_gpdk045/logs_tongjia/logs0/Job35.log", "simid": "1"}
[2024-10-16 06:45:10.438 -0700] [PROCESS] [cadence.virtuoso.ade.simulationMonitor] - Expression evaluator launched {"hostname": "viterbi-scf2", "processid": 200146, "history": "ExplorerRun.0", "testname": "demo_1-bit_Full_Adder_ver2_tb_1", "cornername": "Nominal", "point": 1, "logfile": "/home/viterbi/01/tongjia/work_gpdk045/logs_tongjia/logs0/Job35.log"}
[2024-10-16 06:45:10.892 -0700] [PROCESS] [cadence.virtuoso.ade.simulationMonitor] - Started Simulation {"hostname": "viterbi-scf2", "processid": 200146, "history": "ExplorerRun.0", "testname": "demo_1-bit_Full_Adder_ver2_tb_1", "cornername": "Nominal", "point": 1, "logfile": "/home/viterbi/01/tongjia/work_gpdk045/logs_tongjia/logs0/Job35.log", "event": "started", "task": "simulation"}
[2024-10-16 06:45:11.898 -0700] [INFO] [cadence.virtuoso.ade.simulationMonitor] - Peak resident memory used = 57.7 Mbytes. {"history": "ExplorerRun.0", "point": 1, "testname": "demo_1-bit_Full_Adder_ver2_tb_1", "cornername": "Nominal"}
[2024-10-16 06:45:12.405 -0700] [INFO] [cadence.virtuoso.ade.simulationMonitor] - Peak resident memory used = 67.2 Mbytes. {"history": "ExplorerRun.0", "point": 1, "testname": "demo_1-bit_Full_Adder_ver2_tb_1", "cornername": "Nominal"}
[2024-10-16 06:45:12.409 -0700] [INFO] [cadence.virtuoso.ade.simulationMonitor] - Peak resident memory used = 68 Mbytes. {"history": "ExplorerRun.0", "point": 1, "testname": "demo_1-bit_Full_Adder_ver2_tb_1", "cornername": "Nominal"}
[2024-10-16 06:45:12.413 -0700] [INFO] [cadence.virtuoso.ade.simulationMonitor] - Notice from spectre during initial setup.
    Multithreading is disabled due to the size of the design being too small. {"history": "ExplorerRun.0", "point": 1, "testname": "demo_1-bit_Full_Adder_ver2_tb_1", "cornername": "Nominal"}
[2024-10-16 06:45:12.425 -0700] [INFO] [cadence.virtuoso.ade.simulationMonitor] -               nodes 88 {"history": "ExplorerRun.0", "point": 1, "testname": "demo_1-bit_Full_Adder_ver2_tb_1", "cornername": "Nominal"}
[2024-10-16 06:45:12.427 -0700] [INFO] [cadence.virtuoso.ade.simulationMonitor] - Notice from spectre during initial setup.
    APS Enabled. {"history": "ExplorerRun.0", "point": 1, "testname": "demo_1-bit_Full_Adder_ver2_tb_1", "cornername": "Nominal"}
[2024-10-16 06:45:12.430 -0700] [INFO] [cadence.virtuoso.ade.simulationMonitor] - Peak resident memory used = 69 Mbytes. {"history": "ExplorerRun.0", "point": 1, "testname": "demo_1-bit_Full_Adder_ver2_tb_1", "cornername": "Nominal"}
[2024-10-16 06:45:12.433 -0700] [WARN] [cadence.virtuoso.ade.simulationMonitor] -     WARNING (SPECTRE-16707): Only tran supports psfxl format, result of other analyses will be in psfbin format. {"history": "ExplorerRun.0", "point": 1, "testname": "demo_1-bit_Full_Adder_ver2_tb_1", "cornername": "Nominal"}
[2024-10-16 06:45:12.437 -0700] [INFO] [cadence.virtuoso.ade.simulationMonitor] - Notice from spectre during IC analysis, during transient analysis `tran'.
    GminDC = 1 pS is large enough to noticeably affect the DC solution.
        dV(I3.I3.net9) = 58.7687 mV
        Use the `gmin_check' option to eliminate or expand this report.
    Bad pivoting is found during DC analysis. Option dc_pivot_check=yes is recommended for possible improvement of convergence. {"history": "ExplorerRun.0", "point": 1, "testname": "demo_1-bit_Full_Adder_ver2_tb_1", "cornername": "Nominal"}
[2024-10-16 06:45:12.440 -0700] [INFO] [cadence.virtuoso.ade.simulationMonitor] - Notice from spectre during transient analysis `tran'.
    Multithreading is disabled due to the size of the design being too small. {"history": "ExplorerRun.0", "point": 1, "testname": "demo_1-bit_Full_Adder_ver2_tb_1", "cornername": "Nominal"}
[2024-10-16 06:45:12.444 -0700] [INFO] [cadence.virtuoso.ade.simulationMonitor] - Notice from spectre at time = 2.77732 ns during transient analysis `tran'.
    Found trapezoidal ringing on node _vvdd!:p. {"history": "ExplorerRun.0", "point": 1, "testname": "demo_1-bit_Full_Adder_ver2_tb_1", "cornername": "Nominal"}
[2024-10-16 06:45:12.447 -0700] [INFO] [cadence.virtuoso.ade.simulationMonitor] - Notice from spectre at time = 2.88866 ns during transient analysis `tran'.
    Found trapezoidal ringing on node _vvdd!:p. {"history": "ExplorerRun.0", "point": 1, "testname": "demo_1-bit_Full_Adder_ver2_tb_1", "cornername": "Nominal"}
[2024-10-16 06:45:12.450 -0700] [INFO] [cadence.virtuoso.ade.simulationMonitor] - Notice from spectre at time = 3 ns during transient analysis `tran'.
    Found trapezoidal ringing on node _vvdd!:p. {"history": "ExplorerRun.0", "point": 1, "testname": "demo_1-bit_Full_Adder_ver2_tb_1", "cornername": "Nominal"}
[2024-10-16 06:45:12.454 -0700] [INFO] [cadence.virtuoso.ade.simulationMonitor] - Notice from spectre at time = 4.5182 ns during transient analysis `tran'.
    Found trapezoidal ringing on node _vvdd!:p. {"history": "ExplorerRun.0", "point": 1, "testname": "demo_1-bit_Full_Adder_ver2_tb_1", "cornername": "Nominal"}
[2024-10-16 06:45:12.456 -0700] [INFO] [cadence.virtuoso.ade.simulationMonitor] - Notice from spectre at time = 4.7182 ns during transient analysis `tran'.
    Found trapezoidal ringing on node _vvdd!:p.
        Further occurrences of this notice will be suppressed. {"history": "ExplorerRun.0", "point": 1, "testname": "demo_1-bit_Full_Adder_ver2_tb_1", "cornername": "Nominal"}
[2024-10-16 06:45:12.460 -0700] [INFO] [cadence.virtuoso.ade.simulationMonitor] - Notice from spectre during transient analysis `tran'.
    Trapezoidal ringing is detected during tran analysis.
        Please use method=trap for better results and performance. {"history": "ExplorerRun.0", "point": 1, "testname": "demo_1-bit_Full_Adder_ver2_tb_1", "cornername": "Nominal"}
[2024-10-16 06:45:12.463 -0700] [INFO] [cadence.virtuoso.ade.simulationMonitor] - Total time required for tran analysis `tran': CPU = 77.081 ms, elapsed = 91.0289 ms. {"history": "ExplorerRun.0", "point": 1, "testname": "demo_1-bit_Full_Adder_ver2_tb_1", "cornername": "Nominal"}
[2024-10-16 06:45:12.466 -0700] [INFO] [cadence.virtuoso.ade.simulationMonitor] - Peak resident memory used = 72.4 Mbytes. {"history": "ExplorerRun.0", "point": 1, "testname": "demo_1-bit_Full_Adder_ver2_tb_1", "cornername": "Nominal"}
[2024-10-16 06:45:12.468 -0700] [INFO] [cadence.virtuoso.ade.simulationMonitor] - Notice from spectre.
    27 notices suppressed. {"history": "ExplorerRun.0", "point": 1, "testname": "demo_1-bit_Full_Adder_ver2_tb_1", "cornername": "Nominal"}
[2024-10-16 06:45:12.471 -0700] [INFO] [cadence.virtuoso.ade.simulationMonitor] - Time used: CPU = 1.28 s, elapsed = 1.55 s, util. = 82.9%. {"history": "ExplorerRun.0", "point": 1, "testname": "demo_1-bit_Full_Adder_ver2_tb_1", "cornername": "Nominal"}
[2024-10-16 06:45:12.474 -0700] [INFO] [cadence.virtuoso.ade.simulationMonitor] - Time spent in licensing: elapsed = 23.6 ms. {"history": "ExplorerRun.0", "point": 1, "testname": "demo_1-bit_Full_Adder_ver2_tb_1", "cornername": "Nominal"}
[2024-10-16 06:45:12.479 -0700] [INFO] [cadence.virtuoso.ade.simulationMonitor] - Peak memory used = 73 Mbytes. {"history": "ExplorerRun.0", "point": 1, "testname": "demo_1-bit_Full_Adder_ver2_tb_1", "cornername": "Nominal"}
[2024-10-16 06:45:12.487 -0700] [PROCESS] [cadence.virtuoso.ade.simulationMonitor] - Simulation started at: 6:45:10 AM, Wed Oct 16, 2024, ended at: 6:45:12 AM, Wed Oct 16, 2024, with elapsed time (wall clock): 1.55 s. {"history": "ExplorerRun.0", "point": 1, "testname": "demo_1-bit_Full_Adder_ver2_tb_1", "cornername": "Nominal"}
[2024-10-16 06:45:12.490 -0700] [PROCESS] [cadence.virtuoso.ade.simulationMonitor] - spectre completes with 0 errors, 1 warning, and 12 notices. {"history": "ExplorerRun.0", "point": 1, "testname": "demo_1-bit_Full_Adder_ver2_tb_1", "cornername": "Nominal"}
[2024-10-16 06:45:12.492 -0700] [PROCESS] [cadence.virtuoso.ade.simulationMonitor] - Finished simulating for one point {"hostname": "viterbi-scf2", "processid": 200146, "history": "ExplorerRun.0", "testname": "demo_1-bit_Full_Adder_ver2_tb_1", "cornername": "Nominal", "point": 1, "logfile": "/home/viterbi/01/tongjia/work_gpdk045/logs_tongjia/logs0/Job35.log", "simid": "1"}
[2024-10-16 06:45:12.495 -0700] [PROCESS] [cadence.virtuoso.ade.simulationMonitor] - Simulator exited {"hostname": "viterbi-scf2", "processid": 200146, "history": "ExplorerRun.0", "testname": "demo_1-bit_Full_Adder_ver2_tb_1", "cornername": "Nominal", "point": 1, "logfile": "/home/viterbi/01/tongjia/work_gpdk045/logs_tongjia/logs0/Job35.log", "exitStatus": "0"}
[2024-10-16 06:45:12.497 -0700] [PROCESS] [cadence.virtuoso.ade.simulationMonitor] - Finished Simulation {"hostname": "viterbi-scf2", "processid": 200146, "history": "ExplorerRun.0", "testname": "demo_1-bit_Full_Adder_ver2_tb_1", "cornername": "Nominal", "point": 1, "logfile": "/home/viterbi/01/tongjia/work_gpdk045/logs_tongjia/logs0/Job35.log", "simid": "1"}
[2024-10-16 06:45:16.044 -0700] [PROCESS] [cadence.virtuoso.ade.simulationMonitor] - Point Finished {"hostname": "viterbi-scf2", "processid": 200146, "history": "ExplorerRun.0", "testname": "demo_1-bit_Full_Adder_ver2_tb_1", "cornername": "Nominal", "point": 1, "logfile": "/home/viterbi/01/tongjia/work_gpdk045/logs_tongjia/logs0/Job35.log"}
[2024-10-16 06:45:17.082 -0700] [PROCESS] [cadence.virtuoso.ade.simulationMonitor] - Stay with the runId '0', Linger time '300', currentRunSyn '1', currentTestSyn '2' {"hostname": "viterbi-scf2", "processid": 200146, "history": "ExplorerRun.0", "testname": "demo_1-bit_Full_Adder_ver2_tb_1", "cornername": "Nominal", "point": 1, "logfile": "/home/viterbi/01/tongjia/work_gpdk045/logs_tongjia/logs0/Job35.log"}
[2024-10-16 06:46:36.830 -0700] [INFO] [cadence.virtuoso.ade.simulationMonitor] - SimulationMonitor has terminated the vds process '200197', reason: 'Force to stop the expression evalutor process because of new run' {"history": "ExplorerRun.0", "point": 1, "testname": "demo_1-bit_Full_Adder_ver2_tb_1", "cornername": "Nominal"}
[2024-10-16 06:46:36.837 -0700] [PROCESS] [cadence.virtuoso.ade.simulationMonitor] - HostInfo:
Host name (type):	viterbi-scf2 (x86_64)
Operating system:	Linux 3.10.0-1160.119.1.el7.tuxcare.els3.x86_64 #1 SMP Fri Aug 23 19:18:06 UTC 2024 {"hostname": "viterbi-scf2", "processid": 200146, "history": "ExplorerRun.0", "testname": "demo_1-bit_Full_Adder_ver2_tb_1", "cornername": "Nominal", "point": 1, "logfile": "/home/viterbi/01/tongjia/work_gpdk045/logs_tongjia/logs0/Job35.log", "nodename": "viterbi-scf2", "domainname": "viterbi", "machine": "x86_64", "sysname": "Linux", "release": "3.10.0-1160.119.1.el7.tuxcare.els3.x86_64", "version": "#1 SMP Fri Aug 23 19:18:06 UTC 2024"}
[2024-10-16 06:46:36.840 -0700] [PROCESS] [cadence.virtuoso.ade.simulationMonitor] - UsageInfo:
pid=200146
totalPhysicalMemory=1007.132404GB,Used=220.193027GB,totalVirtualMemory=1007.132404GB,Used=220.193027GB
Cpu: Cores=112, Load average:2.620000,2.650000,2.720000 {"hostname": "viterbi-scf2", "processid": 200146, "history": "ExplorerRun.0", "testname": "demo_1-bit_Full_Adder_ver2_tb_1", "cornername": "Nominal", "point": 1, "logfile": "/home/viterbi/01/tongjia/work_gpdk045/logs_tongjia/logs0/Job35.log", "pid": "200146", "totalPhysicalMemory": "1007.132404", "physicalMemoryUsed": "220.193027", "totalVirtualMemory": "1007.132404", "virtualMemoryUsed": "220.193027", "cpuCores": "112", "processes": "4102", "loadAverage1": "2.620000", "loadAverage5": "2.650000", "loadAverage15": "2.720000", "loadAverage1Percent": "0.023393"}
[2024-10-16 06:46:36.846 -0700] [EVENT] [cadence.virtuoso.ade.simulationMonitor] - NewPoint {"history": "ExplorerRun.0", "point": 1, "testname": "demo_1-bit_Full_Adder_ver2_tb_1", "cornername": "Nominal", "event": "NewPoint", "EventSource": "Simulation Monitor", "HistoryName": "ExplorerRun.0", "logFile": "/home/viterbi/01/tongjia/work_gpdk045/logs_tongjia/logs0/Job35.log", "logFileSize": "14967"}
[2024-10-16 06:46:37.158 -0700] [EVENT] [cadence.virtuoso.ade.simulationMonitor] - NewPoint {"history": "ExplorerRun.0", "point": 1, "testname": "demo_1-bit_Full_Adder_ver2_tb_1", "cornername": "Nominal", "event": "NewPoint", "EventSource": "spectre", "HistoryName": "ExplorerRun.0", "logFile": "/home/viterbi/01/tongjia/simulation/demo/1-bit_Full_Adder_ver2_tb/maestro/results/maestro/ExplorerRun.0/1/demo_1-bit_Full_Adder_ver2_tb_1/psf/spectre.out", "logFileSize": "-1"}
[2024-10-16 06:46:37.192 -0700] [PROCESS] [cadence.virtuoso.ade.simulationMonitor] - Simulator launched {"hostname": "viterbi-scf2", "processid": 200146, "history": "ExplorerRun.0", "testname": "demo_1-bit_Full_Adder_ver2_tb_1", "cornername": "Nominal", "point": 1, "logfile": "/home/viterbi/01/tongjia/work_gpdk045/logs_tongjia/logs0/Job35.log", "simid": "2"}
[2024-10-16 06:46:37.202 -0700] [PROCESS] [cadence.virtuoso.ade.simulationMonitor] - Expression evaluator launched {"hostname": "viterbi-scf2", "processid": 200146, "history": "ExplorerRun.0", "testname": "demo_1-bit_Full_Adder_ver2_tb_1", "cornername": "Nominal", "point": 1, "logfile": "/home/viterbi/01/tongjia/work_gpdk045/logs_tongjia/logs0/Job35.log"}
[2024-10-16 06:46:37.681 -0700] [PROCESS] [cadence.virtuoso.ade.simulationMonitor] - Started Simulation {"hostname": "viterbi-scf2", "processid": 200146, "history": "ExplorerRun.0", "testname": "demo_1-bit_Full_Adder_ver2_tb_1", "cornername": "Nominal", "point": 1, "logfile": "/home/viterbi/01/tongjia/work_gpdk045/logs_tongjia/logs0/Job35.log", "event": "started", "task": "simulation"}
[2024-10-16 06:46:38.691 -0700] [INFO] [cadence.virtuoso.ade.simulationMonitor] - Peak resident memory used = 57.7 Mbytes. {"history": "ExplorerRun.0", "point": 1, "testname": "demo_1-bit_Full_Adder_ver2_tb_1", "cornername": "Nominal"}
[2024-10-16 06:46:39.200 -0700] [INFO] [cadence.virtuoso.ade.simulationMonitor] - Peak resident memory used = 67.2 Mbytes. {"history": "ExplorerRun.0", "point": 1, "testname": "demo_1-bit_Full_Adder_ver2_tb_1", "cornername": "Nominal"}
[2024-10-16 06:46:39.204 -0700] [INFO] [cadence.virtuoso.ade.simulationMonitor] - Peak resident memory used = 68 Mbytes. {"history": "ExplorerRun.0", "point": 1, "testname": "demo_1-bit_Full_Adder_ver2_tb_1", "cornername": "Nominal"}
[2024-10-16 06:46:39.206 -0700] [INFO] [cadence.virtuoso.ade.simulationMonitor] - Notice from spectre during initial setup.
    Multithreading is disabled due to the size of the design being too small. {"history": "ExplorerRun.0", "point": 1, "testname": "demo_1-bit_Full_Adder_ver2_tb_1", "cornername": "Nominal"}
[2024-10-16 06:46:39.217 -0700] [INFO] [cadence.virtuoso.ade.simulationMonitor] -               nodes 88 {"history": "ExplorerRun.0", "point": 1, "testname": "demo_1-bit_Full_Adder_ver2_tb_1", "cornername": "Nominal"}
[2024-10-16 06:46:39.218 -0700] [INFO] [cadence.virtuoso.ade.simulationMonitor] - Notice from spectre during initial setup.
    APS Enabled. {"history": "ExplorerRun.0", "point": 1, "testname": "demo_1-bit_Full_Adder_ver2_tb_1", "cornername": "Nominal"}
[2024-10-16 06:46:39.221 -0700] [INFO] [cadence.virtuoso.ade.simulationMonitor] - Peak resident memory used = 69 Mbytes. {"history": "ExplorerRun.0", "point": 1, "testname": "demo_1-bit_Full_Adder_ver2_tb_1", "cornername": "Nominal"}
[2024-10-16 06:46:39.224 -0700] [WARN] [cadence.virtuoso.ade.simulationMonitor] -     WARNING (SPECTRE-16707): Only tran supports psfxl format, result of other analyses will be in psfbin format. {"history": "ExplorerRun.0", "point": 1, "testname": "demo_1-bit_Full_Adder_ver2_tb_1", "cornername": "Nominal"}
[2024-10-16 06:46:39.227 -0700] [INFO] [cadence.virtuoso.ade.simulationMonitor] - Notice from spectre during IC analysis, during transient analysis `tran'.
    GminDC = 1 pS is large enough to noticeably affect the DC solution.
        dV(I3.I3.net9) = 58.7687 mV
        Use the `gmin_check' option to eliminate or expand this report.
    Bad pivoting is found during DC analysis. Option dc_pivot_check=yes is recommended for possible improvement of convergence. {"history": "ExplorerRun.0", "point": 1, "testname": "demo_1-bit_Full_Adder_ver2_tb_1", "cornername": "Nominal"}
[2024-10-16 06:46:39.229 -0700] [INFO] [cadence.virtuoso.ade.simulationMonitor] - Notice from spectre during transient analysis `tran'.
    Multithreading is disabled due to the size of the design being too small. {"history": "ExplorerRun.0", "point": 1, "testname": "demo_1-bit_Full_Adder_ver2_tb_1", "cornername": "Nominal"}
[2024-10-16 06:46:39.232 -0700] [INFO] [cadence.virtuoso.ade.simulationMonitor] - Notice from spectre at time = 2.77732 ns during transient analysis `tran'.
    Found trapezoidal ringing on node _vvdd!:p. {"history": "ExplorerRun.0", "point": 1, "testname": "demo_1-bit_Full_Adder_ver2_tb_1", "cornername": "Nominal"}
[2024-10-16 06:46:39.235 -0700] [INFO] [cadence.virtuoso.ade.simulationMonitor] - Notice from spectre at time = 2.88866 ns during transient analysis `tran'.
    Found trapezoidal ringing on node _vvdd!:p. {"history": "ExplorerRun.0", "point": 1, "testname": "demo_1-bit_Full_Adder_ver2_tb_1", "cornername": "Nominal"}
[2024-10-16 06:46:39.237 -0700] [INFO] [cadence.virtuoso.ade.simulationMonitor] - Notice from spectre at time = 3 ns during transient analysis `tran'.
    Found trapezoidal ringing on node _vvdd!:p. {"history": "ExplorerRun.0", "point": 1, "testname": "demo_1-bit_Full_Adder_ver2_tb_1", "cornername": "Nominal"}
[2024-10-16 06:46:39.240 -0700] [INFO] [cadence.virtuoso.ade.simulationMonitor] - Notice from spectre at time = 4.5182 ns during transient analysis `tran'.
    Found trapezoidal ringing on node _vvdd!:p. {"history": "ExplorerRun.0", "point": 1, "testname": "demo_1-bit_Full_Adder_ver2_tb_1", "cornername": "Nominal"}
[2024-10-16 06:46:39.242 -0700] [INFO] [cadence.virtuoso.ade.simulationMonitor] - Notice from spectre at time = 4.7182 ns during transient analysis `tran'.
    Found trapezoidal ringing on node _vvdd!:p.
        Further occurrences of this notice will be suppressed. {"history": "ExplorerRun.0", "point": 1, "testname": "demo_1-bit_Full_Adder_ver2_tb_1", "cornername": "Nominal"}
[2024-10-16 06:46:39.245 -0700] [INFO] [cadence.virtuoso.ade.simulationMonitor] - Notice from spectre during transient analysis `tran'.
    Trapezoidal ringing is detected during tran analysis.
        Please use method=trap for better results and performance. {"history": "ExplorerRun.0", "point": 1, "testname": "demo_1-bit_Full_Adder_ver2_tb_1", "cornername": "Nominal"}
[2024-10-16 06:46:39.247 -0700] [INFO] [cadence.virtuoso.ade.simulationMonitor] - Total time required for tran analysis `tran': CPU = 139.144 ms, elapsed = 152.821 ms. {"history": "ExplorerRun.0", "point": 1, "testname": "demo_1-bit_Full_Adder_ver2_tb_1", "cornername": "Nominal"}
[2024-10-16 06:46:39.250 -0700] [INFO] [cadence.virtuoso.ade.simulationMonitor] - Peak resident memory used = 72.4 Mbytes. {"history": "ExplorerRun.0", "point": 1, "testname": "demo_1-bit_Full_Adder_ver2_tb_1", "cornername": "Nominal"}
[2024-10-16 06:46:39.252 -0700] [INFO] [cadence.virtuoso.ade.simulationMonitor] - Notice from spectre.
    27 notices suppressed. {"history": "ExplorerRun.0", "point": 1, "testname": "demo_1-bit_Full_Adder_ver2_tb_1", "cornername": "Nominal"}
[2024-10-16 06:46:39.254 -0700] [INFO] [cadence.virtuoso.ade.simulationMonitor] - Time used: CPU = 1.43 s, elapsed = 1.68 s, util. = 84.9%. {"history": "ExplorerRun.0", "point": 1, "testname": "demo_1-bit_Full_Adder_ver2_tb_1", "cornername": "Nominal"}
[2024-10-16 06:46:39.257 -0700] [INFO] [cadence.virtuoso.ade.simulationMonitor] - Time spent in licensing: elapsed = 41.7 ms. {"history": "ExplorerRun.0", "point": 1, "testname": "demo_1-bit_Full_Adder_ver2_tb_1", "cornername": "Nominal"}
[2024-10-16 06:46:39.261 -0700] [INFO] [cadence.virtuoso.ade.simulationMonitor] - Peak memory used = 73 Mbytes. {"history": "ExplorerRun.0", "point": 1, "testname": "demo_1-bit_Full_Adder_ver2_tb_1", "cornername": "Nominal"}
[2024-10-16 06:46:39.267 -0700] [PROCESS] [cadence.virtuoso.ade.simulationMonitor] - Simulation started at: 6:46:37 AM, Wed Oct 16, 2024, ended at: 6:46:39 AM, Wed Oct 16, 2024, with elapsed time (wall clock): 1.68 s. {"history": "ExplorerRun.0", "point": 1, "testname": "demo_1-bit_Full_Adder_ver2_tb_1", "cornername": "Nominal"}
[2024-10-16 06:46:39.269 -0700] [PROCESS] [cadence.virtuoso.ade.simulationMonitor] - spectre completes with 0 errors, 1 warning, and 12 notices. {"history": "ExplorerRun.0", "point": 1, "testname": "demo_1-bit_Full_Adder_ver2_tb_1", "cornername": "Nominal"}
[2024-10-16 06:46:39.271 -0700] [PROCESS] [cadence.virtuoso.ade.simulationMonitor] - Finished simulating for one point {"hostname": "viterbi-scf2", "processid": 200146, "history": "ExplorerRun.0", "testname": "demo_1-bit_Full_Adder_ver2_tb_1", "cornername": "Nominal", "point": 1, "logfile": "/home/viterbi/01/tongjia/work_gpdk045/logs_tongjia/logs0/Job35.log", "simid": "2"}
[2024-10-16 06:46:39.274 -0700] [PROCESS] [cadence.virtuoso.ade.simulationMonitor] - Simulator exited {"hostname": "viterbi-scf2", "processid": 200146, "history": "ExplorerRun.0", "testname": "demo_1-bit_Full_Adder_ver2_tb_1", "cornername": "Nominal", "point": 1, "logfile": "/home/viterbi/01/tongjia/work_gpdk045/logs_tongjia/logs0/Job35.log", "exitStatus": "0"}
[2024-10-16 06:46:39.276 -0700] [PROCESS] [cadence.virtuoso.ade.simulationMonitor] - Finished Simulation {"hostname": "viterbi-scf2", "processid": 200146, "history": "ExplorerRun.0", "testname": "demo_1-bit_Full_Adder_ver2_tb_1", "cornername": "Nominal", "point": 1, "logfile": "/home/viterbi/01/tongjia/work_gpdk045/logs_tongjia/logs0/Job35.log", "simid": "2"}
[2024-10-16 06:46:43.318 -0700] [PROCESS] [cadence.virtuoso.ade.simulationMonitor] - Point Finished {"hostname": "viterbi-scf2", "processid": 200146, "history": "ExplorerRun.0", "testname": "demo_1-bit_Full_Adder_ver2_tb_1", "cornername": "Nominal", "point": 1, "logfile": "/home/viterbi/01/tongjia/work_gpdk045/logs_tongjia/logs0/Job35.log"}
[2024-10-16 06:46:44.356 -0700] [PROCESS] [cadence.virtuoso.ade.simulationMonitor] - Stay with the runId '1', Linger time '300', currentRunSyn '3', currentTestSyn '4' {"hostname": "viterbi-scf2", "processid": 200146, "history": "ExplorerRun.0", "testname": "demo_1-bit_Full_Adder_ver2_tb_1", "cornername": "Nominal", "point": 1, "logfile": "/home/viterbi/01/tongjia/work_gpdk045/logs_tongjia/logs0/Job35.log"}
[2024-10-16 06:46:57.660 -0700] [PROCESS] [cadence.virtuoso.ade.simulationMonitor] - get signal Terminated<15> from user:tongjia, which pid:200144:/usr/local/cadence/ICADVM201/tools/bin/64bit/cdsServIpc {"hostname": "viterbi-scf2", "processid": 200146, "history": "ExplorerRun.0", "testname": "demo_1-bit_Full_Adder_ver2_tb_1", "cornername": "Nominal", "point": 1, "logfile": "/home/viterbi/01/tongjia/work_gpdk045/logs_tongjia/logs0/Job35.log", "signal": "15", "signalName": "Terminated", "which": "/usr/local/cadence/ICADVM201/tools/bin/64bit/cdsServIpc", "pid": "200144", "user": "tongjia", "uid": "506509"}
[2024-10-16 06:46:57.663 -0700] [INFO] [cadence.virtuoso.ade.simulationMonitor] - SimulationMonitor has terminated the  process '203420', reason: 'simulationMonitor is handling signal 15' {"history": "ExplorerRun.0", "point": 1, "testname": "demo_1-bit_Full_Adder_ver2_tb_1", "cornername": "Nominal"}
[2024-10-16 06:46:58.168 -0700] [PROCESS] [cadence.virtuoso.ade.simulationMonitor] - Current memory used: 32.7695 MBytes, peak memory used: 32.7695 MBytes {"hostname": "viterbi-scf2", "processid": 200146, "history": "ExplorerRun.0", "testname": "demo_1-bit_Full_Adder_ver2_tb_1", "cornername": "Nominal", "point": 1, "logfile": "/home/viterbi/01/tongjia/work_gpdk045/logs_tongjia/logs0/Job35.log"}
[2024-10-16 06:46:58.170 -0700] [PROCESS] [cadence.virtuoso.ade.simulationMonitor] - Simulation Monitor process exit. {"hostname": "viterbi-scf2", "processid": 200146, "history": "ExplorerRun.0", "testname": "demo_1-bit_Full_Adder_ver2_tb_1", "cornername": "Nominal", "point": 1, "logfile": "/home/viterbi/01/tongjia/work_gpdk045/logs_tongjia/logs0/Job35.log"}
