[Simulation Monitor: 3]
[2024-12-08 19:18:23.399 -0800] [PROCESS] [cadence.virtuoso.ade.simulationMonitor] - Simulation Monitor has successfully started up. Trying to set up communication channels to other components ... {"hostname": "viterbi-scf1", "processid": 326405, "logfile": "/home/viterbi/01/tongjia/work_gpdk045/logs_tongjia/logs0/Job3.log"}
[2024-12-08 19:18:23.401 -0800] [PROCESS] [cadence.virtuoso.ade.simulationMonitor] - Communication channels have been successfully set up. Start processing events ... {"hostname": "viterbi-scf1", "processid": 326405, "logfile": "/home/viterbi/01/tongjia/work_gpdk045/logs_tongjia/logs0/Job3.log"}
[2024-12-08 19:18:23.401 -0800] [PROCESS] [cadence.virtuoso.ade.simulationMonitor] - Considering to start history {"hostname": "viterbi-scf1", "processid": 326405, "history": "ExplorerRun.0", "logfile": "/home/viterbi/01/tongjia/work_gpdk045/logs_tongjia/logs0/Job3.log"}
[2024-12-08 19:18:23.406 -0800] [PROCESS] [cadence.virtuoso.ade.simulationMonitor] - HostInfo:
Host name (type):	viterbi-scf1 (x86_64)
Operating system:	Linux 3.10.0-1160.119.1.el7.tuxcare.els10.x86_64 #1 SMP Fri Oct 11 21:40:41 UTC 2024 {"hostname": "viterbi-scf1", "processid": 326405, "history": "ExplorerRun.0", "logfile": "/home/viterbi/01/tongjia/work_gpdk045/logs_tongjia/logs0/Job3.log", "nodename": "viterbi-scf1", "domainname": "viterbi", "machine": "x86_64", "sysname": "Linux", "release": "3.10.0-1160.119.1.el7.tuxcare.els10.x86_64", "version": "#1 SMP Fri Oct 11 21:40:41 UTC 2024"}
[2024-12-08 19:18:23.407 -0800] [PROCESS] [cadence.virtuoso.ade.simulationMonitor] - UsageInfo:
pid=326405
totalPhysicalMemory=1007.132401GB,Used=203.685368GB,totalVirtualMemory=1007.132401GB,Used=203.685368GB
Cpu: Cores=112, Load average:7.550000,7.210000,6.780000 {"hostname": "viterbi-scf1", "processid": 326405, "history": "ExplorerRun.0", "logfile": "/home/viterbi/01/tongjia/work_gpdk045/logs_tongjia/logs0/Job3.log", "pid": "326405", "totalPhysicalMemory": "1007.132401", "physicalMemoryUsed": "203.685368", "totalVirtualMemory": "1007.132401", "virtualMemoryUsed": "203.685368", "cpuCores": "112", "processes": "4490", "loadAverage1": "7.550000", "loadAverage5": "7.210000", "loadAverage15": "6.780000", "loadAverage1Percent": "0.067411"}
[2024-12-08 19:18:23.411 -0800] [EVENT] [cadence.virtuoso.ade.simulationMonitor] - NewPoint {"history": "ExplorerRun.0", "point": 1, "testname": "project_demo_ph3_sytolic_array_tb_1", "cornername": "Nominal", "event": "NewPoint", "EventSource": "Simulation Monitor", "HistoryName": "ExplorerRun.0", "logFile": "/home/viterbi/01/tongjia/work_gpdk045/logs_tongjia/logs0/Job3.log", "logFileSize": "2264"}
[2024-12-08 19:18:23.714 -0800] [EVENT] [cadence.virtuoso.ade.simulationMonitor] - NewPoint {"history": "ExplorerRun.0", "point": 1, "testname": "project_demo_ph3_sytolic_array_tb_1", "cornername": "Nominal", "event": "NewPoint", "EventSource": "spectre", "HistoryName": "ExplorerRun.0", "logFile": "/home/viterbi/01/tongjia/simulation/project_demo/ph3_sytolic_array_tb/maestro/results/maestro/ExplorerRun.0/1/project_demo_ph3_sytolic_array_tb_1/psf/spectre.out", "logFileSize": "-1"}
[2024-12-08 19:18:23.752 -0800] [PROCESS] [cadence.virtuoso.ade.simulationMonitor] - Simulator launched {"hostname": "viterbi-scf1", "processid": 326405, "history": "ExplorerRun.0", "testname": "project_demo_ph3_sytolic_array_tb_1", "cornername": "Nominal", "point": 1, "logfile": "/home/viterbi/01/tongjia/work_gpdk045/logs_tongjia/logs0/Job3.log", "simid": "1"}
[2024-12-08 19:18:23.758 -0800] [PROCESS] [cadence.virtuoso.ade.simulationMonitor] - Expression evaluator launched {"hostname": "viterbi-scf1", "processid": 326405, "history": "ExplorerRun.0", "testname": "project_demo_ph3_sytolic_array_tb_1", "cornername": "Nominal", "point": 1, "logfile": "/home/viterbi/01/tongjia/work_gpdk045/logs_tongjia/logs0/Job3.log"}
[2024-12-08 19:18:24.207 -0800] [PROCESS] [cadence.virtuoso.ade.simulationMonitor] - Started Simulation {"hostname": "viterbi-scf1", "processid": 326405, "history": "ExplorerRun.0", "testname": "project_demo_ph3_sytolic_array_tb_1", "cornername": "Nominal", "point": 1, "logfile": "/home/viterbi/01/tongjia/work_gpdk045/logs_tongjia/logs0/Job3.log", "event": "started", "task": "simulation"}
[2024-12-08 19:18:25.208 -0800] [INFO] [cadence.virtuoso.ade.simulationMonitor] - Notice from spectre during Digital Vector read-in.
    Process Vector Files.
    File read: /home/viterbi/01/tongjia/work_gpdk045/vector_files/ph3.vec {"history": "ExplorerRun.0", "point": 1, "testname": "project_demo_ph3_sytolic_array_tb_1", "cornername": "Nominal"}
[2024-12-08 19:18:25.209 -0800] [INFO] [cadence.virtuoso.ade.simulationMonitor] - Peak resident memory used = 58.4 Mbytes. {"history": "ExplorerRun.0", "point": 1, "testname": "project_demo_ph3_sytolic_array_tb_1", "cornername": "Nominal"}
[2024-12-08 19:27:05.512 -0800] [INFO] [cadence.virtuoso.ade.simulationMonitor] - Peak resident memory used = 247 Mbytes. {"history": "ExplorerRun.0", "point": 1, "testname": "project_demo_ph3_sytolic_array_tb_1", "cornername": "Nominal"}
[2024-12-08 19:27:08.014 -0800] [INFO] [cadence.virtuoso.ade.simulationMonitor] - Peak resident memory used = 346 Mbytes. {"history": "ExplorerRun.0", "point": 1, "testname": "project_demo_ph3_sytolic_array_tb_1", "cornername": "Nominal"}
[2024-12-08 19:27:10.522 -0800] [INFO] [cadence.virtuoso.ade.simulationMonitor] -               nodes 39551 {"history": "ExplorerRun.0", "point": 1, "testname": "project_demo_ph3_sytolic_array_tb_1", "cornername": "Nominal"}
[2024-12-08 19:27:10.524 -0800] [INFO] [cadence.virtuoso.ade.simulationMonitor] - Notice from spectre during initial setup.
    APS Enabled.
    Multithreading Enabled: 8 threads in the system with 112 available processors. {"history": "ExplorerRun.0", "point": 1, "testname": "project_demo_ph3_sytolic_array_tb_1", "cornername": "Nominal"}
[2024-12-08 19:27:10.524 -0800] [INFO] [cadence.virtuoso.ade.simulationMonitor] - Peak resident memory used = 408 Mbytes. {"history": "ExplorerRun.0", "point": 1, "testname": "project_demo_ph3_sytolic_array_tb_1", "cornername": "Nominal"}
[2024-12-08 19:27:10.524 -0800] [WARN] [cadence.virtuoso.ade.simulationMonitor] -     WARNING (SPECTRE-16707): Only tran supports psfxl format, result of other analyses will be in psfbin format. {"history": "ExplorerRun.0", "point": 1, "testname": "project_demo_ph3_sytolic_array_tb_1", "cornername": "Nominal"}
[2024-12-08 19:27:20.529 -0800] [INFO] [cadence.virtuoso.ade.simulationMonitor] - Notice from spectre during IC analysis, during transient analysis `tran'.
    Bad pivoting is found during DC analysis. Option dc_pivot_check=yes is recommended for possible improvement of convergence. {"history": "ExplorerRun.0", "point": 1, "testname": "project_demo_ph3_sytolic_array_tb_1", "cornername": "Nominal"}
[2024-12-08 19:27:24.532 -0800] [INFO] [cadence.virtuoso.ade.simulationMonitor] - Notice from spectre at time = 2.29776 ns during transient analysis `tran'.
    Found trapezoidal ringing on node V0:p. {"history": "ExplorerRun.0", "point": 1, "testname": "project_demo_ph3_sytolic_array_tb_1", "cornername": "Nominal"}
[2024-12-08 19:27:24.533 -0800] [INFO] [cadence.virtuoso.ade.simulationMonitor] - Notice from spectre at time = 2.55619 ns during transient analysis `tran'.
    Found trapezoidal ringing on node V0:p. {"history": "ExplorerRun.0", "point": 1, "testname": "project_demo_ph3_sytolic_array_tb_1", "cornername": "Nominal"}
[2024-12-08 19:27:24.533 -0800] [INFO] [cadence.virtuoso.ade.simulationMonitor] - Notice from spectre at time = 3.03789 ns during transient analysis `tran'.
    Found trapezoidal ringing on node V0:p. {"history": "ExplorerRun.0", "point": 1, "testname": "project_demo_ph3_sytolic_array_tb_1", "cornername": "Nominal"}
[2024-12-08 19:27:24.533 -0800] [INFO] [cadence.virtuoso.ade.simulationMonitor] - Notice from spectre at time = 3.51894 ns during transient analysis `tran'.
    Found trapezoidal ringing on node V0:p. {"history": "ExplorerRun.0", "point": 1, "testname": "project_demo_ph3_sytolic_array_tb_1", "cornername": "Nominal"}
[2024-12-08 19:27:24.533 -0800] [INFO] [cadence.virtuoso.ade.simulationMonitor] - Notice from spectre at time = 4 ns during transient analysis `tran'.
    Found trapezoidal ringing on node V0:p.
        Further occurrences of this notice will be suppressed. {"history": "ExplorerRun.0", "point": 1, "testname": "project_demo_ph3_sytolic_array_tb_1", "cornername": "Nominal"}
[2024-12-08 19:30:35.631 -0800] [INFO] [cadence.virtuoso.ade.simulationMonitor] - Notice from spectre during transient analysis `tran'.
    Trapezoidal ringing is detected during tran analysis.
        Please use method=trap for better results and performance. {"history": "ExplorerRun.0", "point": 1, "testname": "project_demo_ph3_sytolic_array_tb_1", "cornername": "Nominal"}
[2024-12-08 19:30:36.632 -0800] [INFO] [cadence.virtuoso.ade.simulationMonitor] - Total time required for tran analysis `tran': CPU = 662.973 s (11m  3.0s), elapsed = 205.188 s (3m  25.2s). {"history": "ExplorerRun.0", "point": 1, "testname": "project_demo_ph3_sytolic_array_tb_1", "cornername": "Nominal"}
[2024-12-08 19:30:36.633 -0800] [INFO] [cadence.virtuoso.ade.simulationMonitor] - Peak resident memory used = 722 Mbytes. {"history": "ExplorerRun.0", "point": 1, "testname": "project_demo_ph3_sytolic_array_tb_1", "cornername": "Nominal"}
[2024-12-08 19:30:36.633 -0800] [INFO] [cadence.virtuoso.ade.simulationMonitor] - Notice from spectre.
    14 notices suppressed. {"history": "ExplorerRun.0", "point": 1, "testname": "project_demo_ph3_sytolic_array_tb_1", "cornername": "Nominal"}
[2024-12-08 19:30:40.137 -0800] [INFO] [cadence.virtuoso.ade.simulationMonitor] - Time used: CPU = 1.19 ks (19m  51.5s), elapsed = 736 s (12m  15.7s), util. = 162%. {"history": "ExplorerRun.0", "point": 1, "testname": "project_demo_ph3_sytolic_array_tb_1", "cornername": "Nominal"}
[2024-12-08 19:30:40.138 -0800] [INFO] [cadence.virtuoso.ade.simulationMonitor] - Time spent in licensing: elapsed = 68.2 ms. {"history": "ExplorerRun.0", "point": 1, "testname": "project_demo_ph3_sytolic_array_tb_1", "cornername": "Nominal"}
[2024-12-08 19:30:40.140 -0800] [INFO] [cadence.virtuoso.ade.simulationMonitor] - Peak memory used = 722 Mbytes. {"history": "ExplorerRun.0", "point": 1, "testname": "project_demo_ph3_sytolic_array_tb_1", "cornername": "Nominal"}
[2024-12-08 19:30:40.144 -0800] [PROCESS] [cadence.virtuoso.ade.simulationMonitor] - Simulation started at: 7:18:23 PM, Sun Dec 8, 2024, ended at: 7:30:39 PM, Sun Dec 8, 2024, with elapsed time (wall clock): 736 s (12m  15.7s). {"history": "ExplorerRun.0", "point": 1, "testname": "project_demo_ph3_sytolic_array_tb_1", "cornername": "Nominal"}
[2024-12-08 19:30:40.144 -0800] [PROCESS] [cadence.virtuoso.ade.simulationMonitor] - spectre completes with 0 errors, 1 warning, and 12 notices. {"history": "ExplorerRun.0", "point": 1, "testname": "project_demo_ph3_sytolic_array_tb_1", "cornername": "Nominal"}
[2024-12-08 19:30:40.145 -0800] [PROCESS] [cadence.virtuoso.ade.simulationMonitor] - Finished simulating for one point {"hostname": "viterbi-scf1", "processid": 326405, "history": "ExplorerRun.0", "testname": "project_demo_ph3_sytolic_array_tb_1", "cornername": "Nominal", "point": 1, "logfile": "/home/viterbi/01/tongjia/work_gpdk045/logs_tongjia/logs0/Job3.log", "simid": "1"}
[2024-12-08 19:30:40.145 -0800] [PROCESS] [cadence.virtuoso.ade.simulationMonitor] - Simulator exited {"hostname": "viterbi-scf1", "processid": 326405, "history": "ExplorerRun.0", "testname": "project_demo_ph3_sytolic_array_tb_1", "cornername": "Nominal", "point": 1, "logfile": "/home/viterbi/01/tongjia/work_gpdk045/logs_tongjia/logs0/Job3.log", "exitStatus": "0"}
[2024-12-08 19:30:40.145 -0800] [PROCESS] [cadence.virtuoso.ade.simulationMonitor] - Finished Simulation {"hostname": "viterbi-scf1", "processid": 326405, "history": "ExplorerRun.0", "testname": "project_demo_ph3_sytolic_array_tb_1", "cornername": "Nominal", "point": 1, "logfile": "/home/viterbi/01/tongjia/work_gpdk045/logs_tongjia/logs0/Job3.log", "simid": "1"}
[2024-12-08 19:30:40.157 -0800] [PROCESS] [cadence.virtuoso.ade.simulationMonitor] - Expression evaluator launched {"hostname": "viterbi-scf1", "processid": 326405, "history": "ExplorerRun.0", "testname": "project_demo_ph3_sytolic_array_tb_1", "cornername": "Nominal", "point": 1, "logfile": "/home/viterbi/01/tongjia/work_gpdk045/logs_tongjia/logs0/Job3.log"}
[2024-12-08 19:30:48.189 -0800] [PROCESS] [cadence.virtuoso.ade.simulationMonitor] - Point Finished {"hostname": "viterbi-scf1", "processid": 326405, "history": "ExplorerRun.0", "testname": "project_demo_ph3_sytolic_array_tb_1", "cornername": "Nominal", "point": 1, "logfile": "/home/viterbi/01/tongjia/work_gpdk045/logs_tongjia/logs0/Job3.log"}
[2024-12-08 19:30:49.193 -0800] [PROCESS] [cadence.virtuoso.ade.simulationMonitor] - Stay with the runId '0', Linger time '300', currentRunSyn '1', currentTestSyn '2' {"hostname": "viterbi-scf1", "processid": 326405, "history": "ExplorerRun.0", "testname": "project_demo_ph3_sytolic_array_tb_1", "cornername": "Nominal", "point": 1, "logfile": "/home/viterbi/01/tongjia/work_gpdk045/logs_tongjia/logs0/Job3.log"}
[2024-12-08 19:30:50.193 -0800] [PROCESS] [cadence.virtuoso.ade.simulationMonitor] - Stay with the runId '0', Linger time '300', currentRunSyn '1', currentTestSyn '2' {"hostname": "viterbi-scf1", "processid": 326405, "history": "ExplorerRun.0", "testname": "project_demo_ph3_sytolic_array_tb_1", "cornername": "Nominal", "point": 1, "logfile": "/home/viterbi/01/tongjia/work_gpdk045/logs_tongjia/logs0/Job3.log"}
[2024-12-08 19:30:51.195 -0800] [PROCESS] [cadence.virtuoso.ade.simulationMonitor] - Stay with the runId '0', Linger time '300', currentRunSyn '1', currentTestSyn '2' {"hostname": "viterbi-scf1", "processid": 326405, "history": "ExplorerRun.0", "testname": "project_demo_ph3_sytolic_array_tb_1", "cornername": "Nominal", "point": 1, "logfile": "/home/viterbi/01/tongjia/work_gpdk045/logs_tongjia/logs0/Job3.log"}
[2024-12-08 19:30:52.196 -0800] [PROCESS] [cadence.virtuoso.ade.simulationMonitor] - Stay with the runId '0', Linger time '300', currentRunSyn '1', currentTestSyn '2' {"hostname": "viterbi-scf1", "processid": 326405, "history": "ExplorerRun.0", "testname": "project_demo_ph3_sytolic_array_tb_1", "cornername": "Nominal", "point": 1, "logfile": "/home/viterbi/01/tongjia/work_gpdk045/logs_tongjia/logs0/Job3.log"}
[2024-12-08 19:30:53.196 -0800] [PROCESS] [cadence.virtuoso.ade.simulationMonitor] - Stay with the runId '0', Linger time '300', currentRunSyn '1', currentTestSyn '2' {"hostname": "viterbi-scf1", "processid": 326405, "history": "ExplorerRun.0", "testname": "project_demo_ph3_sytolic_array_tb_1", "cornername": "Nominal", "point": 1, "logfile": "/home/viterbi/01/tongjia/work_gpdk045/logs_tongjia/logs0/Job3.log"}
[2024-12-08 19:30:54.197 -0800] [PROCESS] [cadence.virtuoso.ade.simulationMonitor] - Stay with the runId '0', Linger time '300', currentRunSyn '1', currentTestSyn '2' {"hostname": "viterbi-scf1", "processid": 326405, "history": "ExplorerRun.0", "testname": "project_demo_ph3_sytolic_array_tb_1", "cornername": "Nominal", "point": 1, "logfile": "/home/viterbi/01/tongjia/work_gpdk045/logs_tongjia/logs0/Job3.log"}
[2024-12-08 19:30:55.198 -0800] [PROCESS] [cadence.virtuoso.ade.simulationMonitor] - Stay with the runId '0', Linger time '300', currentRunSyn '1', currentTestSyn '2' {"hostname": "viterbi-scf1", "processid": 326405, "history": "ExplorerRun.0", "testname": "project_demo_ph3_sytolic_array_tb_1", "cornername": "Nominal", "point": 1, "logfile": "/home/viterbi/01/tongjia/work_gpdk045/logs_tongjia/logs0/Job3.log"}
[2024-12-08 19:30:56.198 -0800] [PROCESS] [cadence.virtuoso.ade.simulationMonitor] - Stay with the runId '0', Linger time '300', currentRunSyn '1', currentTestSyn '2' {"hostname": "viterbi-scf1", "processid": 326405, "history": "ExplorerRun.0", "testname": "project_demo_ph3_sytolic_array_tb_1", "cornername": "Nominal", "point": 1, "logfile": "/home/viterbi/01/tongjia/work_gpdk045/logs_tongjia/logs0/Job3.log"}
[2024-12-08 19:30:57.200 -0800] [PROCESS] [cadence.virtuoso.ade.simulationMonitor] - Stay with the runId '0', Linger time '300', currentRunSyn '1', currentTestSyn '2' {"hostname": "viterbi-scf1", "processid": 326405, "history": "ExplorerRun.0", "testname": "project_demo_ph3_sytolic_array_tb_1", "cornername": "Nominal", "point": 1, "logfile": "/home/viterbi/01/tongjia/work_gpdk045/logs_tongjia/logs0/Job3.log"}
[2024-12-08 19:30:58.200 -0800] [PROCESS] [cadence.virtuoso.ade.simulationMonitor] - Stay with the runId '0', Linger time '300', currentRunSyn '1', currentTestSyn '2' {"hostname": "viterbi-scf1", "processid": 326405, "history": "ExplorerRun.0", "testname": "project_demo_ph3_sytolic_array_tb_1", "cornername": "Nominal", "point": 1, "logfile": "/home/viterbi/01/tongjia/work_gpdk045/logs_tongjia/logs0/Job3.log"}
[2024-12-08 19:30:59.201 -0800] [PROCESS] [cadence.virtuoso.ade.simulationMonitor] - Stay with the runId '0', Linger time '300', currentRunSyn '1', currentTestSyn '2' {"hostname": "viterbi-scf1", "processid": 326405, "history": "ExplorerRun.0", "testname": "project_demo_ph3_sytolic_array_tb_1", "cornername": "Nominal", "point": 1, "logfile": "/home/viterbi/01/tongjia/work_gpdk045/logs_tongjia/logs0/Job3.log"}
[2024-12-08 19:31:00.202 -0800] [PROCESS] [cadence.virtuoso.ade.simulationMonitor] - Stay with the runId '0', Linger time '300', currentRunSyn '1', currentTestSyn '2' {"hostname": "viterbi-scf1", "processid": 326405, "history": "ExplorerRun.0", "testname": "project_demo_ph3_sytolic_array_tb_1", "cornername": "Nominal", "point": 1, "logfile": "/home/viterbi/01/tongjia/work_gpdk045/logs_tongjia/logs0/Job3.log"}
[2024-12-08 19:31:01.202 -0800] [PROCESS] [cadence.virtuoso.ade.simulationMonitor] - Stay with the runId '0', Linger time '300', currentRunSyn '1', currentTestSyn '2' {"hostname": "viterbi-scf1", "processid": 326405, "history": "ExplorerRun.0", "testname": "project_demo_ph3_sytolic_array_tb_1", "cornername": "Nominal", "point": 1, "logfile": "/home/viterbi/01/tongjia/work_gpdk045/logs_tongjia/logs0/Job3.log"}
[2024-12-08 19:31:02.202 -0800] [PROCESS] [cadence.virtuoso.ade.simulationMonitor] - Stay with the runId '0', Linger time '300', currentRunSyn '1', currentTestSyn '2' {"hostname": "viterbi-scf1", "processid": 326405, "history": "ExplorerRun.0", "testname": "project_demo_ph3_sytolic_array_tb_1", "cornername": "Nominal", "point": 1, "logfile": "/home/viterbi/01/tongjia/work_gpdk045/logs_tongjia/logs0/Job3.log"}
[2024-12-08 19:35:49.248 -0800] [PROCESS] [cadence.virtuoso.ade.simulationMonitor] - Current memory used: 32.4258 MBytes, peak memory used: 32.4258 MBytes {"hostname": "viterbi-scf1", "processid": 326405, "history": "ExplorerRun.0", "testname": "project_demo_ph3_sytolic_array_tb_1", "cornername": "Nominal", "point": 1, "logfile": "/home/viterbi/01/tongjia/work_gpdk045/logs_tongjia/logs0/Job3.log"}
[2024-12-08 19:35:49.249 -0800] [PROCESS] [cadence.virtuoso.ade.simulationMonitor] - Simulation Monitor process exit. {"hostname": "viterbi-scf1", "processid": 326405, "history": "ExplorerRun.0", "testname": "project_demo_ph3_sytolic_array_tb_1", "cornername": "Nominal", "point": 1, "logfile": "/home/viterbi/01/tongjia/work_gpdk045/logs_tongjia/logs0/Job3.log"}
