[Simulation Monitor: 39]
[2024-10-15 21:38:36.333 -0700] [PROCESS] [cadence.virtuoso.ade.simulationMonitor] - Simulation Monitor has successfully started up. Trying to set up communication channels to other components ... {"hostname": "viterbi-scf2", "processid": 300854, "logfile": "/home/viterbi/01/tongjia/work_gpdk045/logs_tongjia/logs0/Job39.log"}
[2024-10-15 21:38:36.338 -0700] [PROCESS] [cadence.virtuoso.ade.simulationMonitor] - Communication channels have been successfully set up. Start processing events ... {"hostname": "viterbi-scf2", "processid": 300854, "logfile": "/home/viterbi/01/tongjia/work_gpdk045/logs_tongjia/logs0/Job39.log"}
[2024-10-15 21:38:36.340 -0700] [PROCESS] [cadence.virtuoso.ade.simulationMonitor] - Considering to start history {"hostname": "viterbi-scf2", "processid": 300854, "history": "ExplorerRun.0", "logfile": "/home/viterbi/01/tongjia/work_gpdk045/logs_tongjia/logs0/Job39.log"}
[2024-10-15 21:38:36.370 -0700] [PROCESS] [cadence.virtuoso.ade.simulationMonitor] - HostInfo:
Host name (type):	viterbi-scf2 (x86_64)
Operating system:	Linux 3.10.0-1160.119.1.el7.tuxcare.els3.x86_64 #1 SMP Fri Aug 23 19:18:06 UTC 2024 {"hostname": "viterbi-scf2", "processid": 300854, "history": "ExplorerRun.0", "logfile": "/home/viterbi/01/tongjia/work_gpdk045/logs_tongjia/logs0/Job39.log", "nodename": "viterbi-scf2", "domainname": "viterbi", "machine": "x86_64", "sysname": "Linux", "release": "3.10.0-1160.119.1.el7.tuxcare.els3.x86_64", "version": "#1 SMP Fri Aug 23 19:18:06 UTC 2024"}
[2024-10-15 21:38:36.373 -0700] [PROCESS] [cadence.virtuoso.ade.simulationMonitor] - UsageInfo:
pid=300854
totalPhysicalMemory=1007.132404GB,Used=247.007145GB,totalVirtualMemory=1007.132404GB,Used=247.007145GB
Cpu: Cores=112, Load average:4.380000,4.780000,4.690000 {"hostname": "viterbi-scf2", "processid": 300854, "history": "ExplorerRun.0", "logfile": "/home/viterbi/01/tongjia/work_gpdk045/logs_tongjia/logs0/Job39.log", "pid": "300854", "totalPhysicalMemory": "1007.132404", "physicalMemoryUsed": "247.007145", "totalVirtualMemory": "1007.132404", "virtualMemoryUsed": "247.007145", "cpuCores": "112", "processes": "8273", "loadAverage1": "4.380000", "loadAverage5": "4.780000", "loadAverage15": "4.690000", "loadAverage1Percent": "0.039107"}
[2024-10-15 21:38:36.376 -0700] [EVENT] [cadence.virtuoso.ade.simulationMonitor] - NewPoint {"history": "ExplorerRun.0", "point": 1, "testname": "demo_XOR2_1X_1", "cornername": "Nominal", "event": "NewPoint", "EventSource": "Simulation Monitor", "HistoryName": "ExplorerRun.0", "logFile": "/home/viterbi/01/tongjia/work_gpdk045/logs_tongjia/logs0/Job39.log", "logFileSize": "2268"}
[2024-10-15 21:38:36.785 -0700] [EVENT] [cadence.virtuoso.ade.simulationMonitor] - NewPoint {"history": "ExplorerRun.0", "point": 1, "testname": "demo_XOR2_1X_1", "cornername": "Nominal", "event": "NewPoint", "EventSource": "spectre", "HistoryName": "ExplorerRun.0", "logFile": "/home/viterbi/01/tongjia/simulation/demo/XOR2_1X/maestro/results/maestro/ExplorerRun.0/1/demo_XOR2_1X_1/psf/spectre.out", "logFileSize": "16295"}
[2024-10-15 21:38:36.815 -0700] [PROCESS] [cadence.virtuoso.ade.simulationMonitor] - Simulator launched {"hostname": "viterbi-scf2", "processid": 300854, "history": "ExplorerRun.0", "testname": "demo_XOR2_1X_1", "cornername": "Nominal", "point": 1, "logfile": "/home/viterbi/01/tongjia/work_gpdk045/logs_tongjia/logs0/Job39.log", "simid": "1"}
[2024-10-15 21:38:36.824 -0700] [PROCESS] [cadence.virtuoso.ade.simulationMonitor] - Expression evaluator launched {"hostname": "viterbi-scf2", "processid": 300854, "history": "ExplorerRun.0", "testname": "demo_XOR2_1X_1", "cornername": "Nominal", "point": 1, "logfile": "/home/viterbi/01/tongjia/work_gpdk045/logs_tongjia/logs0/Job39.log"}
[2024-10-15 21:38:37.754 -0700] [PROCESS] [cadence.virtuoso.ade.simulationMonitor] - Started Simulation {"hostname": "viterbi-scf2", "processid": 300854, "history": "ExplorerRun.0", "testname": "demo_XOR2_1X_1", "cornername": "Nominal", "point": 1, "logfile": "/home/viterbi/01/tongjia/work_gpdk045/logs_tongjia/logs0/Job39.log", "event": "started", "task": "simulation"}
[2024-10-15 21:38:38.260 -0700] [INFO] [cadence.virtuoso.ade.simulationMonitor] - Notice from spectre in `INV_1X_in_buffer', during circuit read-in.
    "input.scs" 17: Subcircuit 'INV_1X_in_buffer' is empty. {"history": "ExplorerRun.0", "point": 1, "testname": "demo_XOR2_1X_1", "cornername": "Nominal"}
[2024-10-15 21:38:38.262 -0700] [INFO] [cadence.virtuoso.ade.simulationMonitor] - Peak resident memory used = 57.6 Mbytes. {"history": "ExplorerRun.0", "point": 1, "testname": "demo_XOR2_1X_1", "cornername": "Nominal"}
[2024-10-15 21:38:38.264 -0700] [INFO] [cadence.virtuoso.ade.simulationMonitor] - Peak resident memory used = 64 Mbytes. {"history": "ExplorerRun.0", "point": 1, "testname": "demo_XOR2_1X_1", "cornername": "Nominal"}
[2024-10-15 21:38:38.266 -0700] [WARN] [cadence.virtuoso.ade.simulationMonitor] -     WARNING (SPECTRE-8527): There are some nodes and instances removed from the netlist topology check. Check the circuit and correct the topology. Or use preserve_inst to keep them if necessary. {"history": "ExplorerRun.0", "point": 1, "testname": "demo_XOR2_1X_1", "cornername": "Nominal"}
[2024-10-15 21:38:38.268 -0700] [WARN] [cadence.virtuoso.ade.simulationMonitor] -     WARNING (SPECTRE-8529): Dangling instance. _vA_turbo_m2 is removed. {"history": "ExplorerRun.0", "point": 1, "testname": "demo_XOR2_1X_1", "cornername": "Nominal"}
[2024-10-15 21:38:38.270 -0700] [WARN] [cadence.virtuoso.ade.simulationMonitor] -     WARNING (SPECTRE-8530): Dangling node. B is removed. {"history": "ExplorerRun.0", "point": 1, "testname": "demo_XOR2_1X_1", "cornername": "Nominal"}
[2024-10-15 21:38:38.272 -0700] [WARN] [cadence.virtuoso.ade.simulationMonitor] -     WARNING (SPECTRE-8531): Floating node. net14 is removed. {"history": "ExplorerRun.0", "point": 1, "testname": "demo_XOR2_1X_1", "cornername": "Nominal"}
[2024-10-15 21:38:38.274 -0700] [INFO] [cadence.virtuoso.ade.simulationMonitor] - Peak resident memory used = 64.5 Mbytes. {"history": "ExplorerRun.0", "point": 1, "testname": "demo_XOR2_1X_1", "cornername": "Nominal"}
[2024-10-15 21:38:38.276 -0700] [INFO] [cadence.virtuoso.ade.simulationMonitor] - Notice from spectre during topology check.
    Only one connection to the following 2 nodes:
        0
        vdd! {"history": "ExplorerRun.0", "point": 1, "testname": "demo_XOR2_1X_1", "cornername": "Nominal"}
[2024-10-15 21:38:38.285 -0700] [INFO] [cadence.virtuoso.ade.simulationMonitor] -               nodes 5 {"history": "ExplorerRun.0", "point": 1, "testname": "demo_XOR2_1X_1", "cornername": "Nominal"}
[2024-10-15 21:38:38.287 -0700] [INFO] [cadence.virtuoso.ade.simulationMonitor] - Notice from spectre during initial setup.
    APS Enabled.
    Multithreading Enabled: 8 threads in the system with 112 available processors. {"history": "ExplorerRun.0", "point": 1, "testname": "demo_XOR2_1X_1", "cornername": "Nominal"}
[2024-10-15 21:38:38.288 -0700] [INFO] [cadence.virtuoso.ade.simulationMonitor] - Peak resident memory used = 66 Mbytes. {"history": "ExplorerRun.0", "point": 1, "testname": "demo_XOR2_1X_1", "cornername": "Nominal"}
[2024-10-15 21:38:38.290 -0700] [WARN] [cadence.virtuoso.ade.simulationMonitor] -     WARNING (SPECTRE-16707): Only tran supports psfxl format, result of other analyses will be in psfbin format. {"history": "ExplorerRun.0", "point": 1, "testname": "demo_XOR2_1X_1", "cornername": "Nominal"}
[2024-10-15 21:38:38.292 -0700] [INFO] [cadence.virtuoso.ade.simulationMonitor] - Total time required for tran analysis `tran': CPU = 10.4 ms, elapsed = 35.8999 ms. {"history": "ExplorerRun.0", "point": 1, "testname": "demo_XOR2_1X_1", "cornername": "Nominal"}
[2024-10-15 21:38:38.294 -0700] [INFO] [cadence.virtuoso.ade.simulationMonitor] - Peak resident memory used = 67.7 Mbytes. {"history": "ExplorerRun.0", "point": 1, "testname": "demo_XOR2_1X_1", "cornername": "Nominal"}
[2024-10-15 21:38:38.296 -0700] [INFO] [cadence.virtuoso.ade.simulationMonitor] - Time used: CPU = 734 ms, elapsed = 1.01 s, util. = 72.8%. {"history": "ExplorerRun.0", "point": 1, "testname": "demo_XOR2_1X_1", "cornername": "Nominal"}
[2024-10-15 21:38:38.297 -0700] [INFO] [cadence.virtuoso.ade.simulationMonitor] - Time spent in licensing: elapsed = 48.8 ms. {"history": "ExplorerRun.0", "point": 1, "testname": "demo_XOR2_1X_1", "cornername": "Nominal"}
[2024-10-15 21:38:38.300 -0700] [INFO] [cadence.virtuoso.ade.simulationMonitor] - Peak memory used = 68.3 Mbytes. {"history": "ExplorerRun.0", "point": 1, "testname": "demo_XOR2_1X_1", "cornername": "Nominal"}
[2024-10-15 21:38:38.305 -0700] [PROCESS] [cadence.virtuoso.ade.simulationMonitor] - Simulation started at: 9:38:36 PM, Tue Oct 15, 2024, ended at: 9:38:37 PM, Tue Oct 15, 2024, with elapsed time (wall clock): 1.01 s. {"history": "ExplorerRun.0", "point": 1, "testname": "demo_XOR2_1X_1", "cornername": "Nominal"}
[2024-10-15 21:38:38.308 -0700] [PROCESS] [cadence.virtuoso.ade.simulationMonitor] - spectre completes with 0 errors, 5 warnings, and 4 notices. {"history": "ExplorerRun.0", "point": 1, "testname": "demo_XOR2_1X_1", "cornername": "Nominal"}
[2024-10-15 21:38:38.309 -0700] [PROCESS] [cadence.virtuoso.ade.simulationMonitor] - Finished simulating for one point {"hostname": "viterbi-scf2", "processid": 300854, "history": "ExplorerRun.0", "testname": "demo_XOR2_1X_1", "cornername": "Nominal", "point": 1, "logfile": "/home/viterbi/01/tongjia/work_gpdk045/logs_tongjia/logs0/Job39.log", "simid": "1"}
[2024-10-15 21:38:38.311 -0700] [PROCESS] [cadence.virtuoso.ade.simulationMonitor] - Simulator exited {"hostname": "viterbi-scf2", "processid": 300854, "history": "ExplorerRun.0", "testname": "demo_XOR2_1X_1", "cornername": "Nominal", "point": 1, "logfile": "/home/viterbi/01/tongjia/work_gpdk045/logs_tongjia/logs0/Job39.log", "exitStatus": "0"}
[2024-10-15 21:38:38.313 -0700] [PROCESS] [cadence.virtuoso.ade.simulationMonitor] - Finished Simulation {"hostname": "viterbi-scf2", "processid": 300854, "history": "ExplorerRun.0", "testname": "demo_XOR2_1X_1", "cornername": "Nominal", "point": 1, "logfile": "/home/viterbi/01/tongjia/work_gpdk045/logs_tongjia/logs0/Job39.log", "simid": "1"}
[2024-10-15 21:38:41.867 -0700] [PROCESS] [cadence.virtuoso.ade.simulationMonitor] - Expression evaluator launched {"hostname": "viterbi-scf2", "processid": 300854, "history": "ExplorerRun.0", "testname": "demo_XOR2_1X_1", "cornername": "Nominal", "point": 1, "logfile": "/home/viterbi/01/tongjia/work_gpdk045/logs_tongjia/logs0/Job39.log"}
[2024-10-15 21:38:47.410 -0700] [PROCESS] [cadence.virtuoso.ade.simulationMonitor] - Expression evaluator launched {"hostname": "viterbi-scf2", "processid": 300854, "history": "ExplorerRun.0", "testname": "demo_XOR2_1X_1", "cornername": "Nominal", "point": 1, "logfile": "/home/viterbi/01/tongjia/work_gpdk045/logs_tongjia/logs0/Job39.log"}
[2024-10-15 21:38:52.447 -0700] [PROCESS] [cadence.virtuoso.ade.simulationMonitor] - Expression evaluator launched {"hostname": "viterbi-scf2", "processid": 300854, "history": "ExplorerRun.0", "testname": "demo_XOR2_1X_1", "cornername": "Nominal", "point": 1, "logfile": "/home/viterbi/01/tongjia/work_gpdk045/logs_tongjia/logs0/Job39.log"}
[2024-10-15 21:38:52.488 -0700] [PROCESS] [cadence.virtuoso.ade.simulationMonitor] - Point Finished {"hostname": "viterbi-scf2", "processid": 300854, "history": "ExplorerRun.0", "testname": "demo_XOR2_1X_1", "cornername": "Nominal", "point": 1, "logfile": "/home/viterbi/01/tongjia/work_gpdk045/logs_tongjia/logs0/Job39.log"}
[2024-10-15 21:38:53.516 -0700] [PROCESS] [cadence.virtuoso.ade.simulationMonitor] - Stay with the runId '0', Linger time '300', currentRunSyn '1', currentTestSyn '2' {"hostname": "viterbi-scf2", "processid": 300854, "history": "ExplorerRun.0", "testname": "demo_XOR2_1X_1", "cornername": "Nominal", "point": 1, "logfile": "/home/viterbi/01/tongjia/work_gpdk045/logs_tongjia/logs0/Job39.log"}
[2024-10-15 21:39:52.013 -0700] [PROCESS] [cadence.virtuoso.ade.simulationMonitor] - get signal Terminated<15> from user:tongjia, which pid:300852:/usr/local/cadence/ICADVM201/tools/bin/64bit/cdsServIpc {"hostname": "viterbi-scf2", "processid": 300854, "history": "ExplorerRun.0", "testname": "demo_XOR2_1X_1", "cornername": "Nominal", "point": 1, "logfile": "/home/viterbi/01/tongjia/work_gpdk045/logs_tongjia/logs0/Job39.log", "signal": "15", "signalName": "Terminated", "which": "/usr/local/cadence/ICADVM201/tools/bin/64bit/cdsServIpc", "pid": "300852", "user": "tongjia", "uid": "506509"}
[2024-10-15 21:39:52.015 -0700] [INFO] [cadence.virtuoso.ade.simulationMonitor] - SimulationMonitor has terminated the  process '300959', reason: 'simulationMonitor is handling signal 15' {"history": "ExplorerRun.0", "point": 1, "testname": "demo_XOR2_1X_1", "cornername": "Nominal"}
[2024-10-15 21:39:52.020 -0700] [PROCESS] [cadence.virtuoso.ade.simulationMonitor] - Current memory used: 32.7383 MBytes, peak memory used: 32.7383 MBytes {"hostname": "viterbi-scf2", "processid": 300854, "history": "ExplorerRun.0", "testname": "demo_XOR2_1X_1", "cornername": "Nominal", "point": 1, "logfile": "/home/viterbi/01/tongjia/work_gpdk045/logs_tongjia/logs0/Job39.log"}
[2024-10-15 21:39:52.022 -0700] [PROCESS] [cadence.virtuoso.ade.simulationMonitor] - Simulation Monitor process exit. {"hostname": "viterbi-scf2", "processid": 300854, "history": "ExplorerRun.0", "testname": "demo_XOR2_1X_1", "cornername": "Nominal", "point": 1, "logfile": "/home/viterbi/01/tongjia/work_gpdk045/logs_tongjia/logs0/Job39.log"}
