[Simulation Monitor: 30]
[2024-11-02 06:45:24.896 -0700] [PROCESS] [cadence.virtuoso.ade.simulationMonitor] - Simulation Monitor has successfully started up. Trying to set up communication channels to other components ... {"hostname": "viterbi-scf2", "processid": 90294, "logfile": "/home/viterbi/01/tongjia/work_gpdk045/logs_tongjia/logs0/Job30.log"}
[2024-11-02 06:45:24.899 -0700] [PROCESS] [cadence.virtuoso.ade.simulationMonitor] - Communication channels have been successfully set up. Start processing events ... {"hostname": "viterbi-scf2", "processid": 90294, "logfile": "/home/viterbi/01/tongjia/work_gpdk045/logs_tongjia/logs0/Job30.log"}
[2024-11-02 06:45:24.899 -0700] [PROCESS] [cadence.virtuoso.ade.simulationMonitor] - Considering to start history {"hostname": "viterbi-scf2", "processid": 90294, "history": "ExplorerRun.0", "logfile": "/home/viterbi/01/tongjia/work_gpdk045/logs_tongjia/logs0/Job30.log"}
[2024-11-02 06:45:24.914 -0700] [PROCESS] [cadence.virtuoso.ade.simulationMonitor] - HostInfo:
Host name (type):	viterbi-scf2 (x86_64)
Operating system:	Linux 3.10.0-1160.119.1.el7.tuxcare.els7.x86_64 #1 SMP Fri Sep 20 11:32:55 UTC 2024 {"hostname": "viterbi-scf2", "processid": 90294, "history": "ExplorerRun.0", "logfile": "/home/viterbi/01/tongjia/work_gpdk045/logs_tongjia/logs0/Job30.log", "nodename": "viterbi-scf2", "domainname": "viterbi", "machine": "x86_64", "sysname": "Linux", "release": "3.10.0-1160.119.1.el7.tuxcare.els7.x86_64", "version": "#1 SMP Fri Sep 20 11:32:55 UTC 2024"}
[2024-11-02 06:45:24.915 -0700] [PROCESS] [cadence.virtuoso.ade.simulationMonitor] - UsageInfo:
pid=90294
totalPhysicalMemory=1007.132401GB,Used=169.878624GB,totalVirtualMemory=1007.132401GB,Used=169.878624GB
Cpu: Cores=112, Load average:31.590000,31.700000,31.880000 {"hostname": "viterbi-scf2", "processid": 90294, "history": "ExplorerRun.0", "logfile": "/home/viterbi/01/tongjia/work_gpdk045/logs_tongjia/logs0/Job30.log", "pid": "90294", "totalPhysicalMemory": "1007.132401", "physicalMemoryUsed": "169.878624", "totalVirtualMemory": "1007.132401", "virtualMemoryUsed": "169.878624", "cpuCores": "112", "processes": "5203", "loadAverage1": "31.590000", "loadAverage5": "31.700000", "loadAverage15": "31.880000", "loadAverage1Percent": "0.282054"}
[2024-11-02 06:45:24.920 -0700] [EVENT] [cadence.virtuoso.ade.simulationMonitor] - NewPoint {"history": "ExplorerRun.0", "point": 1, "testname": "demo_AND4_1x_tb_1", "cornername": "Nominal", "event": "NewPoint", "EventSource": "Simulation Monitor", "HistoryName": "ExplorerRun.0", "logFile": "/home/viterbi/01/tongjia/work_gpdk045/logs_tongjia/logs0/Job30.log", "logFileSize": "2267"}
[2024-11-02 06:45:25.325 -0700] [EVENT] [cadence.virtuoso.ade.simulationMonitor] - NewPoint {"history": "ExplorerRun.0", "point": 1, "testname": "demo_AND4_1x_tb_1", "cornername": "Nominal", "event": "NewPoint", "EventSource": "spectre", "HistoryName": "ExplorerRun.0", "logFile": "/home/viterbi/01/tongjia/simulation/demo/AND4_1x_tb/maestro/results/maestro/ExplorerRun.0/1/demo_AND4_1x_tb_1/psf/spectre.out", "logFileSize": "-1"}
[2024-11-02 06:45:25.365 -0700] [PROCESS] [cadence.virtuoso.ade.simulationMonitor] - Simulator launched {"hostname": "viterbi-scf2", "processid": 90294, "history": "ExplorerRun.0", "testname": "demo_AND4_1x_tb_1", "cornername": "Nominal", "point": 1, "logfile": "/home/viterbi/01/tongjia/work_gpdk045/logs_tongjia/logs0/Job30.log", "simid": "1"}
[2024-11-02 06:45:25.371 -0700] [PROCESS] [cadence.virtuoso.ade.simulationMonitor] - Expression evaluator launched {"hostname": "viterbi-scf2", "processid": 90294, "history": "ExplorerRun.0", "testname": "demo_AND4_1x_tb_1", "cornername": "Nominal", "point": 1, "logfile": "/home/viterbi/01/tongjia/work_gpdk045/logs_tongjia/logs0/Job30.log"}
[2024-11-02 06:45:25.950 -0700] [PROCESS] [cadence.virtuoso.ade.simulationMonitor] - Started Simulation {"hostname": "viterbi-scf2", "processid": 90294, "history": "ExplorerRun.0", "testname": "demo_AND4_1x_tb_1", "cornername": "Nominal", "point": 1, "logfile": "/home/viterbi/01/tongjia/work_gpdk045/logs_tongjia/logs0/Job30.log", "event": "started", "task": "simulation"}
[2024-11-02 06:45:26.452 -0700] [INFO] [cadence.virtuoso.ade.simulationMonitor] - Peak resident memory used = 57.7 Mbytes. {"history": "ExplorerRun.0", "point": 1, "testname": "demo_AND4_1x_tb_1", "cornername": "Nominal"}
[2024-11-02 06:45:27.454 -0700] [INFO] [cadence.virtuoso.ade.simulationMonitor] - Peak resident memory used = 66.8 Mbytes. {"history": "ExplorerRun.0", "point": 1, "testname": "demo_AND4_1x_tb_1", "cornername": "Nominal"}
[2024-11-02 06:45:27.455 -0700] [INFO] [cadence.virtuoso.ade.simulationMonitor] - Peak resident memory used = 67.6 Mbytes. {"history": "ExplorerRun.0", "point": 1, "testname": "demo_AND4_1x_tb_1", "cornername": "Nominal"}
[2024-11-02 06:45:27.455 -0700] [INFO] [cadence.virtuoso.ade.simulationMonitor] - Notice from spectre during initial setup.
    Multithreading is disabled due to the size of the design being too small. {"history": "ExplorerRun.0", "point": 1, "testname": "demo_AND4_1x_tb_1", "cornername": "Nominal"}
[2024-11-02 06:45:27.461 -0700] [INFO] [cadence.virtuoso.ade.simulationMonitor] -               nodes 38 {"history": "ExplorerRun.0", "point": 1, "testname": "demo_AND4_1x_tb_1", "cornername": "Nominal"}
[2024-11-02 06:45:27.461 -0700] [INFO] [cadence.virtuoso.ade.simulationMonitor] - Notice from spectre during initial setup.
    APS Enabled. {"history": "ExplorerRun.0", "point": 1, "testname": "demo_AND4_1x_tb_1", "cornername": "Nominal"}
[2024-11-02 06:45:27.462 -0700] [INFO] [cadence.virtuoso.ade.simulationMonitor] - Peak resident memory used = 68.5 Mbytes. {"history": "ExplorerRun.0", "point": 1, "testname": "demo_AND4_1x_tb_1", "cornername": "Nominal"}
[2024-11-02 06:45:27.462 -0700] [WARN] [cadence.virtuoso.ade.simulationMonitor] -     WARNING (SPECTRE-16707): Only tran supports psfxl format, result of other analyses will be in psfbin format. {"history": "ExplorerRun.0", "point": 1, "testname": "demo_AND4_1x_tb_1", "cornername": "Nominal"}
[2024-11-02 06:45:27.463 -0700] [INFO] [cadence.virtuoso.ade.simulationMonitor] - Notice from spectre during IC analysis, during transient analysis `tran'.
    GminDC = 1 pS is large enough to noticeably affect the DC solution.
        dV(I0.I0.net9) = 58.7689 mV
        Use the `gmin_check' option to eliminate or expand this report. {"history": "ExplorerRun.0", "point": 1, "testname": "demo_AND4_1x_tb_1", "cornername": "Nominal"}
[2024-11-02 06:45:27.463 -0700] [INFO] [cadence.virtuoso.ade.simulationMonitor] - Notice from spectre during transient analysis `tran'.
    Multithreading is disabled due to the size of the design being too small. {"history": "ExplorerRun.0", "point": 1, "testname": "demo_AND4_1x_tb_1", "cornername": "Nominal"}
[2024-11-02 06:45:27.464 -0700] [INFO] [cadence.virtuoso.ade.simulationMonitor] - Notice from spectre at time = 3.2232 ns during transient analysis `tran'.
    Found trapezoidal ringing on node _vvdd!:p. {"history": "ExplorerRun.0", "point": 1, "testname": "demo_AND4_1x_tb_1", "cornername": "Nominal"}
[2024-11-02 06:45:27.464 -0700] [INFO] [cadence.virtuoso.ade.simulationMonitor] - Notice from spectre at time = 3.40756 ns during transient analysis `tran'.
    Found trapezoidal ringing on node _vvdd!:p. {"history": "ExplorerRun.0", "point": 1, "testname": "demo_AND4_1x_tb_1", "cornername": "Nominal"}
[2024-11-02 06:45:27.464 -0700] [INFO] [cadence.virtuoso.ade.simulationMonitor] - Notice from spectre at time = 3.60756 ns during transient analysis `tran'.
    Found trapezoidal ringing on node _vvdd!:p. {"history": "ExplorerRun.0", "point": 1, "testname": "demo_AND4_1x_tb_1", "cornername": "Nominal"}
[2024-11-02 06:45:27.465 -0700] [INFO] [cadence.virtuoso.ade.simulationMonitor] - Notice from spectre at time = 3.80756 ns during transient analysis `tran'.
    Found trapezoidal ringing on node _vvdd!:p. {"history": "ExplorerRun.0", "point": 1, "testname": "demo_AND4_1x_tb_1", "cornername": "Nominal"}
[2024-11-02 06:45:27.465 -0700] [INFO] [cadence.virtuoso.ade.simulationMonitor] - Notice from spectre at time = 4 ns during transient analysis `tran'.
    Found trapezoidal ringing on node _vvdd!:p.
        Further occurrences of this notice will be suppressed. {"history": "ExplorerRun.0", "point": 1, "testname": "demo_AND4_1x_tb_1", "cornername": "Nominal"}
[2024-11-02 06:45:27.466 -0700] [INFO] [cadence.virtuoso.ade.simulationMonitor] - Notice from spectre during transient analysis `tran'.
    Trapezoidal ringing is detected during tran analysis.
        Please use method=trap for better results and performance. {"history": "ExplorerRun.0", "point": 1, "testname": "demo_AND4_1x_tb_1", "cornername": "Nominal"}
[2024-11-02 06:45:27.466 -0700] [INFO] [cadence.virtuoso.ade.simulationMonitor] - Total time required for tran analysis `tran': CPU = 63.814 ms, elapsed = 92.8972 ms. {"history": "ExplorerRun.0", "point": 1, "testname": "demo_AND4_1x_tb_1", "cornername": "Nominal"}
[2024-11-02 06:45:27.467 -0700] [INFO] [cadence.virtuoso.ade.simulationMonitor] - Peak resident memory used = 71.4 Mbytes. {"history": "ExplorerRun.0", "point": 1, "testname": "demo_AND4_1x_tb_1", "cornername": "Nominal"}
[2024-11-02 06:45:27.467 -0700] [INFO] [cadence.virtuoso.ade.simulationMonitor] - Notice from spectre.
    21 notices suppressed. {"history": "ExplorerRun.0", "point": 1, "testname": "demo_AND4_1x_tb_1", "cornername": "Nominal"}
[2024-11-02 06:45:27.467 -0700] [INFO] [cadence.virtuoso.ade.simulationMonitor] - Time used: CPU = 1.3 s, elapsed = 1.59 s, util. = 81.4%. {"history": "ExplorerRun.0", "point": 1, "testname": "demo_AND4_1x_tb_1", "cornername": "Nominal"}
[2024-11-02 06:45:27.468 -0700] [INFO] [cadence.virtuoso.ade.simulationMonitor] - Time spent in licensing: elapsed = 26.9 ms. {"history": "ExplorerRun.0", "point": 1, "testname": "demo_AND4_1x_tb_1", "cornername": "Nominal"}
[2024-11-02 06:45:27.469 -0700] [INFO] [cadence.virtuoso.ade.simulationMonitor] - Peak memory used = 72.3 Mbytes. {"history": "ExplorerRun.0", "point": 1, "testname": "demo_AND4_1x_tb_1", "cornername": "Nominal"}
[2024-11-02 06:45:27.474 -0700] [PROCESS] [cadence.virtuoso.ade.simulationMonitor] - Simulation started at: 6:45:25 AM, Sat Nov 2, 2024, ended at: 6:45:27 AM, Sat Nov 2, 2024, with elapsed time (wall clock): 1.59 s. {"history": "ExplorerRun.0", "point": 1, "testname": "demo_AND4_1x_tb_1", "cornername": "Nominal"}
[2024-11-02 06:45:27.475 -0700] [PROCESS] [cadence.virtuoso.ade.simulationMonitor] - spectre completes with 0 errors, 1 warning, and 11 notices. {"history": "ExplorerRun.0", "point": 1, "testname": "demo_AND4_1x_tb_1", "cornername": "Nominal"}
[2024-11-02 06:45:27.475 -0700] [PROCESS] [cadence.virtuoso.ade.simulationMonitor] - Finished simulating for one point {"hostname": "viterbi-scf2", "processid": 90294, "history": "ExplorerRun.0", "testname": "demo_AND4_1x_tb_1", "cornername": "Nominal", "point": 1, "logfile": "/home/viterbi/01/tongjia/work_gpdk045/logs_tongjia/logs0/Job30.log", "simid": "1"}
[2024-11-02 06:45:27.476 -0700] [PROCESS] [cadence.virtuoso.ade.simulationMonitor] - Simulator exited {"hostname": "viterbi-scf2", "processid": 90294, "history": "ExplorerRun.0", "testname": "demo_AND4_1x_tb_1", "cornername": "Nominal", "point": 1, "logfile": "/home/viterbi/01/tongjia/work_gpdk045/logs_tongjia/logs0/Job30.log", "exitStatus": "0"}
[2024-11-02 06:45:27.476 -0700] [PROCESS] [cadence.virtuoso.ade.simulationMonitor] - Finished Simulation {"hostname": "viterbi-scf2", "processid": 90294, "history": "ExplorerRun.0", "testname": "demo_AND4_1x_tb_1", "cornername": "Nominal", "point": 1, "logfile": "/home/viterbi/01/tongjia/work_gpdk045/logs_tongjia/logs0/Job30.log", "simid": "1"}
[2024-11-02 06:45:31.011 -0700] [PROCESS] [cadence.virtuoso.ade.simulationMonitor] - Point Finished {"hostname": "viterbi-scf2", "processid": 90294, "history": "ExplorerRun.0", "testname": "demo_AND4_1x_tb_1", "cornername": "Nominal", "point": 1, "logfile": "/home/viterbi/01/tongjia/work_gpdk045/logs_tongjia/logs0/Job30.log"}
[2024-11-02 06:45:32.020 -0700] [PROCESS] [cadence.virtuoso.ade.simulationMonitor] - Stay with the runId '0', Linger time '300', currentRunSyn '1', currentTestSyn '2' {"hostname": "viterbi-scf2", "processid": 90294, "history": "ExplorerRun.0", "testname": "demo_AND4_1x_tb_1", "cornername": "Nominal", "point": 1, "logfile": "/home/viterbi/01/tongjia/work_gpdk045/logs_tongjia/logs0/Job30.log"}
[2024-11-02 06:50:32.760 -0700] [PROCESS] [cadence.virtuoso.ade.simulationMonitor] - Current memory used: 32.4336 MBytes, peak memory used: 32.4336 MBytes {"hostname": "viterbi-scf2", "processid": 90294, "history": "ExplorerRun.0", "testname": "demo_AND4_1x_tb_1", "cornername": "Nominal", "point": 1, "logfile": "/home/viterbi/01/tongjia/work_gpdk045/logs_tongjia/logs0/Job30.log"}
[2024-11-02 06:50:32.761 -0700] [PROCESS] [cadence.virtuoso.ade.simulationMonitor] - Simulation Monitor process exit. {"hostname": "viterbi-scf2", "processid": 90294, "history": "ExplorerRun.0", "testname": "demo_AND4_1x_tb_1", "cornername": "Nominal", "point": 1, "logfile": "/home/viterbi/01/tongjia/work_gpdk045/logs_tongjia/logs0/Job30.log"}
