[Simulation Monitor: 37]
[2024-11-03 06:30:55.286 -0800] [PROCESS] [cadence.virtuoso.ade.simulationMonitor] - Simulation Monitor has successfully started up. Trying to set up communication channels to other components ... {"hostname": "viterbi-scf2", "processid": 318886, "logfile": "/home/viterbi/01/tongjia/work_gpdk045/logs_tongjia/logs0/Job37.log"}
[2024-11-03 06:30:55.289 -0800] [PROCESS] [cadence.virtuoso.ade.simulationMonitor] - Communication channels have been successfully set up. Start processing events ... {"hostname": "viterbi-scf2", "processid": 318886, "logfile": "/home/viterbi/01/tongjia/work_gpdk045/logs_tongjia/logs0/Job37.log"}
[2024-11-03 06:30:55.290 -0800] [PROCESS] [cadence.virtuoso.ade.simulationMonitor] - Considering to start history {"hostname": "viterbi-scf2", "processid": 318886, "history": "ExplorerRun.0", "logfile": "/home/viterbi/01/tongjia/work_gpdk045/logs_tongjia/logs0/Job37.log"}
[2024-11-03 06:30:55.300 -0800] [PROCESS] [cadence.virtuoso.ade.simulationMonitor] - HostInfo:
Host name (type):	viterbi-scf2 (x86_64)
Operating system:	Linux 3.10.0-1160.119.1.el7.tuxcare.els7.x86_64 #1 SMP Fri Sep 20 11:32:55 UTC 2024 {"hostname": "viterbi-scf2", "processid": 318886, "history": "ExplorerRun.0", "logfile": "/home/viterbi/01/tongjia/work_gpdk045/logs_tongjia/logs0/Job37.log", "nodename": "viterbi-scf2", "domainname": "viterbi", "machine": "x86_64", "sysname": "Linux", "release": "3.10.0-1160.119.1.el7.tuxcare.els7.x86_64", "version": "#1 SMP Fri Sep 20 11:32:55 UTC 2024"}
[2024-11-03 06:30:55.301 -0800] [PROCESS] [cadence.virtuoso.ade.simulationMonitor] - UsageInfo:
pid=318886
totalPhysicalMemory=1007.132401GB,Used=156.677696GB,totalVirtualMemory=1007.132401GB,Used=156.677696GB
Cpu: Cores=112, Load average:31.360000,31.680000,31.690000 {"hostname": "viterbi-scf2", "processid": 318886, "history": "ExplorerRun.0", "logfile": "/home/viterbi/01/tongjia/work_gpdk045/logs_tongjia/logs0/Job37.log", "pid": "318886", "totalPhysicalMemory": "1007.132401", "physicalMemoryUsed": "156.677696", "totalVirtualMemory": "1007.132401", "virtualMemoryUsed": "156.677696", "cpuCores": "112", "processes": "3252", "loadAverage1": "31.360000", "loadAverage5": "31.680000", "loadAverage15": "31.690000", "loadAverage1Percent": "0.280000"}
[2024-11-03 06:30:55.305 -0800] [EVENT] [cadence.virtuoso.ade.simulationMonitor] - NewPoint {"history": "ExplorerRun.0", "point": 1, "testname": "demo_8bit_CSA_tb_1", "cornername": "Nominal", "event": "NewPoint", "EventSource": "Simulation Monitor", "HistoryName": "ExplorerRun.0", "logFile": "/home/viterbi/01/tongjia/work_gpdk045/logs_tongjia/logs0/Job37.log", "logFileSize": "2274"}
[2024-11-03 06:30:55.610 -0800] [EVENT] [cadence.virtuoso.ade.simulationMonitor] - NewPoint {"history": "ExplorerRun.0", "point": 1, "testname": "demo_8bit_CSA_tb_1", "cornername": "Nominal", "event": "NewPoint", "EventSource": "spectre", "HistoryName": "ExplorerRun.0", "logFile": "/home/viterbi/01/tongjia/simulation/demo/8bit_CSA_tb/maestro/results/maestro/ExplorerRun.0/1/demo_8bit_CSA_tb_1/psf/spectre.out", "logFileSize": "-1"}
[2024-11-03 06:30:55.644 -0800] [PROCESS] [cadence.virtuoso.ade.simulationMonitor] - Simulator launched {"hostname": "viterbi-scf2", "processid": 318886, "history": "ExplorerRun.0", "testname": "demo_8bit_CSA_tb_1", "cornername": "Nominal", "point": 1, "logfile": "/home/viterbi/01/tongjia/work_gpdk045/logs_tongjia/logs0/Job37.log", "simid": "1"}
[2024-11-03 06:30:55.651 -0800] [PROCESS] [cadence.virtuoso.ade.simulationMonitor] - Expression evaluator launched {"hostname": "viterbi-scf2", "processid": 318886, "history": "ExplorerRun.0", "testname": "demo_8bit_CSA_tb_1", "cornername": "Nominal", "point": 1, "logfile": "/home/viterbi/01/tongjia/work_gpdk045/logs_tongjia/logs0/Job37.log"}
[2024-11-03 06:30:56.028 -0800] [PROCESS] [cadence.virtuoso.ade.simulationMonitor] - Started Simulation {"hostname": "viterbi-scf2", "processid": 318886, "history": "ExplorerRun.0", "testname": "demo_8bit_CSA_tb_1", "cornername": "Nominal", "point": 1, "logfile": "/home/viterbi/01/tongjia/work_gpdk045/logs_tongjia/logs0/Job37.log", "event": "started", "task": "simulation"}
[2024-11-03 06:30:57.030 -0800] [INFO] [cadence.virtuoso.ade.simulationMonitor] - Notice from spectre during Digital Vector read-in.
    Process Vector Files.
    File read: /home/viterbi/01/tongjia/work_gpdk045/vector_files/file_simple_8-bit.vec {"history": "ExplorerRun.0", "point": 1, "testname": "demo_8bit_CSA_tb_1", "cornername": "Nominal"}
[2024-11-03 06:30:57.031 -0800] [INFO] [cadence.virtuoso.ade.simulationMonitor] - Peak resident memory used = 58 Mbytes. {"history": "ExplorerRun.0", "point": 1, "testname": "demo_8bit_CSA_tb_1", "cornername": "Nominal"}
[2024-11-03 06:30:57.532 -0800] [INFO] [cadence.virtuoso.ade.simulationMonitor] - Peak resident memory used = 70.5 Mbytes. {"history": "ExplorerRun.0", "point": 1, "testname": "demo_8bit_CSA_tb_1", "cornername": "Nominal"}
[2024-11-03 06:30:57.533 -0800] [INFO] [cadence.virtuoso.ade.simulationMonitor] - Peak resident memory used = 72.9 Mbytes. {"history": "ExplorerRun.0", "point": 1, "testname": "demo_8bit_CSA_tb_1", "cornername": "Nominal"}
[2024-11-03 06:30:57.535 -0800] [INFO] [cadence.virtuoso.ade.simulationMonitor] - Notice from spectre during topology check.
    No DC path from node `I1.PM0.n1' to ground, Gmin installed to provide path.
    No DC path from node `I2.PM0.n1' to ground, Gmin installed to provide path.
    No DC path from node `I3.PM0.n1' to ground, Gmin installed to provide path.
    No DC path from node `I4.PM0.n1' to ground, Gmin installed to provide path.
    No DC path from node `I5.PM0.n1' to ground, Gmin installed to provide path.
        Further occurrences of this notice will be suppressed. {"history": "ExplorerRun.0", "point": 1, "testname": "demo_8bit_CSA_tb_1", "cornername": "Nominal"}
[2024-11-03 06:30:57.537 -0800] [INFO] [cadence.virtuoso.ade.simulationMonitor] - Notice from spectre during initial setup.
    Number of thread was limited because of small circuit size. {"history": "ExplorerRun.0", "point": 1, "testname": "demo_8bit_CSA_tb_1", "cornername": "Nominal"}
[2024-11-03 06:30:57.544 -0800] [INFO] [cadence.virtuoso.ade.simulationMonitor] -               nodes 764 {"history": "ExplorerRun.0", "point": 1, "testname": "demo_8bit_CSA_tb_1", "cornername": "Nominal"}
[2024-11-03 06:30:57.545 -0800] [INFO] [cadence.virtuoso.ade.simulationMonitor] - Notice from spectre during initial setup.
    APS Enabled. {"history": "ExplorerRun.0", "point": 1, "testname": "demo_8bit_CSA_tb_1", "cornername": "Nominal"}
[2024-11-03 06:30:57.548 -0800] [INFO] [cadence.virtuoso.ade.simulationMonitor] -     Multithreading Enabled: 4 threads in the system with 112 available processors. {"history": "ExplorerRun.0", "point": 1, "testname": "demo_8bit_CSA_tb_1", "cornername": "Nominal"}
[2024-11-03 06:30:57.549 -0800] [INFO] [cadence.virtuoso.ade.simulationMonitor] - Peak resident memory used = 76.6 Mbytes. {"history": "ExplorerRun.0", "point": 1, "testname": "demo_8bit_CSA_tb_1", "cornername": "Nominal"}
[2024-11-03 06:30:57.550 -0800] [WARN] [cadence.virtuoso.ade.simulationMonitor] -     WARNING (SPECTRE-16707): Only tran supports psfxl format, result of other analyses will be in psfbin format. {"history": "ExplorerRun.0", "point": 1, "testname": "demo_8bit_CSA_tb_1", "cornername": "Nominal"}
[2024-11-03 06:30:58.052 -0800] [INFO] [cadence.virtuoso.ade.simulationMonitor] - Notice from spectre during IC analysis, during transient analysis `tran'.
    Bad pivoting is found during DC analysis. Option dc_pivot_check=yes is recommended for possible improvement of convergence. {"history": "ExplorerRun.0", "point": 1, "testname": "demo_8bit_CSA_tb_1", "cornername": "Nominal"}
[2024-11-03 06:30:58.553 -0800] [INFO] [cadence.virtuoso.ade.simulationMonitor] - Notice from spectre at time = 3.89833 ns during transient analysis `tran'.
    Found trapezoidal ringing on node _vvdd!:p. {"history": "ExplorerRun.0", "point": 1, "testname": "demo_8bit_CSA_tb_1", "cornername": "Nominal"}
[2024-11-03 06:30:58.554 -0800] [INFO] [cadence.virtuoso.ade.simulationMonitor] - Notice from spectre at time = 4 ns during transient analysis `tran'.
    Found trapezoidal ringing on node _vvdd!:p. {"history": "ExplorerRun.0", "point": 1, "testname": "demo_8bit_CSA_tb_1", "cornername": "Nominal"}
[2024-11-03 06:30:59.055 -0800] [INFO] [cadence.virtuoso.ade.simulationMonitor] - Notice from spectre during transient analysis `tran'.
    Trapezoidal ringing is detected during tran analysis.
        Please use method=trap for better results and performance. {"history": "ExplorerRun.0", "point": 1, "testname": "demo_8bit_CSA_tb_1", "cornername": "Nominal"}
[2024-11-03 06:30:59.056 -0800] [INFO] [cadence.virtuoso.ade.simulationMonitor] - Total time required for tran analysis `tran': CPU = 3.39972 s, elapsed = 1.39004 s. {"history": "ExplorerRun.0", "point": 1, "testname": "demo_8bit_CSA_tb_1", "cornername": "Nominal"}
[2024-11-03 06:30:59.058 -0800] [INFO] [cadence.virtuoso.ade.simulationMonitor] - Peak resident memory used = 97.6 Mbytes. {"history": "ExplorerRun.0", "point": 1, "testname": "demo_8bit_CSA_tb_1", "cornername": "Nominal"}
[2024-11-03 06:30:59.562 -0800] [INFO] [cadence.virtuoso.ade.simulationMonitor] - Time used: CPU = 4.83 s, elapsed = 3.24 s, util. = 149%. {"history": "ExplorerRun.0", "point": 1, "testname": "demo_8bit_CSA_tb_1", "cornername": "Nominal"}
[2024-11-03 06:30:59.563 -0800] [INFO] [cadence.virtuoso.ade.simulationMonitor] - Time spent in licensing: elapsed = 95.2 ms. {"history": "ExplorerRun.0", "point": 1, "testname": "demo_8bit_CSA_tb_1", "cornername": "Nominal"}
[2024-11-03 06:30:59.566 -0800] [INFO] [cadence.virtuoso.ade.simulationMonitor] - Peak memory used = 97.6 Mbytes. {"history": "ExplorerRun.0", "point": 1, "testname": "demo_8bit_CSA_tb_1", "cornername": "Nominal"}
[2024-11-03 06:30:59.571 -0800] [PROCESS] [cadence.virtuoso.ade.simulationMonitor] - Simulation started at: 6:30:55 AM, Sun Nov 3, 2024, ended at: 6:30:59 AM, Sun Nov 3, 2024, with elapsed time (wall clock): 3.24 s. {"history": "ExplorerRun.0", "point": 1, "testname": "demo_8bit_CSA_tb_1", "cornername": "Nominal"}
[2024-11-03 06:30:59.571 -0800] [PROCESS] [cadence.virtuoso.ade.simulationMonitor] - spectre completes with 0 errors, 1 warning, and 15 notices. {"history": "ExplorerRun.0", "point": 1, "testname": "demo_8bit_CSA_tb_1", "cornername": "Nominal"}
[2024-11-03 06:30:59.573 -0800] [PROCESS] [cadence.virtuoso.ade.simulationMonitor] - Finished simulating for one point {"hostname": "viterbi-scf2", "processid": 318886, "history": "ExplorerRun.0", "testname": "demo_8bit_CSA_tb_1", "cornername": "Nominal", "point": 1, "logfile": "/home/viterbi/01/tongjia/work_gpdk045/logs_tongjia/logs0/Job37.log", "simid": "1"}
[2024-11-03 06:30:59.574 -0800] [PROCESS] [cadence.virtuoso.ade.simulationMonitor] - Simulator exited {"hostname": "viterbi-scf2", "processid": 318886, "history": "ExplorerRun.0", "testname": "demo_8bit_CSA_tb_1", "cornername": "Nominal", "point": 1, "logfile": "/home/viterbi/01/tongjia/work_gpdk045/logs_tongjia/logs0/Job37.log", "exitStatus": "0"}
[2024-11-03 06:30:59.575 -0800] [PROCESS] [cadence.virtuoso.ade.simulationMonitor] - Finished Simulation {"hostname": "viterbi-scf2", "processid": 318886, "history": "ExplorerRun.0", "testname": "demo_8bit_CSA_tb_1", "cornername": "Nominal", "point": 1, "logfile": "/home/viterbi/01/tongjia/work_gpdk045/logs_tongjia/logs0/Job37.log", "simid": "1"}
[2024-11-03 06:31:01.613 -0800] [PROCESS] [cadence.virtuoso.ade.simulationMonitor] - Point Finished {"hostname": "viterbi-scf2", "processid": 318886, "history": "ExplorerRun.0", "testname": "demo_8bit_CSA_tb_1", "cornername": "Nominal", "point": 1, "logfile": "/home/viterbi/01/tongjia/work_gpdk045/logs_tongjia/logs0/Job37.log"}
[2024-11-03 06:31:02.624 -0800] [PROCESS] [cadence.virtuoso.ade.simulationMonitor] - Stay with the runId '0', Linger time '300', currentRunSyn '1', currentTestSyn '2' {"hostname": "viterbi-scf2", "processid": 318886, "history": "ExplorerRun.0", "testname": "demo_8bit_CSA_tb_1", "cornername": "Nominal", "point": 1, "logfile": "/home/viterbi/01/tongjia/work_gpdk045/logs_tongjia/logs0/Job37.log"}
[2024-11-03 06:31:03.626 -0800] [PROCESS] [cadence.virtuoso.ade.simulationMonitor] - Stay with the runId '0', Linger time '300', currentRunSyn '1', currentTestSyn '2' {"hostname": "viterbi-scf2", "processid": 318886, "history": "ExplorerRun.0", "testname": "demo_8bit_CSA_tb_1", "cornername": "Nominal", "point": 1, "logfile": "/home/viterbi/01/tongjia/work_gpdk045/logs_tongjia/logs0/Job37.log"}
[2024-11-03 06:31:04.629 -0800] [PROCESS] [cadence.virtuoso.ade.simulationMonitor] - Stay with the runId '0', Linger time '300', currentRunSyn '1', currentTestSyn '2' {"hostname": "viterbi-scf2", "processid": 318886, "history": "ExplorerRun.0", "testname": "demo_8bit_CSA_tb_1", "cornername": "Nominal", "point": 1, "logfile": "/home/viterbi/01/tongjia/work_gpdk045/logs_tongjia/logs0/Job37.log"}
[2024-11-03 06:36:02.764 -0800] [PROCESS] [cadence.virtuoso.ade.simulationMonitor] - Current memory used: 32.4180 MBytes, peak memory used: 32.4180 MBytes {"hostname": "viterbi-scf2", "processid": 318886, "history": "ExplorerRun.0", "testname": "demo_8bit_CSA_tb_1", "cornername": "Nominal", "point": 1, "logfile": "/home/viterbi/01/tongjia/work_gpdk045/logs_tongjia/logs0/Job37.log"}
[2024-11-03 06:36:02.765 -0800] [PROCESS] [cadence.virtuoso.ade.simulationMonitor] - Simulation Monitor process exit. {"hostname": "viterbi-scf2", "processid": 318886, "history": "ExplorerRun.0", "testname": "demo_8bit_CSA_tb_1", "cornername": "Nominal", "point": 1, "logfile": "/home/viterbi/01/tongjia/work_gpdk045/logs_tongjia/logs0/Job37.log"}
