[Simulation Monitor: 31]
[2024-11-02 06:53:55.716 -0700] [PROCESS] [cadence.virtuoso.ade.simulationMonitor] - Simulation Monitor has successfully started up. Trying to set up communication channels to other components ... {"hostname": "viterbi-scf2", "processid": 99226, "logfile": "/home/viterbi/01/tongjia/work_gpdk045/logs_tongjia/logs0/Job31.log"}
[2024-11-02 06:53:55.719 -0700] [PROCESS] [cadence.virtuoso.ade.simulationMonitor] - Communication channels have been successfully set up. Start processing events ... {"hostname": "viterbi-scf2", "processid": 99226, "logfile": "/home/viterbi/01/tongjia/work_gpdk045/logs_tongjia/logs0/Job31.log"}
[2024-11-02 06:53:55.719 -0700] [PROCESS] [cadence.virtuoso.ade.simulationMonitor] - Considering to start history {"hostname": "viterbi-scf2", "processid": 99226, "history": "ExplorerRun.0", "logfile": "/home/viterbi/01/tongjia/work_gpdk045/logs_tongjia/logs0/Job31.log"}
[2024-11-02 06:53:55.728 -0700] [PROCESS] [cadence.virtuoso.ade.simulationMonitor] - HostInfo:
Host name (type):	viterbi-scf2 (x86_64)
Operating system:	Linux 3.10.0-1160.119.1.el7.tuxcare.els7.x86_64 #1 SMP Fri Sep 20 11:32:55 UTC 2024 {"hostname": "viterbi-scf2", "processid": 99226, "history": "ExplorerRun.0", "logfile": "/home/viterbi/01/tongjia/work_gpdk045/logs_tongjia/logs0/Job31.log", "nodename": "viterbi-scf2", "domainname": "viterbi", "machine": "x86_64", "sysname": "Linux", "release": "3.10.0-1160.119.1.el7.tuxcare.els7.x86_64", "version": "#1 SMP Fri Sep 20 11:32:55 UTC 2024"}
[2024-11-02 06:53:55.730 -0700] [PROCESS] [cadence.virtuoso.ade.simulationMonitor] - UsageInfo:
pid=99226
totalPhysicalMemory=1007.132401GB,Used=169.664143GB,totalVirtualMemory=1007.132401GB,Used=169.664143GB
Cpu: Cores=112, Load average:32.510000,31.970000,31.870000 {"hostname": "viterbi-scf2", "processid": 99226, "history": "ExplorerRun.0", "logfile": "/home/viterbi/01/tongjia/work_gpdk045/logs_tongjia/logs0/Job31.log", "pid": "99226", "totalPhysicalMemory": "1007.132401", "physicalMemoryUsed": "169.664143", "totalVirtualMemory": "1007.132401", "virtualMemoryUsed": "169.664143", "cpuCores": "112", "processes": "5105", "loadAverage1": "32.510000", "loadAverage5": "31.970000", "loadAverage15": "31.870000", "loadAverage1Percent": "0.290268"}
[2024-11-02 06:53:55.734 -0700] [EVENT] [cadence.virtuoso.ade.simulationMonitor] - NewPoint {"history": "ExplorerRun.0", "point": 1, "testname": "demo_AND4_1x_tb_1", "cornername": "Nominal", "event": "NewPoint", "EventSource": "Simulation Monitor", "HistoryName": "ExplorerRun.0", "logFile": "/home/viterbi/01/tongjia/work_gpdk045/logs_tongjia/logs0/Job31.log", "logFileSize": "2267"}
[2024-11-02 06:53:56.039 -0700] [EVENT] [cadence.virtuoso.ade.simulationMonitor] - NewPoint {"history": "ExplorerRun.0", "point": 1, "testname": "demo_AND4_1x_tb_1", "cornername": "Nominal", "event": "NewPoint", "EventSource": "spectre", "HistoryName": "ExplorerRun.0", "logFile": "/home/viterbi/01/tongjia/simulation/demo/AND4_1x_tb/maestro/results/maestro/ExplorerRun.0/1/demo_AND4_1x_tb_1/psf/spectre.out", "logFileSize": "-1"}
[2024-11-02 06:53:56.069 -0700] [PROCESS] [cadence.virtuoso.ade.simulationMonitor] - Simulator launched {"hostname": "viterbi-scf2", "processid": 99226, "history": "ExplorerRun.0", "testname": "demo_AND4_1x_tb_1", "cornername": "Nominal", "point": 1, "logfile": "/home/viterbi/01/tongjia/work_gpdk045/logs_tongjia/logs0/Job31.log", "simid": "1"}
[2024-11-02 06:53:56.073 -0700] [PROCESS] [cadence.virtuoso.ade.simulationMonitor] - Expression evaluator launched {"hostname": "viterbi-scf2", "processid": 99226, "history": "ExplorerRun.0", "testname": "demo_AND4_1x_tb_1", "cornername": "Nominal", "point": 1, "logfile": "/home/viterbi/01/tongjia/work_gpdk045/logs_tongjia/logs0/Job31.log"}
[2024-11-02 06:53:56.687 -0700] [PROCESS] [cadence.virtuoso.ade.simulationMonitor] - Started Simulation {"hostname": "viterbi-scf2", "processid": 99226, "history": "ExplorerRun.0", "testname": "demo_AND4_1x_tb_1", "cornername": "Nominal", "point": 1, "logfile": "/home/viterbi/01/tongjia/work_gpdk045/logs_tongjia/logs0/Job31.log", "event": "started", "task": "simulation"}
[2024-11-02 06:53:57.188 -0700] [INFO] [cadence.virtuoso.ade.simulationMonitor] - Peak resident memory used = 59.6 Mbytes. {"history": "ExplorerRun.0", "point": 1, "testname": "demo_AND4_1x_tb_1", "cornername": "Nominal"}
[2024-11-02 06:53:57.689 -0700] [INFO] [cadence.virtuoso.ade.simulationMonitor] - Peak resident memory used = 68.9 Mbytes. {"history": "ExplorerRun.0", "point": 1, "testname": "demo_AND4_1x_tb_1", "cornername": "Nominal"}
[2024-11-02 06:53:57.690 -0700] [INFO] [cadence.virtuoso.ade.simulationMonitor] - Peak resident memory used = 69.6 Mbytes. {"history": "ExplorerRun.0", "point": 1, "testname": "demo_AND4_1x_tb_1", "cornername": "Nominal"}
[2024-11-02 06:53:57.691 -0700] [INFO] [cadence.virtuoso.ade.simulationMonitor] - Notice from spectre during initial setup.
    Multithreading is disabled due to the size of the design being too small. {"history": "ExplorerRun.0", "point": 1, "testname": "demo_AND4_1x_tb_1", "cornername": "Nominal"}
[2024-11-02 06:53:57.698 -0700] [INFO] [cadence.virtuoso.ade.simulationMonitor] -               nodes 47 {"history": "ExplorerRun.0", "point": 1, "testname": "demo_AND4_1x_tb_1", "cornername": "Nominal"}
[2024-11-02 06:53:57.699 -0700] [INFO] [cadence.virtuoso.ade.simulationMonitor] - Notice from spectre during initial setup.
    APS Enabled. {"history": "ExplorerRun.0", "point": 1, "testname": "demo_AND4_1x_tb_1", "cornername": "Nominal"}
[2024-11-02 06:53:57.700 -0700] [INFO] [cadence.virtuoso.ade.simulationMonitor] - Peak resident memory used = 70.6 Mbytes. {"history": "ExplorerRun.0", "point": 1, "testname": "demo_AND4_1x_tb_1", "cornername": "Nominal"}
[2024-11-02 06:53:57.700 -0700] [WARN] [cadence.virtuoso.ade.simulationMonitor] -     WARNING (SPECTRE-16707): Only tran supports psfxl format, result of other analyses will be in psfbin format. {"history": "ExplorerRun.0", "point": 1, "testname": "demo_AND4_1x_tb_1", "cornername": "Nominal"}
[2024-11-02 06:53:57.701 -0700] [INFO] [cadence.virtuoso.ade.simulationMonitor] - Notice from spectre during IC analysis, during transient analysis `tran'.
    GminDC = 1 pS is large enough to noticeably affect the DC solution.
        dV(I0.I6.net9) = 58.7689 mV
        Use the `gmin_check' option to eliminate or expand this report. {"history": "ExplorerRun.0", "point": 1, "testname": "demo_AND4_1x_tb_1", "cornername": "Nominal"}
[2024-11-02 06:53:57.701 -0700] [INFO] [cadence.virtuoso.ade.simulationMonitor] - Notice from spectre during transient analysis `tran'.
    Multithreading is disabled due to the size of the design being too small. {"history": "ExplorerRun.0", "point": 1, "testname": "demo_AND4_1x_tb_1", "cornername": "Nominal"}
[2024-11-02 06:53:57.702 -0700] [INFO] [cadence.virtuoso.ade.simulationMonitor] - Notice from spectre at time = 1.89399 ns during transient analysis `tran'.
    Found trapezoidal ringing on node _vvdd!:p. {"history": "ExplorerRun.0", "point": 1, "testname": "demo_AND4_1x_tb_1", "cornername": "Nominal"}
[2024-11-02 06:53:57.703 -0700] [INFO] [cadence.virtuoso.ade.simulationMonitor] - Notice from spectre at time = 2 ns during transient analysis `tran'.
    Found trapezoidal ringing on node _vvdd!:p. {"history": "ExplorerRun.0", "point": 1, "testname": "demo_AND4_1x_tb_1", "cornername": "Nominal"}
[2024-11-02 06:53:58.204 -0700] [INFO] [cadence.virtuoso.ade.simulationMonitor] - Notice from spectre at time = 3.13117 ns during transient analysis `tran'.
    Found trapezoidal ringing on node _vvdd!:p. {"history": "ExplorerRun.0", "point": 1, "testname": "demo_AND4_1x_tb_1", "cornername": "Nominal"}
[2024-11-02 06:53:58.205 -0700] [INFO] [cadence.virtuoso.ade.simulationMonitor] - Notice from spectre at time = 3.22351 ns during transient analysis `tran'.
    Found trapezoidal ringing on node _vvdd!:p. {"history": "ExplorerRun.0", "point": 1, "testname": "demo_AND4_1x_tb_1", "cornername": "Nominal"}
[2024-11-02 06:53:58.206 -0700] [INFO] [cadence.virtuoso.ade.simulationMonitor] - Notice from spectre at time = 3.4082 ns during transient analysis `tran'.
    Found trapezoidal ringing on node _vvdd!:p.
        Further occurrences of this notice will be suppressed. {"history": "ExplorerRun.0", "point": 1, "testname": "demo_AND4_1x_tb_1", "cornername": "Nominal"}
[2024-11-02 06:53:58.207 -0700] [INFO] [cadence.virtuoso.ade.simulationMonitor] - Notice from spectre during transient analysis `tran'.
    Trapezoidal ringing is detected during tran analysis.
        Please use method=trap for better results and performance. {"history": "ExplorerRun.0", "point": 1, "testname": "demo_AND4_1x_tb_1", "cornername": "Nominal"}
[2024-11-02 06:53:58.208 -0700] [INFO] [cadence.virtuoso.ade.simulationMonitor] - Total time required for tran analysis `tran': CPU = 92.958 ms, elapsed = 109.055 ms. {"history": "ExplorerRun.0", "point": 1, "testname": "demo_AND4_1x_tb_1", "cornername": "Nominal"}
[2024-11-02 06:53:58.209 -0700] [INFO] [cadence.virtuoso.ade.simulationMonitor] - Peak resident memory used = 73.6 Mbytes. {"history": "ExplorerRun.0", "point": 1, "testname": "demo_AND4_1x_tb_1", "cornername": "Nominal"}
[2024-11-02 06:53:58.209 -0700] [INFO] [cadence.virtuoso.ade.simulationMonitor] - Notice from spectre.
    25 notices suppressed. {"history": "ExplorerRun.0", "point": 1, "testname": "demo_AND4_1x_tb_1", "cornername": "Nominal"}
[2024-11-02 06:53:58.210 -0700] [INFO] [cadence.virtuoso.ade.simulationMonitor] - Time used: CPU = 1.18 s, elapsed = 1.46 s, util. = 80.6%. {"history": "ExplorerRun.0", "point": 1, "testname": "demo_AND4_1x_tb_1", "cornername": "Nominal"}
[2024-11-02 06:53:58.211 -0700] [INFO] [cadence.virtuoso.ade.simulationMonitor] - Time spent in licensing: elapsed = 25.4 ms. {"history": "ExplorerRun.0", "point": 1, "testname": "demo_AND4_1x_tb_1", "cornername": "Nominal"}
[2024-11-02 06:53:58.213 -0700] [INFO] [cadence.virtuoso.ade.simulationMonitor] - Peak memory used = 74.4 Mbytes. {"history": "ExplorerRun.0", "point": 1, "testname": "demo_AND4_1x_tb_1", "cornername": "Nominal"}
[2024-11-02 06:53:58.217 -0700] [PROCESS] [cadence.virtuoso.ade.simulationMonitor] - Simulation started at: 6:53:56 AM, Sat Nov 2, 2024, ended at: 6:53:57 AM, Sat Nov 2, 2024, with elapsed time (wall clock): 1.46 s. {"history": "ExplorerRun.0", "point": 1, "testname": "demo_AND4_1x_tb_1", "cornername": "Nominal"}
[2024-11-02 06:53:58.217 -0700] [PROCESS] [cadence.virtuoso.ade.simulationMonitor] - spectre completes with 0 errors, 1 warning, and 11 notices. {"history": "ExplorerRun.0", "point": 1, "testname": "demo_AND4_1x_tb_1", "cornername": "Nominal"}
[2024-11-02 06:53:58.218 -0700] [PROCESS] [cadence.virtuoso.ade.simulationMonitor] - Finished simulating for one point {"hostname": "viterbi-scf2", "processid": 99226, "history": "ExplorerRun.0", "testname": "demo_AND4_1x_tb_1", "cornername": "Nominal", "point": 1, "logfile": "/home/viterbi/01/tongjia/work_gpdk045/logs_tongjia/logs0/Job31.log", "simid": "1"}
[2024-11-02 06:53:58.219 -0700] [PROCESS] [cadence.virtuoso.ade.simulationMonitor] - Simulator exited {"hostname": "viterbi-scf2", "processid": 99226, "history": "ExplorerRun.0", "testname": "demo_AND4_1x_tb_1", "cornername": "Nominal", "point": 1, "logfile": "/home/viterbi/01/tongjia/work_gpdk045/logs_tongjia/logs0/Job31.log", "exitStatus": "0"}
[2024-11-02 06:53:58.220 -0700] [PROCESS] [cadence.virtuoso.ade.simulationMonitor] - Finished Simulation {"hostname": "viterbi-scf2", "processid": 99226, "history": "ExplorerRun.0", "testname": "demo_AND4_1x_tb_1", "cornername": "Nominal", "point": 1, "logfile": "/home/viterbi/01/tongjia/work_gpdk045/logs_tongjia/logs0/Job31.log", "simid": "1"}
[2024-11-02 06:54:01.765 -0700] [PROCESS] [cadence.virtuoso.ade.simulationMonitor] - Point Finished {"hostname": "viterbi-scf2", "processid": 99226, "history": "ExplorerRun.0", "testname": "demo_AND4_1x_tb_1", "cornername": "Nominal", "point": 1, "logfile": "/home/viterbi/01/tongjia/work_gpdk045/logs_tongjia/logs0/Job31.log"}
[2024-11-02 06:54:02.773 -0700] [PROCESS] [cadence.virtuoso.ade.simulationMonitor] - Stay with the runId '1', Linger time '300', currentRunSyn '3', currentTestSyn '4' {"hostname": "viterbi-scf2", "processid": 99226, "history": "ExplorerRun.0", "testname": "demo_AND4_1x_tb_1", "cornername": "Nominal", "point": 1, "logfile": "/home/viterbi/01/tongjia/work_gpdk045/logs_tongjia/logs0/Job31.log"}
[2024-11-02 06:54:33.335 -0700] [INFO] [cadence.virtuoso.ade.simulationMonitor] - SimulationMonitor has terminated the vds process '99255', reason: 'Force to stop the expression evalutor process because of new run' {"history": "ExplorerRun.0", "point": 1, "testname": "demo_AND4_1x_tb_1", "cornername": "Nominal"}
[2024-11-02 06:54:33.337 -0700] [PROCESS] [cadence.virtuoso.ade.simulationMonitor] - HostInfo:
Host name (type):	viterbi-scf2 (x86_64)
Operating system:	Linux 3.10.0-1160.119.1.el7.tuxcare.els7.x86_64 #1 SMP Fri Sep 20 11:32:55 UTC 2024 {"hostname": "viterbi-scf2", "processid": 99226, "history": "ExplorerRun.0", "testname": "demo_AND4_1x_tb_1", "cornername": "Nominal", "point": 1, "logfile": "/home/viterbi/01/tongjia/work_gpdk045/logs_tongjia/logs0/Job31.log", "nodename": "viterbi-scf2", "domainname": "viterbi", "machine": "x86_64", "sysname": "Linux", "release": "3.10.0-1160.119.1.el7.tuxcare.els7.x86_64", "version": "#1 SMP Fri Sep 20 11:32:55 UTC 2024"}
[2024-11-02 06:54:33.338 -0700] [PROCESS] [cadence.virtuoso.ade.simulationMonitor] - UsageInfo:
pid=99226
totalPhysicalMemory=1007.132401GB,Used=169.706806GB,totalVirtualMemory=1007.132401GB,Used=169.706806GB
Cpu: Cores=112, Load average:32.430000,32.010000,31.890000 {"hostname": "viterbi-scf2", "processid": 99226, "history": "ExplorerRun.0", "testname": "demo_AND4_1x_tb_1", "cornername": "Nominal", "point": 1, "logfile": "/home/viterbi/01/tongjia/work_gpdk045/logs_tongjia/logs0/Job31.log", "pid": "99226", "totalPhysicalMemory": "1007.132401", "physicalMemoryUsed": "169.706806", "totalVirtualMemory": "1007.132401", "virtualMemoryUsed": "169.706806", "cpuCores": "112", "processes": "5219", "loadAverage1": "32.430000", "loadAverage5": "32.010000", "loadAverage15": "31.890000", "loadAverage1Percent": "0.289554"}
[2024-11-02 06:54:33.342 -0700] [EVENT] [cadence.virtuoso.ade.simulationMonitor] - NewPoint {"history": "ExplorerRun.0", "point": 1, "testname": "demo_AND4_1x_tb_1", "cornername": "Nominal", "event": "NewPoint", "EventSource": "Simulation Monitor", "HistoryName": "ExplorerRun.0", "logFile": "/home/viterbi/01/tongjia/work_gpdk045/logs_tongjia/logs0/Job31.log", "logFileSize": "14290"}
[2024-11-02 06:54:33.646 -0700] [EVENT] [cadence.virtuoso.ade.simulationMonitor] - NewPoint {"history": "ExplorerRun.0", "point": 1, "testname": "demo_AND4_1x_tb_1", "cornername": "Nominal", "event": "NewPoint", "EventSource": "spectre", "HistoryName": "ExplorerRun.0", "logFile": "/home/viterbi/01/tongjia/simulation/demo/AND4_1x_tb/maestro/results/maestro/ExplorerRun.0/1/demo_AND4_1x_tb_1/psf/spectre.out", "logFileSize": "-1"}
[2024-11-02 06:54:33.674 -0700] [PROCESS] [cadence.virtuoso.ade.simulationMonitor] - Simulator launched {"hostname": "viterbi-scf2", "processid": 99226, "history": "ExplorerRun.0", "testname": "demo_AND4_1x_tb_1", "cornername": "Nominal", "point": 1, "logfile": "/home/viterbi/01/tongjia/work_gpdk045/logs_tongjia/logs0/Job31.log", "simid": "2"}
[2024-11-02 06:54:33.678 -0700] [PROCESS] [cadence.virtuoso.ade.simulationMonitor] - Expression evaluator launched {"hostname": "viterbi-scf2", "processid": 99226, "history": "ExplorerRun.0", "testname": "demo_AND4_1x_tb_1", "cornername": "Nominal", "point": 1, "logfile": "/home/viterbi/01/tongjia/work_gpdk045/logs_tongjia/logs0/Job31.log"}
[2024-11-02 06:54:34.234 -0700] [PROCESS] [cadence.virtuoso.ade.simulationMonitor] - Started Simulation {"hostname": "viterbi-scf2", "processid": 99226, "history": "ExplorerRun.0", "testname": "demo_AND4_1x_tb_1", "cornername": "Nominal", "point": 1, "logfile": "/home/viterbi/01/tongjia/work_gpdk045/logs_tongjia/logs0/Job31.log", "event": "started", "task": "simulation"}
[2024-11-02 06:54:34.735 -0700] [INFO] [cadence.virtuoso.ade.simulationMonitor] - Peak resident memory used = 57.7 Mbytes. {"history": "ExplorerRun.0", "point": 1, "testname": "demo_AND4_1x_tb_1", "cornername": "Nominal"}
[2024-11-02 06:54:35.236 -0700] [INFO] [cadence.virtuoso.ade.simulationMonitor] - Peak resident memory used = 66.9 Mbytes. {"history": "ExplorerRun.0", "point": 1, "testname": "demo_AND4_1x_tb_1", "cornername": "Nominal"}
[2024-11-02 06:54:35.237 -0700] [INFO] [cadence.virtuoso.ade.simulationMonitor] - Peak resident memory used = 67.7 Mbytes. {"history": "ExplorerRun.0", "point": 1, "testname": "demo_AND4_1x_tb_1", "cornername": "Nominal"}
[2024-11-02 06:54:35.237 -0700] [INFO] [cadence.virtuoso.ade.simulationMonitor] - Notice from spectre during initial setup.
    Multithreading is disabled due to the size of the design being too small. {"history": "ExplorerRun.0", "point": 1, "testname": "demo_AND4_1x_tb_1", "cornername": "Nominal"}
[2024-11-02 06:54:35.243 -0700] [INFO] [cadence.virtuoso.ade.simulationMonitor] -               nodes 47 {"history": "ExplorerRun.0", "point": 1, "testname": "demo_AND4_1x_tb_1", "cornername": "Nominal"}
[2024-11-02 06:54:35.243 -0700] [INFO] [cadence.virtuoso.ade.simulationMonitor] - Notice from spectre during initial setup.
    APS Enabled. {"history": "ExplorerRun.0", "point": 1, "testname": "demo_AND4_1x_tb_1", "cornername": "Nominal"}
[2024-11-02 06:54:35.244 -0700] [INFO] [cadence.virtuoso.ade.simulationMonitor] - Peak resident memory used = 68.6 Mbytes. {"history": "ExplorerRun.0", "point": 1, "testname": "demo_AND4_1x_tb_1", "cornername": "Nominal"}
[2024-11-02 06:54:35.245 -0700] [WARN] [cadence.virtuoso.ade.simulationMonitor] -     WARNING (SPECTRE-16707): Only tran supports psfxl format, result of other analyses will be in psfbin format. {"history": "ExplorerRun.0", "point": 1, "testname": "demo_AND4_1x_tb_1", "cornername": "Nominal"}
[2024-11-02 06:54:35.245 -0700] [INFO] [cadence.virtuoso.ade.simulationMonitor] - Notice from spectre during IC analysis, during transient analysis `tran'.
    GminDC = 1 pS is large enough to noticeably affect the DC solution.
        dV(I0.I6.net9) = 58.7689 mV
        Use the `gmin_check' option to eliminate or expand this report. {"history": "ExplorerRun.0", "point": 1, "testname": "demo_AND4_1x_tb_1", "cornername": "Nominal"}
[2024-11-02 06:54:35.246 -0700] [INFO] [cadence.virtuoso.ade.simulationMonitor] - Notice from spectre during transient analysis `tran'.
    Multithreading is disabled due to the size of the design being too small. {"history": "ExplorerRun.0", "point": 1, "testname": "demo_AND4_1x_tb_1", "cornername": "Nominal"}
[2024-11-02 06:54:35.247 -0700] [INFO] [cadence.virtuoso.ade.simulationMonitor] - Notice from spectre at time = 1.36458 ns during transient analysis `tran'.
    Found trapezoidal ringing on node _vvdd!:p. {"history": "ExplorerRun.0", "point": 1, "testname": "demo_AND4_1x_tb_1", "cornername": "Nominal"}
[2024-11-02 06:54:35.247 -0700] [INFO] [cadence.virtuoso.ade.simulationMonitor] - Notice from spectre at time = 1.56458 ns during transient analysis `tran'.
    Found trapezoidal ringing on node _vvdd!:p. {"history": "ExplorerRun.0", "point": 1, "testname": "demo_AND4_1x_tb_1", "cornername": "Nominal"}
[2024-11-02 06:54:35.248 -0700] [INFO] [cadence.virtuoso.ade.simulationMonitor] - Notice from spectre at time = 1.76458 ns during transient analysis `tran'.
    Found trapezoidal ringing on node _vvdd!:p. {"history": "ExplorerRun.0", "point": 1, "testname": "demo_AND4_1x_tb_1", "cornername": "Nominal"}
[2024-11-02 06:54:35.248 -0700] [INFO] [cadence.virtuoso.ade.simulationMonitor] - Notice from spectre at time = 1.88229 ns during transient analysis `tran'.
    Found trapezoidal ringing on node _vvdd!:p. {"history": "ExplorerRun.0", "point": 1, "testname": "demo_AND4_1x_tb_1", "cornername": "Nominal"}
[2024-11-02 06:54:35.249 -0700] [INFO] [cadence.virtuoso.ade.simulationMonitor] - Notice from spectre at time = 2 ns during transient analysis `tran'.
    Found trapezoidal ringing on node _vvdd!:p.
        Further occurrences of this notice will be suppressed. {"history": "ExplorerRun.0", "point": 1, "testname": "demo_AND4_1x_tb_1", "cornername": "Nominal"}
[2024-11-02 06:54:35.250 -0700] [INFO] [cadence.virtuoso.ade.simulationMonitor] - Notice from spectre during transient analysis `tran'.
    Trapezoidal ringing is detected during tran analysis.
        Please use method=trap for better results and performance. {"history": "ExplorerRun.0", "point": 1, "testname": "demo_AND4_1x_tb_1", "cornername": "Nominal"}
[2024-11-02 06:54:35.250 -0700] [INFO] [cadence.virtuoso.ade.simulationMonitor] - Total time required for tran analysis `tran': CPU = 66.23 ms, elapsed = 85.0649 ms. {"history": "ExplorerRun.0", "point": 1, "testname": "demo_AND4_1x_tb_1", "cornername": "Nominal"}
[2024-11-02 06:54:35.251 -0700] [INFO] [cadence.virtuoso.ade.simulationMonitor] - Peak resident memory used = 71.7 Mbytes. {"history": "ExplorerRun.0", "point": 1, "testname": "demo_AND4_1x_tb_1", "cornername": "Nominal"}
[2024-11-02 06:54:35.251 -0700] [INFO] [cadence.virtuoso.ade.simulationMonitor] - Notice from spectre.
    27 notices suppressed. {"history": "ExplorerRun.0", "point": 1, "testname": "demo_AND4_1x_tb_1", "cornername": "Nominal"}
[2024-11-02 06:54:35.753 -0700] [INFO] [cadence.virtuoso.ade.simulationMonitor] - Time used: CPU = 1.17 s, elapsed = 1.4 s, util. = 83.3%. {"history": "ExplorerRun.0", "point": 1, "testname": "demo_AND4_1x_tb_1", "cornername": "Nominal"}
[2024-11-02 06:54:35.754 -0700] [INFO] [cadence.virtuoso.ade.simulationMonitor] - Time spent in licensing: elapsed = 26.3 ms. {"history": "ExplorerRun.0", "point": 1, "testname": "demo_AND4_1x_tb_1", "cornername": "Nominal"}
[2024-11-02 06:54:35.756 -0700] [INFO] [cadence.virtuoso.ade.simulationMonitor] - Peak memory used = 72.5 Mbytes. {"history": "ExplorerRun.0", "point": 1, "testname": "demo_AND4_1x_tb_1", "cornername": "Nominal"}
[2024-11-02 06:54:35.759 -0700] [PROCESS] [cadence.virtuoso.ade.simulationMonitor] - Simulation started at: 6:54:33 AM, Sat Nov 2, 2024, ended at: 6:54:35 AM, Sat Nov 2, 2024, with elapsed time (wall clock): 1.4 s. {"history": "ExplorerRun.0", "point": 1, "testname": "demo_AND4_1x_tb_1", "cornername": "Nominal"}
[2024-11-02 06:54:35.759 -0700] [PROCESS] [cadence.virtuoso.ade.simulationMonitor] - spectre completes with 0 errors, 1 warning, and 11 notices. {"history": "ExplorerRun.0", "point": 1, "testname": "demo_AND4_1x_tb_1", "cornername": "Nominal"}
[2024-11-02 06:54:35.760 -0700] [PROCESS] [cadence.virtuoso.ade.simulationMonitor] - Finished simulating for one point {"hostname": "viterbi-scf2", "processid": 99226, "history": "ExplorerRun.0", "testname": "demo_AND4_1x_tb_1", "cornername": "Nominal", "point": 1, "logfile": "/home/viterbi/01/tongjia/work_gpdk045/logs_tongjia/logs0/Job31.log", "simid": "2"}
[2024-11-02 06:54:35.760 -0700] [PROCESS] [cadence.virtuoso.ade.simulationMonitor] - Simulator exited {"hostname": "viterbi-scf2", "processid": 99226, "history": "ExplorerRun.0", "testname": "demo_AND4_1x_tb_1", "cornername": "Nominal", "point": 1, "logfile": "/home/viterbi/01/tongjia/work_gpdk045/logs_tongjia/logs0/Job31.log", "exitStatus": "0"}
[2024-11-02 06:54:35.761 -0700] [PROCESS] [cadence.virtuoso.ade.simulationMonitor] - Finished Simulation {"hostname": "viterbi-scf2", "processid": 99226, "history": "ExplorerRun.0", "testname": "demo_AND4_1x_tb_1", "cornername": "Nominal", "point": 1, "logfile": "/home/viterbi/01/tongjia/work_gpdk045/logs_tongjia/logs0/Job31.log", "simid": "2"}
[2024-11-02 06:54:39.305 -0700] [PROCESS] [cadence.virtuoso.ade.simulationMonitor] - Point Finished {"hostname": "viterbi-scf2", "processid": 99226, "history": "ExplorerRun.0", "testname": "demo_AND4_1x_tb_1", "cornername": "Nominal", "point": 1, "logfile": "/home/viterbi/01/tongjia/work_gpdk045/logs_tongjia/logs0/Job31.log"}
[2024-11-02 06:54:40.313 -0700] [PROCESS] [cadence.virtuoso.ade.simulationMonitor] - Stay with the runId '2', Linger time '300', currentRunSyn '5', currentTestSyn '6' {"hostname": "viterbi-scf2", "processid": 99226, "history": "ExplorerRun.0", "testname": "demo_AND4_1x_tb_1", "cornername": "Nominal", "point": 1, "logfile": "/home/viterbi/01/tongjia/work_gpdk045/logs_tongjia/logs0/Job31.log"}
[2024-11-02 06:55:28.145 -0700] [INFO] [cadence.virtuoso.ade.simulationMonitor] - SimulationMonitor has terminated the vds process '100300', reason: 'Force to stop the expression evalutor process because of new run' {"history": "ExplorerRun.0", "point": 1, "testname": "demo_AND4_1x_tb_1", "cornername": "Nominal"}
[2024-11-02 06:55:28.148 -0700] [PROCESS] [cadence.virtuoso.ade.simulationMonitor] - HostInfo:
Host name (type):	viterbi-scf2 (x86_64)
Operating system:	Linux 3.10.0-1160.119.1.el7.tuxcare.els7.x86_64 #1 SMP Fri Sep 20 11:32:55 UTC 2024 {"hostname": "viterbi-scf2", "processid": 99226, "history": "ExplorerRun.0", "testname": "demo_AND4_1x_tb_1", "cornername": "Nominal", "point": 1, "logfile": "/home/viterbi/01/tongjia/work_gpdk045/logs_tongjia/logs0/Job31.log", "nodename": "viterbi-scf2", "domainname": "viterbi", "machine": "x86_64", "sysname": "Linux", "release": "3.10.0-1160.119.1.el7.tuxcare.els7.x86_64", "version": "#1 SMP Fri Sep 20 11:32:55 UTC 2024"}
[2024-11-02 06:55:28.149 -0700] [PROCESS] [cadence.virtuoso.ade.simulationMonitor] - UsageInfo:
pid=99226
totalPhysicalMemory=1007.132401GB,Used=169.697025GB,totalVirtualMemory=1007.132401GB,Used=169.697025GB
Cpu: Cores=112, Load average:31.370000,31.780000,31.810000 {"hostname": "viterbi-scf2", "processid": 99226, "history": "ExplorerRun.0", "testname": "demo_AND4_1x_tb_1", "cornername": "Nominal", "point": 1, "logfile": "/home/viterbi/01/tongjia/work_gpdk045/logs_tongjia/logs0/Job31.log", "pid": "99226", "totalPhysicalMemory": "1007.132401", "physicalMemoryUsed": "169.697025", "totalVirtualMemory": "1007.132401", "virtualMemoryUsed": "169.697025", "cpuCores": "112", "processes": "5107", "loadAverage1": "31.370000", "loadAverage5": "31.780000", "loadAverage15": "31.810000", "loadAverage1Percent": "0.280089"}
[2024-11-02 06:55:28.153 -0700] [EVENT] [cadence.virtuoso.ade.simulationMonitor] - NewPoint {"history": "ExplorerRun.0", "point": 1, "testname": "demo_AND4_1x_tb_1", "cornername": "Nominal", "event": "NewPoint", "EventSource": "Simulation Monitor", "HistoryName": "ExplorerRun.0", "logFile": "/home/viterbi/01/tongjia/work_gpdk045/logs_tongjia/logs0/Job31.log", "logFileSize": "26313"}
[2024-11-02 06:55:28.457 -0700] [EVENT] [cadence.virtuoso.ade.simulationMonitor] - NewPoint {"history": "ExplorerRun.0", "point": 1, "testname": "demo_AND4_1x_tb_1", "cornername": "Nominal", "event": "NewPoint", "EventSource": "spectre", "HistoryName": "ExplorerRun.0", "logFile": "/home/viterbi/01/tongjia/simulation/demo/AND4_1x_tb/maestro/results/maestro/ExplorerRun.0/1/demo_AND4_1x_tb_1/psf/spectre.out", "logFileSize": "-1"}
[2024-11-02 06:55:28.485 -0700] [PROCESS] [cadence.virtuoso.ade.simulationMonitor] - Simulator launched {"hostname": "viterbi-scf2", "processid": 99226, "history": "ExplorerRun.0", "testname": "demo_AND4_1x_tb_1", "cornername": "Nominal", "point": 1, "logfile": "/home/viterbi/01/tongjia/work_gpdk045/logs_tongjia/logs0/Job31.log", "simid": "3"}
[2024-11-02 06:55:28.489 -0700] [PROCESS] [cadence.virtuoso.ade.simulationMonitor] - Expression evaluator launched {"hostname": "viterbi-scf2", "processid": 99226, "history": "ExplorerRun.0", "testname": "demo_AND4_1x_tb_1", "cornername": "Nominal", "point": 1, "logfile": "/home/viterbi/01/tongjia/work_gpdk045/logs_tongjia/logs0/Job31.log"}
[2024-11-02 06:55:29.025 -0700] [PROCESS] [cadence.virtuoso.ade.simulationMonitor] - Started Simulation {"hostname": "viterbi-scf2", "processid": 99226, "history": "ExplorerRun.0", "testname": "demo_AND4_1x_tb_1", "cornername": "Nominal", "point": 1, "logfile": "/home/viterbi/01/tongjia/work_gpdk045/logs_tongjia/logs0/Job31.log", "event": "started", "task": "simulation"}
[2024-11-02 06:55:29.526 -0700] [INFO] [cadence.virtuoso.ade.simulationMonitor] - Peak resident memory used = 57.7 Mbytes. {"history": "ExplorerRun.0", "point": 1, "testname": "demo_AND4_1x_tb_1", "cornername": "Nominal"}
[2024-11-02 06:55:30.027 -0700] [INFO] [cadence.virtuoso.ade.simulationMonitor] - Peak resident memory used = 66.9 Mbytes. {"history": "ExplorerRun.0", "point": 1, "testname": "demo_AND4_1x_tb_1", "cornername": "Nominal"}
[2024-11-02 06:55:30.028 -0700] [INFO] [cadence.virtuoso.ade.simulationMonitor] - Peak resident memory used = 67.7 Mbytes. {"history": "ExplorerRun.0", "point": 1, "testname": "demo_AND4_1x_tb_1", "cornername": "Nominal"}
[2024-11-02 06:55:30.029 -0700] [INFO] [cadence.virtuoso.ade.simulationMonitor] - Notice from spectre during initial setup.
    Multithreading is disabled due to the size of the design being too small. {"history": "ExplorerRun.0", "point": 1, "testname": "demo_AND4_1x_tb_1", "cornername": "Nominal"}
[2024-11-02 06:55:30.034 -0700] [INFO] [cadence.virtuoso.ade.simulationMonitor] -               nodes 47 {"history": "ExplorerRun.0", "point": 1, "testname": "demo_AND4_1x_tb_1", "cornername": "Nominal"}
[2024-11-02 06:55:30.035 -0700] [INFO] [cadence.virtuoso.ade.simulationMonitor] - Notice from spectre during initial setup.
    APS Enabled. {"history": "ExplorerRun.0", "point": 1, "testname": "demo_AND4_1x_tb_1", "cornername": "Nominal"}
[2024-11-02 06:55:30.036 -0700] [INFO] [cadence.virtuoso.ade.simulationMonitor] - Peak resident memory used = 68.7 Mbytes. {"history": "ExplorerRun.0", "point": 1, "testname": "demo_AND4_1x_tb_1", "cornername": "Nominal"}
[2024-11-02 06:55:30.036 -0700] [WARN] [cadence.virtuoso.ade.simulationMonitor] -     WARNING (SPECTRE-16707): Only tran supports psfxl format, result of other analyses will be in psfbin format. {"history": "ExplorerRun.0", "point": 1, "testname": "demo_AND4_1x_tb_1", "cornername": "Nominal"}
[2024-11-02 06:55:30.037 -0700] [INFO] [cadence.virtuoso.ade.simulationMonitor] - Notice from spectre during IC analysis, during transient analysis `tran'.
    GminDC = 1 pS is large enough to noticeably affect the DC solution.
        dV(I0.I6.net9) = 58.7689 mV
        Use the `gmin_check' option to eliminate or expand this report. {"history": "ExplorerRun.0", "point": 1, "testname": "demo_AND4_1x_tb_1", "cornername": "Nominal"}
[2024-11-02 06:55:30.038 -0700] [INFO] [cadence.virtuoso.ade.simulationMonitor] - Notice from spectre during transient analysis `tran'.
    Multithreading is disabled due to the size of the design being too small. {"history": "ExplorerRun.0", "point": 1, "testname": "demo_AND4_1x_tb_1", "cornername": "Nominal"}
[2024-11-02 06:55:30.039 -0700] [INFO] [cadence.virtuoso.ade.simulationMonitor] - Notice from spectre at time = 1.36458 ns during transient analysis `tran'.
    Found trapezoidal ringing on node _vvdd!:p. {"history": "ExplorerRun.0", "point": 1, "testname": "demo_AND4_1x_tb_1", "cornername": "Nominal"}
[2024-11-02 06:55:30.039 -0700] [INFO] [cadence.virtuoso.ade.simulationMonitor] - Notice from spectre at time = 1.56458 ns during transient analysis `tran'.
    Found trapezoidal ringing on node _vvdd!:p. {"history": "ExplorerRun.0", "point": 1, "testname": "demo_AND4_1x_tb_1", "cornername": "Nominal"}
[2024-11-02 06:55:30.040 -0700] [INFO] [cadence.virtuoso.ade.simulationMonitor] - Notice from spectre at time = 1.76458 ns during transient analysis `tran'.
    Found trapezoidal ringing on node _vvdd!:p. {"history": "ExplorerRun.0", "point": 1, "testname": "demo_AND4_1x_tb_1", "cornername": "Nominal"}
[2024-11-02 06:55:30.041 -0700] [INFO] [cadence.virtuoso.ade.simulationMonitor] - Notice from spectre at time = 1.88229 ns during transient analysis `tran'.
    Found trapezoidal ringing on node _vvdd!:p. {"history": "ExplorerRun.0", "point": 1, "testname": "demo_AND4_1x_tb_1", "cornername": "Nominal"}
[2024-11-02 06:55:30.041 -0700] [INFO] [cadence.virtuoso.ade.simulationMonitor] - Notice from spectre at time = 2 ns during transient analysis `tran'.
    Found trapezoidal ringing on node _vvdd!:p.
        Further occurrences of this notice will be suppressed. {"history": "ExplorerRun.0", "point": 1, "testname": "demo_AND4_1x_tb_1", "cornername": "Nominal"}
[2024-11-02 06:55:30.042 -0700] [INFO] [cadence.virtuoso.ade.simulationMonitor] - Notice from spectre during transient analysis `tran'.
    Trapezoidal ringing is detected during tran analysis.
        Please use method=trap for better results and performance. {"history": "ExplorerRun.0", "point": 1, "testname": "demo_AND4_1x_tb_1", "cornername": "Nominal"}
[2024-11-02 06:55:30.043 -0700] [INFO] [cadence.virtuoso.ade.simulationMonitor] - Total time required for tran analysis `tran': CPU = 68.613 ms, elapsed = 85.932 ms. {"history": "ExplorerRun.0", "point": 1, "testname": "demo_AND4_1x_tb_1", "cornername": "Nominal"}
[2024-11-02 06:55:30.043 -0700] [INFO] [cadence.virtuoso.ade.simulationMonitor] - Peak resident memory used = 71.7 Mbytes. {"history": "ExplorerRun.0", "point": 1, "testname": "demo_AND4_1x_tb_1", "cornername": "Nominal"}
[2024-11-02 06:55:30.044 -0700] [INFO] [cadence.virtuoso.ade.simulationMonitor] - Notice from spectre.
    26 notices suppressed. {"history": "ExplorerRun.0", "point": 1, "testname": "demo_AND4_1x_tb_1", "cornername": "Nominal"}
[2024-11-02 06:55:30.546 -0700] [INFO] [cadence.virtuoso.ade.simulationMonitor] - Time used: CPU = 1.13 s, elapsed = 1.4 s, util. = 80.8%. {"history": "ExplorerRun.0", "point": 1, "testname": "demo_AND4_1x_tb_1", "cornername": "Nominal"}
[2024-11-02 06:55:30.547 -0700] [INFO] [cadence.virtuoso.ade.simulationMonitor] - Time spent in licensing: elapsed = 24.8 ms. {"history": "ExplorerRun.0", "point": 1, "testname": "demo_AND4_1x_tb_1", "cornername": "Nominal"}
[2024-11-02 06:55:30.549 -0700] [INFO] [cadence.virtuoso.ade.simulationMonitor] - Peak memory used = 72.5 Mbytes. {"history": "ExplorerRun.0", "point": 1, "testname": "demo_AND4_1x_tb_1", "cornername": "Nominal"}
[2024-11-02 06:55:30.552 -0700] [PROCESS] [cadence.virtuoso.ade.simulationMonitor] - Simulation started at: 6:55:28 AM, Sat Nov 2, 2024, ended at: 6:55:29 AM, Sat Nov 2, 2024, with elapsed time (wall clock): 1.4 s. {"history": "ExplorerRun.0", "point": 1, "testname": "demo_AND4_1x_tb_1", "cornername": "Nominal"}
[2024-11-02 06:55:30.553 -0700] [PROCESS] [cadence.virtuoso.ade.simulationMonitor] - spectre completes with 0 errors, 1 warning, and 11 notices. {"history": "ExplorerRun.0", "point": 1, "testname": "demo_AND4_1x_tb_1", "cornername": "Nominal"}
[2024-11-02 06:55:30.553 -0700] [PROCESS] [cadence.virtuoso.ade.simulationMonitor] - Finished simulating for one point {"hostname": "viterbi-scf2", "processid": 99226, "history": "ExplorerRun.0", "testname": "demo_AND4_1x_tb_1", "cornername": "Nominal", "point": 1, "logfile": "/home/viterbi/01/tongjia/work_gpdk045/logs_tongjia/logs0/Job31.log", "simid": "3"}
[2024-11-02 06:55:30.554 -0700] [PROCESS] [cadence.virtuoso.ade.simulationMonitor] - Simulator exited {"hostname": "viterbi-scf2", "processid": 99226, "history": "ExplorerRun.0", "testname": "demo_AND4_1x_tb_1", "cornername": "Nominal", "point": 1, "logfile": "/home/viterbi/01/tongjia/work_gpdk045/logs_tongjia/logs0/Job31.log", "exitStatus": "0"}
[2024-11-02 06:55:30.555 -0700] [PROCESS] [cadence.virtuoso.ade.simulationMonitor] - Finished Simulation {"hostname": "viterbi-scf2", "processid": 99226, "history": "ExplorerRun.0", "testname": "demo_AND4_1x_tb_1", "cornername": "Nominal", "point": 1, "logfile": "/home/viterbi/01/tongjia/work_gpdk045/logs_tongjia/logs0/Job31.log", "simid": "3"}
[2024-11-02 06:55:34.097 -0700] [PROCESS] [cadence.virtuoso.ade.simulationMonitor] - Point Finished {"hostname": "viterbi-scf2", "processid": 99226, "history": "ExplorerRun.0", "testname": "demo_AND4_1x_tb_1", "cornername": "Nominal", "point": 1, "logfile": "/home/viterbi/01/tongjia/work_gpdk045/logs_tongjia/logs0/Job31.log"}
[2024-11-02 06:55:35.111 -0700] [PROCESS] [cadence.virtuoso.ade.simulationMonitor] - Stay with the runId '3', Linger time '300', currentRunSyn '7', currentTestSyn '8' {"hostname": "viterbi-scf2", "processid": 99226, "history": "ExplorerRun.0", "testname": "demo_AND4_1x_tb_1", "cornername": "Nominal", "point": 1, "logfile": "/home/viterbi/01/tongjia/work_gpdk045/logs_tongjia/logs0/Job31.log"}
[2024-11-02 06:55:45.724 -0700] [PROCESS] [cadence.virtuoso.ade.simulationMonitor] - get signal Terminated<15> from user:tongjia, which pid:99224:/usr/local/cadence/ICADVM201/tools/bin/64bit/cdsServIpc {"hostname": "viterbi-scf2", "processid": 99226, "history": "ExplorerRun.0", "testname": "demo_AND4_1x_tb_1", "cornername": "Nominal", "point": 1, "logfile": "/home/viterbi/01/tongjia/work_gpdk045/logs_tongjia/logs0/Job31.log", "signal": "15", "signalName": "Terminated", "which": "/usr/local/cadence/ICADVM201/tools/bin/64bit/cdsServIpc", "pid": "99224", "user": "tongjia", "uid": "506509"}
[2024-11-02 06:55:45.725 -0700] [INFO] [cadence.virtuoso.ade.simulationMonitor] - SimulationMonitor has terminated the  process '101427', reason: 'simulationMonitor is handling signal 15' {"history": "ExplorerRun.0", "point": 1, "testname": "demo_AND4_1x_tb_1", "cornername": "Nominal"}
[2024-11-02 06:55:46.227 -0700] [PROCESS] [cadence.virtuoso.ade.simulationMonitor] - Current memory used: 32.7852 MBytes, peak memory used: 32.7852 MBytes {"hostname": "viterbi-scf2", "processid": 99226, "history": "ExplorerRun.0", "testname": "demo_AND4_1x_tb_1", "cornername": "Nominal", "point": 1, "logfile": "/home/viterbi/01/tongjia/work_gpdk045/logs_tongjia/logs0/Job31.log"}
[2024-11-02 06:55:46.228 -0700] [PROCESS] [cadence.virtuoso.ade.simulationMonitor] - Simulation Monitor process exit. {"hostname": "viterbi-scf2", "processid": 99226, "history": "ExplorerRun.0", "testname": "demo_AND4_1x_tb_1", "cornername": "Nominal", "point": 1, "logfile": "/home/viterbi/01/tongjia/work_gpdk045/logs_tongjia/logs0/Job31.log"}
