[Simulation Monitor: 36]
[2024-10-15 21:30:16.136 -0700] [PROCESS] [cadence.virtuoso.ade.simulationMonitor] - Simulation Monitor has successfully started up. Trying to set up communication channels to other components ... {"hostname": "viterbi-scf2", "processid": 256079, "logfile": "/home/viterbi/01/tongjia/work_gpdk045/logs_tongjia/logs0/Job36.log"}
[2024-10-15 21:30:16.146 -0700] [PROCESS] [cadence.virtuoso.ade.simulationMonitor] - Communication channels have been successfully set up. Start processing events ... {"hostname": "viterbi-scf2", "processid": 256079, "logfile": "/home/viterbi/01/tongjia/work_gpdk045/logs_tongjia/logs0/Job36.log"}
[2024-10-15 21:30:16.147 -0700] [PROCESS] [cadence.virtuoso.ade.simulationMonitor] - Considering to start history {"hostname": "viterbi-scf2", "processid": 256079, "history": "ExplorerRun.0", "logfile": "/home/viterbi/01/tongjia/work_gpdk045/logs_tongjia/logs0/Job36.log"}
[2024-10-15 21:30:16.272 -0700] [PROCESS] [cadence.virtuoso.ade.simulationMonitor] - HostInfo:
Host name (type):	viterbi-scf2 (x86_64)
Operating system:	Linux 3.10.0-1160.119.1.el7.tuxcare.els3.x86_64 #1 SMP Fri Aug 23 19:18:06 UTC 2024 {"hostname": "viterbi-scf2", "processid": 256079, "history": "ExplorerRun.0", "logfile": "/home/viterbi/01/tongjia/work_gpdk045/logs_tongjia/logs0/Job36.log", "nodename": "viterbi-scf2", "domainname": "viterbi", "machine": "x86_64", "sysname": "Linux", "release": "3.10.0-1160.119.1.el7.tuxcare.els3.x86_64", "version": "#1 SMP Fri Aug 23 19:18:06 UTC 2024"}
[2024-10-15 21:30:16.275 -0700] [PROCESS] [cadence.virtuoso.ade.simulationMonitor] - UsageInfo:
pid=256079
totalPhysicalMemory=1007.132404GB,Used=247.833454GB,totalVirtualMemory=1007.132404GB,Used=247.833454GB
Cpu: Cores=112, Load average:4.140000,4.530000,4.360000 {"hostname": "viterbi-scf2", "processid": 256079, "history": "ExplorerRun.0", "logfile": "/home/viterbi/01/tongjia/work_gpdk045/logs_tongjia/logs0/Job36.log", "pid": "256079", "totalPhysicalMemory": "1007.132404", "physicalMemoryUsed": "247.833454", "totalVirtualMemory": "1007.132404", "virtualMemoryUsed": "247.833454", "cpuCores": "112", "processes": "8453", "loadAverage1": "4.140000", "loadAverage5": "4.530000", "loadAverage15": "4.360000", "loadAverage1Percent": "0.036964"}
[2024-10-15 21:30:16.280 -0700] [EVENT] [cadence.virtuoso.ade.simulationMonitor] - NewPoint {"history": "ExplorerRun.0", "point": 1, "testname": "demo_NAND2_2X_tb_1", "cornername": "Nominal", "event": "NewPoint", "EventSource": "Simulation Monitor", "HistoryName": "ExplorerRun.0", "logFile": "/home/viterbi/01/tongjia/work_gpdk045/logs_tongjia/logs0/Job36.log", "logFileSize": "2268"}
[2024-10-15 21:30:16.788 -0700] [EVENT] [cadence.virtuoso.ade.simulationMonitor] - NewPoint {"history": "ExplorerRun.0", "point": 1, "testname": "demo_NAND2_2X_tb_1", "cornername": "Nominal", "event": "NewPoint", "EventSource": "spectre", "HistoryName": "ExplorerRun.0", "logFile": "/home/viterbi/01/tongjia/simulation/demo/NAND2_2X_tb/maestro/results/maestro/ExplorerRun.0/1/demo_NAND2_2X_tb_1/psf/spectre.out", "logFileSize": "15983"}
[2024-10-15 21:30:16.822 -0700] [PROCESS] [cadence.virtuoso.ade.simulationMonitor] - Simulator launched {"hostname": "viterbi-scf2", "processid": 256079, "history": "ExplorerRun.0", "testname": "demo_NAND2_2X_tb_1", "cornername": "Nominal", "point": 1, "logfile": "/home/viterbi/01/tongjia/work_gpdk045/logs_tongjia/logs0/Job36.log", "simid": "1"}
[2024-10-15 21:30:16.831 -0700] [PROCESS] [cadence.virtuoso.ade.simulationMonitor] - Expression evaluator launched {"hostname": "viterbi-scf2", "processid": 256079, "history": "ExplorerRun.0", "testname": "demo_NAND2_2X_tb_1", "cornername": "Nominal", "point": 1, "logfile": "/home/viterbi/01/tongjia/work_gpdk045/logs_tongjia/logs0/Job36.log"}
[2024-10-15 21:30:18.033 -0700] [PROCESS] [cadence.virtuoso.ade.simulationMonitor] - Started Simulation {"hostname": "viterbi-scf2", "processid": 256079, "history": "ExplorerRun.0", "testname": "demo_NAND2_2X_tb_1", "cornername": "Nominal", "point": 1, "logfile": "/home/viterbi/01/tongjia/work_gpdk045/logs_tongjia/logs0/Job36.log", "event": "started", "task": "simulation"}
[2024-10-15 21:30:18.038 -0700] [INFO] [cadence.virtuoso.ade.simulationMonitor] - Peak resident memory used = 57.6 Mbytes. {"history": "ExplorerRun.0", "point": 1, "testname": "demo_NAND2_2X_tb_1", "cornername": "Nominal"}
[2024-10-15 21:30:18.546 -0700] [INFO] [cadence.virtuoso.ade.simulationMonitor] - Peak resident memory used = 66.8 Mbytes. {"history": "ExplorerRun.0", "point": 1, "testname": "demo_NAND2_2X_tb_1", "cornername": "Nominal"}
[2024-10-15 21:30:18.551 -0700] [INFO] [cadence.virtuoso.ade.simulationMonitor] - Peak resident memory used = 67.5 Mbytes. {"history": "ExplorerRun.0", "point": 1, "testname": "demo_NAND2_2X_tb_1", "cornername": "Nominal"}
[2024-10-15 21:30:18.554 -0700] [INFO] [cadence.virtuoso.ade.simulationMonitor] - Notice from spectre during initial setup.
    Multithreading is disabled due to the size of the design being too small. {"history": "ExplorerRun.0", "point": 1, "testname": "demo_NAND2_2X_tb_1", "cornername": "Nominal"}
[2024-10-15 21:30:18.564 -0700] [INFO] [cadence.virtuoso.ade.simulationMonitor] -               nodes 18 {"history": "ExplorerRun.0", "point": 1, "testname": "demo_NAND2_2X_tb_1", "cornername": "Nominal"}
[2024-10-15 21:30:18.566 -0700] [INFO] [cadence.virtuoso.ade.simulationMonitor] - Notice from spectre during initial setup.
    APS Enabled. {"history": "ExplorerRun.0", "point": 1, "testname": "demo_NAND2_2X_tb_1", "cornername": "Nominal"}
[2024-10-15 21:30:18.569 -0700] [INFO] [cadence.virtuoso.ade.simulationMonitor] - Peak resident memory used = 68.4 Mbytes. {"history": "ExplorerRun.0", "point": 1, "testname": "demo_NAND2_2X_tb_1", "cornername": "Nominal"}
[2024-10-15 21:30:18.572 -0700] [WARN] [cadence.virtuoso.ade.simulationMonitor] -     WARNING (SPECTRE-16707): Only tran supports psfxl format, result of other analyses will be in psfbin format. {"history": "ExplorerRun.0", "point": 1, "testname": "demo_NAND2_2X_tb_1", "cornername": "Nominal"}
[2024-10-15 21:30:18.576 -0700] [INFO] [cadence.virtuoso.ade.simulationMonitor] - Notice from spectre during transient analysis `tran'.
    Multithreading is disabled due to the size of the design being too small. {"history": "ExplorerRun.0", "point": 1, "testname": "demo_NAND2_2X_tb_1", "cornername": "Nominal"}
[2024-10-15 21:30:18.582 -0700] [INFO] [cadence.virtuoso.ade.simulationMonitor] - Notice from spectre at time = 2.62976 ns during transient analysis `tran'.
    Found trapezoidal ringing on node _vvdd!:p. {"history": "ExplorerRun.0", "point": 1, "testname": "demo_NAND2_2X_tb_1", "cornername": "Nominal"}
[2024-10-15 21:30:18.587 -0700] [INFO] [cadence.virtuoso.ade.simulationMonitor] - Notice from spectre at time = 2.82976 ns during transient analysis `tran'.
    Found trapezoidal ringing on node _vvdd!:p. {"history": "ExplorerRun.0", "point": 1, "testname": "demo_NAND2_2X_tb_1", "cornername": "Nominal"}
[2024-10-15 21:30:18.590 -0700] [INFO] [cadence.virtuoso.ade.simulationMonitor] - Notice from spectre at time = 3 ns during transient analysis `tran'.
    Found trapezoidal ringing on node _vvdd!:p. {"history": "ExplorerRun.0", "point": 1, "testname": "demo_NAND2_2X_tb_1", "cornername": "Nominal"}
[2024-10-15 21:30:18.593 -0700] [INFO] [cadence.virtuoso.ade.simulationMonitor] - Notice from spectre at time = 3.17893 ns during transient analysis `tran'.
    Found trapezoidal ringing on node _vvdd!:p. {"history": "ExplorerRun.0", "point": 1, "testname": "demo_NAND2_2X_tb_1", "cornername": "Nominal"}
[2024-10-15 21:30:18.596 -0700] [INFO] [cadence.virtuoso.ade.simulationMonitor] - Notice from spectre at time = 3.29369 ns during transient analysis `tran'.
    Found trapezoidal ringing on node _vvdd!:p.
        Further occurrences of this notice will be suppressed. {"history": "ExplorerRun.0", "point": 1, "testname": "demo_NAND2_2X_tb_1", "cornername": "Nominal"}
[2024-10-15 21:30:18.599 -0700] [INFO] [cadence.virtuoso.ade.simulationMonitor] - Notice from spectre during transient analysis `tran'.
    Trapezoidal ringing is detected during tran analysis.
        Please use method=trap for better results and performance. {"history": "ExplorerRun.0", "point": 1, "testname": "demo_NAND2_2X_tb_1", "cornername": "Nominal"}
[2024-10-15 21:30:18.602 -0700] [INFO] [cadence.virtuoso.ade.simulationMonitor] - Total time required for tran analysis `tran': CPU = 31.934 ms, elapsed = 54.316 ms. {"history": "ExplorerRun.0", "point": 1, "testname": "demo_NAND2_2X_tb_1", "cornername": "Nominal"}
[2024-10-15 21:30:18.605 -0700] [INFO] [cadence.virtuoso.ade.simulationMonitor] - Peak resident memory used = 70.8 Mbytes. {"history": "ExplorerRun.0", "point": 1, "testname": "demo_NAND2_2X_tb_1", "cornername": "Nominal"}
[2024-10-15 21:30:18.608 -0700] [INFO] [cadence.virtuoso.ade.simulationMonitor] - Notice from spectre.
    43 notices suppressed. {"history": "ExplorerRun.0", "point": 1, "testname": "demo_NAND2_2X_tb_1", "cornername": "Nominal"}
[2024-10-15 21:30:18.610 -0700] [INFO] [cadence.virtuoso.ade.simulationMonitor] - Time used: CPU = 1.23 s, elapsed = 1.47 s, util. = 83.4%. {"history": "ExplorerRun.0", "point": 1, "testname": "demo_NAND2_2X_tb_1", "cornername": "Nominal"}
[2024-10-15 21:30:18.613 -0700] [INFO] [cadence.virtuoso.ade.simulationMonitor] - Time spent in licensing: elapsed = 24.6 ms. {"history": "ExplorerRun.0", "point": 1, "testname": "demo_NAND2_2X_tb_1", "cornername": "Nominal"}
[2024-10-15 21:30:18.617 -0700] [INFO] [cadence.virtuoso.ade.simulationMonitor] - Peak memory used = 72.2 Mbytes. {"history": "ExplorerRun.0", "point": 1, "testname": "demo_NAND2_2X_tb_1", "cornername": "Nominal"}
[2024-10-15 21:30:18.623 -0700] [PROCESS] [cadence.virtuoso.ade.simulationMonitor] - Simulation started at: 9:30:16 PM, Tue Oct 15, 2024, ended at: 9:30:18 PM, Tue Oct 15, 2024, with elapsed time (wall clock): 1.47 s. {"history": "ExplorerRun.0", "point": 1, "testname": "demo_NAND2_2X_tb_1", "cornername": "Nominal"}
[2024-10-15 21:30:18.627 -0700] [PROCESS] [cadence.virtuoso.ade.simulationMonitor] - spectre completes with 0 errors, 1 warning, and 10 notices. {"history": "ExplorerRun.0", "point": 1, "testname": "demo_NAND2_2X_tb_1", "cornername": "Nominal"}
[2024-10-15 21:30:18.631 -0700] [PROCESS] [cadence.virtuoso.ade.simulationMonitor] - Finished simulating for one point {"hostname": "viterbi-scf2", "processid": 256079, "history": "ExplorerRun.0", "testname": "demo_NAND2_2X_tb_1", "cornername": "Nominal", "point": 1, "logfile": "/home/viterbi/01/tongjia/work_gpdk045/logs_tongjia/logs0/Job36.log", "simid": "1"}
[2024-10-15 21:30:18.633 -0700] [PROCESS] [cadence.virtuoso.ade.simulationMonitor] - Simulator exited {"hostname": "viterbi-scf2", "processid": 256079, "history": "ExplorerRun.0", "testname": "demo_NAND2_2X_tb_1", "cornername": "Nominal", "point": 1, "logfile": "/home/viterbi/01/tongjia/work_gpdk045/logs_tongjia/logs0/Job36.log", "exitStatus": "0"}
[2024-10-15 21:30:18.636 -0700] [PROCESS] [cadence.virtuoso.ade.simulationMonitor] - Finished Simulation {"hostname": "viterbi-scf2", "processid": 256079, "history": "ExplorerRun.0", "testname": "demo_NAND2_2X_tb_1", "cornername": "Nominal", "point": 1, "logfile": "/home/viterbi/01/tongjia/work_gpdk045/logs_tongjia/logs0/Job36.log", "simid": "1"}
[2024-10-15 21:30:23.197 -0700] [PROCESS] [cadence.virtuoso.ade.simulationMonitor] - Point Finished {"hostname": "viterbi-scf2", "processid": 256079, "history": "ExplorerRun.0", "testname": "demo_NAND2_2X_tb_1", "cornername": "Nominal", "point": 1, "logfile": "/home/viterbi/01/tongjia/work_gpdk045/logs_tongjia/logs0/Job36.log"}
[2024-10-15 21:35:24.587 -0700] [PROCESS] [cadence.virtuoso.ade.simulationMonitor] - Current memory used: 32.4258 MBytes, peak memory used: 32.4258 MBytes {"hostname": "viterbi-scf2", "processid": 256079, "history": "ExplorerRun.0", "testname": "demo_NAND2_2X_tb_1", "cornername": "Nominal", "point": 1, "logfile": "/home/viterbi/01/tongjia/work_gpdk045/logs_tongjia/logs0/Job36.log"}
[2024-10-15 21:35:24.592 -0700] [PROCESS] [cadence.virtuoso.ade.simulationMonitor] - Simulation Monitor process exit. {"hostname": "viterbi-scf2", "processid": 256079, "history": "ExplorerRun.0", "testname": "demo_NAND2_2X_tb_1", "cornername": "Nominal", "point": 1, "logfile": "/home/viterbi/01/tongjia/work_gpdk045/logs_tongjia/logs0/Job36.log"}
