[Simulation Monitor: 32]
[2024-10-16 06:24:45.827 -0700] [PROCESS] [cadence.virtuoso.ade.simulationMonitor] - Simulation Monitor has successfully started up. Trying to set up communication channels to other components ... {"hostname": "viterbi-scf2", "processid": 162209, "logfile": "/home/viterbi/01/tongjia/work_gpdk045/logs_tongjia/logs0/Job32.log"}
[2024-10-16 06:24:45.836 -0700] [PROCESS] [cadence.virtuoso.ade.simulationMonitor] - Communication channels have been successfully set up. Start processing events ... {"hostname": "viterbi-scf2", "processid": 162209, "logfile": "/home/viterbi/01/tongjia/work_gpdk045/logs_tongjia/logs0/Job32.log"}
[2024-10-16 06:24:45.837 -0700] [PROCESS] [cadence.virtuoso.ade.simulationMonitor] - Considering to start history {"hostname": "viterbi-scf2", "processid": 162209, "history": "ExplorerRun.0", "logfile": "/home/viterbi/01/tongjia/work_gpdk045/logs_tongjia/logs0/Job32.log"}
[2024-10-16 06:24:45.883 -0700] [PROCESS] [cadence.virtuoso.ade.simulationMonitor] - HostInfo:
Host name (type):	viterbi-scf2 (x86_64)
Operating system:	Linux 3.10.0-1160.119.1.el7.tuxcare.els3.x86_64 #1 SMP Fri Aug 23 19:18:06 UTC 2024 {"hostname": "viterbi-scf2", "processid": 162209, "history": "ExplorerRun.0", "logfile": "/home/viterbi/01/tongjia/work_gpdk045/logs_tongjia/logs0/Job32.log", "nodename": "viterbi-scf2", "domainname": "viterbi", "machine": "x86_64", "sysname": "Linux", "release": "3.10.0-1160.119.1.el7.tuxcare.els3.x86_64", "version": "#1 SMP Fri Aug 23 19:18:06 UTC 2024"}
[2024-10-16 06:24:45.886 -0700] [PROCESS] [cadence.virtuoso.ade.simulationMonitor] - UsageInfo:
pid=162209
totalPhysicalMemory=1007.132404GB,Used=220.192005GB,totalVirtualMemory=1007.132404GB,Used=220.192005GB
Cpu: Cores=112, Load average:3.470000,3.160000,2.990000 {"hostname": "viterbi-scf2", "processid": 162209, "history": "ExplorerRun.0", "logfile": "/home/viterbi/01/tongjia/work_gpdk045/logs_tongjia/logs0/Job32.log", "pid": "162209", "totalPhysicalMemory": "1007.132404", "physicalMemoryUsed": "220.192005", "totalVirtualMemory": "1007.132404", "virtualMemoryUsed": "220.192005", "cpuCores": "112", "processes": "4095", "loadAverage1": "3.470000", "loadAverage5": "3.160000", "loadAverage15": "2.990000", "loadAverage1Percent": "0.030982"}
[2024-10-16 06:24:45.891 -0700] [EVENT] [cadence.virtuoso.ade.simulationMonitor] - NewPoint {"history": "ExplorerRun.0", "point": 1, "testname": "demo_1-bit_Full_Adder_ver1_tb_1", "cornername": "Nominal", "event": "NewPoint", "EventSource": "Simulation Monitor", "HistoryName": "ExplorerRun.0", "logFile": "/home/viterbi/01/tongjia/work_gpdk045/logs_tongjia/logs0/Job32.log", "logFileSize": "2268"}
[2024-10-16 06:24:46.199 -0700] [EVENT] [cadence.virtuoso.ade.simulationMonitor] - NewPoint {"history": "ExplorerRun.0", "point": 1, "testname": "demo_1-bit_Full_Adder_ver1_tb_1", "cornername": "Nominal", "event": "NewPoint", "EventSource": "spectre", "HistoryName": "ExplorerRun.0", "logFile": "/home/viterbi/01/tongjia/simulation/demo/1-bit_Full_Adder_ver1_tb/maestro/results/maestro/ExplorerRun.0/1/demo_1-bit_Full_Adder_ver1_tb_1/psf/spectre.out", "logFileSize": "-1"}
[2024-10-16 06:24:46.234 -0700] [PROCESS] [cadence.virtuoso.ade.simulationMonitor] - Simulator launched {"hostname": "viterbi-scf2", "processid": 162209, "history": "ExplorerRun.0", "testname": "demo_1-bit_Full_Adder_ver1_tb_1", "cornername": "Nominal", "point": 1, "logfile": "/home/viterbi/01/tongjia/work_gpdk045/logs_tongjia/logs0/Job32.log", "simid": "1"}
[2024-10-16 06:24:46.241 -0700] [PROCESS] [cadence.virtuoso.ade.simulationMonitor] - Expression evaluator launched {"hostname": "viterbi-scf2", "processid": 162209, "history": "ExplorerRun.0", "testname": "demo_1-bit_Full_Adder_ver1_tb_1", "cornername": "Nominal", "point": 1, "logfile": "/home/viterbi/01/tongjia/work_gpdk045/logs_tongjia/logs0/Job32.log"}
[2024-10-16 06:24:46.784 -0700] [PROCESS] [cadence.virtuoso.ade.simulationMonitor] - Started Simulation {"hostname": "viterbi-scf2", "processid": 162209, "history": "ExplorerRun.0", "testname": "demo_1-bit_Full_Adder_ver1_tb_1", "cornername": "Nominal", "point": 1, "logfile": "/home/viterbi/01/tongjia/work_gpdk045/logs_tongjia/logs0/Job32.log", "event": "started", "task": "simulation"}
[2024-10-16 06:24:47.789 -0700] [INFO] [cadence.virtuoso.ade.simulationMonitor] - Peak resident memory used = 58.3 Mbytes. {"history": "ExplorerRun.0", "point": 1, "testname": "demo_1-bit_Full_Adder_ver1_tb_1", "cornername": "Nominal"}
[2024-10-16 06:24:48.292 -0700] [INFO] [cadence.virtuoso.ade.simulationMonitor] - Peak resident memory used = 69.3 Mbytes. {"history": "ExplorerRun.0", "point": 1, "testname": "demo_1-bit_Full_Adder_ver1_tb_1", "cornername": "Nominal"}
[2024-10-16 06:24:48.295 -0700] [INFO] [cadence.virtuoso.ade.simulationMonitor] - Peak resident memory used = 71.5 Mbytes. {"history": "ExplorerRun.0", "point": 1, "testname": "demo_1-bit_Full_Adder_ver1_tb_1", "cornername": "Nominal"}
[2024-10-16 06:24:48.298 -0700] [INFO] [cadence.virtuoso.ade.simulationMonitor] - Notice from spectre during initial setup.
    Multithreading is disabled due to the size of the design being too small. {"history": "ExplorerRun.0", "point": 1, "testname": "demo_1-bit_Full_Adder_ver1_tb_1", "cornername": "Nominal"}
[2024-10-16 06:24:48.310 -0700] [INFO] [cadence.virtuoso.ade.simulationMonitor] -               nodes 287 {"history": "ExplorerRun.0", "point": 1, "testname": "demo_1-bit_Full_Adder_ver1_tb_1", "cornername": "Nominal"}
[2024-10-16 06:24:48.312 -0700] [INFO] [cadence.virtuoso.ade.simulationMonitor] - Notice from spectre during initial setup.
    APS Enabled. {"history": "ExplorerRun.0", "point": 1, "testname": "demo_1-bit_Full_Adder_ver1_tb_1", "cornername": "Nominal"}
[2024-10-16 06:24:48.315 -0700] [INFO] [cadence.virtuoso.ade.simulationMonitor] - Peak resident memory used = 72.7 Mbytes. {"history": "ExplorerRun.0", "point": 1, "testname": "demo_1-bit_Full_Adder_ver1_tb_1", "cornername": "Nominal"}
[2024-10-16 06:24:48.319 -0700] [WARN] [cadence.virtuoso.ade.simulationMonitor] -     WARNING (SPECTRE-16707): Only tran supports psfxl format, result of other analyses will be in psfbin format. {"history": "ExplorerRun.0", "point": 1, "testname": "demo_1-bit_Full_Adder_ver1_tb_1", "cornername": "Nominal"}
[2024-10-16 06:24:48.323 -0700] [INFO] [cadence.virtuoso.ade.simulationMonitor] - Notice from spectre during IC analysis, during transient analysis `tran'.
    GminDC = 1 pS is large enough to noticeably affect the DC solution.
        dV(I3.I0|net1) = -12.0916 mV
        Use the `gmin_check' option to eliminate or expand this report.
    Bad pivoting is found during DC analysis. Option dc_pivot_check=yes is recommended for possible improvement of convergence. {"history": "ExplorerRun.0", "point": 1, "testname": "demo_1-bit_Full_Adder_ver1_tb_1", "cornername": "Nominal"}
[2024-10-16 06:24:48.326 -0700] [INFO] [cadence.virtuoso.ade.simulationMonitor] - Notice from spectre during transient analysis `tran'.
    Multithreading is disabled due to the size of the design being too small. {"history": "ExplorerRun.0", "point": 1, "testname": "demo_1-bit_Full_Adder_ver1_tb_1", "cornername": "Nominal"}
[2024-10-16 06:24:48.329 -0700] [INFO] [cadence.virtuoso.ade.simulationMonitor] - Notice from spectre at time = 2.88364 ns during transient analysis `tran'.
    Found trapezoidal ringing on node _vvdd!:p. {"history": "ExplorerRun.0", "point": 1, "testname": "demo_1-bit_Full_Adder_ver1_tb_1", "cornername": "Nominal"}
[2024-10-16 06:24:48.333 -0700] [INFO] [cadence.virtuoso.ade.simulationMonitor] - Notice from spectre at time = 3 ns during transient analysis `tran'.
    Found trapezoidal ringing on node _vvdd!:p. {"history": "ExplorerRun.0", "point": 1, "testname": "demo_1-bit_Full_Adder_ver1_tb_1", "cornername": "Nominal"}
[2024-10-16 06:24:48.336 -0700] [INFO] [cadence.virtuoso.ade.simulationMonitor] - Notice from spectre at time = 3.94563 ns during transient analysis `tran'.
    Found trapezoidal ringing on node _vvdd!:p. {"history": "ExplorerRun.0", "point": 1, "testname": "demo_1-bit_Full_Adder_ver1_tb_1", "cornername": "Nominal"}
[2024-10-16 06:24:48.339 -0700] [INFO] [cadence.virtuoso.ade.simulationMonitor] - Notice from spectre at time = 4.14563 ns during transient analysis `tran'.
    Found trapezoidal ringing on node _vvdd!:p. {"history": "ExplorerRun.0", "point": 1, "testname": "demo_1-bit_Full_Adder_ver1_tb_1", "cornername": "Nominal"}
[2024-10-16 06:24:48.342 -0700] [INFO] [cadence.virtuoso.ade.simulationMonitor] - Notice from spectre at time = 4.34563 ns during transient analysis `tran'.
    Found trapezoidal ringing on node _vvdd!:p.
        Further occurrences of this notice will be suppressed. {"history": "ExplorerRun.0", "point": 1, "testname": "demo_1-bit_Full_Adder_ver1_tb_1", "cornername": "Nominal"}
[2024-10-16 06:24:48.345 -0700] [INFO] [cadence.virtuoso.ade.simulationMonitor] - Notice from spectre during transient analysis `tran'.
    Trapezoidal ringing is detected during tran analysis.
        Please use method=trap for better results and performance. {"history": "ExplorerRun.0", "point": 1, "testname": "demo_1-bit_Full_Adder_ver1_tb_1", "cornername": "Nominal"}
[2024-10-16 06:24:48.348 -0700] [INFO] [cadence.virtuoso.ade.simulationMonitor] - Total time required for tran analysis `tran': CPU = 198.327 ms, elapsed = 214.271 ms. {"history": "ExplorerRun.0", "point": 1, "testname": "demo_1-bit_Full_Adder_ver1_tb_1", "cornername": "Nominal"}
[2024-10-16 06:24:48.351 -0700] [INFO] [cadence.virtuoso.ade.simulationMonitor] - Peak resident memory used = 79.1 Mbytes. {"history": "ExplorerRun.0", "point": 1, "testname": "demo_1-bit_Full_Adder_ver1_tb_1", "cornername": "Nominal"}
[2024-10-16 06:24:48.354 -0700] [INFO] [cadence.virtuoso.ade.simulationMonitor] - Notice from spectre.
    29 notices suppressed. {"history": "ExplorerRun.0", "point": 1, "testname": "demo_1-bit_Full_Adder_ver1_tb_1", "cornername": "Nominal"}
[2024-10-16 06:24:48.861 -0700] [INFO] [cadence.virtuoso.ade.simulationMonitor] - Time used: CPU = 1.62 s, elapsed = 1.92 s, util. = 84.6%. {"history": "ExplorerRun.0", "point": 1, "testname": "demo_1-bit_Full_Adder_ver1_tb_1", "cornername": "Nominal"}
[2024-10-16 06:24:48.866 -0700] [INFO] [cadence.virtuoso.ade.simulationMonitor] - Time spent in licensing: elapsed = 37.1 ms. {"history": "ExplorerRun.0", "point": 1, "testname": "demo_1-bit_Full_Adder_ver1_tb_1", "cornername": "Nominal"}
[2024-10-16 06:24:48.871 -0700] [INFO] [cadence.virtuoso.ade.simulationMonitor] - Peak memory used = 79.7 Mbytes. {"history": "ExplorerRun.0", "point": 1, "testname": "demo_1-bit_Full_Adder_ver1_tb_1", "cornername": "Nominal"}
[2024-10-16 06:24:48.879 -0700] [PROCESS] [cadence.virtuoso.ade.simulationMonitor] - Simulation started at: 6:24:46 AM, Wed Oct 16, 2024, ended at: 6:24:48 AM, Wed Oct 16, 2024, with elapsed time (wall clock): 1.92 s. {"history": "ExplorerRun.0", "point": 1, "testname": "demo_1-bit_Full_Adder_ver1_tb_1", "cornername": "Nominal"}
[2024-10-16 06:24:48.881 -0700] [PROCESS] [cadence.virtuoso.ade.simulationMonitor] - spectre completes with 0 errors, 1 warning, and 12 notices. {"history": "ExplorerRun.0", "point": 1, "testname": "demo_1-bit_Full_Adder_ver1_tb_1", "cornername": "Nominal"}
[2024-10-16 06:24:48.884 -0700] [PROCESS] [cadence.virtuoso.ade.simulationMonitor] - Finished simulating for one point {"hostname": "viterbi-scf2", "processid": 162209, "history": "ExplorerRun.0", "testname": "demo_1-bit_Full_Adder_ver1_tb_1", "cornername": "Nominal", "point": 1, "logfile": "/home/viterbi/01/tongjia/work_gpdk045/logs_tongjia/logs0/Job32.log", "simid": "1"}
[2024-10-16 06:24:48.888 -0700] [PROCESS] [cadence.virtuoso.ade.simulationMonitor] - Simulator exited {"hostname": "viterbi-scf2", "processid": 162209, "history": "ExplorerRun.0", "testname": "demo_1-bit_Full_Adder_ver1_tb_1", "cornername": "Nominal", "point": 1, "logfile": "/home/viterbi/01/tongjia/work_gpdk045/logs_tongjia/logs0/Job32.log", "exitStatus": "0"}
[2024-10-16 06:24:48.892 -0700] [PROCESS] [cadence.virtuoso.ade.simulationMonitor] - Finished Simulation {"hostname": "viterbi-scf2", "processid": 162209, "history": "ExplorerRun.0", "testname": "demo_1-bit_Full_Adder_ver1_tb_1", "cornername": "Nominal", "point": 1, "logfile": "/home/viterbi/01/tongjia/work_gpdk045/logs_tongjia/logs0/Job32.log", "simid": "1"}
[2024-10-16 06:24:57.442 -0700] [PROCESS] [cadence.virtuoso.ade.simulationMonitor] - Point Finished {"hostname": "viterbi-scf2", "processid": 162209, "history": "ExplorerRun.0", "testname": "demo_1-bit_Full_Adder_ver1_tb_1", "cornername": "Nominal", "point": 1, "logfile": "/home/viterbi/01/tongjia/work_gpdk045/logs_tongjia/logs0/Job32.log"}
[2024-10-16 06:24:58.479 -0700] [PROCESS] [cadence.virtuoso.ade.simulationMonitor] - Stay with the runId '0', Linger time '300', currentRunSyn '1', currentTestSyn '2' {"hostname": "viterbi-scf2", "processid": 162209, "history": "ExplorerRun.0", "testname": "demo_1-bit_Full_Adder_ver1_tb_1", "cornername": "Nominal", "point": 1, "logfile": "/home/viterbi/01/tongjia/work_gpdk045/logs_tongjia/logs0/Job32.log"}
[2024-10-16 06:29:38.406 -0700] [INFO] [cadence.virtuoso.ade.simulationMonitor] - SimulationMonitor has terminated the vds process '162242', reason: 'Force to stop the expression evalutor process because of new run' {"history": "ExplorerRun.0", "point": 1, "testname": "demo_1-bit_Full_Adder_ver1_tb_1", "cornername": "Nominal"}
[2024-10-16 06:29:38.411 -0700] [PROCESS] [cadence.virtuoso.ade.simulationMonitor] - HostInfo:
Host name (type):	viterbi-scf2 (x86_64)
Operating system:	Linux 3.10.0-1160.119.1.el7.tuxcare.els3.x86_64 #1 SMP Fri Aug 23 19:18:06 UTC 2024 {"hostname": "viterbi-scf2", "processid": 162209, "history": "ExplorerRun.0", "testname": "demo_1-bit_Full_Adder_ver1_tb_1", "cornername": "Nominal", "point": 1, "logfile": "/home/viterbi/01/tongjia/work_gpdk045/logs_tongjia/logs0/Job32.log", "nodename": "viterbi-scf2", "domainname": "viterbi", "machine": "x86_64", "sysname": "Linux", "release": "3.10.0-1160.119.1.el7.tuxcare.els3.x86_64", "version": "#1 SMP Fri Aug 23 19:18:06 UTC 2024"}
[2024-10-16 06:29:38.412 -0700] [PROCESS] [cadence.virtuoso.ade.simulationMonitor] - UsageInfo:
pid=162209
totalPhysicalMemory=1007.132404GB,Used=219.978542GB,totalVirtualMemory=1007.132404GB,Used=219.978542GB
Cpu: Cores=112, Load average:2.210000,2.590000,2.790000 {"hostname": "viterbi-scf2", "processid": 162209, "history": "ExplorerRun.0", "testname": "demo_1-bit_Full_Adder_ver1_tb_1", "cornername": "Nominal", "point": 1, "logfile": "/home/viterbi/01/tongjia/work_gpdk045/logs_tongjia/logs0/Job32.log", "pid": "162209", "totalPhysicalMemory": "1007.132404", "physicalMemoryUsed": "219.978542", "totalVirtualMemory": "1007.132404", "virtualMemoryUsed": "219.978542", "cpuCores": "112", "processes": "4030", "loadAverage1": "2.210000", "loadAverage5": "2.590000", "loadAverage15": "2.790000", "loadAverage1Percent": "0.019732"}
[2024-10-16 06:29:38.416 -0700] [EVENT] [cadence.virtuoso.ade.simulationMonitor] - NewPoint {"history": "ExplorerRun.0", "point": 1, "testname": "demo_1-bit_Full_Adder_ver1_tb_1", "cornername": "Nominal", "event": "NewPoint", "EventSource": "Simulation Monitor", "HistoryName": "ExplorerRun.0", "logFile": "/home/viterbi/01/tongjia/work_gpdk045/logs_tongjia/logs0/Job32.log", "logFileSize": "14978"}
[2024-10-16 06:29:38.723 -0700] [EVENT] [cadence.virtuoso.ade.simulationMonitor] - NewPoint {"history": "ExplorerRun.0", "point": 1, "testname": "demo_1-bit_Full_Adder_ver1_tb_1", "cornername": "Nominal", "event": "NewPoint", "EventSource": "spectre", "HistoryName": "ExplorerRun.0", "logFile": "/home/viterbi/01/tongjia/simulation/demo/1-bit_Full_Adder_ver1_tb/maestro/results/maestro/ExplorerRun.0/1/demo_1-bit_Full_Adder_ver1_tb_1/psf/spectre.out", "logFileSize": "-1"}
[2024-10-16 06:29:38.754 -0700] [PROCESS] [cadence.virtuoso.ade.simulationMonitor] - Simulator launched {"hostname": "viterbi-scf2", "processid": 162209, "history": "ExplorerRun.0", "testname": "demo_1-bit_Full_Adder_ver1_tb_1", "cornername": "Nominal", "point": 1, "logfile": "/home/viterbi/01/tongjia/work_gpdk045/logs_tongjia/logs0/Job32.log", "simid": "2"}
[2024-10-16 06:29:38.761 -0700] [PROCESS] [cadence.virtuoso.ade.simulationMonitor] - Expression evaluator launched {"hostname": "viterbi-scf2", "processid": 162209, "history": "ExplorerRun.0", "testname": "demo_1-bit_Full_Adder_ver1_tb_1", "cornername": "Nominal", "point": 1, "logfile": "/home/viterbi/01/tongjia/work_gpdk045/logs_tongjia/logs0/Job32.log"}
[2024-10-16 06:29:39.170 -0700] [PROCESS] [cadence.virtuoso.ade.simulationMonitor] - Started Simulation {"hostname": "viterbi-scf2", "processid": 162209, "history": "ExplorerRun.0", "testname": "demo_1-bit_Full_Adder_ver1_tb_1", "cornername": "Nominal", "point": 1, "logfile": "/home/viterbi/01/tongjia/work_gpdk045/logs_tongjia/logs0/Job32.log", "event": "started", "task": "simulation"}
[2024-10-16 06:29:40.187 -0700] [INFO] [cadence.virtuoso.ade.simulationMonitor] - Peak resident memory used = 57.7 Mbytes. {"history": "ExplorerRun.0", "point": 1, "testname": "demo_1-bit_Full_Adder_ver1_tb_1", "cornername": "Nominal"}
[2024-10-16 06:29:40.693 -0700] [INFO] [cadence.virtuoso.ade.simulationMonitor] - Peak resident memory used = 67.2 Mbytes. {"history": "ExplorerRun.0", "point": 1, "testname": "demo_1-bit_Full_Adder_ver1_tb_1", "cornername": "Nominal"}
[2024-10-16 06:29:40.700 -0700] [INFO] [cadence.virtuoso.ade.simulationMonitor] - Peak resident memory used = 67.9 Mbytes. {"history": "ExplorerRun.0", "point": 1, "testname": "demo_1-bit_Full_Adder_ver1_tb_1", "cornername": "Nominal"}
[2024-10-16 06:29:40.707 -0700] [INFO] [cadence.virtuoso.ade.simulationMonitor] - Notice from spectre during initial setup.
    Multithreading is disabled due to the size of the design being too small. {"history": "ExplorerRun.0", "point": 1, "testname": "demo_1-bit_Full_Adder_ver1_tb_1", "cornername": "Nominal"}
[2024-10-16 06:29:40.721 -0700] [INFO] [cadence.virtuoso.ade.simulationMonitor] -               nodes 73 {"history": "ExplorerRun.0", "point": 1, "testname": "demo_1-bit_Full_Adder_ver1_tb_1", "cornername": "Nominal"}
[2024-10-16 06:29:40.722 -0700] [INFO] [cadence.virtuoso.ade.simulationMonitor] - Notice from spectre during initial setup.
    APS Enabled. {"history": "ExplorerRun.0", "point": 1, "testname": "demo_1-bit_Full_Adder_ver1_tb_1", "cornername": "Nominal"}
[2024-10-16 06:29:40.725 -0700] [INFO] [cadence.virtuoso.ade.simulationMonitor] - Peak resident memory used = 68.9 Mbytes. {"history": "ExplorerRun.0", "point": 1, "testname": "demo_1-bit_Full_Adder_ver1_tb_1", "cornername": "Nominal"}
[2024-10-16 06:29:40.728 -0700] [WARN] [cadence.virtuoso.ade.simulationMonitor] -     WARNING (SPECTRE-16707): Only tran supports psfxl format, result of other analyses will be in psfbin format. {"history": "ExplorerRun.0", "point": 1, "testname": "demo_1-bit_Full_Adder_ver1_tb_1", "cornername": "Nominal"}
[2024-10-16 06:29:40.731 -0700] [INFO] [cadence.virtuoso.ade.simulationMonitor] - Notice from spectre during IC analysis, during transient analysis `tran'.
    GminDC = 1 pS is large enough to noticeably affect the DC solution.
        dV(I3.I1.net9) = -12.0914 mV
        Use the `gmin_check' option to eliminate or expand this report.
    Bad pivoting is found during DC analysis. Option dc_pivot_check=yes is recommended for possible improvement of convergence. {"history": "ExplorerRun.0", "point": 1, "testname": "demo_1-bit_Full_Adder_ver1_tb_1", "cornername": "Nominal"}
[2024-10-16 06:29:40.734 -0700] [INFO] [cadence.virtuoso.ade.simulationMonitor] - Notice from spectre during transient analysis `tran'.
    Multithreading is disabled due to the size of the design being too small. {"history": "ExplorerRun.0", "point": 1, "testname": "demo_1-bit_Full_Adder_ver1_tb_1", "cornername": "Nominal"}
[2024-10-16 06:29:40.736 -0700] [INFO] [cadence.virtuoso.ade.simulationMonitor] - Notice from spectre at time = 2.29114 ns during transient analysis `tran'.
    Found trapezoidal ringing on node _vvdd!:p. {"history": "ExplorerRun.0", "point": 1, "testname": "demo_1-bit_Full_Adder_ver1_tb_1", "cornername": "Nominal"}
[2024-10-16 06:29:40.739 -0700] [INFO] [cadence.virtuoso.ade.simulationMonitor] - Notice from spectre at time = 2.49114 ns during transient analysis `tran'.
    Found trapezoidal ringing on node _vvdd!:p. {"history": "ExplorerRun.0", "point": 1, "testname": "demo_1-bit_Full_Adder_ver1_tb_1", "cornername": "Nominal"}
[2024-10-16 06:29:40.742 -0700] [INFO] [cadence.virtuoso.ade.simulationMonitor] - Notice from spectre at time = 2.69114 ns during transient analysis `tran'.
    Found trapezoidal ringing on node _vvdd!:p. {"history": "ExplorerRun.0", "point": 1, "testname": "demo_1-bit_Full_Adder_ver1_tb_1", "cornername": "Nominal"}
[2024-10-16 06:29:40.745 -0700] [INFO] [cadence.virtuoso.ade.simulationMonitor] - Notice from spectre at time = 2.84557 ns during transient analysis `tran'.
    Found trapezoidal ringing on node _vvdd!:p. {"history": "ExplorerRun.0", "point": 1, "testname": "demo_1-bit_Full_Adder_ver1_tb_1", "cornername": "Nominal"}
[2024-10-16 06:29:40.747 -0700] [INFO] [cadence.virtuoso.ade.simulationMonitor] - Notice from spectre at time = 3 ns during transient analysis `tran'.
    Found trapezoidal ringing on node _vvdd!:p.
        Further occurrences of this notice will be suppressed. {"history": "ExplorerRun.0", "point": 1, "testname": "demo_1-bit_Full_Adder_ver1_tb_1", "cornername": "Nominal"}
[2024-10-16 06:29:40.750 -0700] [INFO] [cadence.virtuoso.ade.simulationMonitor] - Notice from spectre during transient analysis `tran'.
    Trapezoidal ringing is detected during tran analysis.
        Please use method=trap for better results and performance. {"history": "ExplorerRun.0", "point": 1, "testname": "demo_1-bit_Full_Adder_ver1_tb_1", "cornername": "Nominal"}
[2024-10-16 06:29:40.753 -0700] [INFO] [cadence.virtuoso.ade.simulationMonitor] - Total time required for tran analysis `tran': CPU = 117.688 ms, elapsed = 132.033 ms. {"history": "ExplorerRun.0", "point": 1, "testname": "demo_1-bit_Full_Adder_ver1_tb_1", "cornername": "Nominal"}
[2024-10-16 06:29:40.755 -0700] [INFO] [cadence.virtuoso.ade.simulationMonitor] - Peak resident memory used = 72.2 Mbytes. {"history": "ExplorerRun.0", "point": 1, "testname": "demo_1-bit_Full_Adder_ver1_tb_1", "cornername": "Nominal"}
[2024-10-16 06:29:40.757 -0700] [INFO] [cadence.virtuoso.ade.simulationMonitor] - Notice from spectre.
    29 notices suppressed. {"history": "ExplorerRun.0", "point": 1, "testname": "demo_1-bit_Full_Adder_ver1_tb_1", "cornername": "Nominal"}
[2024-10-16 06:29:41.264 -0700] [INFO] [cadence.virtuoso.ade.simulationMonitor] - Time used: CPU = 1.52 s, elapsed = 1.81 s, util. = 83.7%. {"history": "ExplorerRun.0", "point": 1, "testname": "demo_1-bit_Full_Adder_ver1_tb_1", "cornername": "Nominal"}
[2024-10-16 06:29:41.268 -0700] [INFO] [cadence.virtuoso.ade.simulationMonitor] - Time spent in licensing: elapsed = 32.6 ms. {"history": "ExplorerRun.0", "point": 1, "testname": "demo_1-bit_Full_Adder_ver1_tb_1", "cornername": "Nominal"}
[2024-10-16 06:29:41.274 -0700] [INFO] [cadence.virtuoso.ade.simulationMonitor] - Peak memory used = 72.9 Mbytes. {"history": "ExplorerRun.0", "point": 1, "testname": "demo_1-bit_Full_Adder_ver1_tb_1", "cornername": "Nominal"}
[2024-10-16 06:29:41.282 -0700] [PROCESS] [cadence.virtuoso.ade.simulationMonitor] - Simulation started at: 6:29:38 AM, Wed Oct 16, 2024, ended at: 6:29:40 AM, Wed Oct 16, 2024, with elapsed time (wall clock): 1.81 s. {"history": "ExplorerRun.0", "point": 1, "testname": "demo_1-bit_Full_Adder_ver1_tb_1", "cornername": "Nominal"}
[2024-10-16 06:29:41.284 -0700] [PROCESS] [cadence.virtuoso.ade.simulationMonitor] - spectre completes with 0 errors, 1 warning, and 12 notices. {"history": "ExplorerRun.0", "point": 1, "testname": "demo_1-bit_Full_Adder_ver1_tb_1", "cornername": "Nominal"}
[2024-10-16 06:29:41.287 -0700] [PROCESS] [cadence.virtuoso.ade.simulationMonitor] - Finished simulating for one point {"hostname": "viterbi-scf2", "processid": 162209, "history": "ExplorerRun.0", "testname": "demo_1-bit_Full_Adder_ver1_tb_1", "cornername": "Nominal", "point": 1, "logfile": "/home/viterbi/01/tongjia/work_gpdk045/logs_tongjia/logs0/Job32.log", "simid": "2"}
[2024-10-16 06:29:41.290 -0700] [PROCESS] [cadence.virtuoso.ade.simulationMonitor] - Simulator exited {"hostname": "viterbi-scf2", "processid": 162209, "history": "ExplorerRun.0", "testname": "demo_1-bit_Full_Adder_ver1_tb_1", "cornername": "Nominal", "point": 1, "logfile": "/home/viterbi/01/tongjia/work_gpdk045/logs_tongjia/logs0/Job32.log", "exitStatus": "0"}
[2024-10-16 06:29:41.294 -0700] [PROCESS] [cadence.virtuoso.ade.simulationMonitor] - Finished Simulation {"hostname": "viterbi-scf2", "processid": 162209, "history": "ExplorerRun.0", "testname": "demo_1-bit_Full_Adder_ver1_tb_1", "cornername": "Nominal", "point": 1, "logfile": "/home/viterbi/01/tongjia/work_gpdk045/logs_tongjia/logs0/Job32.log", "simid": "2"}
[2024-10-16 06:29:44.339 -0700] [PROCESS] [cadence.virtuoso.ade.simulationMonitor] - Point Finished {"hostname": "viterbi-scf2", "processid": 162209, "history": "ExplorerRun.0", "testname": "demo_1-bit_Full_Adder_ver1_tb_1", "cornername": "Nominal", "point": 1, "logfile": "/home/viterbi/01/tongjia/work_gpdk045/logs_tongjia/logs0/Job32.log"}
[2024-10-16 06:29:45.377 -0700] [PROCESS] [cadence.virtuoso.ade.simulationMonitor] - Stay with the runId '1', Linger time '300', currentRunSyn '3', currentTestSyn '4' {"hostname": "viterbi-scf2", "processid": 162209, "history": "ExplorerRun.0", "testname": "demo_1-bit_Full_Adder_ver1_tb_1", "cornername": "Nominal", "point": 1, "logfile": "/home/viterbi/01/tongjia/work_gpdk045/logs_tongjia/logs0/Job32.log"}
[2024-10-16 06:33:17.299 -0700] [PROCESS] [cadence.virtuoso.ade.simulationMonitor] - get signal Terminated<15> from user:tongjia, which pid:162206:/usr/local/cadence/ICADVM201/tools/bin/64bit/cdsServIpc {"hostname": "viterbi-scf2", "processid": 162209, "history": "ExplorerRun.0", "testname": "demo_1-bit_Full_Adder_ver1_tb_1", "cornername": "Nominal", "point": 1, "logfile": "/home/viterbi/01/tongjia/work_gpdk045/logs_tongjia/logs0/Job32.log", "signal": "15", "signalName": "Terminated", "which": "/usr/local/cadence/ICADVM201/tools/bin/64bit/cdsServIpc", "pid": "162206", "user": "tongjia", "uid": "506509"}
[2024-10-16 06:33:17.302 -0700] [INFO] [cadence.virtuoso.ade.simulationMonitor] - SimulationMonitor has terminated the  process '170694', reason: 'simulationMonitor is handling signal 15' {"history": "ExplorerRun.0", "point": 1, "testname": "demo_1-bit_Full_Adder_ver1_tb_1", "cornername": "Nominal"}
[2024-10-16 06:33:17.810 -0700] [PROCESS] [cadence.virtuoso.ade.simulationMonitor] - Current memory used: 32.7812 MBytes, peak memory used: 32.7812 MBytes {"hostname": "viterbi-scf2", "processid": 162209, "history": "ExplorerRun.0", "testname": "demo_1-bit_Full_Adder_ver1_tb_1", "cornername": "Nominal", "point": 1, "logfile": "/home/viterbi/01/tongjia/work_gpdk045/logs_tongjia/logs0/Job32.log"}
[2024-10-16 06:33:17.812 -0700] [PROCESS] [cadence.virtuoso.ade.simulationMonitor] - Simulation Monitor process exit. {"hostname": "viterbi-scf2", "processid": 162209, "history": "ExplorerRun.0", "testname": "demo_1-bit_Full_Adder_ver1_tb_1", "cornername": "Nominal", "point": 1, "logfile": "/home/viterbi/01/tongjia/work_gpdk045/logs_tongjia/logs0/Job32.log"}
