[Simulation Monitor: 43]
[2024-10-16 08:22:31.651 -0700] [PROCESS] [cadence.virtuoso.ade.simulationMonitor] - Simulation Monitor has successfully started up. Trying to set up communication channels to other components ... {"hostname": "viterbi-scf2", "processid": 42564, "logfile": "/home/viterbi/01/tongjia/work_gpdk045/logs_tongjia/logs0/Job43.log"}
[2024-10-16 08:22:31.660 -0700] [PROCESS] [cadence.virtuoso.ade.simulationMonitor] - Communication channels have been successfully set up. Start processing events ... {"hostname": "viterbi-scf2", "processid": 42564, "logfile": "/home/viterbi/01/tongjia/work_gpdk045/logs_tongjia/logs0/Job43.log"}
[2024-10-16 08:22:31.662 -0700] [PROCESS] [cadence.virtuoso.ade.simulationMonitor] - Considering to start history {"hostname": "viterbi-scf2", "processid": 42564, "history": "ExplorerRun.0", "logfile": "/home/viterbi/01/tongjia/work_gpdk045/logs_tongjia/logs0/Job43.log"}
[2024-10-16 08:22:31.744 -0700] [PROCESS] [cadence.virtuoso.ade.simulationMonitor] - HostInfo:
Host name (type):	viterbi-scf2 (x86_64)
Operating system:	Linux 3.10.0-1160.119.1.el7.tuxcare.els3.x86_64 #1 SMP Fri Aug 23 19:18:06 UTC 2024 {"hostname": "viterbi-scf2", "processid": 42564, "history": "ExplorerRun.0", "logfile": "/home/viterbi/01/tongjia/work_gpdk045/logs_tongjia/logs0/Job43.log", "nodename": "viterbi-scf2", "domainname": "viterbi", "machine": "x86_64", "sysname": "Linux", "release": "3.10.0-1160.119.1.el7.tuxcare.els3.x86_64", "version": "#1 SMP Fri Aug 23 19:18:06 UTC 2024"}
[2024-10-16 08:22:31.747 -0700] [PROCESS] [cadence.virtuoso.ade.simulationMonitor] - UsageInfo:
pid=42564
totalPhysicalMemory=1007.132404GB,Used=218.948380GB,totalVirtualMemory=1007.132404GB,Used=218.948380GB
Cpu: Cores=112, Load average:2.090000,2.080000,2.300000 {"hostname": "viterbi-scf2", "processid": 42564, "history": "ExplorerRun.0", "logfile": "/home/viterbi/01/tongjia/work_gpdk045/logs_tongjia/logs0/Job43.log", "pid": "42564", "totalPhysicalMemory": "1007.132404", "physicalMemoryUsed": "218.948380", "totalVirtualMemory": "1007.132404", "virtualMemoryUsed": "218.948380", "cpuCores": "112", "processes": "3827", "loadAverage1": "2.090000", "loadAverage5": "2.080000", "loadAverage15": "2.300000", "loadAverage1Percent": "0.018661"}
[2024-10-16 08:22:31.752 -0700] [EVENT] [cadence.virtuoso.ade.simulationMonitor] - NewPoint {"history": "ExplorerRun.0", "point": 1, "testname": "demo_4bit_RCA_1", "cornername": "Nominal", "event": "NewPoint", "EventSource": "Simulation Monitor", "HistoryName": "ExplorerRun.0", "logFile": "/home/viterbi/01/tongjia/work_gpdk045/logs_tongjia/logs0/Job43.log", "logFileSize": "2261"}
[2024-10-16 08:22:32.060 -0700] [EVENT] [cadence.virtuoso.ade.simulationMonitor] - NewPoint {"history": "ExplorerRun.0", "point": 1, "testname": "demo_4bit_RCA_1", "cornername": "Nominal", "event": "NewPoint", "EventSource": "spectre", "HistoryName": "ExplorerRun.0", "logFile": "/home/viterbi/01/tongjia/simulation/demo/4bit_RCA/maestro/results/maestro/ExplorerRun.0/1/demo_4bit_RCA_1/psf/spectre.out", "logFileSize": "-1"}
[2024-10-16 08:22:32.098 -0700] [PROCESS] [cadence.virtuoso.ade.simulationMonitor] - Simulator launched {"hostname": "viterbi-scf2", "processid": 42564, "history": "ExplorerRun.0", "testname": "demo_4bit_RCA_1", "cornername": "Nominal", "point": 1, "logfile": "/home/viterbi/01/tongjia/work_gpdk045/logs_tongjia/logs0/Job43.log", "simid": "1"}
[2024-10-16 08:22:32.105 -0700] [PROCESS] [cadence.virtuoso.ade.simulationMonitor] - Expression evaluator launched {"hostname": "viterbi-scf2", "processid": 42564, "history": "ExplorerRun.0", "testname": "demo_4bit_RCA_1", "cornername": "Nominal", "point": 1, "logfile": "/home/viterbi/01/tongjia/work_gpdk045/logs_tongjia/logs0/Job43.log"}
[2024-10-16 08:22:32.536 -0700] [PROCESS] [cadence.virtuoso.ade.simulationMonitor] - Started Simulation {"hostname": "viterbi-scf2", "processid": 42564, "history": "ExplorerRun.0", "testname": "demo_4bit_RCA_1", "cornername": "Nominal", "point": 1, "logfile": "/home/viterbi/01/tongjia/work_gpdk045/logs_tongjia/logs0/Job43.log", "event": "started", "task": "simulation"}
[2024-10-16 08:22:33.542 -0700] [INFO] [cadence.virtuoso.ade.simulationMonitor] - Peak resident memory used = 57.6 Mbytes. {"history": "ExplorerRun.0", "point": 1, "testname": "demo_4bit_RCA_1", "cornername": "Nominal"}
[2024-10-16 08:22:34.044 -0700] [INFO] [cadence.virtuoso.ade.simulationMonitor] - Peak resident memory used = 67.6 Mbytes. {"history": "ExplorerRun.0", "point": 1, "testname": "demo_4bit_RCA_1", "cornername": "Nominal"}
[2024-10-16 08:22:34.047 -0700] [INFO] [cadence.virtuoso.ade.simulationMonitor] - Peak resident memory used = 68.7 Mbytes. {"history": "ExplorerRun.0", "point": 1, "testname": "demo_4bit_RCA_1", "cornername": "Nominal"}
[2024-10-16 08:22:34.050 -0700] [INFO] [cadence.virtuoso.ade.simulationMonitor] - Notice from spectre during initial setup.
    Multithreading is disabled due to the size of the design being too small. {"history": "ExplorerRun.0", "point": 1, "testname": "demo_4bit_RCA_1", "cornername": "Nominal"}
[2024-10-16 08:22:34.061 -0700] [INFO] [cadence.virtuoso.ade.simulationMonitor] -               nodes 226 {"history": "ExplorerRun.0", "point": 1, "testname": "demo_4bit_RCA_1", "cornername": "Nominal"}
[2024-10-16 08:22:34.063 -0700] [INFO] [cadence.virtuoso.ade.simulationMonitor] - Notice from spectre during initial setup.
    APS Enabled. {"history": "ExplorerRun.0", "point": 1, "testname": "demo_4bit_RCA_1", "cornername": "Nominal"}
[2024-10-16 08:22:34.066 -0700] [INFO] [cadence.virtuoso.ade.simulationMonitor] - Peak resident memory used = 69.9 Mbytes. {"history": "ExplorerRun.0", "point": 1, "testname": "demo_4bit_RCA_1", "cornername": "Nominal"}
[2024-10-16 08:22:34.070 -0700] [WARN] [cadence.virtuoso.ade.simulationMonitor] -     WARNING (SPECTRE-16707): Only tran supports psfxl format, result of other analyses will be in psfbin format. {"history": "ExplorerRun.0", "point": 1, "testname": "demo_4bit_RCA_1", "cornername": "Nominal"}
[2024-10-16 08:22:34.074 -0700] [INFO] [cadence.virtuoso.ade.simulationMonitor] - Notice from spectre during IC analysis, during transient analysis `tran'.
    GminDC = 1 pS is large enough to noticeably affect the DC solution.
        dV(I0.I1.net1) = -12.0915 mV
        Use the `gmin_check' option to eliminate or expand this report.
    Bad pivoting is found during DC analysis. Option dc_pivot_check=yes is recommended for possible improvement of convergence. {"history": "ExplorerRun.0", "point": 1, "testname": "demo_4bit_RCA_1", "cornername": "Nominal"}
[2024-10-16 08:22:34.077 -0700] [INFO] [cadence.virtuoso.ade.simulationMonitor] - Notice from spectre during transient analysis `tran'.
    Multithreading is disabled due to the size of the design being too small. {"history": "ExplorerRun.0", "point": 1, "testname": "demo_4bit_RCA_1", "cornername": "Nominal"}
[2024-10-16 08:22:34.080 -0700] [INFO] [cadence.virtuoso.ade.simulationMonitor] - Notice from spectre at time = 1.01123 ns during transient analysis `tran'.
    Found trapezoidal ringing on node I0.I1.PM2.n1. {"history": "ExplorerRun.0", "point": 1, "testname": "demo_4bit_RCA_1", "cornername": "Nominal"}
[2024-10-16 08:22:34.083 -0700] [INFO] [cadence.virtuoso.ade.simulationMonitor] - Notice from spectre at time = 1.50146 ns during transient analysis `tran'.
    Found trapezoidal ringing on node _vvdd!:p. {"history": "ExplorerRun.0", "point": 1, "testname": "demo_4bit_RCA_1", "cornername": "Nominal"}
[2024-10-16 08:22:34.087 -0700] [INFO] [cadence.virtuoso.ade.simulationMonitor] - Notice from spectre at time = 1.70146 ns during transient analysis `tran'.
    Found trapezoidal ringing on node _vvdd!:p. {"history": "ExplorerRun.0", "point": 1, "testname": "demo_4bit_RCA_1", "cornername": "Nominal"}
[2024-10-16 08:22:34.090 -0700] [INFO] [cadence.virtuoso.ade.simulationMonitor] - Notice from spectre at time = 1.85073 ns during transient analysis `tran'.
    Found trapezoidal ringing on node _vvdd!:p. {"history": "ExplorerRun.0", "point": 1, "testname": "demo_4bit_RCA_1", "cornername": "Nominal"}
[2024-10-16 08:22:34.093 -0700] [INFO] [cadence.virtuoso.ade.simulationMonitor] - Notice from spectre at time = 2 ns during transient analysis `tran'.
    Found trapezoidal ringing on node _vvdd!:p.
        Further occurrences of this notice will be suppressed. {"history": "ExplorerRun.0", "point": 1, "testname": "demo_4bit_RCA_1", "cornername": "Nominal"}
[2024-10-16 08:22:34.096 -0700] [INFO] [cadence.virtuoso.ade.simulationMonitor] - Notice from spectre during transient analysis `tran'.
    Trapezoidal ringing is detected during tran analysis.
        Please use method=trap for better results and performance. {"history": "ExplorerRun.0", "point": 1, "testname": "demo_4bit_RCA_1", "cornername": "Nominal"}
[2024-10-16 08:22:34.099 -0700] [INFO] [cadence.virtuoso.ade.simulationMonitor] - Total time required for tran analysis `tran': CPU = 193.886 ms, elapsed = 208.329 ms. {"history": "ExplorerRun.0", "point": 1, "testname": "demo_4bit_RCA_1", "cornername": "Nominal"}
[2024-10-16 08:22:34.102 -0700] [INFO] [cadence.virtuoso.ade.simulationMonitor] - Peak resident memory used = 75.1 Mbytes. {"history": "ExplorerRun.0", "point": 1, "testname": "demo_4bit_RCA_1", "cornername": "Nominal"}
[2024-10-16 08:22:34.105 -0700] [INFO] [cadence.virtuoso.ade.simulationMonitor] - Notice from spectre.
    35 notices suppressed. {"history": "ExplorerRun.0", "point": 1, "testname": "demo_4bit_RCA_1", "cornername": "Nominal"}
[2024-10-16 08:22:34.108 -0700] [INFO] [cadence.virtuoso.ade.simulationMonitor] - Time used: CPU = 1.36 s, elapsed = 1.7 s, util. = 80%. {"history": "ExplorerRun.0", "point": 1, "testname": "demo_4bit_RCA_1", "cornername": "Nominal"}
[2024-10-16 08:22:34.111 -0700] [INFO] [cadence.virtuoso.ade.simulationMonitor] - Time spent in licensing: elapsed = 35 ms. {"history": "ExplorerRun.0", "point": 1, "testname": "demo_4bit_RCA_1", "cornername": "Nominal"}
[2024-10-16 08:22:34.115 -0700] [INFO] [cadence.virtuoso.ade.simulationMonitor] - Peak memory used = 75.7 Mbytes. {"history": "ExplorerRun.0", "point": 1, "testname": "demo_4bit_RCA_1", "cornername": "Nominal"}
[2024-10-16 08:22:34.123 -0700] [PROCESS] [cadence.virtuoso.ade.simulationMonitor] - Simulation started at: 8:22:32 AM, Wed Oct 16, 2024, ended at: 8:22:33 AM, Wed Oct 16, 2024, with elapsed time (wall clock): 1.7 s. {"history": "ExplorerRun.0", "point": 1, "testname": "demo_4bit_RCA_1", "cornername": "Nominal"}
[2024-10-16 08:22:34.126 -0700] [PROCESS] [cadence.virtuoso.ade.simulationMonitor] - spectre completes with 0 errors, 1 warning, and 12 notices. {"history": "ExplorerRun.0", "point": 1, "testname": "demo_4bit_RCA_1", "cornername": "Nominal"}
[2024-10-16 08:22:34.633 -0700] [PROCESS] [cadence.virtuoso.ade.simulationMonitor] - Finished simulating for one point {"hostname": "viterbi-scf2", "processid": 42564, "history": "ExplorerRun.0", "testname": "demo_4bit_RCA_1", "cornername": "Nominal", "point": 1, "logfile": "/home/viterbi/01/tongjia/work_gpdk045/logs_tongjia/logs0/Job43.log", "simid": "1"}
[2024-10-16 08:22:34.637 -0700] [PROCESS] [cadence.virtuoso.ade.simulationMonitor] - Simulator exited {"hostname": "viterbi-scf2", "processid": 42564, "history": "ExplorerRun.0", "testname": "demo_4bit_RCA_1", "cornername": "Nominal", "point": 1, "logfile": "/home/viterbi/01/tongjia/work_gpdk045/logs_tongjia/logs0/Job43.log", "exitStatus": "0"}
[2024-10-16 08:22:34.640 -0700] [PROCESS] [cadence.virtuoso.ade.simulationMonitor] - Finished Simulation {"hostname": "viterbi-scf2", "processid": 42564, "history": "ExplorerRun.0", "testname": "demo_4bit_RCA_1", "cornername": "Nominal", "point": 1, "logfile": "/home/viterbi/01/tongjia/work_gpdk045/logs_tongjia/logs0/Job43.log", "simid": "1"}
[2024-10-16 08:22:38.689 -0700] [PROCESS] [cadence.virtuoso.ade.simulationMonitor] - Point Finished {"hostname": "viterbi-scf2", "processid": 42564, "history": "ExplorerRun.0", "testname": "demo_4bit_RCA_1", "cornername": "Nominal", "point": 1, "logfile": "/home/viterbi/01/tongjia/work_gpdk045/logs_tongjia/logs0/Job43.log"}
[2024-10-16 08:22:39.736 -0700] [PROCESS] [cadence.virtuoso.ade.simulationMonitor] - Stay with the runId '4', Linger time '300', currentRunSyn '9', currentTestSyn '10' {"hostname": "viterbi-scf2", "processid": 42564, "history": "ExplorerRun.0", "testname": "demo_4bit_RCA_1", "cornername": "Nominal", "point": 1, "logfile": "/home/viterbi/01/tongjia/work_gpdk045/logs_tongjia/logs0/Job43.log"}
[2024-10-16 08:23:44.950 -0700] [INFO] [cadence.virtuoso.ade.simulationMonitor] - SimulationMonitor has terminated the vds process '42596', reason: 'Force to stop the expression evalutor process because of new run' {"history": "ExplorerRun.0", "point": 1, "testname": "demo_4bit_RCA_1", "cornername": "Nominal"}
[2024-10-16 08:23:44.956 -0700] [PROCESS] [cadence.virtuoso.ade.simulationMonitor] - HostInfo:
Host name (type):	viterbi-scf2 (x86_64)
Operating system:	Linux 3.10.0-1160.119.1.el7.tuxcare.els3.x86_64 #1 SMP Fri Aug 23 19:18:06 UTC 2024 {"hostname": "viterbi-scf2", "processid": 42564, "history": "ExplorerRun.0", "testname": "demo_4bit_RCA_1", "cornername": "Nominal", "point": 1, "logfile": "/home/viterbi/01/tongjia/work_gpdk045/logs_tongjia/logs0/Job43.log", "nodename": "viterbi-scf2", "domainname": "viterbi", "machine": "x86_64", "sysname": "Linux", "release": "3.10.0-1160.119.1.el7.tuxcare.els3.x86_64", "version": "#1 SMP Fri Aug 23 19:18:06 UTC 2024"}
[2024-10-16 08:23:44.959 -0700] [PROCESS] [cadence.virtuoso.ade.simulationMonitor] - UsageInfo:
pid=42564
totalPhysicalMemory=1007.132404GB,Used=218.944649GB,totalVirtualMemory=1007.132404GB,Used=218.944649GB
Cpu: Cores=112, Load average:2.450000,2.200000,2.320000 {"hostname": "viterbi-scf2", "processid": 42564, "history": "ExplorerRun.0", "testname": "demo_4bit_RCA_1", "cornername": "Nominal", "point": 1, "logfile": "/home/viterbi/01/tongjia/work_gpdk045/logs_tongjia/logs0/Job43.log", "pid": "42564", "totalPhysicalMemory": "1007.132404", "physicalMemoryUsed": "218.944649", "totalVirtualMemory": "1007.132404", "virtualMemoryUsed": "218.944649", "cpuCores": "112", "processes": "3833", "loadAverage1": "2.450000", "loadAverage5": "2.200000", "loadAverage15": "2.320000", "loadAverage1Percent": "0.021875"}
[2024-10-16 08:23:44.965 -0700] [EVENT] [cadence.virtuoso.ade.simulationMonitor] - NewPoint {"history": "ExplorerRun.0", "point": 1, "testname": "demo_4bit_RCA_1", "cornername": "Nominal", "event": "NewPoint", "EventSource": "Simulation Monitor", "HistoryName": "ExplorerRun.0", "logFile": "/home/viterbi/01/tongjia/work_gpdk045/logs_tongjia/logs0/Job43.log", "logFileSize": "14333"}
[2024-10-16 08:23:45.277 -0700] [EVENT] [cadence.virtuoso.ade.simulationMonitor] - NewPoint {"history": "ExplorerRun.0", "point": 1, "testname": "demo_4bit_RCA_1", "cornername": "Nominal", "event": "NewPoint", "EventSource": "spectre", "HistoryName": "ExplorerRun.0", "logFile": "/home/viterbi/01/tongjia/simulation/demo/4bit_RCA/maestro/results/maestro/ExplorerRun.0/1/demo_4bit_RCA_1/psf/spectre.out", "logFileSize": "-1"}
[2024-10-16 08:23:45.310 -0700] [PROCESS] [cadence.virtuoso.ade.simulationMonitor] - Simulator launched {"hostname": "viterbi-scf2", "processid": 42564, "history": "ExplorerRun.0", "testname": "demo_4bit_RCA_1", "cornername": "Nominal", "point": 1, "logfile": "/home/viterbi/01/tongjia/work_gpdk045/logs_tongjia/logs0/Job43.log", "simid": "2"}
[2024-10-16 08:23:45.317 -0700] [PROCESS] [cadence.virtuoso.ade.simulationMonitor] - Expression evaluator launched {"hostname": "viterbi-scf2", "processid": 42564, "history": "ExplorerRun.0", "testname": "demo_4bit_RCA_1", "cornername": "Nominal", "point": 1, "logfile": "/home/viterbi/01/tongjia/work_gpdk045/logs_tongjia/logs0/Job43.log"}
[2024-10-16 08:23:45.740 -0700] [PROCESS] [cadence.virtuoso.ade.simulationMonitor] - Started Simulation {"hostname": "viterbi-scf2", "processid": 42564, "history": "ExplorerRun.0", "testname": "demo_4bit_RCA_1", "cornername": "Nominal", "point": 1, "logfile": "/home/viterbi/01/tongjia/work_gpdk045/logs_tongjia/logs0/Job43.log", "event": "started", "task": "simulation"}
[2024-10-16 08:23:46.744 -0700] [INFO] [cadence.virtuoso.ade.simulationMonitor] - Peak resident memory used = 57.6 Mbytes. {"history": "ExplorerRun.0", "point": 1, "testname": "demo_4bit_RCA_1", "cornername": "Nominal"}
[2024-10-16 08:23:47.246 -0700] [INFO] [cadence.virtuoso.ade.simulationMonitor] - Peak resident memory used = 67.6 Mbytes. {"history": "ExplorerRun.0", "point": 1, "testname": "demo_4bit_RCA_1", "cornername": "Nominal"}
[2024-10-16 08:23:47.248 -0700] [INFO] [cadence.virtuoso.ade.simulationMonitor] - Peak resident memory used = 68.7 Mbytes. {"history": "ExplorerRun.0", "point": 1, "testname": "demo_4bit_RCA_1", "cornername": "Nominal"}
[2024-10-16 08:23:47.251 -0700] [INFO] [cadence.virtuoso.ade.simulationMonitor] - Notice from spectre during initial setup.
    Multithreading is disabled due to the size of the design being too small. {"history": "ExplorerRun.0", "point": 1, "testname": "demo_4bit_RCA_1", "cornername": "Nominal"}
[2024-10-16 08:23:47.262 -0700] [INFO] [cadence.virtuoso.ade.simulationMonitor] -               nodes 226 {"history": "ExplorerRun.0", "point": 1, "testname": "demo_4bit_RCA_1", "cornername": "Nominal"}
[2024-10-16 08:23:47.264 -0700] [INFO] [cadence.virtuoso.ade.simulationMonitor] - Notice from spectre during initial setup.
    APS Enabled. {"history": "ExplorerRun.0", "point": 1, "testname": "demo_4bit_RCA_1", "cornername": "Nominal"}
[2024-10-16 08:23:47.267 -0700] [INFO] [cadence.virtuoso.ade.simulationMonitor] - Peak resident memory used = 69.9 Mbytes. {"history": "ExplorerRun.0", "point": 1, "testname": "demo_4bit_RCA_1", "cornername": "Nominal"}
[2024-10-16 08:23:47.271 -0700] [WARN] [cadence.virtuoso.ade.simulationMonitor] -     WARNING (SPECTRE-16707): Only tran supports psfxl format, result of other analyses will be in psfbin format. {"history": "ExplorerRun.0", "point": 1, "testname": "demo_4bit_RCA_1", "cornername": "Nominal"}
[2024-10-16 08:23:47.275 -0700] [INFO] [cadence.virtuoso.ade.simulationMonitor] - Notice from spectre during IC analysis, during transient analysis `tran'.
    GminDC = 1 pS is large enough to noticeably affect the DC solution.
        dV(I0.I1.net1) = -12.0911 mV
        Use the `gmin_check' option to eliminate or expand this report.
    Bad pivoting is found during DC analysis. Option dc_pivot_check=yes is recommended for possible improvement of convergence. {"history": "ExplorerRun.0", "point": 1, "testname": "demo_4bit_RCA_1", "cornername": "Nominal"}
[2024-10-16 08:23:47.278 -0700] [INFO] [cadence.virtuoso.ade.simulationMonitor] - Notice from spectre during transient analysis `tran'.
    Multithreading is disabled due to the size of the design being too small. {"history": "ExplorerRun.0", "point": 1, "testname": "demo_4bit_RCA_1", "cornername": "Nominal"}
[2024-10-16 08:23:47.281 -0700] [INFO] [cadence.virtuoso.ade.simulationMonitor] - Notice from spectre at time = 1.01133 ns during transient analysis `tran'.
    Found trapezoidal ringing on node I0.I1.PM2.n1. {"history": "ExplorerRun.0", "point": 1, "testname": "demo_4bit_RCA_1", "cornername": "Nominal"}
[2024-10-16 08:23:47.285 -0700] [INFO] [cadence.virtuoso.ade.simulationMonitor] - Notice from spectre at time = 1.50422 ns during transient analysis `tran'.
    Found trapezoidal ringing on node _vvdd!:p. {"history": "ExplorerRun.0", "point": 1, "testname": "demo_4bit_RCA_1", "cornername": "Nominal"}
[2024-10-16 08:23:47.288 -0700] [INFO] [cadence.virtuoso.ade.simulationMonitor] - Notice from spectre at time = 1.70422 ns during transient analysis `tran'.
    Found trapezoidal ringing on node _vvdd!:p. {"history": "ExplorerRun.0", "point": 1, "testname": "demo_4bit_RCA_1", "cornername": "Nominal"}
[2024-10-16 08:23:47.292 -0700] [INFO] [cadence.virtuoso.ade.simulationMonitor] - Notice from spectre at time = 1.85211 ns during transient analysis `tran'.
    Found trapezoidal ringing on node _vvdd!:p. {"history": "ExplorerRun.0", "point": 1, "testname": "demo_4bit_RCA_1", "cornername": "Nominal"}
[2024-10-16 08:23:47.295 -0700] [INFO] [cadence.virtuoso.ade.simulationMonitor] - Notice from spectre at time = 2 ns during transient analysis `tran'.
    Found trapezoidal ringing on node _vvdd!:p.
        Further occurrences of this notice will be suppressed. {"history": "ExplorerRun.0", "point": 1, "testname": "demo_4bit_RCA_1", "cornername": "Nominal"}
[2024-10-16 08:23:47.298 -0700] [INFO] [cadence.virtuoso.ade.simulationMonitor] - Notice from spectre during transient analysis `tran'.
    Trapezoidal ringing is detected during tran analysis.
        Please use method=trap for better results and performance. {"history": "ExplorerRun.0", "point": 1, "testname": "demo_4bit_RCA_1", "cornername": "Nominal"}
[2024-10-16 08:23:47.301 -0700] [INFO] [cadence.virtuoso.ade.simulationMonitor] - Total time required for tran analysis `tran': CPU = 242.101 ms, elapsed = 256.408 ms. {"history": "ExplorerRun.0", "point": 1, "testname": "demo_4bit_RCA_1", "cornername": "Nominal"}
[2024-10-16 08:23:47.304 -0700] [INFO] [cadence.virtuoso.ade.simulationMonitor] - Peak resident memory used = 75.1 Mbytes. {"history": "ExplorerRun.0", "point": 1, "testname": "demo_4bit_RCA_1", "cornername": "Nominal"}
[2024-10-16 08:23:47.307 -0700] [INFO] [cadence.virtuoso.ade.simulationMonitor] - Notice from spectre.
    35 notices suppressed. {"history": "ExplorerRun.0", "point": 1, "testname": "demo_4bit_RCA_1", "cornername": "Nominal"}
[2024-10-16 08:23:47.310 -0700] [INFO] [cadence.virtuoso.ade.simulationMonitor] - Time used: CPU = 1.51 s, elapsed = 1.75 s, util. = 86.2%. {"history": "ExplorerRun.0", "point": 1, "testname": "demo_4bit_RCA_1", "cornername": "Nominal"}
[2024-10-16 08:23:47.313 -0700] [INFO] [cadence.virtuoso.ade.simulationMonitor] - Time spent in licensing: elapsed = 36.4 ms. {"history": "ExplorerRun.0", "point": 1, "testname": "demo_4bit_RCA_1", "cornername": "Nominal"}
[2024-10-16 08:23:47.317 -0700] [INFO] [cadence.virtuoso.ade.simulationMonitor] - Peak memory used = 75.7 Mbytes. {"history": "ExplorerRun.0", "point": 1, "testname": "demo_4bit_RCA_1", "cornername": "Nominal"}
[2024-10-16 08:23:47.324 -0700] [PROCESS] [cadence.virtuoso.ade.simulationMonitor] - Simulation started at: 8:23:45 AM, Wed Oct 16, 2024, ended at: 8:23:47 AM, Wed Oct 16, 2024, with elapsed time (wall clock): 1.75 s. {"history": "ExplorerRun.0", "point": 1, "testname": "demo_4bit_RCA_1", "cornername": "Nominal"}
[2024-10-16 08:23:47.326 -0700] [PROCESS] [cadence.virtuoso.ade.simulationMonitor] - spectre completes with 0 errors, 1 warning, and 12 notices. {"history": "ExplorerRun.0", "point": 1, "testname": "demo_4bit_RCA_1", "cornername": "Nominal"}
[2024-10-16 08:23:47.833 -0700] [PROCESS] [cadence.virtuoso.ade.simulationMonitor] - Finished simulating for one point {"hostname": "viterbi-scf2", "processid": 42564, "history": "ExplorerRun.0", "testname": "demo_4bit_RCA_1", "cornername": "Nominal", "point": 1, "logfile": "/home/viterbi/01/tongjia/work_gpdk045/logs_tongjia/logs0/Job43.log", "simid": "2"}
[2024-10-16 08:23:47.837 -0700] [PROCESS] [cadence.virtuoso.ade.simulationMonitor] - Simulator exited {"hostname": "viterbi-scf2", "processid": 42564, "history": "ExplorerRun.0", "testname": "demo_4bit_RCA_1", "cornername": "Nominal", "point": 1, "logfile": "/home/viterbi/01/tongjia/work_gpdk045/logs_tongjia/logs0/Job43.log", "exitStatus": "0"}
[2024-10-16 08:23:47.840 -0700] [PROCESS] [cadence.virtuoso.ade.simulationMonitor] - Finished Simulation {"hostname": "viterbi-scf2", "processid": 42564, "history": "ExplorerRun.0", "testname": "demo_4bit_RCA_1", "cornername": "Nominal", "point": 1, "logfile": "/home/viterbi/01/tongjia/work_gpdk045/logs_tongjia/logs0/Job43.log", "simid": "2"}
[2024-10-16 08:23:51.886 -0700] [PROCESS] [cadence.virtuoso.ade.simulationMonitor] - Point Finished {"hostname": "viterbi-scf2", "processid": 42564, "history": "ExplorerRun.0", "testname": "demo_4bit_RCA_1", "cornername": "Nominal", "point": 1, "logfile": "/home/viterbi/01/tongjia/work_gpdk045/logs_tongjia/logs0/Job43.log"}
[2024-10-16 08:23:52.919 -0700] [PROCESS] [cadence.virtuoso.ade.simulationMonitor] - Stay with the runId '5', Linger time '300', currentRunSyn '11', currentTestSyn '12' {"hostname": "viterbi-scf2", "processid": 42564, "history": "ExplorerRun.0", "testname": "demo_4bit_RCA_1", "cornername": "Nominal", "point": 1, "logfile": "/home/viterbi/01/tongjia/work_gpdk045/logs_tongjia/logs0/Job43.log"}
[2024-10-16 08:25:12.681 -0700] [INFO] [cadence.virtuoso.ade.simulationMonitor] - SimulationMonitor has terminated the vds process '45308', reason: 'Force to stop the expression evalutor process because of new run' {"history": "ExplorerRun.0", "point": 1, "testname": "demo_4bit_RCA_1", "cornername": "Nominal"}
[2024-10-16 08:25:12.695 -0700] [PROCESS] [cadence.virtuoso.ade.simulationMonitor] - HostInfo:
Host name (type):	viterbi-scf2 (x86_64)
Operating system:	Linux 3.10.0-1160.119.1.el7.tuxcare.els3.x86_64 #1 SMP Fri Aug 23 19:18:06 UTC 2024 {"hostname": "viterbi-scf2", "processid": 42564, "history": "ExplorerRun.0", "testname": "demo_4bit_RCA_1", "cornername": "Nominal", "point": 1, "logfile": "/home/viterbi/01/tongjia/work_gpdk045/logs_tongjia/logs0/Job43.log", "nodename": "viterbi-scf2", "domainname": "viterbi", "machine": "x86_64", "sysname": "Linux", "release": "3.10.0-1160.119.1.el7.tuxcare.els3.x86_64", "version": "#1 SMP Fri Aug 23 19:18:06 UTC 2024"}
[2024-10-16 08:25:12.702 -0700] [PROCESS] [cadence.virtuoso.ade.simulationMonitor] - UsageInfo:
pid=42564
totalPhysicalMemory=1007.132404GB,Used=218.979416GB,totalVirtualMemory=1007.132404GB,Used=218.979416GB
Cpu: Cores=112, Load average:2.650000,2.370000,2.370000 {"hostname": "viterbi-scf2", "processid": 42564, "history": "ExplorerRun.0", "testname": "demo_4bit_RCA_1", "cornername": "Nominal", "point": 1, "logfile": "/home/viterbi/01/tongjia/work_gpdk045/logs_tongjia/logs0/Job43.log", "pid": "42564", "totalPhysicalMemory": "1007.132404", "physicalMemoryUsed": "218.979416", "totalVirtualMemory": "1007.132404", "virtualMemoryUsed": "218.979416", "cpuCores": "112", "processes": "3839", "loadAverage1": "2.650000", "loadAverage5": "2.370000", "loadAverage15": "2.370000", "loadAverage1Percent": "0.023661"}
[2024-10-16 08:25:12.712 -0700] [EVENT] [cadence.virtuoso.ade.simulationMonitor] - NewPoint {"history": "ExplorerRun.0", "point": 1, "testname": "demo_4bit_RCA_1", "cornername": "Nominal", "event": "NewPoint", "EventSource": "Simulation Monitor", "HistoryName": "ExplorerRun.0", "logFile": "/home/viterbi/01/tongjia/work_gpdk045/logs_tongjia/logs0/Job43.log", "logFileSize": "26413"}
[2024-10-16 08:25:12.921 -0700] [EVENT] [cadence.virtuoso.ade.simulationMonitor] - NewPoint {"history": "ExplorerRun.0", "point": 1, "testname": "demo_4bit_RCA_1", "cornername": "Nominal", "event": "NewPoint", "EventSource": "spectre", "HistoryName": "ExplorerRun.0", "logFile": "/home/viterbi/01/tongjia/simulation/demo/4bit_RCA/maestro/results/maestro/ExplorerRun.0/1/demo_4bit_RCA_1/psf/spectre.out", "logFileSize": "-1"}
[2024-10-16 08:25:12.960 -0700] [PROCESS] [cadence.virtuoso.ade.simulationMonitor] - Simulator launched {"hostname": "viterbi-scf2", "processid": 42564, "history": "ExplorerRun.0", "testname": "demo_4bit_RCA_1", "cornername": "Nominal", "point": 1, "logfile": "/home/viterbi/01/tongjia/work_gpdk045/logs_tongjia/logs0/Job43.log", "simid": "3"}
[2024-10-16 08:25:12.968 -0700] [PROCESS] [cadence.virtuoso.ade.simulationMonitor] - Expression evaluator launched {"hostname": "viterbi-scf2", "processid": 42564, "history": "ExplorerRun.0", "testname": "demo_4bit_RCA_1", "cornername": "Nominal", "point": 1, "logfile": "/home/viterbi/01/tongjia/work_gpdk045/logs_tongjia/logs0/Job43.log"}
[2024-10-16 08:25:13.374 -0700] [PROCESS] [cadence.virtuoso.ade.simulationMonitor] - Started Simulation {"hostname": "viterbi-scf2", "processid": 42564, "history": "ExplorerRun.0", "testname": "demo_4bit_RCA_1", "cornername": "Nominal", "point": 1, "logfile": "/home/viterbi/01/tongjia/work_gpdk045/logs_tongjia/logs0/Job43.log", "event": "started", "task": "simulation"}
[2024-10-16 08:25:14.380 -0700] [INFO] [cadence.virtuoso.ade.simulationMonitor] - Peak resident memory used = 57.6 Mbytes. {"history": "ExplorerRun.0", "point": 1, "testname": "demo_4bit_RCA_1", "cornername": "Nominal"}
[2024-10-16 08:25:14.883 -0700] [INFO] [cadence.virtuoso.ade.simulationMonitor] - Peak resident memory used = 67.6 Mbytes. {"history": "ExplorerRun.0", "point": 1, "testname": "demo_4bit_RCA_1", "cornername": "Nominal"}
[2024-10-16 08:25:14.885 -0700] [INFO] [cadence.virtuoso.ade.simulationMonitor] - Peak resident memory used = 68.7 Mbytes. {"history": "ExplorerRun.0", "point": 1, "testname": "demo_4bit_RCA_1", "cornername": "Nominal"}
[2024-10-16 08:25:14.889 -0700] [INFO] [cadence.virtuoso.ade.simulationMonitor] - Notice from spectre during initial setup.
    Multithreading is disabled due to the size of the design being too small. {"history": "ExplorerRun.0", "point": 1, "testname": "demo_4bit_RCA_1", "cornername": "Nominal"}
[2024-10-16 08:25:14.900 -0700] [INFO] [cadence.virtuoso.ade.simulationMonitor] -               nodes 226 {"history": "ExplorerRun.0", "point": 1, "testname": "demo_4bit_RCA_1", "cornername": "Nominal"}
[2024-10-16 08:25:14.902 -0700] [INFO] [cadence.virtuoso.ade.simulationMonitor] - Notice from spectre during initial setup.
    APS Enabled. {"history": "ExplorerRun.0", "point": 1, "testname": "demo_4bit_RCA_1", "cornername": "Nominal"}
[2024-10-16 08:25:14.905 -0700] [INFO] [cadence.virtuoso.ade.simulationMonitor] - Peak resident memory used = 69.9 Mbytes. {"history": "ExplorerRun.0", "point": 1, "testname": "demo_4bit_RCA_1", "cornername": "Nominal"}
[2024-10-16 08:25:14.909 -0700] [WARN] [cadence.virtuoso.ade.simulationMonitor] -     WARNING (SPECTRE-16707): Only tran supports psfxl format, result of other analyses will be in psfbin format. {"history": "ExplorerRun.0", "point": 1, "testname": "demo_4bit_RCA_1", "cornername": "Nominal"}
[2024-10-16 08:25:14.913 -0700] [INFO] [cadence.virtuoso.ade.simulationMonitor] - Notice from spectre during IC analysis, during transient analysis `tran'.
    GminDC = 1 pS is large enough to noticeably affect the DC solution.
        dV(I0.I1.net1) = -12.0911 mV
        Use the `gmin_check' option to eliminate or expand this report.
    Bad pivoting is found during DC analysis. Option dc_pivot_check=yes is recommended for possible improvement of convergence. {"history": "ExplorerRun.0", "point": 1, "testname": "demo_4bit_RCA_1", "cornername": "Nominal"}
[2024-10-16 08:25:14.917 -0700] [INFO] [cadence.virtuoso.ade.simulationMonitor] - Notice from spectre during transient analysis `tran'.
    Multithreading is disabled due to the size of the design being too small. {"history": "ExplorerRun.0", "point": 1, "testname": "demo_4bit_RCA_1", "cornername": "Nominal"}
[2024-10-16 08:25:14.920 -0700] [INFO] [cadence.virtuoso.ade.simulationMonitor] - Notice from spectre at time = 1.01133 ns during transient analysis `tran'.
    Found trapezoidal ringing on node I0.I1.PM2.n1. {"history": "ExplorerRun.0", "point": 1, "testname": "demo_4bit_RCA_1", "cornername": "Nominal"}
[2024-10-16 08:25:14.924 -0700] [INFO] [cadence.virtuoso.ade.simulationMonitor] - Notice from spectre at time = 1.50422 ns during transient analysis `tran'.
    Found trapezoidal ringing on node _vvdd!:p. {"history": "ExplorerRun.0", "point": 1, "testname": "demo_4bit_RCA_1", "cornername": "Nominal"}
[2024-10-16 08:25:14.927 -0700] [INFO] [cadence.virtuoso.ade.simulationMonitor] - Notice from spectre at time = 1.70422 ns during transient analysis `tran'.
    Found trapezoidal ringing on node _vvdd!:p. {"history": "ExplorerRun.0", "point": 1, "testname": "demo_4bit_RCA_1", "cornername": "Nominal"}
[2024-10-16 08:25:14.931 -0700] [INFO] [cadence.virtuoso.ade.simulationMonitor] - Notice from spectre at time = 1.85211 ns during transient analysis `tran'.
    Found trapezoidal ringing on node _vvdd!:p. {"history": "ExplorerRun.0", "point": 1, "testname": "demo_4bit_RCA_1", "cornername": "Nominal"}
[2024-10-16 08:25:14.933 -0700] [INFO] [cadence.virtuoso.ade.simulationMonitor] - Notice from spectre at time = 2 ns during transient analysis `tran'.
    Found trapezoidal ringing on node _vvdd!:p.
        Further occurrences of this notice will be suppressed. {"history": "ExplorerRun.0", "point": 1, "testname": "demo_4bit_RCA_1", "cornername": "Nominal"}
[2024-10-16 08:25:14.937 -0700] [INFO] [cadence.virtuoso.ade.simulationMonitor] - Notice from spectre during transient analysis `tran'.
    Trapezoidal ringing is detected during tran analysis.
        Please use method=trap for better results and performance. {"history": "ExplorerRun.0", "point": 1, "testname": "demo_4bit_RCA_1", "cornername": "Nominal"}
[2024-10-16 08:25:14.940 -0700] [INFO] [cadence.virtuoso.ade.simulationMonitor] - Total time required for tran analysis `tran': CPU = 191.349 ms, elapsed = 209.994 ms. {"history": "ExplorerRun.0", "point": 1, "testname": "demo_4bit_RCA_1", "cornername": "Nominal"}
[2024-10-16 08:25:14.943 -0700] [INFO] [cadence.virtuoso.ade.simulationMonitor] - Peak resident memory used = 75.2 Mbytes. {"history": "ExplorerRun.0", "point": 1, "testname": "demo_4bit_RCA_1", "cornername": "Nominal"}
[2024-10-16 08:25:14.946 -0700] [INFO] [cadence.virtuoso.ade.simulationMonitor] - Notice from spectre.
    35 notices suppressed. {"history": "ExplorerRun.0", "point": 1, "testname": "demo_4bit_RCA_1", "cornername": "Nominal"}
[2024-10-16 08:25:15.453 -0700] [INFO] [cadence.virtuoso.ade.simulationMonitor] - Time used: CPU = 1.49 s, elapsed = 1.78 s, util. = 83.4%. {"history": "ExplorerRun.0", "point": 1, "testname": "demo_4bit_RCA_1", "cornername": "Nominal"}
[2024-10-16 08:25:15.458 -0700] [INFO] [cadence.virtuoso.ade.simulationMonitor] - Time spent in licensing: elapsed = 23.1 ms. {"history": "ExplorerRun.0", "point": 1, "testname": "demo_4bit_RCA_1", "cornername": "Nominal"}
[2024-10-16 08:25:15.463 -0700] [INFO] [cadence.virtuoso.ade.simulationMonitor] - Peak memory used = 75.8 Mbytes. {"history": "ExplorerRun.0", "point": 1, "testname": "demo_4bit_RCA_1", "cornername": "Nominal"}
[2024-10-16 08:25:15.471 -0700] [PROCESS] [cadence.virtuoso.ade.simulationMonitor] - Simulation started at: 8:25:13 AM, Wed Oct 16, 2024, ended at: 8:25:14 AM, Wed Oct 16, 2024, with elapsed time (wall clock): 1.78 s. {"history": "ExplorerRun.0", "point": 1, "testname": "demo_4bit_RCA_1", "cornername": "Nominal"}
[2024-10-16 08:25:15.472 -0700] [PROCESS] [cadence.virtuoso.ade.simulationMonitor] - spectre completes with 0 errors, 1 warning, and 12 notices. {"history": "ExplorerRun.0", "point": 1, "testname": "demo_4bit_RCA_1", "cornername": "Nominal"}
[2024-10-16 08:25:15.476 -0700] [PROCESS] [cadence.virtuoso.ade.simulationMonitor] - Finished simulating for one point {"hostname": "viterbi-scf2", "processid": 42564, "history": "ExplorerRun.0", "testname": "demo_4bit_RCA_1", "cornername": "Nominal", "point": 1, "logfile": "/home/viterbi/01/tongjia/work_gpdk045/logs_tongjia/logs0/Job43.log", "simid": "3"}
[2024-10-16 08:25:15.479 -0700] [PROCESS] [cadence.virtuoso.ade.simulationMonitor] - Simulator exited {"hostname": "viterbi-scf2", "processid": 42564, "history": "ExplorerRun.0", "testname": "demo_4bit_RCA_1", "cornername": "Nominal", "point": 1, "logfile": "/home/viterbi/01/tongjia/work_gpdk045/logs_tongjia/logs0/Job43.log", "exitStatus": "0"}
[2024-10-16 08:25:15.483 -0700] [PROCESS] [cadence.virtuoso.ade.simulationMonitor] - Finished Simulation {"hostname": "viterbi-scf2", "processid": 42564, "history": "ExplorerRun.0", "testname": "demo_4bit_RCA_1", "cornername": "Nominal", "point": 1, "logfile": "/home/viterbi/01/tongjia/work_gpdk045/logs_tongjia/logs0/Job43.log", "simid": "3"}
[2024-10-16 08:25:19.025 -0700] [PROCESS] [cadence.virtuoso.ade.simulationMonitor] - Point Finished {"hostname": "viterbi-scf2", "processid": 42564, "history": "ExplorerRun.0", "testname": "demo_4bit_RCA_1", "cornername": "Nominal", "point": 1, "logfile": "/home/viterbi/01/tongjia/work_gpdk045/logs_tongjia/logs0/Job43.log"}
[2024-10-16 08:25:20.063 -0700] [PROCESS] [cadence.virtuoso.ade.simulationMonitor] - Stay with the runId '6', Linger time '300', currentRunSyn '13', currentTestSyn '14' {"hostname": "viterbi-scf2", "processid": 42564, "history": "ExplorerRun.0", "testname": "demo_4bit_RCA_1", "cornername": "Nominal", "point": 1, "logfile": "/home/viterbi/01/tongjia/work_gpdk045/logs_tongjia/logs0/Job43.log"}
[2024-10-16 08:25:39.048 -0700] [INFO] [cadence.virtuoso.ade.simulationMonitor] - SimulationMonitor has terminated the vds process '48602', reason: 'Force to stop the expression evalutor process because of new run' {"history": "ExplorerRun.0", "point": 1, "testname": "demo_4bit_RCA_1", "cornername": "Nominal"}
[2024-10-16 08:25:39.055 -0700] [PROCESS] [cadence.virtuoso.ade.simulationMonitor] - HostInfo:
Host name (type):	viterbi-scf2 (x86_64)
Operating system:	Linux 3.10.0-1160.119.1.el7.tuxcare.els3.x86_64 #1 SMP Fri Aug 23 19:18:06 UTC 2024 {"hostname": "viterbi-scf2", "processid": 42564, "history": "ExplorerRun.0", "testname": "demo_4bit_RCA_1", "cornername": "Nominal", "point": 1, "logfile": "/home/viterbi/01/tongjia/work_gpdk045/logs_tongjia/logs0/Job43.log", "nodename": "viterbi-scf2", "domainname": "viterbi", "machine": "x86_64", "sysname": "Linux", "release": "3.10.0-1160.119.1.el7.tuxcare.els3.x86_64", "version": "#1 SMP Fri Aug 23 19:18:06 UTC 2024"}
[2024-10-16 08:25:39.058 -0700] [PROCESS] [cadence.virtuoso.ade.simulationMonitor] - UsageInfo:
pid=42564
totalPhysicalMemory=1007.132404GB,Used=218.994705GB,totalVirtualMemory=1007.132404GB,Used=218.994705GB
Cpu: Cores=112, Load average:2.580000,2.370000,2.370000 {"hostname": "viterbi-scf2", "processid": 42564, "history": "ExplorerRun.0", "testname": "demo_4bit_RCA_1", "cornername": "Nominal", "point": 1, "logfile": "/home/viterbi/01/tongjia/work_gpdk045/logs_tongjia/logs0/Job43.log", "pid": "42564", "totalPhysicalMemory": "1007.132404", "physicalMemoryUsed": "218.994705", "totalVirtualMemory": "1007.132404", "virtualMemoryUsed": "218.994705", "cpuCores": "112", "processes": "3952", "loadAverage1": "2.580000", "loadAverage5": "2.370000", "loadAverage15": "2.370000", "loadAverage1Percent": "0.023036"}
[2024-10-16 08:25:39.064 -0700] [EVENT] [cadence.virtuoso.ade.simulationMonitor] - NewPoint {"history": "ExplorerRun.0", "point": 1, "testname": "demo_4bit_RCA_1", "cornername": "Nominal", "event": "NewPoint", "EventSource": "Simulation Monitor", "HistoryName": "ExplorerRun.0", "logFile": "/home/viterbi/01/tongjia/work_gpdk045/logs_tongjia/logs0/Job43.log", "logFileSize": "38493"}
[2024-10-16 08:25:39.375 -0700] [EVENT] [cadence.virtuoso.ade.simulationMonitor] - NewPoint {"history": "ExplorerRun.0", "point": 1, "testname": "demo_4bit_RCA_1", "cornername": "Nominal", "event": "NewPoint", "EventSource": "spectre", "HistoryName": "ExplorerRun.0", "logFile": "/home/viterbi/01/tongjia/simulation/demo/4bit_RCA/maestro/results/maestro/ExplorerRun.0/1/demo_4bit_RCA_1/psf/spectre.out", "logFileSize": "-1"}
[2024-10-16 08:25:39.410 -0700] [PROCESS] [cadence.virtuoso.ade.simulationMonitor] - Simulator launched {"hostname": "viterbi-scf2", "processid": 42564, "history": "ExplorerRun.0", "testname": "demo_4bit_RCA_1", "cornername": "Nominal", "point": 1, "logfile": "/home/viterbi/01/tongjia/work_gpdk045/logs_tongjia/logs0/Job43.log", "simid": "4"}
[2024-10-16 08:25:39.417 -0700] [PROCESS] [cadence.virtuoso.ade.simulationMonitor] - Expression evaluator launched {"hostname": "viterbi-scf2", "processid": 42564, "history": "ExplorerRun.0", "testname": "demo_4bit_RCA_1", "cornername": "Nominal", "point": 1, "logfile": "/home/viterbi/01/tongjia/work_gpdk045/logs_tongjia/logs0/Job43.log"}
[2024-10-16 08:25:39.845 -0700] [PROCESS] [cadence.virtuoso.ade.simulationMonitor] - Started Simulation {"hostname": "viterbi-scf2", "processid": 42564, "history": "ExplorerRun.0", "testname": "demo_4bit_RCA_1", "cornername": "Nominal", "point": 1, "logfile": "/home/viterbi/01/tongjia/work_gpdk045/logs_tongjia/logs0/Job43.log", "event": "started", "task": "simulation"}
[2024-10-16 08:25:40.850 -0700] [INFO] [cadence.virtuoso.ade.simulationMonitor] - Peak resident memory used = 59.5 Mbytes. {"history": "ExplorerRun.0", "point": 1, "testname": "demo_4bit_RCA_1", "cornername": "Nominal"}
[2024-10-16 08:25:41.353 -0700] [INFO] [cadence.virtuoso.ade.simulationMonitor] - Peak resident memory used = 69.5 Mbytes. {"history": "ExplorerRun.0", "point": 1, "testname": "demo_4bit_RCA_1", "cornername": "Nominal"}
[2024-10-16 08:25:41.355 -0700] [INFO] [cadence.virtuoso.ade.simulationMonitor] - Peak resident memory used = 70.6 Mbytes. {"history": "ExplorerRun.0", "point": 1, "testname": "demo_4bit_RCA_1", "cornername": "Nominal"}
[2024-10-16 08:25:41.359 -0700] [INFO] [cadence.virtuoso.ade.simulationMonitor] - Notice from spectre during initial setup.
    Multithreading is disabled due to the size of the design being too small. {"history": "ExplorerRun.0", "point": 1, "testname": "demo_4bit_RCA_1", "cornername": "Nominal"}
[2024-10-16 08:25:41.369 -0700] [INFO] [cadence.virtuoso.ade.simulationMonitor] -               nodes 226 {"history": "ExplorerRun.0", "point": 1, "testname": "demo_4bit_RCA_1", "cornername": "Nominal"}
[2024-10-16 08:25:41.371 -0700] [INFO] [cadence.virtuoso.ade.simulationMonitor] - Notice from spectre during initial setup.
    APS Enabled. {"history": "ExplorerRun.0", "point": 1, "testname": "demo_4bit_RCA_1", "cornername": "Nominal"}
[2024-10-16 08:25:41.375 -0700] [INFO] [cadence.virtuoso.ade.simulationMonitor] - Peak resident memory used = 71.8 Mbytes. {"history": "ExplorerRun.0", "point": 1, "testname": "demo_4bit_RCA_1", "cornername": "Nominal"}
[2024-10-16 08:25:41.378 -0700] [WARN] [cadence.virtuoso.ade.simulationMonitor] -     WARNING (SPECTRE-16707): Only tran supports psfxl format, result of other analyses will be in psfbin format. {"history": "ExplorerRun.0", "point": 1, "testname": "demo_4bit_RCA_1", "cornername": "Nominal"}
[2024-10-16 08:25:41.382 -0700] [INFO] [cadence.virtuoso.ade.simulationMonitor] - Notice from spectre during IC analysis, during transient analysis `tran'.
    GminDC = 1 pS is large enough to noticeably affect the DC solution.
        dV(I0.I1.net1) = -12.0911 mV
        Use the `gmin_check' option to eliminate or expand this report.
    Bad pivoting is found during DC analysis. Option dc_pivot_check=yes is recommended for possible improvement of convergence. {"history": "ExplorerRun.0", "point": 1, "testname": "demo_4bit_RCA_1", "cornername": "Nominal"}
[2024-10-16 08:25:41.386 -0700] [INFO] [cadence.virtuoso.ade.simulationMonitor] - Notice from spectre during transient analysis `tran'.
    Multithreading is disabled due to the size of the design being too small. {"history": "ExplorerRun.0", "point": 1, "testname": "demo_4bit_RCA_1", "cornername": "Nominal"}
[2024-10-16 08:25:41.389 -0700] [INFO] [cadence.virtuoso.ade.simulationMonitor] - Notice from spectre at time = 1.01133 ns during transient analysis `tran'.
    Found trapezoidal ringing on node I0.I1.PM2.n1. {"history": "ExplorerRun.0", "point": 1, "testname": "demo_4bit_RCA_1", "cornername": "Nominal"}
[2024-10-16 08:25:41.392 -0700] [INFO] [cadence.virtuoso.ade.simulationMonitor] - Notice from spectre at time = 1.50422 ns during transient analysis `tran'.
    Found trapezoidal ringing on node _vvdd!:p. {"history": "ExplorerRun.0", "point": 1, "testname": "demo_4bit_RCA_1", "cornername": "Nominal"}
[2024-10-16 08:25:41.395 -0700] [INFO] [cadence.virtuoso.ade.simulationMonitor] - Notice from spectre at time = 1.70422 ns during transient analysis `tran'.
    Found trapezoidal ringing on node _vvdd!:p. {"history": "ExplorerRun.0", "point": 1, "testname": "demo_4bit_RCA_1", "cornername": "Nominal"}
[2024-10-16 08:25:41.399 -0700] [INFO] [cadence.virtuoso.ade.simulationMonitor] - Notice from spectre at time = 1.85211 ns during transient analysis `tran'.
    Found trapezoidal ringing on node _vvdd!:p. {"history": "ExplorerRun.0", "point": 1, "testname": "demo_4bit_RCA_1", "cornername": "Nominal"}
[2024-10-16 08:25:41.401 -0700] [INFO] [cadence.virtuoso.ade.simulationMonitor] - Notice from spectre at time = 2 ns during transient analysis `tran'.
    Found trapezoidal ringing on node _vvdd!:p.
        Further occurrences of this notice will be suppressed. {"history": "ExplorerRun.0", "point": 1, "testname": "demo_4bit_RCA_1", "cornername": "Nominal"}
[2024-10-16 08:25:41.405 -0700] [INFO] [cadence.virtuoso.ade.simulationMonitor] - Notice from spectre during transient analysis `tran'.
    Trapezoidal ringing is detected during tran analysis.
        Please use method=trap for better results and performance. {"history": "ExplorerRun.0", "point": 1, "testname": "demo_4bit_RCA_1", "cornername": "Nominal"}
[2024-10-16 08:25:41.408 -0700] [INFO] [cadence.virtuoso.ade.simulationMonitor] - Total time required for tran analysis `tran': CPU = 199.747 ms, elapsed = 223.69 ms. {"history": "ExplorerRun.0", "point": 1, "testname": "demo_4bit_RCA_1", "cornername": "Nominal"}
[2024-10-16 08:25:41.411 -0700] [INFO] [cadence.virtuoso.ade.simulationMonitor] - Peak resident memory used = 77.1 Mbytes. {"history": "ExplorerRun.0", "point": 1, "testname": "demo_4bit_RCA_1", "cornername": "Nominal"}
[2024-10-16 08:25:41.413 -0700] [INFO] [cadence.virtuoso.ade.simulationMonitor] - Notice from spectre.
    35 notices suppressed. {"history": "ExplorerRun.0", "point": 1, "testname": "demo_4bit_RCA_1", "cornername": "Nominal"}
[2024-10-16 08:25:41.416 -0700] [INFO] [cadence.virtuoso.ade.simulationMonitor] - Time used: CPU = 1.47 s, elapsed = 1.75 s, util. = 83.7%. {"history": "ExplorerRun.0", "point": 1, "testname": "demo_4bit_RCA_1", "cornername": "Nominal"}
[2024-10-16 08:25:41.419 -0700] [INFO] [cadence.virtuoso.ade.simulationMonitor] - Time spent in licensing: elapsed = 34.5 ms. {"history": "ExplorerRun.0", "point": 1, "testname": "demo_4bit_RCA_1", "cornername": "Nominal"}
[2024-10-16 08:25:41.423 -0700] [INFO] [cadence.virtuoso.ade.simulationMonitor] - Peak memory used = 77.6 Mbytes. {"history": "ExplorerRun.0", "point": 1, "testname": "demo_4bit_RCA_1", "cornername": "Nominal"}
[2024-10-16 08:25:41.430 -0700] [PROCESS] [cadence.virtuoso.ade.simulationMonitor] - Simulation started at: 8:25:39 AM, Wed Oct 16, 2024, ended at: 8:25:41 AM, Wed Oct 16, 2024, with elapsed time (wall clock): 1.75 s. {"history": "ExplorerRun.0", "point": 1, "testname": "demo_4bit_RCA_1", "cornername": "Nominal"}
[2024-10-16 08:25:41.433 -0700] [PROCESS] [cadence.virtuoso.ade.simulationMonitor] - spectre completes with 0 errors, 1 warning, and 12 notices. {"history": "ExplorerRun.0", "point": 1, "testname": "demo_4bit_RCA_1", "cornername": "Nominal"}
[2024-10-16 08:25:41.940 -0700] [PROCESS] [cadence.virtuoso.ade.simulationMonitor] - Finished simulating for one point {"hostname": "viterbi-scf2", "processid": 42564, "history": "ExplorerRun.0", "testname": "demo_4bit_RCA_1", "cornername": "Nominal", "point": 1, "logfile": "/home/viterbi/01/tongjia/work_gpdk045/logs_tongjia/logs0/Job43.log", "simid": "4"}
[2024-10-16 08:25:41.944 -0700] [PROCESS] [cadence.virtuoso.ade.simulationMonitor] - Simulator exited {"hostname": "viterbi-scf2", "processid": 42564, "history": "ExplorerRun.0", "testname": "demo_4bit_RCA_1", "cornername": "Nominal", "point": 1, "logfile": "/home/viterbi/01/tongjia/work_gpdk045/logs_tongjia/logs0/Job43.log", "exitStatus": "0"}
[2024-10-16 08:25:41.948 -0700] [PROCESS] [cadence.virtuoso.ade.simulationMonitor] - Finished Simulation {"hostname": "viterbi-scf2", "processid": 42564, "history": "ExplorerRun.0", "testname": "demo_4bit_RCA_1", "cornername": "Nominal", "point": 1, "logfile": "/home/viterbi/01/tongjia/work_gpdk045/logs_tongjia/logs0/Job43.log", "simid": "4"}
[2024-10-16 08:25:45.498 -0700] [PROCESS] [cadence.virtuoso.ade.simulationMonitor] - Point Finished {"hostname": "viterbi-scf2", "processid": 42564, "history": "ExplorerRun.0", "testname": "demo_4bit_RCA_1", "cornername": "Nominal", "point": 1, "logfile": "/home/viterbi/01/tongjia/work_gpdk045/logs_tongjia/logs0/Job43.log"}
[2024-10-16 08:25:46.535 -0700] [PROCESS] [cadence.virtuoso.ade.simulationMonitor] - Stay with the runId '7', Linger time '300', currentRunSyn '15', currentTestSyn '16' {"hostname": "viterbi-scf2", "processid": 42564, "history": "ExplorerRun.0", "testname": "demo_4bit_RCA_1", "cornername": "Nominal", "point": 1, "logfile": "/home/viterbi/01/tongjia/work_gpdk045/logs_tongjia/logs0/Job43.log"}
[2024-10-16 08:26:18.362 -0700] [INFO] [cadence.virtuoso.ade.simulationMonitor] - SimulationMonitor has terminated the vds process '49950', reason: 'Force to stop the expression evalutor process because of new run' {"history": "ExplorerRun.0", "point": 1, "testname": "demo_4bit_RCA_1", "cornername": "Nominal"}
[2024-10-16 08:26:18.368 -0700] [PROCESS] [cadence.virtuoso.ade.simulationMonitor] - HostInfo:
Host name (type):	viterbi-scf2 (x86_64)
Operating system:	Linux 3.10.0-1160.119.1.el7.tuxcare.els3.x86_64 #1 SMP Fri Aug 23 19:18:06 UTC 2024 {"hostname": "viterbi-scf2", "processid": 42564, "history": "ExplorerRun.0", "testname": "demo_4bit_RCA_1", "cornername": "Nominal", "point": 1, "logfile": "/home/viterbi/01/tongjia/work_gpdk045/logs_tongjia/logs0/Job43.log", "nodename": "viterbi-scf2", "domainname": "viterbi", "machine": "x86_64", "sysname": "Linux", "release": "3.10.0-1160.119.1.el7.tuxcare.els3.x86_64", "version": "#1 SMP Fri Aug 23 19:18:06 UTC 2024"}
[2024-10-16 08:26:18.371 -0700] [PROCESS] [cadence.virtuoso.ade.simulationMonitor] - UsageInfo:
pid=42564
totalPhysicalMemory=1007.132404GB,Used=218.994068GB,totalVirtualMemory=1007.132404GB,Used=218.994068GB
Cpu: Cores=112, Load average:2.520000,2.380000,2.380000 {"hostname": "viterbi-scf2", "processid": 42564, "history": "ExplorerRun.0", "testname": "demo_4bit_RCA_1", "cornername": "Nominal", "point": 1, "logfile": "/home/viterbi/01/tongjia/work_gpdk045/logs_tongjia/logs0/Job43.log", "pid": "42564", "totalPhysicalMemory": "1007.132404", "physicalMemoryUsed": "218.994068", "totalVirtualMemory": "1007.132404", "virtualMemoryUsed": "218.994068", "cpuCores": "112", "processes": "3947", "loadAverage1": "2.520000", "loadAverage5": "2.380000", "loadAverage15": "2.380000", "loadAverage1Percent": "0.022500"}
[2024-10-16 08:26:18.377 -0700] [EVENT] [cadence.virtuoso.ade.simulationMonitor] - NewPoint {"history": "ExplorerRun.0", "point": 1, "testname": "demo_4bit_RCA_1", "cornername": "Nominal", "event": "NewPoint", "EventSource": "Simulation Monitor", "HistoryName": "ExplorerRun.0", "logFile": "/home/viterbi/01/tongjia/work_gpdk045/logs_tongjia/logs0/Job43.log", "logFileSize": "50572"}
[2024-10-16 08:26:18.689 -0700] [EVENT] [cadence.virtuoso.ade.simulationMonitor] - NewPoint {"history": "ExplorerRun.0", "point": 1, "testname": "demo_4bit_RCA_1", "cornername": "Nominal", "event": "NewPoint", "EventSource": "spectre", "HistoryName": "ExplorerRun.0", "logFile": "/home/viterbi/01/tongjia/simulation/demo/4bit_RCA/maestro/results/maestro/ExplorerRun.0/1/demo_4bit_RCA_1/psf/spectre.out", "logFileSize": "-1"}
[2024-10-16 08:26:18.736 -0700] [PROCESS] [cadence.virtuoso.ade.simulationMonitor] - Simulator launched {"hostname": "viterbi-scf2", "processid": 42564, "history": "ExplorerRun.0", "testname": "demo_4bit_RCA_1", "cornername": "Nominal", "point": 1, "logfile": "/home/viterbi/01/tongjia/work_gpdk045/logs_tongjia/logs0/Job43.log", "simid": "5"}
[2024-10-16 08:26:18.743 -0700] [PROCESS] [cadence.virtuoso.ade.simulationMonitor] - Expression evaluator launched {"hostname": "viterbi-scf2", "processid": 42564, "history": "ExplorerRun.0", "testname": "demo_4bit_RCA_1", "cornername": "Nominal", "point": 1, "logfile": "/home/viterbi/01/tongjia/work_gpdk045/logs_tongjia/logs0/Job43.log"}
[2024-10-16 08:26:19.209 -0700] [PROCESS] [cadence.virtuoso.ade.simulationMonitor] - Started Simulation {"hostname": "viterbi-scf2", "processid": 42564, "history": "ExplorerRun.0", "testname": "demo_4bit_RCA_1", "cornername": "Nominal", "point": 1, "logfile": "/home/viterbi/01/tongjia/work_gpdk045/logs_tongjia/logs0/Job43.log", "event": "started", "task": "simulation"}
[2024-10-16 08:26:20.212 -0700] [INFO] [cadence.virtuoso.ade.simulationMonitor] - Peak resident memory used = 57.6 Mbytes. {"history": "ExplorerRun.0", "point": 1, "testname": "demo_4bit_RCA_1", "cornername": "Nominal"}
[2024-10-16 08:26:20.714 -0700] [INFO] [cadence.virtuoso.ade.simulationMonitor] - Peak resident memory used = 67.6 Mbytes. {"history": "ExplorerRun.0", "point": 1, "testname": "demo_4bit_RCA_1", "cornername": "Nominal"}
[2024-10-16 08:26:20.716 -0700] [INFO] [cadence.virtuoso.ade.simulationMonitor] - Peak resident memory used = 68.7 Mbytes. {"history": "ExplorerRun.0", "point": 1, "testname": "demo_4bit_RCA_1", "cornername": "Nominal"}
[2024-10-16 08:26:20.719 -0700] [INFO] [cadence.virtuoso.ade.simulationMonitor] - Notice from spectre during initial setup.
    Multithreading is disabled due to the size of the design being too small. {"history": "ExplorerRun.0", "point": 1, "testname": "demo_4bit_RCA_1", "cornername": "Nominal"}
[2024-10-16 08:26:20.730 -0700] [INFO] [cadence.virtuoso.ade.simulationMonitor] -               nodes 226 {"history": "ExplorerRun.0", "point": 1, "testname": "demo_4bit_RCA_1", "cornername": "Nominal"}
[2024-10-16 08:26:20.731 -0700] [INFO] [cadence.virtuoso.ade.simulationMonitor] - Notice from spectre during initial setup.
    APS Enabled. {"history": "ExplorerRun.0", "point": 1, "testname": "demo_4bit_RCA_1", "cornername": "Nominal"}
[2024-10-16 08:26:20.734 -0700] [INFO] [cadence.virtuoso.ade.simulationMonitor] - Peak resident memory used = 69.9 Mbytes. {"history": "ExplorerRun.0", "point": 1, "testname": "demo_4bit_RCA_1", "cornername": "Nominal"}
[2024-10-16 08:26:20.737 -0700] [WARN] [cadence.virtuoso.ade.simulationMonitor] -     WARNING (SPECTRE-16707): Only tran supports psfxl format, result of other analyses will be in psfbin format. {"history": "ExplorerRun.0", "point": 1, "testname": "demo_4bit_RCA_1", "cornername": "Nominal"}
[2024-10-16 08:26:20.740 -0700] [INFO] [cadence.virtuoso.ade.simulationMonitor] - Notice from spectre during IC analysis, during transient analysis `tran'.
    GminDC = 1 pS is large enough to noticeably affect the DC solution.
        dV(I0.I1.net1) = -12.0911 mV
        Use the `gmin_check' option to eliminate or expand this report.
    Bad pivoting is found during DC analysis. Option dc_pivot_check=yes is recommended for possible improvement of convergence. {"history": "ExplorerRun.0", "point": 1, "testname": "demo_4bit_RCA_1", "cornername": "Nominal"}
[2024-10-16 08:26:20.743 -0700] [INFO] [cadence.virtuoso.ade.simulationMonitor] - Notice from spectre during transient analysis `tran'.
    Multithreading is disabled due to the size of the design being too small. {"history": "ExplorerRun.0", "point": 1, "testname": "demo_4bit_RCA_1", "cornername": "Nominal"}
[2024-10-16 08:26:20.745 -0700] [INFO] [cadence.virtuoso.ade.simulationMonitor] - Notice from spectre at time = 1.01133 ns during transient analysis `tran'.
    Found trapezoidal ringing on node I0.I1.PM2.n1. {"history": "ExplorerRun.0", "point": 1, "testname": "demo_4bit_RCA_1", "cornername": "Nominal"}
[2024-10-16 08:26:20.748 -0700] [INFO] [cadence.virtuoso.ade.simulationMonitor] - Notice from spectre at time = 1.50422 ns during transient analysis `tran'.
    Found trapezoidal ringing on node _vvdd!:p. {"history": "ExplorerRun.0", "point": 1, "testname": "demo_4bit_RCA_1", "cornername": "Nominal"}
[2024-10-16 08:26:20.751 -0700] [INFO] [cadence.virtuoso.ade.simulationMonitor] - Notice from spectre at time = 1.70422 ns during transient analysis `tran'.
    Found trapezoidal ringing on node _vvdd!:p. {"history": "ExplorerRun.0", "point": 1, "testname": "demo_4bit_RCA_1", "cornername": "Nominal"}
[2024-10-16 08:26:20.753 -0700] [INFO] [cadence.virtuoso.ade.simulationMonitor] - Notice from spectre at time = 1.85211 ns during transient analysis `tran'.
    Found trapezoidal ringing on node _vvdd!:p. {"history": "ExplorerRun.0", "point": 1, "testname": "demo_4bit_RCA_1", "cornername": "Nominal"}
[2024-10-16 08:26:20.756 -0700] [INFO] [cadence.virtuoso.ade.simulationMonitor] - Notice from spectre at time = 2 ns during transient analysis `tran'.
    Found trapezoidal ringing on node _vvdd!:p.
        Further occurrences of this notice will be suppressed. {"history": "ExplorerRun.0", "point": 1, "testname": "demo_4bit_RCA_1", "cornername": "Nominal"}
[2024-10-16 08:26:20.758 -0700] [INFO] [cadence.virtuoso.ade.simulationMonitor] - Notice from spectre during transient analysis `tran'.
    Trapezoidal ringing is detected during tran analysis.
        Please use method=trap for better results and performance. {"history": "ExplorerRun.0", "point": 1, "testname": "demo_4bit_RCA_1", "cornername": "Nominal"}
[2024-10-16 08:26:20.761 -0700] [INFO] [cadence.virtuoso.ade.simulationMonitor] - Total time required for tran analysis `tran': CPU = 200.917 ms, elapsed = 215.002 ms. {"history": "ExplorerRun.0", "point": 1, "testname": "demo_4bit_RCA_1", "cornername": "Nominal"}
[2024-10-16 08:26:20.764 -0700] [INFO] [cadence.virtuoso.ade.simulationMonitor] - Peak resident memory used = 75.2 Mbytes. {"history": "ExplorerRun.0", "point": 1, "testname": "demo_4bit_RCA_1", "cornername": "Nominal"}
[2024-10-16 08:26:20.766 -0700] [INFO] [cadence.virtuoso.ade.simulationMonitor] - Notice from spectre.
    35 notices suppressed. {"history": "ExplorerRun.0", "point": 1, "testname": "demo_4bit_RCA_1", "cornername": "Nominal"}
[2024-10-16 08:26:20.769 -0700] [INFO] [cadence.virtuoso.ade.simulationMonitor] - Time used: CPU = 1.45 s, elapsed = 1.7 s, util. = 85.7%. {"history": "ExplorerRun.0", "point": 1, "testname": "demo_4bit_RCA_1", "cornername": "Nominal"}
[2024-10-16 08:26:20.771 -0700] [INFO] [cadence.virtuoso.ade.simulationMonitor] - Time spent in licensing: elapsed = 29.8 ms. {"history": "ExplorerRun.0", "point": 1, "testname": "demo_4bit_RCA_1", "cornername": "Nominal"}
[2024-10-16 08:26:20.776 -0700] [INFO] [cadence.virtuoso.ade.simulationMonitor] - Peak memory used = 75.8 Mbytes. {"history": "ExplorerRun.0", "point": 1, "testname": "demo_4bit_RCA_1", "cornername": "Nominal"}
[2024-10-16 08:26:20.782 -0700] [PROCESS] [cadence.virtuoso.ade.simulationMonitor] - Simulation started at: 8:26:18 AM, Wed Oct 16, 2024, ended at: 8:26:20 AM, Wed Oct 16, 2024, with elapsed time (wall clock): 1.7 s. {"history": "ExplorerRun.0", "point": 1, "testname": "demo_4bit_RCA_1", "cornername": "Nominal"}
[2024-10-16 08:26:20.784 -0700] [PROCESS] [cadence.virtuoso.ade.simulationMonitor] - spectre completes with 0 errors, 1 warning, and 12 notices. {"history": "ExplorerRun.0", "point": 1, "testname": "demo_4bit_RCA_1", "cornername": "Nominal"}
[2024-10-16 08:26:21.291 -0700] [PROCESS] [cadence.virtuoso.ade.simulationMonitor] - Finished simulating for one point {"hostname": "viterbi-scf2", "processid": 42564, "history": "ExplorerRun.0", "testname": "demo_4bit_RCA_1", "cornername": "Nominal", "point": 1, "logfile": "/home/viterbi/01/tongjia/work_gpdk045/logs_tongjia/logs0/Job43.log", "simid": "5"}
[2024-10-16 08:26:21.295 -0700] [PROCESS] [cadence.virtuoso.ade.simulationMonitor] - Simulator exited {"hostname": "viterbi-scf2", "processid": 42564, "history": "ExplorerRun.0", "testname": "demo_4bit_RCA_1", "cornername": "Nominal", "point": 1, "logfile": "/home/viterbi/01/tongjia/work_gpdk045/logs_tongjia/logs0/Job43.log", "exitStatus": "0"}
[2024-10-16 08:26:21.299 -0700] [PROCESS] [cadence.virtuoso.ade.simulationMonitor] - Finished Simulation {"hostname": "viterbi-scf2", "processid": 42564, "history": "ExplorerRun.0", "testname": "demo_4bit_RCA_1", "cornername": "Nominal", "point": 1, "logfile": "/home/viterbi/01/tongjia/work_gpdk045/logs_tongjia/logs0/Job43.log", "simid": "5"}
[2024-10-16 08:26:24.845 -0700] [PROCESS] [cadence.virtuoso.ade.simulationMonitor] - Point Finished {"hostname": "viterbi-scf2", "processid": 42564, "history": "ExplorerRun.0", "testname": "demo_4bit_RCA_1", "cornername": "Nominal", "point": 1, "logfile": "/home/viterbi/01/tongjia/work_gpdk045/logs_tongjia/logs0/Job43.log"}
[2024-10-16 08:26:25.882 -0700] [PROCESS] [cadence.virtuoso.ade.simulationMonitor] - Stay with the runId '8', Linger time '300', currentRunSyn '17', currentTestSyn '18' {"hostname": "viterbi-scf2", "processid": 42564, "history": "ExplorerRun.0", "testname": "demo_4bit_RCA_1", "cornername": "Nominal", "point": 1, "logfile": "/home/viterbi/01/tongjia/work_gpdk045/logs_tongjia/logs0/Job43.log"}
[2024-10-16 08:26:27.892 -0700] [PROCESS] [cadence.virtuoso.ade.simulationMonitor] - Stay with the runId '8', Linger time '300', currentRunSyn '17', currentTestSyn '19' {"hostname": "viterbi-scf2", "processid": 42564, "history": "ExplorerRun.0", "testname": "demo_4bit_RCA_1", "cornername": "Nominal", "point": 1, "logfile": "/home/viterbi/01/tongjia/work_gpdk045/logs_tongjia/logs0/Job43.log"}
[2024-10-16 08:30:13.568 -0700] [INFO] [cadence.virtuoso.ade.simulationMonitor] - SimulationMonitor has terminated the vds process '51498', reason: 'Force to stop the expression evalutor process because of new run' {"history": "ExplorerRun.0", "point": 1, "testname": "demo_4bit_RCA_1", "cornername": "Nominal"}
[2024-10-16 08:30:13.574 -0700] [PROCESS] [cadence.virtuoso.ade.simulationMonitor] - HostInfo:
Host name (type):	viterbi-scf2 (x86_64)
Operating system:	Linux 3.10.0-1160.119.1.el7.tuxcare.els3.x86_64 #1 SMP Fri Aug 23 19:18:06 UTC 2024 {"hostname": "viterbi-scf2", "processid": 42564, "history": "ExplorerRun.0", "testname": "demo_4bit_RCA_1", "cornername": "Nominal", "point": 1, "logfile": "/home/viterbi/01/tongjia/work_gpdk045/logs_tongjia/logs0/Job43.log", "nodename": "viterbi-scf2", "domainname": "viterbi", "machine": "x86_64", "sysname": "Linux", "release": "3.10.0-1160.119.1.el7.tuxcare.els3.x86_64", "version": "#1 SMP Fri Aug 23 19:18:06 UTC 2024"}
[2024-10-16 08:30:13.577 -0700] [PROCESS] [cadence.virtuoso.ade.simulationMonitor] - UsageInfo:
pid=42564
totalPhysicalMemory=1007.132404GB,Used=219.072304GB,totalVirtualMemory=1007.132404GB,Used=219.072304GB
Cpu: Cores=112, Load average:2.270000,2.290000,2.340000 {"hostname": "viterbi-scf2", "processid": 42564, "history": "ExplorerRun.0", "testname": "demo_4bit_RCA_1", "cornername": "Nominal", "point": 1, "logfile": "/home/viterbi/01/tongjia/work_gpdk045/logs_tongjia/logs0/Job43.log", "pid": "42564", "totalPhysicalMemory": "1007.132404", "physicalMemoryUsed": "219.072304", "totalVirtualMemory": "1007.132404", "virtualMemoryUsed": "219.072304", "cpuCores": "112", "processes": "3841", "loadAverage1": "2.270000", "loadAverage5": "2.290000", "loadAverage15": "2.340000", "loadAverage1Percent": "0.020268"}
[2024-10-16 08:30:13.581 -0700] [EVENT] [cadence.virtuoso.ade.simulationMonitor] - NewPoint {"history": "ExplorerRun.0", "point": 1, "testname": "demo_4bit_RCA_1", "cornername": "Nominal", "event": "NewPoint", "EventSource": "Simulation Monitor", "HistoryName": "ExplorerRun.0", "logFile": "/home/viterbi/01/tongjia/work_gpdk045/logs_tongjia/logs0/Job43.log", "logFileSize": "63045"}
[2024-10-16 08:30:13.891 -0700] [EVENT] [cadence.virtuoso.ade.simulationMonitor] - NewPoint {"history": "ExplorerRun.0", "point": 1, "testname": "demo_4bit_RCA_1", "cornername": "Nominal", "event": "NewPoint", "EventSource": "spectre", "HistoryName": "ExplorerRun.0", "logFile": "/home/viterbi/01/tongjia/simulation/demo/4bit_RCA/maestro/results/maestro/ExplorerRun.0/1/demo_4bit_RCA_1/psf/spectre.out", "logFileSize": "-1"}
[2024-10-16 08:30:13.924 -0700] [PROCESS] [cadence.virtuoso.ade.simulationMonitor] - Simulator launched {"hostname": "viterbi-scf2", "processid": 42564, "history": "ExplorerRun.0", "testname": "demo_4bit_RCA_1", "cornername": "Nominal", "point": 1, "logfile": "/home/viterbi/01/tongjia/work_gpdk045/logs_tongjia/logs0/Job43.log", "simid": "6"}
[2024-10-16 08:30:13.932 -0700] [PROCESS] [cadence.virtuoso.ade.simulationMonitor] - Expression evaluator launched {"hostname": "viterbi-scf2", "processid": 42564, "history": "ExplorerRun.0", "testname": "demo_4bit_RCA_1", "cornername": "Nominal", "point": 1, "logfile": "/home/viterbi/01/tongjia/work_gpdk045/logs_tongjia/logs0/Job43.log"}
[2024-10-16 08:30:14.367 -0700] [PROCESS] [cadence.virtuoso.ade.simulationMonitor] - Started Simulation {"hostname": "viterbi-scf2", "processid": 42564, "history": "ExplorerRun.0", "testname": "demo_4bit_RCA_1", "cornername": "Nominal", "point": 1, "logfile": "/home/viterbi/01/tongjia/work_gpdk045/logs_tongjia/logs0/Job43.log", "event": "started", "task": "simulation"}
[2024-10-16 08:30:15.373 -0700] [INFO] [cadence.virtuoso.ade.simulationMonitor] - Peak resident memory used = 57.7 Mbytes. {"history": "ExplorerRun.0", "point": 1, "testname": "demo_4bit_RCA_1", "cornername": "Nominal"}
[2024-10-16 08:30:15.876 -0700] [INFO] [cadence.virtuoso.ade.simulationMonitor] - Peak resident memory used = 67.7 Mbytes. {"history": "ExplorerRun.0", "point": 1, "testname": "demo_4bit_RCA_1", "cornername": "Nominal"}
[2024-10-16 08:30:15.879 -0700] [INFO] [cadence.virtuoso.ade.simulationMonitor] - Peak resident memory used = 68.8 Mbytes. {"history": "ExplorerRun.0", "point": 1, "testname": "demo_4bit_RCA_1", "cornername": "Nominal"}
[2024-10-16 08:30:15.882 -0700] [INFO] [cadence.virtuoso.ade.simulationMonitor] - Notice from spectre during initial setup.
    Multithreading is disabled due to the size of the design being too small. {"history": "ExplorerRun.0", "point": 1, "testname": "demo_4bit_RCA_1", "cornername": "Nominal"}
[2024-10-16 08:30:15.893 -0700] [INFO] [cadence.virtuoso.ade.simulationMonitor] -               nodes 226 {"history": "ExplorerRun.0", "point": 1, "testname": "demo_4bit_RCA_1", "cornername": "Nominal"}
[2024-10-16 08:30:15.895 -0700] [INFO] [cadence.virtuoso.ade.simulationMonitor] - Notice from spectre during initial setup.
    APS Enabled. {"history": "ExplorerRun.0", "point": 1, "testname": "demo_4bit_RCA_1", "cornername": "Nominal"}
[2024-10-16 08:30:15.898 -0700] [INFO] [cadence.virtuoso.ade.simulationMonitor] - Peak resident memory used = 70.1 Mbytes. {"history": "ExplorerRun.0", "point": 1, "testname": "demo_4bit_RCA_1", "cornername": "Nominal"}
[2024-10-16 08:30:15.902 -0700] [WARN] [cadence.virtuoso.ade.simulationMonitor] -     WARNING (SPECTRE-16707): Only tran supports psfxl format, result of other analyses will be in psfbin format. {"history": "ExplorerRun.0", "point": 1, "testname": "demo_4bit_RCA_1", "cornername": "Nominal"}
[2024-10-16 08:30:15.905 -0700] [INFO] [cadence.virtuoso.ade.simulationMonitor] - Notice from spectre during IC analysis, during transient analysis `tran'.
    GminDC = 1 pS is large enough to noticeably affect the DC solution.
        dV(I0.I1.net1) = -12.0911 mV
        Use the `gmin_check' option to eliminate or expand this report.
    Bad pivoting is found during DC analysis. Option dc_pivot_check=yes is recommended for possible improvement of convergence. {"history": "ExplorerRun.0", "point": 1, "testname": "demo_4bit_RCA_1", "cornername": "Nominal"}
[2024-10-16 08:30:15.909 -0700] [INFO] [cadence.virtuoso.ade.simulationMonitor] - Notice from spectre during transient analysis `tran'.
    Multithreading is disabled due to the size of the design being too small. {"history": "ExplorerRun.0", "point": 1, "testname": "demo_4bit_RCA_1", "cornername": "Nominal"}
[2024-10-16 08:30:15.912 -0700] [INFO] [cadence.virtuoso.ade.simulationMonitor] - Notice from spectre at time = 1.01133 ns during transient analysis `tran'.
    Found trapezoidal ringing on node I0.I1.PM2.n1. {"history": "ExplorerRun.0", "point": 1, "testname": "demo_4bit_RCA_1", "cornername": "Nominal"}
[2024-10-16 08:30:15.915 -0700] [INFO] [cadence.virtuoso.ade.simulationMonitor] - Notice from spectre at time = 1.50422 ns during transient analysis `tran'.
    Found trapezoidal ringing on node _vvdd!:p. {"history": "ExplorerRun.0", "point": 1, "testname": "demo_4bit_RCA_1", "cornername": "Nominal"}
[2024-10-16 08:30:15.919 -0700] [INFO] [cadence.virtuoso.ade.simulationMonitor] - Notice from spectre at time = 1.70422 ns during transient analysis `tran'.
    Found trapezoidal ringing on node _vvdd!:p. {"history": "ExplorerRun.0", "point": 1, "testname": "demo_4bit_RCA_1", "cornername": "Nominal"}
[2024-10-16 08:30:15.922 -0700] [INFO] [cadence.virtuoso.ade.simulationMonitor] - Notice from spectre at time = 1.85211 ns during transient analysis `tran'.
    Found trapezoidal ringing on node _vvdd!:p. {"history": "ExplorerRun.0", "point": 1, "testname": "demo_4bit_RCA_1", "cornername": "Nominal"}
[2024-10-16 08:30:15.925 -0700] [INFO] [cadence.virtuoso.ade.simulationMonitor] - Notice from spectre at time = 2 ns during transient analysis `tran'.
    Found trapezoidal ringing on node _vvdd!:p.
        Further occurrences of this notice will be suppressed. {"history": "ExplorerRun.0", "point": 1, "testname": "demo_4bit_RCA_1", "cornername": "Nominal"}
[2024-10-16 08:30:15.928 -0700] [INFO] [cadence.virtuoso.ade.simulationMonitor] - Notice from spectre during transient analysis `tran'.
    Trapezoidal ringing is detected during tran analysis.
        Please use method=trap for better results and performance. {"history": "ExplorerRun.0", "point": 1, "testname": "demo_4bit_RCA_1", "cornername": "Nominal"}
[2024-10-16 08:30:15.931 -0700] [INFO] [cadence.virtuoso.ade.simulationMonitor] - Total time required for tran analysis `tran': CPU = 296.164 ms, elapsed = 310.757 ms. {"history": "ExplorerRun.0", "point": 1, "testname": "demo_4bit_RCA_1", "cornername": "Nominal"}
[2024-10-16 08:30:15.934 -0700] [INFO] [cadence.virtuoso.ade.simulationMonitor] - Peak resident memory used = 75.3 Mbytes. {"history": "ExplorerRun.0", "point": 1, "testname": "demo_4bit_RCA_1", "cornername": "Nominal"}
[2024-10-16 08:30:15.937 -0700] [INFO] [cadence.virtuoso.ade.simulationMonitor] - Notice from spectre.
    35 notices suppressed. {"history": "ExplorerRun.0", "point": 1, "testname": "demo_4bit_RCA_1", "cornername": "Nominal"}
[2024-10-16 08:30:15.940 -0700] [INFO] [cadence.virtuoso.ade.simulationMonitor] - Time used: CPU = 1.45 s, elapsed = 1.76 s, util. = 82.8%. {"history": "ExplorerRun.0", "point": 1, "testname": "demo_4bit_RCA_1", "cornername": "Nominal"}
[2024-10-16 08:30:15.943 -0700] [INFO] [cadence.virtuoso.ade.simulationMonitor] - Time spent in licensing: elapsed = 29.2 ms. {"history": "ExplorerRun.0", "point": 1, "testname": "demo_4bit_RCA_1", "cornername": "Nominal"}
[2024-10-16 08:30:15.947 -0700] [INFO] [cadence.virtuoso.ade.simulationMonitor] - Peak memory used = 75.9 Mbytes. {"history": "ExplorerRun.0", "point": 1, "testname": "demo_4bit_RCA_1", "cornername": "Nominal"}
[2024-10-16 08:30:15.953 -0700] [PROCESS] [cadence.virtuoso.ade.simulationMonitor] - Simulation started at: 8:30:14 AM, Wed Oct 16, 2024, ended at: 8:30:15 AM, Wed Oct 16, 2024, with elapsed time (wall clock): 1.76 s. {"history": "ExplorerRun.0", "point": 1, "testname": "demo_4bit_RCA_1", "cornername": "Nominal"}
[2024-10-16 08:30:15.956 -0700] [PROCESS] [cadence.virtuoso.ade.simulationMonitor] - spectre completes with 0 errors, 1 warning, and 12 notices. {"history": "ExplorerRun.0", "point": 1, "testname": "demo_4bit_RCA_1", "cornername": "Nominal"}
[2024-10-16 08:30:16.463 -0700] [PROCESS] [cadence.virtuoso.ade.simulationMonitor] - Finished simulating for one point {"hostname": "viterbi-scf2", "processid": 42564, "history": "ExplorerRun.0", "testname": "demo_4bit_RCA_1", "cornername": "Nominal", "point": 1, "logfile": "/home/viterbi/01/tongjia/work_gpdk045/logs_tongjia/logs0/Job43.log", "simid": "6"}
[2024-10-16 08:30:16.468 -0700] [PROCESS] [cadence.virtuoso.ade.simulationMonitor] - Simulator exited {"hostname": "viterbi-scf2", "processid": 42564, "history": "ExplorerRun.0", "testname": "demo_4bit_RCA_1", "cornername": "Nominal", "point": 1, "logfile": "/home/viterbi/01/tongjia/work_gpdk045/logs_tongjia/logs0/Job43.log", "exitStatus": "0"}
[2024-10-16 08:30:16.471 -0700] [PROCESS] [cadence.virtuoso.ade.simulationMonitor] - Finished Simulation {"hostname": "viterbi-scf2", "processid": 42564, "history": "ExplorerRun.0", "testname": "demo_4bit_RCA_1", "cornername": "Nominal", "point": 1, "logfile": "/home/viterbi/01/tongjia/work_gpdk045/logs_tongjia/logs0/Job43.log", "simid": "6"}
[2024-10-16 08:30:20.010 -0700] [PROCESS] [cadence.virtuoso.ade.simulationMonitor] - Point Finished {"hostname": "viterbi-scf2", "processid": 42564, "history": "ExplorerRun.0", "testname": "demo_4bit_RCA_1", "cornername": "Nominal", "point": 1, "logfile": "/home/viterbi/01/tongjia/work_gpdk045/logs_tongjia/logs0/Job43.log"}
[2024-10-16 08:30:21.049 -0700] [PROCESS] [cadence.virtuoso.ade.simulationMonitor] - Stay with the runId '9', Linger time '300', currentRunSyn '19', currentTestSyn '20' {"hostname": "viterbi-scf2", "processid": 42564, "history": "ExplorerRun.0", "testname": "demo_4bit_RCA_1", "cornername": "Nominal", "point": 1, "logfile": "/home/viterbi/01/tongjia/work_gpdk045/logs_tongjia/logs0/Job43.log"}
[2024-10-16 08:31:16.970 -0700] [PROCESS] [cadence.virtuoso.ade.simulationMonitor] - get signal Terminated<15> from user:tongjia, which pid:42561:/usr/local/cadence/ICADVM201/tools/bin/64bit/cdsServIpc {"hostname": "viterbi-scf2", "processid": 42564, "history": "ExplorerRun.0", "testname": "demo_4bit_RCA_1", "cornername": "Nominal", "point": 1, "logfile": "/home/viterbi/01/tongjia/work_gpdk045/logs_tongjia/logs0/Job43.log", "signal": "15", "signalName": "Terminated", "which": "/usr/local/cadence/ICADVM201/tools/bin/64bit/cdsServIpc", "pid": "42561", "user": "tongjia", "uid": "506509"}
[2024-10-16 08:31:16.972 -0700] [INFO] [cadence.virtuoso.ade.simulationMonitor] - SimulationMonitor has terminated the  process '59642', reason: 'simulationMonitor is handling signal 15' {"history": "ExplorerRun.0", "point": 1, "testname": "demo_4bit_RCA_1", "cornername": "Nominal"}
[2024-10-16 08:31:17.477 -0700] [PROCESS] [cadence.virtuoso.ade.simulationMonitor] - Current memory used: 32.7812 MBytes, peak memory used: 32.7812 MBytes {"hostname": "viterbi-scf2", "processid": 42564, "history": "ExplorerRun.0", "testname": "demo_4bit_RCA_1", "cornername": "Nominal", "point": 1, "logfile": "/home/viterbi/01/tongjia/work_gpdk045/logs_tongjia/logs0/Job43.log"}
[2024-10-16 08:31:17.479 -0700] [PROCESS] [cadence.virtuoso.ade.simulationMonitor] - Simulation Monitor process exit. {"hostname": "viterbi-scf2", "processid": 42564, "history": "ExplorerRun.0", "testname": "demo_4bit_RCA_1", "cornername": "Nominal", "point": 1, "logfile": "/home/viterbi/01/tongjia/work_gpdk045/logs_tongjia/logs0/Job43.log"}
