[Simulation Monitor: 42]
[2024-10-16 08:14:02.313 -0700] [PROCESS] [cadence.virtuoso.ade.simulationMonitor] - Simulation Monitor has successfully started up. Trying to set up communication channels to other components ... {"hostname": "viterbi-scf2", "processid": 32285, "logfile": "/home/viterbi/01/tongjia/work_gpdk045/logs_tongjia/logs0/Job42.log"}
[2024-10-16 08:14:02.322 -0700] [PROCESS] [cadence.virtuoso.ade.simulationMonitor] - Communication channels have been successfully set up. Start processing events ... {"hostname": "viterbi-scf2", "processid": 32285, "logfile": "/home/viterbi/01/tongjia/work_gpdk045/logs_tongjia/logs0/Job42.log"}
[2024-10-16 08:14:02.324 -0700] [PROCESS] [cadence.virtuoso.ade.simulationMonitor] - Considering to start history {"hostname": "viterbi-scf2", "processid": 32285, "history": "ExplorerRun.0", "logfile": "/home/viterbi/01/tongjia/work_gpdk045/logs_tongjia/logs0/Job42.log"}
[2024-10-16 08:14:02.367 -0700] [PROCESS] [cadence.virtuoso.ade.simulationMonitor] - HostInfo:
Host name (type):	viterbi-scf2 (x86_64)
Operating system:	Linux 3.10.0-1160.119.1.el7.tuxcare.els3.x86_64 #1 SMP Fri Aug 23 19:18:06 UTC 2024 {"hostname": "viterbi-scf2", "processid": 32285, "history": "ExplorerRun.0", "logfile": "/home/viterbi/01/tongjia/work_gpdk045/logs_tongjia/logs0/Job42.log", "nodename": "viterbi-scf2", "domainname": "viterbi", "machine": "x86_64", "sysname": "Linux", "release": "3.10.0-1160.119.1.el7.tuxcare.els3.x86_64", "version": "#1 SMP Fri Aug 23 19:18:06 UTC 2024"}
[2024-10-16 08:14:02.370 -0700] [PROCESS] [cadence.virtuoso.ade.simulationMonitor] - UsageInfo:
pid=32285
totalPhysicalMemory=1007.132404GB,Used=218.946198GB,totalVirtualMemory=1007.132404GB,Used=218.946198GB
Cpu: Cores=112, Load average:2.110000,2.300000,2.480000 {"hostname": "viterbi-scf2", "processid": 32285, "history": "ExplorerRun.0", "logfile": "/home/viterbi/01/tongjia/work_gpdk045/logs_tongjia/logs0/Job42.log", "pid": "32285", "totalPhysicalMemory": "1007.132404", "physicalMemoryUsed": "218.946198", "totalVirtualMemory": "1007.132404", "virtualMemoryUsed": "218.946198", "cpuCores": "112", "processes": "3836", "loadAverage1": "2.110000", "loadAverage5": "2.300000", "loadAverage15": "2.480000", "loadAverage1Percent": "0.018839"}
[2024-10-16 08:14:02.376 -0700] [EVENT] [cadence.virtuoso.ade.simulationMonitor] - NewPoint {"history": "ExplorerRun.0", "point": 1, "testname": "demo_4bit_RCA_1", "cornername": "Nominal", "event": "NewPoint", "EventSource": "Simulation Monitor", "HistoryName": "ExplorerRun.0", "logFile": "/home/viterbi/01/tongjia/work_gpdk045/logs_tongjia/logs0/Job42.log", "logFileSize": "2261"}
[2024-10-16 08:14:02.685 -0700] [EVENT] [cadence.virtuoso.ade.simulationMonitor] - NewPoint {"history": "ExplorerRun.0", "point": 1, "testname": "demo_4bit_RCA_1", "cornername": "Nominal", "event": "NewPoint", "EventSource": "spectre", "HistoryName": "ExplorerRun.0", "logFile": "/home/viterbi/01/tongjia/simulation/demo/4bit_RCA/maestro/results/maestro/ExplorerRun.0/1/demo_4bit_RCA_1/psf/spectre.out", "logFileSize": "-1"}
[2024-10-16 08:14:02.736 -0700] [PROCESS] [cadence.virtuoso.ade.simulationMonitor] - Simulator launched {"hostname": "viterbi-scf2", "processid": 32285, "history": "ExplorerRun.0", "testname": "demo_4bit_RCA_1", "cornername": "Nominal", "point": 1, "logfile": "/home/viterbi/01/tongjia/work_gpdk045/logs_tongjia/logs0/Job42.log", "simid": "1"}
[2024-10-16 08:14:02.743 -0700] [PROCESS] [cadence.virtuoso.ade.simulationMonitor] - Expression evaluator launched {"hostname": "viterbi-scf2", "processid": 32285, "history": "ExplorerRun.0", "testname": "demo_4bit_RCA_1", "cornername": "Nominal", "point": 1, "logfile": "/home/viterbi/01/tongjia/work_gpdk045/logs_tongjia/logs0/Job42.log"}
[2024-10-16 08:14:03.157 -0700] [PROCESS] [cadence.virtuoso.ade.simulationMonitor] - Started Simulation {"hostname": "viterbi-scf2", "processid": 32285, "history": "ExplorerRun.0", "testname": "demo_4bit_RCA_1", "cornername": "Nominal", "point": 1, "logfile": "/home/viterbi/01/tongjia/work_gpdk045/logs_tongjia/logs0/Job42.log", "event": "started", "task": "simulation"}
[2024-10-16 08:14:04.163 -0700] [INFO] [cadence.virtuoso.ade.simulationMonitor] - Peak resident memory used = 57.6 Mbytes. {"history": "ExplorerRun.0", "point": 1, "testname": "demo_4bit_RCA_1", "cornername": "Nominal"}
[2024-10-16 08:14:04.681 -0700] [INFO] [cadence.virtuoso.ade.simulationMonitor] - Peak resident memory used = 67.6 Mbytes. {"history": "ExplorerRun.0", "point": 1, "testname": "demo_4bit_RCA_1", "cornername": "Nominal"}
[2024-10-16 08:14:04.694 -0700] [INFO] [cadence.virtuoso.ade.simulationMonitor] - Peak resident memory used = 68.7 Mbytes. {"history": "ExplorerRun.0", "point": 1, "testname": "demo_4bit_RCA_1", "cornername": "Nominal"}
[2024-10-16 08:14:04.705 -0700] [INFO] [cadence.virtuoso.ade.simulationMonitor] - Notice from spectre during initial setup.
    Multithreading is disabled due to the size of the design being too small. {"history": "ExplorerRun.0", "point": 1, "testname": "demo_4bit_RCA_1", "cornername": "Nominal"}
[2024-10-16 08:14:04.719 -0700] [INFO] [cadence.virtuoso.ade.simulationMonitor] -               nodes 226 {"history": "ExplorerRun.0", "point": 1, "testname": "demo_4bit_RCA_1", "cornername": "Nominal"}
[2024-10-16 08:14:04.724 -0700] [INFO] [cadence.virtuoso.ade.simulationMonitor] - Notice from spectre during initial setup.
    APS Enabled. {"history": "ExplorerRun.0", "point": 1, "testname": "demo_4bit_RCA_1", "cornername": "Nominal"}
[2024-10-16 08:14:04.727 -0700] [INFO] [cadence.virtuoso.ade.simulationMonitor] - Peak resident memory used = 69.9 Mbytes. {"history": "ExplorerRun.0", "point": 1, "testname": "demo_4bit_RCA_1", "cornername": "Nominal"}
[2024-10-16 08:14:04.730 -0700] [WARN] [cadence.virtuoso.ade.simulationMonitor] -     WARNING (SPECTRE-16707): Only tran supports psfxl format, result of other analyses will be in psfbin format. {"history": "ExplorerRun.0", "point": 1, "testname": "demo_4bit_RCA_1", "cornername": "Nominal"}
[2024-10-16 08:14:04.733 -0700] [INFO] [cadence.virtuoso.ade.simulationMonitor] - Notice from spectre during IC analysis, during transient analysis `tran'.
    GminDC = 1 pS is large enough to noticeably affect the DC solution.
        dV(I0.I1.net1) = -12.0915 mV
        Use the `gmin_check' option to eliminate or expand this report.
    Bad pivoting is found during DC analysis. Option dc_pivot_check=yes is recommended for possible improvement of convergence. {"history": "ExplorerRun.0", "point": 1, "testname": "demo_4bit_RCA_1", "cornername": "Nominal"}
[2024-10-16 08:14:04.736 -0700] [INFO] [cadence.virtuoso.ade.simulationMonitor] - Notice from spectre during transient analysis `tran'.
    Multithreading is disabled due to the size of the design being too small. {"history": "ExplorerRun.0", "point": 1, "testname": "demo_4bit_RCA_1", "cornername": "Nominal"}
[2024-10-16 08:14:04.738 -0700] [INFO] [cadence.virtuoso.ade.simulationMonitor] - Notice from spectre at time = 1.01123 ns during transient analysis `tran'.
    Found trapezoidal ringing on node I0.I1.PM2.n1. {"history": "ExplorerRun.0", "point": 1, "testname": "demo_4bit_RCA_1", "cornername": "Nominal"}
[2024-10-16 08:14:04.741 -0700] [INFO] [cadence.virtuoso.ade.simulationMonitor] - Notice from spectre at time = 1.50146 ns during transient analysis `tran'.
    Found trapezoidal ringing on node _vvdd!:p. {"history": "ExplorerRun.0", "point": 1, "testname": "demo_4bit_RCA_1", "cornername": "Nominal"}
[2024-10-16 08:14:04.744 -0700] [INFO] [cadence.virtuoso.ade.simulationMonitor] - Notice from spectre at time = 1.70146 ns during transient analysis `tran'.
    Found trapezoidal ringing on node _vvdd!:p. {"history": "ExplorerRun.0", "point": 1, "testname": "demo_4bit_RCA_1", "cornername": "Nominal"}
[2024-10-16 08:14:04.746 -0700] [INFO] [cadence.virtuoso.ade.simulationMonitor] - Notice from spectre at time = 1.85073 ns during transient analysis `tran'.
    Found trapezoidal ringing on node _vvdd!:p. {"history": "ExplorerRun.0", "point": 1, "testname": "demo_4bit_RCA_1", "cornername": "Nominal"}
[2024-10-16 08:14:04.749 -0700] [INFO] [cadence.virtuoso.ade.simulationMonitor] - Notice from spectre at time = 2 ns during transient analysis `tran'.
    Found trapezoidal ringing on node _vvdd!:p.
        Further occurrences of this notice will be suppressed. {"history": "ExplorerRun.0", "point": 1, "testname": "demo_4bit_RCA_1", "cornername": "Nominal"}
[2024-10-16 08:14:04.751 -0700] [INFO] [cadence.virtuoso.ade.simulationMonitor] - Notice from spectre during transient analysis `tran'.
    Trapezoidal ringing is detected during tran analysis.
        Please use method=trap for better results and performance. {"history": "ExplorerRun.0", "point": 1, "testname": "demo_4bit_RCA_1", "cornername": "Nominal"}
[2024-10-16 08:14:04.754 -0700] [INFO] [cadence.virtuoso.ade.simulationMonitor] - Total time required for tran analysis `tran': CPU = 153.046 ms, elapsed = 166.913 ms. {"history": "ExplorerRun.0", "point": 1, "testname": "demo_4bit_RCA_1", "cornername": "Nominal"}
[2024-10-16 08:14:04.757 -0700] [INFO] [cadence.virtuoso.ade.simulationMonitor] - Peak resident memory used = 75.1 Mbytes. {"history": "ExplorerRun.0", "point": 1, "testname": "demo_4bit_RCA_1", "cornername": "Nominal"}
[2024-10-16 08:14:04.759 -0700] [INFO] [cadence.virtuoso.ade.simulationMonitor] - Notice from spectre.
    35 notices suppressed. {"history": "ExplorerRun.0", "point": 1, "testname": "demo_4bit_RCA_1", "cornername": "Nominal"}
[2024-10-16 08:14:04.761 -0700] [INFO] [cadence.virtuoso.ade.simulationMonitor] - Time used: CPU = 1.36 s, elapsed = 1.64 s, util. = 83.2%. {"history": "ExplorerRun.0", "point": 1, "testname": "demo_4bit_RCA_1", "cornername": "Nominal"}
[2024-10-16 08:14:04.764 -0700] [INFO] [cadence.virtuoso.ade.simulationMonitor] - Time spent in licensing: elapsed = 29.3 ms. {"history": "ExplorerRun.0", "point": 1, "testname": "demo_4bit_RCA_1", "cornername": "Nominal"}
[2024-10-16 08:14:04.768 -0700] [INFO] [cadence.virtuoso.ade.simulationMonitor] - Peak memory used = 75.7 Mbytes. {"history": "ExplorerRun.0", "point": 1, "testname": "demo_4bit_RCA_1", "cornername": "Nominal"}
[2024-10-16 08:14:04.773 -0700] [PROCESS] [cadence.virtuoso.ade.simulationMonitor] - Simulation started at: 8:14:02 AM, Wed Oct 16, 2024, ended at: 8:14:04 AM, Wed Oct 16, 2024, with elapsed time (wall clock): 1.64 s. {"history": "ExplorerRun.0", "point": 1, "testname": "demo_4bit_RCA_1", "cornername": "Nominal"}
[2024-10-16 08:14:04.776 -0700] [PROCESS] [cadence.virtuoso.ade.simulationMonitor] - spectre completes with 0 errors, 1 warning, and 12 notices. {"history": "ExplorerRun.0", "point": 1, "testname": "demo_4bit_RCA_1", "cornername": "Nominal"}
[2024-10-16 08:14:04.778 -0700] [PROCESS] [cadence.virtuoso.ade.simulationMonitor] - Finished simulating for one point {"hostname": "viterbi-scf2", "processid": 32285, "history": "ExplorerRun.0", "testname": "demo_4bit_RCA_1", "cornername": "Nominal", "point": 1, "logfile": "/home/viterbi/01/tongjia/work_gpdk045/logs_tongjia/logs0/Job42.log", "simid": "1"}
[2024-10-16 08:14:04.781 -0700] [PROCESS] [cadence.virtuoso.ade.simulationMonitor] - Simulator exited {"hostname": "viterbi-scf2", "processid": 32285, "history": "ExplorerRun.0", "testname": "demo_4bit_RCA_1", "cornername": "Nominal", "point": 1, "logfile": "/home/viterbi/01/tongjia/work_gpdk045/logs_tongjia/logs0/Job42.log", "exitStatus": "0"}
[2024-10-16 08:14:04.783 -0700] [PROCESS] [cadence.virtuoso.ade.simulationMonitor] - Finished Simulation {"hostname": "viterbi-scf2", "processid": 32285, "history": "ExplorerRun.0", "testname": "demo_4bit_RCA_1", "cornername": "Nominal", "point": 1, "logfile": "/home/viterbi/01/tongjia/work_gpdk045/logs_tongjia/logs0/Job42.log", "simid": "1"}
[2024-10-16 08:14:08.828 -0700] [PROCESS] [cadence.virtuoso.ade.simulationMonitor] - Point Finished {"hostname": "viterbi-scf2", "processid": 32285, "history": "ExplorerRun.0", "testname": "demo_4bit_RCA_1", "cornername": "Nominal", "point": 1, "logfile": "/home/viterbi/01/tongjia/work_gpdk045/logs_tongjia/logs0/Job42.log"}
[2024-10-16 08:14:09.866 -0700] [PROCESS] [cadence.virtuoso.ade.simulationMonitor] - Stay with the runId '3', Linger time '300', currentRunSyn '7', currentTestSyn '8' {"hostname": "viterbi-scf2", "processid": 32285, "history": "ExplorerRun.0", "testname": "demo_4bit_RCA_1", "cornername": "Nominal", "point": 1, "logfile": "/home/viterbi/01/tongjia/work_gpdk045/logs_tongjia/logs0/Job42.log"}
[2024-10-16 08:19:10.450 -0700] [PROCESS] [cadence.virtuoso.ade.simulationMonitor] - Current memory used: 32.4297 MBytes, peak memory used: 34.2539 MBytes {"hostname": "viterbi-scf2", "processid": 32285, "history": "ExplorerRun.0", "testname": "demo_4bit_RCA_1", "cornername": "Nominal", "point": 1, "logfile": "/home/viterbi/01/tongjia/work_gpdk045/logs_tongjia/logs0/Job42.log"}
[2024-10-16 08:19:10.451 -0700] [PROCESS] [cadence.virtuoso.ade.simulationMonitor] - Simulation Monitor process exit. {"hostname": "viterbi-scf2", "processid": 32285, "history": "ExplorerRun.0", "testname": "demo_4bit_RCA_1", "cornername": "Nominal", "point": 1, "logfile": "/home/viterbi/01/tongjia/work_gpdk045/logs_tongjia/logs0/Job42.log"}
