[Simulation Monitor: 46]
[2024-10-16 08:41:52.774 -0700] [PROCESS] [cadence.virtuoso.ade.simulationMonitor] - Simulation Monitor has successfully started up. Trying to set up communication channels to other components ... {"hostname": "viterbi-scf2", "processid": 84664, "logfile": "/home/viterbi/01/tongjia/work_gpdk045/logs_tongjia/logs0/Job46.log"}
[2024-10-16 08:41:52.783 -0700] [PROCESS] [cadence.virtuoso.ade.simulationMonitor] - Communication channels have been successfully set up. Start processing events ... {"hostname": "viterbi-scf2", "processid": 84664, "logfile": "/home/viterbi/01/tongjia/work_gpdk045/logs_tongjia/logs0/Job46.log"}
[2024-10-16 08:41:52.786 -0700] [PROCESS] [cadence.virtuoso.ade.simulationMonitor] - Considering to start history {"hostname": "viterbi-scf2", "processid": 84664, "history": "ExplorerRun.0", "logfile": "/home/viterbi/01/tongjia/work_gpdk045/logs_tongjia/logs0/Job46.log"}
[2024-10-16 08:41:52.840 -0700] [PROCESS] [cadence.virtuoso.ade.simulationMonitor] - HostInfo:
Host name (type):	viterbi-scf2 (x86_64)
Operating system:	Linux 3.10.0-1160.119.1.el7.tuxcare.els3.x86_64 #1 SMP Fri Aug 23 19:18:06 UTC 2024 {"hostname": "viterbi-scf2", "processid": 84664, "history": "ExplorerRun.0", "logfile": "/home/viterbi/01/tongjia/work_gpdk045/logs_tongjia/logs0/Job46.log", "nodename": "viterbi-scf2", "domainname": "viterbi", "machine": "x86_64", "sysname": "Linux", "release": "3.10.0-1160.119.1.el7.tuxcare.els3.x86_64", "version": "#1 SMP Fri Aug 23 19:18:06 UTC 2024"}
[2024-10-16 08:41:52.843 -0700] [PROCESS] [cadence.virtuoso.ade.simulationMonitor] - UsageInfo:
pid=84664
totalPhysicalMemory=1007.132404GB,Used=219.336174GB,totalVirtualMemory=1007.132404GB,Used=219.336174GB
Cpu: Cores=112, Load average:2.510000,2.550000,2.450000 {"hostname": "viterbi-scf2", "processid": 84664, "history": "ExplorerRun.0", "logfile": "/home/viterbi/01/tongjia/work_gpdk045/logs_tongjia/logs0/Job46.log", "pid": "84664", "totalPhysicalMemory": "1007.132404", "physicalMemoryUsed": "219.336174", "totalVirtualMemory": "1007.132404", "virtualMemoryUsed": "219.336174", "cpuCores": "112", "processes": "3890", "loadAverage1": "2.510000", "loadAverage5": "2.550000", "loadAverage15": "2.450000", "loadAverage1Percent": "0.022411"}
[2024-10-16 08:41:52.848 -0700] [EVENT] [cadence.virtuoso.ade.simulationMonitor] - NewPoint {"history": "ExplorerRun.0", "point": 1, "testname": "demo_4bit_RCA_1", "cornername": "Nominal", "event": "NewPoint", "EventSource": "Simulation Monitor", "HistoryName": "ExplorerRun.0", "logFile": "/home/viterbi/01/tongjia/work_gpdk045/logs_tongjia/logs0/Job46.log", "logFileSize": "2261"}
[2024-10-16 08:41:53.157 -0700] [EVENT] [cadence.virtuoso.ade.simulationMonitor] - NewPoint {"history": "ExplorerRun.0", "point": 1, "testname": "demo_4bit_RCA_1", "cornername": "Nominal", "event": "NewPoint", "EventSource": "spectre", "HistoryName": "ExplorerRun.0", "logFile": "/home/viterbi/01/tongjia/simulation/demo/4bit_RCA/maestro/results/maestro/ExplorerRun.0/1/demo_4bit_RCA_1/psf/spectre.out", "logFileSize": "-1"}
[2024-10-16 08:41:53.192 -0700] [PROCESS] [cadence.virtuoso.ade.simulationMonitor] - Simulator launched {"hostname": "viterbi-scf2", "processid": 84664, "history": "ExplorerRun.0", "testname": "demo_4bit_RCA_1", "cornername": "Nominal", "point": 1, "logfile": "/home/viterbi/01/tongjia/work_gpdk045/logs_tongjia/logs0/Job46.log", "simid": "1"}
[2024-10-16 08:41:53.198 -0700] [PROCESS] [cadence.virtuoso.ade.simulationMonitor] - Expression evaluator launched {"hostname": "viterbi-scf2", "processid": 84664, "history": "ExplorerRun.0", "testname": "demo_4bit_RCA_1", "cornername": "Nominal", "point": 1, "logfile": "/home/viterbi/01/tongjia/work_gpdk045/logs_tongjia/logs0/Job46.log"}
[2024-10-16 08:41:53.730 -0700] [PROCESS] [cadence.virtuoso.ade.simulationMonitor] - Started Simulation {"hostname": "viterbi-scf2", "processid": 84664, "history": "ExplorerRun.0", "testname": "demo_4bit_RCA_1", "cornername": "Nominal", "point": 1, "logfile": "/home/viterbi/01/tongjia/work_gpdk045/logs_tongjia/logs0/Job46.log", "event": "started", "task": "simulation"}
[2024-10-16 08:41:54.733 -0700] [INFO] [cadence.virtuoso.ade.simulationMonitor] - Peak resident memory used = 57.6 Mbytes. {"history": "ExplorerRun.0", "point": 1, "testname": "demo_4bit_RCA_1", "cornername": "Nominal"}
[2024-10-16 08:41:54.735 -0700] [INFO] [cadence.virtuoso.ade.simulationMonitor] - Peak resident memory used = 67.6 Mbytes. {"history": "ExplorerRun.0", "point": 1, "testname": "demo_4bit_RCA_1", "cornername": "Nominal"}
[2024-10-16 08:41:54.739 -0700] [INFO] [cadence.virtuoso.ade.simulationMonitor] - Peak resident memory used = 68.7 Mbytes. {"history": "ExplorerRun.0", "point": 1, "testname": "demo_4bit_RCA_1", "cornername": "Nominal"}
[2024-10-16 08:41:54.743 -0700] [INFO] [cadence.virtuoso.ade.simulationMonitor] - Notice from spectre during initial setup.
    Multithreading is disabled due to the size of the design being too small. {"history": "ExplorerRun.0", "point": 1, "testname": "demo_4bit_RCA_1", "cornername": "Nominal"}
[2024-10-16 08:41:54.755 -0700] [INFO] [cadence.virtuoso.ade.simulationMonitor] -               nodes 226 {"history": "ExplorerRun.0", "point": 1, "testname": "demo_4bit_RCA_1", "cornername": "Nominal"}
[2024-10-16 08:41:54.757 -0700] [INFO] [cadence.virtuoso.ade.simulationMonitor] - Notice from spectre during initial setup.
    APS Enabled. {"history": "ExplorerRun.0", "point": 1, "testname": "demo_4bit_RCA_1", "cornername": "Nominal"}
[2024-10-16 08:41:54.760 -0700] [INFO] [cadence.virtuoso.ade.simulationMonitor] - Peak resident memory used = 69.9 Mbytes. {"history": "ExplorerRun.0", "point": 1, "testname": "demo_4bit_RCA_1", "cornername": "Nominal"}
[2024-10-16 08:41:54.764 -0700] [WARN] [cadence.virtuoso.ade.simulationMonitor] -     WARNING (SPECTRE-16707): Only tran supports psfxl format, result of other analyses will be in psfbin format. {"history": "ExplorerRun.0", "point": 1, "testname": "demo_4bit_RCA_1", "cornername": "Nominal"}
[2024-10-16 08:41:55.271 -0700] [INFO] [cadence.virtuoso.ade.simulationMonitor] - Notice from spectre during IC analysis, during transient analysis `tran'.
    GminDC = 1 pS is large enough to noticeably affect the DC solution.
        dV(I0.I1.net1) = -12.0916 mV
        Use the `gmin_check' option to eliminate or expand this report.
    Bad pivoting is found during DC analysis. Option dc_pivot_check=yes is recommended for possible improvement of convergence. {"history": "ExplorerRun.0", "point": 1, "testname": "demo_4bit_RCA_1", "cornername": "Nominal"}
[2024-10-16 08:41:55.276 -0700] [INFO] [cadence.virtuoso.ade.simulationMonitor] - Notice from spectre during transient analysis `tran'.
    Multithreading is disabled due to the size of the design being too small. {"history": "ExplorerRun.0", "point": 1, "testname": "demo_4bit_RCA_1", "cornername": "Nominal"}
[2024-10-16 08:41:55.279 -0700] [INFO] [cadence.virtuoso.ade.simulationMonitor] - Total time required for tran analysis `tran': CPU = 154.928 ms, elapsed = 169.183 ms. {"history": "ExplorerRun.0", "point": 1, "testname": "demo_4bit_RCA_1", "cornername": "Nominal"}
[2024-10-16 08:41:55.283 -0700] [INFO] [cadence.virtuoso.ade.simulationMonitor] - Peak resident memory used = 74.5 Mbytes. {"history": "ExplorerRun.0", "point": 1, "testname": "demo_4bit_RCA_1", "cornername": "Nominal"}
[2024-10-16 08:41:55.287 -0700] [INFO] [cadence.virtuoso.ade.simulationMonitor] - Time used: CPU = 1.27 s, elapsed = 1.57 s, util. = 81%. {"history": "ExplorerRun.0", "point": 1, "testname": "demo_4bit_RCA_1", "cornername": "Nominal"}
[2024-10-16 08:41:55.291 -0700] [INFO] [cadence.virtuoso.ade.simulationMonitor] - Time spent in licensing: elapsed = 46.6 ms. {"history": "ExplorerRun.0", "point": 1, "testname": "demo_4bit_RCA_1", "cornername": "Nominal"}
[2024-10-16 08:41:55.296 -0700] [INFO] [cadence.virtuoso.ade.simulationMonitor] - Peak memory used = 75.1 Mbytes. {"history": "ExplorerRun.0", "point": 1, "testname": "demo_4bit_RCA_1", "cornername": "Nominal"}
[2024-10-16 08:41:55.304 -0700] [PROCESS] [cadence.virtuoso.ade.simulationMonitor] - Simulation started at: 8:41:53 AM, Wed Oct 16, 2024, ended at: 8:41:54 AM, Wed Oct 16, 2024, with elapsed time (wall clock): 1.57 s. {"history": "ExplorerRun.0", "point": 1, "testname": "demo_4bit_RCA_1", "cornername": "Nominal"}
[2024-10-16 08:41:55.306 -0700] [PROCESS] [cadence.virtuoso.ade.simulationMonitor] - spectre completes with 0 errors, 1 warning, and 5 notices. {"history": "ExplorerRun.0", "point": 1, "testname": "demo_4bit_RCA_1", "cornername": "Nominal"}
[2024-10-16 08:41:55.309 -0700] [PROCESS] [cadence.virtuoso.ade.simulationMonitor] - Finished simulating for one point {"hostname": "viterbi-scf2", "processid": 84664, "history": "ExplorerRun.0", "testname": "demo_4bit_RCA_1", "cornername": "Nominal", "point": 1, "logfile": "/home/viterbi/01/tongjia/work_gpdk045/logs_tongjia/logs0/Job46.log", "simid": "1"}
[2024-10-16 08:41:55.312 -0700] [PROCESS] [cadence.virtuoso.ade.simulationMonitor] - Simulator exited {"hostname": "viterbi-scf2", "processid": 84664, "history": "ExplorerRun.0", "testname": "demo_4bit_RCA_1", "cornername": "Nominal", "point": 1, "logfile": "/home/viterbi/01/tongjia/work_gpdk045/logs_tongjia/logs0/Job46.log", "exitStatus": "0"}
[2024-10-16 08:41:55.315 -0700] [PROCESS] [cadence.virtuoso.ade.simulationMonitor] - Finished Simulation {"hostname": "viterbi-scf2", "processid": 84664, "history": "ExplorerRun.0", "testname": "demo_4bit_RCA_1", "cornername": "Nominal", "point": 1, "logfile": "/home/viterbi/01/tongjia/work_gpdk045/logs_tongjia/logs0/Job46.log", "simid": "1"}
[2024-10-16 08:41:59.362 -0700] [PROCESS] [cadence.virtuoso.ade.simulationMonitor] - Point Finished {"hostname": "viterbi-scf2", "processid": 84664, "history": "ExplorerRun.0", "testname": "demo_4bit_RCA_1", "cornername": "Nominal", "point": 1, "logfile": "/home/viterbi/01/tongjia/work_gpdk045/logs_tongjia/logs0/Job46.log"}
[2024-10-16 08:42:00.399 -0700] [PROCESS] [cadence.virtuoso.ade.simulationMonitor] - Stay with the runId '0', Linger time '300', currentRunSyn '1', currentTestSyn '2' {"hostname": "viterbi-scf2", "processid": 84664, "history": "ExplorerRun.0", "testname": "demo_4bit_RCA_1", "cornername": "Nominal", "point": 1, "logfile": "/home/viterbi/01/tongjia/work_gpdk045/logs_tongjia/logs0/Job46.log"}
[2024-10-16 08:42:01.402 -0700] [PROCESS] [cadence.virtuoso.ade.simulationMonitor] - Stay with the runId '0', Linger time '300', currentRunSyn '1', currentTestSyn '2' {"hostname": "viterbi-scf2", "processid": 84664, "history": "ExplorerRun.0", "testname": "demo_4bit_RCA_1", "cornername": "Nominal", "point": 1, "logfile": "/home/viterbi/01/tongjia/work_gpdk045/logs_tongjia/logs0/Job46.log"}
[2024-10-16 08:44:44.462 -0700] [INFO] [cadence.virtuoso.ade.simulationMonitor] - SimulationMonitor has terminated the vds process '84799', reason: 'Force to stop the expression evalutor process because of new run' {"history": "ExplorerRun.0", "point": 1, "testname": "demo_4bit_RCA_1", "cornername": "Nominal"}
[2024-10-16 08:44:44.466 -0700] [PROCESS] [cadence.virtuoso.ade.simulationMonitor] - HostInfo:
Host name (type):	viterbi-scf2 (x86_64)
Operating system:	Linux 3.10.0-1160.119.1.el7.tuxcare.els3.x86_64 #1 SMP Fri Aug 23 19:18:06 UTC 2024 {"hostname": "viterbi-scf2", "processid": 84664, "history": "ExplorerRun.0", "testname": "demo_4bit_RCA_1", "cornername": "Nominal", "point": 1, "logfile": "/home/viterbi/01/tongjia/work_gpdk045/logs_tongjia/logs0/Job46.log", "nodename": "viterbi-scf2", "domainname": "viterbi", "machine": "x86_64", "sysname": "Linux", "release": "3.10.0-1160.119.1.el7.tuxcare.els3.x86_64", "version": "#1 SMP Fri Aug 23 19:18:06 UTC 2024"}
[2024-10-16 08:44:44.467 -0700] [PROCESS] [cadence.virtuoso.ade.simulationMonitor] - UsageInfo:
pid=84664
totalPhysicalMemory=1007.132404GB,Used=219.363255GB,totalVirtualMemory=1007.132404GB,Used=219.363255GB
Cpu: Cores=112, Load average:2.220000,2.390000,2.410000 {"hostname": "viterbi-scf2", "processid": 84664, "history": "ExplorerRun.0", "testname": "demo_4bit_RCA_1", "cornername": "Nominal", "point": 1, "logfile": "/home/viterbi/01/tongjia/work_gpdk045/logs_tongjia/logs0/Job46.log", "pid": "84664", "totalPhysicalMemory": "1007.132404", "physicalMemoryUsed": "219.363255", "totalVirtualMemory": "1007.132404", "virtualMemoryUsed": "219.363255", "cpuCores": "112", "processes": "3903", "loadAverage1": "2.220000", "loadAverage5": "2.390000", "loadAverage15": "2.410000", "loadAverage1Percent": "0.019821"}
[2024-10-16 08:44:44.471 -0700] [EVENT] [cadence.virtuoso.ade.simulationMonitor] - NewPoint {"history": "ExplorerRun.0", "point": 1, "testname": "demo_4bit_RCA_1", "cornername": "Nominal", "event": "NewPoint", "EventSource": "Simulation Monitor", "HistoryName": "ExplorerRun.0", "logFile": "/home/viterbi/01/tongjia/work_gpdk045/logs_tongjia/logs0/Job46.log", "logFileSize": "12572"}
[2024-10-16 08:44:44.777 -0700] [EVENT] [cadence.virtuoso.ade.simulationMonitor] - NewPoint {"history": "ExplorerRun.0", "point": 1, "testname": "demo_4bit_RCA_1", "cornername": "Nominal", "event": "NewPoint", "EventSource": "spectre", "HistoryName": "ExplorerRun.0", "logFile": "/home/viterbi/01/tongjia/simulation/demo/4bit_RCA/maestro/results/maestro/ExplorerRun.0/1/demo_4bit_RCA_1/psf/spectre.out", "logFileSize": "-1"}
[2024-10-16 08:44:44.812 -0700] [PROCESS] [cadence.virtuoso.ade.simulationMonitor] - Simulator launched {"hostname": "viterbi-scf2", "processid": 84664, "history": "ExplorerRun.0", "testname": "demo_4bit_RCA_1", "cornername": "Nominal", "point": 1, "logfile": "/home/viterbi/01/tongjia/work_gpdk045/logs_tongjia/logs0/Job46.log", "simid": "2"}
[2024-10-16 08:44:44.819 -0700] [PROCESS] [cadence.virtuoso.ade.simulationMonitor] - Expression evaluator launched {"hostname": "viterbi-scf2", "processid": 84664, "history": "ExplorerRun.0", "testname": "demo_4bit_RCA_1", "cornername": "Nominal", "point": 1, "logfile": "/home/viterbi/01/tongjia/work_gpdk045/logs_tongjia/logs0/Job46.log"}
[2024-10-16 08:44:45.272 -0700] [PROCESS] [cadence.virtuoso.ade.simulationMonitor] - Started Simulation {"hostname": "viterbi-scf2", "processid": 84664, "history": "ExplorerRun.0", "testname": "demo_4bit_RCA_1", "cornername": "Nominal", "point": 1, "logfile": "/home/viterbi/01/tongjia/work_gpdk045/logs_tongjia/logs0/Job46.log", "event": "started", "task": "simulation"}
[2024-10-16 08:44:46.277 -0700] [INFO] [cadence.virtuoso.ade.simulationMonitor] - Peak resident memory used = 57.7 Mbytes. {"history": "ExplorerRun.0", "point": 1, "testname": "demo_4bit_RCA_1", "cornername": "Nominal"}
[2024-10-16 08:44:46.780 -0700] [INFO] [cadence.virtuoso.ade.simulationMonitor] - Peak resident memory used = 67.7 Mbytes. {"history": "ExplorerRun.0", "point": 1, "testname": "demo_4bit_RCA_1", "cornername": "Nominal"}
[2024-10-16 08:44:46.782 -0700] [INFO] [cadence.virtuoso.ade.simulationMonitor] - Peak resident memory used = 68.8 Mbytes. {"history": "ExplorerRun.0", "point": 1, "testname": "demo_4bit_RCA_1", "cornername": "Nominal"}
[2024-10-16 08:44:46.786 -0700] [INFO] [cadence.virtuoso.ade.simulationMonitor] - Notice from spectre during initial setup.
    Multithreading is disabled due to the size of the design being too small. {"history": "ExplorerRun.0", "point": 1, "testname": "demo_4bit_RCA_1", "cornername": "Nominal"}
[2024-10-16 08:44:46.798 -0700] [INFO] [cadence.virtuoso.ade.simulationMonitor] -               nodes 226 {"history": "ExplorerRun.0", "point": 1, "testname": "demo_4bit_RCA_1", "cornername": "Nominal"}
[2024-10-16 08:44:46.799 -0700] [INFO] [cadence.virtuoso.ade.simulationMonitor] - Notice from spectre during initial setup.
    APS Enabled. {"history": "ExplorerRun.0", "point": 1, "testname": "demo_4bit_RCA_1", "cornername": "Nominal"}
[2024-10-16 08:44:46.803 -0700] [INFO] [cadence.virtuoso.ade.simulationMonitor] - Peak resident memory used = 70 Mbytes. {"history": "ExplorerRun.0", "point": 1, "testname": "demo_4bit_RCA_1", "cornername": "Nominal"}
[2024-10-16 08:44:46.807 -0700] [WARN] [cadence.virtuoso.ade.simulationMonitor] -     WARNING (SPECTRE-16707): Only tran supports psfxl format, result of other analyses will be in psfbin format. {"history": "ExplorerRun.0", "point": 1, "testname": "demo_4bit_RCA_1", "cornername": "Nominal"}
[2024-10-16 08:44:46.810 -0700] [INFO] [cadence.virtuoso.ade.simulationMonitor] - Notice from spectre during IC analysis, during transient analysis `tran'.
    GminDC = 1 pS is large enough to noticeably affect the DC solution.
        dV(I0.I1.net1) = -12.0916 mV
        Use the `gmin_check' option to eliminate or expand this report.
    Bad pivoting is found during DC analysis. Option dc_pivot_check=yes is recommended for possible improvement of convergence. {"history": "ExplorerRun.0", "point": 1, "testname": "demo_4bit_RCA_1", "cornername": "Nominal"}
[2024-10-16 08:44:46.814 -0700] [INFO] [cadence.virtuoso.ade.simulationMonitor] - Notice from spectre during transient analysis `tran'.
    Multithreading is disabled due to the size of the design being too small. {"history": "ExplorerRun.0", "point": 1, "testname": "demo_4bit_RCA_1", "cornername": "Nominal"}
[2024-10-16 08:44:46.817 -0700] [INFO] [cadence.virtuoso.ade.simulationMonitor] - Total time required for tran analysis `tran': CPU = 188.523 ms, elapsed = 203.592 ms. {"history": "ExplorerRun.0", "point": 1, "testname": "demo_4bit_RCA_1", "cornername": "Nominal"}
[2024-10-16 08:44:46.820 -0700] [INFO] [cadence.virtuoso.ade.simulationMonitor] - Peak resident memory used = 74.6 Mbytes. {"history": "ExplorerRun.0", "point": 1, "testname": "demo_4bit_RCA_1", "cornername": "Nominal"}
[2024-10-16 08:44:47.328 -0700] [INFO] [cadence.virtuoso.ade.simulationMonitor] - Time used: CPU = 1.52 s, elapsed = 1.79 s, util. = 84.6%. {"history": "ExplorerRun.0", "point": 1, "testname": "demo_4bit_RCA_1", "cornername": "Nominal"}
[2024-10-16 08:44:47.333 -0700] [INFO] [cadence.virtuoso.ade.simulationMonitor] - Time spent in licensing: elapsed = 30.4 ms. {"history": "ExplorerRun.0", "point": 1, "testname": "demo_4bit_RCA_1", "cornername": "Nominal"}
[2024-10-16 08:44:47.339 -0700] [INFO] [cadence.virtuoso.ade.simulationMonitor] - Peak memory used = 75.2 Mbytes. {"history": "ExplorerRun.0", "point": 1, "testname": "demo_4bit_RCA_1", "cornername": "Nominal"}
[2024-10-16 08:44:47.347 -0700] [PROCESS] [cadence.virtuoso.ade.simulationMonitor] - Simulation started at: 8:44:44 AM, Wed Oct 16, 2024, ended at: 8:44:46 AM, Wed Oct 16, 2024, with elapsed time (wall clock): 1.79 s. {"history": "ExplorerRun.0", "point": 1, "testname": "demo_4bit_RCA_1", "cornername": "Nominal"}
[2024-10-16 08:44:47.348 -0700] [PROCESS] [cadence.virtuoso.ade.simulationMonitor] - spectre completes with 0 errors, 1 warning, and 5 notices. {"history": "ExplorerRun.0", "point": 1, "testname": "demo_4bit_RCA_1", "cornername": "Nominal"}
[2024-10-16 08:44:47.352 -0700] [PROCESS] [cadence.virtuoso.ade.simulationMonitor] - Finished simulating for one point {"hostname": "viterbi-scf2", "processid": 84664, "history": "ExplorerRun.0", "testname": "demo_4bit_RCA_1", "cornername": "Nominal", "point": 1, "logfile": "/home/viterbi/01/tongjia/work_gpdk045/logs_tongjia/logs0/Job46.log", "simid": "2"}
[2024-10-16 08:44:47.355 -0700] [PROCESS] [cadence.virtuoso.ade.simulationMonitor] - Simulator exited {"hostname": "viterbi-scf2", "processid": 84664, "history": "ExplorerRun.0", "testname": "demo_4bit_RCA_1", "cornername": "Nominal", "point": 1, "logfile": "/home/viterbi/01/tongjia/work_gpdk045/logs_tongjia/logs0/Job46.log", "exitStatus": "0"}
[2024-10-16 08:44:47.359 -0700] [PROCESS] [cadence.virtuoso.ade.simulationMonitor] - Finished Simulation {"hostname": "viterbi-scf2", "processid": 84664, "history": "ExplorerRun.0", "testname": "demo_4bit_RCA_1", "cornername": "Nominal", "point": 1, "logfile": "/home/viterbi/01/tongjia/work_gpdk045/logs_tongjia/logs0/Job46.log", "simid": "2"}
[2024-10-16 08:44:50.906 -0700] [PROCESS] [cadence.virtuoso.ade.simulationMonitor] - Point Finished {"hostname": "viterbi-scf2", "processid": 84664, "history": "ExplorerRun.0", "testname": "demo_4bit_RCA_1", "cornername": "Nominal", "point": 1, "logfile": "/home/viterbi/01/tongjia/work_gpdk045/logs_tongjia/logs0/Job46.log"}
[2024-10-16 08:44:51.944 -0700] [PROCESS] [cadence.virtuoso.ade.simulationMonitor] - Stay with the runId '1', Linger time '300', currentRunSyn '3', currentTestSyn '4' {"hostname": "viterbi-scf2", "processid": 84664, "history": "ExplorerRun.0", "testname": "demo_4bit_RCA_1", "cornername": "Nominal", "point": 1, "logfile": "/home/viterbi/01/tongjia/work_gpdk045/logs_tongjia/logs0/Job46.log"}
[2024-10-16 08:49:52.591 -0700] [PROCESS] [cadence.virtuoso.ade.simulationMonitor] - Current memory used: 32.4570 MBytes, peak memory used: 32.4570 MBytes {"hostname": "viterbi-scf2", "processid": 84664, "history": "ExplorerRun.0", "testname": "demo_4bit_RCA_1", "cornername": "Nominal", "point": 1, "logfile": "/home/viterbi/01/tongjia/work_gpdk045/logs_tongjia/logs0/Job46.log"}
[2024-10-16 08:49:52.593 -0700] [PROCESS] [cadence.virtuoso.ade.simulationMonitor] - Simulation Monitor process exit. {"hostname": "viterbi-scf2", "processid": 84664, "history": "ExplorerRun.0", "testname": "demo_4bit_RCA_1", "cornername": "Nominal", "point": 1, "logfile": "/home/viterbi/01/tongjia/work_gpdk045/logs_tongjia/logs0/Job46.log"}
