[Simulation Monitor: 4]
[2024-12-08 19:37:27.459 -0800] [PROCESS] [cadence.virtuoso.ade.simulationMonitor] - Simulation Monitor has successfully started up. Trying to set up communication channels to other components ... {"hostname": "viterbi-scf1", "processid": 65528, "logfile": "/home/viterbi/01/tongjia/work_gpdk045/logs_tongjia/logs0/Job4.log"}
[2024-12-08 19:37:27.460 -0800] [PROCESS] [cadence.virtuoso.ade.simulationMonitor] - Communication channels have been successfully set up. Start processing events ... {"hostname": "viterbi-scf1", "processid": 65528, "logfile": "/home/viterbi/01/tongjia/work_gpdk045/logs_tongjia/logs0/Job4.log"}
[2024-12-08 19:37:27.461 -0800] [PROCESS] [cadence.virtuoso.ade.simulationMonitor] - Considering to start history {"hostname": "viterbi-scf1", "processid": 65528, "history": "ExplorerRun.0", "logfile": "/home/viterbi/01/tongjia/work_gpdk045/logs_tongjia/logs0/Job4.log"}
[2024-12-08 19:37:27.464 -0800] [PROCESS] [cadence.virtuoso.ade.simulationMonitor] - HostInfo:
Host name (type):	viterbi-scf1 (x86_64)
Operating system:	Linux 3.10.0-1160.119.1.el7.tuxcare.els10.x86_64 #1 SMP Fri Oct 11 21:40:41 UTC 2024 {"hostname": "viterbi-scf1", "processid": 65528, "history": "ExplorerRun.0", "logfile": "/home/viterbi/01/tongjia/work_gpdk045/logs_tongjia/logs0/Job4.log", "nodename": "viterbi-scf1", "domainname": "viterbi", "machine": "x86_64", "sysname": "Linux", "release": "3.10.0-1160.119.1.el7.tuxcare.els10.x86_64", "version": "#1 SMP Fri Oct 11 21:40:41 UTC 2024"}
[2024-12-08 19:37:27.465 -0800] [PROCESS] [cadence.virtuoso.ade.simulationMonitor] - UsageInfo:
pid=65528
totalPhysicalMemory=1007.132401GB,Used=196.892166GB,totalVirtualMemory=1007.132401GB,Used=196.892166GB
Cpu: Cores=112, Load average:11.540000,12.380000,10.940000 {"hostname": "viterbi-scf1", "processid": 65528, "history": "ExplorerRun.0", "logfile": "/home/viterbi/01/tongjia/work_gpdk045/logs_tongjia/logs0/Job4.log", "pid": "65528", "totalPhysicalMemory": "1007.132401", "physicalMemoryUsed": "196.892166", "totalVirtualMemory": "1007.132401", "virtualMemoryUsed": "196.892166", "cpuCores": "112", "processes": "4514", "loadAverage1": "11.540000", "loadAverage5": "12.380000", "loadAverage15": "10.940000", "loadAverage1Percent": "0.103036"}
[2024-12-08 19:37:27.469 -0800] [EVENT] [cadence.virtuoso.ade.simulationMonitor] - NewPoint {"history": "ExplorerRun.0", "point": 1, "testname": "project_demo_ph3_sytolic_array_tb_1", "cornername": "Nominal", "event": "NewPoint", "EventSource": "Simulation Monitor", "HistoryName": "ExplorerRun.0", "logFile": "/home/viterbi/01/tongjia/work_gpdk045/logs_tongjia/logs0/Job4.log", "logFileSize": "2263"}
[2024-12-08 19:37:27.671 -0800] [EVENT] [cadence.virtuoso.ade.simulationMonitor] - NewPoint {"history": "ExplorerRun.0", "point": 1, "testname": "project_demo_ph3_sytolic_array_tb_1", "cornername": "Nominal", "event": "NewPoint", "EventSource": "spectre", "HistoryName": "ExplorerRun.0", "logFile": "/home/viterbi/01/tongjia/simulation/project_demo/ph3_sytolic_array_tb/maestro/results/maestro/ExplorerRun.0/1/project_demo_ph3_sytolic_array_tb_1/psf/spectre.out", "logFileSize": "-1"}
[2024-12-08 19:37:27.703 -0800] [PROCESS] [cadence.virtuoso.ade.simulationMonitor] - Simulator launched {"hostname": "viterbi-scf1", "processid": 65528, "history": "ExplorerRun.0", "testname": "project_demo_ph3_sytolic_array_tb_1", "cornername": "Nominal", "point": 1, "logfile": "/home/viterbi/01/tongjia/work_gpdk045/logs_tongjia/logs0/Job4.log", "simid": "1"}
[2024-12-08 19:37:27.710 -0800] [PROCESS] [cadence.virtuoso.ade.simulationMonitor] - Expression evaluator launched {"hostname": "viterbi-scf1", "processid": 65528, "history": "ExplorerRun.0", "testname": "project_demo_ph3_sytolic_array_tb_1", "cornername": "Nominal", "point": 1, "logfile": "/home/viterbi/01/tongjia/work_gpdk045/logs_tongjia/logs0/Job4.log"}
[2024-12-08 19:37:28.096 -0800] [PROCESS] [cadence.virtuoso.ade.simulationMonitor] - Started Simulation {"hostname": "viterbi-scf1", "processid": 65528, "history": "ExplorerRun.0", "testname": "project_demo_ph3_sytolic_array_tb_1", "cornername": "Nominal", "point": 1, "logfile": "/home/viterbi/01/tongjia/work_gpdk045/logs_tongjia/logs0/Job4.log", "event": "started", "task": "simulation"}
[2024-12-08 19:37:28.597 -0800] [INFO] [cadence.virtuoso.ade.simulationMonitor] - Notice from spectre during Digital Vector read-in.
    Process Vector Files.
    File read: /home/viterbi/01/tongjia/work_gpdk045/vector_files/ph3.vec {"history": "ExplorerRun.0", "point": 1, "testname": "project_demo_ph3_sytolic_array_tb_1", "cornername": "Nominal"}
[2024-12-08 19:37:28.598 -0800] [INFO] [cadence.virtuoso.ade.simulationMonitor] - Peak resident memory used = 58.4 Mbytes. {"history": "ExplorerRun.0", "point": 1, "testname": "project_demo_ph3_sytolic_array_tb_1", "cornername": "Nominal"}
[2024-12-08 19:48:45.053 -0800] [INFO] [cadence.virtuoso.ade.simulationMonitor] - Peak resident memory used = 247 Mbytes. {"history": "ExplorerRun.0", "point": 1, "testname": "project_demo_ph3_sytolic_array_tb_1", "cornername": "Nominal"}
[2024-12-08 19:48:47.554 -0800] [INFO] [cadence.virtuoso.ade.simulationMonitor] - Peak resident memory used = 346 Mbytes. {"history": "ExplorerRun.0", "point": 1, "testname": "project_demo_ph3_sytolic_array_tb_1", "cornername": "Nominal"}
[2024-12-08 19:48:50.062 -0800] [INFO] [cadence.virtuoso.ade.simulationMonitor] -               nodes 39551 {"history": "ExplorerRun.0", "point": 1, "testname": "project_demo_ph3_sytolic_array_tb_1", "cornername": "Nominal"}
[2024-12-08 19:48:50.063 -0800] [INFO] [cadence.virtuoso.ade.simulationMonitor] - Notice from spectre during initial setup.
    APS Enabled. {"history": "ExplorerRun.0", "point": 1, "testname": "project_demo_ph3_sytolic_array_tb_1", "cornername": "Nominal"}
[2024-12-08 19:48:50.064 -0800] [INFO] [cadence.virtuoso.ade.simulationMonitor] -     Multithreading Enabled: 8 threads in the system with 112 available processors. {"history": "ExplorerRun.0", "point": 1, "testname": "project_demo_ph3_sytolic_array_tb_1", "cornername": "Nominal"}
[2024-12-08 19:48:50.064 -0800] [INFO] [cadence.virtuoso.ade.simulationMonitor] - Peak resident memory used = 408 Mbytes. {"history": "ExplorerRun.0", "point": 1, "testname": "project_demo_ph3_sytolic_array_tb_1", "cornername": "Nominal"}
[2024-12-08 19:48:50.065 -0800] [WARN] [cadence.virtuoso.ade.simulationMonitor] -     WARNING (SPECTRE-16707): Only tran supports psfxl format, result of other analyses will be in psfbin format. {"history": "ExplorerRun.0", "point": 1, "testname": "project_demo_ph3_sytolic_array_tb_1", "cornername": "Nominal"}
[2024-12-08 19:49:00.573 -0800] [INFO] [cadence.virtuoso.ade.simulationMonitor] - Notice from spectre during IC analysis, during transient analysis `tran'.
    Bad pivoting is found during DC analysis. Option dc_pivot_check=yes is recommended for possible improvement of convergence. {"history": "ExplorerRun.0", "point": 1, "testname": "project_demo_ph3_sytolic_array_tb_1", "cornername": "Nominal"}
[2024-12-08 19:49:06.078 -0800] [INFO] [cadence.virtuoso.ade.simulationMonitor] - Notice from spectre at time = 2.96596 ns during transient analysis `tran'.
    Found trapezoidal ringing on node I1.I5.I22.I0.I5.I9.NM0.n1. {"history": "ExplorerRun.0", "point": 1, "testname": "project_demo_ph3_sytolic_array_tb_1", "cornername": "Nominal"}
[2024-12-08 19:49:06.079 -0800] [INFO] [cadence.virtuoso.ade.simulationMonitor] - Notice from spectre at time = 3.48298 ns during transient analysis `tran'.
    Found trapezoidal ringing on node I1.I5.I22.I0.I5.I9.NM0.n1. {"history": "ExplorerRun.0", "point": 1, "testname": "project_demo_ph3_sytolic_array_tb_1", "cornername": "Nominal"}
[2024-12-08 19:49:06.080 -0800] [INFO] [cadence.virtuoso.ade.simulationMonitor] - Notice from spectre at time = 4 ns during transient analysis `tran'.
    Found trapezoidal ringing on node V0:p. {"history": "ExplorerRun.0", "point": 1, "testname": "project_demo_ph3_sytolic_array_tb_1", "cornername": "Nominal"}
[2024-12-08 19:51:07.676 -0800] [INFO] [cadence.virtuoso.ade.simulationMonitor] - Notice from spectre at time = 20.9971 ns during transient analysis `tran'.
    Found trapezoidal ringing on node I1.I0.I18.I0.I1.I0.I0.I1.I2.I18.PM1.n1. {"history": "ExplorerRun.0", "point": 1, "testname": "project_demo_ph3_sytolic_array_tb_1", "cornername": "Nominal"}
[2024-12-08 19:51:08.177 -0800] [INFO] [cadence.virtuoso.ade.simulationMonitor] - Notice from spectre at time = 21.0561 ns during transient analysis `tran'.
    Found trapezoidal ringing on node I1.I0.I18.I0.I1.I0.I0.I1.I2.I18.PM1.n1.
        Further occurrences of this notice will be suppressed. {"history": "ExplorerRun.0", "point": 1, "testname": "project_demo_ph3_sytolic_array_tb_1", "cornername": "Nominal"}
[2024-12-08 19:52:45.265 -0800] [INFO] [cadence.virtuoso.ade.simulationMonitor] - Notice from spectre during transient analysis `tran'.
    Trapezoidal ringing is detected during tran analysis.
        Please use method=trap for better results and performance. {"history": "ExplorerRun.0", "point": 1, "testname": "project_demo_ph3_sytolic_array_tb_1", "cornername": "Nominal"}
[2024-12-08 19:52:45.767 -0800] [INFO] [cadence.virtuoso.ade.simulationMonitor] - Total time required for tran analysis `tran': CPU = 773.687 s (12m  53.7s), elapsed = 234.987 s (3m  55.0s). {"history": "ExplorerRun.0", "point": 1, "testname": "project_demo_ph3_sytolic_array_tb_1", "cornername": "Nominal"}
[2024-12-08 19:52:45.768 -0800] [INFO] [cadence.virtuoso.ade.simulationMonitor] - Peak resident memory used = 799 Mbytes. {"history": "ExplorerRun.0", "point": 1, "testname": "project_demo_ph3_sytolic_array_tb_1", "cornername": "Nominal"}
[2024-12-08 19:52:45.768 -0800] [INFO] [cadence.virtuoso.ade.simulationMonitor] - Notice from spectre.
    12 notices suppressed. {"history": "ExplorerRun.0", "point": 1, "testname": "project_demo_ph3_sytolic_array_tb_1", "cornername": "Nominal"}
[2024-12-08 19:52:49.774 -0800] [INFO] [cadence.virtuoso.ade.simulationMonitor] - Time used: CPU = 1.46 ks (24m  18.1s), elapsed = 922 s (15m  21.6s), util. = 158%. {"history": "ExplorerRun.0", "point": 1, "testname": "project_demo_ph3_sytolic_array_tb_1", "cornername": "Nominal"}
[2024-12-08 19:52:49.775 -0800] [INFO] [cadence.virtuoso.ade.simulationMonitor] - Time spent in licensing: elapsed = 67.3 ms. {"history": "ExplorerRun.0", "point": 1, "testname": "project_demo_ph3_sytolic_array_tb_1", "cornername": "Nominal"}
[2024-12-08 19:52:49.777 -0800] [INFO] [cadence.virtuoso.ade.simulationMonitor] - Peak memory used = 799 Mbytes. {"history": "ExplorerRun.0", "point": 1, "testname": "project_demo_ph3_sytolic_array_tb_1", "cornername": "Nominal"}
[2024-12-08 19:52:49.781 -0800] [PROCESS] [cadence.virtuoso.ade.simulationMonitor] - Simulation started at: 7:37:27 PM, Sun Dec 8, 2024, ended at: 7:52:49 PM, Sun Dec 8, 2024, with elapsed time (wall clock): 922 s (15m  21.6s). {"history": "ExplorerRun.0", "point": 1, "testname": "project_demo_ph3_sytolic_array_tb_1", "cornername": "Nominal"}
[2024-12-08 19:52:49.782 -0800] [PROCESS] [cadence.virtuoso.ade.simulationMonitor] - spectre completes with 0 errors, 1 warning, and 12 notices. {"history": "ExplorerRun.0", "point": 1, "testname": "project_demo_ph3_sytolic_array_tb_1", "cornername": "Nominal"}
[2024-12-08 19:52:49.782 -0800] [PROCESS] [cadence.virtuoso.ade.simulationMonitor] - Finished simulating for one point {"hostname": "viterbi-scf1", "processid": 65528, "history": "ExplorerRun.0", "testname": "project_demo_ph3_sytolic_array_tb_1", "cornername": "Nominal", "point": 1, "logfile": "/home/viterbi/01/tongjia/work_gpdk045/logs_tongjia/logs0/Job4.log", "simid": "1"}
[2024-12-08 19:52:49.782 -0800] [PROCESS] [cadence.virtuoso.ade.simulationMonitor] - Simulator exited {"hostname": "viterbi-scf1", "processid": 65528, "history": "ExplorerRun.0", "testname": "project_demo_ph3_sytolic_array_tb_1", "cornername": "Nominal", "point": 1, "logfile": "/home/viterbi/01/tongjia/work_gpdk045/logs_tongjia/logs0/Job4.log", "exitStatus": "0"}
[2024-12-08 19:52:49.782 -0800] [PROCESS] [cadence.virtuoso.ade.simulationMonitor] - Finished Simulation {"hostname": "viterbi-scf1", "processid": 65528, "history": "ExplorerRun.0", "testname": "project_demo_ph3_sytolic_array_tb_1", "cornername": "Nominal", "point": 1, "logfile": "/home/viterbi/01/tongjia/work_gpdk045/logs_tongjia/logs0/Job4.log", "simid": "1"}
[2024-12-08 19:52:49.792 -0800] [PROCESS] [cadence.virtuoso.ade.simulationMonitor] - Expression evaluator launched {"hostname": "viterbi-scf1", "processid": 65528, "history": "ExplorerRun.0", "testname": "project_demo_ph3_sytolic_array_tb_1", "cornername": "Nominal", "point": 1, "logfile": "/home/viterbi/01/tongjia/work_gpdk045/logs_tongjia/logs0/Job4.log"}
[2024-12-08 19:52:58.333 -0800] [PROCESS] [cadence.virtuoso.ade.simulationMonitor] - Point Finished {"hostname": "viterbi-scf1", "processid": 65528, "history": "ExplorerRun.0", "testname": "project_demo_ph3_sytolic_array_tb_1", "cornername": "Nominal", "point": 1, "logfile": "/home/viterbi/01/tongjia/work_gpdk045/logs_tongjia/logs0/Job4.log"}
[2024-12-08 19:52:59.338 -0800] [PROCESS] [cadence.virtuoso.ade.simulationMonitor] - Stay with the runId '1', Linger time '300', currentRunSyn '3', currentTestSyn '4' {"hostname": "viterbi-scf1", "processid": 65528, "history": "ExplorerRun.0", "testname": "project_demo_ph3_sytolic_array_tb_1", "cornername": "Nominal", "point": 1, "logfile": "/home/viterbi/01/tongjia/work_gpdk045/logs_tongjia/logs0/Job4.log"}
[2024-12-08 19:53:00.340 -0800] [PROCESS] [cadence.virtuoso.ade.simulationMonitor] - Stay with the runId '1', Linger time '300', currentRunSyn '3', currentTestSyn '4' {"hostname": "viterbi-scf1", "processid": 65528, "history": "ExplorerRun.0", "testname": "project_demo_ph3_sytolic_array_tb_1", "cornername": "Nominal", "point": 1, "logfile": "/home/viterbi/01/tongjia/work_gpdk045/logs_tongjia/logs0/Job4.log"}
[2024-12-08 19:53:01.340 -0800] [PROCESS] [cadence.virtuoso.ade.simulationMonitor] - Stay with the runId '1', Linger time '300', currentRunSyn '3', currentTestSyn '4' {"hostname": "viterbi-scf1", "processid": 65528, "history": "ExplorerRun.0", "testname": "project_demo_ph3_sytolic_array_tb_1", "cornername": "Nominal", "point": 1, "logfile": "/home/viterbi/01/tongjia/work_gpdk045/logs_tongjia/logs0/Job4.log"}
[2024-12-08 19:53:02.341 -0800] [PROCESS] [cadence.virtuoso.ade.simulationMonitor] - Stay with the runId '1', Linger time '300', currentRunSyn '3', currentTestSyn '4' {"hostname": "viterbi-scf1", "processid": 65528, "history": "ExplorerRun.0", "testname": "project_demo_ph3_sytolic_array_tb_1", "cornername": "Nominal", "point": 1, "logfile": "/home/viterbi/01/tongjia/work_gpdk045/logs_tongjia/logs0/Job4.log"}
[2024-12-08 19:53:03.343 -0800] [PROCESS] [cadence.virtuoso.ade.simulationMonitor] - Stay with the runId '1', Linger time '300', currentRunSyn '3', currentTestSyn '4' {"hostname": "viterbi-scf1", "processid": 65528, "history": "ExplorerRun.0", "testname": "project_demo_ph3_sytolic_array_tb_1", "cornername": "Nominal", "point": 1, "logfile": "/home/viterbi/01/tongjia/work_gpdk045/logs_tongjia/logs0/Job4.log"}
[2024-12-08 19:53:04.343 -0800] [PROCESS] [cadence.virtuoso.ade.simulationMonitor] - Stay with the runId '1', Linger time '300', currentRunSyn '3', currentTestSyn '4' {"hostname": "viterbi-scf1", "processid": 65528, "history": "ExplorerRun.0", "testname": "project_demo_ph3_sytolic_array_tb_1", "cornername": "Nominal", "point": 1, "logfile": "/home/viterbi/01/tongjia/work_gpdk045/logs_tongjia/logs0/Job4.log"}
[2024-12-08 19:53:05.344 -0800] [PROCESS] [cadence.virtuoso.ade.simulationMonitor] - Stay with the runId '1', Linger time '300', currentRunSyn '3', currentTestSyn '4' {"hostname": "viterbi-scf1", "processid": 65528, "history": "ExplorerRun.0", "testname": "project_demo_ph3_sytolic_array_tb_1", "cornername": "Nominal", "point": 1, "logfile": "/home/viterbi/01/tongjia/work_gpdk045/logs_tongjia/logs0/Job4.log"}
[2024-12-08 19:53:06.345 -0800] [PROCESS] [cadence.virtuoso.ade.simulationMonitor] - Stay with the runId '1', Linger time '300', currentRunSyn '3', currentTestSyn '4' {"hostname": "viterbi-scf1", "processid": 65528, "history": "ExplorerRun.0", "testname": "project_demo_ph3_sytolic_array_tb_1", "cornername": "Nominal", "point": 1, "logfile": "/home/viterbi/01/tongjia/work_gpdk045/logs_tongjia/logs0/Job4.log"}
[2024-12-08 19:53:07.346 -0800] [PROCESS] [cadence.virtuoso.ade.simulationMonitor] - Stay with the runId '1', Linger time '300', currentRunSyn '3', currentTestSyn '4' {"hostname": "viterbi-scf1", "processid": 65528, "history": "ExplorerRun.0", "testname": "project_demo_ph3_sytolic_array_tb_1", "cornername": "Nominal", "point": 1, "logfile": "/home/viterbi/01/tongjia/work_gpdk045/logs_tongjia/logs0/Job4.log"}
[2024-12-08 19:53:08.347 -0800] [PROCESS] [cadence.virtuoso.ade.simulationMonitor] - Stay with the runId '1', Linger time '300', currentRunSyn '3', currentTestSyn '4' {"hostname": "viterbi-scf1", "processid": 65528, "history": "ExplorerRun.0", "testname": "project_demo_ph3_sytolic_array_tb_1", "cornername": "Nominal", "point": 1, "logfile": "/home/viterbi/01/tongjia/work_gpdk045/logs_tongjia/logs0/Job4.log"}
[2024-12-08 19:53:09.348 -0800] [PROCESS] [cadence.virtuoso.ade.simulationMonitor] - Stay with the runId '1', Linger time '300', currentRunSyn '3', currentTestSyn '4' {"hostname": "viterbi-scf1", "processid": 65528, "history": "ExplorerRun.0", "testname": "project_demo_ph3_sytolic_array_tb_1", "cornername": "Nominal", "point": 1, "logfile": "/home/viterbi/01/tongjia/work_gpdk045/logs_tongjia/logs0/Job4.log"}
[2024-12-08 19:53:10.349 -0800] [PROCESS] [cadence.virtuoso.ade.simulationMonitor] - Stay with the runId '1', Linger time '300', currentRunSyn '3', currentTestSyn '4' {"hostname": "viterbi-scf1", "processid": 65528, "history": "ExplorerRun.0", "testname": "project_demo_ph3_sytolic_array_tb_1", "cornername": "Nominal", "point": 1, "logfile": "/home/viterbi/01/tongjia/work_gpdk045/logs_tongjia/logs0/Job4.log"}
[2024-12-08 19:53:11.350 -0800] [PROCESS] [cadence.virtuoso.ade.simulationMonitor] - Stay with the runId '1', Linger time '300', currentRunSyn '3', currentTestSyn '4' {"hostname": "viterbi-scf1", "processid": 65528, "history": "ExplorerRun.0", "testname": "project_demo_ph3_sytolic_array_tb_1", "cornername": "Nominal", "point": 1, "logfile": "/home/viterbi/01/tongjia/work_gpdk045/logs_tongjia/logs0/Job4.log"}
[2024-12-08 19:53:12.351 -0800] [PROCESS] [cadence.virtuoso.ade.simulationMonitor] - Stay with the runId '1', Linger time '300', currentRunSyn '3', currentTestSyn '4' {"hostname": "viterbi-scf1", "processid": 65528, "history": "ExplorerRun.0", "testname": "project_demo_ph3_sytolic_array_tb_1", "cornername": "Nominal", "point": 1, "logfile": "/home/viterbi/01/tongjia/work_gpdk045/logs_tongjia/logs0/Job4.log"}
[2024-12-08 19:53:13.352 -0800] [PROCESS] [cadence.virtuoso.ade.simulationMonitor] - Stay with the runId '1', Linger time '300', currentRunSyn '3', currentTestSyn '4' {"hostname": "viterbi-scf1", "processid": 65528, "history": "ExplorerRun.0", "testname": "project_demo_ph3_sytolic_array_tb_1", "cornername": "Nominal", "point": 1, "logfile": "/home/viterbi/01/tongjia/work_gpdk045/logs_tongjia/logs0/Job4.log"}
[2024-12-08 19:57:59.395 -0800] [PROCESS] [cadence.virtuoso.ade.simulationMonitor] - Current memory used: 32.4219 MBytes, peak memory used: 32.4219 MBytes {"hostname": "viterbi-scf1", "processid": 65528, "history": "ExplorerRun.0", "testname": "project_demo_ph3_sytolic_array_tb_1", "cornername": "Nominal", "point": 1, "logfile": "/home/viterbi/01/tongjia/work_gpdk045/logs_tongjia/logs0/Job4.log"}
[2024-12-08 19:57:59.396 -0800] [PROCESS] [cadence.virtuoso.ade.simulationMonitor] - Simulation Monitor process exit. {"hostname": "viterbi-scf1", "processid": 65528, "history": "ExplorerRun.0", "testname": "project_demo_ph3_sytolic_array_tb_1", "cornername": "Nominal", "point": 1, "logfile": "/home/viterbi/01/tongjia/work_gpdk045/logs_tongjia/logs0/Job4.log"}
