[Simulation Monitor: 49]
[2024-10-16 09:18:35.666 -0700] [PROCESS] [cadence.virtuoso.ade.simulationMonitor] - Simulation Monitor has successfully started up. Trying to set up communication channels to other components ... {"hostname": "viterbi-scf2", "processid": 143799, "logfile": "/home/viterbi/01/tongjia/work_gpdk045/logs_tongjia/logs0/Job49.log"}
[2024-10-16 09:18:35.681 -0700] [PROCESS] [cadence.virtuoso.ade.simulationMonitor] - Communication channels have been successfully set up. Start processing events ... {"hostname": "viterbi-scf2", "processid": 143799, "logfile": "/home/viterbi/01/tongjia/work_gpdk045/logs_tongjia/logs0/Job49.log"}
[2024-10-16 09:18:35.687 -0700] [PROCESS] [cadence.virtuoso.ade.simulationMonitor] - Considering to start history {"hostname": "viterbi-scf2", "processid": 143799, "history": "ExplorerRun.0", "logfile": "/home/viterbi/01/tongjia/work_gpdk045/logs_tongjia/logs0/Job49.log"}
[2024-10-16 09:18:35.747 -0700] [PROCESS] [cadence.virtuoso.ade.simulationMonitor] - HostInfo:
Host name (type):	viterbi-scf2 (x86_64)
Operating system:	Linux 3.10.0-1160.119.1.el7.tuxcare.els3.x86_64 #1 SMP Fri Aug 23 19:18:06 UTC 2024 {"hostname": "viterbi-scf2", "processid": 143799, "history": "ExplorerRun.0", "logfile": "/home/viterbi/01/tongjia/work_gpdk045/logs_tongjia/logs0/Job49.log", "nodename": "viterbi-scf2", "domainname": "viterbi", "machine": "x86_64", "sysname": "Linux", "release": "3.10.0-1160.119.1.el7.tuxcare.els3.x86_64", "version": "#1 SMP Fri Aug 23 19:18:06 UTC 2024"}
[2024-10-16 09:18:35.750 -0700] [PROCESS] [cadence.virtuoso.ade.simulationMonitor] - UsageInfo:
pid=143799
totalPhysicalMemory=1007.132404GB,Used=219.371605GB,totalVirtualMemory=1007.132404GB,Used=219.371605GB
Cpu: Cores=112, Load average:2.350000,2.390000,2.390000 {"hostname": "viterbi-scf2", "processid": 143799, "history": "ExplorerRun.0", "logfile": "/home/viterbi/01/tongjia/work_gpdk045/logs_tongjia/logs0/Job49.log", "pid": "143799", "totalPhysicalMemory": "1007.132404", "physicalMemoryUsed": "219.371605", "totalVirtualMemory": "1007.132404", "virtualMemoryUsed": "219.371605", "cpuCores": "112", "processes": "3889", "loadAverage1": "2.350000", "loadAverage5": "2.390000", "loadAverage15": "2.390000", "loadAverage1Percent": "0.020982"}
[2024-10-16 09:18:35.755 -0700] [EVENT] [cadence.virtuoso.ade.simulationMonitor] - NewPoint {"history": "ExplorerRun.0", "point": 1, "testname": "demo_4bit_RCA_tb_1", "cornername": "Nominal", "event": "NewPoint", "EventSource": "Simulation Monitor", "HistoryName": "ExplorerRun.0", "logFile": "/home/viterbi/01/tongjia/work_gpdk045/logs_tongjia/logs0/Job49.log", "logFileSize": "2268"}
[2024-10-16 09:18:36.063 -0700] [EVENT] [cadence.virtuoso.ade.simulationMonitor] - NewPoint {"history": "ExplorerRun.0", "point": 1, "testname": "demo_4bit_RCA_tb_1", "cornername": "Nominal", "event": "NewPoint", "EventSource": "spectre", "HistoryName": "ExplorerRun.0", "logFile": "/home/viterbi/01/tongjia/simulation/demo/4bit_RCA_tb/maestro/results/maestro/ExplorerRun.0/1/demo_4bit_RCA_tb_1/psf/spectre.out", "logFileSize": "-1"}
[2024-10-16 09:18:36.099 -0700] [PROCESS] [cadence.virtuoso.ade.simulationMonitor] - Simulator launched {"hostname": "viterbi-scf2", "processid": 143799, "history": "ExplorerRun.0", "testname": "demo_4bit_RCA_tb_1", "cornername": "Nominal", "point": 1, "logfile": "/home/viterbi/01/tongjia/work_gpdk045/logs_tongjia/logs0/Job49.log", "simid": "1"}
[2024-10-16 09:18:36.109 -0700] [PROCESS] [cadence.virtuoso.ade.simulationMonitor] - Expression evaluator launched {"hostname": "viterbi-scf2", "processid": 143799, "history": "ExplorerRun.0", "testname": "demo_4bit_RCA_tb_1", "cornername": "Nominal", "point": 1, "logfile": "/home/viterbi/01/tongjia/work_gpdk045/logs_tongjia/logs0/Job49.log"}
[2024-10-16 09:18:36.564 -0700] [PROCESS] [cadence.virtuoso.ade.simulationMonitor] - Started Simulation {"hostname": "viterbi-scf2", "processid": 143799, "history": "ExplorerRun.0", "testname": "demo_4bit_RCA_tb_1", "cornername": "Nominal", "point": 1, "logfile": "/home/viterbi/01/tongjia/work_gpdk045/logs_tongjia/logs0/Job49.log", "event": "started", "task": "simulation"}
[2024-10-16 09:18:37.569 -0700] [INFO] [cadence.virtuoso.ade.simulationMonitor] - Peak resident memory used = 57.7 Mbytes. {"history": "ExplorerRun.0", "point": 1, "testname": "demo_4bit_RCA_tb_1", "cornername": "Nominal"}
[2024-10-16 09:18:38.072 -0700] [INFO] [cadence.virtuoso.ade.simulationMonitor] - Peak resident memory used = 68 Mbytes. {"history": "ExplorerRun.0", "point": 1, "testname": "demo_4bit_RCA_tb_1", "cornername": "Nominal"}
[2024-10-16 09:18:38.074 -0700] [INFO] [cadence.virtuoso.ade.simulationMonitor] - Peak resident memory used = 69.2 Mbytes. {"history": "ExplorerRun.0", "point": 1, "testname": "demo_4bit_RCA_tb_1", "cornername": "Nominal"}
[2024-10-16 09:18:38.078 -0700] [INFO] [cadence.virtuoso.ade.simulationMonitor] - Notice from spectre during initial setup.
    Multithreading is disabled due to the size of the design being too small. {"history": "ExplorerRun.0", "point": 1, "testname": "demo_4bit_RCA_tb_1", "cornername": "Nominal"}
[2024-10-16 09:18:38.089 -0700] [INFO] [cadence.virtuoso.ade.simulationMonitor] -               nodes 268 {"history": "ExplorerRun.0", "point": 1, "testname": "demo_4bit_RCA_tb_1", "cornername": "Nominal"}
[2024-10-16 09:18:38.090 -0700] [INFO] [cadence.virtuoso.ade.simulationMonitor] - Notice from spectre during initial setup.
    APS Enabled. {"history": "ExplorerRun.0", "point": 1, "testname": "demo_4bit_RCA_tb_1", "cornername": "Nominal"}
[2024-10-16 09:18:38.093 -0700] [INFO] [cadence.virtuoso.ade.simulationMonitor] - Peak resident memory used = 70.3 Mbytes. {"history": "ExplorerRun.0", "point": 1, "testname": "demo_4bit_RCA_tb_1", "cornername": "Nominal"}
[2024-10-16 09:18:38.097 -0700] [WARN] [cadence.virtuoso.ade.simulationMonitor] -     WARNING (SPECTRE-16707): Only tran supports psfxl format, result of other analyses will be in psfbin format. {"history": "ExplorerRun.0", "point": 1, "testname": "demo_4bit_RCA_tb_1", "cornername": "Nominal"}
[2024-10-16 09:18:38.100 -0700] [INFO] [cadence.virtuoso.ade.simulationMonitor] - Notice from spectre during IC analysis, during transient analysis `tran'.
    GminDC = 1 pS is large enough to noticeably affect the DC solution.
        dV(I1.I0.I4.net9) = 58.7687 mV
        Use the `gmin_check' option to eliminate or expand this report.
    Bad pivoting is found during DC analysis. Option dc_pivot_check=yes is recommended for possible improvement of convergence. {"history": "ExplorerRun.0", "point": 1, "testname": "demo_4bit_RCA_tb_1", "cornername": "Nominal"}
[2024-10-16 09:18:38.103 -0700] [INFO] [cadence.virtuoso.ade.simulationMonitor] - Notice from spectre during transient analysis `tran'.
    Multithreading is disabled due to the size of the design being too small. {"history": "ExplorerRun.0", "point": 1, "testname": "demo_4bit_RCA_tb_1", "cornername": "Nominal"}
[2024-10-16 09:18:38.106 -0700] [INFO] [cadence.virtuoso.ade.simulationMonitor] - Total time required for tran analysis `tran': CPU = 227.923 ms, elapsed = 254.406 ms. {"history": "ExplorerRun.0", "point": 1, "testname": "demo_4bit_RCA_tb_1", "cornername": "Nominal"}
[2024-10-16 09:18:38.109 -0700] [INFO] [cadence.virtuoso.ade.simulationMonitor] - Peak resident memory used = 75.4 Mbytes. {"history": "ExplorerRun.0", "point": 1, "testname": "demo_4bit_RCA_tb_1", "cornername": "Nominal"}
[2024-10-16 09:18:38.616 -0700] [INFO] [cadence.virtuoso.ade.simulationMonitor] - Time used: CPU = 1.53 s, elapsed = 1.83 s, util. = 83.9%. {"history": "ExplorerRun.0", "point": 1, "testname": "demo_4bit_RCA_tb_1", "cornername": "Nominal"}
[2024-10-16 09:18:38.620 -0700] [INFO] [cadence.virtuoso.ade.simulationMonitor] - Time spent in licensing: elapsed = 36 ms. {"history": "ExplorerRun.0", "point": 1, "testname": "demo_4bit_RCA_tb_1", "cornername": "Nominal"}
[2024-10-16 09:18:38.626 -0700] [INFO] [cadence.virtuoso.ade.simulationMonitor] - Peak memory used = 76 Mbytes. {"history": "ExplorerRun.0", "point": 1, "testname": "demo_4bit_RCA_tb_1", "cornername": "Nominal"}
[2024-10-16 09:18:38.634 -0700] [PROCESS] [cadence.virtuoso.ade.simulationMonitor] - Simulation started at: 9:18:36 AM, Wed Oct 16, 2024, ended at: 9:18:38 AM, Wed Oct 16, 2024, with elapsed time (wall clock): 1.83 s. {"history": "ExplorerRun.0", "point": 1, "testname": "demo_4bit_RCA_tb_1", "cornername": "Nominal"}
[2024-10-16 09:18:38.636 -0700] [PROCESS] [cadence.virtuoso.ade.simulationMonitor] - spectre completes with 0 errors, 1 warning, and 5 notices. {"history": "ExplorerRun.0", "point": 1, "testname": "demo_4bit_RCA_tb_1", "cornername": "Nominal"}
[2024-10-16 09:18:38.639 -0700] [PROCESS] [cadence.virtuoso.ade.simulationMonitor] - Finished simulating for one point {"hostname": "viterbi-scf2", "processid": 143799, "history": "ExplorerRun.0", "testname": "demo_4bit_RCA_tb_1", "cornername": "Nominal", "point": 1, "logfile": "/home/viterbi/01/tongjia/work_gpdk045/logs_tongjia/logs0/Job49.log", "simid": "1"}
[2024-10-16 09:18:38.643 -0700] [PROCESS] [cadence.virtuoso.ade.simulationMonitor] - Simulator exited {"hostname": "viterbi-scf2", "processid": 143799, "history": "ExplorerRun.0", "testname": "demo_4bit_RCA_tb_1", "cornername": "Nominal", "point": 1, "logfile": "/home/viterbi/01/tongjia/work_gpdk045/logs_tongjia/logs0/Job49.log", "exitStatus": "0"}
[2024-10-16 09:18:38.646 -0700] [PROCESS] [cadence.virtuoso.ade.simulationMonitor] - Finished Simulation {"hostname": "viterbi-scf2", "processid": 143799, "history": "ExplorerRun.0", "testname": "demo_4bit_RCA_tb_1", "cornername": "Nominal", "point": 1, "logfile": "/home/viterbi/01/tongjia/work_gpdk045/logs_tongjia/logs0/Job49.log", "simid": "1"}
[2024-10-16 09:18:42.196 -0700] [PROCESS] [cadence.virtuoso.ade.simulationMonitor] - Point Finished {"hostname": "viterbi-scf2", "processid": 143799, "history": "ExplorerRun.0", "testname": "demo_4bit_RCA_tb_1", "cornername": "Nominal", "point": 1, "logfile": "/home/viterbi/01/tongjia/work_gpdk045/logs_tongjia/logs0/Job49.log"}
[2024-10-16 09:18:43.234 -0700] [PROCESS] [cadence.virtuoso.ade.simulationMonitor] - Stay with the runId '0', Linger time '300', currentRunSyn '1', currentTestSyn '2' {"hostname": "viterbi-scf2", "processid": 143799, "history": "ExplorerRun.0", "testname": "demo_4bit_RCA_tb_1", "cornername": "Nominal", "point": 1, "logfile": "/home/viterbi/01/tongjia/work_gpdk045/logs_tongjia/logs0/Job49.log"}
[2024-10-16 09:21:05.598 -0700] [INFO] [cadence.virtuoso.ade.simulationMonitor] - SimulationMonitor has terminated the vds process '143832', reason: 'Force to stop the expression evalutor process because of new run' {"history": "ExplorerRun.0", "point": 1, "testname": "demo_4bit_RCA_tb_1", "cornername": "Nominal"}
[2024-10-16 09:21:05.605 -0700] [PROCESS] [cadence.virtuoso.ade.simulationMonitor] - HostInfo:
Host name (type):	viterbi-scf2 (x86_64)
Operating system:	Linux 3.10.0-1160.119.1.el7.tuxcare.els3.x86_64 #1 SMP Fri Aug 23 19:18:06 UTC 2024 {"hostname": "viterbi-scf2", "processid": 143799, "history": "ExplorerRun.0", "testname": "demo_4bit_RCA_tb_1", "cornername": "Nominal", "point": 1, "logfile": "/home/viterbi/01/tongjia/work_gpdk045/logs_tongjia/logs0/Job49.log", "nodename": "viterbi-scf2", "domainname": "viterbi", "machine": "x86_64", "sysname": "Linux", "release": "3.10.0-1160.119.1.el7.tuxcare.els3.x86_64", "version": "#1 SMP Fri Aug 23 19:18:06 UTC 2024"}
[2024-10-16 09:21:05.608 -0700] [PROCESS] [cadence.virtuoso.ade.simulationMonitor] - UsageInfo:
pid=143799
totalPhysicalMemory=1007.132404GB,Used=219.245113GB,totalVirtualMemory=1007.132404GB,Used=219.245113GB
Cpu: Cores=112, Load average:2.960000,2.610000,2.470000 {"hostname": "viterbi-scf2", "processid": 143799, "history": "ExplorerRun.0", "testname": "demo_4bit_RCA_tb_1", "cornername": "Nominal", "point": 1, "logfile": "/home/viterbi/01/tongjia/work_gpdk045/logs_tongjia/logs0/Job49.log", "pid": "143799", "totalPhysicalMemory": "1007.132404", "physicalMemoryUsed": "219.245113", "totalVirtualMemory": "1007.132404", "virtualMemoryUsed": "219.245113", "cpuCores": "112", "processes": "3839", "loadAverage1": "2.960000", "loadAverage5": "2.610000", "loadAverage15": "2.470000", "loadAverage1Percent": "0.026429"}
[2024-10-16 09:21:05.613 -0700] [EVENT] [cadence.virtuoso.ade.simulationMonitor] - NewPoint {"history": "ExplorerRun.0", "point": 1, "testname": "demo_4bit_RCA_tb_1", "cornername": "Nominal", "event": "NewPoint", "EventSource": "Simulation Monitor", "HistoryName": "ExplorerRun.0", "logFile": "/home/viterbi/01/tongjia/work_gpdk045/logs_tongjia/logs0/Job49.log", "logFileSize": "12293"}
[2024-10-16 09:21:05.926 -0700] [EVENT] [cadence.virtuoso.ade.simulationMonitor] - NewPoint {"history": "ExplorerRun.0", "point": 1, "testname": "demo_4bit_RCA_tb_1", "cornername": "Nominal", "event": "NewPoint", "EventSource": "spectre", "HistoryName": "ExplorerRun.0", "logFile": "/home/viterbi/01/tongjia/simulation/demo/4bit_RCA_tb/maestro/results/maestro/ExplorerRun.0/1/demo_4bit_RCA_tb_1/psf/spectre.out", "logFileSize": "-1"}
[2024-10-16 09:21:05.960 -0700] [PROCESS] [cadence.virtuoso.ade.simulationMonitor] - Simulator launched {"hostname": "viterbi-scf2", "processid": 143799, "history": "ExplorerRun.0", "testname": "demo_4bit_RCA_tb_1", "cornername": "Nominal", "point": 1, "logfile": "/home/viterbi/01/tongjia/work_gpdk045/logs_tongjia/logs0/Job49.log", "simid": "2"}
[2024-10-16 09:21:05.970 -0700] [PROCESS] [cadence.virtuoso.ade.simulationMonitor] - Expression evaluator launched {"hostname": "viterbi-scf2", "processid": 143799, "history": "ExplorerRun.0", "testname": "demo_4bit_RCA_tb_1", "cornername": "Nominal", "point": 1, "logfile": "/home/viterbi/01/tongjia/work_gpdk045/logs_tongjia/logs0/Job49.log"}
[2024-10-16 09:21:06.435 -0700] [PROCESS] [cadence.virtuoso.ade.simulationMonitor] - Started Simulation {"hostname": "viterbi-scf2", "processid": 143799, "history": "ExplorerRun.0", "testname": "demo_4bit_RCA_tb_1", "cornername": "Nominal", "point": 1, "logfile": "/home/viterbi/01/tongjia/work_gpdk045/logs_tongjia/logs0/Job49.log", "event": "started", "task": "simulation"}
[2024-10-16 09:21:07.440 -0700] [INFO] [cadence.virtuoso.ade.simulationMonitor] - Peak resident memory used = 59.7 Mbytes. {"history": "ExplorerRun.0", "point": 1, "testname": "demo_4bit_RCA_tb_1", "cornername": "Nominal"}
[2024-10-16 09:21:07.442 -0700] [INFO] [cadence.virtuoso.ade.simulationMonitor] - Peak resident memory used = 69.9 Mbytes. {"history": "ExplorerRun.0", "point": 1, "testname": "demo_4bit_RCA_tb_1", "cornername": "Nominal"}
[2024-10-16 09:21:07.446 -0700] [INFO] [cadence.virtuoso.ade.simulationMonitor] - Peak resident memory used = 71.1 Mbytes. {"history": "ExplorerRun.0", "point": 1, "testname": "demo_4bit_RCA_tb_1", "cornername": "Nominal"}
[2024-10-16 09:21:07.450 -0700] [INFO] [cadence.virtuoso.ade.simulationMonitor] - Notice from spectre during initial setup.
    Multithreading is disabled due to the size of the design being too small. {"history": "ExplorerRun.0", "point": 1, "testname": "demo_4bit_RCA_tb_1", "cornername": "Nominal"}
[2024-10-16 09:21:07.460 -0700] [INFO] [cadence.virtuoso.ade.simulationMonitor] -               nodes 268 {"history": "ExplorerRun.0", "point": 1, "testname": "demo_4bit_RCA_tb_1", "cornername": "Nominal"}
[2024-10-16 09:21:07.462 -0700] [INFO] [cadence.virtuoso.ade.simulationMonitor] - Notice from spectre during initial setup.
    APS Enabled. {"history": "ExplorerRun.0", "point": 1, "testname": "demo_4bit_RCA_tb_1", "cornername": "Nominal"}
[2024-10-16 09:21:07.465 -0700] [INFO] [cadence.virtuoso.ade.simulationMonitor] - Peak resident memory used = 72.3 Mbytes. {"history": "ExplorerRun.0", "point": 1, "testname": "demo_4bit_RCA_tb_1", "cornername": "Nominal"}
[2024-10-16 09:21:07.468 -0700] [WARN] [cadence.virtuoso.ade.simulationMonitor] -     WARNING (SPECTRE-16707): Only tran supports psfxl format, result of other analyses will be in psfbin format. {"history": "ExplorerRun.0", "point": 1, "testname": "demo_4bit_RCA_tb_1", "cornername": "Nominal"}
[2024-10-16 09:21:07.977 -0700] [INFO] [cadence.virtuoso.ade.simulationMonitor] - Notice from spectre during IC analysis, during transient analysis `tran'.
    GminDC = 1 pS is large enough to noticeably affect the DC solution.
        dV(I1.I3.I4.net9) = 58.7687 mV
        Use the `gmin_check' option to eliminate or expand this report.
    Bad pivoting is found during DC analysis. Option dc_pivot_check=yes is recommended for possible improvement of convergence. {"history": "ExplorerRun.0", "point": 1, "testname": "demo_4bit_RCA_tb_1", "cornername": "Nominal"}
[2024-10-16 09:21:07.981 -0700] [INFO] [cadence.virtuoso.ade.simulationMonitor] - Notice from spectre during transient analysis `tran'.
    Multithreading is disabled due to the size of the design being too small. {"history": "ExplorerRun.0", "point": 1, "testname": "demo_4bit_RCA_tb_1", "cornername": "Nominal"}
[2024-10-16 09:21:07.985 -0700] [INFO] [cadence.virtuoso.ade.simulationMonitor] - Total time required for tran analysis `tran': CPU = 123.375 ms, elapsed = 145.406 ms. {"history": "ExplorerRun.0", "point": 1, "testname": "demo_4bit_RCA_tb_1", "cornername": "Nominal"}
[2024-10-16 09:21:07.988 -0700] [INFO] [cadence.virtuoso.ade.simulationMonitor] - Peak resident memory used = 77.3 Mbytes. {"history": "ExplorerRun.0", "point": 1, "testname": "demo_4bit_RCA_tb_1", "cornername": "Nominal"}
[2024-10-16 09:21:07.992 -0700] [INFO] [cadence.virtuoso.ade.simulationMonitor] - Time used: CPU = 1.28 s, elapsed = 1.53 s, util. = 83.8%. {"history": "ExplorerRun.0", "point": 1, "testname": "demo_4bit_RCA_tb_1", "cornername": "Nominal"}
[2024-10-16 09:21:07.996 -0700] [INFO] [cadence.virtuoso.ade.simulationMonitor] - Time spent in licensing: elapsed = 29.1 ms. {"history": "ExplorerRun.0", "point": 1, "testname": "demo_4bit_RCA_tb_1", "cornername": "Nominal"}
[2024-10-16 09:21:08.001 -0700] [INFO] [cadence.virtuoso.ade.simulationMonitor] - Peak memory used = 77.9 Mbytes. {"history": "ExplorerRun.0", "point": 1, "testname": "demo_4bit_RCA_tb_1", "cornername": "Nominal"}
[2024-10-16 09:21:08.008 -0700] [PROCESS] [cadence.virtuoso.ade.simulationMonitor] - Simulation started at: 9:21:06 AM, Wed Oct 16, 2024, ended at: 9:21:07 AM, Wed Oct 16, 2024, with elapsed time (wall clock): 1.53 s. {"history": "ExplorerRun.0", "point": 1, "testname": "demo_4bit_RCA_tb_1", "cornername": "Nominal"}
[2024-10-16 09:21:08.010 -0700] [PROCESS] [cadence.virtuoso.ade.simulationMonitor] - spectre completes with 0 errors, 1 warning, and 5 notices. {"history": "ExplorerRun.0", "point": 1, "testname": "demo_4bit_RCA_tb_1", "cornername": "Nominal"}
[2024-10-16 09:21:08.013 -0700] [PROCESS] [cadence.virtuoso.ade.simulationMonitor] - Finished simulating for one point {"hostname": "viterbi-scf2", "processid": 143799, "history": "ExplorerRun.0", "testname": "demo_4bit_RCA_tb_1", "cornername": "Nominal", "point": 1, "logfile": "/home/viterbi/01/tongjia/work_gpdk045/logs_tongjia/logs0/Job49.log", "simid": "2"}
[2024-10-16 09:21:08.016 -0700] [PROCESS] [cadence.virtuoso.ade.simulationMonitor] - Simulator exited {"hostname": "viterbi-scf2", "processid": 143799, "history": "ExplorerRun.0", "testname": "demo_4bit_RCA_tb_1", "cornername": "Nominal", "point": 1, "logfile": "/home/viterbi/01/tongjia/work_gpdk045/logs_tongjia/logs0/Job49.log", "exitStatus": "0"}
[2024-10-16 09:21:08.019 -0700] [PROCESS] [cadence.virtuoso.ade.simulationMonitor] - Finished Simulation {"hostname": "viterbi-scf2", "processid": 143799, "history": "ExplorerRun.0", "testname": "demo_4bit_RCA_tb_1", "cornername": "Nominal", "point": 1, "logfile": "/home/viterbi/01/tongjia/work_gpdk045/logs_tongjia/logs0/Job49.log", "simid": "2"}
[2024-10-16 09:21:12.068 -0700] [PROCESS] [cadence.virtuoso.ade.simulationMonitor] - Point Finished {"hostname": "viterbi-scf2", "processid": 143799, "history": "ExplorerRun.0", "testname": "demo_4bit_RCA_tb_1", "cornername": "Nominal", "point": 1, "logfile": "/home/viterbi/01/tongjia/work_gpdk045/logs_tongjia/logs0/Job49.log"}
[2024-10-16 09:21:13.105 -0700] [PROCESS] [cadence.virtuoso.ade.simulationMonitor] - Stay with the runId '1', Linger time '300', currentRunSyn '3', currentTestSyn '4' {"hostname": "viterbi-scf2", "processid": 143799, "history": "ExplorerRun.0", "testname": "demo_4bit_RCA_tb_1", "cornername": "Nominal", "point": 1, "logfile": "/home/viterbi/01/tongjia/work_gpdk045/logs_tongjia/logs0/Job49.log"}
[2024-10-16 09:22:28.758 -0700] [INFO] [cadence.virtuoso.ade.simulationMonitor] - SimulationMonitor has terminated the vds process '146672', reason: 'Force to stop the expression evalutor process because of new run' {"history": "ExplorerRun.0", "point": 1, "testname": "demo_4bit_RCA_tb_1", "cornername": "Nominal"}
[2024-10-16 09:22:28.764 -0700] [PROCESS] [cadence.virtuoso.ade.simulationMonitor] - HostInfo:
Host name (type):	viterbi-scf2 (x86_64)
Operating system:	Linux 3.10.0-1160.119.1.el7.tuxcare.els3.x86_64 #1 SMP Fri Aug 23 19:18:06 UTC 2024 {"hostname": "viterbi-scf2", "processid": 143799, "history": "ExplorerRun.0", "testname": "demo_4bit_RCA_tb_1", "cornername": "Nominal", "point": 1, "logfile": "/home/viterbi/01/tongjia/work_gpdk045/logs_tongjia/logs0/Job49.log", "nodename": "viterbi-scf2", "domainname": "viterbi", "machine": "x86_64", "sysname": "Linux", "release": "3.10.0-1160.119.1.el7.tuxcare.els3.x86_64", "version": "#1 SMP Fri Aug 23 19:18:06 UTC 2024"}
[2024-10-16 09:22:28.767 -0700] [PROCESS] [cadence.virtuoso.ade.simulationMonitor] - UsageInfo:
pid=143799
totalPhysicalMemory=1007.132404GB,Used=219.358307GB,totalVirtualMemory=1007.132404GB,Used=219.358307GB
Cpu: Cores=112, Load average:2.940000,2.750000,2.530000 {"hostname": "viterbi-scf2", "processid": 143799, "history": "ExplorerRun.0", "testname": "demo_4bit_RCA_tb_1", "cornername": "Nominal", "point": 1, "logfile": "/home/viterbi/01/tongjia/work_gpdk045/logs_tongjia/logs0/Job49.log", "pid": "143799", "totalPhysicalMemory": "1007.132404", "physicalMemoryUsed": "219.358307", "totalVirtualMemory": "1007.132404", "virtualMemoryUsed": "219.358307", "cpuCores": "112", "processes": "3933", "loadAverage1": "2.940000", "loadAverage5": "2.750000", "loadAverage15": "2.530000", "loadAverage1Percent": "0.026250"}
[2024-10-16 09:22:28.772 -0700] [EVENT] [cadence.virtuoso.ade.simulationMonitor] - NewPoint {"history": "ExplorerRun.0", "point": 1, "testname": "demo_4bit_RCA_tb_1", "cornername": "Nominal", "event": "NewPoint", "EventSource": "Simulation Monitor", "HistoryName": "ExplorerRun.0", "logFile": "/home/viterbi/01/tongjia/work_gpdk045/logs_tongjia/logs0/Job49.log", "logFileSize": "22325"}
[2024-10-16 09:22:29.084 -0700] [EVENT] [cadence.virtuoso.ade.simulationMonitor] - NewPoint {"history": "ExplorerRun.0", "point": 1, "testname": "demo_4bit_RCA_tb_1", "cornername": "Nominal", "event": "NewPoint", "EventSource": "spectre", "HistoryName": "ExplorerRun.0", "logFile": "/home/viterbi/01/tongjia/simulation/demo/4bit_RCA_tb/maestro/results/maestro/ExplorerRun.0/1/demo_4bit_RCA_tb_1/psf/spectre.out", "logFileSize": "-1"}
[2024-10-16 09:22:29.121 -0700] [PROCESS] [cadence.virtuoso.ade.simulationMonitor] - Simulator launched {"hostname": "viterbi-scf2", "processid": 143799, "history": "ExplorerRun.0", "testname": "demo_4bit_RCA_tb_1", "cornername": "Nominal", "point": 1, "logfile": "/home/viterbi/01/tongjia/work_gpdk045/logs_tongjia/logs0/Job49.log", "simid": "3"}
[2024-10-16 09:22:29.129 -0700] [PROCESS] [cadence.virtuoso.ade.simulationMonitor] - Expression evaluator launched {"hostname": "viterbi-scf2", "processid": 143799, "history": "ExplorerRun.0", "testname": "demo_4bit_RCA_tb_1", "cornername": "Nominal", "point": 1, "logfile": "/home/viterbi/01/tongjia/work_gpdk045/logs_tongjia/logs0/Job49.log"}
[2024-10-16 09:22:29.634 -0700] [PROCESS] [cadence.virtuoso.ade.simulationMonitor] - Started Simulation {"hostname": "viterbi-scf2", "processid": 143799, "history": "ExplorerRun.0", "testname": "demo_4bit_RCA_tb_1", "cornername": "Nominal", "point": 1, "logfile": "/home/viterbi/01/tongjia/work_gpdk045/logs_tongjia/logs0/Job49.log", "event": "started", "task": "simulation"}
[2024-10-16 09:22:30.640 -0700] [INFO] [cadence.virtuoso.ade.simulationMonitor] - Peak resident memory used = 57.7 Mbytes. {"history": "ExplorerRun.0", "point": 1, "testname": "demo_4bit_RCA_tb_1", "cornername": "Nominal"}
[2024-10-16 09:22:30.643 -0700] [INFO] [cadence.virtuoso.ade.simulationMonitor] - Peak resident memory used = 68 Mbytes. {"history": "ExplorerRun.0", "point": 1, "testname": "demo_4bit_RCA_tb_1", "cornername": "Nominal"}
[2024-10-16 09:22:30.647 -0700] [INFO] [cadence.virtuoso.ade.simulationMonitor] - Peak resident memory used = 69.2 Mbytes. {"history": "ExplorerRun.0", "point": 1, "testname": "demo_4bit_RCA_tb_1", "cornername": "Nominal"}
[2024-10-16 09:22:30.651 -0700] [INFO] [cadence.virtuoso.ade.simulationMonitor] - Notice from spectre during initial setup.
    Multithreading is disabled due to the size of the design being too small. {"history": "ExplorerRun.0", "point": 1, "testname": "demo_4bit_RCA_tb_1", "cornername": "Nominal"}
[2024-10-16 09:22:30.662 -0700] [INFO] [cadence.virtuoso.ade.simulationMonitor] -               nodes 268 {"history": "ExplorerRun.0", "point": 1, "testname": "demo_4bit_RCA_tb_1", "cornername": "Nominal"}
[2024-10-16 09:22:30.664 -0700] [INFO] [cadence.virtuoso.ade.simulationMonitor] - Notice from spectre during initial setup.
    APS Enabled. {"history": "ExplorerRun.0", "point": 1, "testname": "demo_4bit_RCA_tb_1", "cornername": "Nominal"}
[2024-10-16 09:22:30.667 -0700] [INFO] [cadence.virtuoso.ade.simulationMonitor] - Peak resident memory used = 70.4 Mbytes. {"history": "ExplorerRun.0", "point": 1, "testname": "demo_4bit_RCA_tb_1", "cornername": "Nominal"}
[2024-10-16 09:22:30.671 -0700] [WARN] [cadence.virtuoso.ade.simulationMonitor] -     WARNING (SPECTRE-16707): Only tran supports psfxl format, result of other analyses will be in psfbin format. {"history": "ExplorerRun.0", "point": 1, "testname": "demo_4bit_RCA_tb_1", "cornername": "Nominal"}
[2024-10-16 09:22:31.179 -0700] [INFO] [cadence.virtuoso.ade.simulationMonitor] - Notice from spectre during IC analysis, during transient analysis `tran'.
    GminDC = 1 pS is large enough to noticeably affect the DC solution.
        dV(I1.I3.I4.net9) = 58.7687 mV
        Use the `gmin_check' option to eliminate or expand this report.
    Bad pivoting is found during DC analysis. Option dc_pivot_check=yes is recommended for possible improvement of convergence. {"history": "ExplorerRun.0", "point": 1, "testname": "demo_4bit_RCA_tb_1", "cornername": "Nominal"}
[2024-10-16 09:22:31.191 -0700] [INFO] [cadence.virtuoso.ade.simulationMonitor] - Notice from spectre during transient analysis `tran'.
    Multithreading is disabled due to the size of the design being too small. {"history": "ExplorerRun.0", "point": 1, "testname": "demo_4bit_RCA_tb_1", "cornername": "Nominal"}
[2024-10-16 09:22:31.200 -0700] [INFO] [cadence.virtuoso.ade.simulationMonitor] - Total time required for tran analysis `tran': CPU = 247.931 ms, elapsed = 263.527 ms. {"history": "ExplorerRun.0", "point": 1, "testname": "demo_4bit_RCA_tb_1", "cornername": "Nominal"}
[2024-10-16 09:22:31.209 -0700] [INFO] [cadence.virtuoso.ade.simulationMonitor] - Peak resident memory used = 75.3 Mbytes. {"history": "ExplorerRun.0", "point": 1, "testname": "demo_4bit_RCA_tb_1", "cornername": "Nominal"}
[2024-10-16 09:22:31.212 -0700] [INFO] [cadence.virtuoso.ade.simulationMonitor] - Time used: CPU = 1.47 s, elapsed = 1.73 s, util. = 84.7%. {"history": "ExplorerRun.0", "point": 1, "testname": "demo_4bit_RCA_tb_1", "cornername": "Nominal"}
[2024-10-16 09:22:31.216 -0700] [INFO] [cadence.virtuoso.ade.simulationMonitor] - Time spent in licensing: elapsed = 24.9 ms. {"history": "ExplorerRun.0", "point": 1, "testname": "demo_4bit_RCA_tb_1", "cornername": "Nominal"}
[2024-10-16 09:22:31.220 -0700] [INFO] [cadence.virtuoso.ade.simulationMonitor] - Peak memory used = 75.9 Mbytes. {"history": "ExplorerRun.0", "point": 1, "testname": "demo_4bit_RCA_tb_1", "cornername": "Nominal"}
[2024-10-16 09:22:31.227 -0700] [PROCESS] [cadence.virtuoso.ade.simulationMonitor] - Simulation started at: 9:22:29 AM, Wed Oct 16, 2024, ended at: 9:22:30 AM, Wed Oct 16, 2024, with elapsed time (wall clock): 1.73 s. {"history": "ExplorerRun.0", "point": 1, "testname": "demo_4bit_RCA_tb_1", "cornername": "Nominal"}
[2024-10-16 09:22:31.228 -0700] [PROCESS] [cadence.virtuoso.ade.simulationMonitor] - spectre completes with 0 errors, 1 warning, and 5 notices. {"history": "ExplorerRun.0", "point": 1, "testname": "demo_4bit_RCA_tb_1", "cornername": "Nominal"}
[2024-10-16 09:22:31.735 -0700] [PROCESS] [cadence.virtuoso.ade.simulationMonitor] - Finished simulating for one point {"hostname": "viterbi-scf2", "processid": 143799, "history": "ExplorerRun.0", "testname": "demo_4bit_RCA_tb_1", "cornername": "Nominal", "point": 1, "logfile": "/home/viterbi/01/tongjia/work_gpdk045/logs_tongjia/logs0/Job49.log", "simid": "3"}
[2024-10-16 09:22:31.739 -0700] [PROCESS] [cadence.virtuoso.ade.simulationMonitor] - Simulator exited {"hostname": "viterbi-scf2", "processid": 143799, "history": "ExplorerRun.0", "testname": "demo_4bit_RCA_tb_1", "cornername": "Nominal", "point": 1, "logfile": "/home/viterbi/01/tongjia/work_gpdk045/logs_tongjia/logs0/Job49.log", "exitStatus": "0"}
[2024-10-16 09:22:31.743 -0700] [PROCESS] [cadence.virtuoso.ade.simulationMonitor] - Finished Simulation {"hostname": "viterbi-scf2", "processid": 143799, "history": "ExplorerRun.0", "testname": "demo_4bit_RCA_tb_1", "cornername": "Nominal", "point": 1, "logfile": "/home/viterbi/01/tongjia/work_gpdk045/logs_tongjia/logs0/Job49.log", "simid": "3"}
[2024-10-16 09:22:35.288 -0700] [PROCESS] [cadence.virtuoso.ade.simulationMonitor] - Point Finished {"hostname": "viterbi-scf2", "processid": 143799, "history": "ExplorerRun.0", "testname": "demo_4bit_RCA_tb_1", "cornername": "Nominal", "point": 1, "logfile": "/home/viterbi/01/tongjia/work_gpdk045/logs_tongjia/logs0/Job49.log"}
[2024-10-16 09:22:36.324 -0700] [PROCESS] [cadence.virtuoso.ade.simulationMonitor] - Stay with the runId '2', Linger time '300', currentRunSyn '5', currentTestSyn '6' {"hostname": "viterbi-scf2", "processid": 143799, "history": "ExplorerRun.0", "testname": "demo_4bit_RCA_tb_1", "cornername": "Nominal", "point": 1, "logfile": "/home/viterbi/01/tongjia/work_gpdk045/logs_tongjia/logs0/Job49.log"}
[2024-10-16 09:22:37.328 -0700] [PROCESS] [cadence.virtuoso.ade.simulationMonitor] - Stay with the runId '2', Linger time '300', currentRunSyn '5', currentTestSyn '6' {"hostname": "viterbi-scf2", "processid": 143799, "history": "ExplorerRun.0", "testname": "demo_4bit_RCA_tb_1", "cornername": "Nominal", "point": 1, "logfile": "/home/viterbi/01/tongjia/work_gpdk045/logs_tongjia/logs0/Job49.log"}
[2024-10-16 09:24:48.435 -0700] [INFO] [cadence.virtuoso.ade.simulationMonitor] - SimulationMonitor has terminated the vds process '148385', reason: 'Force to stop the expression evalutor process because of new run' {"history": "ExplorerRun.0", "point": 1, "testname": "demo_4bit_RCA_tb_1", "cornername": "Nominal"}
[2024-10-16 09:24:48.442 -0700] [PROCESS] [cadence.virtuoso.ade.simulationMonitor] - HostInfo:
Host name (type):	viterbi-scf2 (x86_64)
Operating system:	Linux 3.10.0-1160.119.1.el7.tuxcare.els3.x86_64 #1 SMP Fri Aug 23 19:18:06 UTC 2024 {"hostname": "viterbi-scf2", "processid": 143799, "history": "ExplorerRun.0", "testname": "demo_4bit_RCA_tb_1", "cornername": "Nominal", "point": 1, "logfile": "/home/viterbi/01/tongjia/work_gpdk045/logs_tongjia/logs0/Job49.log", "nodename": "viterbi-scf2", "domainname": "viterbi", "machine": "x86_64", "sysname": "Linux", "release": "3.10.0-1160.119.1.el7.tuxcare.els3.x86_64", "version": "#1 SMP Fri Aug 23 19:18:06 UTC 2024"}
[2024-10-16 09:24:48.445 -0700] [PROCESS] [cadence.virtuoso.ade.simulationMonitor] - UsageInfo:
pid=143799
totalPhysicalMemory=1007.132404GB,Used=220.141247GB,totalVirtualMemory=1007.132404GB,Used=220.141247GB
Cpu: Cores=112, Load average:2.730000,2.710000,2.550000 {"hostname": "viterbi-scf2", "processid": 143799, "history": "ExplorerRun.0", "testname": "demo_4bit_RCA_tb_1", "cornername": "Nominal", "point": 1, "logfile": "/home/viterbi/01/tongjia/work_gpdk045/logs_tongjia/logs0/Job49.log", "pid": "143799", "totalPhysicalMemory": "1007.132404", "physicalMemoryUsed": "220.141247", "totalVirtualMemory": "1007.132404", "virtualMemoryUsed": "220.141247", "cpuCores": "112", "processes": "3988", "loadAverage1": "2.730000", "loadAverage5": "2.710000", "loadAverage15": "2.550000", "loadAverage1Percent": "0.024375"}
[2024-10-16 09:24:48.450 -0700] [EVENT] [cadence.virtuoso.ade.simulationMonitor] - NewPoint {"history": "ExplorerRun.0", "point": 1, "testname": "demo_4bit_RCA_tb_1", "cornername": "Nominal", "event": "NewPoint", "EventSource": "Simulation Monitor", "HistoryName": "ExplorerRun.0", "logFile": "/home/viterbi/01/tongjia/work_gpdk045/logs_tongjia/logs0/Job49.log", "logFileSize": "32752"}
[2024-10-16 09:24:48.762 -0700] [EVENT] [cadence.virtuoso.ade.simulationMonitor] - NewPoint {"history": "ExplorerRun.0", "point": 1, "testname": "demo_4bit_RCA_tb_1", "cornername": "Nominal", "event": "NewPoint", "EventSource": "spectre", "HistoryName": "ExplorerRun.0", "logFile": "/home/viterbi/01/tongjia/simulation/demo/4bit_RCA_tb/maestro/results/maestro/ExplorerRun.0/1/demo_4bit_RCA_tb_1/psf/spectre.out", "logFileSize": "-1"}
[2024-10-16 09:24:48.794 -0700] [PROCESS] [cadence.virtuoso.ade.simulationMonitor] - Simulator launched {"hostname": "viterbi-scf2", "processid": 143799, "history": "ExplorerRun.0", "testname": "demo_4bit_RCA_tb_1", "cornername": "Nominal", "point": 1, "logfile": "/home/viterbi/01/tongjia/work_gpdk045/logs_tongjia/logs0/Job49.log", "simid": "4"}
[2024-10-16 09:24:48.801 -0700] [PROCESS] [cadence.virtuoso.ade.simulationMonitor] - Expression evaluator launched {"hostname": "viterbi-scf2", "processid": 143799, "history": "ExplorerRun.0", "testname": "demo_4bit_RCA_tb_1", "cornername": "Nominal", "point": 1, "logfile": "/home/viterbi/01/tongjia/work_gpdk045/logs_tongjia/logs0/Job49.log"}
[2024-10-16 09:24:49.250 -0700] [PROCESS] [cadence.virtuoso.ade.simulationMonitor] - Started Simulation {"hostname": "viterbi-scf2", "processid": 143799, "history": "ExplorerRun.0", "testname": "demo_4bit_RCA_tb_1", "cornername": "Nominal", "point": 1, "logfile": "/home/viterbi/01/tongjia/work_gpdk045/logs_tongjia/logs0/Job49.log", "event": "started", "task": "simulation"}
[2024-10-16 09:24:50.255 -0700] [INFO] [cadence.virtuoso.ade.simulationMonitor] - Peak resident memory used = 57.7 Mbytes. {"history": "ExplorerRun.0", "point": 1, "testname": "demo_4bit_RCA_tb_1", "cornername": "Nominal"}
[2024-10-16 09:24:50.758 -0700] [INFO] [cadence.virtuoso.ade.simulationMonitor] - Peak resident memory used = 68 Mbytes. {"history": "ExplorerRun.0", "point": 1, "testname": "demo_4bit_RCA_tb_1", "cornername": "Nominal"}
[2024-10-16 09:24:50.760 -0700] [INFO] [cadence.virtuoso.ade.simulationMonitor] - Peak resident memory used = 69.2 Mbytes. {"history": "ExplorerRun.0", "point": 1, "testname": "demo_4bit_RCA_tb_1", "cornername": "Nominal"}
[2024-10-16 09:24:50.763 -0700] [INFO] [cadence.virtuoso.ade.simulationMonitor] - Notice from spectre during initial setup.
    Multithreading is disabled due to the size of the design being too small. {"history": "ExplorerRun.0", "point": 1, "testname": "demo_4bit_RCA_tb_1", "cornername": "Nominal"}
[2024-10-16 09:24:50.775 -0700] [INFO] [cadence.virtuoso.ade.simulationMonitor] -               nodes 268 {"history": "ExplorerRun.0", "point": 1, "testname": "demo_4bit_RCA_tb_1", "cornername": "Nominal"}
[2024-10-16 09:24:50.777 -0700] [INFO] [cadence.virtuoso.ade.simulationMonitor] - Notice from spectre during initial setup.
    APS Enabled. {"history": "ExplorerRun.0", "point": 1, "testname": "demo_4bit_RCA_tb_1", "cornername": "Nominal"}
[2024-10-16 09:24:50.780 -0700] [INFO] [cadence.virtuoso.ade.simulationMonitor] - Peak resident memory used = 70.4 Mbytes. {"history": "ExplorerRun.0", "point": 1, "testname": "demo_4bit_RCA_tb_1", "cornername": "Nominal"}
[2024-10-16 09:24:50.784 -0700] [WARN] [cadence.virtuoso.ade.simulationMonitor] -     WARNING (SPECTRE-16707): Only tran supports psfxl format, result of other analyses will be in psfbin format. {"history": "ExplorerRun.0", "point": 1, "testname": "demo_4bit_RCA_tb_1", "cornername": "Nominal"}
[2024-10-16 09:24:50.788 -0700] [INFO] [cadence.virtuoso.ade.simulationMonitor] - Notice from spectre during IC analysis, during transient analysis `tran'.
    GminDC = 1 pS is large enough to noticeably affect the DC solution.
        dV(I1.I3.I1.net1) = -12.0849 mV
        Use the `gmin_check' option to eliminate or expand this report.
    Bad pivoting is found during DC analysis. Option dc_pivot_check=yes is recommended for possible improvement of convergence. {"history": "ExplorerRun.0", "point": 1, "testname": "demo_4bit_RCA_tb_1", "cornername": "Nominal"}
[2024-10-16 09:24:50.792 -0700] [INFO] [cadence.virtuoso.ade.simulationMonitor] - Notice from spectre during transient analysis `tran'.
    Multithreading is disabled due to the size of the design being too small. {"history": "ExplorerRun.0", "point": 1, "testname": "demo_4bit_RCA_tb_1", "cornername": "Nominal"}
[2024-10-16 09:24:50.795 -0700] [INFO] [cadence.virtuoso.ade.simulationMonitor] - Total time required for tran analysis `tran': CPU = 185.233 ms, elapsed = 202.03 ms. {"history": "ExplorerRun.0", "point": 1, "testname": "demo_4bit_RCA_tb_1", "cornername": "Nominal"}
[2024-10-16 09:24:50.799 -0700] [INFO] [cadence.virtuoso.ade.simulationMonitor] - Peak resident memory used = 75.3 Mbytes. {"history": "ExplorerRun.0", "point": 1, "testname": "demo_4bit_RCA_tb_1", "cornername": "Nominal"}
[2024-10-16 09:24:50.802 -0700] [INFO] [cadence.virtuoso.ade.simulationMonitor] - Time used: CPU = 1.45 s, elapsed = 1.75 s, util. = 83%. {"history": "ExplorerRun.0", "point": 1, "testname": "demo_4bit_RCA_tb_1", "cornername": "Nominal"}
[2024-10-16 09:24:50.805 -0700] [INFO] [cadence.virtuoso.ade.simulationMonitor] - Time spent in licensing: elapsed = 35.5 ms. {"history": "ExplorerRun.0", "point": 1, "testname": "demo_4bit_RCA_tb_1", "cornername": "Nominal"}
[2024-10-16 09:24:50.810 -0700] [INFO] [cadence.virtuoso.ade.simulationMonitor] - Peak memory used = 75.9 Mbytes. {"history": "ExplorerRun.0", "point": 1, "testname": "demo_4bit_RCA_tb_1", "cornername": "Nominal"}
[2024-10-16 09:24:50.817 -0700] [PROCESS] [cadence.virtuoso.ade.simulationMonitor] - Simulation started at: 9:24:48 AM, Wed Oct 16, 2024, ended at: 9:24:50 AM, Wed Oct 16, 2024, with elapsed time (wall clock): 1.75 s. {"history": "ExplorerRun.0", "point": 1, "testname": "demo_4bit_RCA_tb_1", "cornername": "Nominal"}
[2024-10-16 09:24:50.820 -0700] [PROCESS] [cadence.virtuoso.ade.simulationMonitor] - spectre completes with 0 errors, 1 warning, and 5 notices. {"history": "ExplorerRun.0", "point": 1, "testname": "demo_4bit_RCA_tb_1", "cornername": "Nominal"}
[2024-10-16 09:24:51.327 -0700] [PROCESS] [cadence.virtuoso.ade.simulationMonitor] - Finished simulating for one point {"hostname": "viterbi-scf2", "processid": 143799, "history": "ExplorerRun.0", "testname": "demo_4bit_RCA_tb_1", "cornername": "Nominal", "point": 1, "logfile": "/home/viterbi/01/tongjia/work_gpdk045/logs_tongjia/logs0/Job49.log", "simid": "4"}
[2024-10-16 09:24:51.330 -0700] [PROCESS] [cadence.virtuoso.ade.simulationMonitor] - Simulator exited {"hostname": "viterbi-scf2", "processid": 143799, "history": "ExplorerRun.0", "testname": "demo_4bit_RCA_tb_1", "cornername": "Nominal", "point": 1, "logfile": "/home/viterbi/01/tongjia/work_gpdk045/logs_tongjia/logs0/Job49.log", "exitStatus": "0"}
[2024-10-16 09:24:51.333 -0700] [PROCESS] [cadence.virtuoso.ade.simulationMonitor] - Finished Simulation {"hostname": "viterbi-scf2", "processid": 143799, "history": "ExplorerRun.0", "testname": "demo_4bit_RCA_tb_1", "cornername": "Nominal", "point": 1, "logfile": "/home/viterbi/01/tongjia/work_gpdk045/logs_tongjia/logs0/Job49.log", "simid": "4"}
[2024-10-16 09:24:54.875 -0700] [PROCESS] [cadence.virtuoso.ade.simulationMonitor] - Point Finished {"hostname": "viterbi-scf2", "processid": 143799, "history": "ExplorerRun.0", "testname": "demo_4bit_RCA_tb_1", "cornername": "Nominal", "point": 1, "logfile": "/home/viterbi/01/tongjia/work_gpdk045/logs_tongjia/logs0/Job49.log"}
[2024-10-16 09:24:55.912 -0700] [PROCESS] [cadence.virtuoso.ade.simulationMonitor] - Stay with the runId '3', Linger time '300', currentRunSyn '7', currentTestSyn '8' {"hostname": "viterbi-scf2", "processid": 143799, "history": "ExplorerRun.0", "testname": "demo_4bit_RCA_tb_1", "cornername": "Nominal", "point": 1, "logfile": "/home/viterbi/01/tongjia/work_gpdk045/logs_tongjia/logs0/Job49.log"}
[2024-10-16 09:24:56.915 -0700] [PROCESS] [cadence.virtuoso.ade.simulationMonitor] - Stay with the runId '3', Linger time '300', currentRunSyn '7', currentTestSyn '8' {"hostname": "viterbi-scf2", "processid": 143799, "history": "ExplorerRun.0", "testname": "demo_4bit_RCA_tb_1", "cornername": "Nominal", "point": 1, "logfile": "/home/viterbi/01/tongjia/work_gpdk045/logs_tongjia/logs0/Job49.log"}
[2024-10-16 09:25:50.686 -0700] [INFO] [cadence.virtuoso.ade.simulationMonitor] - SimulationMonitor has terminated the vds process '151512', reason: 'Force to stop the expression evalutor process because of new run' {"history": "ExplorerRun.0", "point": 1, "testname": "demo_4bit_RCA_tb_1", "cornername": "Nominal"}
[2024-10-16 09:25:50.699 -0700] [PROCESS] [cadence.virtuoso.ade.simulationMonitor] - HostInfo:
Host name (type):	viterbi-scf2 (x86_64)
Operating system:	Linux 3.10.0-1160.119.1.el7.tuxcare.els3.x86_64 #1 SMP Fri Aug 23 19:18:06 UTC 2024 {"hostname": "viterbi-scf2", "processid": 143799, "history": "ExplorerRun.0", "testname": "demo_4bit_RCA_tb_1", "cornername": "Nominal", "point": 1, "logfile": "/home/viterbi/01/tongjia/work_gpdk045/logs_tongjia/logs0/Job49.log", "nodename": "viterbi-scf2", "domainname": "viterbi", "machine": "x86_64", "sysname": "Linux", "release": "3.10.0-1160.119.1.el7.tuxcare.els3.x86_64", "version": "#1 SMP Fri Aug 23 19:18:06 UTC 2024"}
[2024-10-16 09:25:50.706 -0700] [PROCESS] [cadence.virtuoso.ade.simulationMonitor] - UsageInfo:
pid=143799
totalPhysicalMemory=1007.132404GB,Used=220.217640GB,totalVirtualMemory=1007.132404GB,Used=220.217640GB
Cpu: Cores=112, Load average:2.640000,2.700000,2.550000 {"hostname": "viterbi-scf2", "processid": 143799, "history": "ExplorerRun.0", "testname": "demo_4bit_RCA_tb_1", "cornername": "Nominal", "point": 1, "logfile": "/home/viterbi/01/tongjia/work_gpdk045/logs_tongjia/logs0/Job49.log", "pid": "143799", "totalPhysicalMemory": "1007.132404", "physicalMemoryUsed": "220.217640", "totalVirtualMemory": "1007.132404", "virtualMemoryUsed": "220.217640", "cpuCores": "112", "processes": "3986", "loadAverage1": "2.640000", "loadAverage5": "2.700000", "loadAverage15": "2.550000", "loadAverage1Percent": "0.023571"}
[2024-10-16 09:25:50.712 -0700] [EVENT] [cadence.virtuoso.ade.simulationMonitor] - NewPoint {"history": "ExplorerRun.0", "point": 1, "testname": "demo_4bit_RCA_tb_1", "cornername": "Nominal", "event": "NewPoint", "EventSource": "Simulation Monitor", "HistoryName": "ExplorerRun.0", "logFile": "/home/viterbi/01/tongjia/work_gpdk045/logs_tongjia/logs0/Job49.log", "logFileSize": "43177"}
[2024-10-16 09:25:51.022 -0700] [EVENT] [cadence.virtuoso.ade.simulationMonitor] - NewPoint {"history": "ExplorerRun.0", "point": 1, "testname": "demo_4bit_RCA_tb_1", "cornername": "Nominal", "event": "NewPoint", "EventSource": "spectre", "HistoryName": "ExplorerRun.0", "logFile": "/home/viterbi/01/tongjia/simulation/demo/4bit_RCA_tb/maestro/results/maestro/ExplorerRun.0/1/demo_4bit_RCA_tb_1/psf/spectre.out", "logFileSize": "-1"}
[2024-10-16 09:25:51.057 -0700] [PROCESS] [cadence.virtuoso.ade.simulationMonitor] - Simulator launched {"hostname": "viterbi-scf2", "processid": 143799, "history": "ExplorerRun.0", "testname": "demo_4bit_RCA_tb_1", "cornername": "Nominal", "point": 1, "logfile": "/home/viterbi/01/tongjia/work_gpdk045/logs_tongjia/logs0/Job49.log", "simid": "5"}
[2024-10-16 09:25:51.065 -0700] [PROCESS] [cadence.virtuoso.ade.simulationMonitor] - Expression evaluator launched {"hostname": "viterbi-scf2", "processid": 143799, "history": "ExplorerRun.0", "testname": "demo_4bit_RCA_tb_1", "cornername": "Nominal", "point": 1, "logfile": "/home/viterbi/01/tongjia/work_gpdk045/logs_tongjia/logs0/Job49.log"}
[2024-10-16 09:25:51.534 -0700] [PROCESS] [cadence.virtuoso.ade.simulationMonitor] - Started Simulation {"hostname": "viterbi-scf2", "processid": 143799, "history": "ExplorerRun.0", "testname": "demo_4bit_RCA_tb_1", "cornername": "Nominal", "point": 1, "logfile": "/home/viterbi/01/tongjia/work_gpdk045/logs_tongjia/logs0/Job49.log", "event": "started", "task": "simulation"}
[2024-10-16 09:25:52.540 -0700] [INFO] [cadence.virtuoso.ade.simulationMonitor] - Peak resident memory used = 57.7 Mbytes. {"history": "ExplorerRun.0", "point": 1, "testname": "demo_4bit_RCA_tb_1", "cornername": "Nominal"}
[2024-10-16 09:25:53.047 -0700] [INFO] [cadence.virtuoso.ade.simulationMonitor] - Peak resident memory used = 68 Mbytes. {"history": "ExplorerRun.0", "point": 1, "testname": "demo_4bit_RCA_tb_1", "cornername": "Nominal"}
[2024-10-16 09:25:53.051 -0700] [INFO] [cadence.virtuoso.ade.simulationMonitor] - Peak resident memory used = 69.2 Mbytes. {"history": "ExplorerRun.0", "point": 1, "testname": "demo_4bit_RCA_tb_1", "cornername": "Nominal"}
[2024-10-16 09:25:53.055 -0700] [INFO] [cadence.virtuoso.ade.simulationMonitor] - Notice from spectre during initial setup.
    Multithreading is disabled due to the size of the design being too small. {"history": "ExplorerRun.0", "point": 1, "testname": "demo_4bit_RCA_tb_1", "cornername": "Nominal"}
[2024-10-16 09:25:53.066 -0700] [INFO] [cadence.virtuoso.ade.simulationMonitor] -               nodes 268 {"history": "ExplorerRun.0", "point": 1, "testname": "demo_4bit_RCA_tb_1", "cornername": "Nominal"}
[2024-10-16 09:25:53.068 -0700] [INFO] [cadence.virtuoso.ade.simulationMonitor] - Notice from spectre during initial setup.
    APS Enabled. {"history": "ExplorerRun.0", "point": 1, "testname": "demo_4bit_RCA_tb_1", "cornername": "Nominal"}
[2024-10-16 09:25:53.071 -0700] [INFO] [cadence.virtuoso.ade.simulationMonitor] - Peak resident memory used = 70.4 Mbytes. {"history": "ExplorerRun.0", "point": 1, "testname": "demo_4bit_RCA_tb_1", "cornername": "Nominal"}
[2024-10-16 09:25:53.075 -0700] [WARN] [cadence.virtuoso.ade.simulationMonitor] -     WARNING (SPECTRE-16707): Only tran supports psfxl format, result of other analyses will be in psfbin format. {"history": "ExplorerRun.0", "point": 1, "testname": "demo_4bit_RCA_tb_1", "cornername": "Nominal"}
[2024-10-16 09:25:53.079 -0700] [INFO] [cadence.virtuoso.ade.simulationMonitor] - Notice from spectre during IC analysis, during transient analysis `tran'.
    GminDC = 1 pS is large enough to noticeably affect the DC solution.
        dV(I1.I3.I1.net1) = -12.0849 mV
        Use the `gmin_check' option to eliminate or expand this report.
    Bad pivoting is found during DC analysis. Option dc_pivot_check=yes is recommended for possible improvement of convergence. {"history": "ExplorerRun.0", "point": 1, "testname": "demo_4bit_RCA_tb_1", "cornername": "Nominal"}
[2024-10-16 09:25:53.082 -0700] [INFO] [cadence.virtuoso.ade.simulationMonitor] - Notice from spectre during transient analysis `tran'.
    Multithreading is disabled due to the size of the design being too small. {"history": "ExplorerRun.0", "point": 1, "testname": "demo_4bit_RCA_tb_1", "cornername": "Nominal"}
[2024-10-16 09:25:53.085 -0700] [INFO] [cadence.virtuoso.ade.simulationMonitor] - Total time required for tran analysis `tran': CPU = 170.327 ms, elapsed = 183.641 ms. {"history": "ExplorerRun.0", "point": 1, "testname": "demo_4bit_RCA_tb_1", "cornername": "Nominal"}
[2024-10-16 09:25:53.089 -0700] [INFO] [cadence.virtuoso.ade.simulationMonitor] - Peak resident memory used = 75.4 Mbytes. {"history": "ExplorerRun.0", "point": 1, "testname": "demo_4bit_RCA_tb_1", "cornername": "Nominal"}
[2024-10-16 09:25:53.092 -0700] [INFO] [cadence.virtuoso.ade.simulationMonitor] - Time used: CPU = 1.37 s, elapsed = 1.68 s, util. = 81.3%. {"history": "ExplorerRun.0", "point": 1, "testname": "demo_4bit_RCA_tb_1", "cornername": "Nominal"}
[2024-10-16 09:25:53.096 -0700] [INFO] [cadence.virtuoso.ade.simulationMonitor] - Time spent in licensing: elapsed = 27.7 ms. {"history": "ExplorerRun.0", "point": 1, "testname": "demo_4bit_RCA_tb_1", "cornername": "Nominal"}
[2024-10-16 09:25:53.100 -0700] [INFO] [cadence.virtuoso.ade.simulationMonitor] - Peak memory used = 75.9 Mbytes. {"history": "ExplorerRun.0", "point": 1, "testname": "demo_4bit_RCA_tb_1", "cornername": "Nominal"}
[2024-10-16 09:25:53.107 -0700] [PROCESS] [cadence.virtuoso.ade.simulationMonitor] - Simulation started at: 9:25:51 AM, Wed Oct 16, 2024, ended at: 9:25:52 AM, Wed Oct 16, 2024, with elapsed time (wall clock): 1.68 s. {"history": "ExplorerRun.0", "point": 1, "testname": "demo_4bit_RCA_tb_1", "cornername": "Nominal"}
[2024-10-16 09:25:53.110 -0700] [PROCESS] [cadence.virtuoso.ade.simulationMonitor] - spectre completes with 0 errors, 1 warning, and 5 notices. {"history": "ExplorerRun.0", "point": 1, "testname": "demo_4bit_RCA_tb_1", "cornername": "Nominal"}
[2024-10-16 09:25:53.113 -0700] [PROCESS] [cadence.virtuoso.ade.simulationMonitor] - Finished simulating for one point {"hostname": "viterbi-scf2", "processid": 143799, "history": "ExplorerRun.0", "testname": "demo_4bit_RCA_tb_1", "cornername": "Nominal", "point": 1, "logfile": "/home/viterbi/01/tongjia/work_gpdk045/logs_tongjia/logs0/Job49.log", "simid": "5"}
[2024-10-16 09:25:53.116 -0700] [PROCESS] [cadence.virtuoso.ade.simulationMonitor] - Simulator exited {"hostname": "viterbi-scf2", "processid": 143799, "history": "ExplorerRun.0", "testname": "demo_4bit_RCA_tb_1", "cornername": "Nominal", "point": 1, "logfile": "/home/viterbi/01/tongjia/work_gpdk045/logs_tongjia/logs0/Job49.log", "exitStatus": "0"}
[2024-10-16 09:25:53.119 -0700] [PROCESS] [cadence.virtuoso.ade.simulationMonitor] - Finished Simulation {"hostname": "viterbi-scf2", "processid": 143799, "history": "ExplorerRun.0", "testname": "demo_4bit_RCA_tb_1", "cornername": "Nominal", "point": 1, "logfile": "/home/viterbi/01/tongjia/work_gpdk045/logs_tongjia/logs0/Job49.log", "simid": "5"}
[2024-10-16 09:25:57.165 -0700] [PROCESS] [cadence.virtuoso.ade.simulationMonitor] - Point Finished {"hostname": "viterbi-scf2", "processid": 143799, "history": "ExplorerRun.0", "testname": "demo_4bit_RCA_tb_1", "cornername": "Nominal", "point": 1, "logfile": "/home/viterbi/01/tongjia/work_gpdk045/logs_tongjia/logs0/Job49.log"}
[2024-10-16 09:25:58.223 -0700] [PROCESS] [cadence.virtuoso.ade.simulationMonitor] - Stay with the runId '4', Linger time '300', currentRunSyn '9', currentTestSyn '10' {"hostname": "viterbi-scf2", "processid": 143799, "history": "ExplorerRun.0", "testname": "demo_4bit_RCA_tb_1", "cornername": "Nominal", "point": 1, "logfile": "/home/viterbi/01/tongjia/work_gpdk045/logs_tongjia/logs0/Job49.log"}
[2024-10-16 09:25:59.221 -0700] [PROCESS] [cadence.virtuoso.ade.simulationMonitor] - Stay with the runId '4', Linger time '300', currentRunSyn '9', currentTestSyn '10' {"hostname": "viterbi-scf2", "processid": 143799, "history": "ExplorerRun.0", "testname": "demo_4bit_RCA_tb_1", "cornername": "Nominal", "point": 1, "logfile": "/home/viterbi/01/tongjia/work_gpdk045/logs_tongjia/logs0/Job49.log"}
[2024-10-16 09:30:59.037 -0700] [PROCESS] [cadence.virtuoso.ade.simulationMonitor] - Current memory used: 32.4648 MBytes, peak memory used: 32.4648 MBytes {"hostname": "viterbi-scf2", "processid": 143799, "history": "ExplorerRun.0", "testname": "demo_4bit_RCA_tb_1", "cornername": "Nominal", "point": 1, "logfile": "/home/viterbi/01/tongjia/work_gpdk045/logs_tongjia/logs0/Job49.log"}
[2024-10-16 09:30:59.038 -0700] [PROCESS] [cadence.virtuoso.ade.simulationMonitor] - Simulation Monitor process exit. {"hostname": "viterbi-scf2", "processid": 143799, "history": "ExplorerRun.0", "testname": "demo_4bit_RCA_tb_1", "cornername": "Nominal", "point": 1, "logfile": "/home/viterbi/01/tongjia/work_gpdk045/logs_tongjia/logs0/Job49.log"}
