[Simulation Monitor: 41]
[2024-10-16 08:04:56.615 -0700] [PROCESS] [cadence.virtuoso.ade.simulationMonitor] - Simulation Monitor has successfully started up. Trying to set up communication channels to other components ... {"hostname": "viterbi-scf2", "processid": 13370, "logfile": "/home/viterbi/01/tongjia/work_gpdk045/logs_tongjia/logs0/Job41.log"}
[2024-10-16 08:04:56.624 -0700] [PROCESS] [cadence.virtuoso.ade.simulationMonitor] - Communication channels have been successfully set up. Start processing events ... {"hostname": "viterbi-scf2", "processid": 13370, "logfile": "/home/viterbi/01/tongjia/work_gpdk045/logs_tongjia/logs0/Job41.log"}
[2024-10-16 08:04:56.627 -0700] [PROCESS] [cadence.virtuoso.ade.simulationMonitor] - Considering to start history {"hostname": "viterbi-scf2", "processid": 13370, "history": "ExplorerRun.0", "logfile": "/home/viterbi/01/tongjia/work_gpdk045/logs_tongjia/logs0/Job41.log"}
[2024-10-16 08:04:56.684 -0700] [PROCESS] [cadence.virtuoso.ade.simulationMonitor] - HostInfo:
Host name (type):	viterbi-scf2 (x86_64)
Operating system:	Linux 3.10.0-1160.119.1.el7.tuxcare.els3.x86_64 #1 SMP Fri Aug 23 19:18:06 UTC 2024 {"hostname": "viterbi-scf2", "processid": 13370, "history": "ExplorerRun.0", "logfile": "/home/viterbi/01/tongjia/work_gpdk045/logs_tongjia/logs0/Job41.log", "nodename": "viterbi-scf2", "domainname": "viterbi", "machine": "x86_64", "sysname": "Linux", "release": "3.10.0-1160.119.1.el7.tuxcare.els3.x86_64", "version": "#1 SMP Fri Aug 23 19:18:06 UTC 2024"}
[2024-10-16 08:04:56.696 -0700] [PROCESS] [cadence.virtuoso.ade.simulationMonitor] - UsageInfo:
pid=13370
totalPhysicalMemory=1007.132404GB,Used=219.172626GB,totalVirtualMemory=1007.132404GB,Used=219.172626GB
Cpu: Cores=112, Load average:3.190000,2.910000,2.700000 {"hostname": "viterbi-scf2", "processid": 13370, "history": "ExplorerRun.0", "logfile": "/home/viterbi/01/tongjia/work_gpdk045/logs_tongjia/logs0/Job41.log", "pid": "13370", "totalPhysicalMemory": "1007.132404", "physicalMemoryUsed": "219.172626", "totalVirtualMemory": "1007.132404", "virtualMemoryUsed": "219.172626", "cpuCores": "112", "processes": "3909", "loadAverage1": "3.190000", "loadAverage5": "2.910000", "loadAverage15": "2.700000", "loadAverage1Percent": "0.028482"}
[2024-10-16 08:04:56.704 -0700] [EVENT] [cadence.virtuoso.ade.simulationMonitor] - NewPoint {"history": "ExplorerRun.0", "point": 1, "testname": "demo_4bit_RCA_1", "cornername": "Nominal", "event": "NewPoint", "EventSource": "Simulation Monitor", "HistoryName": "ExplorerRun.0", "logFile": "/home/viterbi/01/tongjia/work_gpdk045/logs_tongjia/logs0/Job41.log", "logFileSize": "2261"}
[2024-10-16 08:04:56.921 -0700] [EVENT] [cadence.virtuoso.ade.simulationMonitor] - NewPoint {"history": "ExplorerRun.0", "point": 1, "testname": "demo_4bit_RCA_1", "cornername": "Nominal", "event": "NewPoint", "EventSource": "spectre", "HistoryName": "ExplorerRun.0", "logFile": "/home/viterbi/01/tongjia/simulation/demo/4bit_RCA/maestro/results/maestro/ExplorerRun.0/1/demo_4bit_RCA_1/psf/spectre.out", "logFileSize": "-1"}
[2024-10-16 08:04:56.959 -0700] [PROCESS] [cadence.virtuoso.ade.simulationMonitor] - Simulator launched {"hostname": "viterbi-scf2", "processid": 13370, "history": "ExplorerRun.0", "testname": "demo_4bit_RCA_1", "cornername": "Nominal", "point": 1, "logfile": "/home/viterbi/01/tongjia/work_gpdk045/logs_tongjia/logs0/Job41.log", "simid": "1"}
[2024-10-16 08:04:56.969 -0700] [PROCESS] [cadence.virtuoso.ade.simulationMonitor] - Expression evaluator launched {"hostname": "viterbi-scf2", "processid": 13370, "history": "ExplorerRun.0", "testname": "demo_4bit_RCA_1", "cornername": "Nominal", "point": 1, "logfile": "/home/viterbi/01/tongjia/work_gpdk045/logs_tongjia/logs0/Job41.log"}
[2024-10-16 08:04:57.499 -0700] [PROCESS] [cadence.virtuoso.ade.simulationMonitor] - Started Simulation {"hostname": "viterbi-scf2", "processid": 13370, "history": "ExplorerRun.0", "testname": "demo_4bit_RCA_1", "cornername": "Nominal", "point": 1, "logfile": "/home/viterbi/01/tongjia/work_gpdk045/logs_tongjia/logs0/Job41.log", "event": "started", "task": "simulation"}
[2024-10-16 08:04:58.506 -0700] [INFO] [cadence.virtuoso.ade.simulationMonitor] - Peak resident memory used = 57.6 Mbytes. {"history": "ExplorerRun.0", "point": 1, "testname": "demo_4bit_RCA_1", "cornername": "Nominal"}
[2024-10-16 08:04:59.008 -0700] [INFO] [cadence.virtuoso.ade.simulationMonitor] - Peak resident memory used = 67.6 Mbytes. {"history": "ExplorerRun.0", "point": 1, "testname": "demo_4bit_RCA_1", "cornername": "Nominal"}
[2024-10-16 08:04:59.010 -0700] [INFO] [cadence.virtuoso.ade.simulationMonitor] - Peak resident memory used = 68.7 Mbytes. {"history": "ExplorerRun.0", "point": 1, "testname": "demo_4bit_RCA_1", "cornername": "Nominal"}
[2024-10-16 08:04:59.014 -0700] [INFO] [cadence.virtuoso.ade.simulationMonitor] - Notice from spectre during initial setup.
    Multithreading is disabled due to the size of the design being too small. {"history": "ExplorerRun.0", "point": 1, "testname": "demo_4bit_RCA_1", "cornername": "Nominal"}
[2024-10-16 08:04:59.024 -0700] [INFO] [cadence.virtuoso.ade.simulationMonitor] -               nodes 226 {"history": "ExplorerRun.0", "point": 1, "testname": "demo_4bit_RCA_1", "cornername": "Nominal"}
[2024-10-16 08:04:59.026 -0700] [INFO] [cadence.virtuoso.ade.simulationMonitor] - Notice from spectre during initial setup.
    APS Enabled. {"history": "ExplorerRun.0", "point": 1, "testname": "demo_4bit_RCA_1", "cornername": "Nominal"}
[2024-10-16 08:04:59.029 -0700] [INFO] [cadence.virtuoso.ade.simulationMonitor] - Peak resident memory used = 69.9 Mbytes. {"history": "ExplorerRun.0", "point": 1, "testname": "demo_4bit_RCA_1", "cornername": "Nominal"}
[2024-10-16 08:04:59.032 -0700] [WARN] [cadence.virtuoso.ade.simulationMonitor] -     WARNING (SPECTRE-16707): Only tran supports psfxl format, result of other analyses will be in psfbin format. {"history": "ExplorerRun.0", "point": 1, "testname": "demo_4bit_RCA_1", "cornername": "Nominal"}
[2024-10-16 08:04:59.036 -0700] [INFO] [cadence.virtuoso.ade.simulationMonitor] - Notice from spectre during IC analysis, during transient analysis `tran'.
    GminDC = 1 pS is large enough to noticeably affect the DC solution.
        dV(S1) = -57.5822 mV
        Use the `gmin_check' option to eliminate or expand this report.
    Bad pivoting is found during DC analysis. Option dc_pivot_check=yes is recommended for possible improvement of convergence. {"history": "ExplorerRun.0", "point": 1, "testname": "demo_4bit_RCA_1", "cornername": "Nominal"}
[2024-10-16 08:04:59.039 -0700] [INFO] [cadence.virtuoso.ade.simulationMonitor] - Notice from spectre during transient analysis `tran'.
    Multithreading is disabled due to the size of the design being too small. {"history": "ExplorerRun.0", "point": 1, "testname": "demo_4bit_RCA_1", "cornername": "Nominal"}
[2024-10-16 08:04:59.546 -0700] [INFO] [cadence.virtuoso.ade.simulationMonitor] - Total time required for tran analysis `tran': CPU = 406.641 ms, elapsed = 432.955 ms. {"history": "ExplorerRun.0", "point": 1, "testname": "demo_4bit_RCA_1", "cornername": "Nominal"}
[2024-10-16 08:04:59.551 -0700] [INFO] [cadence.virtuoso.ade.simulationMonitor] - Peak resident memory used = 74.5 Mbytes. {"history": "ExplorerRun.0", "point": 1, "testname": "demo_4bit_RCA_1", "cornername": "Nominal"}
[2024-10-16 08:04:59.556 -0700] [INFO] [cadence.virtuoso.ade.simulationMonitor] - Time used: CPU = 1.6 s, elapsed = 1.93 s, util. = 82.6%. {"history": "ExplorerRun.0", "point": 1, "testname": "demo_4bit_RCA_1", "cornername": "Nominal"}
[2024-10-16 08:04:59.563 -0700] [INFO] [cadence.virtuoso.ade.simulationMonitor] - Time spent in licensing: elapsed = 33.1 ms. {"history": "ExplorerRun.0", "point": 1, "testname": "demo_4bit_RCA_1", "cornername": "Nominal"}
[2024-10-16 08:04:59.568 -0700] [INFO] [cadence.virtuoso.ade.simulationMonitor] - Peak memory used = 75.1 Mbytes. {"history": "ExplorerRun.0", "point": 1, "testname": "demo_4bit_RCA_1", "cornername": "Nominal"}
[2024-10-16 08:04:59.576 -0700] [PROCESS] [cadence.virtuoso.ade.simulationMonitor] - Simulation started at: 8:04:57 AM, Wed Oct 16, 2024, ended at: 8:04:59 AM, Wed Oct 16, 2024, with elapsed time (wall clock): 1.93 s. {"history": "ExplorerRun.0", "point": 1, "testname": "demo_4bit_RCA_1", "cornername": "Nominal"}
[2024-10-16 08:04:59.578 -0700] [PROCESS] [cadence.virtuoso.ade.simulationMonitor] - spectre completes with 0 errors, 1 warning, and 5 notices. {"history": "ExplorerRun.0", "point": 1, "testname": "demo_4bit_RCA_1", "cornername": "Nominal"}
[2024-10-16 08:04:59.581 -0700] [PROCESS] [cadence.virtuoso.ade.simulationMonitor] - Finished simulating for one point {"hostname": "viterbi-scf2", "processid": 13370, "history": "ExplorerRun.0", "testname": "demo_4bit_RCA_1", "cornername": "Nominal", "point": 1, "logfile": "/home/viterbi/01/tongjia/work_gpdk045/logs_tongjia/logs0/Job41.log", "simid": "1"}
[2024-10-16 08:04:59.584 -0700] [PROCESS] [cadence.virtuoso.ade.simulationMonitor] - Simulator exited {"hostname": "viterbi-scf2", "processid": 13370, "history": "ExplorerRun.0", "testname": "demo_4bit_RCA_1", "cornername": "Nominal", "point": 1, "logfile": "/home/viterbi/01/tongjia/work_gpdk045/logs_tongjia/logs0/Job41.log", "exitStatus": "0"}
[2024-10-16 08:04:59.587 -0700] [PROCESS] [cadence.virtuoso.ade.simulationMonitor] - Finished Simulation {"hostname": "viterbi-scf2", "processid": 13370, "history": "ExplorerRun.0", "testname": "demo_4bit_RCA_1", "cornername": "Nominal", "point": 1, "logfile": "/home/viterbi/01/tongjia/work_gpdk045/logs_tongjia/logs0/Job41.log", "simid": "1"}
[2024-10-16 08:05:03.134 -0700] [PROCESS] [cadence.virtuoso.ade.simulationMonitor] - Point Finished {"hostname": "viterbi-scf2", "processid": 13370, "history": "ExplorerRun.0", "testname": "demo_4bit_RCA_1", "cornername": "Nominal", "point": 1, "logfile": "/home/viterbi/01/tongjia/work_gpdk045/logs_tongjia/logs0/Job41.log"}
[2024-10-16 08:05:04.175 -0700] [PROCESS] [cadence.virtuoso.ade.simulationMonitor] - Stay with the runId '0', Linger time '300', currentRunSyn '1', currentTestSyn '2' {"hostname": "viterbi-scf2", "processid": 13370, "history": "ExplorerRun.0", "testname": "demo_4bit_RCA_1", "cornername": "Nominal", "point": 1, "logfile": "/home/viterbi/01/tongjia/work_gpdk045/logs_tongjia/logs0/Job41.log"}
[2024-10-16 08:07:36.335 -0700] [INFO] [cadence.virtuoso.ade.simulationMonitor] - SimulationMonitor has terminated the vds process '13473', reason: 'Force to stop the expression evalutor process because of new run' {"history": "ExplorerRun.0", "point": 1, "testname": "demo_4bit_RCA_1", "cornername": "Nominal"}
[2024-10-16 08:07:36.342 -0700] [PROCESS] [cadence.virtuoso.ade.simulationMonitor] - HostInfo:
Host name (type):	viterbi-scf2 (x86_64)
Operating system:	Linux 3.10.0-1160.119.1.el7.tuxcare.els3.x86_64 #1 SMP Fri Aug 23 19:18:06 UTC 2024 {"hostname": "viterbi-scf2", "processid": 13370, "history": "ExplorerRun.0", "testname": "demo_4bit_RCA_1", "cornername": "Nominal", "point": 1, "logfile": "/home/viterbi/01/tongjia/work_gpdk045/logs_tongjia/logs0/Job41.log", "nodename": "viterbi-scf2", "domainname": "viterbi", "machine": "x86_64", "sysname": "Linux", "release": "3.10.0-1160.119.1.el7.tuxcare.els3.x86_64", "version": "#1 SMP Fri Aug 23 19:18:06 UTC 2024"}
[2024-10-16 08:07:36.345 -0700] [PROCESS] [cadence.virtuoso.ade.simulationMonitor] - UsageInfo:
pid=13370
totalPhysicalMemory=1007.132404GB,Used=218.912357GB,totalVirtualMemory=1007.132404GB,Used=218.912357GB
Cpu: Cores=112, Load average:2.310000,2.620000,2.630000 {"hostname": "viterbi-scf2", "processid": 13370, "history": "ExplorerRun.0", "testname": "demo_4bit_RCA_1", "cornername": "Nominal", "point": 1, "logfile": "/home/viterbi/01/tongjia/work_gpdk045/logs_tongjia/logs0/Job41.log", "pid": "13370", "totalPhysicalMemory": "1007.132404", "physicalMemoryUsed": "218.912357", "totalVirtualMemory": "1007.132404", "virtualMemoryUsed": "218.912357", "cpuCores": "112", "processes": "3845", "loadAverage1": "2.310000", "loadAverage5": "2.620000", "loadAverage15": "2.630000", "loadAverage1Percent": "0.020625"}
[2024-10-16 08:07:36.350 -0700] [EVENT] [cadence.virtuoso.ade.simulationMonitor] - NewPoint {"history": "ExplorerRun.0", "point": 1, "testname": "demo_4bit_RCA_1", "cornername": "Nominal", "event": "NewPoint", "EventSource": "Simulation Monitor", "HistoryName": "ExplorerRun.0", "logFile": "/home/viterbi/01/tongjia/work_gpdk045/logs_tongjia/logs0/Job41.log", "logFileSize": "12172"}
[2024-10-16 08:07:36.663 -0700] [EVENT] [cadence.virtuoso.ade.simulationMonitor] - NewPoint {"history": "ExplorerRun.0", "point": 1, "testname": "demo_4bit_RCA_1", "cornername": "Nominal", "event": "NewPoint", "EventSource": "spectre", "HistoryName": "ExplorerRun.0", "logFile": "/home/viterbi/01/tongjia/simulation/demo/4bit_RCA/maestro/results/maestro/ExplorerRun.0/1/demo_4bit_RCA_1/psf/spectre.out", "logFileSize": "-1"}
[2024-10-16 08:07:36.704 -0700] [PROCESS] [cadence.virtuoso.ade.simulationMonitor] - Simulator launched {"hostname": "viterbi-scf2", "processid": 13370, "history": "ExplorerRun.0", "testname": "demo_4bit_RCA_1", "cornername": "Nominal", "point": 1, "logfile": "/home/viterbi/01/tongjia/work_gpdk045/logs_tongjia/logs0/Job41.log", "simid": "2"}
[2024-10-16 08:07:36.718 -0700] [PROCESS] [cadence.virtuoso.ade.simulationMonitor] - Expression evaluator launched {"hostname": "viterbi-scf2", "processid": 13370, "history": "ExplorerRun.0", "testname": "demo_4bit_RCA_1", "cornername": "Nominal", "point": 1, "logfile": "/home/viterbi/01/tongjia/work_gpdk045/logs_tongjia/logs0/Job41.log"}
[2024-10-16 08:07:37.117 -0700] [PROCESS] [cadence.virtuoso.ade.simulationMonitor] - Started Simulation {"hostname": "viterbi-scf2", "processid": 13370, "history": "ExplorerRun.0", "testname": "demo_4bit_RCA_1", "cornername": "Nominal", "point": 1, "logfile": "/home/viterbi/01/tongjia/work_gpdk045/logs_tongjia/logs0/Job41.log", "event": "started", "task": "simulation"}
[2024-10-16 08:07:38.125 -0700] [INFO] [cadence.virtuoso.ade.simulationMonitor] - Peak resident memory used = 57.6 Mbytes. {"history": "ExplorerRun.0", "point": 1, "testname": "demo_4bit_RCA_1", "cornername": "Nominal"}
[2024-10-16 08:07:38.634 -0700] [INFO] [cadence.virtuoso.ade.simulationMonitor] - Peak resident memory used = 67.6 Mbytes. {"history": "ExplorerRun.0", "point": 1, "testname": "demo_4bit_RCA_1", "cornername": "Nominal"}
[2024-10-16 08:07:38.638 -0700] [INFO] [cadence.virtuoso.ade.simulationMonitor] - Peak resident memory used = 68.7 Mbytes. {"history": "ExplorerRun.0", "point": 1, "testname": "demo_4bit_RCA_1", "cornername": "Nominal"}
[2024-10-16 08:07:38.642 -0700] [INFO] [cadence.virtuoso.ade.simulationMonitor] - Notice from spectre during initial setup.
    Multithreading is disabled due to the size of the design being too small. {"history": "ExplorerRun.0", "point": 1, "testname": "demo_4bit_RCA_1", "cornername": "Nominal"}
[2024-10-16 08:07:38.652 -0700] [INFO] [cadence.virtuoso.ade.simulationMonitor] -               nodes 226 {"history": "ExplorerRun.0", "point": 1, "testname": "demo_4bit_RCA_1", "cornername": "Nominal"}
[2024-10-16 08:07:38.654 -0700] [INFO] [cadence.virtuoso.ade.simulationMonitor] - Notice from spectre during initial setup.
    APS Enabled. {"history": "ExplorerRun.0", "point": 1, "testname": "demo_4bit_RCA_1", "cornername": "Nominal"}
[2024-10-16 08:07:38.657 -0700] [INFO] [cadence.virtuoso.ade.simulationMonitor] - Peak resident memory used = 69.9 Mbytes. {"history": "ExplorerRun.0", "point": 1, "testname": "demo_4bit_RCA_1", "cornername": "Nominal"}
[2024-10-16 08:07:38.660 -0700] [WARN] [cadence.virtuoso.ade.simulationMonitor] -     WARNING (SPECTRE-16707): Only tran supports psfxl format, result of other analyses will be in psfbin format. {"history": "ExplorerRun.0", "point": 1, "testname": "demo_4bit_RCA_1", "cornername": "Nominal"}
[2024-10-16 08:07:38.664 -0700] [INFO] [cadence.virtuoso.ade.simulationMonitor] - Notice from spectre during IC analysis, during transient analysis `tran'.
    GminDC = 1 pS is large enough to noticeably affect the DC solution.
        dV(S1) = -57.5822 mV
        Use the `gmin_check' option to eliminate or expand this report.
    Bad pivoting is found during DC analysis. Option dc_pivot_check=yes is recommended for possible improvement of convergence. {"history": "ExplorerRun.0", "point": 1, "testname": "demo_4bit_RCA_1", "cornername": "Nominal"}
[2024-10-16 08:07:38.667 -0700] [INFO] [cadence.virtuoso.ade.simulationMonitor] - Notice from spectre during transient analysis `tran'.
    Multithreading is disabled due to the size of the design being too small. {"history": "ExplorerRun.0", "point": 1, "testname": "demo_4bit_RCA_1", "cornername": "Nominal"}
[2024-10-16 08:07:38.670 -0700] [INFO] [cadence.virtuoso.ade.simulationMonitor] - Total time required for tran analysis `tran': CPU = 100.147 ms, elapsed = 122.699 ms. {"history": "ExplorerRun.0", "point": 1, "testname": "demo_4bit_RCA_1", "cornername": "Nominal"}
[2024-10-16 08:07:38.680 -0700] [INFO] [cadence.virtuoso.ade.simulationMonitor] - Peak resident memory used = 74.4 Mbytes. {"history": "ExplorerRun.0", "point": 1, "testname": "demo_4bit_RCA_1", "cornername": "Nominal"}
[2024-10-16 08:07:38.687 -0700] [INFO] [cadence.virtuoso.ade.simulationMonitor] - Time used: CPU = 1.36 s, elapsed = 1.65 s, util. = 81.9%. {"history": "ExplorerRun.0", "point": 1, "testname": "demo_4bit_RCA_1", "cornername": "Nominal"}
[2024-10-16 08:07:38.696 -0700] [INFO] [cadence.virtuoso.ade.simulationMonitor] - Time spent in licensing: elapsed = 35.2 ms. {"history": "ExplorerRun.0", "point": 1, "testname": "demo_4bit_RCA_1", "cornername": "Nominal"}
[2024-10-16 08:07:38.705 -0700] [INFO] [cadence.virtuoso.ade.simulationMonitor] - Peak memory used = 75 Mbytes. {"history": "ExplorerRun.0", "point": 1, "testname": "demo_4bit_RCA_1", "cornername": "Nominal"}
[2024-10-16 08:07:38.714 -0700] [PROCESS] [cadence.virtuoso.ade.simulationMonitor] - Simulation started at: 8:07:36 AM, Wed Oct 16, 2024, ended at: 8:07:38 AM, Wed Oct 16, 2024, with elapsed time (wall clock): 1.65 s. {"history": "ExplorerRun.0", "point": 1, "testname": "demo_4bit_RCA_1", "cornername": "Nominal"}
[2024-10-16 08:07:38.718 -0700] [PROCESS] [cadence.virtuoso.ade.simulationMonitor] - spectre completes with 0 errors, 1 warning, and 5 notices. {"history": "ExplorerRun.0", "point": 1, "testname": "demo_4bit_RCA_1", "cornername": "Nominal"}
[2024-10-16 08:07:38.722 -0700] [PROCESS] [cadence.virtuoso.ade.simulationMonitor] - Finished simulating for one point {"hostname": "viterbi-scf2", "processid": 13370, "history": "ExplorerRun.0", "testname": "demo_4bit_RCA_1", "cornername": "Nominal", "point": 1, "logfile": "/home/viterbi/01/tongjia/work_gpdk045/logs_tongjia/logs0/Job41.log", "simid": "2"}
[2024-10-16 08:07:38.725 -0700] [PROCESS] [cadence.virtuoso.ade.simulationMonitor] - Simulator exited {"hostname": "viterbi-scf2", "processid": 13370, "history": "ExplorerRun.0", "testname": "demo_4bit_RCA_1", "cornername": "Nominal", "point": 1, "logfile": "/home/viterbi/01/tongjia/work_gpdk045/logs_tongjia/logs0/Job41.log", "exitStatus": "0"}
[2024-10-16 08:07:38.728 -0700] [PROCESS] [cadence.virtuoso.ade.simulationMonitor] - Finished Simulation {"hostname": "viterbi-scf2", "processid": 13370, "history": "ExplorerRun.0", "testname": "demo_4bit_RCA_1", "cornername": "Nominal", "point": 1, "logfile": "/home/viterbi/01/tongjia/work_gpdk045/logs_tongjia/logs0/Job41.log", "simid": "2"}
[2024-10-16 08:07:42.775 -0700] [PROCESS] [cadence.virtuoso.ade.simulationMonitor] - Point Finished {"hostname": "viterbi-scf2", "processid": 13370, "history": "ExplorerRun.0", "testname": "demo_4bit_RCA_1", "cornername": "Nominal", "point": 1, "logfile": "/home/viterbi/01/tongjia/work_gpdk045/logs_tongjia/logs0/Job41.log"}
[2024-10-16 08:07:43.804 -0700] [PROCESS] [cadence.virtuoso.ade.simulationMonitor] - Stay with the runId '1', Linger time '300', currentRunSyn '3', currentTestSyn '4' {"hostname": "viterbi-scf2", "processid": 13370, "history": "ExplorerRun.0", "testname": "demo_4bit_RCA_1", "cornername": "Nominal", "point": 1, "logfile": "/home/viterbi/01/tongjia/work_gpdk045/logs_tongjia/logs0/Job41.log"}
[2024-10-16 08:08:45.973 -0700] [INFO] [cadence.virtuoso.ade.simulationMonitor] - SimulationMonitor has terminated the vds process '19069', reason: 'Force to stop the expression evalutor process because of new run' {"history": "ExplorerRun.0", "point": 1, "testname": "demo_4bit_RCA_1", "cornername": "Nominal"}
[2024-10-16 08:08:45.978 -0700] [PROCESS] [cadence.virtuoso.ade.simulationMonitor] - HostInfo:
Host name (type):	viterbi-scf2 (x86_64)
Operating system:	Linux 3.10.0-1160.119.1.el7.tuxcare.els3.x86_64 #1 SMP Fri Aug 23 19:18:06 UTC 2024 {"hostname": "viterbi-scf2", "processid": 13370, "history": "ExplorerRun.0", "testname": "demo_4bit_RCA_1", "cornername": "Nominal", "point": 1, "logfile": "/home/viterbi/01/tongjia/work_gpdk045/logs_tongjia/logs0/Job41.log", "nodename": "viterbi-scf2", "domainname": "viterbi", "machine": "x86_64", "sysname": "Linux", "release": "3.10.0-1160.119.1.el7.tuxcare.els3.x86_64", "version": "#1 SMP Fri Aug 23 19:18:06 UTC 2024"}
[2024-10-16 08:08:45.980 -0700] [PROCESS] [cadence.virtuoso.ade.simulationMonitor] - UsageInfo:
pid=13370
totalPhysicalMemory=1007.132404GB,Used=218.933235GB,totalVirtualMemory=1007.132404GB,Used=218.933235GB
Cpu: Cores=112, Load average:2.490000,2.600000,2.620000 {"hostname": "viterbi-scf2", "processid": 13370, "history": "ExplorerRun.0", "testname": "demo_4bit_RCA_1", "cornername": "Nominal", "point": 1, "logfile": "/home/viterbi/01/tongjia/work_gpdk045/logs_tongjia/logs0/Job41.log", "pid": "13370", "totalPhysicalMemory": "1007.132404", "physicalMemoryUsed": "218.933235", "totalVirtualMemory": "1007.132404", "virtualMemoryUsed": "218.933235", "cpuCores": "112", "processes": "3845", "loadAverage1": "2.490000", "loadAverage5": "2.600000", "loadAverage15": "2.620000", "loadAverage1Percent": "0.022232"}
[2024-10-16 08:08:45.989 -0700] [EVENT] [cadence.virtuoso.ade.simulationMonitor] - NewPoint {"history": "ExplorerRun.0", "point": 1, "testname": "demo_4bit_RCA_1", "cornername": "Nominal", "event": "NewPoint", "EventSource": "Simulation Monitor", "HistoryName": "ExplorerRun.0", "logFile": "/home/viterbi/01/tongjia/work_gpdk045/logs_tongjia/logs0/Job41.log", "logFileSize": "22083"}
[2024-10-16 08:08:46.297 -0700] [EVENT] [cadence.virtuoso.ade.simulationMonitor] - NewPoint {"history": "ExplorerRun.0", "point": 1, "testname": "demo_4bit_RCA_1", "cornername": "Nominal", "event": "NewPoint", "EventSource": "spectre", "HistoryName": "ExplorerRun.0", "logFile": "/home/viterbi/01/tongjia/simulation/demo/4bit_RCA/maestro/results/maestro/ExplorerRun.0/1/demo_4bit_RCA_1/psf/spectre.out", "logFileSize": "-1"}
[2024-10-16 08:08:46.333 -0700] [PROCESS] [cadence.virtuoso.ade.simulationMonitor] - Simulator launched {"hostname": "viterbi-scf2", "processid": 13370, "history": "ExplorerRun.0", "testname": "demo_4bit_RCA_1", "cornername": "Nominal", "point": 1, "logfile": "/home/viterbi/01/tongjia/work_gpdk045/logs_tongjia/logs0/Job41.log", "simid": "3"}
[2024-10-16 08:08:46.343 -0700] [PROCESS] [cadence.virtuoso.ade.simulationMonitor] - Expression evaluator launched {"hostname": "viterbi-scf2", "processid": 13370, "history": "ExplorerRun.0", "testname": "demo_4bit_RCA_1", "cornername": "Nominal", "point": 1, "logfile": "/home/viterbi/01/tongjia/work_gpdk045/logs_tongjia/logs0/Job41.log"}
[2024-10-16 08:08:46.777 -0700] [PROCESS] [cadence.virtuoso.ade.simulationMonitor] - Started Simulation {"hostname": "viterbi-scf2", "processid": 13370, "history": "ExplorerRun.0", "testname": "demo_4bit_RCA_1", "cornername": "Nominal", "point": 1, "logfile": "/home/viterbi/01/tongjia/work_gpdk045/logs_tongjia/logs0/Job41.log", "event": "started", "task": "simulation"}
[2024-10-16 08:08:47.781 -0700] [INFO] [cadence.virtuoso.ade.simulationMonitor] - Peak resident memory used = 57.6 Mbytes. {"history": "ExplorerRun.0", "point": 1, "testname": "demo_4bit_RCA_1", "cornername": "Nominal"}
[2024-10-16 08:08:48.288 -0700] [INFO] [cadence.virtuoso.ade.simulationMonitor] - Peak resident memory used = 67.6 Mbytes. {"history": "ExplorerRun.0", "point": 1, "testname": "demo_4bit_RCA_1", "cornername": "Nominal"}
[2024-10-16 08:08:48.292 -0700] [INFO] [cadence.virtuoso.ade.simulationMonitor] - Peak resident memory used = 68.7 Mbytes. {"history": "ExplorerRun.0", "point": 1, "testname": "demo_4bit_RCA_1", "cornername": "Nominal"}
[2024-10-16 08:08:48.296 -0700] [INFO] [cadence.virtuoso.ade.simulationMonitor] - Notice from spectre during initial setup.
    Multithreading is disabled due to the size of the design being too small. {"history": "ExplorerRun.0", "point": 1, "testname": "demo_4bit_RCA_1", "cornername": "Nominal"}
[2024-10-16 08:08:48.309 -0700] [INFO] [cadence.virtuoso.ade.simulationMonitor] -               nodes 226 {"history": "ExplorerRun.0", "point": 1, "testname": "demo_4bit_RCA_1", "cornername": "Nominal"}
[2024-10-16 08:08:48.310 -0700] [INFO] [cadence.virtuoso.ade.simulationMonitor] - Notice from spectre during initial setup.
    APS Enabled. {"history": "ExplorerRun.0", "point": 1, "testname": "demo_4bit_RCA_1", "cornername": "Nominal"}
[2024-10-16 08:08:48.314 -0700] [INFO] [cadence.virtuoso.ade.simulationMonitor] - Peak resident memory used = 69.9 Mbytes. {"history": "ExplorerRun.0", "point": 1, "testname": "demo_4bit_RCA_1", "cornername": "Nominal"}
[2024-10-16 08:08:48.318 -0700] [WARN] [cadence.virtuoso.ade.simulationMonitor] -     WARNING (SPECTRE-16707): Only tran supports psfxl format, result of other analyses will be in psfbin format. {"history": "ExplorerRun.0", "point": 1, "testname": "demo_4bit_RCA_1", "cornername": "Nominal"}
[2024-10-16 08:08:48.322 -0700] [INFO] [cadence.virtuoso.ade.simulationMonitor] - Notice from spectre during IC analysis, during transient analysis `tran'.
    GminDC = 1 pS is large enough to noticeably affect the DC solution.
        dV(I0.I1.net1) = -12.0915 mV
        Use the `gmin_check' option to eliminate or expand this report.
    Bad pivoting is found during DC analysis. Option dc_pivot_check=yes is recommended for possible improvement of convergence. {"history": "ExplorerRun.0", "point": 1, "testname": "demo_4bit_RCA_1", "cornername": "Nominal"}
[2024-10-16 08:08:48.325 -0700] [INFO] [cadence.virtuoso.ade.simulationMonitor] - Notice from spectre during transient analysis `tran'.
    Multithreading is disabled due to the size of the design being too small. {"history": "ExplorerRun.0", "point": 1, "testname": "demo_4bit_RCA_1", "cornername": "Nominal"}
[2024-10-16 08:08:48.329 -0700] [INFO] [cadence.virtuoso.ade.simulationMonitor] - Total time required for tran analysis `tran': CPU = 108.316 ms, elapsed = 126.037 ms. {"history": "ExplorerRun.0", "point": 1, "testname": "demo_4bit_RCA_1", "cornername": "Nominal"}
[2024-10-16 08:08:48.335 -0700] [INFO] [cadence.virtuoso.ade.simulationMonitor] - Peak resident memory used = 74.4 Mbytes. {"history": "ExplorerRun.0", "point": 1, "testname": "demo_4bit_RCA_1", "cornername": "Nominal"}
[2024-10-16 08:08:48.340 -0700] [INFO] [cadence.virtuoso.ade.simulationMonitor] - Time used: CPU = 1.34 s, elapsed = 1.63 s, util. = 82.3%. {"history": "ExplorerRun.0", "point": 1, "testname": "demo_4bit_RCA_1", "cornername": "Nominal"}
[2024-10-16 08:08:48.345 -0700] [INFO] [cadence.virtuoso.ade.simulationMonitor] - Time spent in licensing: elapsed = 39.8 ms. {"history": "ExplorerRun.0", "point": 1, "testname": "demo_4bit_RCA_1", "cornername": "Nominal"}
[2024-10-16 08:08:48.351 -0700] [INFO] [cadence.virtuoso.ade.simulationMonitor] - Peak memory used = 75 Mbytes. {"history": "ExplorerRun.0", "point": 1, "testname": "demo_4bit_RCA_1", "cornername": "Nominal"}
[2024-10-16 08:08:48.358 -0700] [PROCESS] [cadence.virtuoso.ade.simulationMonitor] - Simulation started at: 8:08:46 AM, Wed Oct 16, 2024, ended at: 8:08:48 AM, Wed Oct 16, 2024, with elapsed time (wall clock): 1.63 s. {"history": "ExplorerRun.0", "point": 1, "testname": "demo_4bit_RCA_1", "cornername": "Nominal"}
[2024-10-16 08:08:48.361 -0700] [PROCESS] [cadence.virtuoso.ade.simulationMonitor] - spectre completes with 0 errors, 1 warning, and 5 notices. {"history": "ExplorerRun.0", "point": 1, "testname": "demo_4bit_RCA_1", "cornername": "Nominal"}
[2024-10-16 08:08:48.364 -0700] [PROCESS] [cadence.virtuoso.ade.simulationMonitor] - Finished simulating for one point {"hostname": "viterbi-scf2", "processid": 13370, "history": "ExplorerRun.0", "testname": "demo_4bit_RCA_1", "cornername": "Nominal", "point": 1, "logfile": "/home/viterbi/01/tongjia/work_gpdk045/logs_tongjia/logs0/Job41.log", "simid": "3"}
[2024-10-16 08:08:48.366 -0700] [PROCESS] [cadence.virtuoso.ade.simulationMonitor] - Simulator exited {"hostname": "viterbi-scf2", "processid": 13370, "history": "ExplorerRun.0", "testname": "demo_4bit_RCA_1", "cornername": "Nominal", "point": 1, "logfile": "/home/viterbi/01/tongjia/work_gpdk045/logs_tongjia/logs0/Job41.log", "exitStatus": "0"}
[2024-10-16 08:08:48.369 -0700] [PROCESS] [cadence.virtuoso.ade.simulationMonitor] - Finished Simulation {"hostname": "viterbi-scf2", "processid": 13370, "history": "ExplorerRun.0", "testname": "demo_4bit_RCA_1", "cornername": "Nominal", "point": 1, "logfile": "/home/viterbi/01/tongjia/work_gpdk045/logs_tongjia/logs0/Job41.log", "simid": "3"}
[2024-10-16 08:08:52.417 -0700] [PROCESS] [cadence.virtuoso.ade.simulationMonitor] - Point Finished {"hostname": "viterbi-scf2", "processid": 13370, "history": "ExplorerRun.0", "testname": "demo_4bit_RCA_1", "cornername": "Nominal", "point": 1, "logfile": "/home/viterbi/01/tongjia/work_gpdk045/logs_tongjia/logs0/Job41.log"}
[2024-10-16 08:08:53.455 -0700] [PROCESS] [cadence.virtuoso.ade.simulationMonitor] - Stay with the runId '2', Linger time '300', currentRunSyn '5', currentTestSyn '6' {"hostname": "viterbi-scf2", "processid": 13370, "history": "ExplorerRun.0", "testname": "demo_4bit_RCA_1", "cornername": "Nominal", "point": 1, "logfile": "/home/viterbi/01/tongjia/work_gpdk045/logs_tongjia/logs0/Job41.log"}
[2024-10-16 08:13:54.276 -0700] [PROCESS] [cadence.virtuoso.ade.simulationMonitor] - Current memory used: 32.4570 MBytes, peak memory used: 32.4570 MBytes {"hostname": "viterbi-scf2", "processid": 13370, "history": "ExplorerRun.0", "testname": "demo_4bit_RCA_1", "cornername": "Nominal", "point": 1, "logfile": "/home/viterbi/01/tongjia/work_gpdk045/logs_tongjia/logs0/Job41.log"}
[2024-10-16 08:13:54.278 -0700] [PROCESS] [cadence.virtuoso.ade.simulationMonitor] - Simulation Monitor process exit. {"hostname": "viterbi-scf2", "processid": 13370, "history": "ExplorerRun.0", "testname": "demo_4bit_RCA_1", "cornername": "Nominal", "point": 1, "logfile": "/home/viterbi/01/tongjia/work_gpdk045/logs_tongjia/logs0/Job41.log"}
