[Simulation Monitor: 40]
[2024-11-03 07:53:30.983 -0800] [PROCESS] [cadence.virtuoso.ade.simulationMonitor] - Simulation Monitor has successfully started up. Trying to set up communication channels to other components ... {"hostname": "viterbi-scf2", "processid": 23376, "logfile": "/home/viterbi/01/tongjia/work_gpdk045/logs_tongjia/logs0/Job40.log"}
[2024-11-03 07:53:30.985 -0800] [PROCESS] [cadence.virtuoso.ade.simulationMonitor] - Communication channels have been successfully set up. Start processing events ... {"hostname": "viterbi-scf2", "processid": 23376, "logfile": "/home/viterbi/01/tongjia/work_gpdk045/logs_tongjia/logs0/Job40.log"}
[2024-11-03 07:53:30.986 -0800] [PROCESS] [cadence.virtuoso.ade.simulationMonitor] - Considering to start history {"hostname": "viterbi-scf2", "processid": 23376, "history": "ExplorerRun.0", "logfile": "/home/viterbi/01/tongjia/work_gpdk045/logs_tongjia/logs0/Job40.log"}
[2024-11-03 07:53:30.996 -0800] [PROCESS] [cadence.virtuoso.ade.simulationMonitor] - HostInfo:
Host name (type):	viterbi-scf2 (x86_64)
Operating system:	Linux 3.10.0-1160.119.1.el7.tuxcare.els7.x86_64 #1 SMP Fri Sep 20 11:32:55 UTC 2024 {"hostname": "viterbi-scf2", "processid": 23376, "history": "ExplorerRun.0", "logfile": "/home/viterbi/01/tongjia/work_gpdk045/logs_tongjia/logs0/Job40.log", "nodename": "viterbi-scf2", "domainname": "viterbi", "machine": "x86_64", "sysname": "Linux", "release": "3.10.0-1160.119.1.el7.tuxcare.els7.x86_64", "version": "#1 SMP Fri Sep 20 11:32:55 UTC 2024"}
[2024-11-03 07:53:30.997 -0800] [PROCESS] [cadence.virtuoso.ade.simulationMonitor] - UsageInfo:
pid=23376
totalPhysicalMemory=1007.132401GB,Used=156.824196GB,totalVirtualMemory=1007.132401GB,Used=156.824196GB
Cpu: Cores=112, Load average:31.990000,31.900000,31.800000 {"hostname": "viterbi-scf2", "processid": 23376, "history": "ExplorerRun.0", "logfile": "/home/viterbi/01/tongjia/work_gpdk045/logs_tongjia/logs0/Job40.log", "pid": "23376", "totalPhysicalMemory": "1007.132401", "physicalMemoryUsed": "156.824196", "totalVirtualMemory": "1007.132401", "virtualMemoryUsed": "156.824196", "cpuCores": "112", "processes": "3291", "loadAverage1": "31.990000", "loadAverage5": "31.900000", "loadAverage15": "31.800000", "loadAverage1Percent": "0.285625"}
[2024-11-03 07:53:31.001 -0800] [EVENT] [cadence.virtuoso.ade.simulationMonitor] - NewPoint {"history": "ExplorerRun.0", "point": 1, "testname": "demo_8bit_CSA_tb_1", "cornername": "Nominal", "event": "NewPoint", "EventSource": "Simulation Monitor", "HistoryName": "ExplorerRun.0", "logFile": "/home/viterbi/01/tongjia/work_gpdk045/logs_tongjia/logs0/Job40.log", "logFileSize": "2267"}
[2024-11-03 07:53:31.304 -0800] [EVENT] [cadence.virtuoso.ade.simulationMonitor] - NewPoint {"history": "ExplorerRun.0", "point": 1, "testname": "demo_8bit_CSA_tb_1", "cornername": "Nominal", "event": "NewPoint", "EventSource": "spectre", "HistoryName": "ExplorerRun.0", "logFile": "/home/viterbi/01/tongjia/simulation/demo/8bit_CSA_tb/maestro/results/maestro/ExplorerRun.0/1/demo_8bit_CSA_tb_1/psf/spectre.out", "logFileSize": "-1"}
[2024-11-03 07:53:31.342 -0800] [PROCESS] [cadence.virtuoso.ade.simulationMonitor] - Simulator launched {"hostname": "viterbi-scf2", "processid": 23376, "history": "ExplorerRun.0", "testname": "demo_8bit_CSA_tb_1", "cornername": "Nominal", "point": 1, "logfile": "/home/viterbi/01/tongjia/work_gpdk045/logs_tongjia/logs0/Job40.log", "simid": "1"}
[2024-11-03 07:53:31.346 -0800] [PROCESS] [cadence.virtuoso.ade.simulationMonitor] - Expression evaluator launched {"hostname": "viterbi-scf2", "processid": 23376, "history": "ExplorerRun.0", "testname": "demo_8bit_CSA_tb_1", "cornername": "Nominal", "point": 1, "logfile": "/home/viterbi/01/tongjia/work_gpdk045/logs_tongjia/logs0/Job40.log"}
[2024-11-03 07:53:31.771 -0800] [PROCESS] [cadence.virtuoso.ade.simulationMonitor] - Started Simulation {"hostname": "viterbi-scf2", "processid": 23376, "history": "ExplorerRun.0", "testname": "demo_8bit_CSA_tb_1", "cornername": "Nominal", "point": 1, "logfile": "/home/viterbi/01/tongjia/work_gpdk045/logs_tongjia/logs0/Job40.log", "event": "started", "task": "simulation"}
[2024-11-03 07:53:32.773 -0800] [INFO] [cadence.virtuoso.ade.simulationMonitor] - Notice from spectre during Digital Vector read-in.
    Process Vector Files.
    File read: /home/viterbi/01/tongjia/work_gpdk045/vector_files/file_simple_8-bit.vec {"history": "ExplorerRun.0", "point": 1, "testname": "demo_8bit_CSA_tb_1", "cornername": "Nominal"}
[2024-11-03 07:53:32.774 -0800] [INFO] [cadence.virtuoso.ade.simulationMonitor] - Peak resident memory used = 65.3 Mbytes. {"history": "ExplorerRun.0", "point": 1, "testname": "demo_8bit_CSA_tb_1", "cornername": "Nominal"}
[2024-11-03 07:53:33.775 -0800] [INFO] [cadence.virtuoso.ade.simulationMonitor] - Peak resident memory used = 91 Mbytes. {"history": "ExplorerRun.0", "point": 1, "testname": "demo_8bit_CSA_tb_1", "cornername": "Nominal"}
[2024-11-03 07:53:33.777 -0800] [INFO] [cadence.virtuoso.ade.simulationMonitor] - Peak resident memory used = 110 Mbytes. {"history": "ExplorerRun.0", "point": 1, "testname": "demo_8bit_CSA_tb_1", "cornername": "Nominal"}
[2024-11-03 07:53:33.778 -0800] [INFO] [cadence.virtuoso.ade.simulationMonitor] - Notice from spectre during topology check.
    No DC path from node `I1.PM0.n1' to ground, Gmin installed to provide path.
    No DC path from node `I2.PM0.n1' to ground, Gmin installed to provide path.
    No DC path from node `I3.PM0.n1' to ground, Gmin installed to provide path.
    No DC path from node `I4.PM0.n1' to ground, Gmin installed to provide path.
    No DC path from node `I5.PM0.n1' to ground, Gmin installed to provide path.
        Further occurrences of this notice will be suppressed. {"history": "ExplorerRun.0", "point": 1, "testname": "demo_8bit_CSA_tb_1", "cornername": "Nominal"}
[2024-11-03 07:53:36.289 -0800] [INFO] [cadence.virtuoso.ade.simulationMonitor] -               nodes 3374 {"history": "ExplorerRun.0", "point": 1, "testname": "demo_8bit_CSA_tb_1", "cornername": "Nominal"}
[2024-11-03 07:53:36.291 -0800] [INFO] [cadence.virtuoso.ade.simulationMonitor] - Notice from spectre during initial setup.
    APS Enabled.
    12 notices suppressed.
    Multithreading Enabled: 8 threads in the system with 112 available processors. {"history": "ExplorerRun.0", "point": 1, "testname": "demo_8bit_CSA_tb_1", "cornername": "Nominal"}
[2024-11-03 07:53:36.291 -0800] [INFO] [cadence.virtuoso.ade.simulationMonitor] - Peak resident memory used = 122 Mbytes. {"history": "ExplorerRun.0", "point": 1, "testname": "demo_8bit_CSA_tb_1", "cornername": "Nominal"}
[2024-11-03 07:53:36.292 -0800] [WARN] [cadence.virtuoso.ade.simulationMonitor] -     WARNING (SPECTRE-16707): Only tran supports psfxl format, result of other analyses will be in psfbin format. {"history": "ExplorerRun.0", "point": 1, "testname": "demo_8bit_CSA_tb_1", "cornername": "Nominal"}
[2024-11-03 07:53:37.293 -0800] [INFO] [cadence.virtuoso.ade.simulationMonitor] - Notice from spectre during IC analysis, during transient analysis `tran'.
    GminDC = 1 pS is large enough to noticeably affect the DC solution.
        dV(I0.I0|I11|net25) = 74.966 mV
        Use the `gmin_check' option to eliminate or expand this report.
    Bad pivoting is found during DC analysis. Option dc_pivot_check=yes is recommended for possible improvement of convergence. {"history": "ExplorerRun.0", "point": 1, "testname": "demo_8bit_CSA_tb_1", "cornername": "Nominal"}
[2024-11-03 07:53:42.297 -0800] [INFO] [cadence.virtuoso.ade.simulationMonitor] - Total time required for tran analysis `tran': CPU = 18.2295 s, elapsed = 5.7729 s. {"history": "ExplorerRun.0", "point": 1, "testname": "demo_8bit_CSA_tb_1", "cornername": "Nominal"}
[2024-11-03 07:53:42.298 -0800] [INFO] [cadence.virtuoso.ade.simulationMonitor] - Peak resident memory used = 213 Mbytes. {"history": "ExplorerRun.0", "point": 1, "testname": "demo_8bit_CSA_tb_1", "cornername": "Nominal"}
[2024-11-03 07:53:43.301 -0800] [INFO] [cadence.virtuoso.ade.simulationMonitor] - Time used: CPU = 23.7 s, elapsed = 11.6 s, util. = 204%. {"history": "ExplorerRun.0", "point": 1, "testname": "demo_8bit_CSA_tb_1", "cornername": "Nominal"}
[2024-11-03 07:53:43.302 -0800] [INFO] [cadence.virtuoso.ade.simulationMonitor] - Time spent in licensing: elapsed = 56.9 ms. {"history": "ExplorerRun.0", "point": 1, "testname": "demo_8bit_CSA_tb_1", "cornername": "Nominal"}
[2024-11-03 07:53:43.305 -0800] [INFO] [cadence.virtuoso.ade.simulationMonitor] - Peak memory used = 213 Mbytes. {"history": "ExplorerRun.0", "point": 1, "testname": "demo_8bit_CSA_tb_1", "cornername": "Nominal"}
[2024-11-03 07:53:43.309 -0800] [PROCESS] [cadence.virtuoso.ade.simulationMonitor] - Simulation started at: 7:53:31 AM, Sun Nov 3, 2024, ended at: 7:53:43 AM, Sun Nov 3, 2024, with elapsed time (wall clock): 11.6 s. {"history": "ExplorerRun.0", "point": 1, "testname": "demo_8bit_CSA_tb_1", "cornername": "Nominal"}
[2024-11-03 07:53:43.310 -0800] [PROCESS] [cadence.virtuoso.ade.simulationMonitor] - spectre completes with 0 errors, 1 warning, and 12 notices. {"history": "ExplorerRun.0", "point": 1, "testname": "demo_8bit_CSA_tb_1", "cornername": "Nominal"}
[2024-11-03 07:53:43.311 -0800] [PROCESS] [cadence.virtuoso.ade.simulationMonitor] - Finished simulating for one point {"hostname": "viterbi-scf2", "processid": 23376, "history": "ExplorerRun.0", "testname": "demo_8bit_CSA_tb_1", "cornername": "Nominal", "point": 1, "logfile": "/home/viterbi/01/tongjia/work_gpdk045/logs_tongjia/logs0/Job40.log", "simid": "1"}
[2024-11-03 07:53:43.312 -0800] [PROCESS] [cadence.virtuoso.ade.simulationMonitor] - Simulator exited {"hostname": "viterbi-scf2", "processid": 23376, "history": "ExplorerRun.0", "testname": "demo_8bit_CSA_tb_1", "cornername": "Nominal", "point": 1, "logfile": "/home/viterbi/01/tongjia/work_gpdk045/logs_tongjia/logs0/Job40.log", "exitStatus": "0"}
[2024-11-03 07:53:43.313 -0800] [PROCESS] [cadence.virtuoso.ade.simulationMonitor] - Finished Simulation {"hostname": "viterbi-scf2", "processid": 23376, "history": "ExplorerRun.0", "testname": "demo_8bit_CSA_tb_1", "cornername": "Nominal", "point": 1, "logfile": "/home/viterbi/01/tongjia/work_gpdk045/logs_tongjia/logs0/Job40.log", "simid": "1"}
[2024-11-03 07:53:44.856 -0800] [PROCESS] [cadence.virtuoso.ade.simulationMonitor] - Point Finished {"hostname": "viterbi-scf2", "processid": 23376, "history": "ExplorerRun.0", "testname": "demo_8bit_CSA_tb_1", "cornername": "Nominal", "point": 1, "logfile": "/home/viterbi/01/tongjia/work_gpdk045/logs_tongjia/logs0/Job40.log"}
[2024-11-03 07:53:45.865 -0800] [PROCESS] [cadence.virtuoso.ade.simulationMonitor] - Stay with the runId '0', Linger time '300', currentRunSyn '1', currentTestSyn '2' {"hostname": "viterbi-scf2", "processid": 23376, "history": "ExplorerRun.0", "testname": "demo_8bit_CSA_tb_1", "cornername": "Nominal", "point": 1, "logfile": "/home/viterbi/01/tongjia/work_gpdk045/logs_tongjia/logs0/Job40.log"}
[2024-11-03 07:53:46.866 -0800] [PROCESS] [cadence.virtuoso.ade.simulationMonitor] - Stay with the runId '0', Linger time '300', currentRunSyn '1', currentTestSyn '2' {"hostname": "viterbi-scf2", "processid": 23376, "history": "ExplorerRun.0", "testname": "demo_8bit_CSA_tb_1", "cornername": "Nominal", "point": 1, "logfile": "/home/viterbi/01/tongjia/work_gpdk045/logs_tongjia/logs0/Job40.log"}
[2024-11-03 07:53:47.872 -0800] [PROCESS] [cadence.virtuoso.ade.simulationMonitor] - Stay with the runId '0', Linger time '300', currentRunSyn '1', currentTestSyn '2' {"hostname": "viterbi-scf2", "processid": 23376, "history": "ExplorerRun.0", "testname": "demo_8bit_CSA_tb_1", "cornername": "Nominal", "point": 1, "logfile": "/home/viterbi/01/tongjia/work_gpdk045/logs_tongjia/logs0/Job40.log"}
[2024-11-03 07:55:56.078 -0800] [PROCESS] [cadence.virtuoso.ade.simulationMonitor] - get signal Terminated<15> from user:tongjia, which pid:23321:/usr/local/cadence/ICADVM201/tools/bin/64bit/cdsServIpc {"hostname": "viterbi-scf2", "processid": 23376, "history": "ExplorerRun.0", "testname": "demo_8bit_CSA_tb_1", "cornername": "Nominal", "point": 1, "logfile": "/home/viterbi/01/tongjia/work_gpdk045/logs_tongjia/logs0/Job40.log", "signal": "15", "signalName": "Terminated", "which": "/usr/local/cadence/ICADVM201/tools/bin/64bit/cdsServIpc", "pid": "23321", "user": "tongjia", "uid": "506509"}
[2024-11-03 07:55:56.080 -0800] [INFO] [cadence.virtuoso.ade.simulationMonitor] - SimulationMonitor has terminated the  process '23410', reason: 'simulationMonitor is handling signal 15' {"history": "ExplorerRun.0", "point": 1, "testname": "demo_8bit_CSA_tb_1", "cornername": "Nominal"}
