[Simulation Monitor: 56]
[2024-10-16 10:49:04.406 -0700] [PROCESS] [cadence.virtuoso.ade.simulationMonitor] - Simulation Monitor has successfully started up. Trying to set up communication channels to other components ... {"hostname": "viterbi-scf2", "processid": 324962, "logfile": "/home/viterbi/01/tongjia/work_gpdk045/logs_tongjia/logs0/Job56.log"}
[2024-10-16 10:49:04.416 -0700] [PROCESS] [cadence.virtuoso.ade.simulationMonitor] - Communication channels have been successfully set up. Start processing events ... {"hostname": "viterbi-scf2", "processid": 324962, "logfile": "/home/viterbi/01/tongjia/work_gpdk045/logs_tongjia/logs0/Job56.log"}
[2024-10-16 10:49:04.418 -0700] [PROCESS] [cadence.virtuoso.ade.simulationMonitor] - Considering to start history {"hostname": "viterbi-scf2", "processid": 324962, "history": "ExplorerRun.0", "logfile": "/home/viterbi/01/tongjia/work_gpdk045/logs_tongjia/logs0/Job56.log"}
[2024-10-16 10:49:04.464 -0700] [PROCESS] [cadence.virtuoso.ade.simulationMonitor] - HostInfo:
Host name (type):	viterbi-scf2 (x86_64)
Operating system:	Linux 3.10.0-1160.119.1.el7.tuxcare.els3.x86_64 #1 SMP Fri Aug 23 19:18:06 UTC 2024 {"hostname": "viterbi-scf2", "processid": 324962, "history": "ExplorerRun.0", "logfile": "/home/viterbi/01/tongjia/work_gpdk045/logs_tongjia/logs0/Job56.log", "nodename": "viterbi-scf2", "domainname": "viterbi", "machine": "x86_64", "sysname": "Linux", "release": "3.10.0-1160.119.1.el7.tuxcare.els3.x86_64", "version": "#1 SMP Fri Aug 23 19:18:06 UTC 2024"}
[2024-10-16 10:49:04.468 -0700] [PROCESS] [cadence.virtuoso.ade.simulationMonitor] - UsageInfo:
pid=324962
totalPhysicalMemory=1007.132404GB,Used=221.401810GB,totalVirtualMemory=1007.132404GB,Used=221.401810GB
Cpu: Cores=112, Load average:2.420000,2.580000,2.580000 {"hostname": "viterbi-scf2", "processid": 324962, "history": "ExplorerRun.0", "logfile": "/home/viterbi/01/tongjia/work_gpdk045/logs_tongjia/logs0/Job56.log", "pid": "324962", "totalPhysicalMemory": "1007.132404", "physicalMemoryUsed": "221.401810", "totalVirtualMemory": "1007.132404", "virtualMemoryUsed": "221.401810", "cpuCores": "112", "processes": "4209", "loadAverage1": "2.420000", "loadAverage5": "2.580000", "loadAverage15": "2.580000", "loadAverage1Percent": "0.021607"}
[2024-10-16 10:49:04.473 -0700] [EVENT] [cadence.virtuoso.ade.simulationMonitor] - NewPoint {"history": "ExplorerRun.0", "point": 1, "testname": "demo_4bit_RCA_tb_1", "cornername": "Nominal", "event": "NewPoint", "EventSource": "Simulation Monitor", "HistoryName": "ExplorerRun.0", "logFile": "/home/viterbi/01/tongjia/work_gpdk045/logs_tongjia/logs0/Job56.log", "logFileSize": "2268"}
[2024-10-16 10:49:04.782 -0700] [EVENT] [cadence.virtuoso.ade.simulationMonitor] - NewPoint {"history": "ExplorerRun.0", "point": 1, "testname": "demo_4bit_RCA_tb_1", "cornername": "Nominal", "event": "NewPoint", "EventSource": "spectre", "HistoryName": "ExplorerRun.0", "logFile": "/home/viterbi/01/tongjia/simulation/demo/4bit_RCA_tb/maestro/results/maestro/ExplorerRun.0/1/demo_4bit_RCA_tb_1/psf/spectre.out", "logFileSize": "-1"}
[2024-10-16 10:49:04.821 -0700] [PROCESS] [cadence.virtuoso.ade.simulationMonitor] - Simulator launched {"hostname": "viterbi-scf2", "processid": 324962, "history": "ExplorerRun.0", "testname": "demo_4bit_RCA_tb_1", "cornername": "Nominal", "point": 1, "logfile": "/home/viterbi/01/tongjia/work_gpdk045/logs_tongjia/logs0/Job56.log", "simid": "1"}
[2024-10-16 10:49:04.828 -0700] [PROCESS] [cadence.virtuoso.ade.simulationMonitor] - Expression evaluator launched {"hostname": "viterbi-scf2", "processid": 324962, "history": "ExplorerRun.0", "testname": "demo_4bit_RCA_tb_1", "cornername": "Nominal", "point": 1, "logfile": "/home/viterbi/01/tongjia/work_gpdk045/logs_tongjia/logs0/Job56.log"}
[2024-10-16 10:49:05.383 -0700] [PROCESS] [cadence.virtuoso.ade.simulationMonitor] - Started Simulation {"hostname": "viterbi-scf2", "processid": 324962, "history": "ExplorerRun.0", "testname": "demo_4bit_RCA_tb_1", "cornername": "Nominal", "point": 1, "logfile": "/home/viterbi/01/tongjia/work_gpdk045/logs_tongjia/logs0/Job56.log", "event": "started", "task": "simulation"}
[2024-10-16 10:49:05.888 -0700] [INFO] [cadence.virtuoso.ade.simulationMonitor] - Peak resident memory used = 57.7 Mbytes. {"history": "ExplorerRun.0", "point": 1, "testname": "demo_4bit_RCA_tb_1", "cornername": "Nominal"}
[2024-10-16 10:49:06.891 -0700] [INFO] [cadence.virtuoso.ade.simulationMonitor] - Peak resident memory used = 68 Mbytes. {"history": "ExplorerRun.0", "point": 1, "testname": "demo_4bit_RCA_tb_1", "cornername": "Nominal"}
[2024-10-16 10:49:06.893 -0700] [INFO] [cadence.virtuoso.ade.simulationMonitor] - Peak resident memory used = 69.2 Mbytes. {"history": "ExplorerRun.0", "point": 1, "testname": "demo_4bit_RCA_tb_1", "cornername": "Nominal"}
[2024-10-16 10:49:06.897 -0700] [INFO] [cadence.virtuoso.ade.simulationMonitor] - Notice from spectre during initial setup.
    Multithreading is disabled due to the size of the design being too small. {"history": "ExplorerRun.0", "point": 1, "testname": "demo_4bit_RCA_tb_1", "cornername": "Nominal"}
[2024-10-16 10:49:06.907 -0700] [INFO] [cadence.virtuoso.ade.simulationMonitor] -               nodes 268 {"history": "ExplorerRun.0", "point": 1, "testname": "demo_4bit_RCA_tb_1", "cornername": "Nominal"}
[2024-10-16 10:49:06.909 -0700] [INFO] [cadence.virtuoso.ade.simulationMonitor] - Notice from spectre during initial setup.
    APS Enabled. {"history": "ExplorerRun.0", "point": 1, "testname": "demo_4bit_RCA_tb_1", "cornername": "Nominal"}
[2024-10-16 10:49:06.912 -0700] [INFO] [cadence.virtuoso.ade.simulationMonitor] - Peak resident memory used = 70.4 Mbytes. {"history": "ExplorerRun.0", "point": 1, "testname": "demo_4bit_RCA_tb_1", "cornername": "Nominal"}
[2024-10-16 10:49:06.916 -0700] [WARN] [cadence.virtuoso.ade.simulationMonitor] -     WARNING (SPECTRE-16707): Only tran supports psfxl format, result of other analyses will be in psfbin format. {"history": "ExplorerRun.0", "point": 1, "testname": "demo_4bit_RCA_tb_1", "cornername": "Nominal"}
[2024-10-16 10:49:06.920 -0700] [INFO] [cadence.virtuoso.ade.simulationMonitor] - Notice from spectre during IC analysis, during transient analysis `tran'.
    GminDC = 1 pS is large enough to noticeably affect the DC solution.
        dV(I1.I3.I1.net1) = -12.0849 mV
        Use the `gmin_check' option to eliminate or expand this report.
    Bad pivoting is found during DC analysis. Option dc_pivot_check=yes is recommended for possible improvement of convergence. {"history": "ExplorerRun.0", "point": 1, "testname": "demo_4bit_RCA_tb_1", "cornername": "Nominal"}
[2024-10-16 10:49:06.923 -0700] [INFO] [cadence.virtuoso.ade.simulationMonitor] - Notice from spectre during transient analysis `tran'.
    Multithreading is disabled due to the size of the design being too small. {"history": "ExplorerRun.0", "point": 1, "testname": "demo_4bit_RCA_tb_1", "cornername": "Nominal"}
[2024-10-16 10:49:06.926 -0700] [INFO] [cadence.virtuoso.ade.simulationMonitor] - Notice from spectre at time = 4.32228 ns during transient analysis `tran'.
    Found trapezoidal ringing on node _vvdd!:p. {"history": "ExplorerRun.0", "point": 1, "testname": "demo_4bit_RCA_tb_1", "cornername": "Nominal"}
[2024-10-16 10:49:06.929 -0700] [INFO] [cadence.virtuoso.ade.simulationMonitor] - Notice from spectre at time = 4.52228 ns during transient analysis `tran'.
    Found trapezoidal ringing on node _vvdd!:p. {"history": "ExplorerRun.0", "point": 1, "testname": "demo_4bit_RCA_tb_1", "cornername": "Nominal"}
[2024-10-16 10:49:06.933 -0700] [INFO] [cadence.virtuoso.ade.simulationMonitor] - Notice from spectre at time = 4.72228 ns during transient analysis `tran'.
    Found trapezoidal ringing on node _vvdd!:p. {"history": "ExplorerRun.0", "point": 1, "testname": "demo_4bit_RCA_tb_1", "cornername": "Nominal"}
[2024-10-16 10:49:06.936 -0700] [INFO] [cadence.virtuoso.ade.simulationMonitor] - Notice from spectre at time = 4.92228 ns during transient analysis `tran'.
    Found trapezoidal ringing on node _vvdd!:p. {"history": "ExplorerRun.0", "point": 1, "testname": "demo_4bit_RCA_tb_1", "cornername": "Nominal"}
[2024-10-16 10:49:06.939 -0700] [INFO] [cadence.virtuoso.ade.simulationMonitor] - Notice from spectre at time = 5.12228 ns during transient analysis `tran'.
    Found trapezoidal ringing on node _vvdd!:p.
        Further occurrences of this notice will be suppressed. {"history": "ExplorerRun.0", "point": 1, "testname": "demo_4bit_RCA_tb_1", "cornername": "Nominal"}
[2024-10-16 10:49:06.942 -0700] [INFO] [cadence.virtuoso.ade.simulationMonitor] - Notice from spectre during transient analysis `tran'.
    Trapezoidal ringing is detected during tran analysis.
        Please use method=trap for better results and performance. {"history": "ExplorerRun.0", "point": 1, "testname": "demo_4bit_RCA_tb_1", "cornername": "Nominal"}
[2024-10-16 10:49:06.945 -0700] [INFO] [cadence.virtuoso.ade.simulationMonitor] - Total time required for tran analysis `tran': CPU = 295.329 ms, elapsed = 310.815 ms. {"history": "ExplorerRun.0", "point": 1, "testname": "demo_4bit_RCA_tb_1", "cornername": "Nominal"}
[2024-10-16 10:49:06.948 -0700] [INFO] [cadence.virtuoso.ade.simulationMonitor] - Peak resident memory used = 77.2 Mbytes. {"history": "ExplorerRun.0", "point": 1, "testname": "demo_4bit_RCA_tb_1", "cornername": "Nominal"}
[2024-10-16 10:49:06.951 -0700] [INFO] [cadence.virtuoso.ade.simulationMonitor] - Notice from spectre.
    25 notices suppressed. {"history": "ExplorerRun.0", "point": 1, "testname": "demo_4bit_RCA_tb_1", "cornername": "Nominal"}
[2024-10-16 10:49:07.458 -0700] [INFO] [cadence.virtuoso.ade.simulationMonitor] - Time used: CPU = 1.55 s, elapsed = 1.84 s, util. = 84.5%. {"history": "ExplorerRun.0", "point": 1, "testname": "demo_4bit_RCA_tb_1", "cornername": "Nominal"}
[2024-10-16 10:49:07.462 -0700] [INFO] [cadence.virtuoso.ade.simulationMonitor] - Time spent in licensing: elapsed = 32.1 ms. {"history": "ExplorerRun.0", "point": 1, "testname": "demo_4bit_RCA_tb_1", "cornername": "Nominal"}
[2024-10-16 10:49:07.467 -0700] [INFO] [cadence.virtuoso.ade.simulationMonitor] - Peak memory used = 77.8 Mbytes. {"history": "ExplorerRun.0", "point": 1, "testname": "demo_4bit_RCA_tb_1", "cornername": "Nominal"}
[2024-10-16 10:49:07.475 -0700] [PROCESS] [cadence.virtuoso.ade.simulationMonitor] - Simulation started at: 10:49:04 AM, Wed Oct 16, 2024, ended at: 10:49:06 AM, Wed Oct 16, 2024, with elapsed time (wall clock): 1.84 s. {"history": "ExplorerRun.0", "point": 1, "testname": "demo_4bit_RCA_tb_1", "cornername": "Nominal"}
[2024-10-16 10:49:07.477 -0700] [PROCESS] [cadence.virtuoso.ade.simulationMonitor] - spectre completes with 0 errors, 1 warning, and 12 notices. {"history": "ExplorerRun.0", "point": 1, "testname": "demo_4bit_RCA_tb_1", "cornername": "Nominal"}
[2024-10-16 10:49:07.480 -0700] [PROCESS] [cadence.virtuoso.ade.simulationMonitor] - Finished simulating for one point {"hostname": "viterbi-scf2", "processid": 324962, "history": "ExplorerRun.0", "testname": "demo_4bit_RCA_tb_1", "cornername": "Nominal", "point": 1, "logfile": "/home/viterbi/01/tongjia/work_gpdk045/logs_tongjia/logs0/Job56.log", "simid": "1"}
[2024-10-16 10:49:07.484 -0700] [PROCESS] [cadence.virtuoso.ade.simulationMonitor] - Simulator exited {"hostname": "viterbi-scf2", "processid": 324962, "history": "ExplorerRun.0", "testname": "demo_4bit_RCA_tb_1", "cornername": "Nominal", "point": 1, "logfile": "/home/viterbi/01/tongjia/work_gpdk045/logs_tongjia/logs0/Job56.log", "exitStatus": "0"}
[2024-10-16 10:49:07.487 -0700] [PROCESS] [cadence.virtuoso.ade.simulationMonitor] - Finished Simulation {"hostname": "viterbi-scf2", "processid": 324962, "history": "ExplorerRun.0", "testname": "demo_4bit_RCA_tb_1", "cornername": "Nominal", "point": 1, "logfile": "/home/viterbi/01/tongjia/work_gpdk045/logs_tongjia/logs0/Job56.log", "simid": "1"}
[2024-10-16 10:49:11.031 -0700] [PROCESS] [cadence.virtuoso.ade.simulationMonitor] - Point Finished {"hostname": "viterbi-scf2", "processid": 324962, "history": "ExplorerRun.0", "testname": "demo_4bit_RCA_tb_1", "cornername": "Nominal", "point": 1, "logfile": "/home/viterbi/01/tongjia/work_gpdk045/logs_tongjia/logs0/Job56.log"}
[2024-10-16 10:49:12.069 -0700] [PROCESS] [cadence.virtuoso.ade.simulationMonitor] - Stay with the runId '2', Linger time '300', currentRunSyn '5', currentTestSyn '6' {"hostname": "viterbi-scf2", "processid": 324962, "history": "ExplorerRun.0", "testname": "demo_4bit_RCA_tb_1", "cornername": "Nominal", "point": 1, "logfile": "/home/viterbi/01/tongjia/work_gpdk045/logs_tongjia/logs0/Job56.log"}
[2024-10-16 10:51:18.708 -0700] [INFO] [cadence.virtuoso.ade.simulationMonitor] - SimulationMonitor has terminated the vds process '324997', reason: 'Force to stop the expression evalutor process because of new run' {"history": "ExplorerRun.0", "point": 1, "testname": "demo_4bit_RCA_tb_1", "cornername": "Nominal"}
[2024-10-16 10:51:18.713 -0700] [PROCESS] [cadence.virtuoso.ade.simulationMonitor] - HostInfo:
Host name (type):	viterbi-scf2 (x86_64)
Operating system:	Linux 3.10.0-1160.119.1.el7.tuxcare.els3.x86_64 #1 SMP Fri Aug 23 19:18:06 UTC 2024 {"hostname": "viterbi-scf2", "processid": 324962, "history": "ExplorerRun.0", "testname": "demo_4bit_RCA_tb_1", "cornername": "Nominal", "point": 1, "logfile": "/home/viterbi/01/tongjia/work_gpdk045/logs_tongjia/logs0/Job56.log", "nodename": "viterbi-scf2", "domainname": "viterbi", "machine": "x86_64", "sysname": "Linux", "release": "3.10.0-1160.119.1.el7.tuxcare.els3.x86_64", "version": "#1 SMP Fri Aug 23 19:18:06 UTC 2024"}
[2024-10-16 10:51:18.715 -0700] [PROCESS] [cadence.virtuoso.ade.simulationMonitor] - UsageInfo:
pid=324962
totalPhysicalMemory=1007.132404GB,Used=221.421505GB,totalVirtualMemory=1007.132404GB,Used=221.421505GB
Cpu: Cores=112, Load average:2.310000,2.480000,2.540000 {"hostname": "viterbi-scf2", "processid": 324962, "history": "ExplorerRun.0", "testname": "demo_4bit_RCA_tb_1", "cornername": "Nominal", "point": 1, "logfile": "/home/viterbi/01/tongjia/work_gpdk045/logs_tongjia/logs0/Job56.log", "pid": "324962", "totalPhysicalMemory": "1007.132404", "physicalMemoryUsed": "221.421505", "totalVirtualMemory": "1007.132404", "virtualMemoryUsed": "221.421505", "cpuCores": "112", "processes": "4213", "loadAverage1": "2.310000", "loadAverage5": "2.480000", "loadAverage15": "2.540000", "loadAverage1Percent": "0.020625"}
[2024-10-16 10:51:18.720 -0700] [EVENT] [cadence.virtuoso.ade.simulationMonitor] - NewPoint {"history": "ExplorerRun.0", "point": 1, "testname": "demo_4bit_RCA_tb_1", "cornername": "Nominal", "event": "NewPoint", "EventSource": "Simulation Monitor", "HistoryName": "ExplorerRun.0", "logFile": "/home/viterbi/01/tongjia/work_gpdk045/logs_tongjia/logs0/Job56.log", "logFileSize": "14480"}
[2024-10-16 10:51:19.029 -0700] [EVENT] [cadence.virtuoso.ade.simulationMonitor] - NewPoint {"history": "ExplorerRun.0", "point": 1, "testname": "demo_4bit_RCA_tb_1", "cornername": "Nominal", "event": "NewPoint", "EventSource": "spectre", "HistoryName": "ExplorerRun.0", "logFile": "/home/viterbi/01/tongjia/simulation/demo/4bit_RCA_tb/maestro/results/maestro/ExplorerRun.0/1/demo_4bit_RCA_tb_1/psf/spectre.out", "logFileSize": "-1"}
[2024-10-16 10:51:19.062 -0700] [PROCESS] [cadence.virtuoso.ade.simulationMonitor] - Simulator launched {"hostname": "viterbi-scf2", "processid": 324962, "history": "ExplorerRun.0", "testname": "demo_4bit_RCA_tb_1", "cornername": "Nominal", "point": 1, "logfile": "/home/viterbi/01/tongjia/work_gpdk045/logs_tongjia/logs0/Job56.log", "simid": "2"}
[2024-10-16 10:51:19.070 -0700] [PROCESS] [cadence.virtuoso.ade.simulationMonitor] - Expression evaluator launched {"hostname": "viterbi-scf2", "processid": 324962, "history": "ExplorerRun.0", "testname": "demo_4bit_RCA_tb_1", "cornername": "Nominal", "point": 1, "logfile": "/home/viterbi/01/tongjia/work_gpdk045/logs_tongjia/logs0/Job56.log"}
[2024-10-16 10:51:19.563 -0700] [PROCESS] [cadence.virtuoso.ade.simulationMonitor] - Started Simulation {"hostname": "viterbi-scf2", "processid": 324962, "history": "ExplorerRun.0", "testname": "demo_4bit_RCA_tb_1", "cornername": "Nominal", "point": 1, "logfile": "/home/viterbi/01/tongjia/work_gpdk045/logs_tongjia/logs0/Job56.log", "event": "started", "task": "simulation"}
[2024-10-16 10:51:20.571 -0700] [INFO] [cadence.virtuoso.ade.simulationMonitor] - Peak resident memory used = 57.7 Mbytes. {"history": "ExplorerRun.0", "point": 1, "testname": "demo_4bit_RCA_tb_1", "cornername": "Nominal"}
[2024-10-16 10:51:21.074 -0700] [INFO] [cadence.virtuoso.ade.simulationMonitor] - Peak resident memory used = 68 Mbytes. {"history": "ExplorerRun.0", "point": 1, "testname": "demo_4bit_RCA_tb_1", "cornername": "Nominal"}
[2024-10-16 10:51:21.076 -0700] [INFO] [cadence.virtuoso.ade.simulationMonitor] - Peak resident memory used = 69.2 Mbytes. {"history": "ExplorerRun.0", "point": 1, "testname": "demo_4bit_RCA_tb_1", "cornername": "Nominal"}
[2024-10-16 10:51:21.080 -0700] [INFO] [cadence.virtuoso.ade.simulationMonitor] - Notice from spectre during initial setup.
    Multithreading is disabled due to the size of the design being too small. {"history": "ExplorerRun.0", "point": 1, "testname": "demo_4bit_RCA_tb_1", "cornername": "Nominal"}
[2024-10-16 10:51:21.094 -0700] [INFO] [cadence.virtuoso.ade.simulationMonitor] -               nodes 268 {"history": "ExplorerRun.0", "point": 1, "testname": "demo_4bit_RCA_tb_1", "cornername": "Nominal"}
[2024-10-16 10:51:21.096 -0700] [INFO] [cadence.virtuoso.ade.simulationMonitor] - Notice from spectre during initial setup.
    APS Enabled. {"history": "ExplorerRun.0", "point": 1, "testname": "demo_4bit_RCA_tb_1", "cornername": "Nominal"}
[2024-10-16 10:51:21.099 -0700] [INFO] [cadence.virtuoso.ade.simulationMonitor] - Peak resident memory used = 70.4 Mbytes. {"history": "ExplorerRun.0", "point": 1, "testname": "demo_4bit_RCA_tb_1", "cornername": "Nominal"}
[2024-10-16 10:51:21.103 -0700] [WARN] [cadence.virtuoso.ade.simulationMonitor] -     WARNING (SPECTRE-16707): Only tran supports psfxl format, result of other analyses will be in psfbin format. {"history": "ExplorerRun.0", "point": 1, "testname": "demo_4bit_RCA_tb_1", "cornername": "Nominal"}
[2024-10-16 10:51:21.107 -0700] [INFO] [cadence.virtuoso.ade.simulationMonitor] - Notice from spectre during IC analysis, during transient analysis `tran'.
    GminDC = 1 pS is large enough to noticeably affect the DC solution.
        dV(I1.I3.I1.net1) = -12.0849 mV
        Use the `gmin_check' option to eliminate or expand this report.
    Bad pivoting is found during DC analysis. Option dc_pivot_check=yes is recommended for possible improvement of convergence. {"history": "ExplorerRun.0", "point": 1, "testname": "demo_4bit_RCA_tb_1", "cornername": "Nominal"}
[2024-10-16 10:51:21.110 -0700] [INFO] [cadence.virtuoso.ade.simulationMonitor] - Notice from spectre during transient analysis `tran'.
    Multithreading is disabled due to the size of the design being too small. {"history": "ExplorerRun.0", "point": 1, "testname": "demo_4bit_RCA_tb_1", "cornername": "Nominal"}
[2024-10-16 10:51:21.113 -0700] [INFO] [cadence.virtuoso.ade.simulationMonitor] - Notice from spectre at time = 6 ns during transient analysis `tran'.
    Found trapezoidal ringing on node _vvdd!:p. {"history": "ExplorerRun.0", "point": 1, "testname": "demo_4bit_RCA_tb_1", "cornername": "Nominal"}
[2024-10-16 10:51:21.621 -0700] [INFO] [cadence.virtuoso.ade.simulationMonitor] - Notice from spectre at time = 8.33791 ns during transient analysis `tran'.
    Found trapezoidal ringing on node _vvdd!:p. {"history": "ExplorerRun.0", "point": 1, "testname": "demo_4bit_RCA_tb_1", "cornername": "Nominal"}
[2024-10-16 10:51:21.625 -0700] [INFO] [cadence.virtuoso.ade.simulationMonitor] - Notice from spectre at time = 8.53791 ns during transient analysis `tran'.
    Found trapezoidal ringing on node _vvdd!:p. {"history": "ExplorerRun.0", "point": 1, "testname": "demo_4bit_RCA_tb_1", "cornername": "Nominal"}
[2024-10-16 10:51:21.629 -0700] [INFO] [cadence.virtuoso.ade.simulationMonitor] - Notice from spectre at time = 8.73791 ns during transient analysis `tran'.
    Found trapezoidal ringing on node _vvdd!:p. {"history": "ExplorerRun.0", "point": 1, "testname": "demo_4bit_RCA_tb_1", "cornername": "Nominal"}
[2024-10-16 10:51:21.633 -0700] [INFO] [cadence.virtuoso.ade.simulationMonitor] - Notice from spectre at time = 8.93791 ns during transient analysis `tran'.
    Found trapezoidal ringing on node _vvdd!:p.
        Further occurrences of this notice will be suppressed. {"history": "ExplorerRun.0", "point": 1, "testname": "demo_4bit_RCA_tb_1", "cornername": "Nominal"}
[2024-10-16 10:51:21.636 -0700] [INFO] [cadence.virtuoso.ade.simulationMonitor] - Notice from spectre during transient analysis `tran'.
    Trapezoidal ringing is detected during tran analysis.
        Please use method=trap for better results and performance. {"history": "ExplorerRun.0", "point": 1, "testname": "demo_4bit_RCA_tb_1", "cornername": "Nominal"}
[2024-10-16 10:51:21.640 -0700] [INFO] [cadence.virtuoso.ade.simulationMonitor] - Total time required for tran analysis `tran': CPU = 323.264 ms, elapsed = 347.415 ms. {"history": "ExplorerRun.0", "point": 1, "testname": "demo_4bit_RCA_tb_1", "cornername": "Nominal"}
[2024-10-16 10:51:21.643 -0700] [INFO] [cadence.virtuoso.ade.simulationMonitor] - Peak resident memory used = 77.2 Mbytes. {"history": "ExplorerRun.0", "point": 1, "testname": "demo_4bit_RCA_tb_1", "cornername": "Nominal"}
[2024-10-16 10:51:21.647 -0700] [INFO] [cadence.virtuoso.ade.simulationMonitor] - Notice from spectre.
    6 notices suppressed. {"history": "ExplorerRun.0", "point": 1, "testname": "demo_4bit_RCA_tb_1", "cornername": "Nominal"}
[2024-10-16 10:51:21.650 -0700] [INFO] [cadence.virtuoso.ade.simulationMonitor] - Time used: CPU = 1.58 s, elapsed = 1.95 s, util. = 81%. {"history": "ExplorerRun.0", "point": 1, "testname": "demo_4bit_RCA_tb_1", "cornername": "Nominal"}
[2024-10-16 10:51:21.654 -0700] [INFO] [cadence.virtuoso.ade.simulationMonitor] - Time spent in licensing: elapsed = 72.8 ms. {"history": "ExplorerRun.0", "point": 1, "testname": "demo_4bit_RCA_tb_1", "cornername": "Nominal"}
[2024-10-16 10:51:21.659 -0700] [INFO] [cadence.virtuoso.ade.simulationMonitor] - Peak memory used = 77.8 Mbytes. {"history": "ExplorerRun.0", "point": 1, "testname": "demo_4bit_RCA_tb_1", "cornername": "Nominal"}
[2024-10-16 10:51:21.666 -0700] [PROCESS] [cadence.virtuoso.ade.simulationMonitor] - Simulation started at: 10:51:19 AM, Wed Oct 16, 2024, ended at: 10:51:21 AM, Wed Oct 16, 2024, with elapsed time (wall clock): 1.95 s. {"history": "ExplorerRun.0", "point": 1, "testname": "demo_4bit_RCA_tb_1", "cornername": "Nominal"}
[2024-10-16 10:51:21.670 -0700] [PROCESS] [cadence.virtuoso.ade.simulationMonitor] - spectre completes with 0 errors, 1 warning, and 12 notices. {"history": "ExplorerRun.0", "point": 1, "testname": "demo_4bit_RCA_tb_1", "cornername": "Nominal"}
[2024-10-16 10:51:21.674 -0700] [PROCESS] [cadence.virtuoso.ade.simulationMonitor] - Finished simulating for one point {"hostname": "viterbi-scf2", "processid": 324962, "history": "ExplorerRun.0", "testname": "demo_4bit_RCA_tb_1", "cornername": "Nominal", "point": 1, "logfile": "/home/viterbi/01/tongjia/work_gpdk045/logs_tongjia/logs0/Job56.log", "simid": "2"}
[2024-10-16 10:51:21.679 -0700] [PROCESS] [cadence.virtuoso.ade.simulationMonitor] - Simulator exited {"hostname": "viterbi-scf2", "processid": 324962, "history": "ExplorerRun.0", "testname": "demo_4bit_RCA_tb_1", "cornername": "Nominal", "point": 1, "logfile": "/home/viterbi/01/tongjia/work_gpdk045/logs_tongjia/logs0/Job56.log", "exitStatus": "0"}
[2024-10-16 10:51:21.684 -0700] [PROCESS] [cadence.virtuoso.ade.simulationMonitor] - Finished Simulation {"hostname": "viterbi-scf2", "processid": 324962, "history": "ExplorerRun.0", "testname": "demo_4bit_RCA_tb_1", "cornername": "Nominal", "point": 1, "logfile": "/home/viterbi/01/tongjia/work_gpdk045/logs_tongjia/logs0/Job56.log", "simid": "2"}
[2024-10-16 10:51:24.734 -0700] [PROCESS] [cadence.virtuoso.ade.simulationMonitor] - Point Finished {"hostname": "viterbi-scf2", "processid": 324962, "history": "ExplorerRun.0", "testname": "demo_4bit_RCA_tb_1", "cornername": "Nominal", "point": 1, "logfile": "/home/viterbi/01/tongjia/work_gpdk045/logs_tongjia/logs0/Job56.log"}
[2024-10-16 10:51:25.771 -0700] [PROCESS] [cadence.virtuoso.ade.simulationMonitor] - Stay with the runId '3', Linger time '300', currentRunSyn '7', currentTestSyn '8' {"hostname": "viterbi-scf2", "processid": 324962, "history": "ExplorerRun.0", "testname": "demo_4bit_RCA_tb_1", "cornername": "Nominal", "point": 1, "logfile": "/home/viterbi/01/tongjia/work_gpdk045/logs_tongjia/logs0/Job56.log"}
[2024-10-16 10:52:14.149 -0700] [INFO] [cadence.virtuoso.ade.simulationMonitor] - SimulationMonitor has terminated the vds process '329654', reason: 'Force to stop the expression evalutor process because of new run' {"history": "ExplorerRun.0", "point": 1, "testname": "demo_4bit_RCA_tb_1", "cornername": "Nominal"}
[2024-10-16 10:52:14.156 -0700] [PROCESS] [cadence.virtuoso.ade.simulationMonitor] - HostInfo:
Host name (type):	viterbi-scf2 (x86_64)
Operating system:	Linux 3.10.0-1160.119.1.el7.tuxcare.els3.x86_64 #1 SMP Fri Aug 23 19:18:06 UTC 2024 {"hostname": "viterbi-scf2", "processid": 324962, "history": "ExplorerRun.0", "testname": "demo_4bit_RCA_tb_1", "cornername": "Nominal", "point": 1, "logfile": "/home/viterbi/01/tongjia/work_gpdk045/logs_tongjia/logs0/Job56.log", "nodename": "viterbi-scf2", "domainname": "viterbi", "machine": "x86_64", "sysname": "Linux", "release": "3.10.0-1160.119.1.el7.tuxcare.els3.x86_64", "version": "#1 SMP Fri Aug 23 19:18:06 UTC 2024"}
[2024-10-16 10:52:14.159 -0700] [PROCESS] [cadence.virtuoso.ade.simulationMonitor] - UsageInfo:
pid=324962
totalPhysicalMemory=1007.132404GB,Used=221.428047GB,totalVirtualMemory=1007.132404GB,Used=221.428047GB
Cpu: Cores=112, Load average:2.390000,2.480000,2.540000 {"hostname": "viterbi-scf2", "processid": 324962, "history": "ExplorerRun.0", "testname": "demo_4bit_RCA_tb_1", "cornername": "Nominal", "point": 1, "logfile": "/home/viterbi/01/tongjia/work_gpdk045/logs_tongjia/logs0/Job56.log", "pid": "324962", "totalPhysicalMemory": "1007.132404", "physicalMemoryUsed": "221.428047", "totalVirtualMemory": "1007.132404", "virtualMemoryUsed": "221.428047", "cpuCores": "112", "processes": "4215", "loadAverage1": "2.390000", "loadAverage5": "2.480000", "loadAverage15": "2.540000", "loadAverage1Percent": "0.021339"}
[2024-10-16 10:52:14.165 -0700] [EVENT] [cadence.virtuoso.ade.simulationMonitor] - NewPoint {"history": "ExplorerRun.0", "point": 1, "testname": "demo_4bit_RCA_tb_1", "cornername": "Nominal", "event": "NewPoint", "EventSource": "Simulation Monitor", "HistoryName": "ExplorerRun.0", "logFile": "/home/viterbi/01/tongjia/work_gpdk045/logs_tongjia/logs0/Job56.log", "logFileSize": "26684"}
[2024-10-16 10:52:14.482 -0700] [EVENT] [cadence.virtuoso.ade.simulationMonitor] - NewPoint {"history": "ExplorerRun.0", "point": 1, "testname": "demo_4bit_RCA_tb_1", "cornername": "Nominal", "event": "NewPoint", "EventSource": "spectre", "HistoryName": "ExplorerRun.0", "logFile": "/home/viterbi/01/tongjia/simulation/demo/4bit_RCA_tb/maestro/results/maestro/ExplorerRun.0/1/demo_4bit_RCA_tb_1/psf/spectre.out", "logFileSize": "-1"}
[2024-10-16 10:52:14.520 -0700] [PROCESS] [cadence.virtuoso.ade.simulationMonitor] - Simulator launched {"hostname": "viterbi-scf2", "processid": 324962, "history": "ExplorerRun.0", "testname": "demo_4bit_RCA_tb_1", "cornername": "Nominal", "point": 1, "logfile": "/home/viterbi/01/tongjia/work_gpdk045/logs_tongjia/logs0/Job56.log", "simid": "3"}
[2024-10-16 10:52:14.528 -0700] [PROCESS] [cadence.virtuoso.ade.simulationMonitor] - Expression evaluator launched {"hostname": "viterbi-scf2", "processid": 324962, "history": "ExplorerRun.0", "testname": "demo_4bit_RCA_tb_1", "cornername": "Nominal", "point": 1, "logfile": "/home/viterbi/01/tongjia/work_gpdk045/logs_tongjia/logs0/Job56.log"}
[2024-10-16 10:52:14.985 -0700] [PROCESS] [cadence.virtuoso.ade.simulationMonitor] - Started Simulation {"hostname": "viterbi-scf2", "processid": 324962, "history": "ExplorerRun.0", "testname": "demo_4bit_RCA_tb_1", "cornername": "Nominal", "point": 1, "logfile": "/home/viterbi/01/tongjia/work_gpdk045/logs_tongjia/logs0/Job56.log", "event": "started", "task": "simulation"}
[2024-10-16 10:52:15.991 -0700] [INFO] [cadence.virtuoso.ade.simulationMonitor] - Peak resident memory used = 59.6 Mbytes. {"history": "ExplorerRun.0", "point": 1, "testname": "demo_4bit_RCA_tb_1", "cornername": "Nominal"}
[2024-10-16 10:52:15.993 -0700] [INFO] [cadence.virtuoso.ade.simulationMonitor] - Peak resident memory used = 69.9 Mbytes. {"history": "ExplorerRun.0", "point": 1, "testname": "demo_4bit_RCA_tb_1", "cornername": "Nominal"}
[2024-10-16 10:52:15.996 -0700] [INFO] [cadence.virtuoso.ade.simulationMonitor] - Peak resident memory used = 71.1 Mbytes. {"history": "ExplorerRun.0", "point": 1, "testname": "demo_4bit_RCA_tb_1", "cornername": "Nominal"}
[2024-10-16 10:52:16.001 -0700] [INFO] [cadence.virtuoso.ade.simulationMonitor] - Notice from spectre during initial setup.
    Multithreading is disabled due to the size of the design being too small. {"history": "ExplorerRun.0", "point": 1, "testname": "demo_4bit_RCA_tb_1", "cornername": "Nominal"}
[2024-10-16 10:52:16.012 -0700] [INFO] [cadence.virtuoso.ade.simulationMonitor] -               nodes 268 {"history": "ExplorerRun.0", "point": 1, "testname": "demo_4bit_RCA_tb_1", "cornername": "Nominal"}
[2024-10-16 10:52:16.014 -0700] [INFO] [cadence.virtuoso.ade.simulationMonitor] - Notice from spectre during initial setup.
    APS Enabled. {"history": "ExplorerRun.0", "point": 1, "testname": "demo_4bit_RCA_tb_1", "cornername": "Nominal"}
[2024-10-16 10:52:16.017 -0700] [INFO] [cadence.virtuoso.ade.simulationMonitor] - Peak resident memory used = 72.3 Mbytes. {"history": "ExplorerRun.0", "point": 1, "testname": "demo_4bit_RCA_tb_1", "cornername": "Nominal"}
[2024-10-16 10:52:16.020 -0700] [WARN] [cadence.virtuoso.ade.simulationMonitor] -     WARNING (SPECTRE-16707): Only tran supports psfxl format, result of other analyses will be in psfbin format. {"history": "ExplorerRun.0", "point": 1, "testname": "demo_4bit_RCA_tb_1", "cornername": "Nominal"}
[2024-10-16 10:52:16.524 -0700] [INFO] [cadence.virtuoso.ade.simulationMonitor] - Notice from spectre during IC analysis, during transient analysis `tran'.
    GminDC = 1 pS is large enough to noticeably affect the DC solution.
        dV(I1.I3.I1.net1) = -12.0849 mV
        Use the `gmin_check' option to eliminate or expand this report.
    Bad pivoting is found during DC analysis. Option dc_pivot_check=yes is recommended for possible improvement of convergence. {"history": "ExplorerRun.0", "point": 1, "testname": "demo_4bit_RCA_tb_1", "cornername": "Nominal"}
[2024-10-16 10:52:16.526 -0700] [INFO] [cadence.virtuoso.ade.simulationMonitor] - Notice from spectre during transient analysis `tran'.
    Multithreading is disabled due to the size of the design being too small. {"history": "ExplorerRun.0", "point": 1, "testname": "demo_4bit_RCA_tb_1", "cornername": "Nominal"}
[2024-10-16 10:52:16.530 -0700] [INFO] [cadence.virtuoso.ade.simulationMonitor] - Notice from spectre at time = 6 ns during transient analysis `tran'.
    Found trapezoidal ringing on node _vvdd!:p. {"history": "ExplorerRun.0", "point": 1, "testname": "demo_4bit_RCA_tb_1", "cornername": "Nominal"}
[2024-10-16 10:52:16.534 -0700] [INFO] [cadence.virtuoso.ade.simulationMonitor] - Notice from spectre at time = 8.33791 ns during transient analysis `tran'.
    Found trapezoidal ringing on node _vvdd!:p. {"history": "ExplorerRun.0", "point": 1, "testname": "demo_4bit_RCA_tb_1", "cornername": "Nominal"}
[2024-10-16 10:52:16.538 -0700] [INFO] [cadence.virtuoso.ade.simulationMonitor] - Notice from spectre at time = 8.53791 ns during transient analysis `tran'.
    Found trapezoidal ringing on node _vvdd!:p. {"history": "ExplorerRun.0", "point": 1, "testname": "demo_4bit_RCA_tb_1", "cornername": "Nominal"}
[2024-10-16 10:52:16.542 -0700] [INFO] [cadence.virtuoso.ade.simulationMonitor] - Notice from spectre at time = 8.73791 ns during transient analysis `tran'.
    Found trapezoidal ringing on node _vvdd!:p. {"history": "ExplorerRun.0", "point": 1, "testname": "demo_4bit_RCA_tb_1", "cornername": "Nominal"}
[2024-10-16 10:52:16.545 -0700] [INFO] [cadence.virtuoso.ade.simulationMonitor] - Notice from spectre at time = 8.93791 ns during transient analysis `tran'.
    Found trapezoidal ringing on node _vvdd!:p.
        Further occurrences of this notice will be suppressed. {"history": "ExplorerRun.0", "point": 1, "testname": "demo_4bit_RCA_tb_1", "cornername": "Nominal"}
[2024-10-16 10:52:16.549 -0700] [INFO] [cadence.virtuoso.ade.simulationMonitor] - Notice from spectre during transient analysis `tran'.
    Trapezoidal ringing is detected during tran analysis.
        Please use method=trap for better results and performance. {"history": "ExplorerRun.0", "point": 1, "testname": "demo_4bit_RCA_tb_1", "cornername": "Nominal"}
[2024-10-16 10:52:16.552 -0700] [INFO] [cadence.virtuoso.ade.simulationMonitor] - Total time required for tran analysis `tran': CPU = 324.461 ms, elapsed = 350.424 ms. {"history": "ExplorerRun.0", "point": 1, "testname": "demo_4bit_RCA_tb_1", "cornername": "Nominal"}
[2024-10-16 10:52:16.556 -0700] [INFO] [cadence.virtuoso.ade.simulationMonitor] - Peak resident memory used = 79.1 Mbytes. {"history": "ExplorerRun.0", "point": 1, "testname": "demo_4bit_RCA_tb_1", "cornername": "Nominal"}
[2024-10-16 10:52:16.559 -0700] [INFO] [cadence.virtuoso.ade.simulationMonitor] - Notice from spectre.
    6 notices suppressed. {"history": "ExplorerRun.0", "point": 1, "testname": "demo_4bit_RCA_tb_1", "cornername": "Nominal"}
[2024-10-16 10:52:17.066 -0700] [INFO] [cadence.virtuoso.ade.simulationMonitor] - Time used: CPU = 1.51 s, elapsed = 1.79 s, util. = 84.5%. {"history": "ExplorerRun.0", "point": 1, "testname": "demo_4bit_RCA_tb_1", "cornername": "Nominal"}
[2024-10-16 10:52:17.071 -0700] [INFO] [cadence.virtuoso.ade.simulationMonitor] - Time spent in licensing: elapsed = 35.9 ms. {"history": "ExplorerRun.0", "point": 1, "testname": "demo_4bit_RCA_tb_1", "cornername": "Nominal"}
[2024-10-16 10:52:17.076 -0700] [INFO] [cadence.virtuoso.ade.simulationMonitor] - Peak memory used = 79.7 Mbytes. {"history": "ExplorerRun.0", "point": 1, "testname": "demo_4bit_RCA_tb_1", "cornername": "Nominal"}
[2024-10-16 10:52:17.084 -0700] [PROCESS] [cadence.virtuoso.ade.simulationMonitor] - Simulation started at: 10:52:14 AM, Wed Oct 16, 2024, ended at: 10:52:16 AM, Wed Oct 16, 2024, with elapsed time (wall clock): 1.79 s. {"history": "ExplorerRun.0", "point": 1, "testname": "demo_4bit_RCA_tb_1", "cornername": "Nominal"}
[2024-10-16 10:52:17.086 -0700] [PROCESS] [cadence.virtuoso.ade.simulationMonitor] - spectre completes with 0 errors, 1 warning, and 12 notices. {"history": "ExplorerRun.0", "point": 1, "testname": "demo_4bit_RCA_tb_1", "cornername": "Nominal"}
[2024-10-16 10:52:17.089 -0700] [PROCESS] [cadence.virtuoso.ade.simulationMonitor] - Finished simulating for one point {"hostname": "viterbi-scf2", "processid": 324962, "history": "ExplorerRun.0", "testname": "demo_4bit_RCA_tb_1", "cornername": "Nominal", "point": 1, "logfile": "/home/viterbi/01/tongjia/work_gpdk045/logs_tongjia/logs0/Job56.log", "simid": "3"}
[2024-10-16 10:52:17.092 -0700] [PROCESS] [cadence.virtuoso.ade.simulationMonitor] - Simulator exited {"hostname": "viterbi-scf2", "processid": 324962, "history": "ExplorerRun.0", "testname": "demo_4bit_RCA_tb_1", "cornername": "Nominal", "point": 1, "logfile": "/home/viterbi/01/tongjia/work_gpdk045/logs_tongjia/logs0/Job56.log", "exitStatus": "0"}
[2024-10-16 10:52:17.096 -0700] [PROCESS] [cadence.virtuoso.ade.simulationMonitor] - Finished Simulation {"hostname": "viterbi-scf2", "processid": 324962, "history": "ExplorerRun.0", "testname": "demo_4bit_RCA_tb_1", "cornername": "Nominal", "point": 1, "logfile": "/home/viterbi/01/tongjia/work_gpdk045/logs_tongjia/logs0/Job56.log", "simid": "3"}
[2024-10-16 10:52:20.641 -0700] [PROCESS] [cadence.virtuoso.ade.simulationMonitor] - Point Finished {"hostname": "viterbi-scf2", "processid": 324962, "history": "ExplorerRun.0", "testname": "demo_4bit_RCA_tb_1", "cornername": "Nominal", "point": 1, "logfile": "/home/viterbi/01/tongjia/work_gpdk045/logs_tongjia/logs0/Job56.log"}
[2024-10-16 10:52:21.697 -0700] [PROCESS] [cadence.virtuoso.ade.simulationMonitor] - Stay with the runId '4', Linger time '300', currentRunSyn '9', currentTestSyn '10' {"hostname": "viterbi-scf2", "processid": 324962, "history": "ExplorerRun.0", "testname": "demo_4bit_RCA_tb_1", "cornername": "Nominal", "point": 1, "logfile": "/home/viterbi/01/tongjia/work_gpdk045/logs_tongjia/logs0/Job56.log"}
[2024-10-16 10:53:15.345 -0700] [INFO] [cadence.virtuoso.ade.simulationMonitor] - SimulationMonitor has terminated the vds process '331911', reason: 'Force to stop the expression evalutor process because of new run' {"history": "ExplorerRun.0", "point": 1, "testname": "demo_4bit_RCA_tb_1", "cornername": "Nominal"}
[2024-10-16 10:53:15.352 -0700] [PROCESS] [cadence.virtuoso.ade.simulationMonitor] - HostInfo:
Host name (type):	viterbi-scf2 (x86_64)
Operating system:	Linux 3.10.0-1160.119.1.el7.tuxcare.els3.x86_64 #1 SMP Fri Aug 23 19:18:06 UTC 2024 {"hostname": "viterbi-scf2", "processid": 324962, "history": "ExplorerRun.0", "testname": "demo_4bit_RCA_tb_1", "cornername": "Nominal", "point": 1, "logfile": "/home/viterbi/01/tongjia/work_gpdk045/logs_tongjia/logs0/Job56.log", "nodename": "viterbi-scf2", "domainname": "viterbi", "machine": "x86_64", "sysname": "Linux", "release": "3.10.0-1160.119.1.el7.tuxcare.els3.x86_64", "version": "#1 SMP Fri Aug 23 19:18:06 UTC 2024"}
[2024-10-16 10:53:15.355 -0700] [PROCESS] [cadence.virtuoso.ade.simulationMonitor] - UsageInfo:
pid=324962
totalPhysicalMemory=1007.132404GB,Used=221.376911GB,totalVirtualMemory=1007.132404GB,Used=221.376911GB
Cpu: Cores=112, Load average:2.540000,2.490000,2.540000 {"hostname": "viterbi-scf2", "processid": 324962, "history": "ExplorerRun.0", "testname": "demo_4bit_RCA_tb_1", "cornername": "Nominal", "point": 1, "logfile": "/home/viterbi/01/tongjia/work_gpdk045/logs_tongjia/logs0/Job56.log", "pid": "324962", "totalPhysicalMemory": "1007.132404", "physicalMemoryUsed": "221.376911", "totalVirtualMemory": "1007.132404", "virtualMemoryUsed": "221.376911", "cpuCores": "112", "processes": "4193", "loadAverage1": "2.540000", "loadAverage5": "2.490000", "loadAverage15": "2.540000", "loadAverage1Percent": "0.022679"}
[2024-10-16 10:53:15.361 -0700] [EVENT] [cadence.virtuoso.ade.simulationMonitor] - NewPoint {"history": "ExplorerRun.0", "point": 1, "testname": "demo_4bit_RCA_tb_1", "cornername": "Nominal", "event": "NewPoint", "EventSource": "Simulation Monitor", "HistoryName": "ExplorerRun.0", "logFile": "/home/viterbi/01/tongjia/work_gpdk045/logs_tongjia/logs0/Job56.log", "logFileSize": "38893"}
[2024-10-16 10:53:15.673 -0700] [EVENT] [cadence.virtuoso.ade.simulationMonitor] - NewPoint {"history": "ExplorerRun.0", "point": 1, "testname": "demo_4bit_RCA_tb_1", "cornername": "Nominal", "event": "NewPoint", "EventSource": "spectre", "HistoryName": "ExplorerRun.0", "logFile": "/home/viterbi/01/tongjia/simulation/demo/4bit_RCA_tb/maestro/results/maestro/ExplorerRun.0/1/demo_4bit_RCA_tb_1/psf/spectre.out", "logFileSize": "-1"}
[2024-10-16 10:53:15.715 -0700] [PROCESS] [cadence.virtuoso.ade.simulationMonitor] - Simulator launched {"hostname": "viterbi-scf2", "processid": 324962, "history": "ExplorerRun.0", "testname": "demo_4bit_RCA_tb_1", "cornername": "Nominal", "point": 1, "logfile": "/home/viterbi/01/tongjia/work_gpdk045/logs_tongjia/logs0/Job56.log", "simid": "4"}
[2024-10-16 10:53:15.722 -0700] [PROCESS] [cadence.virtuoso.ade.simulationMonitor] - Expression evaluator launched {"hostname": "viterbi-scf2", "processid": 324962, "history": "ExplorerRun.0", "testname": "demo_4bit_RCA_tb_1", "cornername": "Nominal", "point": 1, "logfile": "/home/viterbi/01/tongjia/work_gpdk045/logs_tongjia/logs0/Job56.log"}
[2024-10-16 10:53:16.189 -0700] [PROCESS] [cadence.virtuoso.ade.simulationMonitor] - Started Simulation {"hostname": "viterbi-scf2", "processid": 324962, "history": "ExplorerRun.0", "testname": "demo_4bit_RCA_tb_1", "cornername": "Nominal", "point": 1, "logfile": "/home/viterbi/01/tongjia/work_gpdk045/logs_tongjia/logs0/Job56.log", "event": "started", "task": "simulation"}
[2024-10-16 10:53:17.201 -0700] [INFO] [cadence.virtuoso.ade.simulationMonitor] - Peak resident memory used = 57.7 Mbytes. {"history": "ExplorerRun.0", "point": 1, "testname": "demo_4bit_RCA_tb_1", "cornername": "Nominal"}
[2024-10-16 10:53:17.203 -0700] [INFO] [cadence.virtuoso.ade.simulationMonitor] - Peak resident memory used = 68 Mbytes. {"history": "ExplorerRun.0", "point": 1, "testname": "demo_4bit_RCA_tb_1", "cornername": "Nominal"}
[2024-10-16 10:53:17.206 -0700] [INFO] [cadence.virtuoso.ade.simulationMonitor] - Peak resident memory used = 69.2 Mbytes. {"history": "ExplorerRun.0", "point": 1, "testname": "demo_4bit_RCA_tb_1", "cornername": "Nominal"}
[2024-10-16 10:53:17.210 -0700] [INFO] [cadence.virtuoso.ade.simulationMonitor] - Notice from spectre during initial setup.
    Multithreading is disabled due to the size of the design being too small. {"history": "ExplorerRun.0", "point": 1, "testname": "demo_4bit_RCA_tb_1", "cornername": "Nominal"}
[2024-10-16 10:53:17.220 -0700] [INFO] [cadence.virtuoso.ade.simulationMonitor] -               nodes 268 {"history": "ExplorerRun.0", "point": 1, "testname": "demo_4bit_RCA_tb_1", "cornername": "Nominal"}
[2024-10-16 10:53:17.222 -0700] [INFO] [cadence.virtuoso.ade.simulationMonitor] - Notice from spectre during initial setup.
    APS Enabled. {"history": "ExplorerRun.0", "point": 1, "testname": "demo_4bit_RCA_tb_1", "cornername": "Nominal"}
[2024-10-16 10:53:17.225 -0700] [INFO] [cadence.virtuoso.ade.simulationMonitor] - Peak resident memory used = 70.4 Mbytes. {"history": "ExplorerRun.0", "point": 1, "testname": "demo_4bit_RCA_tb_1", "cornername": "Nominal"}
[2024-10-16 10:53:17.228 -0700] [WARN] [cadence.virtuoso.ade.simulationMonitor] -     WARNING (SPECTRE-16707): Only tran supports psfxl format, result of other analyses will be in psfbin format. {"history": "ExplorerRun.0", "point": 1, "testname": "demo_4bit_RCA_tb_1", "cornername": "Nominal"}
[2024-10-16 10:53:17.731 -0700] [INFO] [cadence.virtuoso.ade.simulationMonitor] - Notice from spectre during IC analysis, during transient analysis `tran'.
    GminDC = 1 pS is large enough to noticeably affect the DC solution.
        dV(I1.I3.I1.net1) = -12.0849 mV
        Use the `gmin_check' option to eliminate or expand this report.
    Bad pivoting is found during DC analysis. Option dc_pivot_check=yes is recommended for possible improvement of convergence. {"history": "ExplorerRun.0", "point": 1, "testname": "demo_4bit_RCA_tb_1", "cornername": "Nominal"}
[2024-10-16 10:53:17.733 -0700] [INFO] [cadence.virtuoso.ade.simulationMonitor] - Notice from spectre during transient analysis `tran'.
    Multithreading is disabled due to the size of the design being too small. {"history": "ExplorerRun.0", "point": 1, "testname": "demo_4bit_RCA_tb_1", "cornername": "Nominal"}
[2024-10-16 10:53:17.737 -0700] [INFO] [cadence.virtuoso.ade.simulationMonitor] - Notice from spectre at time = 6 ns during transient analysis `tran'.
    Found trapezoidal ringing on node _vvdd!:p. {"history": "ExplorerRun.0", "point": 1, "testname": "demo_4bit_RCA_tb_1", "cornername": "Nominal"}
[2024-10-16 10:53:17.741 -0700] [INFO] [cadence.virtuoso.ade.simulationMonitor] - Notice from spectre at time = 8.33791 ns during transient analysis `tran'.
    Found trapezoidal ringing on node _vvdd!:p. {"history": "ExplorerRun.0", "point": 1, "testname": "demo_4bit_RCA_tb_1", "cornername": "Nominal"}
[2024-10-16 10:53:17.745 -0700] [INFO] [cadence.virtuoso.ade.simulationMonitor] - Notice from spectre at time = 8.53791 ns during transient analysis `tran'.
    Found trapezoidal ringing on node _vvdd!:p. {"history": "ExplorerRun.0", "point": 1, "testname": "demo_4bit_RCA_tb_1", "cornername": "Nominal"}
[2024-10-16 10:53:17.749 -0700] [INFO] [cadence.virtuoso.ade.simulationMonitor] - Notice from spectre at time = 8.73791 ns during transient analysis `tran'.
    Found trapezoidal ringing on node _vvdd!:p. {"history": "ExplorerRun.0", "point": 1, "testname": "demo_4bit_RCA_tb_1", "cornername": "Nominal"}
[2024-10-16 10:53:17.752 -0700] [INFO] [cadence.virtuoso.ade.simulationMonitor] - Notice from spectre at time = 8.93791 ns during transient analysis `tran'.
    Found trapezoidal ringing on node _vvdd!:p.
        Further occurrences of this notice will be suppressed. {"history": "ExplorerRun.0", "point": 1, "testname": "demo_4bit_RCA_tb_1", "cornername": "Nominal"}
[2024-10-16 10:53:17.756 -0700] [INFO] [cadence.virtuoso.ade.simulationMonitor] - Notice from spectre during transient analysis `tran'.
    Trapezoidal ringing is detected during tran analysis.
        Please use method=trap for better results and performance. {"history": "ExplorerRun.0", "point": 1, "testname": "demo_4bit_RCA_tb_1", "cornername": "Nominal"}
[2024-10-16 10:53:17.760 -0700] [INFO] [cadence.virtuoso.ade.simulationMonitor] - Total time required for tran analysis `tran': CPU = 297.099 ms, elapsed = 311.903 ms. {"history": "ExplorerRun.0", "point": 1, "testname": "demo_4bit_RCA_tb_1", "cornername": "Nominal"}
[2024-10-16 10:53:17.763 -0700] [INFO] [cadence.virtuoso.ade.simulationMonitor] - Peak resident memory used = 77.2 Mbytes. {"history": "ExplorerRun.0", "point": 1, "testname": "demo_4bit_RCA_tb_1", "cornername": "Nominal"}
[2024-10-16 10:53:17.766 -0700] [INFO] [cadence.virtuoso.ade.simulationMonitor] - Notice from spectre.
    6 notices suppressed. {"history": "ExplorerRun.0", "point": 1, "testname": "demo_4bit_RCA_tb_1", "cornername": "Nominal"}
[2024-10-16 10:53:17.770 -0700] [INFO] [cadence.virtuoso.ade.simulationMonitor] - Time used: CPU = 1.44 s, elapsed = 1.76 s, util. = 81.9%. {"history": "ExplorerRun.0", "point": 1, "testname": "demo_4bit_RCA_tb_1", "cornername": "Nominal"}
[2024-10-16 10:53:17.773 -0700] [INFO] [cadence.virtuoso.ade.simulationMonitor] - Time spent in licensing: elapsed = 32.9 ms. {"history": "ExplorerRun.0", "point": 1, "testname": "demo_4bit_RCA_tb_1", "cornername": "Nominal"}
[2024-10-16 10:53:17.778 -0700] [INFO] [cadence.virtuoso.ade.simulationMonitor] - Peak memory used = 77.8 Mbytes. {"history": "ExplorerRun.0", "point": 1, "testname": "demo_4bit_RCA_tb_1", "cornername": "Nominal"}
[2024-10-16 10:53:17.785 -0700] [PROCESS] [cadence.virtuoso.ade.simulationMonitor] - Simulation started at: 10:53:15 AM, Wed Oct 16, 2024, ended at: 10:53:17 AM, Wed Oct 16, 2024, with elapsed time (wall clock): 1.76 s. {"history": "ExplorerRun.0", "point": 1, "testname": "demo_4bit_RCA_tb_1", "cornername": "Nominal"}
[2024-10-16 10:53:17.789 -0700] [PROCESS] [cadence.virtuoso.ade.simulationMonitor] - spectre completes with 0 errors, 1 warning, and 12 notices. {"history": "ExplorerRun.0", "point": 1, "testname": "demo_4bit_RCA_tb_1", "cornername": "Nominal"}
[2024-10-16 10:53:18.296 -0700] [PROCESS] [cadence.virtuoso.ade.simulationMonitor] - Finished simulating for one point {"hostname": "viterbi-scf2", "processid": 324962, "history": "ExplorerRun.0", "testname": "demo_4bit_RCA_tb_1", "cornername": "Nominal", "point": 1, "logfile": "/home/viterbi/01/tongjia/work_gpdk045/logs_tongjia/logs0/Job56.log", "simid": "4"}
[2024-10-16 10:53:18.300 -0700] [PROCESS] [cadence.virtuoso.ade.simulationMonitor] - Simulator exited {"hostname": "viterbi-scf2", "processid": 324962, "history": "ExplorerRun.0", "testname": "demo_4bit_RCA_tb_1", "cornername": "Nominal", "point": 1, "logfile": "/home/viterbi/01/tongjia/work_gpdk045/logs_tongjia/logs0/Job56.log", "exitStatus": "0"}
[2024-10-16 10:53:18.303 -0700] [PROCESS] [cadence.virtuoso.ade.simulationMonitor] - Finished Simulation {"hostname": "viterbi-scf2", "processid": 324962, "history": "ExplorerRun.0", "testname": "demo_4bit_RCA_tb_1", "cornername": "Nominal", "point": 1, "logfile": "/home/viterbi/01/tongjia/work_gpdk045/logs_tongjia/logs0/Job56.log", "simid": "4"}
[2024-10-16 10:53:21.850 -0700] [PROCESS] [cadence.virtuoso.ade.simulationMonitor] - Point Finished {"hostname": "viterbi-scf2", "processid": 324962, "history": "ExplorerRun.0", "testname": "demo_4bit_RCA_tb_1", "cornername": "Nominal", "point": 1, "logfile": "/home/viterbi/01/tongjia/work_gpdk045/logs_tongjia/logs0/Job56.log"}
[2024-10-16 10:53:22.887 -0700] [PROCESS] [cadence.virtuoso.ade.simulationMonitor] - Stay with the runId '5', Linger time '300', currentRunSyn '11', currentTestSyn '12' {"hostname": "viterbi-scf2", "processid": 324962, "history": "ExplorerRun.0", "testname": "demo_4bit_RCA_tb_1", "cornername": "Nominal", "point": 1, "logfile": "/home/viterbi/01/tongjia/work_gpdk045/logs_tongjia/logs0/Job56.log"}
[2024-10-16 10:53:24.898 -0700] [PROCESS] [cadence.virtuoso.ade.simulationMonitor] - Stay with the runId '5', Linger time '300', currentRunSyn '11', currentTestSyn '13' {"hostname": "viterbi-scf2", "processid": 324962, "history": "ExplorerRun.0", "testname": "demo_4bit_RCA_tb_1", "cornername": "Nominal", "point": 1, "logfile": "/home/viterbi/01/tongjia/work_gpdk045/logs_tongjia/logs0/Job56.log"}
[2024-10-16 10:58:23.748 -0700] [PROCESS] [cadence.virtuoso.ade.simulationMonitor] - Current memory used: 32.4688 MBytes, peak memory used: 32.4688 MBytes {"hostname": "viterbi-scf2", "processid": 324962, "history": "ExplorerRun.0", "testname": "demo_4bit_RCA_tb_1", "cornername": "Nominal", "point": 1, "logfile": "/home/viterbi/01/tongjia/work_gpdk045/logs_tongjia/logs0/Job56.log"}
[2024-10-16 10:58:23.751 -0700] [PROCESS] [cadence.virtuoso.ade.simulationMonitor] - Simulation Monitor process exit. {"hostname": "viterbi-scf2", "processid": 324962, "history": "ExplorerRun.0", "testname": "demo_4bit_RCA_tb_1", "cornername": "Nominal", "point": 1, "logfile": "/home/viterbi/01/tongjia/work_gpdk045/logs_tongjia/logs0/Job56.log"}
