[Simulation Monitor: 57]
[2024-10-16 10:58:45.971 -0700] [PROCESS] [cadence.virtuoso.ade.simulationMonitor] - Simulation Monitor has successfully started up. Trying to set up communication channels to other components ... {"hostname": "viterbi-scf2", "processid": 4752, "logfile": "/home/viterbi/01/tongjia/work_gpdk045/logs_tongjia/logs0/Job57.log"}
[2024-10-16 10:58:45.980 -0700] [PROCESS] [cadence.virtuoso.ade.simulationMonitor] - Communication channels have been successfully set up. Start processing events ... {"hostname": "viterbi-scf2", "processid": 4752, "logfile": "/home/viterbi/01/tongjia/work_gpdk045/logs_tongjia/logs0/Job57.log"}
[2024-10-16 10:58:45.982 -0700] [PROCESS] [cadence.virtuoso.ade.simulationMonitor] - Considering to start history {"hostname": "viterbi-scf2", "processid": 4752, "history": "ExplorerRun.0", "logfile": "/home/viterbi/01/tongjia/work_gpdk045/logs_tongjia/logs0/Job57.log"}
[2024-10-16 10:58:46.025 -0700] [PROCESS] [cadence.virtuoso.ade.simulationMonitor] - HostInfo:
Host name (type):	viterbi-scf2 (x86_64)
Operating system:	Linux 3.10.0-1160.119.1.el7.tuxcare.els3.x86_64 #1 SMP Fri Aug 23 19:18:06 UTC 2024 {"hostname": "viterbi-scf2", "processid": 4752, "history": "ExplorerRun.0", "logfile": "/home/viterbi/01/tongjia/work_gpdk045/logs_tongjia/logs0/Job57.log", "nodename": "viterbi-scf2", "domainname": "viterbi", "machine": "x86_64", "sysname": "Linux", "release": "3.10.0-1160.119.1.el7.tuxcare.els3.x86_64", "version": "#1 SMP Fri Aug 23 19:18:06 UTC 2024"}
[2024-10-16 10:58:46.029 -0700] [PROCESS] [cadence.virtuoso.ade.simulationMonitor] - UsageInfo:
pid=4752
totalPhysicalMemory=1007.132404GB,Used=222.105537GB,totalVirtualMemory=1007.132404GB,Used=222.105537GB
Cpu: Cores=112, Load average:2.840000,2.650000,2.590000 {"hostname": "viterbi-scf2", "processid": 4752, "history": "ExplorerRun.0", "logfile": "/home/viterbi/01/tongjia/work_gpdk045/logs_tongjia/logs0/Job57.log", "pid": "4752", "totalPhysicalMemory": "1007.132404", "physicalMemoryUsed": "222.105537", "totalVirtualMemory": "1007.132404", "virtualMemoryUsed": "222.105537", "cpuCores": "112", "processes": "4303", "loadAverage1": "2.840000", "loadAverage5": "2.650000", "loadAverage15": "2.590000", "loadAverage1Percent": "0.025357"}
[2024-10-16 10:58:46.034 -0700] [EVENT] [cadence.virtuoso.ade.simulationMonitor] - NewPoint {"history": "ExplorerRun.0", "point": 1, "testname": "demo_4bit_RCA_tb_1", "cornername": "Nominal", "event": "NewPoint", "EventSource": "Simulation Monitor", "HistoryName": "ExplorerRun.0", "logFile": "/home/viterbi/01/tongjia/work_gpdk045/logs_tongjia/logs0/Job57.log", "logFileSize": "2254"}
[2024-10-16 10:58:46.342 -0700] [EVENT] [cadence.virtuoso.ade.simulationMonitor] - NewPoint {"history": "ExplorerRun.0", "point": 1, "testname": "demo_4bit_RCA_tb_1", "cornername": "Nominal", "event": "NewPoint", "EventSource": "spectre", "HistoryName": "ExplorerRun.0", "logFile": "/home/viterbi/01/tongjia/simulation/demo/4bit_RCA_tb/maestro/results/maestro/ExplorerRun.0/1/demo_4bit_RCA_tb_1/psf/spectre.out", "logFileSize": "-1"}
[2024-10-16 10:58:46.378 -0700] [PROCESS] [cadence.virtuoso.ade.simulationMonitor] - Simulator launched {"hostname": "viterbi-scf2", "processid": 4752, "history": "ExplorerRun.0", "testname": "demo_4bit_RCA_tb_1", "cornername": "Nominal", "point": 1, "logfile": "/home/viterbi/01/tongjia/work_gpdk045/logs_tongjia/logs0/Job57.log", "simid": "1"}
[2024-10-16 10:58:46.388 -0700] [PROCESS] [cadence.virtuoso.ade.simulationMonitor] - Expression evaluator launched {"hostname": "viterbi-scf2", "processid": 4752, "history": "ExplorerRun.0", "testname": "demo_4bit_RCA_tb_1", "cornername": "Nominal", "point": 1, "logfile": "/home/viterbi/01/tongjia/work_gpdk045/logs_tongjia/logs0/Job57.log"}
[2024-10-16 10:58:46.791 -0700] [PROCESS] [cadence.virtuoso.ade.simulationMonitor] - Started Simulation {"hostname": "viterbi-scf2", "processid": 4752, "history": "ExplorerRun.0", "testname": "demo_4bit_RCA_tb_1", "cornername": "Nominal", "point": 1, "logfile": "/home/viterbi/01/tongjia/work_gpdk045/logs_tongjia/logs0/Job57.log", "event": "started", "task": "simulation"}
[2024-10-16 10:58:47.797 -0700] [INFO] [cadence.virtuoso.ade.simulationMonitor] - Peak resident memory used = 57.7 Mbytes. {"history": "ExplorerRun.0", "point": 1, "testname": "demo_4bit_RCA_tb_1", "cornername": "Nominal"}
[2024-10-16 10:58:48.300 -0700] [INFO] [cadence.virtuoso.ade.simulationMonitor] - Peak resident memory used = 68 Mbytes. {"history": "ExplorerRun.0", "point": 1, "testname": "demo_4bit_RCA_tb_1", "cornername": "Nominal"}
[2024-10-16 10:58:48.302 -0700] [INFO] [cadence.virtuoso.ade.simulationMonitor] - Peak resident memory used = 69.2 Mbytes. {"history": "ExplorerRun.0", "point": 1, "testname": "demo_4bit_RCA_tb_1", "cornername": "Nominal"}
[2024-10-16 10:58:48.306 -0700] [INFO] [cadence.virtuoso.ade.simulationMonitor] - Notice from spectre during initial setup.
    Multithreading is disabled due to the size of the design being too small. {"history": "ExplorerRun.0", "point": 1, "testname": "demo_4bit_RCA_tb_1", "cornername": "Nominal"}
[2024-10-16 10:58:48.317 -0700] [INFO] [cadence.virtuoso.ade.simulationMonitor] -               nodes 268 {"history": "ExplorerRun.0", "point": 1, "testname": "demo_4bit_RCA_tb_1", "cornername": "Nominal"}
[2024-10-16 10:58:48.319 -0700] [INFO] [cadence.virtuoso.ade.simulationMonitor] - Notice from spectre during initial setup.
    APS Enabled. {"history": "ExplorerRun.0", "point": 1, "testname": "demo_4bit_RCA_tb_1", "cornername": "Nominal"}
[2024-10-16 10:58:48.322 -0700] [INFO] [cadence.virtuoso.ade.simulationMonitor] - Peak resident memory used = 70.4 Mbytes. {"history": "ExplorerRun.0", "point": 1, "testname": "demo_4bit_RCA_tb_1", "cornername": "Nominal"}
[2024-10-16 10:58:48.326 -0700] [WARN] [cadence.virtuoso.ade.simulationMonitor] -     WARNING (SPECTRE-16707): Only tran supports psfxl format, result of other analyses will be in psfbin format. {"history": "ExplorerRun.0", "point": 1, "testname": "demo_4bit_RCA_tb_1", "cornername": "Nominal"}
[2024-10-16 10:58:48.330 -0700] [INFO] [cadence.virtuoso.ade.simulationMonitor] - Notice from spectre during IC analysis, during transient analysis `tran'.
    GminDC = 1 pS is large enough to noticeably affect the DC solution.
        dV(I1.I0.I1.net9) = -12.0876 mV
        Use the `gmin_check' option to eliminate or expand this report.
    Bad pivoting is found during DC analysis. Option dc_pivot_check=yes is recommended for possible improvement of convergence. {"history": "ExplorerRun.0", "point": 1, "testname": "demo_4bit_RCA_tb_1", "cornername": "Nominal"}
[2024-10-16 10:58:48.334 -0700] [INFO] [cadence.virtuoso.ade.simulationMonitor] - Notice from spectre during transient analysis `tran'.
    Multithreading is disabled due to the size of the design being too small. {"history": "ExplorerRun.0", "point": 1, "testname": "demo_4bit_RCA_tb_1", "cornername": "Nominal"}
[2024-10-16 10:58:48.841 -0700] [INFO] [cadence.virtuoso.ade.simulationMonitor] - Notice from spectre at time = 4.89696 ns during transient analysis `tran'.
    Found trapezoidal ringing on node _vvdd!:p. {"history": "ExplorerRun.0", "point": 1, "testname": "demo_4bit_RCA_tb_1", "cornername": "Nominal"}
[2024-10-16 10:58:48.845 -0700] [INFO] [cadence.virtuoso.ade.simulationMonitor] - Notice from spectre at time = 5.09696 ns during transient analysis `tran'.
    Found trapezoidal ringing on node _vvdd!:p. {"history": "ExplorerRun.0", "point": 1, "testname": "demo_4bit_RCA_tb_1", "cornername": "Nominal"}
[2024-10-16 10:58:48.849 -0700] [INFO] [cadence.virtuoso.ade.simulationMonitor] - Notice from spectre at time = 5.29696 ns during transient analysis `tran'.
    Found trapezoidal ringing on node _vvdd!:p. {"history": "ExplorerRun.0", "point": 1, "testname": "demo_4bit_RCA_tb_1", "cornername": "Nominal"}
[2024-10-16 10:58:48.853 -0700] [INFO] [cadence.virtuoso.ade.simulationMonitor] - Notice from spectre at time = 5.49696 ns during transient analysis `tran'.
    Found trapezoidal ringing on node _vvdd!:p. {"history": "ExplorerRun.0", "point": 1, "testname": "demo_4bit_RCA_tb_1", "cornername": "Nominal"}
[2024-10-16 10:58:48.857 -0700] [INFO] [cadence.virtuoso.ade.simulationMonitor] - Notice from spectre at time = 5.69696 ns during transient analysis `tran'.
    Found trapezoidal ringing on node _vvdd!:p.
        Further occurrences of this notice will be suppressed. {"history": "ExplorerRun.0", "point": 1, "testname": "demo_4bit_RCA_tb_1", "cornername": "Nominal"}
[2024-10-16 10:58:48.861 -0700] [INFO] [cadence.virtuoso.ade.simulationMonitor] - Notice from spectre during transient analysis `tran'.
    Trapezoidal ringing is detected during tran analysis.
        Please use method=trap for better results and performance. {"history": "ExplorerRun.0", "point": 1, "testname": "demo_4bit_RCA_tb_1", "cornername": "Nominal"}
[2024-10-16 10:58:48.864 -0700] [INFO] [cadence.virtuoso.ade.simulationMonitor] - Total time required for tran analysis `tran': CPU = 452.273 ms, elapsed = 477.424 ms. {"history": "ExplorerRun.0", "point": 1, "testname": "demo_4bit_RCA_tb_1", "cornername": "Nominal"}
[2024-10-16 10:58:48.867 -0700] [INFO] [cadence.virtuoso.ade.simulationMonitor] - Peak resident memory used = 79.3 Mbytes. {"history": "ExplorerRun.0", "point": 1, "testname": "demo_4bit_RCA_tb_1", "cornername": "Nominal"}
[2024-10-16 10:58:48.871 -0700] [INFO] [cadence.virtuoso.ade.simulationMonitor] - Notice from spectre.
    22 notices suppressed. {"history": "ExplorerRun.0", "point": 1, "testname": "demo_4bit_RCA_tb_1", "cornername": "Nominal"}
[2024-10-16 10:58:48.874 -0700] [INFO] [cadence.virtuoso.ade.simulationMonitor] - Time used: CPU = 1.69 s, elapsed = 2.07 s, util. = 81.8%. {"history": "ExplorerRun.0", "point": 1, "testname": "demo_4bit_RCA_tb_1", "cornername": "Nominal"}
[2024-10-16 10:58:48.877 -0700] [INFO] [cadence.virtuoso.ade.simulationMonitor] - Time spent in licensing: elapsed = 25.9 ms. {"history": "ExplorerRun.0", "point": 1, "testname": "demo_4bit_RCA_tb_1", "cornername": "Nominal"}
[2024-10-16 10:58:48.882 -0700] [INFO] [cadence.virtuoso.ade.simulationMonitor] - Peak memory used = 79.9 Mbytes. {"history": "ExplorerRun.0", "point": 1, "testname": "demo_4bit_RCA_tb_1", "cornername": "Nominal"}
[2024-10-16 10:58:48.890 -0700] [PROCESS] [cadence.virtuoso.ade.simulationMonitor] - Simulation started at: 10:58:46 AM, Wed Oct 16, 2024, ended at: 10:58:48 AM, Wed Oct 16, 2024, with elapsed time (wall clock): 2.07 s. {"history": "ExplorerRun.0", "point": 1, "testname": "demo_4bit_RCA_tb_1", "cornername": "Nominal"}
[2024-10-16 10:58:48.893 -0700] [PROCESS] [cadence.virtuoso.ade.simulationMonitor] - spectre completes with 0 errors, 1 warning, and 12 notices. {"history": "ExplorerRun.0", "point": 1, "testname": "demo_4bit_RCA_tb_1", "cornername": "Nominal"}
[2024-10-16 10:58:48.895 -0700] [PROCESS] [cadence.virtuoso.ade.simulationMonitor] - Finished simulating for one point {"hostname": "viterbi-scf2", "processid": 4752, "history": "ExplorerRun.0", "testname": "demo_4bit_RCA_tb_1", "cornername": "Nominal", "point": 1, "logfile": "/home/viterbi/01/tongjia/work_gpdk045/logs_tongjia/logs0/Job57.log", "simid": "1"}
[2024-10-16 10:58:48.898 -0700] [PROCESS] [cadence.virtuoso.ade.simulationMonitor] - Simulator exited {"hostname": "viterbi-scf2", "processid": 4752, "history": "ExplorerRun.0", "testname": "demo_4bit_RCA_tb_1", "cornername": "Nominal", "point": 1, "logfile": "/home/viterbi/01/tongjia/work_gpdk045/logs_tongjia/logs0/Job57.log", "exitStatus": "0"}
[2024-10-16 10:58:48.901 -0700] [PROCESS] [cadence.virtuoso.ade.simulationMonitor] - Finished Simulation {"hostname": "viterbi-scf2", "processid": 4752, "history": "ExplorerRun.0", "testname": "demo_4bit_RCA_tb_1", "cornername": "Nominal", "point": 1, "logfile": "/home/viterbi/01/tongjia/work_gpdk045/logs_tongjia/logs0/Job57.log", "simid": "1"}
[2024-10-16 10:58:52.447 -0700] [PROCESS] [cadence.virtuoso.ade.simulationMonitor] - Point Finished {"hostname": "viterbi-scf2", "processid": 4752, "history": "ExplorerRun.0", "testname": "demo_4bit_RCA_tb_1", "cornername": "Nominal", "point": 1, "logfile": "/home/viterbi/01/tongjia/work_gpdk045/logs_tongjia/logs0/Job57.log"}
[2024-10-16 10:58:53.485 -0700] [PROCESS] [cadence.virtuoso.ade.simulationMonitor] - Stay with the runId '6', Linger time '300', currentRunSyn '13', currentTestSyn '14' {"hostname": "viterbi-scf2", "processid": 4752, "history": "ExplorerRun.0", "testname": "demo_4bit_RCA_tb_1", "cornername": "Nominal", "point": 1, "logfile": "/home/viterbi/01/tongjia/work_gpdk045/logs_tongjia/logs0/Job57.log"}
[2024-10-16 10:58:54.488 -0700] [PROCESS] [cadence.virtuoso.ade.simulationMonitor] - Stay with the runId '6', Linger time '300', currentRunSyn '13', currentTestSyn '14' {"hostname": "viterbi-scf2", "processid": 4752, "history": "ExplorerRun.0", "testname": "demo_4bit_RCA_tb_1", "cornername": "Nominal", "point": 1, "logfile": "/home/viterbi/01/tongjia/work_gpdk045/logs_tongjia/logs0/Job57.log"}
[2024-10-16 11:03:54.004 -0700] [PROCESS] [cadence.virtuoso.ade.simulationMonitor] - Current memory used: 32.4219 MBytes, peak memory used: 32.4219 MBytes {"hostname": "viterbi-scf2", "processid": 4752, "history": "ExplorerRun.0", "testname": "demo_4bit_RCA_tb_1", "cornername": "Nominal", "point": 1, "logfile": "/home/viterbi/01/tongjia/work_gpdk045/logs_tongjia/logs0/Job57.log"}
[2024-10-16 11:03:54.006 -0700] [PROCESS] [cadence.virtuoso.ade.simulationMonitor] - Simulation Monitor process exit. {"hostname": "viterbi-scf2", "processid": 4752, "history": "ExplorerRun.0", "testname": "demo_4bit_RCA_tb_1", "cornername": "Nominal", "point": 1, "logfile": "/home/viterbi/01/tongjia/work_gpdk045/logs_tongjia/logs0/Job57.log"}
