[Simulation Monitor: 5]
[2024-12-08 11:59:21.914 -0800] [PROCESS] [cadence.virtuoso.ade.simulationMonitor] - Simulation Monitor has successfully started up. Trying to set up communication channels to other components ... {"hostname": "viterbi-scf2", "processid": 166702, "logfile": "/home/viterbi/01/tongjia/work_gpdk045/logs_tongjia/logs0/Job5.log"}
[2024-12-08 11:59:21.920 -0800] [PROCESS] [cadence.virtuoso.ade.simulationMonitor] - Communication channels have been successfully set up. Start processing events ... {"hostname": "viterbi-scf2", "processid": 166702, "logfile": "/home/viterbi/01/tongjia/work_gpdk045/logs_tongjia/logs0/Job5.log"}
[2024-12-08 11:59:21.923 -0800] [PROCESS] [cadence.virtuoso.ade.simulationMonitor] - Considering to start history {"hostname": "viterbi-scf2", "processid": 166702, "history": "ExplorerRun.0", "logfile": "/home/viterbi/01/tongjia/work_gpdk045/logs_tongjia/logs0/Job5.log"}
[2024-12-08 11:59:22.034 -0800] [PROCESS] [cadence.virtuoso.ade.simulationMonitor] - HostInfo:
Host name (type):	viterbi-scf2 (x86_64)
Operating system:	Linux 3.10.0-1160.119.1.el7.tuxcare.els10.x86_64 #1 SMP Fri Oct 11 21:40:41 UTC 2024 {"hostname": "viterbi-scf2", "processid": 166702, "history": "ExplorerRun.0", "logfile": "/home/viterbi/01/tongjia/work_gpdk045/logs_tongjia/logs0/Job5.log", "nodename": "viterbi-scf2", "domainname": "viterbi", "machine": "x86_64", "sysname": "Linux", "release": "3.10.0-1160.119.1.el7.tuxcare.els10.x86_64", "version": "#1 SMP Fri Oct 11 21:40:41 UTC 2024"}
[2024-12-08 11:59:22.037 -0800] [PROCESS] [cadence.virtuoso.ade.simulationMonitor] - UsageInfo:
pid=166702
totalPhysicalMemory=1007.132401GB,Used=503.678188GB,totalVirtualMemory=1007.132401GB,Used=503.678188GB
Cpu: Cores=112, Load average:352.080000,351.810000,350.570000 {"hostname": "viterbi-scf2", "processid": 166702, "history": "ExplorerRun.0", "logfile": "/home/viterbi/01/tongjia/work_gpdk045/logs_tongjia/logs0/Job5.log", "pid": "166702", "totalPhysicalMemory": "1007.132401", "physicalMemoryUsed": "503.678188", "totalVirtualMemory": "1007.132401", "virtualMemoryUsed": "503.678188", "cpuCores": "112", "processes": "9533", "loadAverage1": "352.080000", "loadAverage5": "351.810000", "loadAverage15": "350.570000", "loadAverage1Percent": "3.143571"}
[2024-12-08 11:59:22.054 -0800] [EVENT] [cadence.virtuoso.ade.simulationMonitor] - NewPoint {"history": "ExplorerRun.0", "point": 1, "testname": "project_demo_ph2p2_processing_element_tb_1", "cornername": "Nominal", "event": "NewPoint", "EventSource": "Simulation Monitor", "HistoryName": "ExplorerRun.0", "logFile": "/home/viterbi/01/tongjia/work_gpdk045/logs_tongjia/logs0/Job5.log", "logFileSize": "2276"}
[2024-12-08 11:59:23.503 -0800] [EVENT] [cadence.virtuoso.ade.simulationMonitor] - NewPoint {"history": "ExplorerRun.0", "point": 1, "testname": "project_demo_ph2p2_processing_element_tb_1", "cornername": "Nominal", "event": "NewPoint", "EventSource": "spectre", "HistoryName": "ExplorerRun.0", "logFile": "/home/viterbi/01/tongjia/simulation/project_demo/ph2p2_processing_element_tb/maestro/results/maestro/ExplorerRun.0/1/project_demo_ph2p2_processing_element_tb_1/psf/spectre.out", "logFileSize": "-1"}
[2024-12-08 11:59:23.565 -0800] [PROCESS] [cadence.virtuoso.ade.simulationMonitor] - Simulator launched {"hostname": "viterbi-scf2", "processid": 166702, "history": "ExplorerRun.0", "testname": "project_demo_ph2p2_processing_element_tb_1", "cornername": "Nominal", "point": 1, "logfile": "/home/viterbi/01/tongjia/work_gpdk045/logs_tongjia/logs0/Job5.log", "simid": "1"}
[2024-12-08 11:59:23.572 -0800] [PROCESS] [cadence.virtuoso.ade.simulationMonitor] - Expression evaluator launched {"hostname": "viterbi-scf2", "processid": 166702, "history": "ExplorerRun.0", "testname": "project_demo_ph2p2_processing_element_tb_1", "cornername": "Nominal", "point": 1, "logfile": "/home/viterbi/01/tongjia/work_gpdk045/logs_tongjia/logs0/Job5.log"}
[2024-12-08 11:59:27.886 -0800] [PROCESS] [cadence.virtuoso.ade.simulationMonitor] - Started Simulation {"hostname": "viterbi-scf2", "processid": 166702, "history": "ExplorerRun.0", "testname": "project_demo_ph2p2_processing_element_tb_1", "cornername": "Nominal", "point": 1, "logfile": "/home/viterbi/01/tongjia/work_gpdk045/logs_tongjia/logs0/Job5.log", "event": "started", "task": "simulation"}
[2024-12-08 11:59:27.890 -0800] [INFO] [cadence.virtuoso.ade.simulationMonitor] - Notice from spectre during Digital Vector read-in.
    Process Vector Files.
    File read: /home/viterbi/01/tongjia/work_gpdk045/vector_files/ph2p2_processing_element.vec {"history": "ExplorerRun.0", "point": 1, "testname": "project_demo_ph2p2_processing_element_tb_1", "cornername": "Nominal"}
[2024-12-08 11:59:31.893 -0800] [INFO] [cadence.virtuoso.ade.simulationMonitor] - Peak resident memory used = 89.9 Mbytes. {"history": "ExplorerRun.0", "point": 1, "testname": "project_demo_ph2p2_processing_element_tb_1", "cornername": "Nominal"}
[2024-12-08 11:59:51.906 -0800] [INFO] [cadence.virtuoso.ade.simulationMonitor] - Peak resident memory used = 164 Mbytes. {"history": "ExplorerRun.0", "point": 1, "testname": "project_demo_ph2p2_processing_element_tb_1", "cornername": "Nominal"}
[2024-12-08 11:59:57.913 -0800] [INFO] [cadence.virtuoso.ade.simulationMonitor] - Peak resident memory used = 240 Mbytes. {"history": "ExplorerRun.0", "point": 1, "testname": "project_demo_ph2p2_processing_element_tb_1", "cornername": "Nominal"}
[2024-12-08 12:00:50.448 -0800] [INFO] [cadence.virtuoso.ade.simulationMonitor] -               nodes 13271 {"history": "ExplorerRun.0", "point": 1, "testname": "project_demo_ph2p2_processing_element_tb_1", "cornername": "Nominal"}
[2024-12-08 12:00:50.450 -0800] [INFO] [cadence.virtuoso.ade.simulationMonitor] - Notice from spectre during initial setup.
    APS Enabled. {"history": "ExplorerRun.0", "point": 1, "testname": "project_demo_ph2p2_processing_element_tb_1", "cornername": "Nominal"}
[2024-12-08 12:00:50.954 -0800] [INFO] [cadence.virtuoso.ade.simulationMonitor] -     Multithreading Enabled: 8 threads in the system with 112 available processors. {"history": "ExplorerRun.0", "point": 1, "testname": "project_demo_ph2p2_processing_element_tb_1", "cornername": "Nominal"}
[2024-12-08 12:00:50.956 -0800] [INFO] [cadence.virtuoso.ade.simulationMonitor] - Peak resident memory used = 277 Mbytes. {"history": "ExplorerRun.0", "point": 1, "testname": "project_demo_ph2p2_processing_element_tb_1", "cornername": "Nominal"}
[2024-12-08 12:00:50.957 -0800] [WARN] [cadence.virtuoso.ade.simulationMonitor] -     WARNING (SPECTRE-16707): Only tran supports psfxl format, result of other analyses will be in psfbin format. {"history": "ExplorerRun.0", "point": 1, "testname": "project_demo_ph2p2_processing_element_tb_1", "cornername": "Nominal"}
[2024-12-08 12:01:22.976 -0800] [INFO] [cadence.virtuoso.ade.simulationMonitor] - Notice from spectre during IC analysis, during transient analysis `tran'.
    GminDC = 1 pS is large enough to noticeably affect the DC solution.
        dV(I0.2\:I0|I0|I8|I1|net3) = -16.1974 mV
        Use the `gmin_check' option to eliminate or expand this report.
    Bad pivoting is found during DC analysis. Option dc_pivot_check=yes is recommended for possible improvement of convergence. {"history": "ExplorerRun.0", "point": 1, "testname": "project_demo_ph2p2_processing_element_tb_1", "cornername": "Nominal"}
[2024-12-08 12:03:33.044 -0800] [INFO] [cadence.virtuoso.ade.simulationMonitor] - Notice from spectre at time = 7.00472 ns during transient analysis `tran'.
    Found trapezoidal ringing on node I0.2\:Sum_out5. {"history": "ExplorerRun.0", "point": 1, "testname": "project_demo_ph2p2_processing_element_tb_1", "cornername": "Nominal"}
[2024-12-08 12:03:33.046 -0800] [INFO] [cadence.virtuoso.ade.simulationMonitor] - Notice from spectre at time = 7.20472 ns during transient analysis `tran'.
    Found trapezoidal ringing on node I0.2\:Sum_out5. {"history": "ExplorerRun.0", "point": 1, "testname": "project_demo_ph2p2_processing_element_tb_1", "cornername": "Nominal"}
[2024-12-08 12:03:33.048 -0800] [INFO] [cadence.virtuoso.ade.simulationMonitor] - Notice from spectre at time = 7.40472 ns during transient analysis `tran'.
    Found trapezoidal ringing on node I0.2\:Sum_out5. {"history": "ExplorerRun.0", "point": 1, "testname": "project_demo_ph2p2_processing_element_tb_1", "cornername": "Nominal"}
[2024-12-08 12:03:33.549 -0800] [INFO] [cadence.virtuoso.ade.simulationMonitor] - Notice from spectre at time = 7.60472 ns during transient analysis `tran'.
    Found trapezoidal ringing on node I0.2\:Sum_out5. {"history": "ExplorerRun.0", "point": 1, "testname": "project_demo_ph2p2_processing_element_tb_1", "cornername": "Nominal"}
[2024-12-08 12:03:33.551 -0800] [INFO] [cadence.virtuoso.ade.simulationMonitor] - Notice from spectre at time = 7.80472 ns during transient analysis `tran'.
    Found trapezoidal ringing on node I0.2\:Sum_out5.
        Further occurrences of this notice will be suppressed. {"history": "ExplorerRun.0", "point": 1, "testname": "project_demo_ph2p2_processing_element_tb_1", "cornername": "Nominal"}
[2024-12-08 12:03:35.053 -0800] [INFO] [cadence.virtuoso.ade.simulationMonitor] - Notice from spectre during transient analysis `tran'.
    Trapezoidal ringing is detected during tran analysis.
        Please use method=trap for better results and performance. {"history": "ExplorerRun.0", "point": 1, "testname": "project_demo_ph2p2_processing_element_tb_1", "cornername": "Nominal"}
[2024-12-08 12:03:37.557 -0800] [INFO] [cadence.virtuoso.ade.simulationMonitor] - Total time required for tran analysis `tran': CPU = 159.397 s (2m  39.4s), elapsed = 164.326 s (2m  44.3s). {"history": "ExplorerRun.0", "point": 1, "testname": "project_demo_ph2p2_processing_element_tb_1", "cornername": "Nominal"}
[2024-12-08 12:03:37.558 -0800] [INFO] [cadence.virtuoso.ade.simulationMonitor] - Peak resident memory used = 556 Mbytes. {"history": "ExplorerRun.0", "point": 1, "testname": "project_demo_ph2p2_processing_element_tb_1", "cornername": "Nominal"}
[2024-12-08 12:03:38.060 -0800] [INFO] [cadence.virtuoso.ade.simulationMonitor] - Notice from spectre.
    11 notices suppressed. {"history": "ExplorerRun.0", "point": 1, "testname": "project_demo_ph2p2_processing_element_tb_1", "cornername": "Nominal"}
[2024-12-08 12:04:04.572 -0800] [INFO] [cadence.virtuoso.ade.simulationMonitor] - Time used: CPU = 194 s (3m  14.2s), elapsed = 280 s (4m  40.2s), util. = 69.3%. {"history": "ExplorerRun.0", "point": 1, "testname": "project_demo_ph2p2_processing_element_tb_1", "cornername": "Nominal"}
[2024-12-08 12:04:04.574 -0800] [INFO] [cadence.virtuoso.ade.simulationMonitor] - Time spent in licensing: elapsed = 61.8 ms. {"history": "ExplorerRun.0", "point": 1, "testname": "project_demo_ph2p2_processing_element_tb_1", "cornername": "Nominal"}
[2024-12-08 12:04:04.577 -0800] [INFO] [cadence.virtuoso.ade.simulationMonitor] - Peak memory used = 559 Mbytes. {"history": "ExplorerRun.0", "point": 1, "testname": "project_demo_ph2p2_processing_element_tb_1", "cornername": "Nominal"}
[2024-12-08 12:04:04.581 -0800] [PROCESS] [cadence.virtuoso.ade.simulationMonitor] - Simulation started at: 11:59:24 AM, Sun Dec 8, 2024, ended at: 12:04:04 PM, Sun Dec 8, 2024, with elapsed time (wall clock): 280 s (4m  40.2s). {"history": "ExplorerRun.0", "point": 1, "testname": "project_demo_ph2p2_processing_element_tb_1", "cornername": "Nominal"}
[2024-12-08 12:04:04.581 -0800] [PROCESS] [cadence.virtuoso.ade.simulationMonitor] - spectre completes with 0 errors, 1 warning, and 13 notices. {"history": "ExplorerRun.0", "point": 1, "testname": "project_demo_ph2p2_processing_element_tb_1", "cornername": "Nominal"}
[2024-12-08 12:04:05.586 -0800] [PROCESS] [cadence.virtuoso.ade.simulationMonitor] - Finished simulating for one point {"hostname": "viterbi-scf2", "processid": 166702, "history": "ExplorerRun.0", "testname": "project_demo_ph2p2_processing_element_tb_1", "cornername": "Nominal", "point": 1, "logfile": "/home/viterbi/01/tongjia/work_gpdk045/logs_tongjia/logs0/Job5.log", "simid": "1"}
[2024-12-08 12:04:05.589 -0800] [PROCESS] [cadence.virtuoso.ade.simulationMonitor] - Simulator exited {"hostname": "viterbi-scf2", "processid": 166702, "history": "ExplorerRun.0", "testname": "project_demo_ph2p2_processing_element_tb_1", "cornername": "Nominal", "point": 1, "logfile": "/home/viterbi/01/tongjia/work_gpdk045/logs_tongjia/logs0/Job5.log", "exitStatus": "0"}
[2024-12-08 12:04:05.591 -0800] [PROCESS] [cadence.virtuoso.ade.simulationMonitor] - Finished Simulation {"hostname": "viterbi-scf2", "processid": 166702, "history": "ExplorerRun.0", "testname": "project_demo_ph2p2_processing_element_tb_1", "cornername": "Nominal", "point": 1, "logfile": "/home/viterbi/01/tongjia/work_gpdk045/logs_tongjia/logs0/Job5.log", "simid": "1"}
[2024-12-08 12:04:14.711 -0800] [PROCESS] [cadence.virtuoso.ade.simulationMonitor] - Point Finished {"hostname": "viterbi-scf2", "processid": 166702, "history": "ExplorerRun.0", "testname": "project_demo_ph2p2_processing_element_tb_1", "cornername": "Nominal", "point": 1, "logfile": "/home/viterbi/01/tongjia/work_gpdk045/logs_tongjia/logs0/Job5.log"}
[2024-12-08 12:04:15.875 -0800] [PROCESS] [cadence.virtuoso.ade.simulationMonitor] - Stay with the runId '0', Linger time '300', currentRunSyn '1', currentTestSyn '2' {"hostname": "viterbi-scf2", "processid": 166702, "history": "ExplorerRun.0", "testname": "project_demo_ph2p2_processing_element_tb_1", "cornername": "Nominal", "point": 1, "logfile": "/home/viterbi/01/tongjia/work_gpdk045/logs_tongjia/logs0/Job5.log"}
[2024-12-08 12:04:16.923 -0800] [PROCESS] [cadence.virtuoso.ade.simulationMonitor] - Stay with the runId '0', Linger time '300', currentRunSyn '1', currentTestSyn '2' {"hostname": "viterbi-scf2", "processid": 166702, "history": "ExplorerRun.0", "testname": "project_demo_ph2p2_processing_element_tb_1", "cornername": "Nominal", "point": 1, "logfile": "/home/viterbi/01/tongjia/work_gpdk045/logs_tongjia/logs0/Job5.log"}
[2024-12-08 12:04:17.933 -0800] [PROCESS] [cadence.virtuoso.ade.simulationMonitor] - Stay with the runId '0', Linger time '300', currentRunSyn '1', currentTestSyn '2' {"hostname": "viterbi-scf2", "processid": 166702, "history": "ExplorerRun.0", "testname": "project_demo_ph2p2_processing_element_tb_1", "cornername": "Nominal", "point": 1, "logfile": "/home/viterbi/01/tongjia/work_gpdk045/logs_tongjia/logs0/Job5.log"}
[2024-12-08 12:04:18.867 -0800] [PROCESS] [cadence.virtuoso.ade.simulationMonitor] - Stay with the runId '0', Linger time '300', currentRunSyn '1', currentTestSyn '2' {"hostname": "viterbi-scf2", "processid": 166702, "history": "ExplorerRun.0", "testname": "project_demo_ph2p2_processing_element_tb_1", "cornername": "Nominal", "point": 1, "logfile": "/home/viterbi/01/tongjia/work_gpdk045/logs_tongjia/logs0/Job5.log"}
[2024-12-08 12:04:19.873 -0800] [PROCESS] [cadence.virtuoso.ade.simulationMonitor] - Stay with the runId '0', Linger time '300', currentRunSyn '1', currentTestSyn '2' {"hostname": "viterbi-scf2", "processid": 166702, "history": "ExplorerRun.0", "testname": "project_demo_ph2p2_processing_element_tb_1", "cornername": "Nominal", "point": 1, "logfile": "/home/viterbi/01/tongjia/work_gpdk045/logs_tongjia/logs0/Job5.log"}
[2024-12-08 12:04:20.912 -0800] [PROCESS] [cadence.virtuoso.ade.simulationMonitor] - Stay with the runId '0', Linger time '300', currentRunSyn '1', currentTestSyn '2' {"hostname": "viterbi-scf2", "processid": 166702, "history": "ExplorerRun.0", "testname": "project_demo_ph2p2_processing_element_tb_1", "cornername": "Nominal", "point": 1, "logfile": "/home/viterbi/01/tongjia/work_gpdk045/logs_tongjia/logs0/Job5.log"}
[2024-12-08 12:04:21.873 -0800] [PROCESS] [cadence.virtuoso.ade.simulationMonitor] - Stay with the runId '0', Linger time '300', currentRunSyn '1', currentTestSyn '2' {"hostname": "viterbi-scf2", "processid": 166702, "history": "ExplorerRun.0", "testname": "project_demo_ph2p2_processing_element_tb_1", "cornername": "Nominal", "point": 1, "logfile": "/home/viterbi/01/tongjia/work_gpdk045/logs_tongjia/logs0/Job5.log"}
[2024-12-08 12:04:22.894 -0800] [PROCESS] [cadence.virtuoso.ade.simulationMonitor] - Stay with the runId '0', Linger time '300', currentRunSyn '1', currentTestSyn '2' {"hostname": "viterbi-scf2", "processid": 166702, "history": "ExplorerRun.0", "testname": "project_demo_ph2p2_processing_element_tb_1", "cornername": "Nominal", "point": 1, "logfile": "/home/viterbi/01/tongjia/work_gpdk045/logs_tongjia/logs0/Job5.log"}
[2024-12-08 12:04:23.903 -0800] [PROCESS] [cadence.virtuoso.ade.simulationMonitor] - Stay with the runId '0', Linger time '300', currentRunSyn '1', currentTestSyn '2' {"hostname": "viterbi-scf2", "processid": 166702, "history": "ExplorerRun.0", "testname": "project_demo_ph2p2_processing_element_tb_1", "cornername": "Nominal", "point": 1, "logfile": "/home/viterbi/01/tongjia/work_gpdk045/logs_tongjia/logs0/Job5.log"}
[2024-12-08 12:04:24.886 -0800] [PROCESS] [cadence.virtuoso.ade.simulationMonitor] - Stay with the runId '0', Linger time '300', currentRunSyn '1', currentTestSyn '2' {"hostname": "viterbi-scf2", "processid": 166702, "history": "ExplorerRun.0", "testname": "project_demo_ph2p2_processing_element_tb_1", "cornername": "Nominal", "point": 1, "logfile": "/home/viterbi/01/tongjia/work_gpdk045/logs_tongjia/logs0/Job5.log"}
[2024-12-08 12:04:25.888 -0800] [PROCESS] [cadence.virtuoso.ade.simulationMonitor] - Stay with the runId '0', Linger time '300', currentRunSyn '1', currentTestSyn '2' {"hostname": "viterbi-scf2", "processid": 166702, "history": "ExplorerRun.0", "testname": "project_demo_ph2p2_processing_element_tb_1", "cornername": "Nominal", "point": 1, "logfile": "/home/viterbi/01/tongjia/work_gpdk045/logs_tongjia/logs0/Job5.log"}
[2024-12-08 12:04:26.896 -0800] [PROCESS] [cadence.virtuoso.ade.simulationMonitor] - Stay with the runId '0', Linger time '300', currentRunSyn '1', currentTestSyn '2' {"hostname": "viterbi-scf2", "processid": 166702, "history": "ExplorerRun.0", "testname": "project_demo_ph2p2_processing_element_tb_1", "cornername": "Nominal", "point": 1, "logfile": "/home/viterbi/01/tongjia/work_gpdk045/logs_tongjia/logs0/Job5.log"}
[2024-12-08 12:04:27.896 -0800] [PROCESS] [cadence.virtuoso.ade.simulationMonitor] - Stay with the runId '0', Linger time '300', currentRunSyn '1', currentTestSyn '2' {"hostname": "viterbi-scf2", "processid": 166702, "history": "ExplorerRun.0", "testname": "project_demo_ph2p2_processing_element_tb_1", "cornername": "Nominal", "point": 1, "logfile": "/home/viterbi/01/tongjia/work_gpdk045/logs_tongjia/logs0/Job5.log"}
[2024-12-08 12:04:28.897 -0800] [PROCESS] [cadence.virtuoso.ade.simulationMonitor] - Stay with the runId '0', Linger time '300', currentRunSyn '1', currentTestSyn '2' {"hostname": "viterbi-scf2", "processid": 166702, "history": "ExplorerRun.0", "testname": "project_demo_ph2p2_processing_element_tb_1", "cornername": "Nominal", "point": 1, "logfile": "/home/viterbi/01/tongjia/work_gpdk045/logs_tongjia/logs0/Job5.log"}
[2024-12-08 12:04:29.922 -0800] [PROCESS] [cadence.virtuoso.ade.simulationMonitor] - Stay with the runId '0', Linger time '300', currentRunSyn '1', currentTestSyn '2' {"hostname": "viterbi-scf2", "processid": 166702, "history": "ExplorerRun.0", "testname": "project_demo_ph2p2_processing_element_tb_1", "cornername": "Nominal", "point": 1, "logfile": "/home/viterbi/01/tongjia/work_gpdk045/logs_tongjia/logs0/Job5.log"}
[2024-12-08 12:04:30.916 -0800] [PROCESS] [cadence.virtuoso.ade.simulationMonitor] - Stay with the runId '0', Linger time '300', currentRunSyn '1', currentTestSyn '2' {"hostname": "viterbi-scf2", "processid": 166702, "history": "ExplorerRun.0", "testname": "project_demo_ph2p2_processing_element_tb_1", "cornername": "Nominal", "point": 1, "logfile": "/home/viterbi/01/tongjia/work_gpdk045/logs_tongjia/logs0/Job5.log"}
[2024-12-08 12:04:31.910 -0800] [PROCESS] [cadence.virtuoso.ade.simulationMonitor] - Stay with the runId '0', Linger time '300', currentRunSyn '1', currentTestSyn '2' {"hostname": "viterbi-scf2", "processid": 166702, "history": "ExplorerRun.0", "testname": "project_demo_ph2p2_processing_element_tb_1", "cornername": "Nominal", "point": 1, "logfile": "/home/viterbi/01/tongjia/work_gpdk045/logs_tongjia/logs0/Job5.log"}
[2024-12-08 12:04:32.912 -0800] [PROCESS] [cadence.virtuoso.ade.simulationMonitor] - Stay with the runId '0', Linger time '300', currentRunSyn '1', currentTestSyn '2' {"hostname": "viterbi-scf2", "processid": 166702, "history": "ExplorerRun.0", "testname": "project_demo_ph2p2_processing_element_tb_1", "cornername": "Nominal", "point": 1, "logfile": "/home/viterbi/01/tongjia/work_gpdk045/logs_tongjia/logs0/Job5.log"}
[2024-12-08 12:04:33.912 -0800] [PROCESS] [cadence.virtuoso.ade.simulationMonitor] - Stay with the runId '0', Linger time '300', currentRunSyn '1', currentTestSyn '2' {"hostname": "viterbi-scf2", "processid": 166702, "history": "ExplorerRun.0", "testname": "project_demo_ph2p2_processing_element_tb_1", "cornername": "Nominal", "point": 1, "logfile": "/home/viterbi/01/tongjia/work_gpdk045/logs_tongjia/logs0/Job5.log"}
[2024-12-08 12:04:34.916 -0800] [PROCESS] [cadence.virtuoso.ade.simulationMonitor] - Stay with the runId '0', Linger time '300', currentRunSyn '1', currentTestSyn '2' {"hostname": "viterbi-scf2", "processid": 166702, "history": "ExplorerRun.0", "testname": "project_demo_ph2p2_processing_element_tb_1", "cornername": "Nominal", "point": 1, "logfile": "/home/viterbi/01/tongjia/work_gpdk045/logs_tongjia/logs0/Job5.log"}
[2024-12-08 12:04:35.923 -0800] [PROCESS] [cadence.virtuoso.ade.simulationMonitor] - Stay with the runId '0', Linger time '300', currentRunSyn '1', currentTestSyn '2' {"hostname": "viterbi-scf2", "processid": 166702, "history": "ExplorerRun.0", "testname": "project_demo_ph2p2_processing_element_tb_1", "cornername": "Nominal", "point": 1, "logfile": "/home/viterbi/01/tongjia/work_gpdk045/logs_tongjia/logs0/Job5.log"}
[2024-12-08 12:04:36.926 -0800] [PROCESS] [cadence.virtuoso.ade.simulationMonitor] - Stay with the runId '0', Linger time '300', currentRunSyn '1', currentTestSyn '2' {"hostname": "viterbi-scf2", "processid": 166702, "history": "ExplorerRun.0", "testname": "project_demo_ph2p2_processing_element_tb_1", "cornername": "Nominal", "point": 1, "logfile": "/home/viterbi/01/tongjia/work_gpdk045/logs_tongjia/logs0/Job5.log"}
[2024-12-08 12:04:37.925 -0800] [PROCESS] [cadence.virtuoso.ade.simulationMonitor] - Stay with the runId '0', Linger time '300', currentRunSyn '1', currentTestSyn '2' {"hostname": "viterbi-scf2", "processid": 166702, "history": "ExplorerRun.0", "testname": "project_demo_ph2p2_processing_element_tb_1", "cornername": "Nominal", "point": 1, "logfile": "/home/viterbi/01/tongjia/work_gpdk045/logs_tongjia/logs0/Job5.log"}
[2024-12-08 12:04:38.925 -0800] [PROCESS] [cadence.virtuoso.ade.simulationMonitor] - Stay with the runId '0', Linger time '300', currentRunSyn '1', currentTestSyn '2' {"hostname": "viterbi-scf2", "processid": 166702, "history": "ExplorerRun.0", "testname": "project_demo_ph2p2_processing_element_tb_1", "cornername": "Nominal", "point": 1, "logfile": "/home/viterbi/01/tongjia/work_gpdk045/logs_tongjia/logs0/Job5.log"}
[2024-12-08 12:04:39.942 -0800] [PROCESS] [cadence.virtuoso.ade.simulationMonitor] - Stay with the runId '0', Linger time '300', currentRunSyn '1', currentTestSyn '2' {"hostname": "viterbi-scf2", "processid": 166702, "history": "ExplorerRun.0", "testname": "project_demo_ph2p2_processing_element_tb_1", "cornername": "Nominal", "point": 1, "logfile": "/home/viterbi/01/tongjia/work_gpdk045/logs_tongjia/logs0/Job5.log"}
[2024-12-08 12:04:40.935 -0800] [PROCESS] [cadence.virtuoso.ade.simulationMonitor] - Stay with the runId '0', Linger time '300', currentRunSyn '1', currentTestSyn '2' {"hostname": "viterbi-scf2", "processid": 166702, "history": "ExplorerRun.0", "testname": "project_demo_ph2p2_processing_element_tb_1", "cornername": "Nominal", "point": 1, "logfile": "/home/viterbi/01/tongjia/work_gpdk045/logs_tongjia/logs0/Job5.log"}
[2024-12-08 12:04:41.940 -0800] [PROCESS] [cadence.virtuoso.ade.simulationMonitor] - Stay with the runId '0', Linger time '300', currentRunSyn '1', currentTestSyn '2' {"hostname": "viterbi-scf2", "processid": 166702, "history": "ExplorerRun.0", "testname": "project_demo_ph2p2_processing_element_tb_1", "cornername": "Nominal", "point": 1, "logfile": "/home/viterbi/01/tongjia/work_gpdk045/logs_tongjia/logs0/Job5.log"}
[2024-12-08 12:04:42.951 -0800] [PROCESS] [cadence.virtuoso.ade.simulationMonitor] - Stay with the runId '0', Linger time '300', currentRunSyn '1', currentTestSyn '2' {"hostname": "viterbi-scf2", "processid": 166702, "history": "ExplorerRun.0", "testname": "project_demo_ph2p2_processing_element_tb_1", "cornername": "Nominal", "point": 1, "logfile": "/home/viterbi/01/tongjia/work_gpdk045/logs_tongjia/logs0/Job5.log"}
[2024-12-08 12:04:43.948 -0800] [PROCESS] [cadence.virtuoso.ade.simulationMonitor] - Stay with the runId '0', Linger time '300', currentRunSyn '1', currentTestSyn '2' {"hostname": "viterbi-scf2", "processid": 166702, "history": "ExplorerRun.0", "testname": "project_demo_ph2p2_processing_element_tb_1", "cornername": "Nominal", "point": 1, "logfile": "/home/viterbi/01/tongjia/work_gpdk045/logs_tongjia/logs0/Job5.log"}
[2024-12-08 12:04:44.962 -0800] [PROCESS] [cadence.virtuoso.ade.simulationMonitor] - Stay with the runId '0', Linger time '300', currentRunSyn '1', currentTestSyn '2' {"hostname": "viterbi-scf2", "processid": 166702, "history": "ExplorerRun.0", "testname": "project_demo_ph2p2_processing_element_tb_1", "cornername": "Nominal", "point": 1, "logfile": "/home/viterbi/01/tongjia/work_gpdk045/logs_tongjia/logs0/Job5.log"}
[2024-12-08 12:04:45.947 -0800] [PROCESS] [cadence.virtuoso.ade.simulationMonitor] - Stay with the runId '0', Linger time '300', currentRunSyn '1', currentTestSyn '2' {"hostname": "viterbi-scf2", "processid": 166702, "history": "ExplorerRun.0", "testname": "project_demo_ph2p2_processing_element_tb_1", "cornername": "Nominal", "point": 1, "logfile": "/home/viterbi/01/tongjia/work_gpdk045/logs_tongjia/logs0/Job5.log"}
[2024-12-08 12:09:18.438 -0800] [PROCESS] [cadence.virtuoso.ade.simulationMonitor] - Current memory used: 32.4336 MBytes, peak memory used: 32.4336 MBytes {"hostname": "viterbi-scf2", "processid": 166702, "history": "ExplorerRun.0", "testname": "project_demo_ph2p2_processing_element_tb_1", "cornername": "Nominal", "point": 1, "logfile": "/home/viterbi/01/tongjia/work_gpdk045/logs_tongjia/logs0/Job5.log"}
[2024-12-08 12:09:18.441 -0800] [PROCESS] [cadence.virtuoso.ade.simulationMonitor] - Simulation Monitor process exit. {"hostname": "viterbi-scf2", "processid": 166702, "history": "ExplorerRun.0", "testname": "project_demo_ph2p2_processing_element_tb_1", "cornername": "Nominal", "point": 1, "logfile": "/home/viterbi/01/tongjia/work_gpdk045/logs_tongjia/logs0/Job5.log"}
