[Simulation Monitor: 52]
[2024-10-16 10:00:25.850 -0700] [PROCESS] [cadence.virtuoso.ade.simulationMonitor] - Simulation Monitor has successfully started up. Trying to set up communication channels to other components ... {"hostname": "viterbi-scf2", "processid": 222818, "logfile": "/home/viterbi/01/tongjia/work_gpdk045/logs_tongjia/logs0/Job52.log"}
[2024-10-16 10:00:25.855 -0700] [PROCESS] [cadence.virtuoso.ade.simulationMonitor] - Communication channels have been successfully set up. Start processing events ... {"hostname": "viterbi-scf2", "processid": 222818, "logfile": "/home/viterbi/01/tongjia/work_gpdk045/logs_tongjia/logs0/Job52.log"}
[2024-10-16 10:00:25.857 -0700] [PROCESS] [cadence.virtuoso.ade.simulationMonitor] - Considering to start history {"hostname": "viterbi-scf2", "processid": 222818, "history": "ExplorerRun.0", "logfile": "/home/viterbi/01/tongjia/work_gpdk045/logs_tongjia/logs0/Job52.log"}
[2024-10-16 10:00:25.887 -0700] [PROCESS] [cadence.virtuoso.ade.simulationMonitor] - HostInfo:
Host name (type):	viterbi-scf2 (x86_64)
Operating system:	Linux 3.10.0-1160.119.1.el7.tuxcare.els3.x86_64 #1 SMP Fri Aug 23 19:18:06 UTC 2024 {"hostname": "viterbi-scf2", "processid": 222818, "history": "ExplorerRun.0", "logfile": "/home/viterbi/01/tongjia/work_gpdk045/logs_tongjia/logs0/Job52.log", "nodename": "viterbi-scf2", "domainname": "viterbi", "machine": "x86_64", "sysname": "Linux", "release": "3.10.0-1160.119.1.el7.tuxcare.els3.x86_64", "version": "#1 SMP Fri Aug 23 19:18:06 UTC 2024"}
[2024-10-16 10:00:25.890 -0700] [PROCESS] [cadence.virtuoso.ade.simulationMonitor] - UsageInfo:
pid=222818
totalPhysicalMemory=1007.132404GB,Used=220.802055GB,totalVirtualMemory=1007.132404GB,Used=220.802055GB
Cpu: Cores=112, Load average:2.200000,2.340000,2.460000 {"hostname": "viterbi-scf2", "processid": 222818, "history": "ExplorerRun.0", "logfile": "/home/viterbi/01/tongjia/work_gpdk045/logs_tongjia/logs0/Job52.log", "pid": "222818", "totalPhysicalMemory": "1007.132404", "physicalMemoryUsed": "220.802055", "totalVirtualMemory": "1007.132404", "virtualMemoryUsed": "220.802055", "cpuCores": "112", "processes": "4063", "loadAverage1": "2.200000", "loadAverage5": "2.340000", "loadAverage15": "2.460000", "loadAverage1Percent": "0.019643"}
[2024-10-16 10:00:25.895 -0700] [EVENT] [cadence.virtuoso.ade.simulationMonitor] - NewPoint {"history": "ExplorerRun.0", "point": 1, "testname": "demo_4bit_RCA_tb_1", "cornername": "Nominal", "event": "NewPoint", "EventSource": "Simulation Monitor", "HistoryName": "ExplorerRun.0", "logFile": "/home/viterbi/01/tongjia/work_gpdk045/logs_tongjia/logs0/Job52.log", "logFileSize": "2268"}
[2024-10-16 10:00:26.202 -0700] [EVENT] [cadence.virtuoso.ade.simulationMonitor] - NewPoint {"history": "ExplorerRun.0", "point": 1, "testname": "demo_4bit_RCA_tb_1", "cornername": "Nominal", "event": "NewPoint", "EventSource": "spectre", "HistoryName": "ExplorerRun.0", "logFile": "/home/viterbi/01/tongjia/simulation/demo/4bit_RCA_tb/maestro/results/maestro/ExplorerRun.0/1/demo_4bit_RCA_tb_1/psf/spectre.out", "logFileSize": "-1"}
[2024-10-16 10:00:26.231 -0700] [PROCESS] [cadence.virtuoso.ade.simulationMonitor] - Simulator launched {"hostname": "viterbi-scf2", "processid": 222818, "history": "ExplorerRun.0", "testname": "demo_4bit_RCA_tb_1", "cornername": "Nominal", "point": 1, "logfile": "/home/viterbi/01/tongjia/work_gpdk045/logs_tongjia/logs0/Job52.log", "simid": "1"}
[2024-10-16 10:00:26.237 -0700] [PROCESS] [cadence.virtuoso.ade.simulationMonitor] - Expression evaluator launched {"hostname": "viterbi-scf2", "processid": 222818, "history": "ExplorerRun.0", "testname": "demo_4bit_RCA_tb_1", "cornername": "Nominal", "point": 1, "logfile": "/home/viterbi/01/tongjia/work_gpdk045/logs_tongjia/logs0/Job52.log"}
[2024-10-16 10:00:26.646 -0700] [PROCESS] [cadence.virtuoso.ade.simulationMonitor] - Started Simulation {"hostname": "viterbi-scf2", "processid": 222818, "history": "ExplorerRun.0", "testname": "demo_4bit_RCA_tb_1", "cornername": "Nominal", "point": 1, "logfile": "/home/viterbi/01/tongjia/work_gpdk045/logs_tongjia/logs0/Job52.log", "event": "started", "task": "simulation"}
[2024-10-16 10:00:27.652 -0700] [INFO] [cadence.virtuoso.ade.simulationMonitor] - Peak resident memory used = 57.7 Mbytes. {"history": "ExplorerRun.0", "point": 1, "testname": "demo_4bit_RCA_tb_1", "cornername": "Nominal"}
[2024-10-16 10:00:28.159 -0700] [INFO] [cadence.virtuoso.ade.simulationMonitor] - Peak resident memory used = 68 Mbytes. {"history": "ExplorerRun.0", "point": 1, "testname": "demo_4bit_RCA_tb_1", "cornername": "Nominal"}
[2024-10-16 10:00:28.163 -0700] [INFO] [cadence.virtuoso.ade.simulationMonitor] - Peak resident memory used = 69.2 Mbytes. {"history": "ExplorerRun.0", "point": 1, "testname": "demo_4bit_RCA_tb_1", "cornername": "Nominal"}
[2024-10-16 10:00:28.167 -0700] [INFO] [cadence.virtuoso.ade.simulationMonitor] - Notice from spectre during initial setup.
    Multithreading is disabled due to the size of the design being too small. {"history": "ExplorerRun.0", "point": 1, "testname": "demo_4bit_RCA_tb_1", "cornername": "Nominal"}
[2024-10-16 10:00:28.182 -0700] [INFO] [cadence.virtuoso.ade.simulationMonitor] -               nodes 268 {"history": "ExplorerRun.0", "point": 1, "testname": "demo_4bit_RCA_tb_1", "cornername": "Nominal"}
[2024-10-16 10:00:28.192 -0700] [INFO] [cadence.virtuoso.ade.simulationMonitor] - Notice from spectre during initial setup.
    APS Enabled. {"history": "ExplorerRun.0", "point": 1, "testname": "demo_4bit_RCA_tb_1", "cornername": "Nominal"}
[2024-10-16 10:00:28.200 -0700] [INFO] [cadence.virtuoso.ade.simulationMonitor] - Peak resident memory used = 70.4 Mbytes. {"history": "ExplorerRun.0", "point": 1, "testname": "demo_4bit_RCA_tb_1", "cornername": "Nominal"}
[2024-10-16 10:00:28.206 -0700] [WARN] [cadence.virtuoso.ade.simulationMonitor] -     WARNING (SPECTRE-16707): Only tran supports psfxl format, result of other analyses will be in psfbin format. {"history": "ExplorerRun.0", "point": 1, "testname": "demo_4bit_RCA_tb_1", "cornername": "Nominal"}
[2024-10-16 10:00:28.209 -0700] [INFO] [cadence.virtuoso.ade.simulationMonitor] - Notice from spectre during IC analysis, during transient analysis `tran'.
    GminDC = 1 pS is large enough to noticeably affect the DC solution.
        dV(I1.I3.I1.net1) = -12.0849 mV
        Use the `gmin_check' option to eliminate or expand this report.
    Bad pivoting is found during DC analysis. Option dc_pivot_check=yes is recommended for possible improvement of convergence. {"history": "ExplorerRun.0", "point": 1, "testname": "demo_4bit_RCA_tb_1", "cornername": "Nominal"}
[2024-10-16 10:00:28.212 -0700] [INFO] [cadence.virtuoso.ade.simulationMonitor] - Notice from spectre during transient analysis `tran'.
    Multithreading is disabled due to the size of the design being too small. {"history": "ExplorerRun.0", "point": 1, "testname": "demo_4bit_RCA_tb_1", "cornername": "Nominal"}
[2024-10-16 10:00:28.214 -0700] [INFO] [cadence.virtuoso.ade.simulationMonitor] - Total time required for tran analysis `tran': CPU = 125.344 ms, elapsed = 150.014 ms. {"history": "ExplorerRun.0", "point": 1, "testname": "demo_4bit_RCA_tb_1", "cornername": "Nominal"}
[2024-10-16 10:00:28.217 -0700] [INFO] [cadence.virtuoso.ade.simulationMonitor] - Peak resident memory used = 75.4 Mbytes. {"history": "ExplorerRun.0", "point": 1, "testname": "demo_4bit_RCA_tb_1", "cornername": "Nominal"}
[2024-10-16 10:00:28.220 -0700] [INFO] [cadence.virtuoso.ade.simulationMonitor] - Time used: CPU = 1.34 s, elapsed = 1.67 s, util. = 80.6%. {"history": "ExplorerRun.0", "point": 1, "testname": "demo_4bit_RCA_tb_1", "cornername": "Nominal"}
[2024-10-16 10:00:28.223 -0700] [INFO] [cadence.virtuoso.ade.simulationMonitor] - Time spent in licensing: elapsed = 38.9 ms. {"history": "ExplorerRun.0", "point": 1, "testname": "demo_4bit_RCA_tb_1", "cornername": "Nominal"}
[2024-10-16 10:00:28.227 -0700] [INFO] [cadence.virtuoso.ade.simulationMonitor] - Peak memory used = 75.9 Mbytes. {"history": "ExplorerRun.0", "point": 1, "testname": "demo_4bit_RCA_tb_1", "cornername": "Nominal"}
[2024-10-16 10:00:28.234 -0700] [PROCESS] [cadence.virtuoso.ade.simulationMonitor] - Simulation started at: 10:00:26 AM, Wed Oct 16, 2024, ended at: 10:00:28 AM, Wed Oct 16, 2024, with elapsed time (wall clock): 1.67 s. {"history": "ExplorerRun.0", "point": 1, "testname": "demo_4bit_RCA_tb_1", "cornername": "Nominal"}
[2024-10-16 10:00:28.235 -0700] [PROCESS] [cadence.virtuoso.ade.simulationMonitor] - spectre completes with 0 errors, 1 warning, and 5 notices. {"history": "ExplorerRun.0", "point": 1, "testname": "demo_4bit_RCA_tb_1", "cornername": "Nominal"}
[2024-10-16 10:00:28.238 -0700] [PROCESS] [cadence.virtuoso.ade.simulationMonitor] - Finished simulating for one point {"hostname": "viterbi-scf2", "processid": 222818, "history": "ExplorerRun.0", "testname": "demo_4bit_RCA_tb_1", "cornername": "Nominal", "point": 1, "logfile": "/home/viterbi/01/tongjia/work_gpdk045/logs_tongjia/logs0/Job52.log", "simid": "1"}
[2024-10-16 10:00:28.240 -0700] [PROCESS] [cadence.virtuoso.ade.simulationMonitor] - Simulator exited {"hostname": "viterbi-scf2", "processid": 222818, "history": "ExplorerRun.0", "testname": "demo_4bit_RCA_tb_1", "cornername": "Nominal", "point": 1, "logfile": "/home/viterbi/01/tongjia/work_gpdk045/logs_tongjia/logs0/Job52.log", "exitStatus": "0"}
[2024-10-16 10:00:28.243 -0700] [PROCESS] [cadence.virtuoso.ade.simulationMonitor] - Finished Simulation {"hostname": "viterbi-scf2", "processid": 222818, "history": "ExplorerRun.0", "testname": "demo_4bit_RCA_tb_1", "cornername": "Nominal", "point": 1, "logfile": "/home/viterbi/01/tongjia/work_gpdk045/logs_tongjia/logs0/Job52.log", "simid": "1"}
[2024-10-16 10:00:32.789 -0700] [PROCESS] [cadence.virtuoso.ade.simulationMonitor] - Point Finished {"hostname": "viterbi-scf2", "processid": 222818, "history": "ExplorerRun.0", "testname": "demo_4bit_RCA_tb_1", "cornername": "Nominal", "point": 1, "logfile": "/home/viterbi/01/tongjia/work_gpdk045/logs_tongjia/logs0/Job52.log"}
[2024-10-16 10:00:33.827 -0700] [PROCESS] [cadence.virtuoso.ade.simulationMonitor] - Stay with the runId '0', Linger time '300', currentRunSyn '1', currentTestSyn '2' {"hostname": "viterbi-scf2", "processid": 222818, "history": "ExplorerRun.0", "testname": "demo_4bit_RCA_tb_1", "cornername": "Nominal", "point": 1, "logfile": "/home/viterbi/01/tongjia/work_gpdk045/logs_tongjia/logs0/Job52.log"}
[2024-10-16 10:00:34.830 -0700] [PROCESS] [cadence.virtuoso.ade.simulationMonitor] - Stay with the runId '0', Linger time '300', currentRunSyn '1', currentTestSyn '2' {"hostname": "viterbi-scf2", "processid": 222818, "history": "ExplorerRun.0", "testname": "demo_4bit_RCA_tb_1", "cornername": "Nominal", "point": 1, "logfile": "/home/viterbi/01/tongjia/work_gpdk045/logs_tongjia/logs0/Job52.log"}
[2024-10-16 10:02:43.306 -0700] [INFO] [cadence.virtuoso.ade.simulationMonitor] - SimulationMonitor has terminated the vds process '222907', reason: 'Force to stop the expression evalutor process because of new run' {"history": "ExplorerRun.0", "point": 1, "testname": "demo_4bit_RCA_tb_1", "cornername": "Nominal"}
[2024-10-16 10:02:43.313 -0700] [PROCESS] [cadence.virtuoso.ade.simulationMonitor] - HostInfo:
Host name (type):	viterbi-scf2 (x86_64)
Operating system:	Linux 3.10.0-1160.119.1.el7.tuxcare.els3.x86_64 #1 SMP Fri Aug 23 19:18:06 UTC 2024 {"hostname": "viterbi-scf2", "processid": 222818, "history": "ExplorerRun.0", "testname": "demo_4bit_RCA_tb_1", "cornername": "Nominal", "point": 1, "logfile": "/home/viterbi/01/tongjia/work_gpdk045/logs_tongjia/logs0/Job52.log", "nodename": "viterbi-scf2", "domainname": "viterbi", "machine": "x86_64", "sysname": "Linux", "release": "3.10.0-1160.119.1.el7.tuxcare.els3.x86_64", "version": "#1 SMP Fri Aug 23 19:18:06 UTC 2024"}
[2024-10-16 10:02:43.316 -0700] [PROCESS] [cadence.virtuoso.ade.simulationMonitor] - UsageInfo:
pid=222818
totalPhysicalMemory=1007.132404GB,Used=220.808327GB,totalVirtualMemory=1007.132404GB,Used=220.808327GB
Cpu: Cores=112, Load average:3.760000,2.880000,2.640000 {"hostname": "viterbi-scf2", "processid": 222818, "history": "ExplorerRun.0", "testname": "demo_4bit_RCA_tb_1", "cornername": "Nominal", "point": 1, "logfile": "/home/viterbi/01/tongjia/work_gpdk045/logs_tongjia/logs0/Job52.log", "pid": "222818", "totalPhysicalMemory": "1007.132404", "physicalMemoryUsed": "220.808327", "totalVirtualMemory": "1007.132404", "virtualMemoryUsed": "220.808327", "cpuCores": "112", "processes": "4070", "loadAverage1": "3.760000", "loadAverage5": "2.880000", "loadAverage15": "2.640000", "loadAverage1Percent": "0.033571"}
[2024-10-16 10:02:43.322 -0700] [EVENT] [cadence.virtuoso.ade.simulationMonitor] - NewPoint {"history": "ExplorerRun.0", "point": 1, "testname": "demo_4bit_RCA_tb_1", "cornername": "Nominal", "event": "NewPoint", "EventSource": "Simulation Monitor", "HistoryName": "ExplorerRun.0", "logFile": "/home/viterbi/01/tongjia/work_gpdk045/logs_tongjia/logs0/Job52.log", "logFileSize": "12697"}
[2024-10-16 10:02:43.633 -0700] [EVENT] [cadence.virtuoso.ade.simulationMonitor] - NewPoint {"history": "ExplorerRun.0", "point": 1, "testname": "demo_4bit_RCA_tb_1", "cornername": "Nominal", "event": "NewPoint", "EventSource": "spectre", "HistoryName": "ExplorerRun.0", "logFile": "/home/viterbi/01/tongjia/simulation/demo/4bit_RCA_tb/maestro/results/maestro/ExplorerRun.0/1/demo_4bit_RCA_tb_1/psf/spectre.out", "logFileSize": "-1"}
[2024-10-16 10:02:43.671 -0700] [PROCESS] [cadence.virtuoso.ade.simulationMonitor] - Simulator launched {"hostname": "viterbi-scf2", "processid": 222818, "history": "ExplorerRun.0", "testname": "demo_4bit_RCA_tb_1", "cornername": "Nominal", "point": 1, "logfile": "/home/viterbi/01/tongjia/work_gpdk045/logs_tongjia/logs0/Job52.log", "simid": "2"}
[2024-10-16 10:02:43.688 -0700] [PROCESS] [cadence.virtuoso.ade.simulationMonitor] - Expression evaluator launched {"hostname": "viterbi-scf2", "processid": 222818, "history": "ExplorerRun.0", "testname": "demo_4bit_RCA_tb_1", "cornername": "Nominal", "point": 1, "logfile": "/home/viterbi/01/tongjia/work_gpdk045/logs_tongjia/logs0/Job52.log"}
[2024-10-16 10:02:44.129 -0700] [PROCESS] [cadence.virtuoso.ade.simulationMonitor] - Started Simulation {"hostname": "viterbi-scf2", "processid": 222818, "history": "ExplorerRun.0", "testname": "demo_4bit_RCA_tb_1", "cornername": "Nominal", "point": 1, "logfile": "/home/viterbi/01/tongjia/work_gpdk045/logs_tongjia/logs0/Job52.log", "event": "started", "task": "simulation"}
[2024-10-16 10:02:45.136 -0700] [INFO] [cadence.virtuoso.ade.simulationMonitor] - Peak resident memory used = 57.7 Mbytes. {"history": "ExplorerRun.0", "point": 1, "testname": "demo_4bit_RCA_tb_1", "cornername": "Nominal"}
[2024-10-16 10:02:45.643 -0700] [INFO] [cadence.virtuoso.ade.simulationMonitor] - Peak resident memory used = 68 Mbytes. {"history": "ExplorerRun.0", "point": 1, "testname": "demo_4bit_RCA_tb_1", "cornername": "Nominal"}
[2024-10-16 10:02:45.647 -0700] [INFO] [cadence.virtuoso.ade.simulationMonitor] - Peak resident memory used = 69.2 Mbytes. {"history": "ExplorerRun.0", "point": 1, "testname": "demo_4bit_RCA_tb_1", "cornername": "Nominal"}
[2024-10-16 10:02:45.650 -0700] [INFO] [cadence.virtuoso.ade.simulationMonitor] - Notice from spectre during initial setup.
    Multithreading is disabled due to the size of the design being too small. {"history": "ExplorerRun.0", "point": 1, "testname": "demo_4bit_RCA_tb_1", "cornername": "Nominal"}
[2024-10-16 10:02:45.662 -0700] [INFO] [cadence.virtuoso.ade.simulationMonitor] -               nodes 268 {"history": "ExplorerRun.0", "point": 1, "testname": "demo_4bit_RCA_tb_1", "cornername": "Nominal"}
[2024-10-16 10:02:45.664 -0700] [INFO] [cadence.virtuoso.ade.simulationMonitor] - Notice from spectre during initial setup.
    APS Enabled. {"history": "ExplorerRun.0", "point": 1, "testname": "demo_4bit_RCA_tb_1", "cornername": "Nominal"}
[2024-10-16 10:02:45.667 -0700] [INFO] [cadence.virtuoso.ade.simulationMonitor] - Peak resident memory used = 70.4 Mbytes. {"history": "ExplorerRun.0", "point": 1, "testname": "demo_4bit_RCA_tb_1", "cornername": "Nominal"}
[2024-10-16 10:02:45.671 -0700] [WARN] [cadence.virtuoso.ade.simulationMonitor] -     WARNING (SPECTRE-16707): Only tran supports psfxl format, result of other analyses will be in psfbin format. {"history": "ExplorerRun.0", "point": 1, "testname": "demo_4bit_RCA_tb_1", "cornername": "Nominal"}
[2024-10-16 10:02:45.683 -0700] [INFO] [cadence.virtuoso.ade.simulationMonitor] - Notice from spectre during IC analysis, during transient analysis `tran'.
    GminDC = 1 pS is large enough to noticeably affect the DC solution.
        dV(I1.I3.I1.net1) = -12.0849 mV
        Use the `gmin_check' option to eliminate or expand this report.
    Bad pivoting is found during DC analysis. Option dc_pivot_check=yes is recommended for possible improvement of convergence. {"history": "ExplorerRun.0", "point": 1, "testname": "demo_4bit_RCA_tb_1", "cornername": "Nominal"}
[2024-10-16 10:02:45.693 -0700] [INFO] [cadence.virtuoso.ade.simulationMonitor] - Notice from spectre during transient analysis `tran'.
    Multithreading is disabled due to the size of the design being too small. {"history": "ExplorerRun.0", "point": 1, "testname": "demo_4bit_RCA_tb_1", "cornername": "Nominal"}
[2024-10-16 10:02:45.704 -0700] [INFO] [cadence.virtuoso.ade.simulationMonitor] - Total time required for tran analysis `tran': CPU = 187.184 ms, elapsed = 215.067 ms. {"history": "ExplorerRun.0", "point": 1, "testname": "demo_4bit_RCA_tb_1", "cornername": "Nominal"}
[2024-10-16 10:02:45.712 -0700] [INFO] [cadence.virtuoso.ade.simulationMonitor] - Peak resident memory used = 75.3 Mbytes. {"history": "ExplorerRun.0", "point": 1, "testname": "demo_4bit_RCA_tb_1", "cornername": "Nominal"}
[2024-10-16 10:02:45.721 -0700] [INFO] [cadence.virtuoso.ade.simulationMonitor] - Time used: CPU = 1.4 s, elapsed = 1.65 s, util. = 84.6%. {"history": "ExplorerRun.0", "point": 1, "testname": "demo_4bit_RCA_tb_1", "cornername": "Nominal"}
[2024-10-16 10:02:45.726 -0700] [INFO] [cadence.virtuoso.ade.simulationMonitor] - Time spent in licensing: elapsed = 36.8 ms. {"history": "ExplorerRun.0", "point": 1, "testname": "demo_4bit_RCA_tb_1", "cornername": "Nominal"}
[2024-10-16 10:02:45.732 -0700] [INFO] [cadence.virtuoso.ade.simulationMonitor] - Peak memory used = 75.9 Mbytes. {"history": "ExplorerRun.0", "point": 1, "testname": "demo_4bit_RCA_tb_1", "cornername": "Nominal"}
[2024-10-16 10:02:45.739 -0700] [PROCESS] [cadence.virtuoso.ade.simulationMonitor] - Simulation started at: 10:02:43 AM, Wed Oct 16, 2024, ended at: 10:02:45 AM, Wed Oct 16, 2024, with elapsed time (wall clock): 1.65 s. {"history": "ExplorerRun.0", "point": 1, "testname": "demo_4bit_RCA_tb_1", "cornername": "Nominal"}
[2024-10-16 10:02:45.741 -0700] [PROCESS] [cadence.virtuoso.ade.simulationMonitor] - spectre completes with 0 errors, 1 warning, and 5 notices. {"history": "ExplorerRun.0", "point": 1, "testname": "demo_4bit_RCA_tb_1", "cornername": "Nominal"}
[2024-10-16 10:02:45.743 -0700] [PROCESS] [cadence.virtuoso.ade.simulationMonitor] - Finished simulating for one point {"hostname": "viterbi-scf2", "processid": 222818, "history": "ExplorerRun.0", "testname": "demo_4bit_RCA_tb_1", "cornername": "Nominal", "point": 1, "logfile": "/home/viterbi/01/tongjia/work_gpdk045/logs_tongjia/logs0/Job52.log", "simid": "2"}
[2024-10-16 10:02:45.746 -0700] [PROCESS] [cadence.virtuoso.ade.simulationMonitor] - Simulator exited {"hostname": "viterbi-scf2", "processid": 222818, "history": "ExplorerRun.0", "testname": "demo_4bit_RCA_tb_1", "cornername": "Nominal", "point": 1, "logfile": "/home/viterbi/01/tongjia/work_gpdk045/logs_tongjia/logs0/Job52.log", "exitStatus": "0"}
[2024-10-16 10:02:45.748 -0700] [PROCESS] [cadence.virtuoso.ade.simulationMonitor] - Finished Simulation {"hostname": "viterbi-scf2", "processid": 222818, "history": "ExplorerRun.0", "testname": "demo_4bit_RCA_tb_1", "cornername": "Nominal", "point": 1, "logfile": "/home/viterbi/01/tongjia/work_gpdk045/logs_tongjia/logs0/Job52.log", "simid": "2"}
[2024-10-16 10:02:49.795 -0700] [PROCESS] [cadence.virtuoso.ade.simulationMonitor] - Point Finished {"hostname": "viterbi-scf2", "processid": 222818, "history": "ExplorerRun.0", "testname": "demo_4bit_RCA_tb_1", "cornername": "Nominal", "point": 1, "logfile": "/home/viterbi/01/tongjia/work_gpdk045/logs_tongjia/logs0/Job52.log"}
[2024-10-16 10:02:50.839 -0700] [PROCESS] [cadence.virtuoso.ade.simulationMonitor] - Stay with the runId '1', Linger time '300', currentRunSyn '3', currentTestSyn '4' {"hostname": "viterbi-scf2", "processid": 222818, "history": "ExplorerRun.0", "testname": "demo_4bit_RCA_tb_1", "cornername": "Nominal", "point": 1, "logfile": "/home/viterbi/01/tongjia/work_gpdk045/logs_tongjia/logs0/Job52.log"}
[2024-10-16 10:02:51.842 -0700] [PROCESS] [cadence.virtuoso.ade.simulationMonitor] - Stay with the runId '1', Linger time '300', currentRunSyn '3', currentTestSyn '4' {"hostname": "viterbi-scf2", "processid": 222818, "history": "ExplorerRun.0", "testname": "demo_4bit_RCA_tb_1", "cornername": "Nominal", "point": 1, "logfile": "/home/viterbi/01/tongjia/work_gpdk045/logs_tongjia/logs0/Job52.log"}
[2024-10-16 10:04:27.566 -0700] [INFO] [cadence.virtuoso.ade.simulationMonitor] - SimulationMonitor has terminated the vds process '226450', reason: 'Force to stop the expression evalutor process because of new run' {"history": "ExplorerRun.0", "point": 1, "testname": "demo_4bit_RCA_tb_1", "cornername": "Nominal"}
[2024-10-16 10:04:27.572 -0700] [PROCESS] [cadence.virtuoso.ade.simulationMonitor] - HostInfo:
Host name (type):	viterbi-scf2 (x86_64)
Operating system:	Linux 3.10.0-1160.119.1.el7.tuxcare.els3.x86_64 #1 SMP Fri Aug 23 19:18:06 UTC 2024 {"hostname": "viterbi-scf2", "processid": 222818, "history": "ExplorerRun.0", "testname": "demo_4bit_RCA_tb_1", "cornername": "Nominal", "point": 1, "logfile": "/home/viterbi/01/tongjia/work_gpdk045/logs_tongjia/logs0/Job52.log", "nodename": "viterbi-scf2", "domainname": "viterbi", "machine": "x86_64", "sysname": "Linux", "release": "3.10.0-1160.119.1.el7.tuxcare.els3.x86_64", "version": "#1 SMP Fri Aug 23 19:18:06 UTC 2024"}
[2024-10-16 10:04:27.575 -0700] [PROCESS] [cadence.virtuoso.ade.simulationMonitor] - UsageInfo:
pid=222818
totalPhysicalMemory=1007.132404GB,Used=220.564392GB,totalVirtualMemory=1007.132404GB,Used=220.564392GB
Cpu: Cores=112, Load average:3.090000,2.890000,2.670000 {"hostname": "viterbi-scf2", "processid": 222818, "history": "ExplorerRun.0", "testname": "demo_4bit_RCA_tb_1", "cornername": "Nominal", "point": 1, "logfile": "/home/viterbi/01/tongjia/work_gpdk045/logs_tongjia/logs0/Job52.log", "pid": "222818", "totalPhysicalMemory": "1007.132404", "physicalMemoryUsed": "220.564392", "totalVirtualMemory": "1007.132404", "virtualMemoryUsed": "220.564392", "cpuCores": "112", "processes": "4007", "loadAverage1": "3.090000", "loadAverage5": "2.890000", "loadAverage15": "2.670000", "loadAverage1Percent": "0.027589"}
[2024-10-16 10:04:27.581 -0700] [EVENT] [cadence.virtuoso.ade.simulationMonitor] - NewPoint {"history": "ExplorerRun.0", "point": 1, "testname": "demo_4bit_RCA_tb_1", "cornername": "Nominal", "event": "NewPoint", "EventSource": "Simulation Monitor", "HistoryName": "ExplorerRun.0", "logFile": "/home/viterbi/01/tongjia/work_gpdk045/logs_tongjia/logs0/Job52.log", "logFileSize": "23126"}
[2024-10-16 10:04:27.992 -0700] [EVENT] [cadence.virtuoso.ade.simulationMonitor] - NewPoint {"history": "ExplorerRun.0", "point": 1, "testname": "demo_4bit_RCA_tb_1", "cornername": "Nominal", "event": "NewPoint", "EventSource": "spectre", "HistoryName": "ExplorerRun.0", "logFile": "/home/viterbi/01/tongjia/simulation/demo/4bit_RCA_tb/maestro/results/maestro/ExplorerRun.0/1/demo_4bit_RCA_tb_1/psf/spectre.out", "logFileSize": "-1"}
[2024-10-16 10:04:28.029 -0700] [PROCESS] [cadence.virtuoso.ade.simulationMonitor] - Simulator launched {"hostname": "viterbi-scf2", "processid": 222818, "history": "ExplorerRun.0", "testname": "demo_4bit_RCA_tb_1", "cornername": "Nominal", "point": 1, "logfile": "/home/viterbi/01/tongjia/work_gpdk045/logs_tongjia/logs0/Job52.log", "simid": "3"}
[2024-10-16 10:04:28.038 -0700] [PROCESS] [cadence.virtuoso.ade.simulationMonitor] - Expression evaluator launched {"hostname": "viterbi-scf2", "processid": 222818, "history": "ExplorerRun.0", "testname": "demo_4bit_RCA_tb_1", "cornername": "Nominal", "point": 1, "logfile": "/home/viterbi/01/tongjia/work_gpdk045/logs_tongjia/logs0/Job52.log"}
[2024-10-16 10:04:28.505 -0700] [PROCESS] [cadence.virtuoso.ade.simulationMonitor] - Started Simulation {"hostname": "viterbi-scf2", "processid": 222818, "history": "ExplorerRun.0", "testname": "demo_4bit_RCA_tb_1", "cornername": "Nominal", "point": 1, "logfile": "/home/viterbi/01/tongjia/work_gpdk045/logs_tongjia/logs0/Job52.log", "event": "started", "task": "simulation"}
[2024-10-16 10:04:29.510 -0700] [INFO] [cadence.virtuoso.ade.simulationMonitor] - Peak resident memory used = 57.7 Mbytes. {"history": "ExplorerRun.0", "point": 1, "testname": "demo_4bit_RCA_tb_1", "cornername": "Nominal"}
[2024-10-16 10:04:30.013 -0700] [INFO] [cadence.virtuoso.ade.simulationMonitor] - Peak resident memory used = 68 Mbytes. {"history": "ExplorerRun.0", "point": 1, "testname": "demo_4bit_RCA_tb_1", "cornername": "Nominal"}
[2024-10-16 10:04:30.015 -0700] [INFO] [cadence.virtuoso.ade.simulationMonitor] - Peak resident memory used = 69.2 Mbytes. {"history": "ExplorerRun.0", "point": 1, "testname": "demo_4bit_RCA_tb_1", "cornername": "Nominal"}
[2024-10-16 10:04:30.018 -0700] [INFO] [cadence.virtuoso.ade.simulationMonitor] - Notice from spectre during initial setup.
    Multithreading is disabled due to the size of the design being too small. {"history": "ExplorerRun.0", "point": 1, "testname": "demo_4bit_RCA_tb_1", "cornername": "Nominal"}
[2024-10-16 10:04:30.028 -0700] [INFO] [cadence.virtuoso.ade.simulationMonitor] -               nodes 268 {"history": "ExplorerRun.0", "point": 1, "testname": "demo_4bit_RCA_tb_1", "cornername": "Nominal"}
[2024-10-16 10:04:30.029 -0700] [INFO] [cadence.virtuoso.ade.simulationMonitor] - Notice from spectre during initial setup.
    APS Enabled. {"history": "ExplorerRun.0", "point": 1, "testname": "demo_4bit_RCA_tb_1", "cornername": "Nominal"}
[2024-10-16 10:04:30.031 -0700] [INFO] [cadence.virtuoso.ade.simulationMonitor] - Peak resident memory used = 70.4 Mbytes. {"history": "ExplorerRun.0", "point": 1, "testname": "demo_4bit_RCA_tb_1", "cornername": "Nominal"}
[2024-10-16 10:04:30.034 -0700] [WARN] [cadence.virtuoso.ade.simulationMonitor] -     WARNING (SPECTRE-16707): Only tran supports psfxl format, result of other analyses will be in psfbin format. {"history": "ExplorerRun.0", "point": 1, "testname": "demo_4bit_RCA_tb_1", "cornername": "Nominal"}
[2024-10-16 10:04:30.036 -0700] [INFO] [cadence.virtuoso.ade.simulationMonitor] - Notice from spectre during IC analysis, during transient analysis `tran'.
    GminDC = 1 pS is large enough to noticeably affect the DC solution.
        dV(I1.I0.I2.net9) = 58.7685 mV
        Use the `gmin_check' option to eliminate or expand this report.
    Bad pivoting is found during DC analysis. Option dc_pivot_check=yes is recommended for possible improvement of convergence. {"history": "ExplorerRun.0", "point": 1, "testname": "demo_4bit_RCA_tb_1", "cornername": "Nominal"}
[2024-10-16 10:04:30.038 -0700] [INFO] [cadence.virtuoso.ade.simulationMonitor] - Notice from spectre during transient analysis `tran'.
    Multithreading is disabled due to the size of the design being too small. {"history": "ExplorerRun.0", "point": 1, "testname": "demo_4bit_RCA_tb_1", "cornername": "Nominal"}
[2024-10-16 10:04:30.040 -0700] [INFO] [cadence.virtuoso.ade.simulationMonitor] - Notice from spectre at time = 2 ns during transient analysis `tran'.
    Found trapezoidal ringing on node _vvdd!:p. {"history": "ExplorerRun.0", "point": 1, "testname": "demo_4bit_RCA_tb_1", "cornername": "Nominal"}
[2024-10-16 10:04:30.042 -0700] [INFO] [cadence.virtuoso.ade.simulationMonitor] - Notice from spectre at time = 2.3426 ns during transient analysis `tran'.
    Found trapezoidal ringing on node _vvdd!:p. {"history": "ExplorerRun.0", "point": 1, "testname": "demo_4bit_RCA_tb_1", "cornername": "Nominal"}
[2024-10-16 10:04:30.045 -0700] [INFO] [cadence.virtuoso.ade.simulationMonitor] - Notice from spectre at time = 2.5426 ns during transient analysis `tran'.
    Found trapezoidal ringing on node _vvdd!:p. {"history": "ExplorerRun.0", "point": 1, "testname": "demo_4bit_RCA_tb_1", "cornername": "Nominal"}
[2024-10-16 10:04:30.047 -0700] [INFO] [cadence.virtuoso.ade.simulationMonitor] - Notice from spectre at time = 2.7426 ns during transient analysis `tran'.
    Found trapezoidal ringing on node _vvdd!:p. {"history": "ExplorerRun.0", "point": 1, "testname": "demo_4bit_RCA_tb_1", "cornername": "Nominal"}
[2024-10-16 10:04:30.049 -0700] [INFO] [cadence.virtuoso.ade.simulationMonitor] - Notice from spectre at time = 2.8713 ns during transient analysis `tran'.
    Found trapezoidal ringing on node _vvdd!:p.
        Further occurrences of this notice will be suppressed. {"history": "ExplorerRun.0", "point": 1, "testname": "demo_4bit_RCA_tb_1", "cornername": "Nominal"}
[2024-10-16 10:04:30.051 -0700] [INFO] [cadence.virtuoso.ade.simulationMonitor] - Notice from spectre during transient analysis `tran'.
    Trapezoidal ringing is detected during tran analysis.
        Please use method=trap for better results and performance. {"history": "ExplorerRun.0", "point": 1, "testname": "demo_4bit_RCA_tb_1", "cornername": "Nominal"}
[2024-10-16 10:04:30.053 -0700] [INFO] [cadence.virtuoso.ade.simulationMonitor] - Total time required for tran analysis `tran': CPU = 184.203 ms, elapsed = 202.366 ms. {"history": "ExplorerRun.0", "point": 1, "testname": "demo_4bit_RCA_tb_1", "cornername": "Nominal"}
[2024-10-16 10:04:30.055 -0700] [INFO] [cadence.virtuoso.ade.simulationMonitor] - Peak resident memory used = 76.1 Mbytes. {"history": "ExplorerRun.0", "point": 1, "testname": "demo_4bit_RCA_tb_1", "cornername": "Nominal"}
[2024-10-16 10:04:30.057 -0700] [INFO] [cadence.virtuoso.ade.simulationMonitor] - Notice from spectre.
    31 notices suppressed. {"history": "ExplorerRun.0", "point": 1, "testname": "demo_4bit_RCA_tb_1", "cornername": "Nominal"}
[2024-10-16 10:04:30.059 -0700] [INFO] [cadence.virtuoso.ade.simulationMonitor] - Time used: CPU = 1.39 s, elapsed = 1.72 s, util. = 80.9%. {"history": "ExplorerRun.0", "point": 1, "testname": "demo_4bit_RCA_tb_1", "cornername": "Nominal"}
[2024-10-16 10:04:30.061 -0700] [INFO] [cadence.virtuoso.ade.simulationMonitor] - Time spent in licensing: elapsed = 44 ms. {"history": "ExplorerRun.0", "point": 1, "testname": "demo_4bit_RCA_tb_1", "cornername": "Nominal"}
[2024-10-16 10:04:30.065 -0700] [INFO] [cadence.virtuoso.ade.simulationMonitor] - Peak memory used = 76.7 Mbytes. {"history": "ExplorerRun.0", "point": 1, "testname": "demo_4bit_RCA_tb_1", "cornername": "Nominal"}
[2024-10-16 10:04:30.071 -0700] [PROCESS] [cadence.virtuoso.ade.simulationMonitor] - Simulation started at: 10:04:28 AM, Wed Oct 16, 2024, ended at: 10:04:29 AM, Wed Oct 16, 2024, with elapsed time (wall clock): 1.72 s. {"history": "ExplorerRun.0", "point": 1, "testname": "demo_4bit_RCA_tb_1", "cornername": "Nominal"}
[2024-10-16 10:04:30.073 -0700] [PROCESS] [cadence.virtuoso.ade.simulationMonitor] - spectre completes with 0 errors, 1 warning, and 12 notices. {"history": "ExplorerRun.0", "point": 1, "testname": "demo_4bit_RCA_tb_1", "cornername": "Nominal"}
[2024-10-16 10:04:30.580 -0700] [PROCESS] [cadence.virtuoso.ade.simulationMonitor] - Finished simulating for one point {"hostname": "viterbi-scf2", "processid": 222818, "history": "ExplorerRun.0", "testname": "demo_4bit_RCA_tb_1", "cornername": "Nominal", "point": 1, "logfile": "/home/viterbi/01/tongjia/work_gpdk045/logs_tongjia/logs0/Job52.log", "simid": "3"}
[2024-10-16 10:04:30.584 -0700] [PROCESS] [cadence.virtuoso.ade.simulationMonitor] - Simulator exited {"hostname": "viterbi-scf2", "processid": 222818, "history": "ExplorerRun.0", "testname": "demo_4bit_RCA_tb_1", "cornername": "Nominal", "point": 1, "logfile": "/home/viterbi/01/tongjia/work_gpdk045/logs_tongjia/logs0/Job52.log", "exitStatus": "0"}
[2024-10-16 10:04:30.587 -0700] [PROCESS] [cadence.virtuoso.ade.simulationMonitor] - Finished Simulation {"hostname": "viterbi-scf2", "processid": 222818, "history": "ExplorerRun.0", "testname": "demo_4bit_RCA_tb_1", "cornername": "Nominal", "point": 1, "logfile": "/home/viterbi/01/tongjia/work_gpdk045/logs_tongjia/logs0/Job52.log", "simid": "3"}
[2024-10-16 10:04:34.131 -0700] [PROCESS] [cadence.virtuoso.ade.simulationMonitor] - Point Finished {"hostname": "viterbi-scf2", "processid": 222818, "history": "ExplorerRun.0", "testname": "demo_4bit_RCA_tb_1", "cornername": "Nominal", "point": 1, "logfile": "/home/viterbi/01/tongjia/work_gpdk045/logs_tongjia/logs0/Job52.log"}
[2024-10-16 10:04:35.167 -0700] [PROCESS] [cadence.virtuoso.ade.simulationMonitor] - Stay with the runId '2', Linger time '300', currentRunSyn '5', currentTestSyn '6' {"hostname": "viterbi-scf2", "processid": 222818, "history": "ExplorerRun.0", "testname": "demo_4bit_RCA_tb_1", "cornername": "Nominal", "point": 1, "logfile": "/home/viterbi/01/tongjia/work_gpdk045/logs_tongjia/logs0/Job52.log"}
[2024-10-16 10:09:36.046 -0700] [PROCESS] [cadence.virtuoso.ade.simulationMonitor] - Current memory used: 32.4609 MBytes, peak memory used: 32.4609 MBytes {"hostname": "viterbi-scf2", "processid": 222818, "history": "ExplorerRun.0", "testname": "demo_4bit_RCA_tb_1", "cornername": "Nominal", "point": 1, "logfile": "/home/viterbi/01/tongjia/work_gpdk045/logs_tongjia/logs0/Job52.log"}
[2024-10-16 10:09:36.048 -0700] [PROCESS] [cadence.virtuoso.ade.simulationMonitor] - Simulation Monitor process exit. {"hostname": "viterbi-scf2", "processid": 222818, "history": "ExplorerRun.0", "testname": "demo_4bit_RCA_tb_1", "cornername": "Nominal", "point": 1, "logfile": "/home/viterbi/01/tongjia/work_gpdk045/logs_tongjia/logs0/Job52.log"}
