[Simulation Monitor: 55]
[2024-10-16 10:41:58.274 -0700] [PROCESS] [cadence.virtuoso.ade.simulationMonitor] - Simulation Monitor has successfully started up. Trying to set up communication channels to other components ... {"hostname": "viterbi-scf2", "processid": 309555, "logfile": "/home/viterbi/01/tongjia/work_gpdk045/logs_tongjia/logs0/Job55.log"}
[2024-10-16 10:41:58.284 -0700] [PROCESS] [cadence.virtuoso.ade.simulationMonitor] - Communication channels have been successfully set up. Start processing events ... {"hostname": "viterbi-scf2", "processid": 309555, "logfile": "/home/viterbi/01/tongjia/work_gpdk045/logs_tongjia/logs0/Job55.log"}
[2024-10-16 10:41:58.286 -0700] [PROCESS] [cadence.virtuoso.ade.simulationMonitor] - Considering to start history {"hostname": "viterbi-scf2", "processid": 309555, "history": "ExplorerRun.0", "logfile": "/home/viterbi/01/tongjia/work_gpdk045/logs_tongjia/logs0/Job55.log"}
[2024-10-16 10:41:58.333 -0700] [PROCESS] [cadence.virtuoso.ade.simulationMonitor] - HostInfo:
Host name (type):	viterbi-scf2 (x86_64)
Operating system:	Linux 3.10.0-1160.119.1.el7.tuxcare.els3.x86_64 #1 SMP Fri Aug 23 19:18:06 UTC 2024 {"hostname": "viterbi-scf2", "processid": 309555, "history": "ExplorerRun.0", "logfile": "/home/viterbi/01/tongjia/work_gpdk045/logs_tongjia/logs0/Job55.log", "nodename": "viterbi-scf2", "domainname": "viterbi", "machine": "x86_64", "sysname": "Linux", "release": "3.10.0-1160.119.1.el7.tuxcare.els3.x86_64", "version": "#1 SMP Fri Aug 23 19:18:06 UTC 2024"}
[2024-10-16 10:41:58.336 -0700] [PROCESS] [cadence.virtuoso.ade.simulationMonitor] - UsageInfo:
pid=309555
totalPhysicalMemory=1007.132404GB,Used=221.306156GB,totalVirtualMemory=1007.132404GB,Used=221.306156GB
Cpu: Cores=112, Load average:2.740000,2.500000,2.510000 {"hostname": "viterbi-scf2", "processid": 309555, "history": "ExplorerRun.0", "logfile": "/home/viterbi/01/tongjia/work_gpdk045/logs_tongjia/logs0/Job55.log", "pid": "309555", "totalPhysicalMemory": "1007.132404", "physicalMemoryUsed": "221.306156", "totalVirtualMemory": "1007.132404", "virtualMemoryUsed": "221.306156", "cpuCores": "112", "processes": "4258", "loadAverage1": "2.740000", "loadAverage5": "2.500000", "loadAverage15": "2.510000", "loadAverage1Percent": "0.024464"}
[2024-10-16 10:41:58.341 -0700] [EVENT] [cadence.virtuoso.ade.simulationMonitor] - NewPoint {"history": "ExplorerRun.0", "point": 1, "testname": "demo_4bit_RCA_tb_1", "cornername": "Nominal", "event": "NewPoint", "EventSource": "Simulation Monitor", "HistoryName": "ExplorerRun.0", "logFile": "/home/viterbi/01/tongjia/work_gpdk045/logs_tongjia/logs0/Job55.log", "logFileSize": "2268"}
[2024-10-16 10:41:58.650 -0700] [EVENT] [cadence.virtuoso.ade.simulationMonitor] - NewPoint {"history": "ExplorerRun.0", "point": 1, "testname": "demo_4bit_RCA_tb_1", "cornername": "Nominal", "event": "NewPoint", "EventSource": "spectre", "HistoryName": "ExplorerRun.0", "logFile": "/home/viterbi/01/tongjia/simulation/demo/4bit_RCA_tb/maestro/results/maestro/ExplorerRun.0/1/demo_4bit_RCA_tb_1/psf/spectre.out", "logFileSize": "-1"}
[2024-10-16 10:41:58.690 -0700] [PROCESS] [cadence.virtuoso.ade.simulationMonitor] - Simulator launched {"hostname": "viterbi-scf2", "processid": 309555, "history": "ExplorerRun.0", "testname": "demo_4bit_RCA_tb_1", "cornername": "Nominal", "point": 1, "logfile": "/home/viterbi/01/tongjia/work_gpdk045/logs_tongjia/logs0/Job55.log", "simid": "1"}
[2024-10-16 10:41:58.701 -0700] [PROCESS] [cadence.virtuoso.ade.simulationMonitor] - Expression evaluator launched {"hostname": "viterbi-scf2", "processid": 309555, "history": "ExplorerRun.0", "testname": "demo_4bit_RCA_tb_1", "cornername": "Nominal", "point": 1, "logfile": "/home/viterbi/01/tongjia/work_gpdk045/logs_tongjia/logs0/Job55.log"}
[2024-10-16 10:41:59.149 -0700] [PROCESS] [cadence.virtuoso.ade.simulationMonitor] - Started Simulation {"hostname": "viterbi-scf2", "processid": 309555, "history": "ExplorerRun.0", "testname": "demo_4bit_RCA_tb_1", "cornername": "Nominal", "point": 1, "logfile": "/home/viterbi/01/tongjia/work_gpdk045/logs_tongjia/logs0/Job55.log", "event": "started", "task": "simulation"}
[2024-10-16 10:42:00.155 -0700] [INFO] [cadence.virtuoso.ade.simulationMonitor] - Peak resident memory used = 57.7 Mbytes. {"history": "ExplorerRun.0", "point": 1, "testname": "demo_4bit_RCA_tb_1", "cornername": "Nominal"}
[2024-10-16 10:42:00.658 -0700] [INFO] [cadence.virtuoso.ade.simulationMonitor] - Peak resident memory used = 68 Mbytes. {"history": "ExplorerRun.0", "point": 1, "testname": "demo_4bit_RCA_tb_1", "cornername": "Nominal"}
[2024-10-16 10:42:00.660 -0700] [INFO] [cadence.virtuoso.ade.simulationMonitor] - Peak resident memory used = 69.2 Mbytes. {"history": "ExplorerRun.0", "point": 1, "testname": "demo_4bit_RCA_tb_1", "cornername": "Nominal"}
[2024-10-16 10:42:00.664 -0700] [INFO] [cadence.virtuoso.ade.simulationMonitor] - Notice from spectre during initial setup.
    Multithreading is disabled due to the size of the design being too small. {"history": "ExplorerRun.0", "point": 1, "testname": "demo_4bit_RCA_tb_1", "cornername": "Nominal"}
[2024-10-16 10:42:00.675 -0700] [INFO] [cadence.virtuoso.ade.simulationMonitor] -               nodes 268 {"history": "ExplorerRun.0", "point": 1, "testname": "demo_4bit_RCA_tb_1", "cornername": "Nominal"}
[2024-10-16 10:42:00.683 -0700] [INFO] [cadence.virtuoso.ade.simulationMonitor] - Notice from spectre during initial setup.
    APS Enabled. {"history": "ExplorerRun.0", "point": 1, "testname": "demo_4bit_RCA_tb_1", "cornername": "Nominal"}
[2024-10-16 10:42:00.690 -0700] [INFO] [cadence.virtuoso.ade.simulationMonitor] - Peak resident memory used = 70.4 Mbytes. {"history": "ExplorerRun.0", "point": 1, "testname": "demo_4bit_RCA_tb_1", "cornername": "Nominal"}
[2024-10-16 10:42:00.697 -0700] [WARN] [cadence.virtuoso.ade.simulationMonitor] -     WARNING (SPECTRE-16707): Only tran supports psfxl format, result of other analyses will be in psfbin format. {"history": "ExplorerRun.0", "point": 1, "testname": "demo_4bit_RCA_tb_1", "cornername": "Nominal"}
[2024-10-16 10:42:00.704 -0700] [INFO] [cadence.virtuoso.ade.simulationMonitor] - Notice from spectre during IC analysis, during transient analysis `tran'.
    GminDC = 1 pS is large enough to noticeably affect the DC solution.
        dV(I1.I3.I1.net1) = -12.0849 mV
        Use the `gmin_check' option to eliminate or expand this report.
    Bad pivoting is found during DC analysis. Option dc_pivot_check=yes is recommended for possible improvement of convergence. {"history": "ExplorerRun.0", "point": 1, "testname": "demo_4bit_RCA_tb_1", "cornername": "Nominal"}
[2024-10-16 10:42:00.711 -0700] [INFO] [cadence.virtuoso.ade.simulationMonitor] - Notice from spectre during transient analysis `tran'.
    Multithreading is disabled due to the size of the design being too small. {"history": "ExplorerRun.0", "point": 1, "testname": "demo_4bit_RCA_tb_1", "cornername": "Nominal"}
[2024-10-16 10:42:00.715 -0700] [INFO] [cadence.virtuoso.ade.simulationMonitor] - Notice from spectre at time = 4.64014 ns during transient analysis `tran'.
    Found trapezoidal ringing on node _vvdd!:p. {"history": "ExplorerRun.0", "point": 1, "testname": "demo_4bit_RCA_tb_1", "cornername": "Nominal"}
[2024-10-16 10:42:00.718 -0700] [INFO] [cadence.virtuoso.ade.simulationMonitor] - Notice from spectre at time = 4.84014 ns during transient analysis `tran'.
    Found trapezoidal ringing on node _vvdd!:p. {"history": "ExplorerRun.0", "point": 1, "testname": "demo_4bit_RCA_tb_1", "cornername": "Nominal"}
[2024-10-16 10:42:00.721 -0700] [INFO] [cadence.virtuoso.ade.simulationMonitor] - Notice from spectre at time = 5.04014 ns during transient analysis `tran'.
    Found trapezoidal ringing on node _vvdd!:p. {"history": "ExplorerRun.0", "point": 1, "testname": "demo_4bit_RCA_tb_1", "cornername": "Nominal"}
[2024-10-16 10:42:00.724 -0700] [INFO] [cadence.virtuoso.ade.simulationMonitor] - Notice from spectre at time = 5.24014 ns during transient analysis `tran'.
    Found trapezoidal ringing on node _vvdd!:p. {"history": "ExplorerRun.0", "point": 1, "testname": "demo_4bit_RCA_tb_1", "cornername": "Nominal"}
[2024-10-16 10:42:00.726 -0700] [INFO] [cadence.virtuoso.ade.simulationMonitor] - Notice from spectre at time = 5.44014 ns during transient analysis `tran'.
    Found trapezoidal ringing on node _vvdd!:p.
        Further occurrences of this notice will be suppressed. {"history": "ExplorerRun.0", "point": 1, "testname": "demo_4bit_RCA_tb_1", "cornername": "Nominal"}
[2024-10-16 10:42:00.729 -0700] [INFO] [cadence.virtuoso.ade.simulationMonitor] - Notice from spectre during transient analysis `tran'.
    Trapezoidal ringing is detected during tran analysis.
        Please use method=trap for better results and performance. {"history": "ExplorerRun.0", "point": 1, "testname": "demo_4bit_RCA_tb_1", "cornername": "Nominal"}
[2024-10-16 10:42:00.732 -0700] [INFO] [cadence.virtuoso.ade.simulationMonitor] - Total time required for tran analysis `tran': CPU = 250.372 ms, elapsed = 265.194 ms. {"history": "ExplorerRun.0", "point": 1, "testname": "demo_4bit_RCA_tb_1", "cornername": "Nominal"}
[2024-10-16 10:42:00.734 -0700] [INFO] [cadence.virtuoso.ade.simulationMonitor] - Peak resident memory used = 77.2 Mbytes. {"history": "ExplorerRun.0", "point": 1, "testname": "demo_4bit_RCA_tb_1", "cornername": "Nominal"}
[2024-10-16 10:42:00.737 -0700] [INFO] [cadence.virtuoso.ade.simulationMonitor] - Notice from spectre.
    23 notices suppressed. {"history": "ExplorerRun.0", "point": 1, "testname": "demo_4bit_RCA_tb_1", "cornername": "Nominal"}
[2024-10-16 10:42:00.739 -0700] [INFO] [cadence.virtuoso.ade.simulationMonitor] - Time used: CPU = 1.44 s, elapsed = 1.71 s, util. = 84.6%. {"history": "ExplorerRun.0", "point": 1, "testname": "demo_4bit_RCA_tb_1", "cornername": "Nominal"}
[2024-10-16 10:42:00.742 -0700] [INFO] [cadence.virtuoso.ade.simulationMonitor] - Time spent in licensing: elapsed = 27.7 ms. {"history": "ExplorerRun.0", "point": 1, "testname": "demo_4bit_RCA_tb_1", "cornername": "Nominal"}
[2024-10-16 10:42:00.746 -0700] [INFO] [cadence.virtuoso.ade.simulationMonitor] - Peak memory used = 77.8 Mbytes. {"history": "ExplorerRun.0", "point": 1, "testname": "demo_4bit_RCA_tb_1", "cornername": "Nominal"}
[2024-10-16 10:42:00.753 -0700] [PROCESS] [cadence.virtuoso.ade.simulationMonitor] - Simulation started at: 10:41:58 AM, Wed Oct 16, 2024, ended at: 10:42:00 AM, Wed Oct 16, 2024, with elapsed time (wall clock): 1.71 s. {"history": "ExplorerRun.0", "point": 1, "testname": "demo_4bit_RCA_tb_1", "cornername": "Nominal"}
[2024-10-16 10:42:00.755 -0700] [PROCESS] [cadence.virtuoso.ade.simulationMonitor] - spectre completes with 0 errors, 1 warning, and 12 notices. {"history": "ExplorerRun.0", "point": 1, "testname": "demo_4bit_RCA_tb_1", "cornername": "Nominal"}
[2024-10-16 10:42:01.262 -0700] [PROCESS] [cadence.virtuoso.ade.simulationMonitor] - Finished simulating for one point {"hostname": "viterbi-scf2", "processid": 309555, "history": "ExplorerRun.0", "testname": "demo_4bit_RCA_tb_1", "cornername": "Nominal", "point": 1, "logfile": "/home/viterbi/01/tongjia/work_gpdk045/logs_tongjia/logs0/Job55.log", "simid": "1"}
[2024-10-16 10:42:01.265 -0700] [PROCESS] [cadence.virtuoso.ade.simulationMonitor] - Simulator exited {"hostname": "viterbi-scf2", "processid": 309555, "history": "ExplorerRun.0", "testname": "demo_4bit_RCA_tb_1", "cornername": "Nominal", "point": 1, "logfile": "/home/viterbi/01/tongjia/work_gpdk045/logs_tongjia/logs0/Job55.log", "exitStatus": "0"}
[2024-10-16 10:42:01.269 -0700] [PROCESS] [cadence.virtuoso.ade.simulationMonitor] - Finished Simulation {"hostname": "viterbi-scf2", "processid": 309555, "history": "ExplorerRun.0", "testname": "demo_4bit_RCA_tb_1", "cornername": "Nominal", "point": 1, "logfile": "/home/viterbi/01/tongjia/work_gpdk045/logs_tongjia/logs0/Job55.log", "simid": "1"}
[2024-10-16 10:42:04.314 -0700] [PROCESS] [cadence.virtuoso.ade.simulationMonitor] - Point Finished {"hostname": "viterbi-scf2", "processid": 309555, "history": "ExplorerRun.0", "testname": "demo_4bit_RCA_tb_1", "cornername": "Nominal", "point": 1, "logfile": "/home/viterbi/01/tongjia/work_gpdk045/logs_tongjia/logs0/Job55.log"}
[2024-10-16 10:42:05.351 -0700] [PROCESS] [cadence.virtuoso.ade.simulationMonitor] - Stay with the runId '0', Linger time '300', currentRunSyn '1', currentTestSyn '2' {"hostname": "viterbi-scf2", "processid": 309555, "history": "ExplorerRun.0", "testname": "demo_4bit_RCA_tb_1", "cornername": "Nominal", "point": 1, "logfile": "/home/viterbi/01/tongjia/work_gpdk045/logs_tongjia/logs0/Job55.log"}
[2024-10-16 10:42:50.261 -0700] [INFO] [cadence.virtuoso.ade.simulationMonitor] - SimulationMonitor has terminated the vds process '309589', reason: 'Force to stop the expression evalutor process because of new run' {"history": "ExplorerRun.0", "point": 1, "testname": "demo_4bit_RCA_tb_1", "cornername": "Nominal"}
[2024-10-16 10:42:50.267 -0700] [PROCESS] [cadence.virtuoso.ade.simulationMonitor] - HostInfo:
Host name (type):	viterbi-scf2 (x86_64)
Operating system:	Linux 3.10.0-1160.119.1.el7.tuxcare.els3.x86_64 #1 SMP Fri Aug 23 19:18:06 UTC 2024 {"hostname": "viterbi-scf2", "processid": 309555, "history": "ExplorerRun.0", "testname": "demo_4bit_RCA_tb_1", "cornername": "Nominal", "point": 1, "logfile": "/home/viterbi/01/tongjia/work_gpdk045/logs_tongjia/logs0/Job55.log", "nodename": "viterbi-scf2", "domainname": "viterbi", "machine": "x86_64", "sysname": "Linux", "release": "3.10.0-1160.119.1.el7.tuxcare.els3.x86_64", "version": "#1 SMP Fri Aug 23 19:18:06 UTC 2024"}
[2024-10-16 10:42:50.270 -0700] [PROCESS] [cadence.virtuoso.ade.simulationMonitor] - UsageInfo:
pid=309555
totalPhysicalMemory=1007.132404GB,Used=221.317757GB,totalVirtualMemory=1007.132404GB,Used=221.317757GB
Cpu: Cores=112, Load average:2.640000,2.500000,2.510000 {"hostname": "viterbi-scf2", "processid": 309555, "history": "ExplorerRun.0", "testname": "demo_4bit_RCA_tb_1", "cornername": "Nominal", "point": 1, "logfile": "/home/viterbi/01/tongjia/work_gpdk045/logs_tongjia/logs0/Job55.log", "pid": "309555", "totalPhysicalMemory": "1007.132404", "physicalMemoryUsed": "221.317757", "totalVirtualMemory": "1007.132404", "virtualMemoryUsed": "221.317757", "cpuCores": "112", "processes": "4268", "loadAverage1": "2.640000", "loadAverage5": "2.500000", "loadAverage15": "2.510000", "loadAverage1Percent": "0.023571"}
[2024-10-16 10:42:50.275 -0700] [EVENT] [cadence.virtuoso.ade.simulationMonitor] - NewPoint {"history": "ExplorerRun.0", "point": 1, "testname": "demo_4bit_RCA_tb_1", "cornername": "Nominal", "event": "NewPoint", "EventSource": "Simulation Monitor", "HistoryName": "ExplorerRun.0", "logFile": "/home/viterbi/01/tongjia/work_gpdk045/logs_tongjia/logs0/Job55.log", "logFileSize": "14480"}
[2024-10-16 10:42:50.587 -0700] [EVENT] [cadence.virtuoso.ade.simulationMonitor] - NewPoint {"history": "ExplorerRun.0", "point": 1, "testname": "demo_4bit_RCA_tb_1", "cornername": "Nominal", "event": "NewPoint", "EventSource": "spectre", "HistoryName": "ExplorerRun.0", "logFile": "/home/viterbi/01/tongjia/simulation/demo/4bit_RCA_tb/maestro/results/maestro/ExplorerRun.0/1/demo_4bit_RCA_tb_1/psf/spectre.out", "logFileSize": "-1"}
[2024-10-16 10:42:50.626 -0700] [PROCESS] [cadence.virtuoso.ade.simulationMonitor] - Simulator launched {"hostname": "viterbi-scf2", "processid": 309555, "history": "ExplorerRun.0", "testname": "demo_4bit_RCA_tb_1", "cornername": "Nominal", "point": 1, "logfile": "/home/viterbi/01/tongjia/work_gpdk045/logs_tongjia/logs0/Job55.log", "simid": "2"}
[2024-10-16 10:42:50.635 -0700] [PROCESS] [cadence.virtuoso.ade.simulationMonitor] - Expression evaluator launched {"hostname": "viterbi-scf2", "processid": 309555, "history": "ExplorerRun.0", "testname": "demo_4bit_RCA_tb_1", "cornername": "Nominal", "point": 1, "logfile": "/home/viterbi/01/tongjia/work_gpdk045/logs_tongjia/logs0/Job55.log"}
[2024-10-16 10:42:51.163 -0700] [PROCESS] [cadence.virtuoso.ade.simulationMonitor] - Started Simulation {"hostname": "viterbi-scf2", "processid": 309555, "history": "ExplorerRun.0", "testname": "demo_4bit_RCA_tb_1", "cornername": "Nominal", "point": 1, "logfile": "/home/viterbi/01/tongjia/work_gpdk045/logs_tongjia/logs0/Job55.log", "event": "started", "task": "simulation"}
[2024-10-16 10:42:52.169 -0700] [INFO] [cadence.virtuoso.ade.simulationMonitor] - Peak resident memory used = 57.7 Mbytes. {"history": "ExplorerRun.0", "point": 1, "testname": "demo_4bit_RCA_tb_1", "cornername": "Nominal"}
[2024-10-16 10:42:52.174 -0700] [INFO] [cadence.virtuoso.ade.simulationMonitor] - Peak resident memory used = 68 Mbytes. {"history": "ExplorerRun.0", "point": 1, "testname": "demo_4bit_RCA_tb_1", "cornername": "Nominal"}
[2024-10-16 10:42:52.186 -0700] [INFO] [cadence.virtuoso.ade.simulationMonitor] - Peak resident memory used = 69.2 Mbytes. {"history": "ExplorerRun.0", "point": 1, "testname": "demo_4bit_RCA_tb_1", "cornername": "Nominal"}
[2024-10-16 10:42:52.198 -0700] [INFO] [cadence.virtuoso.ade.simulationMonitor] - Notice from spectre during initial setup.
    Multithreading is disabled due to the size of the design being too small. {"history": "ExplorerRun.0", "point": 1, "testname": "demo_4bit_RCA_tb_1", "cornername": "Nominal"}
[2024-10-16 10:42:52.211 -0700] [INFO] [cadence.virtuoso.ade.simulationMonitor] -               nodes 268 {"history": "ExplorerRun.0", "point": 1, "testname": "demo_4bit_RCA_tb_1", "cornername": "Nominal"}
[2024-10-16 10:42:52.213 -0700] [INFO] [cadence.virtuoso.ade.simulationMonitor] - Notice from spectre during initial setup.
    APS Enabled. {"history": "ExplorerRun.0", "point": 1, "testname": "demo_4bit_RCA_tb_1", "cornername": "Nominal"}
[2024-10-16 10:42:52.215 -0700] [INFO] [cadence.virtuoso.ade.simulationMonitor] - Peak resident memory used = 70.4 Mbytes. {"history": "ExplorerRun.0", "point": 1, "testname": "demo_4bit_RCA_tb_1", "cornername": "Nominal"}
[2024-10-16 10:42:52.218 -0700] [WARN] [cadence.virtuoso.ade.simulationMonitor] -     WARNING (SPECTRE-16707): Only tran supports psfxl format, result of other analyses will be in psfbin format. {"history": "ExplorerRun.0", "point": 1, "testname": "demo_4bit_RCA_tb_1", "cornername": "Nominal"}
[2024-10-16 10:42:52.722 -0700] [INFO] [cadence.virtuoso.ade.simulationMonitor] - Notice from spectre during IC analysis, during transient analysis `tran'.
    GminDC = 1 pS is large enough to noticeably affect the DC solution.
        dV(I1.I3.I1.net1) = -12.0849 mV
        Use the `gmin_check' option to eliminate or expand this report.
    Bad pivoting is found during DC analysis. Option dc_pivot_check=yes is recommended for possible improvement of convergence. {"history": "ExplorerRun.0", "point": 1, "testname": "demo_4bit_RCA_tb_1", "cornername": "Nominal"}
[2024-10-16 10:42:52.724 -0700] [INFO] [cadence.virtuoso.ade.simulationMonitor] - Notice from spectre during transient analysis `tran'.
    Multithreading is disabled due to the size of the design being too small. {"history": "ExplorerRun.0", "point": 1, "testname": "demo_4bit_RCA_tb_1", "cornername": "Nominal"}
[2024-10-16 10:42:52.727 -0700] [INFO] [cadence.virtuoso.ade.simulationMonitor] - Notice from spectre at time = 3 ns during transient analysis `tran'.
    Found trapezoidal ringing on node _vvdd!:p. {"history": "ExplorerRun.0", "point": 1, "testname": "demo_4bit_RCA_tb_1", "cornername": "Nominal"}
[2024-10-16 10:42:52.730 -0700] [INFO] [cadence.virtuoso.ade.simulationMonitor] - Notice from spectre at time = 4.41135 ns during transient analysis `tran'.
    Found trapezoidal ringing on node _vvdd!:p. {"history": "ExplorerRun.0", "point": 1, "testname": "demo_4bit_RCA_tb_1", "cornername": "Nominal"}
[2024-10-16 10:42:52.733 -0700] [INFO] [cadence.virtuoso.ade.simulationMonitor] - Notice from spectre at time = 4.61135 ns during transient analysis `tran'.
    Found trapezoidal ringing on node _vvdd!:p. {"history": "ExplorerRun.0", "point": 1, "testname": "demo_4bit_RCA_tb_1", "cornername": "Nominal"}
[2024-10-16 10:42:52.736 -0700] [INFO] [cadence.virtuoso.ade.simulationMonitor] - Notice from spectre at time = 4.81135 ns during transient analysis `tran'.
    Found trapezoidal ringing on node _vvdd!:p. {"history": "ExplorerRun.0", "point": 1, "testname": "demo_4bit_RCA_tb_1", "cornername": "Nominal"}
[2024-10-16 10:42:52.739 -0700] [INFO] [cadence.virtuoso.ade.simulationMonitor] - Notice from spectre at time = 5.01135 ns during transient analysis `tran'.
    Found trapezoidal ringing on node _vvdd!:p.
        Further occurrences of this notice will be suppressed. {"history": "ExplorerRun.0", "point": 1, "testname": "demo_4bit_RCA_tb_1", "cornername": "Nominal"}
[2024-10-16 10:42:52.742 -0700] [INFO] [cadence.virtuoso.ade.simulationMonitor] - Notice from spectre during transient analysis `tran'.
    Trapezoidal ringing is detected during tran analysis.
        Please use method=trap for better results and performance. {"history": "ExplorerRun.0", "point": 1, "testname": "demo_4bit_RCA_tb_1", "cornername": "Nominal"}
[2024-10-16 10:42:52.745 -0700] [INFO] [cadence.virtuoso.ade.simulationMonitor] - Total time required for tran analysis `tran': CPU = 304.09 ms, elapsed = 331.207 ms. {"history": "ExplorerRun.0", "point": 1, "testname": "demo_4bit_RCA_tb_1", "cornername": "Nominal"}
[2024-10-16 10:42:52.748 -0700] [INFO] [cadence.virtuoso.ade.simulationMonitor] - Peak resident memory used = 77.2 Mbytes. {"history": "ExplorerRun.0", "point": 1, "testname": "demo_4bit_RCA_tb_1", "cornername": "Nominal"}
[2024-10-16 10:42:52.751 -0700] [INFO] [cadence.virtuoso.ade.simulationMonitor] - Notice from spectre.
    25 notices suppressed. {"history": "ExplorerRun.0", "point": 1, "testname": "demo_4bit_RCA_tb_1", "cornername": "Nominal"}
[2024-10-16 10:42:52.753 -0700] [INFO] [cadence.virtuoso.ade.simulationMonitor] - Time used: CPU = 1.43 s, elapsed = 1.77 s, util. = 80.6%. {"history": "ExplorerRun.0", "point": 1, "testname": "demo_4bit_RCA_tb_1", "cornername": "Nominal"}
[2024-10-16 10:42:52.756 -0700] [INFO] [cadence.virtuoso.ade.simulationMonitor] - Time spent in licensing: elapsed = 25 ms. {"history": "ExplorerRun.0", "point": 1, "testname": "demo_4bit_RCA_tb_1", "cornername": "Nominal"}
[2024-10-16 10:42:52.761 -0700] [INFO] [cadence.virtuoso.ade.simulationMonitor] - Peak memory used = 77.8 Mbytes. {"history": "ExplorerRun.0", "point": 1, "testname": "demo_4bit_RCA_tb_1", "cornername": "Nominal"}
[2024-10-16 10:42:52.767 -0700] [PROCESS] [cadence.virtuoso.ade.simulationMonitor] - Simulation started at: 10:42:50 AM, Wed Oct 16, 2024, ended at: 10:42:52 AM, Wed Oct 16, 2024, with elapsed time (wall clock): 1.77 s. {"history": "ExplorerRun.0", "point": 1, "testname": "demo_4bit_RCA_tb_1", "cornername": "Nominal"}
[2024-10-16 10:42:52.770 -0700] [PROCESS] [cadence.virtuoso.ade.simulationMonitor] - spectre completes with 0 errors, 1 warning, and 12 notices. {"history": "ExplorerRun.0", "point": 1, "testname": "demo_4bit_RCA_tb_1", "cornername": "Nominal"}
[2024-10-16 10:42:53.276 -0700] [PROCESS] [cadence.virtuoso.ade.simulationMonitor] - Finished simulating for one point {"hostname": "viterbi-scf2", "processid": 309555, "history": "ExplorerRun.0", "testname": "demo_4bit_RCA_tb_1", "cornername": "Nominal", "point": 1, "logfile": "/home/viterbi/01/tongjia/work_gpdk045/logs_tongjia/logs0/Job55.log", "simid": "2"}
[2024-10-16 10:42:53.281 -0700] [PROCESS] [cadence.virtuoso.ade.simulationMonitor] - Simulator exited {"hostname": "viterbi-scf2", "processid": 309555, "history": "ExplorerRun.0", "testname": "demo_4bit_RCA_tb_1", "cornername": "Nominal", "point": 1, "logfile": "/home/viterbi/01/tongjia/work_gpdk045/logs_tongjia/logs0/Job55.log", "exitStatus": "0"}
[2024-10-16 10:42:53.284 -0700] [PROCESS] [cadence.virtuoso.ade.simulationMonitor] - Finished Simulation {"hostname": "viterbi-scf2", "processid": 309555, "history": "ExplorerRun.0", "testname": "demo_4bit_RCA_tb_1", "cornername": "Nominal", "point": 1, "logfile": "/home/viterbi/01/tongjia/work_gpdk045/logs_tongjia/logs0/Job55.log", "simid": "2"}
[2024-10-16 10:42:55.828 -0700] [PROCESS] [cadence.virtuoso.ade.simulationMonitor] - Point Finished {"hostname": "viterbi-scf2", "processid": 309555, "history": "ExplorerRun.0", "testname": "demo_4bit_RCA_tb_1", "cornername": "Nominal", "point": 1, "logfile": "/home/viterbi/01/tongjia/work_gpdk045/logs_tongjia/logs0/Job55.log"}
[2024-10-16 10:42:56.856 -0700] [PROCESS] [cadence.virtuoso.ade.simulationMonitor] - Stay with the runId '1', Linger time '300', currentRunSyn '3', currentTestSyn '4' {"hostname": "viterbi-scf2", "processid": 309555, "history": "ExplorerRun.0", "testname": "demo_4bit_RCA_tb_1", "cornername": "Nominal", "point": 1, "logfile": "/home/viterbi/01/tongjia/work_gpdk045/logs_tongjia/logs0/Job55.log"}
[2024-10-16 10:47:57.458 -0700] [PROCESS] [cadence.virtuoso.ade.simulationMonitor] - Current memory used: 32.4648 MBytes, peak memory used: 32.4648 MBytes {"hostname": "viterbi-scf2", "processid": 309555, "history": "ExplorerRun.0", "testname": "demo_4bit_RCA_tb_1", "cornername": "Nominal", "point": 1, "logfile": "/home/viterbi/01/tongjia/work_gpdk045/logs_tongjia/logs0/Job55.log"}
[2024-10-16 10:47:57.460 -0700] [PROCESS] [cadence.virtuoso.ade.simulationMonitor] - Simulation Monitor process exit. {"hostname": "viterbi-scf2", "processid": 309555, "history": "ExplorerRun.0", "testname": "demo_4bit_RCA_tb_1", "cornername": "Nominal", "point": 1, "logfile": "/home/viterbi/01/tongjia/work_gpdk045/logs_tongjia/logs0/Job55.log"}
