[Simulation Monitor: 6]
[2024-12-08 12:11:44.373 -0800] [PROCESS] [cadence.virtuoso.ade.simulationMonitor] - Simulation Monitor has successfully started up. Trying to set up communication channels to other components ... {"hostname": "viterbi-scf2", "processid": 194967, "logfile": "/home/viterbi/01/tongjia/work_gpdk045/logs_tongjia/logs0/Job6.log"}
[2024-12-08 12:11:44.382 -0800] [PROCESS] [cadence.virtuoso.ade.simulationMonitor] - Communication channels have been successfully set up. Start processing events ... {"hostname": "viterbi-scf2", "processid": 194967, "logfile": "/home/viterbi/01/tongjia/work_gpdk045/logs_tongjia/logs0/Job6.log"}
[2024-12-08 12:11:44.385 -0800] [PROCESS] [cadence.virtuoso.ade.simulationMonitor] - Considering to start history {"hostname": "viterbi-scf2", "processid": 194967, "history": "ExplorerRun.0", "logfile": "/home/viterbi/01/tongjia/work_gpdk045/logs_tongjia/logs0/Job6.log"}
[2024-12-08 12:11:44.468 -0800] [PROCESS] [cadence.virtuoso.ade.simulationMonitor] - HostInfo:
Host name (type):	viterbi-scf2 (x86_64)
Operating system:	Linux 3.10.0-1160.119.1.el7.tuxcare.els10.x86_64 #1 SMP Fri Oct 11 21:40:41 UTC 2024 {"hostname": "viterbi-scf2", "processid": 194967, "history": "ExplorerRun.0", "logfile": "/home/viterbi/01/tongjia/work_gpdk045/logs_tongjia/logs0/Job6.log", "nodename": "viterbi-scf2", "domainname": "viterbi", "machine": "x86_64", "sysname": "Linux", "release": "3.10.0-1160.119.1.el7.tuxcare.els10.x86_64", "version": "#1 SMP Fri Oct 11 21:40:41 UTC 2024"}
[2024-12-08 12:11:44.479 -0800] [PROCESS] [cadence.virtuoso.ade.simulationMonitor] - UsageInfo:
pid=194967
totalPhysicalMemory=1007.132401GB,Used=506.905994GB,totalVirtualMemory=1007.132401GB,Used=506.905994GB
Cpu: Cores=112, Load average:352.590000,353.180000,352.220000 {"hostname": "viterbi-scf2", "processid": 194967, "history": "ExplorerRun.0", "logfile": "/home/viterbi/01/tongjia/work_gpdk045/logs_tongjia/logs0/Job6.log", "pid": "194967", "totalPhysicalMemory": "1007.132401", "physicalMemoryUsed": "506.905994", "totalVirtualMemory": "1007.132401", "virtualMemoryUsed": "506.905994", "cpuCores": "112", "processes": "9686", "loadAverage1": "352.590000", "loadAverage5": "353.180000", "loadAverage15": "352.220000", "loadAverage1Percent": "3.148125"}
[2024-12-08 12:11:44.508 -0800] [EVENT] [cadence.virtuoso.ade.simulationMonitor] - NewPoint {"history": "ExplorerRun.0", "point": 1, "testname": "project_demo_ph2p2_processing_element_tb_1", "cornername": "Nominal", "event": "NewPoint", "EventSource": "Simulation Monitor", "HistoryName": "ExplorerRun.0", "logFile": "/home/viterbi/01/tongjia/work_gpdk045/logs_tongjia/logs0/Job6.log", "logFileSize": "2276"}
[2024-12-08 12:11:46.053 -0800] [EVENT] [cadence.virtuoso.ade.simulationMonitor] - NewPoint {"history": "ExplorerRun.0", "point": 1, "testname": "project_demo_ph2p2_processing_element_tb_1", "cornername": "Nominal", "event": "NewPoint", "EventSource": "spectre", "HistoryName": "ExplorerRun.0", "logFile": "/home/viterbi/01/tongjia/simulation/project_demo/ph2p2_processing_element_tb/maestro/results/maestro/ExplorerRun.0/1/project_demo_ph2p2_processing_element_tb_1/psf/spectre.out", "logFileSize": "-1"}
[2024-12-08 12:11:46.118 -0800] [PROCESS] [cadence.virtuoso.ade.simulationMonitor] - Simulator launched {"hostname": "viterbi-scf2", "processid": 194967, "history": "ExplorerRun.0", "testname": "project_demo_ph2p2_processing_element_tb_1", "cornername": "Nominal", "point": 1, "logfile": "/home/viterbi/01/tongjia/work_gpdk045/logs_tongjia/logs0/Job6.log", "simid": "1"}
[2024-12-08 12:11:46.125 -0800] [PROCESS] [cadence.virtuoso.ade.simulationMonitor] - Expression evaluator launched {"hostname": "viterbi-scf2", "processid": 194967, "history": "ExplorerRun.0", "testname": "project_demo_ph2p2_processing_element_tb_1", "cornername": "Nominal", "point": 1, "logfile": "/home/viterbi/01/tongjia/work_gpdk045/logs_tongjia/logs0/Job6.log"}
[2024-12-08 12:11:51.144 -0800] [PROCESS] [cadence.virtuoso.ade.simulationMonitor] - Started Simulation {"hostname": "viterbi-scf2", "processid": 194967, "history": "ExplorerRun.0", "testname": "project_demo_ph2p2_processing_element_tb_1", "cornername": "Nominal", "point": 1, "logfile": "/home/viterbi/01/tongjia/work_gpdk045/logs_tongjia/logs0/Job6.log", "event": "started", "task": "simulation"}
[2024-12-08 12:11:51.147 -0800] [INFO] [cadence.virtuoso.ade.simulationMonitor] - Notice from spectre during Digital Vector read-in.
    Process Vector Files.
    File read: /home/viterbi/01/tongjia/work_gpdk045/vector_files/ph2p2_processing_element.vec {"history": "ExplorerRun.0", "point": 1, "testname": "project_demo_ph2p2_processing_element_tb_1", "cornername": "Nominal"}
[2024-12-08 12:11:53.649 -0800] [INFO] [cadence.virtuoso.ade.simulationMonitor] - Peak resident memory used = 91.9 Mbytes. {"history": "ExplorerRun.0", "point": 1, "testname": "project_demo_ph2p2_processing_element_tb_1", "cornername": "Nominal"}
[2024-12-08 12:12:12.666 -0800] [INFO] [cadence.virtuoso.ade.simulationMonitor] - Peak resident memory used = 166 Mbytes. {"history": "ExplorerRun.0", "point": 1, "testname": "project_demo_ph2p2_processing_element_tb_1", "cornername": "Nominal"}
[2024-12-08 12:12:19.671 -0800] [INFO] [cadence.virtuoso.ade.simulationMonitor] - Peak resident memory used = 242 Mbytes. {"history": "ExplorerRun.0", "point": 1, "testname": "project_demo_ph2p2_processing_element_tb_1", "cornername": "Nominal"}
[2024-12-08 12:13:16.212 -0800] [INFO] [cadence.virtuoso.ade.simulationMonitor] -               nodes 13271 {"history": "ExplorerRun.0", "point": 1, "testname": "project_demo_ph2p2_processing_element_tb_1", "cornername": "Nominal"}
[2024-12-08 12:13:16.213 -0800] [INFO] [cadence.virtuoso.ade.simulationMonitor] - Notice from spectre during initial setup.
    APS Enabled. {"history": "ExplorerRun.0", "point": 1, "testname": "project_demo_ph2p2_processing_element_tb_1", "cornername": "Nominal"}
[2024-12-08 12:13:16.717 -0800] [INFO] [cadence.virtuoso.ade.simulationMonitor] -     Multithreading Enabled: 8 threads in the system with 112 available processors. {"history": "ExplorerRun.0", "point": 1, "testname": "project_demo_ph2p2_processing_element_tb_1", "cornername": "Nominal"}
[2024-12-08 12:13:16.723 -0800] [INFO] [cadence.virtuoso.ade.simulationMonitor] - Peak resident memory used = 279 Mbytes. {"history": "ExplorerRun.0", "point": 1, "testname": "project_demo_ph2p2_processing_element_tb_1", "cornername": "Nominal"}
[2024-12-08 12:13:16.774 -0800] [WARN] [cadence.virtuoso.ade.simulationMonitor] -     WARNING (SPECTRE-16707): Only tran supports psfxl format, result of other analyses will be in psfbin format. {"history": "ExplorerRun.0", "point": 1, "testname": "project_demo_ph2p2_processing_element_tb_1", "cornername": "Nominal"}
[2024-12-08 12:13:52.350 -0800] [INFO] [cadence.virtuoso.ade.simulationMonitor] - Notice from spectre during IC analysis, during transient analysis `tran'.
    GminDC = 1 pS is large enough to noticeably affect the DC solution.
        dV(I0.2\:I0|I0|I8|I1|net3) = -16.1974 mV
        Use the `gmin_check' option to eliminate or expand this report.
    Bad pivoting is found during DC analysis. Option dc_pivot_check=yes is recommended for possible improvement of convergence. {"history": "ExplorerRun.0", "point": 1, "testname": "project_demo_ph2p2_processing_element_tb_1", "cornername": "Nominal"}
[2024-12-08 12:16:25.927 -0800] [INFO] [cadence.virtuoso.ade.simulationMonitor] - Notice from spectre at time = 7.37642 ns during transient analysis `tran'.
    Found trapezoidal ringing on node I0.2\:I0|I1|I0|I1|I1|I0|I21|net1. {"history": "ExplorerRun.0", "point": 1, "testname": "project_demo_ph2p2_processing_element_tb_1", "cornername": "Nominal"}
[2024-12-08 12:16:25.929 -0800] [INFO] [cadence.virtuoso.ade.simulationMonitor] - Notice from spectre at time = 7.57642 ns during transient analysis `tran'.
    Found trapezoidal ringing on node I0.2\:I0|I1|I0|I1|I1|I0|I21|net1. {"history": "ExplorerRun.0", "point": 1, "testname": "project_demo_ph2p2_processing_element_tb_1", "cornername": "Nominal"}
[2024-12-08 12:16:25.931 -0800] [INFO] [cadence.virtuoso.ade.simulationMonitor] - Notice from spectre at time = 7.77642 ns during transient analysis `tran'.
    Found trapezoidal ringing on node I0.2\:I0|I1|I0|I1|I1|I0|I21|net1. {"history": "ExplorerRun.0", "point": 1, "testname": "project_demo_ph2p2_processing_element_tb_1", "cornername": "Nominal"}
[2024-12-08 12:16:25.931 -0800] [INFO] [cadence.virtuoso.ade.simulationMonitor] - Notice from spectre at time = 7.97642 ns during transient analysis `tran'.
    Found trapezoidal ringing on node I0.2\:I0|I1|I0|I1|I1|I0|I21|net1. {"history": "ExplorerRun.0", "point": 1, "testname": "project_demo_ph2p2_processing_element_tb_1", "cornername": "Nominal"}
[2024-12-08 12:16:26.433 -0800] [INFO] [cadence.virtuoso.ade.simulationMonitor] - Notice from spectre at time = 8.17642 ns during transient analysis `tran'.
    Found trapezoidal ringing on node I0.2\:I0|I1|I0|I1|I1|I0|I21|net1.
        Further occurrences of this notice will be suppressed. {"history": "ExplorerRun.0", "point": 1, "testname": "project_demo_ph2p2_processing_element_tb_1", "cornername": "Nominal"}
[2024-12-08 12:16:27.437 -0800] [INFO] [cadence.virtuoso.ade.simulationMonitor] - Notice from spectre during transient analysis `tran'.
    Trapezoidal ringing is detected during tran analysis.
        Please use method=trap for better results and performance. {"history": "ExplorerRun.0", "point": 1, "testname": "project_demo_ph2p2_processing_element_tb_1", "cornername": "Nominal"}
[2024-12-08 12:16:29.939 -0800] [INFO] [cadence.virtuoso.ade.simulationMonitor] - Total time required for tran analysis `tran': CPU = 183.445 s (3m  3.4s), elapsed = 190.788 s (3m  10.8s). {"history": "ExplorerRun.0", "point": 1, "testname": "project_demo_ph2p2_processing_element_tb_1", "cornername": "Nominal"}
[2024-12-08 12:16:29.941 -0800] [INFO] [cadence.virtuoso.ade.simulationMonitor] - Peak resident memory used = 666 Mbytes. {"history": "ExplorerRun.0", "point": 1, "testname": "project_demo_ph2p2_processing_element_tb_1", "cornername": "Nominal"}
[2024-12-08 12:16:29.942 -0800] [INFO] [cadence.virtuoso.ade.simulationMonitor] - Notice from spectre.
    10 notices suppressed. {"history": "ExplorerRun.0", "point": 1, "testname": "project_demo_ph2p2_processing_element_tb_1", "cornername": "Nominal"}
[2024-12-08 12:16:51.454 -0800] [INFO] [cadence.virtuoso.ade.simulationMonitor] - Time used: CPU = 218 s (3m  37.8s), elapsed = 305 s (5m  4.5s), util. = 71.5%. {"history": "ExplorerRun.0", "point": 1, "testname": "project_demo_ph2p2_processing_element_tb_1", "cornername": "Nominal"}
[2024-12-08 12:16:51.456 -0800] [INFO] [cadence.virtuoso.ade.simulationMonitor] - Time spent in licensing: elapsed = 83.3 ms. {"history": "ExplorerRun.0", "point": 1, "testname": "project_demo_ph2p2_processing_element_tb_1", "cornername": "Nominal"}
[2024-12-08 12:16:51.459 -0800] [INFO] [cadence.virtuoso.ade.simulationMonitor] - Peak memory used = 666 Mbytes. {"history": "ExplorerRun.0", "point": 1, "testname": "project_demo_ph2p2_processing_element_tb_1", "cornername": "Nominal"}
[2024-12-08 12:16:51.464 -0800] [PROCESS] [cadence.virtuoso.ade.simulationMonitor] - Simulation started at: 12:11:46 PM, Sun Dec 8, 2024, ended at: 12:16:51 PM, Sun Dec 8, 2024, with elapsed time (wall clock): 305 s (5m  4.5s). {"history": "ExplorerRun.0", "point": 1, "testname": "project_demo_ph2p2_processing_element_tb_1", "cornername": "Nominal"}
[2024-12-08 12:16:51.465 -0800] [PROCESS] [cadence.virtuoso.ade.simulationMonitor] - spectre completes with 0 errors, 1 warning, and 13 notices. {"history": "ExplorerRun.0", "point": 1, "testname": "project_demo_ph2p2_processing_element_tb_1", "cornername": "Nominal"}
[2024-12-08 12:16:52.470 -0800] [PROCESS] [cadence.virtuoso.ade.simulationMonitor] - Finished simulating for one point {"hostname": "viterbi-scf2", "processid": 194967, "history": "ExplorerRun.0", "testname": "project_demo_ph2p2_processing_element_tb_1", "cornername": "Nominal", "point": 1, "logfile": "/home/viterbi/01/tongjia/work_gpdk045/logs_tongjia/logs0/Job6.log", "simid": "1"}
[2024-12-08 12:16:52.473 -0800] [PROCESS] [cadence.virtuoso.ade.simulationMonitor] - Simulator exited {"hostname": "viterbi-scf2", "processid": 194967, "history": "ExplorerRun.0", "testname": "project_demo_ph2p2_processing_element_tb_1", "cornername": "Nominal", "point": 1, "logfile": "/home/viterbi/01/tongjia/work_gpdk045/logs_tongjia/logs0/Job6.log", "exitStatus": "0"}
[2024-12-08 12:16:52.475 -0800] [PROCESS] [cadence.virtuoso.ade.simulationMonitor] - Finished Simulation {"hostname": "viterbi-scf2", "processid": 194967, "history": "ExplorerRun.0", "testname": "project_demo_ph2p2_processing_element_tb_1", "cornername": "Nominal", "point": 1, "logfile": "/home/viterbi/01/tongjia/work_gpdk045/logs_tongjia/logs0/Job6.log", "simid": "1"}
[2024-12-08 12:17:02.604 -0800] [PROCESS] [cadence.virtuoso.ade.simulationMonitor] - Point Finished {"hostname": "viterbi-scf2", "processid": 194967, "history": "ExplorerRun.0", "testname": "project_demo_ph2p2_processing_element_tb_1", "cornername": "Nominal", "point": 1, "logfile": "/home/viterbi/01/tongjia/work_gpdk045/logs_tongjia/logs0/Job6.log"}
[2024-12-08 12:17:03.647 -0800] [PROCESS] [cadence.virtuoso.ade.simulationMonitor] - Stay with the runId '1', Linger time '300', currentRunSyn '3', currentTestSyn '4' {"hostname": "viterbi-scf2", "processid": 194967, "history": "ExplorerRun.0", "testname": "project_demo_ph2p2_processing_element_tb_1", "cornername": "Nominal", "point": 1, "logfile": "/home/viterbi/01/tongjia/work_gpdk045/logs_tongjia/logs0/Job6.log"}
[2024-12-08 12:17:04.625 -0800] [PROCESS] [cadence.virtuoso.ade.simulationMonitor] - Stay with the runId '1', Linger time '300', currentRunSyn '3', currentTestSyn '4' {"hostname": "viterbi-scf2", "processid": 194967, "history": "ExplorerRun.0", "testname": "project_demo_ph2p2_processing_element_tb_1", "cornername": "Nominal", "point": 1, "logfile": "/home/viterbi/01/tongjia/work_gpdk045/logs_tongjia/logs0/Job6.log"}
[2024-12-08 12:17:05.643 -0800] [PROCESS] [cadence.virtuoso.ade.simulationMonitor] - Stay with the runId '1', Linger time '300', currentRunSyn '3', currentTestSyn '4' {"hostname": "viterbi-scf2", "processid": 194967, "history": "ExplorerRun.0", "testname": "project_demo_ph2p2_processing_element_tb_1", "cornername": "Nominal", "point": 1, "logfile": "/home/viterbi/01/tongjia/work_gpdk045/logs_tongjia/logs0/Job6.log"}
[2024-12-08 12:17:06.640 -0800] [PROCESS] [cadence.virtuoso.ade.simulationMonitor] - Stay with the runId '1', Linger time '300', currentRunSyn '3', currentTestSyn '4' {"hostname": "viterbi-scf2", "processid": 194967, "history": "ExplorerRun.0", "testname": "project_demo_ph2p2_processing_element_tb_1", "cornername": "Nominal", "point": 1, "logfile": "/home/viterbi/01/tongjia/work_gpdk045/logs_tongjia/logs0/Job6.log"}
[2024-12-08 12:17:07.650 -0800] [PROCESS] [cadence.virtuoso.ade.simulationMonitor] - Stay with the runId '1', Linger time '300', currentRunSyn '3', currentTestSyn '4' {"hostname": "viterbi-scf2", "processid": 194967, "history": "ExplorerRun.0", "testname": "project_demo_ph2p2_processing_element_tb_1", "cornername": "Nominal", "point": 1, "logfile": "/home/viterbi/01/tongjia/work_gpdk045/logs_tongjia/logs0/Job6.log"}
[2024-12-08 12:17:08.643 -0800] [PROCESS] [cadence.virtuoso.ade.simulationMonitor] - Stay with the runId '1', Linger time '300', currentRunSyn '3', currentTestSyn '4' {"hostname": "viterbi-scf2", "processid": 194967, "history": "ExplorerRun.0", "testname": "project_demo_ph2p2_processing_element_tb_1", "cornername": "Nominal", "point": 1, "logfile": "/home/viterbi/01/tongjia/work_gpdk045/logs_tongjia/logs0/Job6.log"}
[2024-12-08 12:17:09.653 -0800] [PROCESS] [cadence.virtuoso.ade.simulationMonitor] - Stay with the runId '1', Linger time '300', currentRunSyn '3', currentTestSyn '4' {"hostname": "viterbi-scf2", "processid": 194967, "history": "ExplorerRun.0", "testname": "project_demo_ph2p2_processing_element_tb_1", "cornername": "Nominal", "point": 1, "logfile": "/home/viterbi/01/tongjia/work_gpdk045/logs_tongjia/logs0/Job6.log"}
[2024-12-08 12:17:10.657 -0800] [PROCESS] [cadence.virtuoso.ade.simulationMonitor] - Stay with the runId '1', Linger time '300', currentRunSyn '3', currentTestSyn '4' {"hostname": "viterbi-scf2", "processid": 194967, "history": "ExplorerRun.0", "testname": "project_demo_ph2p2_processing_element_tb_1", "cornername": "Nominal", "point": 1, "logfile": "/home/viterbi/01/tongjia/work_gpdk045/logs_tongjia/logs0/Job6.log"}
[2024-12-08 12:17:11.645 -0800] [PROCESS] [cadence.virtuoso.ade.simulationMonitor] - Stay with the runId '1', Linger time '300', currentRunSyn '3', currentTestSyn '4' {"hostname": "viterbi-scf2", "processid": 194967, "history": "ExplorerRun.0", "testname": "project_demo_ph2p2_processing_element_tb_1", "cornername": "Nominal", "point": 1, "logfile": "/home/viterbi/01/tongjia/work_gpdk045/logs_tongjia/logs0/Job6.log"}
[2024-12-08 12:17:12.658 -0800] [PROCESS] [cadence.virtuoso.ade.simulationMonitor] - Stay with the runId '1', Linger time '300', currentRunSyn '3', currentTestSyn '4' {"hostname": "viterbi-scf2", "processid": 194967, "history": "ExplorerRun.0", "testname": "project_demo_ph2p2_processing_element_tb_1", "cornername": "Nominal", "point": 1, "logfile": "/home/viterbi/01/tongjia/work_gpdk045/logs_tongjia/logs0/Job6.log"}
[2024-12-08 12:17:13.657 -0800] [PROCESS] [cadence.virtuoso.ade.simulationMonitor] - Stay with the runId '1', Linger time '300', currentRunSyn '3', currentTestSyn '4' {"hostname": "viterbi-scf2", "processid": 194967, "history": "ExplorerRun.0", "testname": "project_demo_ph2p2_processing_element_tb_1", "cornername": "Nominal", "point": 1, "logfile": "/home/viterbi/01/tongjia/work_gpdk045/logs_tongjia/logs0/Job6.log"}
[2024-12-08 12:17:14.660 -0800] [PROCESS] [cadence.virtuoso.ade.simulationMonitor] - Stay with the runId '1', Linger time '300', currentRunSyn '3', currentTestSyn '4' {"hostname": "viterbi-scf2", "processid": 194967, "history": "ExplorerRun.0", "testname": "project_demo_ph2p2_processing_element_tb_1", "cornername": "Nominal", "point": 1, "logfile": "/home/viterbi/01/tongjia/work_gpdk045/logs_tongjia/logs0/Job6.log"}
[2024-12-08 12:17:15.666 -0800] [PROCESS] [cadence.virtuoso.ade.simulationMonitor] - Stay with the runId '1', Linger time '300', currentRunSyn '3', currentTestSyn '4' {"hostname": "viterbi-scf2", "processid": 194967, "history": "ExplorerRun.0", "testname": "project_demo_ph2p2_processing_element_tb_1", "cornername": "Nominal", "point": 1, "logfile": "/home/viterbi/01/tongjia/work_gpdk045/logs_tongjia/logs0/Job6.log"}
[2024-12-08 12:17:16.668 -0800] [PROCESS] [cadence.virtuoso.ade.simulationMonitor] - Stay with the runId '1', Linger time '300', currentRunSyn '3', currentTestSyn '4' {"hostname": "viterbi-scf2", "processid": 194967, "history": "ExplorerRun.0", "testname": "project_demo_ph2p2_processing_element_tb_1", "cornername": "Nominal", "point": 1, "logfile": "/home/viterbi/01/tongjia/work_gpdk045/logs_tongjia/logs0/Job6.log"}
[2024-12-08 12:17:17.669 -0800] [PROCESS] [cadence.virtuoso.ade.simulationMonitor] - Stay with the runId '1', Linger time '300', currentRunSyn '3', currentTestSyn '4' {"hostname": "viterbi-scf2", "processid": 194967, "history": "ExplorerRun.0", "testname": "project_demo_ph2p2_processing_element_tb_1", "cornername": "Nominal", "point": 1, "logfile": "/home/viterbi/01/tongjia/work_gpdk045/logs_tongjia/logs0/Job6.log"}
[2024-12-08 12:17:18.678 -0800] [PROCESS] [cadence.virtuoso.ade.simulationMonitor] - Stay with the runId '1', Linger time '300', currentRunSyn '3', currentTestSyn '4' {"hostname": "viterbi-scf2", "processid": 194967, "history": "ExplorerRun.0", "testname": "project_demo_ph2p2_processing_element_tb_1", "cornername": "Nominal", "point": 1, "logfile": "/home/viterbi/01/tongjia/work_gpdk045/logs_tongjia/logs0/Job6.log"}
[2024-12-08 12:17:19.668 -0800] [PROCESS] [cadence.virtuoso.ade.simulationMonitor] - Stay with the runId '1', Linger time '300', currentRunSyn '3', currentTestSyn '4' {"hostname": "viterbi-scf2", "processid": 194967, "history": "ExplorerRun.0", "testname": "project_demo_ph2p2_processing_element_tb_1", "cornername": "Nominal", "point": 1, "logfile": "/home/viterbi/01/tongjia/work_gpdk045/logs_tongjia/logs0/Job6.log"}
[2024-12-08 12:17:20.686 -0800] [PROCESS] [cadence.virtuoso.ade.simulationMonitor] - Stay with the runId '1', Linger time '300', currentRunSyn '3', currentTestSyn '4' {"hostname": "viterbi-scf2", "processid": 194967, "history": "ExplorerRun.0", "testname": "project_demo_ph2p2_processing_element_tb_1", "cornername": "Nominal", "point": 1, "logfile": "/home/viterbi/01/tongjia/work_gpdk045/logs_tongjia/logs0/Job6.log"}
[2024-12-08 12:17:21.682 -0800] [PROCESS] [cadence.virtuoso.ade.simulationMonitor] - Stay with the runId '1', Linger time '300', currentRunSyn '3', currentTestSyn '4' {"hostname": "viterbi-scf2", "processid": 194967, "history": "ExplorerRun.0", "testname": "project_demo_ph2p2_processing_element_tb_1", "cornername": "Nominal", "point": 1, "logfile": "/home/viterbi/01/tongjia/work_gpdk045/logs_tongjia/logs0/Job6.log"}
[2024-12-08 12:17:22.675 -0800] [PROCESS] [cadence.virtuoso.ade.simulationMonitor] - Stay with the runId '1', Linger time '300', currentRunSyn '3', currentTestSyn '4' {"hostname": "viterbi-scf2", "processid": 194967, "history": "ExplorerRun.0", "testname": "project_demo_ph2p2_processing_element_tb_1", "cornername": "Nominal", "point": 1, "logfile": "/home/viterbi/01/tongjia/work_gpdk045/logs_tongjia/logs0/Job6.log"}
[2024-12-08 12:17:23.697 -0800] [PROCESS] [cadence.virtuoso.ade.simulationMonitor] - Stay with the runId '1', Linger time '300', currentRunSyn '3', currentTestSyn '4' {"hostname": "viterbi-scf2", "processid": 194967, "history": "ExplorerRun.0", "testname": "project_demo_ph2p2_processing_element_tb_1", "cornername": "Nominal", "point": 1, "logfile": "/home/viterbi/01/tongjia/work_gpdk045/logs_tongjia/logs0/Job6.log"}
[2024-12-08 12:17:24.688 -0800] [PROCESS] [cadence.virtuoso.ade.simulationMonitor] - Stay with the runId '1', Linger time '300', currentRunSyn '3', currentTestSyn '4' {"hostname": "viterbi-scf2", "processid": 194967, "history": "ExplorerRun.0", "testname": "project_demo_ph2p2_processing_element_tb_1", "cornername": "Nominal", "point": 1, "logfile": "/home/viterbi/01/tongjia/work_gpdk045/logs_tongjia/logs0/Job6.log"}
[2024-12-08 12:17:25.700 -0800] [PROCESS] [cadence.virtuoso.ade.simulationMonitor] - Stay with the runId '1', Linger time '300', currentRunSyn '3', currentTestSyn '4' {"hostname": "viterbi-scf2", "processid": 194967, "history": "ExplorerRun.0", "testname": "project_demo_ph2p2_processing_element_tb_1", "cornername": "Nominal", "point": 1, "logfile": "/home/viterbi/01/tongjia/work_gpdk045/logs_tongjia/logs0/Job6.log"}
[2024-12-08 12:17:26.696 -0800] [PROCESS] [cadence.virtuoso.ade.simulationMonitor] - Stay with the runId '1', Linger time '300', currentRunSyn '3', currentTestSyn '4' {"hostname": "viterbi-scf2", "processid": 194967, "history": "ExplorerRun.0", "testname": "project_demo_ph2p2_processing_element_tb_1", "cornername": "Nominal", "point": 1, "logfile": "/home/viterbi/01/tongjia/work_gpdk045/logs_tongjia/logs0/Job6.log"}
[2024-12-08 12:17:27.696 -0800] [PROCESS] [cadence.virtuoso.ade.simulationMonitor] - Stay with the runId '1', Linger time '300', currentRunSyn '3', currentTestSyn '4' {"hostname": "viterbi-scf2", "processid": 194967, "history": "ExplorerRun.0", "testname": "project_demo_ph2p2_processing_element_tb_1", "cornername": "Nominal", "point": 1, "logfile": "/home/viterbi/01/tongjia/work_gpdk045/logs_tongjia/logs0/Job6.log"}
[2024-12-08 12:17:28.707 -0800] [PROCESS] [cadence.virtuoso.ade.simulationMonitor] - Stay with the runId '1', Linger time '300', currentRunSyn '3', currentTestSyn '4' {"hostname": "viterbi-scf2", "processid": 194967, "history": "ExplorerRun.0", "testname": "project_demo_ph2p2_processing_element_tb_1", "cornername": "Nominal", "point": 1, "logfile": "/home/viterbi/01/tongjia/work_gpdk045/logs_tongjia/logs0/Job6.log"}
[2024-12-08 12:22:06.413 -0800] [PROCESS] [cadence.virtuoso.ade.simulationMonitor] - Current memory used: 32.4414 MBytes, peak memory used: 34.3242 MBytes {"hostname": "viterbi-scf2", "processid": 194967, "history": "ExplorerRun.0", "testname": "project_demo_ph2p2_processing_element_tb_1", "cornername": "Nominal", "point": 1, "logfile": "/home/viterbi/01/tongjia/work_gpdk045/logs_tongjia/logs0/Job6.log"}
[2024-12-08 12:22:06.415 -0800] [PROCESS] [cadence.virtuoso.ade.simulationMonitor] - Simulation Monitor process exit. {"hostname": "viterbi-scf2", "processid": 194967, "history": "ExplorerRun.0", "testname": "project_demo_ph2p2_processing_element_tb_1", "cornername": "Nominal", "point": 1, "logfile": "/home/viterbi/01/tongjia/work_gpdk045/logs_tongjia/logs0/Job6.log"}
