[Simulation Monitor: 7]
[2024-12-08 20:12:18.306 -0800] [PROCESS] [cadence.virtuoso.ade.simulationMonitor] - Simulation Monitor has successfully started up. Trying to set up communication channels to other components ... {"hostname": "viterbi-scf1", "processid": 109173, "logfile": "/home/viterbi/01/tongjia/work_gpdk045/logs_tongjia/logs0/Job7.log"}
[2024-12-08 20:12:18.307 -0800] [PROCESS] [cadence.virtuoso.ade.simulationMonitor] - Communication channels have been successfully set up. Start processing events ... {"hostname": "viterbi-scf1", "processid": 109173, "logfile": "/home/viterbi/01/tongjia/work_gpdk045/logs_tongjia/logs0/Job7.log"}
[2024-12-08 20:12:18.307 -0800] [PROCESS] [cadence.virtuoso.ade.simulationMonitor] - Considering to start history {"hostname": "viterbi-scf1", "processid": 109173, "history": "ExplorerRun.0", "logfile": "/home/viterbi/01/tongjia/work_gpdk045/logs_tongjia/logs0/Job7.log"}
[2024-12-08 20:12:18.310 -0800] [PROCESS] [cadence.virtuoso.ade.simulationMonitor] - HostInfo:
Host name (type):	viterbi-scf1 (x86_64)
Operating system:	Linux 3.10.0-1160.119.1.el7.tuxcare.els10.x86_64 #1 SMP Fri Oct 11 21:40:41 UTC 2024 {"hostname": "viterbi-scf1", "processid": 109173, "history": "ExplorerRun.0", "logfile": "/home/viterbi/01/tongjia/work_gpdk045/logs_tongjia/logs0/Job7.log", "nodename": "viterbi-scf1", "domainname": "viterbi", "machine": "x86_64", "sysname": "Linux", "release": "3.10.0-1160.119.1.el7.tuxcare.els10.x86_64", "version": "#1 SMP Fri Oct 11 21:40:41 UTC 2024"}
[2024-12-08 20:12:18.311 -0800] [PROCESS] [cadence.virtuoso.ade.simulationMonitor] - UsageInfo:
pid=109173
totalPhysicalMemory=1007.132401GB,Used=207.723606GB,totalVirtualMemory=1007.132401GB,Used=207.723606GB
Cpu: Cores=112, Load average:10.500000,14.370000,14.720000 {"hostname": "viterbi-scf1", "processid": 109173, "history": "ExplorerRun.0", "logfile": "/home/viterbi/01/tongjia/work_gpdk045/logs_tongjia/logs0/Job7.log", "pid": "109173", "totalPhysicalMemory": "1007.132401", "physicalMemoryUsed": "207.723606", "totalVirtualMemory": "1007.132401", "virtualMemoryUsed": "207.723606", "cpuCores": "112", "processes": "4499", "loadAverage1": "10.500000", "loadAverage5": "14.370000", "loadAverage15": "14.720000", "loadAverage1Percent": "0.093750"}
[2024-12-08 20:12:18.315 -0800] [EVENT] [cadence.virtuoso.ade.simulationMonitor] - NewPoint {"history": "ExplorerRun.0", "point": 1, "testname": "project_demo_ph3_sytolic_array_tb_1", "cornername": "Nominal", "event": "NewPoint", "EventSource": "Simulation Monitor", "HistoryName": "ExplorerRun.0", "logFile": "/home/viterbi/01/tongjia/work_gpdk045/logs_tongjia/logs0/Job7.log", "logFileSize": "2270"}
[2024-12-08 20:12:18.517 -0800] [EVENT] [cadence.virtuoso.ade.simulationMonitor] - NewPoint {"history": "ExplorerRun.0", "point": 1, "testname": "project_demo_ph3_sytolic_array_tb_1", "cornername": "Nominal", "event": "NewPoint", "EventSource": "spectre", "HistoryName": "ExplorerRun.0", "logFile": "/home/viterbi/01/tongjia/simulation/project_demo/ph3_sytolic_array_tb/maestro/results/maestro/ExplorerRun.0/1/project_demo_ph3_sytolic_array_tb_1/psf/spectre.out", "logFileSize": "-1"}
[2024-12-08 20:12:18.544 -0800] [PROCESS] [cadence.virtuoso.ade.simulationMonitor] - Simulator launched {"hostname": "viterbi-scf1", "processid": 109173, "history": "ExplorerRun.0", "testname": "project_demo_ph3_sytolic_array_tb_1", "cornername": "Nominal", "point": 1, "logfile": "/home/viterbi/01/tongjia/work_gpdk045/logs_tongjia/logs0/Job7.log", "simid": "1"}
[2024-12-08 20:12:18.550 -0800] [PROCESS] [cadence.virtuoso.ade.simulationMonitor] - Expression evaluator launched {"hostname": "viterbi-scf1", "processid": 109173, "history": "ExplorerRun.0", "testname": "project_demo_ph3_sytolic_array_tb_1", "cornername": "Nominal", "point": 1, "logfile": "/home/viterbi/01/tongjia/work_gpdk045/logs_tongjia/logs0/Job7.log"}
[2024-12-08 20:12:18.951 -0800] [PROCESS] [cadence.virtuoso.ade.simulationMonitor] - Started Simulation {"hostname": "viterbi-scf1", "processid": 109173, "history": "ExplorerRun.0", "testname": "project_demo_ph3_sytolic_array_tb_1", "cornername": "Nominal", "point": 1, "logfile": "/home/viterbi/01/tongjia/work_gpdk045/logs_tongjia/logs0/Job7.log", "event": "started", "task": "simulation"}
[2024-12-08 20:12:19.952 -0800] [INFO] [cadence.virtuoso.ade.simulationMonitor] - Notice from spectre during Digital Vector read-in.
    Process Vector Files.
    File read: /home/viterbi/01/tongjia/work_gpdk045/vector_files/ph3.vec {"history": "ExplorerRun.0", "point": 1, "testname": "project_demo_ph3_sytolic_array_tb_1", "cornername": "Nominal"}
[2024-12-08 20:12:19.953 -0800] [INFO] [cadence.virtuoso.ade.simulationMonitor] - Peak resident memory used = 58.4 Mbytes. {"history": "ExplorerRun.0", "point": 1, "testname": "project_demo_ph3_sytolic_array_tb_1", "cornername": "Nominal"}
[2024-12-08 20:24:00.950 -0800] [INFO] [cadence.virtuoso.ade.simulationMonitor] - Peak resident memory used = 247 Mbytes. {"history": "ExplorerRun.0", "point": 1, "testname": "project_demo_ph3_sytolic_array_tb_1", "cornername": "Nominal"}
[2024-12-08 20:24:02.951 -0800] [INFO] [cadence.virtuoso.ade.simulationMonitor] - Peak resident memory used = 346 Mbytes. {"history": "ExplorerRun.0", "point": 1, "testname": "project_demo_ph3_sytolic_array_tb_1", "cornername": "Nominal"}
[2024-12-08 20:24:05.461 -0800] [INFO] [cadence.virtuoso.ade.simulationMonitor] -               nodes 39551 {"history": "ExplorerRun.0", "point": 1, "testname": "project_demo_ph3_sytolic_array_tb_1", "cornername": "Nominal"}
[2024-12-08 20:24:05.461 -0800] [INFO] [cadence.virtuoso.ade.simulationMonitor] - Notice from spectre during initial setup.
    APS Enabled. {"history": "ExplorerRun.0", "point": 1, "testname": "project_demo_ph3_sytolic_array_tb_1", "cornername": "Nominal"}
[2024-12-08 20:24:05.463 -0800] [INFO] [cadence.virtuoso.ade.simulationMonitor] -     Multithreading Enabled: 8 threads in the system with 112 available processors. {"history": "ExplorerRun.0", "point": 1, "testname": "project_demo_ph3_sytolic_array_tb_1", "cornername": "Nominal"}
[2024-12-08 20:24:05.464 -0800] [INFO] [cadence.virtuoso.ade.simulationMonitor] - Peak resident memory used = 408 Mbytes. {"history": "ExplorerRun.0", "point": 1, "testname": "project_demo_ph3_sytolic_array_tb_1", "cornername": "Nominal"}
[2024-12-08 20:24:05.464 -0800] [WARN] [cadence.virtuoso.ade.simulationMonitor] -     WARNING (SPECTRE-16707): Only tran supports psfxl format, result of other analyses will be in psfbin format. {"history": "ExplorerRun.0", "point": 1, "testname": "project_demo_ph3_sytolic_array_tb_1", "cornername": "Nominal"}
[2024-12-08 20:24:14.977 -0800] [INFO] [cadence.virtuoso.ade.simulationMonitor] - Notice from spectre during IC analysis, during transient analysis `tran'.
    Bad pivoting is found during DC analysis. Option dc_pivot_check=yes is recommended for possible improvement of convergence. {"history": "ExplorerRun.0", "point": 1, "testname": "project_demo_ph3_sytolic_array_tb_1", "cornername": "Nominal"}
[2024-12-08 20:24:19.983 -0800] [INFO] [cadence.virtuoso.ade.simulationMonitor] - Notice from spectre at time = 2.96596 ns during transient analysis `tran'.
    Found trapezoidal ringing on node I1.I5.I22.I0.I5.I9.NM0.n1. {"history": "ExplorerRun.0", "point": 1, "testname": "project_demo_ph3_sytolic_array_tb_1", "cornername": "Nominal"}
[2024-12-08 20:24:19.984 -0800] [INFO] [cadence.virtuoso.ade.simulationMonitor] - Notice from spectre at time = 3.48298 ns during transient analysis `tran'.
    Found trapezoidal ringing on node I1.I5.I22.I0.I5.I9.NM0.n1. {"history": "ExplorerRun.0", "point": 1, "testname": "project_demo_ph3_sytolic_array_tb_1", "cornername": "Nominal"}
[2024-12-08 20:24:20.485 -0800] [INFO] [cadence.virtuoso.ade.simulationMonitor] - Notice from spectre at time = 4 ns during transient analysis `tran'.
    Found trapezoidal ringing on node V0:p. {"history": "ExplorerRun.0", "point": 1, "testname": "project_demo_ph3_sytolic_array_tb_1", "cornername": "Nominal"}
[2024-12-08 20:26:01.580 -0800] [INFO] [cadence.virtuoso.ade.simulationMonitor] - Notice from spectre at time = 20.9971 ns during transient analysis `tran'.
    Found trapezoidal ringing on node I1.I0.I18.I0.I1.I0.I0.I1.I2.I18.PM1.n1. {"history": "ExplorerRun.0", "point": 1, "testname": "project_demo_ph3_sytolic_array_tb_1", "cornername": "Nominal"}
[2024-12-08 20:26:01.581 -0800] [INFO] [cadence.virtuoso.ade.simulationMonitor] - Notice from spectre at time = 21.0561 ns during transient analysis `tran'.
    Found trapezoidal ringing on node I1.I0.I18.I0.I1.I0.I0.I1.I2.I18.PM1.n1.
        Further occurrences of this notice will be suppressed. {"history": "ExplorerRun.0", "point": 1, "testname": "project_demo_ph3_sytolic_array_tb_1", "cornername": "Nominal"}
[2024-12-08 20:28:34.756 -0800] [INFO] [cadence.virtuoso.ade.simulationMonitor] - Notice from spectre during transient analysis `tran'.
    Trapezoidal ringing is detected during tran analysis.
        Please use method=trap for better results and performance. {"history": "ExplorerRun.0", "point": 1, "testname": "project_demo_ph3_sytolic_array_tb_1", "cornername": "Nominal"}
[2024-12-08 20:28:35.757 -0800] [INFO] [cadence.virtuoso.ade.simulationMonitor] - Total time required for tran analysis `tran': CPU = 887.636 s (14m  47.6s), elapsed = 269.393 s (4m  29.4s). {"history": "ExplorerRun.0", "point": 1, "testname": "project_demo_ph3_sytolic_array_tb_1", "cornername": "Nominal"}
[2024-12-08 20:28:35.758 -0800] [INFO] [cadence.virtuoso.ade.simulationMonitor] - Peak resident memory used = 799 Mbytes. {"history": "ExplorerRun.0", "point": 1, "testname": "project_demo_ph3_sytolic_array_tb_1", "cornername": "Nominal"}
[2024-12-08 20:28:35.758 -0800] [INFO] [cadence.virtuoso.ade.simulationMonitor] - Notice from spectre.
    15 notices suppressed. {"history": "ExplorerRun.0", "point": 1, "testname": "project_demo_ph3_sytolic_array_tb_1", "cornername": "Nominal"}
[2024-12-08 20:28:39.260 -0800] [INFO] [cadence.virtuoso.ade.simulationMonitor] - Time used: CPU = 1.6 ks (26m  35.8s), elapsed = 980 s (16m  19.9s), util. = 163%. {"history": "ExplorerRun.0", "point": 1, "testname": "project_demo_ph3_sytolic_array_tb_1", "cornername": "Nominal"}
[2024-12-08 20:28:39.261 -0800] [INFO] [cadence.virtuoso.ade.simulationMonitor] - Time spent in licensing: elapsed = 67.1 ms. {"history": "ExplorerRun.0", "point": 1, "testname": "project_demo_ph3_sytolic_array_tb_1", "cornername": "Nominal"}
[2024-12-08 20:28:39.263 -0800] [INFO] [cadence.virtuoso.ade.simulationMonitor] - Peak memory used = 799 Mbytes. {"history": "ExplorerRun.0", "point": 1, "testname": "project_demo_ph3_sytolic_array_tb_1", "cornername": "Nominal"}
[2024-12-08 20:28:39.266 -0800] [PROCESS] [cadence.virtuoso.ade.simulationMonitor] - Simulation started at: 8:12:18 PM, Sun Dec 8, 2024, ended at: 8:28:38 PM, Sun Dec 8, 2024, with elapsed time (wall clock): 980 s (16m  19.9s). {"history": "ExplorerRun.0", "point": 1, "testname": "project_demo_ph3_sytolic_array_tb_1", "cornername": "Nominal"}
[2024-12-08 20:28:39.267 -0800] [PROCESS] [cadence.virtuoso.ade.simulationMonitor] - spectre completes with 0 errors, 1 warning, and 12 notices. {"history": "ExplorerRun.0", "point": 1, "testname": "project_demo_ph3_sytolic_array_tb_1", "cornername": "Nominal"}
[2024-12-08 20:28:39.267 -0800] [PROCESS] [cadence.virtuoso.ade.simulationMonitor] - Finished simulating for one point {"hostname": "viterbi-scf1", "processid": 109173, "history": "ExplorerRun.0", "testname": "project_demo_ph3_sytolic_array_tb_1", "cornername": "Nominal", "point": 1, "logfile": "/home/viterbi/01/tongjia/work_gpdk045/logs_tongjia/logs0/Job7.log", "simid": "1"}
[2024-12-08 20:28:39.267 -0800] [PROCESS] [cadence.virtuoso.ade.simulationMonitor] - Simulator exited {"hostname": "viterbi-scf1", "processid": 109173, "history": "ExplorerRun.0", "testname": "project_demo_ph3_sytolic_array_tb_1", "cornername": "Nominal", "point": 1, "logfile": "/home/viterbi/01/tongjia/work_gpdk045/logs_tongjia/logs0/Job7.log", "exitStatus": "0"}
[2024-12-08 20:28:39.267 -0800] [PROCESS] [cadence.virtuoso.ade.simulationMonitor] - Finished Simulation {"hostname": "viterbi-scf1", "processid": 109173, "history": "ExplorerRun.0", "testname": "project_demo_ph3_sytolic_array_tb_1", "cornername": "Nominal", "point": 1, "logfile": "/home/viterbi/01/tongjia/work_gpdk045/logs_tongjia/logs0/Job7.log", "simid": "1"}
[2024-12-08 20:28:39.281 -0800] [PROCESS] [cadence.virtuoso.ade.simulationMonitor] - Expression evaluator launched {"hostname": "viterbi-scf1", "processid": 109173, "history": "ExplorerRun.0", "testname": "project_demo_ph3_sytolic_array_tb_1", "cornername": "Nominal", "point": 1, "logfile": "/home/viterbi/01/tongjia/work_gpdk045/logs_tongjia/logs0/Job7.log"}
[2024-12-08 20:28:47.820 -0800] [PROCESS] [cadence.virtuoso.ade.simulationMonitor] - Point Finished {"hostname": "viterbi-scf1", "processid": 109173, "history": "ExplorerRun.0", "testname": "project_demo_ph3_sytolic_array_tb_1", "cornername": "Nominal", "point": 1, "logfile": "/home/viterbi/01/tongjia/work_gpdk045/logs_tongjia/logs0/Job7.log"}
[2024-12-08 20:28:48.823 -0800] [PROCESS] [cadence.virtuoso.ade.simulationMonitor] - Stay with the runId '0', Linger time '300', currentRunSyn '1', currentTestSyn '2' {"hostname": "viterbi-scf1", "processid": 109173, "history": "ExplorerRun.0", "testname": "project_demo_ph3_sytolic_array_tb_1", "cornername": "Nominal", "point": 1, "logfile": "/home/viterbi/01/tongjia/work_gpdk045/logs_tongjia/logs0/Job7.log"}
[2024-12-08 20:28:49.825 -0800] [PROCESS] [cadence.virtuoso.ade.simulationMonitor] - Stay with the runId '0', Linger time '300', currentRunSyn '1', currentTestSyn '2' {"hostname": "viterbi-scf1", "processid": 109173, "history": "ExplorerRun.0", "testname": "project_demo_ph3_sytolic_array_tb_1", "cornername": "Nominal", "point": 1, "logfile": "/home/viterbi/01/tongjia/work_gpdk045/logs_tongjia/logs0/Job7.log"}
[2024-12-08 20:28:50.826 -0800] [PROCESS] [cadence.virtuoso.ade.simulationMonitor] - Stay with the runId '0', Linger time '300', currentRunSyn '1', currentTestSyn '2' {"hostname": "viterbi-scf1", "processid": 109173, "history": "ExplorerRun.0", "testname": "project_demo_ph3_sytolic_array_tb_1", "cornername": "Nominal", "point": 1, "logfile": "/home/viterbi/01/tongjia/work_gpdk045/logs_tongjia/logs0/Job7.log"}
[2024-12-08 20:28:51.826 -0800] [PROCESS] [cadence.virtuoso.ade.simulationMonitor] - Stay with the runId '0', Linger time '300', currentRunSyn '1', currentTestSyn '2' {"hostname": "viterbi-scf1", "processid": 109173, "history": "ExplorerRun.0", "testname": "project_demo_ph3_sytolic_array_tb_1", "cornername": "Nominal", "point": 1, "logfile": "/home/viterbi/01/tongjia/work_gpdk045/logs_tongjia/logs0/Job7.log"}
[2024-12-08 20:28:52.826 -0800] [PROCESS] [cadence.virtuoso.ade.simulationMonitor] - Stay with the runId '0', Linger time '300', currentRunSyn '1', currentTestSyn '2' {"hostname": "viterbi-scf1", "processid": 109173, "history": "ExplorerRun.0", "testname": "project_demo_ph3_sytolic_array_tb_1", "cornername": "Nominal", "point": 1, "logfile": "/home/viterbi/01/tongjia/work_gpdk045/logs_tongjia/logs0/Job7.log"}
[2024-12-08 20:28:53.827 -0800] [PROCESS] [cadence.virtuoso.ade.simulationMonitor] - Stay with the runId '0', Linger time '300', currentRunSyn '1', currentTestSyn '2' {"hostname": "viterbi-scf1", "processid": 109173, "history": "ExplorerRun.0", "testname": "project_demo_ph3_sytolic_array_tb_1", "cornername": "Nominal", "point": 1, "logfile": "/home/viterbi/01/tongjia/work_gpdk045/logs_tongjia/logs0/Job7.log"}
[2024-12-08 20:28:54.828 -0800] [PROCESS] [cadence.virtuoso.ade.simulationMonitor] - Stay with the runId '0', Linger time '300', currentRunSyn '1', currentTestSyn '2' {"hostname": "viterbi-scf1", "processid": 109173, "history": "ExplorerRun.0", "testname": "project_demo_ph3_sytolic_array_tb_1", "cornername": "Nominal", "point": 1, "logfile": "/home/viterbi/01/tongjia/work_gpdk045/logs_tongjia/logs0/Job7.log"}
[2024-12-08 20:28:55.829 -0800] [PROCESS] [cadence.virtuoso.ade.simulationMonitor] - Stay with the runId '0', Linger time '300', currentRunSyn '1', currentTestSyn '2' {"hostname": "viterbi-scf1", "processid": 109173, "history": "ExplorerRun.0", "testname": "project_demo_ph3_sytolic_array_tb_1", "cornername": "Nominal", "point": 1, "logfile": "/home/viterbi/01/tongjia/work_gpdk045/logs_tongjia/logs0/Job7.log"}
[2024-12-08 20:28:56.829 -0800] [PROCESS] [cadence.virtuoso.ade.simulationMonitor] - Stay with the runId '0', Linger time '300', currentRunSyn '1', currentTestSyn '2' {"hostname": "viterbi-scf1", "processid": 109173, "history": "ExplorerRun.0", "testname": "project_demo_ph3_sytolic_array_tb_1", "cornername": "Nominal", "point": 1, "logfile": "/home/viterbi/01/tongjia/work_gpdk045/logs_tongjia/logs0/Job7.log"}
[2024-12-08 20:28:57.829 -0800] [PROCESS] [cadence.virtuoso.ade.simulationMonitor] - Stay with the runId '0', Linger time '300', currentRunSyn '1', currentTestSyn '2' {"hostname": "viterbi-scf1", "processid": 109173, "history": "ExplorerRun.0", "testname": "project_demo_ph3_sytolic_array_tb_1", "cornername": "Nominal", "point": 1, "logfile": "/home/viterbi/01/tongjia/work_gpdk045/logs_tongjia/logs0/Job7.log"}
[2024-12-08 20:28:58.832 -0800] [PROCESS] [cadence.virtuoso.ade.simulationMonitor] - Stay with the runId '0', Linger time '300', currentRunSyn '1', currentTestSyn '2' {"hostname": "viterbi-scf1", "processid": 109173, "history": "ExplorerRun.0", "testname": "project_demo_ph3_sytolic_array_tb_1", "cornername": "Nominal", "point": 1, "logfile": "/home/viterbi/01/tongjia/work_gpdk045/logs_tongjia/logs0/Job7.log"}
[2024-12-08 20:28:59.832 -0800] [PROCESS] [cadence.virtuoso.ade.simulationMonitor] - Stay with the runId '0', Linger time '300', currentRunSyn '1', currentTestSyn '2' {"hostname": "viterbi-scf1", "processid": 109173, "history": "ExplorerRun.0", "testname": "project_demo_ph3_sytolic_array_tb_1", "cornername": "Nominal", "point": 1, "logfile": "/home/viterbi/01/tongjia/work_gpdk045/logs_tongjia/logs0/Job7.log"}
[2024-12-08 20:33:48.913 -0800] [PROCESS] [cadence.virtuoso.ade.simulationMonitor] - Current memory used: 32.4297 MBytes, peak memory used: 32.4297 MBytes {"hostname": "viterbi-scf1", "processid": 109173, "history": "ExplorerRun.0", "testname": "project_demo_ph3_sytolic_array_tb_1", "cornername": "Nominal", "point": 1, "logfile": "/home/viterbi/01/tongjia/work_gpdk045/logs_tongjia/logs0/Job7.log"}
[2024-12-08 20:33:48.913 -0800] [PROCESS] [cadence.virtuoso.ade.simulationMonitor] - Simulation Monitor process exit. {"hostname": "viterbi-scf1", "processid": 109173, "history": "ExplorerRun.0", "testname": "project_demo_ph3_sytolic_array_tb_1", "cornername": "Nominal", "point": 1, "logfile": "/home/viterbi/01/tongjia/work_gpdk045/logs_tongjia/logs0/Job7.log"}
