\# Program start time:     UTC 2024.11.25 04:46:28.030
\# Local time: PST (UTC-08:00) 2024.11.24 20:46:28.030
\o Program:		@(#)$CDS: virtuoso version ICADVM20.1-64b 10/11/2023 09:26 (cpgbld01) $
\o Hierarchy:		/usr/local/cadence/ICADVM201/tools.lnx86/dfII/
\o Sub version:		sub-version  ICADVM20.1-64b.500.34  (64-bit addresses)
\# Command line:	/usr/local/cadence/ICADVM201/tools.lnx86/dfII/bin/64bit/virtuoso -beanhost viterbi-scf2 -beanport 11300 -beanbinlog  -beanLogFile /home/viterbi/01/tongjia/work_gpdk045/logs_tongjia/logs0/amps_Service19.log -mpssession virtuoso142971 -mpshost viterbi-scf2 -davinciService DaVinciService_142971_1732419506 -axlSession fnxSession6 -axlServiceIdFlag 19 -uuid b702f199-d39f-4968-8f46-7b239f95438b -heartbeat /dev/shm/swift-heartbeat.1ljYkGP2cj -log /home/viterbi/01/tongjia/work_gpdk045/logs_tongjia/logs0/Service19.log -noautostart -nographE -lscs 000175E1894CBE06FF0966E38F1FFC06BC4D62ED9A709D06D62460E4905B952BCE2F3AE2CB7CCB06867E66E38F1FFC06BC4D66E38F1FFC06BC4D01A78E3EFD27DB0900001E61 -interactive -offlineExprEval -fenixMode explorer -heartbeatTimeout  -lingerTimeout 300 -pointlifetime -1
\# Host name (type):	viterbi-scf2 (x86_64)
\# Operating system:	Linux 3.10.0-1160.119.1.el7.tuxcare.els10.x86_64 #1 SMP Fri Oct 11 21:40:41 UTC 2024
\# Linux /etc/issue:	\S
\# Linux /etc/issue:	Kernel \r on an \m
\# X display name (WxH):	:7912 (1024x868)
\# Available geometry:			TL(0:0) BR(1023:867)
\# X server:			The X.Org Foundation
\# Depth of Visual (Root):	24 (24)
\# Number of Planes Used:	24
\# X version:		11.0 (vendor release 12004000)
\# X resource pool:	base 0x400000, mask 0x1fffff (2097151), shift 0
\# 			current id 0x0, current max 0x1ffffa (2097146)
\# Max data seg size:	     unlimited
\# Max process size:	     unlimited
\# Initial sbrk value:	        640 MB
\# Available memory:	    860,203 MB
\# System memory:	  1,031,304 MB
\# Maximum memory size:	  1,030,954 MB
\# Max mem available:	    860,493 MB
\# Initial memory used:	        291 MB
\#        process size:	      1,889 MB
\# Thread usage limits (effective/default):	maxthreads 4096/4096 maxload 112.00/112.00
\# Qt version:		5.9.1
\# Window Manager:	other
\# User Name:		tongjia
\o Working Directory:	viterbi-scf2:/home/viterbi/01/tongjia/work_gpdk045
\# Process Id:		94114
\o 
\o COPYRIGHT (C) 1992-2023  CADENCE DESIGN SYSTEMS INC.  ALL RIGHTS RESERVED.
\o           (C) 1992-2023  UNIX SYSTEMS Laboratories INC.,
\o                          Reproduced with permission.
\o 
\o This Cadence Design Systems program and online documentation are
\o proprietary/confidential information and may be disclosed/used only
\o as authorized in a license agreement controlling such use and disclosure.
\o 
\o           RESTRICTED RIGHTS NOTICE (SHORT FORM)
\o Use/reproduction/disclosure is subject to restriction
\o set forth at FAR 1252.227-19 or its equivalent.
\o Loading geView.cxt 
\o Loading menuBuilder.cxt 
\o Loading schView.cxt 
\o Loading selectSv.cxt 
\o Loading pegasusui.cxt
\o Loading wireEdit.cxt 
\o Loading pte2.cxt 
\o Loading xlUI.cxt 
\o Loading auCore.cxt 
\o Loading vhdl.cxt 
\o Loading seismic.cxt 
\o Loading ci.cxt 
\o Loading layers.cxt 
\o Loading ams.cxt 
\o Loading oasis.cxt 
\o Loading analog.cxt 
\o Loading asimenv.cxt 
\# Memory report: using         405 MB, process size 2,034 MB at UTC 2024.11.25 04:46:30.017
\o Loading dal.cxt 
\o Loading awv.cxt 
\o Loading socket.cxt 
\o Loading par.cxt 
\o Loading alvs.cxt 
\o Loading caa.cxt 
\o Loading amps.cxt 
\o Loading adexlCore.cxt 
\o Loading adexl.cxt 
\o *Info*    Exporting services from client ... 
\o 
\o Loading adexlDM.cxt 
\o Loading cpf.cxt 
\o Loading cli.cxt 
\o Loading lp.cxt 
\o INFO (ELI-00302) Connecting to parent process (session=virtuoso142971, host=viterbi-scf2). Connection mode is LSCS. Total timeout is 180 seconds. Connection timeout is 90 seconds.
\o INFO (ELI-00303) Step 1: Connecting to parent. Time spent is 0 seconds.
\o INFO (ELI-00304) The registration of the child 94114 within 90 seconds is being processed...
\o INFO (ELI-00305) The result of registration is true. Time spent is 0 seconds.
\o INFO (ELI-00308) The connection has ended. Result is true. Total time spent is 0 seconds.
\# [20:46:28.251315] Configured Lic search path (22.01-s002): 1720@ics-lic2.usc.edu:1720@lic-synopsys.usc.edu:1721@lic-cadence.usc.edu
\p > 
\# Loading perfDiag...
\# (PerfDiag): Set GDB path to environment variable 'gdbPath' (gdb).
\# Performance Diagnostic tool is installed. You can access PerfDiag from CIW Tools or use the shell command 'cdsPerfDiag -p 94114' to open it when Virtuoso freezes.
\# (PerfDiag): Loading backtrace from /usr/local/cadence/ICADVM201/tools/lib/64bit/cdnslibunwind.so
\w *WARNING* _perfPstackCheck: Cannot find pstack/gstack. Please setup PATH environment variable to pstack/gstack executable.
\i _axlRunServices()
\o Loading simui.cxt 
\o [2024-11-24 20:46:31.624 -0800] [PROCESS] [cadence.virtuoso.ade.services] - Netlist Service has successfully started. Waiting for incoming messages ... {"hostname": "viterbi-scf2", "processid": 94114, "logfile": "/home/viterbi/01/tongjia/work_gpdk045/logs_tongjia/logs0/Service19.log"}
\# Memory report: using         552 MB, process size 2,310 MB at UTC 2024.11.25 04:46:35.666
\# Available memory:        860,446 MB at UTC 2024.11.25 04:46:39.669
\# Memory report: Maximum memory size now 860,998 MB at UTC 2024.11.25 04:46:39.669
\# Thread usage report: 118 active threads, active load 1.40 at UTC 2024.11.25 04:46:39.669
\o Loading vdsil.cxt 
\o 
\o *Info*    Received signal SIGTERM.
\o 
\o 
