\# Program start time:     UTC 2024.11.26 18:49:18.169
\# Local time: PST (UTC-08:00) 2024.11.26 10:49:18.169
\o Program:		@(#)$CDS: virtuoso version ICADVM20.1-64b 10/11/2023 09:26 (cpgbld01) $
\o Hierarchy:		/usr/local/cadence/ICADVM201/tools.lnx86/dfII/
\o Sub version:		sub-version  ICADVM20.1-64b.500.34  (64-bit addresses)
\# Command line:	/usr/local/cadence/ICADVM201/tools.lnx86/dfII/bin/64bit/virtuoso -beanhost viterbi-scf2 -beanport 11300 -beanbinlog  -beanLogFile /home/viterbi/01/tongjia/work_gpdk045/logs_tongjia/logs0/amps_Service7.log -mpssession virtuoso252803 -mpshost viterbi-scf2 -davinciService DaVinciService_252803_1732646523 -axlSession fnxSession2 -axlServiceIdFlag 7 -uuid 9ec43779-fea7-40d4-9990-7d9f5768a379 -heartbeat /dev/shm/swift-heartbeat.JEBRwNjxsB -log /home/viterbi/01/tongjia/work_gpdk045/logs_tongjia/logs0/Service7.log -noautostart -nographE -lscs 000175E1894CBE06FF0966E38F1FFC06BC4D62ED9A709D06D62460E4905B952BCE2F6CBE9F1D9F67D0227DAAD143CE32C87766E3A12FFC06BC4D01A59734E42DDB0B00001E1E -interactive -offlineExprEval -fenixMode explorer -heartbeatTimeout  -lingerTimeout 300 -pointlifetime -1
\# Host name (type):	viterbi-scf2 (x86_64)
\# Operating system:	Linux 3.10.0-1160.119.1.el7.tuxcare.els10.x86_64 #1 SMP Fri Oct 11 21:40:41 UTC 2024
\# Linux /etc/issue:	\S
\# Linux /etc/issue:	Kernel \r on an \m
\# X display name (WxH):	:7299 (1024x868)
\# Available geometry:			TL(0:0) BR(1023:867)
\# X server:			The X.Org Foundation
\# Depth of Visual (Root):	24 (24)
\# Number of Planes Used:	24
\# X version:		11.0 (vendor release 12004000)
\# X resource pool:	base 0x400000, mask 0x1fffff (2097151), shift 0
\# 			current id 0x0, current max 0x1ffffa (2097146)
\# Max data seg size:	     unlimited
\# Max process size:	     unlimited
\# Initial sbrk value:	        617 MB
\# Available memory:	    858,816 MB
\# System memory:	  1,031,304 MB
\# Maximum memory size:	  1,030,977 MB
\# Max mem available:	    859,106 MB
\# Initial memory used:	        291 MB
\#        process size:	      1,889 MB
\# Thread usage limits (effective/default):	maxthreads 4096/4096 maxload 112.00/112.00
\# Qt version:		5.9.1
\# Window Manager:	other
\# User Name:		tongjia
\o Working Directory:	viterbi-scf2:/home/viterbi/01/tongjia/work_gpdk045
\# Process Id:		270908
\o 
\o COPYRIGHT (C) 1992-2023  CADENCE DESIGN SYSTEMS INC.  ALL RIGHTS RESERVED.
\o           (C) 1992-2023  UNIX SYSTEMS Laboratories INC.,
\o                          Reproduced with permission.
\o 
\o This Cadence Design Systems program and online documentation are
\o proprietary/confidential information and may be disclosed/used only
\o as authorized in a license agreement controlling such use and disclosure.
\o 
\o           RESTRICTED RIGHTS NOTICE (SHORT FORM)
\o Use/reproduction/disclosure is subject to restriction
\o set forth at FAR 1252.227-19 or its equivalent.
\o Loading geView.cxt 
\o Loading menuBuilder.cxt 
\o Loading schView.cxt 
\o Loading selectSv.cxt 
\o Loading pegasusui.cxt
\o Loading wireEdit.cxt 
\o Loading pte2.cxt 
\o Loading xlUI.cxt 
\o Loading auCore.cxt 
\o Loading vhdl.cxt 
\o Loading seismic.cxt 
\o Loading ci.cxt 
\o Loading layers.cxt 
\o Loading ams.cxt 
\o Loading oasis.cxt 
\o Loading analog.cxt 
\o Loading asimenv.cxt 
\o Loading dal.cxt 
\o Loading awv.cxt 
\o Loading socket.cxt 
\o Loading par.cxt 
\o Loading alvs.cxt 
\o Loading caa.cxt 
\o Loading amps.cxt 
\o Loading adexlCore.cxt 
\# Memory report: using         420 MB, process size 2,165 MB at UTC 2024.11.26 18:49:24.021
\o Loading adexl.cxt 
\o *Info*    Exporting services from client ... 
\o 
\o Loading adexlDM.cxt 
\o Loading cpf.cxt 
\o Loading cli.cxt 
\o Loading lp.cxt 
\o INFO (ELI-00302) Connecting to parent process (session=virtuoso252803, host=viterbi-scf2). Connection mode is LSCS. Total timeout is 180 seconds. Connection timeout is 90 seconds.
\o INFO (ELI-00303) Step 1: Connecting to parent. Time spent is 0 seconds.
\o INFO (ELI-00304) The registration of the child 270908 within 90 seconds is being processed...
\o INFO (ELI-00305) The result of registration is true. Time spent is 0 seconds.
\o INFO (ELI-00308) The connection has ended. Result is true. Total time spent is 3 seconds.
\# [10:49:21.251275] Configured Lic search path (22.01-s002): 1720@ics-lic2.usc.edu:1720@lic-synopsys.usc.edu:1721@lic-cadence.usc.edu
\p > 
\# Loading perfDiag...
\# (PerfDiag): Set GDB path to environment variable 'gdbPath' (gdb).
\# Performance Diagnostic tool is installed. You can access PerfDiag from CIW Tools or use the shell command 'cdsPerfDiag -p 270908' to open it when Virtuoso freezes.
\# (PerfDiag): Loading backtrace from /usr/local/cadence/ICADVM201/tools/lib/64bit/cdnslibunwind.so
\w *WARNING* _perfPstackCheck: Cannot find pstack/gstack. Please setup PATH environment variable to pstack/gstack executable.
\i _axlRunServices()
\# [10:49:25.186216] Periodic Lic check successful
\# [10:49:25.186249] Feature usage summary:
\o Loading simui.cxt 
\o [2024-11-26 10:49:25.758 -0800] [PROCESS] [cadence.virtuoso.ade.services] - Netlist Service has successfully started. Waiting for incoming messages ... {"hostname": "viterbi-scf2", "processid": 270908, "logfile": "/home/viterbi/01/tongjia/work_gpdk045/logs_tongjia/logs0/Service7.log"}
\# Memory report: using         552 MB, process size 2,310 MB at UTC 2024.11.26 18:49:29.804
\# Available memory:        857,809 MB at UTC 2024.11.26 18:49:33.812
\# Memory report: Maximum memory size now 858,361 MB at UTC 2024.11.26 18:49:33.812
\# Thread usage report: 118 active threads, active load 1.40 at UTC 2024.11.26 18:49:33.812
\o Loading vdsil.cxt 
\o 
\o *Info*    Received signal SIGTERM.
\o 
\o 
