[ADE GUI: 5cb3bd4f-1ab6-4968-9d1f-f946e034c7d3]
[2024-12-08 23:04:27.209 -0800] [PROCESS] [cadence.virtuoso.ade.gui] - /home/viterbi/01/tongjia/work_gpdk045/.tmp_tongjia/.cmddir0/swiftLoggingService0 is starting {"logfile": "/home/viterbi/01/tongjia/work_gpdk045/logs_tongjia/logs0/LoggingService0.log"}
[2024-12-08 23:04:27.360 -0800] [PROCESS] [cadence.virtuoso.ade.gui] - /home/viterbi/01/tongjia/work_gpdk045/.tmp_tongjia/.cmddir0/swiftNetlistService1 is starting {"logfile": "/home/viterbi/01/tongjia/work_gpdk045/logs_tongjia/logs0/Service1.log"}
[2024-12-08 23:04:27.362 -0800] [PROCESS] [cadence.virtuoso.ade.gui] - Logging Service '264107' is starting up on host 'viterbi-scf1' {"logfile": "/home/viterbi/01/tongjia/work_gpdk045/logs_tongjia/logs0/LoggingService0.log"}
[2024-12-08 23:04:33.370 -0800] [PROCESS] [cadence.virtuoso.ade.gui] - Netlist Service '264123' is starting up on host 'viterbi-scf1' {"logfile": "/home/viterbi/01/tongjia/work_gpdk045/logs_tongjia/logs0/Service1.log"}
[2024-12-08 23:05:23.275 -0800] [EVENT] [cadence.virtuoso.ade.gui] - NewHistoryCreated {"history": "ExplorerRun.0", "event": "NewHistoryCreated", "EventSource": "ADE GUI", "HistoryName": "ExplorerRun.0", "WorkDir": "/home/viterbi/01/tongjia/work_gpdk045", "HistorySimDir": "/home/viterbi/01/tongjia/simulation/project_demo/ph3_sytolic_array_tb/maestro/results/maestro/ExplorerRun.0", "HistoryResultsDir": "/home/viterbi/01/tongjia/work_gpdk045/project_demo/ph3_sytolic_array_tb/maestro/results/maestro"}
[2024-12-08 23:05:23.276 -0800] [PROCESS] [cadence.virtuoso.ade.gui] - History Setup {"hostname": "viterbi-scf1", "processid": 260399, "history": "ExplorerRun.0", "logfile": "/home/viterbi/01/tongjia/work_gpdk045/logs_tongjia/logs0/virtuoso_ade_debug.log", "jobmode": "LSCS", "runmode": "Single Run, Sweeps and Corners", "lib": "project_demo", "cell": "ph3_sytolic_array_tb", "view": "maestro", "icversion": "sub-version  ICADVM20.1-64b.500.34 ", "runstart": "Sun Dec  8 23:05:23 2024\n", "timezonelocal": "+000", "spectreversion": "unknown", "jobpolicyname": "", "maxjobs": "unknown", "ncjobpolicyname": "", "ncmaxjobs": "unknown", "numtests": "1", "runfinished": "unknown", "runelapsed": "-1", "numcorners": "1"}
[2024-12-08 23:05:25.321 -0800] [WARN] [cadence.virtuoso.ade.gui] - Could not find log file for Same Process Job 0. Log message for this job will be printed in the CDS log file. {"history": "ExplorerRun.0", "testname": "project_demo_ph3_sytolic_array_tb_1", "detailed_message": "", "message_id": "EXPLORER-5028"}
[2024-12-08 23:05:27.738 -0800] [EVENT] [cadence.virtuoso.ade.pointevaluator] - NewPoint {"history": "ExplorerRun.0", "point": 1, "testname": "project_demo_ph3_sytolic_array_tb_1", "event": "NewPoint", "EventSource": "ADE GUI", "HistoryName": "ExplorerRun.0", "logFile": "/home/viterbi/01/tongjia/work_gpdk045/logs_tongjia/logs0/virtuoso_ade_debug.log", "logFileSize": "2530"}
[2024-12-08 23:05:27.740 -0800] [INFO] [cadence.virtuoso.ade.pointevaluator] - Started netlisting {"history": "ExplorerRun.0", "point": 1, "testname": "project_demo_ph3_sytolic_array_tb_1"}
[2024-12-08 23:11:35.801 -0800] [PROCESS] [cadence.virtuoso.ade.gui] - Netlist Service '264123' stopped with exit code '0' {"logfile": "/home/viterbi/01/tongjia/work_gpdk045/logs_tongjia/logs0/Service1.log"}
[2024-12-08 23:11:45.608 -0800] [INFO] [cadence.virtuoso.ade.pointevaluator] - Finished netlisting {"history": "ExplorerRun.0", "point": 1, "testname": "project_demo_ph3_sytolic_array_tb_1"}
[2024-12-08 23:11:45.610 -0800] [INFO] [cadence.virtuoso.ade.pointevaluator] - Submitted {"history": "ExplorerRun.0", "point": 1, "testname": "project_demo_ph3_sytolic_array_tb_1"}
[2024-12-08 23:12:07.133 -0800] [WARN] [cadence.virtuoso.ade.gui] - Could not get the status of simulation process owning the log file /home/viterbi/01/tongjia/work_gpdk045/logs_tongjia/logs0/Job2.log.
Reason : cls: Unable to connect to clsbd on host "viterbi-scf2.usc.edu".
Check if clsbd is running on the host. If the host is not valid remove
the ".cdslck" lock file. The connect timeout length can be set using
the CLS_CLSBD_CONNECT_TIMEOUT environment variable.
. {"history": "ExplorerRun.0", "point": 1, "testname": "project_demo_ph3_sytolic_array_tb_1", "detailed_message": "Trying the next index for the log file.\n", "message_id": "EXPLORER-1924"}
[2024-12-08 23:12:07.165 -0800] [PROCESS] [cadence.virtuoso.ade.gui] - /home/viterbi/01/tongjia/work_gpdk045/.tmp_tongjia/.cmddir0/swiftJob2 is starting {"logfile": "/home/viterbi/01/tongjia/work_gpdk045/logs_tongjia/logs0/Job2.log1"}
[2024-12-08 23:12:07.833 -0800] [PROCESS] [cadence.virtuoso.ade.gui] - Simulation Monitor process '272177' is starting up on host 'viterbi-scf1' {"logfile": "/home/viterbi/01/tongjia/work_gpdk045/logs_tongjia/logs0/Job2.log1"}
[2024-12-08 23:38:50.205 -0800] [PROCESS] [cadence.virtuoso.ade.gui] - Logging Service '264107' stopped with exit code '0' {"logfile": "/home/viterbi/01/tongjia/work_gpdk045/logs_tongjia/logs0/LoggingService0.log"}
[2024-12-09 00:03:30.909 -0800] [EVENT] [cadence.virtuoso.ade.gui] - HistoryFinished {"history": "ExplorerRun.0", "point": 1, "testname": "project_demo_ph3_sytolic_array_tb_1", "event": "HistoryFinished", "EventSource": "ADE GUI", "HistoryName": "ExplorerRun.0"}
[2024-12-09 00:03:35.181 -0800] [PROCESS] [cadence.virtuoso.ade.gui] - ln: failed to create symbolic link '/home/viterbi/01/tongjia/simulation/project_demo/ph3_sytolic_array_tb/maestro/results/maestro/ExplorerRun.0/1/project_demo_ph3_sytolic_array_tb_1/netlist/exprOutputs.log': File exists
 {"logfile": "/home/viterbi/01/tongjia/work_gpdk045/logs_tongjia/logs0/Job2.log1"}
[2024-12-09 00:03:35.197 -0800] [PROCESS] [cadence.virtuoso.ade.gui] - ln: failed to create symbolic link '/home/viterbi/01/tongjia/simulation/project_demo/ph3_sytolic_array_tb/maestro/results/maestro/ExplorerRun.0/1/project_demo_ph3_sytolic_array_tb_1/netlist/amps_evaluator.log': File exists {"logfile": "/home/viterbi/01/tongjia/work_gpdk045/logs_tongjia/logs0/Job2.log1"}
[2024-12-09 00:03:35.198 -0800] [PROCESS] [cadence.virtuoso.ade.gui] - 
 {"logfile": "/home/viterbi/01/tongjia/work_gpdk045/logs_tongjia/logs0/Job2.log1"}
[2024-12-09 00:03:48.410 -0800] [INFO] [cadence.virtuoso.ade.gui] - Canceled simulation of points {"history": "ExplorerRun.0", "point": 1, "testname": "project_demo_ph3_sytolic_array_tb_1"}
