********************************************************************************
db2gds 22.21-s012 64 bit (Fri Mar 10 17:36:33 PST 2023)
Build Ref No.: 044 Release Candidate (03-10-2023) [2221_pgs]

Copyright 2023 Cadence Design Systems, Inc.
All rights reserved worldwide.

Build O/S:       Linux x86_64 3.10.0-693.el7.x86_64
Executed on:     viterbi-scf2 (Linux x86_64 3.10.0-1160.119.1.el7.tuxcare.els10.x86_64)
Process Id:      163125
Starting Time:   Sun Dec  8 17:46:30 2024 (Mon Dec  9 01:46:30 2024 GMT)
With parameters: ph3_sytolic_array_160203 /home/viterbi/01/tongjia/work_gpdk045/LVS/svdb/ph3_sytolic_array.agf ph3_sytolic_array -lmap lmapPANu0J -netmap /home/viterbi/01/tongjia/work_gpdk045/LVS/svdb/ph3_sytolic_array.lnn -property_nqrc -gds_scale 2000 -vircolon 
********************************************************************************

Library name: ph3_sytolic_array_160203
GDSII file name: /home/viterbi/01/tongjia/work_gpdk045/LVS/svdb/ph3_sytolic_array.agf
Cells to be written out: ph3_sytolic_array
Source Library: ph3_sytolic_array_160203
Layer mapping file(GDS <- DMC): lmapPANu0J
    24 (dt:0 tt:0) <- 24
    25 (dt:0 tt:0) <- 25
    56 (dt:0 tt:0) <- 56
    70 (dt:0 tt:0) <- 70
    71 (dt:0 tt:0) <- 71
    73 (dt:0 tt:0) <- 73
    74 (dt:0 tt:0) <- 74
    76 (dt:0 tt:0) <- 76
    78 (dt:0 tt:0) <- 78
    81 (dt:0 tt:0) <- 81
    82 (dt:0 tt:0) <- 82
    84 (dt:0 tt:0) <- 84
    46 (dt:0 tt:0) <- 46
    48 (dt:0 tt:0) <- 48
    49 (dt:0 tt:0) <- 49
    50 (dt:0 tt:0) <- 50
    51 (dt:0 tt:0) <- 51
    52 (dt:0 tt:0) <- 52
    53 (dt:0 tt:0) <- 53
    54 (dt:0 tt:0) <- 54
    55 (dt:0 tt:0) <- 55
    57 (dt:0 tt:0) <- 57
    58 (dt:0 tt:0) <- 58
    59 (dt:0 tt:0) <- 59
    60 (dt:0 tt:0) <- 60
    61 (dt:0 tt:0) <- 61
    62 (dt:0 tt:0) <- 62
    63 (dt:0 tt:0) <- 63
    64 (dt:0 tt:0) <- 64
    65 (dt:0 tt:0) <- 65
    66 (dt:0 tt:0) <- 66
    67 (dt:0 tt:0) <- 67
    68 (dt:0 tt:0) <- 68
    83 (dt:0 tt:0) <- 83
    92 (dt:0 tt:0) <- 92
    95 (dt:0 tt:0) <- 95
    102 (dt:0 tt:0) <- 102
    105 (dt:0 tt:0) <- 105
    106 (dt:0 tt:0) <- 106
    120 (dt:0 tt:0) <- 120
    122 (dt:0 tt:0) <- 122
    11 (dt:0 tt:0) <- 11
    12 (dt:0 tt:0) <- 12
    14 (dt:0 tt:0) <- 14
    29 (dt:0 tt:0) <- 29
    30 (dt:0 tt:0) <- 30
    31 (dt:0 tt:0) <- 31
    32 (dt:0 tt:0) <- 32
    34 (dt:0 tt:0) <- 34
    35 (dt:0 tt:0) <- 35
    36 (dt:0 tt:0) <- 36
    37 (dt:0 tt:0) <- 37
    39 (dt:0 tt:0) <- 39
    40 (dt:0 tt:0) <- 40
    42 (dt:0 tt:0) <- 42
    43 (dt:0 tt:0) <- 43
    44 (dt:0 tt:0) <- 44
    45 (dt:0 tt:0) <- 45
    69 (dt:0 tt:0) <- 69
    72 (dt:0 tt:0) <- 72
    77 (dt:0 tt:0) <- 77
    79 (dt:0 tt:0) <- 79
    80 (dt:0 tt:0) <- 80
    85 (dt:0 tt:0) <- 85
    88 (dt:0 tt:0) <- 88
    99 (dt:0 tt:0) <- 99
    128 (dt:0 tt:0) <- 128
    132 (dt:0 tt:0) <- 132
    134 (dt:0 tt:0) <- 134
    135 (dt:0 tt:0) <- 135
    136 (dt:0 tt:0) <- 136
    137 (dt:0 tt:0) <- 137
    138 (dt:0 tt:0) <- 138
    139 (dt:0 tt:0) <- 139
    140 (dt:0 tt:0) <- 140
    0 (dt:0 tt:0) <- 0
    1 (dt:0 tt:0) <- 1
    2 (dt:0 tt:0) <- 2
    3 (dt:0 tt:0) <- 3
    4 (dt:0 tt:0) <- 4
    5 (dt:0 tt:0) <- 5
    6 (dt:0 tt:0) <- 6
    7 (dt:0 tt:0) <- 7
    8 (dt:0 tt:0) <- 8
    9 (dt:0 tt:0) <- 9
    10 (dt:0 tt:0) <- 10
    13 (dt:0 tt:0) <- 13
    15 (dt:0 tt:0) <- 15
    16 (dt:0 tt:0) <- 16
    17 (dt:0 tt:0) <- 17
    19 (dt:0 tt:0) <- 19
    20 (dt:0 tt:0) <- 20
    21 (dt:0 tt:0) <- 21
    22 (dt:0 tt:0) <- 22
    23 (dt:0 tt:0) <- 23
    26 (dt:0 tt:0) <- 26
    27 (dt:0 tt:0) <- 27
    28 (dt:0 tt:0) <- 28
    33 (dt:0 tt:0) <- 33
    38 (dt:0 tt:0) <- 38
    41 (dt:0 tt:0) <- 41
    47 (dt:0 tt:0) <- 47
Cell name case: PRESERVE
Option: output object property for new qrc flow


                Object Statistics of Cells                            
Cell Name         Box  Polygon     Path   Label Instance Array    Total
----------------------------------------------------------------------
ph3_sytolic_array      332      236        0       0   649      0      1217
M3_M2_CDNS_1        3        0        0       0     0      0         3
M2_M1_CDNS_2        3        0        0       0     0      0         3
M4_M3_CDNS_3        3        0        0       0     0      0         3
M3_M2_CDNS_4        3        0        0       0     0      0         3
M5_M4_CDNS_5        3        0        0       0     0      0         3
M4_M3_CDNS_6        3        0        0       0     0      0         3
M3_M2_CDNS_7        3        0        0       0     0      0         3
M2_M1_CDNS_8        3        0        0       0     0      0         3
M2_M1_CDNS_9        3        0        0       0     0      0         3
M5_M4_CDNS_10        3        0        0       0     0      0         3
ph2p3_Matrix_vector_Multiplication      391      121        0       0   328      0       840
M3_M2_CDNS_11        3        0        0       0     0      0         3
M4_M3_CDNS_12        3        0        0       0     0      0         3
M4_M3_CDNS_13        3        0        0       0     0      0         3
ph2p2_processing_element      431      181        0       0   475      0      1087
M1_PO_CDNS_14        4        0        0       0     0      0         4
M1_PO_CDNS_15        3        0        0       0     0      0         3
M1_PO_CDNS_16        3        0        0       0     0      0         3
M2_M1_CDNS_17        3        0        0       0     0      0         3
multiplier        268      137        0       0   301      0       706
10badder          133       94        0       0   174      0       401
ph1p3_MSDFF        10       11        0       0    44      0        65
cellTmpl_CDNS_49       10        0        0       0     0      0        10
MUX_2to1___2X_ph2p2       39       13        0       0    25      0        77
AND                 5        1        0       0     2      0         8
half_adder          6        4        0       0     8      0        18
full_adder1_small        8       12        0       0    31      0        51
NAND_1X_small       19        5        0       0     1      0        25
XOR1               15       13        0       0    25      0        53
MUX_2to1___2X       45       13        0       0    25      0        83
FA_4bit            90       12        0       0    25      0       127
INV_1X_small       16        3        0       0     2      0        21
NAND2_1X_small        7        4        0       0     7      0        18
INV_1X_small_layout       13        3        0       0     2      0        18
ph1p3_clk_part       16        5        0       0     5      0        26
cellTmpl_CDNS_48       12        0        0       0     0      0        12
nmos1v_CDNS_31        7        0        0       0     0      0         7
nmos1v_CDNS_32        7        0        0       0     0      0         7
cellTmpl_CDNS_43       36        0        0       0     0      0        36
pmos1v_CDNS_44       10        0        0       0     0      0        10
pmos1v_CDNS_45       10        0        0       0     0      0        10
INV_1X_new         14        3        0       0     2      0        19
XOR_small          22        9        0       0    29      0        60
NAND_2X_small1       29        5        0       0     1      0        35
cellTmpl_CDNS_33       20        0        0       0     0      0        20
nmos1v_CDNS_19        8        0        0       0     0      0         8
pmos1v_CDNS_20       11        0        0       0     0      0        11
pmos1v_CDNS_28       15        0        0       0     0      0        15
nmos1v_CDNS_29       10        0        0       0     0      0        10
cellTmpl_CDNS_39       40        0        0       0     0      0        40
cellTmpl_CDNS_18       18        0        0       0     0      0        18
cellTmpl_CDNS_21       20        0        0       0     0      0        20
cellTmpl_CDNS_46       15        0        0       0     0      0        15
M1_PO_CDNS_22        3        0        0       0     0      0         3
M1_PO_CDNS_23        3        0        0       0     0      0         3
M3_M2_CDNS_24        3        0        0       0     0      0         3
M2_M1_CDNS_25        3        0        0       0     0      0         3
M2_M1_CDNS_26        3        0        0       0     0      0         3
cellTmpl_CDNS_27       46        0        0       0     0      0        46
----------------------------------------------------------------------

Object Statistics of Layers
Layer   Objects
----------------
  14          60
  28         934
  47          33
  48           6
  50         843
  51         227
  52         252
  53         113
  54         124
  61          24
  62          41
  63         151
  64         162
  65          37
  66         111
  70           7
  71           6
  73           5
  74           2
 120           9
 122           9
----------------

Object Summary
------------------
     Box      2271
 Polygon       885
    Path         0
   Label         0
Instance      2161
   Array         0
------------------
   Total      5317


Output property: 5317
Total CPU Time          : 0(s)
Total Real Time         : 0(s)
Peak Memory Used        : 7(M)
