\o Program:		@(#)$CDS: libManager version 6.1.8 - CAT37 08/30/2023 13:17 (sjfdcl1037) $
\o Sub version:		sub-version  s342 
\o Arguments:		-unmapped -mpssession virtuoso260399 -mpshost viterbi-scf1 -ADVM 
\o Working Directory:	viterbi-scf1:/home/viterbi/01/tongjia/work_gpdk045
\o 64-bit offsets
\o Qt version: 		5.9.1
\o MPS virtuoso types registered: 65
\o changeWorkingDir("/home/viterbi/01/tongjia/work_gpdk045") unnecessary.
\o ddSetForcedLib("") unnecessary.
\o Log file is "/home/viterbi/01/tongjia/work_gpdk045/libManager.log".
\o Opening libManager window.
\a nrSetWindowVisibility(cdsLibManager "show")
\o MPS service: map window
\o Library Manager customization server connected.
\a nrSetCurrentWindow(cdsLibManager)
\a nrResizeWindow(cdsLibManager list(477 118 752 679))
\a cdsLibManager->libListBox->value = "project_demo"
\a cdsLibManager->libLineEdit->value = "project_demo"
\a cdsLibManager->cellListBox->value = "ph3_sytolic_array_tb"
\a cdsLibManager->cellLineEdit->value = "ph3_sytolic_array_tb"
\a cdsLibManager->FileNewCVButton->value = t
\a nrSetCurrentWindow(cdsLibManager)
\a cdsLibManager->libListBox->value = nil
\a cdsLibManager->libLineEdit->value = ""
\a cdsLibManager->cellLineEdit->value = ""
\a cdsLibManager->cellListBox->value = nil
\a cdsLibManager->libListBox->value = "project_demo"
\a cdsLibManager->libLineEdit->value = "project_demo"
\a cdsLibManager->cellListBox->value = "ph3_sytolic_array_tb"
\a cdsLibManager->cellLineEdit->value = "ph3_sytolic_array_tb"
\a nrSetCurrentWindow(cdsLibManager)
\a nrSetCurrentWindow(cdsLibManager)
\a nrSetCurrentWindow(cdsLibManager)
\a cdsLibManager->viewListBox->value = "maestro"
\a cdsLibManager->viewLineEdit->value = "maestro"
\a cdsLibManager->viewListBox->value = nil
\a cdsLibManager->viewLineEdit->value = ""
\a cdsLibManager->viewListBox->value = "maestro"
\a cdsLibManager->viewLineEdit->value = "maestro"
\o MPS request: edit design
\a nrListItemAction(cdsLibManager->gdmXTView 1 0)
\a nrSetCurrentWindow(cdsLibManager)
\a nrSetCurrentWindow(cdsLibManager)
\a nrSetCurrentWindow(cdsLibManager)
\a nrSetCurrentWindow(cdsLibManager)
\a nrSetCurrentWindow(cdsLibManager)
\a nrSetCurrentWindow(cdsLibManager)
\a nrSetCurrentWindow(cdsLibManager)
\a cdsLibManager->libListBox->value = nil
\a cdsLibManager->libLineEdit->value = ""
\a cdsLibManager->cellListBox->value = nil
\a cdsLibManager->viewLineEdit->value = ""
\a cdsLibManager->viewListBox->value = nil
\a cdsLibManager->cellLineEdit->value = ""
\a cdsLibManager->libListBox->value = "project_demo"
\a cdsLibManager->libLineEdit->value = "project_demo"
\a cdsLibManager->cellListBox->value = "ph3_sytolic_array_tb"
\a cdsLibManager->cellLineEdit->value = "ph3_sytolic_array_tb"
\a cdsLibManager->viewListBox->value = "maestro"
\a cdsLibManager->viewLineEdit->value = "maestro"
\a cdsLibManager->viewLineEdit->value = ""
\a cdsLibManager->viewListBox->value = nil
\a cdsLibManager->viewListBox->value = "maestro"
\a cdsLibManager->viewLineEdit->value = "maestro"
\a cdsLibManager->libListBox->value = nil
\a cdsLibManager->libLineEdit->value = ""
\a cdsLibManager->cellListBox->value = nil
\a cdsLibManager->viewLineEdit->value = ""
\a cdsLibManager->viewListBox->value = nil
\a cdsLibManager->cellLineEdit->value = ""
\a cdsLibManager->libListBox->value = "project_demo"
\a cdsLibManager->libLineEdit->value = "project_demo"
\a cdsLibManager->cellListBox->value = "ph3_sytolic_array_tb"
\a cdsLibManager->cellLineEdit->value = "ph3_sytolic_array_tb"
\a cdsLibManager->viewListBox->value = "maestro"
\a cdsLibManager->viewLineEdit->value = "maestro"
\a cdsLibManager->viewLineEdit->value = ""
\a cdsLibManager->viewListBox->value = nil
\a cdsLibManager->viewListBox->value = "maestro"
\a cdsLibManager->viewLineEdit->value = "maestro"
