[Simulation Monitor: 2]
[2024-12-09 00:40:11.782 -0800] [PROCESS] [cadence.virtuoso.ade.simulationMonitor] - Simulation Monitor has successfully started up. Trying to set up communication channels to other components ... {"hostname": "viterbi-scf1", "processid": 7161, "logfile": "/home/viterbi/01/tongjia/work_gpdk045/logs_tongjia/logs1/Job2.log"}
[2024-12-09 00:40:11.785 -0800] [PROCESS] [cadence.virtuoso.ade.simulationMonitor] - Communication channels have been successfully set up. Start processing events ... {"hostname": "viterbi-scf1", "processid": 7161, "logfile": "/home/viterbi/01/tongjia/work_gpdk045/logs_tongjia/logs1/Job2.log"}
[2024-12-09 00:40:11.785 -0800] [PROCESS] [cadence.virtuoso.ade.simulationMonitor] - Considering to start history {"hostname": "viterbi-scf1", "processid": 7161, "history": "ExplorerRun.0", "logfile": "/home/viterbi/01/tongjia/work_gpdk045/logs_tongjia/logs1/Job2.log"}
[2024-12-09 00:40:11.793 -0800] [PROCESS] [cadence.virtuoso.ade.simulationMonitor] - HostInfo:
Host name (type):	viterbi-scf1 (x86_64)
Operating system:	Linux 3.10.0-1160.119.1.el7.tuxcare.els10.x86_64 #1 SMP Fri Oct 11 21:40:41 UTC 2024 {"hostname": "viterbi-scf1", "processid": 7161, "history": "ExplorerRun.0", "logfile": "/home/viterbi/01/tongjia/work_gpdk045/logs_tongjia/logs1/Job2.log", "nodename": "viterbi-scf1", "domainname": "viterbi", "machine": "x86_64", "sysname": "Linux", "release": "3.10.0-1160.119.1.el7.tuxcare.els10.x86_64", "version": "#1 SMP Fri Oct 11 21:40:41 UTC 2024"}
[2024-12-09 00:40:11.794 -0800] [PROCESS] [cadence.virtuoso.ade.simulationMonitor] - UsageInfo:
pid=7161
totalPhysicalMemory=1007.132401GB,Used=201.830360GB,totalVirtualMemory=1007.132401GB,Used=201.830360GB
Cpu: Cores=112, Load average:7.020000,6.930000,6.980000 {"hostname": "viterbi-scf1", "processid": 7161, "history": "ExplorerRun.0", "logfile": "/home/viterbi/01/tongjia/work_gpdk045/logs_tongjia/logs1/Job2.log", "pid": "7161", "totalPhysicalMemory": "1007.132401", "physicalMemoryUsed": "201.830360", "totalVirtualMemory": "1007.132401", "virtualMemoryUsed": "201.830360", "cpuCores": "112", "processes": "4402", "loadAverage1": "7.020000", "loadAverage5": "6.930000", "loadAverage15": "6.980000", "loadAverage1Percent": "0.062679"}
[2024-12-09 00:40:11.799 -0800] [EVENT] [cadence.virtuoso.ade.simulationMonitor] - NewPoint {"history": "ExplorerRun.0", "point": 1, "testname": "project_demo_ph3_sytolic_array_tb_1", "cornername": "Nominal", "event": "NewPoint", "EventSource": "Simulation Monitor", "HistoryName": "ExplorerRun.0", "logFile": "/home/viterbi/01/tongjia/work_gpdk045/logs_tongjia/logs1/Job2.log", "logFileSize": "2250"}
[2024-12-09 00:40:12.103 -0800] [EVENT] [cadence.virtuoso.ade.simulationMonitor] - NewPoint {"history": "ExplorerRun.0", "point": 1, "testname": "project_demo_ph3_sytolic_array_tb_1", "cornername": "Nominal", "event": "NewPoint", "EventSource": "spectre", "HistoryName": "ExplorerRun.0", "logFile": "/home/viterbi/01/tongjia/simulation/project_demo/ph3_sytolic_array_tb/maestro/results/maestro/ExplorerRun.0/1/project_demo_ph3_sytolic_array_tb_1/psf/spectre.out", "logFileSize": "-1"}
[2024-12-09 00:40:12.133 -0800] [PROCESS] [cadence.virtuoso.ade.simulationMonitor] - Simulator launched {"hostname": "viterbi-scf1", "processid": 7161, "history": "ExplorerRun.0", "testname": "project_demo_ph3_sytolic_array_tb_1", "cornername": "Nominal", "point": 1, "logfile": "/home/viterbi/01/tongjia/work_gpdk045/logs_tongjia/logs1/Job2.log", "simid": "1"}
[2024-12-09 00:40:12.140 -0800] [PROCESS] [cadence.virtuoso.ade.simulationMonitor] - Expression evaluator launched {"hostname": "viterbi-scf1", "processid": 7161, "history": "ExplorerRun.0", "testname": "project_demo_ph3_sytolic_array_tb_1", "cornername": "Nominal", "point": 1, "logfile": "/home/viterbi/01/tongjia/work_gpdk045/logs_tongjia/logs1/Job2.log"}
[2024-12-09 00:40:12.502 -0800] [PROCESS] [cadence.virtuoso.ade.simulationMonitor] - Started Simulation {"hostname": "viterbi-scf1", "processid": 7161, "history": "ExplorerRun.0", "testname": "project_demo_ph3_sytolic_array_tb_1", "cornername": "Nominal", "point": 1, "logfile": "/home/viterbi/01/tongjia/work_gpdk045/logs_tongjia/logs1/Job2.log", "event": "started", "task": "simulation"}
[2024-12-09 00:40:13.504 -0800] [INFO] [cadence.virtuoso.ade.simulationMonitor] - Notice from spectre during Digital Vector read-in.
    Process Vector Files.
    File read: /home/viterbi/01/tongjia/work_gpdk045/vector_files/ph3.vec {"history": "ExplorerRun.0", "point": 1, "testname": "project_demo_ph3_sytolic_array_tb_1", "cornername": "Nominal"}
[2024-12-09 00:40:26.013 -0800] [INFO] [cadence.virtuoso.ade.simulationMonitor] - Peak resident memory used = 476 Mbytes. {"history": "ExplorerRun.0", "point": 1, "testname": "project_demo_ph3_sytolic_array_tb_1", "cornername": "Nominal"}
[2024-12-09 00:48:46.972 -0800] [INFO] [cadence.virtuoso.ade.simulationMonitor] - Peak resident memory used = 1.45 Gbytes. {"history": "ExplorerRun.0", "point": 1, "testname": "project_demo_ph3_sytolic_array_tb_1", "cornername": "Nominal"}
[2024-12-09 00:49:10.493 -0800] [WARN] [cadence.virtuoso.ade.simulationMonitor] -     WARNING (SPECTRE-8527): There are some nodes and instances removed from the netlist topology check. Check the circuit and correct the topology. Or use preserve_inst to keep them if necessary. {"history": "ExplorerRun.0", "point": 1, "testname": "project_demo_ph3_sytolic_array_tb_1", "cornername": "Nominal"}
[2024-12-09 00:49:10.493 -0800] [WARN] [cadence.virtuoso.ade.simulationMonitor] -     WARNING (SPECTRE-8528): Terminals are connected together. I1.C1379168 is removed. {"history": "ExplorerRun.0", "point": 1, "testname": "project_demo_ph3_sytolic_array_tb_1", "cornername": "Nominal"}
[2024-12-09 00:49:10.494 -0800] [WARN] [cadence.virtuoso.ade.simulationMonitor] -     WARNING (SPECTRE-8528): Terminals are connected together. I1.C1379169 is removed. {"history": "ExplorerRun.0", "point": 1, "testname": "project_demo_ph3_sytolic_array_tb_1", "cornername": "Nominal"}
[2024-12-09 00:49:10.494 -0800] [WARN] [cadence.virtuoso.ade.simulationMonitor] -     WARNING (SPECTRE-8528): Terminals are connected together. I1.C1379171 is removed. {"history": "ExplorerRun.0", "point": 1, "testname": "project_demo_ph3_sytolic_array_tb_1", "cornername": "Nominal"}
[2024-12-09 00:49:10.494 -0800] [WARN] [cadence.virtuoso.ade.simulationMonitor] -     WARNING (SPECTRE-8528): Terminals are connected together. I1.C1379172 is removed. {"history": "ExplorerRun.0", "point": 1, "testname": "project_demo_ph3_sytolic_array_tb_1", "cornername": "Nominal"}
[2024-12-09 00:49:10.494 -0800] [WARN] [cadence.virtuoso.ade.simulationMonitor] -     WARNING (SPECTRE-8528): Terminals are connected together. I1.C1379174 is removed.
        Further occurrences of this warning will be suppressed. {"history": "ExplorerRun.0", "point": 1, "testname": "project_demo_ph3_sytolic_array_tb_1", "cornername": "Nominal"}
[2024-12-09 00:49:10.495 -0800] [INFO] [cadence.virtuoso.ade.simulationMonitor] - Peak resident memory used = 2.63 Gbytes. {"history": "ExplorerRun.0", "point": 1, "testname": "project_demo_ph3_sytolic_array_tb_1", "cornername": "Nominal"}
[2024-12-09 00:52:32.673 -0800] [INFO] [cadence.virtuoso.ade.simulationMonitor] -               nodes 213703 {"history": "ExplorerRun.0", "point": 1, "testname": "project_demo_ph3_sytolic_array_tb_1", "cornername": "Nominal"}
[2024-12-09 00:52:33.174 -0800] [INFO] [cadence.virtuoso.ade.simulationMonitor] - Notice from spectre during initial setup.
    APS Enabled. {"history": "ExplorerRun.0", "point": 1, "testname": "project_demo_ph3_sytolic_array_tb_1", "cornername": "Nominal"}
[2024-12-09 00:52:33.677 -0800] [INFO] [cadence.virtuoso.ade.simulationMonitor] -     Multithreading Enabled: 8 threads in the system with 112 available processors. {"history": "ExplorerRun.0", "point": 1, "testname": "project_demo_ph3_sytolic_array_tb_1", "cornername": "Nominal"}
[2024-12-09 00:52:33.678 -0800] [INFO] [cadence.virtuoso.ade.simulationMonitor] - Peak resident memory used = 3.12 Gbytes. {"history": "ExplorerRun.0", "point": 1, "testname": "project_demo_ph3_sytolic_array_tb_1", "cornername": "Nominal"}
[2024-12-09 00:52:33.678 -0800] [WARN] [cadence.virtuoso.ade.simulationMonitor] -     WARNING (SPECTRE-16707): Only tran supports psfxl format, result of other analyses will be in psfbin format. {"history": "ExplorerRun.0", "point": 1, "testname": "project_demo_ph3_sytolic_array_tb_1", "cornername": "Nominal"}
[2024-12-09 01:29:37.218 -0800] [INFO] [cadence.virtuoso.ade.simulationMonitor] - Notice from spectre during IC analysis, during transient analysis `tran'.
    GminDC = 1 pS is large enough to noticeably affect the DC solution.
        dV(I1.I5|I23|I0|I0|I11|I1|net3) = 74.9645 mV
        Use the `gmin_check' option to eliminate or expand this report.
    Bad pivoting is found during DC analysis. Option dc_pivot_check=yes is recommended for possible improvement of convergence. {"history": "ExplorerRun.0", "point": 1, "testname": "project_demo_ph3_sytolic_array_tb_1", "cornername": "Nominal"}
[2024-12-09 02:08:24.630 -0800] [ERROR] [cadence.virtuoso.ade.simulationMonitor] -     FATAL: Internal error with exception. Terminating simulation. {"history": "ExplorerRun.0", "point": 1, "testname": "project_demo_ph3_sytolic_array_tb_1", "cornername": "Nominal"}
[2024-12-09 02:08:27.136 -0800] [INFO] [cadence.virtuoso.ade.simulationMonitor] - Time used: CPU = 18.1 ks (5h 1m 3s), elapsed = 5.29 ks (1h 28m 15s), util. = 341%. {"history": "ExplorerRun.0", "point": 1, "testname": "project_demo_ph3_sytolic_array_tb_1", "cornername": "Nominal"}
[2024-12-09 02:08:27.137 -0800] [INFO] [cadence.virtuoso.ade.simulationMonitor] - Time spent in licensing: elapsed = 74.6 ms. {"history": "ExplorerRun.0", "point": 1, "testname": "project_demo_ph3_sytolic_array_tb_1", "cornername": "Nominal"}
[2024-12-09 02:08:27.139 -0800] [INFO] [cadence.virtuoso.ade.simulationMonitor] - Peak memory used = 6.24 Gbytes. {"history": "ExplorerRun.0", "point": 1, "testname": "project_demo_ph3_sytolic_array_tb_1", "cornername": "Nominal"}
[2024-12-09 02:08:27.143 -0800] [PROCESS] [cadence.virtuoso.ade.simulationMonitor] - Simulation started at: 12:40:12 AM, Mon Dec 9, 2024, ended at: 2:08:26 AM, Mon Dec 9, 2024, with elapsed time (wall clock): 5.29 ks (1h 28m 15s). {"history": "ExplorerRun.0", "point": 1, "testname": "project_demo_ph3_sytolic_array_tb_1", "cornername": "Nominal"}
[2024-12-09 02:08:27.144 -0800] [PROCESS] [cadence.virtuoso.ade.simulationMonitor] - spectre completes with 1 error, 7 warnings, and 7 notices. {"history": "ExplorerRun.0", "point": 1, "testname": "project_demo_ph3_sytolic_array_tb_1", "cornername": "Nominal"}
[2024-12-09 02:08:30.153 -0800] [FATAL] [cadence.virtuoso.ade.simulationMonitor] - spectre terminated prematurely due to fatal error. {"history": "ExplorerRun.0", "point": 1, "testname": "project_demo_ph3_sytolic_array_tb_1", "cornername": "Nominal"}
[2024-12-09 02:08:33.163 -0800] [PROCESS] [cadence.virtuoso.ade.simulationMonitor] - Finished simulating for one point {"hostname": "viterbi-scf1", "processid": 7161, "history": "ExplorerRun.0", "testname": "project_demo_ph3_sytolic_array_tb_1", "cornername": "Nominal", "point": 1, "logfile": "/home/viterbi/01/tongjia/work_gpdk045/logs_tongjia/logs1/Job2.log", "simid": "1"}
[2024-12-09 02:08:33.164 -0800] [ERROR] [cadence.virtuoso.ade.simulationMonitor] - While simulating run ExplorerRun.0, point 1, test project_demo_ph3_sytolic_array_tb_1, received error:
Simulation Error:
 The simulator process returned a non-zero exit code, indicating failure.
The simulator could have crashed or intentionally returned to indicate an error.
Check the simulator log file for more information.  Common causes:
1. Simulator may have crashed during exit even after reporting success in log file.
2. Abrupt automatic simulator termination (e.g., SIGKILL) because the simulator proc... {"history": "ExplorerRun.0", "point": 1, "testname": "project_demo_ph3_sytolic_array_tb_1", "cornername": "Nominal"}
[2024-12-09 02:08:33.165 -0800] [PROCESS] [cadence.virtuoso.ade.simulationMonitor] - Finished Simulation {"hostname": "viterbi-scf1", "processid": 7161, "history": "ExplorerRun.0", "testname": "project_demo_ph3_sytolic_array_tb_1", "cornername": "Nominal", "point": 1, "logfile": "/home/viterbi/01/tongjia/work_gpdk045/logs_tongjia/logs1/Job2.log", "simid": "1"}
[2024-12-09 02:08:33.173 -0800] [PROCESS] [cadence.virtuoso.ade.simulationMonitor] - Expression evaluator launched {"hostname": "viterbi-scf1", "processid": 7161, "history": "ExplorerRun.0", "testname": "project_demo_ph3_sytolic_array_tb_1", "cornername": "Nominal", "point": 1, "logfile": "/home/viterbi/01/tongjia/work_gpdk045/logs_tongjia/logs1/Job2.log"}
[2024-12-09 02:08:35.715 -0800] [PROCESS] [cadence.virtuoso.ade.simulationMonitor] - Expression evaluator launched {"hostname": "viterbi-scf1", "processid": 7161, "history": "ExplorerRun.0", "testname": "project_demo_ph3_sytolic_array_tb_1", "cornername": "Nominal", "point": 1, "logfile": "/home/viterbi/01/tongjia/work_gpdk045/logs_tongjia/logs1/Job2.log"}
[2024-12-09 02:08:38.244 -0800] [PROCESS] [cadence.virtuoso.ade.simulationMonitor] - Expression evaluator launched {"hostname": "viterbi-scf1", "processid": 7161, "history": "ExplorerRun.0", "testname": "project_demo_ph3_sytolic_array_tb_1", "cornername": "Nominal", "point": 1, "logfile": "/home/viterbi/01/tongjia/work_gpdk045/logs_tongjia/logs1/Job2.log"}
[2024-12-09 02:08:41.287 -0800] [PROCESS] [cadence.virtuoso.ade.simulationMonitor] - Expression evaluator launched {"hostname": "viterbi-scf1", "processid": 7161, "history": "ExplorerRun.0", "testname": "project_demo_ph3_sytolic_array_tb_1", "cornername": "Nominal", "point": 1, "logfile": "/home/viterbi/01/tongjia/work_gpdk045/logs_tongjia/logs1/Job2.log"}
[2024-12-09 02:08:41.314 -0800] [PROCESS] [cadence.virtuoso.ade.simulationMonitor] - Point Finished {"hostname": "viterbi-scf1", "processid": 7161, "history": "ExplorerRun.0", "testname": "project_demo_ph3_sytolic_array_tb_1", "cornername": "Nominal", "point": 1, "logfile": "/home/viterbi/01/tongjia/work_gpdk045/logs_tongjia/logs1/Job2.log"}
[2024-12-09 10:42:58.180 -0800] [PROCESS] [cadence.virtuoso.ade.simulationMonitor] - Current memory used: 32.4805 MBytes, peak memory used: 32.4805 MBytes {"hostname": "viterbi-scf1", "processid": 7161, "history": "ExplorerRun.0", "testname": "project_demo_ph3_sytolic_array_tb_1", "cornername": "Nominal", "point": 1, "logfile": "/home/viterbi/01/tongjia/work_gpdk045/logs_tongjia/logs1/Job2.log"}
[2024-12-09 10:42:58.181 -0800] [PROCESS] [cadence.virtuoso.ade.simulationMonitor] - Simulation Monitor process exit. {"hostname": "viterbi-scf1", "processid": 7161, "history": "ExplorerRun.0", "testname": "project_demo_ph3_sytolic_array_tb_1", "cornername": "Nominal", "point": 1, "logfile": "/home/viterbi/01/tongjia/work_gpdk045/logs_tongjia/logs1/Job2.log"}
