[Simulation Monitor: 4]
[2024-12-09 10:45:41.276 -0800] [PROCESS] [cadence.virtuoso.ade.simulationMonitor] - Simulation Monitor has successfully started up. Trying to set up communication channels to other components ... {"hostname": "viterbi-scf1", "processid": 54772, "logfile": "/home/viterbi/01/tongjia/work_gpdk045/logs_tongjia/logs1/Job4.log"}
[2024-12-09 10:45:41.281 -0800] [PROCESS] [cadence.virtuoso.ade.simulationMonitor] - Communication channels have been successfully set up. Start processing events ... {"hostname": "viterbi-scf1", "processid": 54772, "logfile": "/home/viterbi/01/tongjia/work_gpdk045/logs_tongjia/logs1/Job4.log"}
[2024-12-09 10:45:41.282 -0800] [PROCESS] [cadence.virtuoso.ade.simulationMonitor] - Considering to start history {"hostname": "viterbi-scf1", "processid": 54772, "history": "ExplorerRun.0", "logfile": "/home/viterbi/01/tongjia/work_gpdk045/logs_tongjia/logs1/Job4.log"}
[2024-12-09 10:45:41.290 -0800] [PROCESS] [cadence.virtuoso.ade.simulationMonitor] - HostInfo:
Host name (type):	viterbi-scf1 (x86_64)
Operating system:	Linux 3.10.0-1160.119.1.el7.tuxcare.els10.x86_64 #1 SMP Fri Oct 11 21:40:41 UTC 2024 {"hostname": "viterbi-scf1", "processid": 54772, "history": "ExplorerRun.0", "logfile": "/home/viterbi/01/tongjia/work_gpdk045/logs_tongjia/logs1/Job4.log", "nodename": "viterbi-scf1", "domainname": "viterbi", "machine": "x86_64", "sysname": "Linux", "release": "3.10.0-1160.119.1.el7.tuxcare.els10.x86_64", "version": "#1 SMP Fri Oct 11 21:40:41 UTC 2024"}
[2024-12-09 10:45:41.291 -0800] [PROCESS] [cadence.virtuoso.ade.simulationMonitor] - UsageInfo:
pid=54772
totalPhysicalMemory=1007.132401GB,Used=198.785664GB,totalVirtualMemory=1007.132401GB,Used=198.785664GB
Cpu: Cores=112, Load average:4.830000,4.640000,4.540000 {"hostname": "viterbi-scf1", "processid": 54772, "history": "ExplorerRun.0", "logfile": "/home/viterbi/01/tongjia/work_gpdk045/logs_tongjia/logs1/Job4.log", "pid": "54772", "totalPhysicalMemory": "1007.132401", "physicalMemoryUsed": "198.785664", "totalVirtualMemory": "1007.132401", "virtualMemoryUsed": "198.785664", "cpuCores": "112", "processes": "3408", "loadAverage1": "4.830000", "loadAverage5": "4.640000", "loadAverage15": "4.540000", "loadAverage1Percent": "0.043125"}
[2024-12-09 10:45:41.296 -0800] [EVENT] [cadence.virtuoso.ade.simulationMonitor] - NewPoint {"history": "ExplorerRun.0", "point": 1, "testname": "project_demo_ph3_sytolic_array_tb_1", "cornername": "Nominal", "event": "NewPoint", "EventSource": "Simulation Monitor", "HistoryName": "ExplorerRun.0", "logFile": "/home/viterbi/01/tongjia/work_gpdk045/logs_tongjia/logs1/Job4.log", "logFileSize": "2257"}
[2024-12-09 10:45:41.500 -0800] [EVENT] [cadence.virtuoso.ade.simulationMonitor] - NewPoint {"history": "ExplorerRun.0", "point": 1, "testname": "project_demo_ph3_sytolic_array_tb_1", "cornername": "Nominal", "event": "NewPoint", "EventSource": "spectre", "HistoryName": "ExplorerRun.0", "logFile": "/home/viterbi/01/tongjia/simulation/project_demo/ph3_sytolic_array_tb/maestro/results/maestro/ExplorerRun.0/1/project_demo_ph3_sytolic_array_tb_1/psf/spectre.out", "logFileSize": "-1"}
[2024-12-09 10:45:41.537 -0800] [PROCESS] [cadence.virtuoso.ade.simulationMonitor] - Simulator launched {"hostname": "viterbi-scf1", "processid": 54772, "history": "ExplorerRun.0", "testname": "project_demo_ph3_sytolic_array_tb_1", "cornername": "Nominal", "point": 1, "logfile": "/home/viterbi/01/tongjia/work_gpdk045/logs_tongjia/logs1/Job4.log", "simid": "1"}
[2024-12-09 10:45:41.545 -0800] [PROCESS] [cadence.virtuoso.ade.simulationMonitor] - Expression evaluator launched {"hostname": "viterbi-scf1", "processid": 54772, "history": "ExplorerRun.0", "testname": "project_demo_ph3_sytolic_array_tb_1", "cornername": "Nominal", "point": 1, "logfile": "/home/viterbi/01/tongjia/work_gpdk045/logs_tongjia/logs1/Job4.log"}
[2024-12-09 10:45:42.011 -0800] [PROCESS] [cadence.virtuoso.ade.simulationMonitor] - Started Simulation {"hostname": "viterbi-scf1", "processid": 54772, "history": "ExplorerRun.0", "testname": "project_demo_ph3_sytolic_array_tb_1", "cornername": "Nominal", "point": 1, "logfile": "/home/viterbi/01/tongjia/work_gpdk045/logs_tongjia/logs1/Job4.log", "event": "started", "task": "simulation"}
[2024-12-09 10:45:43.013 -0800] [INFO] [cadence.virtuoso.ade.simulationMonitor] - Notice from spectre during Digital Vector read-in.
    Process Vector Files. {"history": "ExplorerRun.0", "point": 1, "testname": "project_demo_ph3_sytolic_array_tb_1", "cornername": "Nominal"}
[2024-12-09 10:45:55.529 -0800] [INFO] [cadence.virtuoso.ade.simulationMonitor] - Peak resident memory used = 476 Mbytes. {"history": "ExplorerRun.0", "point": 1, "testname": "project_demo_ph3_sytolic_array_tb_1", "cornername": "Nominal"}
[2024-12-09 10:56:02.878 -0800] [INFO] [cadence.virtuoso.ade.simulationMonitor] - Peak resident memory used = 1.46 Gbytes. {"history": "ExplorerRun.0", "point": 1, "testname": "project_demo_ph3_sytolic_array_tb_1", "cornername": "Nominal"}
[2024-12-09 10:56:32.407 -0800] [WARN] [cadence.virtuoso.ade.simulationMonitor] -     WARNING (SPECTRE-8527): There are some nodes and instances removed from the netlist topology check. Check the circuit and correct the topology. Or use preserve_inst to keep them if necessary. {"history": "ExplorerRun.0", "point": 1, "testname": "project_demo_ph3_sytolic_array_tb_1", "cornername": "Nominal"}
[2024-12-09 10:56:32.408 -0800] [WARN] [cadence.virtuoso.ade.simulationMonitor] -     WARNING (SPECTRE-8528): Terminals are connected together. I1.C1379168 is removed. {"history": "ExplorerRun.0", "point": 1, "testname": "project_demo_ph3_sytolic_array_tb_1", "cornername": "Nominal"}
[2024-12-09 10:56:32.409 -0800] [WARN] [cadence.virtuoso.ade.simulationMonitor] -     WARNING (SPECTRE-8528): Terminals are connected together. I1.C1379169 is removed. {"history": "ExplorerRun.0", "point": 1, "testname": "project_demo_ph3_sytolic_array_tb_1", "cornername": "Nominal"}
[2024-12-09 10:56:32.409 -0800] [WARN] [cadence.virtuoso.ade.simulationMonitor] -     WARNING (SPECTRE-8528): Terminals are connected together. I1.C1379171 is removed. {"history": "ExplorerRun.0", "point": 1, "testname": "project_demo_ph3_sytolic_array_tb_1", "cornername": "Nominal"}
[2024-12-09 10:56:32.409 -0800] [WARN] [cadence.virtuoso.ade.simulationMonitor] -     WARNING (SPECTRE-8528): Terminals are connected together. I1.C1379172 is removed. {"history": "ExplorerRun.0", "point": 1, "testname": "project_demo_ph3_sytolic_array_tb_1", "cornername": "Nominal"}
[2024-12-09 10:56:32.410 -0800] [WARN] [cadence.virtuoso.ade.simulationMonitor] -     WARNING (SPECTRE-8528): Terminals are connected together. I1.C1379174 is removed.
        Further occurrences of this warning will be suppressed. {"history": "ExplorerRun.0", "point": 1, "testname": "project_demo_ph3_sytolic_array_tb_1", "cornername": "Nominal"}
[2024-12-09 10:56:32.911 -0800] [INFO] [cadence.virtuoso.ade.simulationMonitor] - Peak resident memory used = 2.63 Gbytes. {"history": "ExplorerRun.0", "point": 1, "testname": "project_demo_ph3_sytolic_array_tb_1", "cornername": "Nominal"}
[2024-12-09 10:59:58.626 -0800] [INFO] [cadence.virtuoso.ade.simulationMonitor] -               nodes 213703 {"history": "ExplorerRun.0", "point": 1, "testname": "project_demo_ph3_sytolic_array_tb_1", "cornername": "Nominal"}
[2024-12-09 10:59:58.627 -0800] [INFO] [cadence.virtuoso.ade.simulationMonitor] - Notice from spectre during initial setup.
    APS Enabled. {"history": "ExplorerRun.0", "point": 1, "testname": "project_demo_ph3_sytolic_array_tb_1", "cornername": "Nominal"}
[2024-12-09 10:59:59.630 -0800] [INFO] [cadence.virtuoso.ade.simulationMonitor] -     Multithreading Enabled: 8 threads in the system with 112 available processors. {"history": "ExplorerRun.0", "point": 1, "testname": "project_demo_ph3_sytolic_array_tb_1", "cornername": "Nominal"}
[2024-12-09 10:59:59.630 -0800] [INFO] [cadence.virtuoso.ade.simulationMonitor] - Peak resident memory used = 3.13 Gbytes. {"history": "ExplorerRun.0", "point": 1, "testname": "project_demo_ph3_sytolic_array_tb_1", "cornername": "Nominal"}
[2024-12-09 10:59:59.631 -0800] [WARN] [cadence.virtuoso.ade.simulationMonitor] -     WARNING (SPECTRE-16707): Only tran supports psfxl format, result of other analyses will be in psfbin format. {"history": "ExplorerRun.0", "point": 1, "testname": "project_demo_ph3_sytolic_array_tb_1", "cornername": "Nominal"}
[2024-12-09 11:41:15.303 -0800] [INFO] [cadence.virtuoso.ade.simulationMonitor] - Notice from spectre during IC analysis, during transient analysis `tran'.
    GminDC = 1 pS is large enough to noticeably affect the DC solution.
        dV(I1.I5|I23|I0|I0|I11|I1|net3) = 74.9645 mV
        Use the `gmin_check' option to eliminate or expand this report.
    Bad pivoting is found during DC analysis. Option dc_pivot_check=yes is recommended for possible improvement of convergence. {"history": "ExplorerRun.0", "point": 1, "testname": "project_demo_ph3_sytolic_array_tb_1", "cornername": "Nominal"}
[2024-12-09 12:31:23.394 -0800] [ERROR] [cadence.virtuoso.ade.simulationMonitor] -     FATAL: Internal error with exception. Terminating simulation. {"history": "ExplorerRun.0", "point": 1, "testname": "project_demo_ph3_sytolic_array_tb_1", "cornername": "Nominal"}
[2024-12-09 12:31:24.905 -0800] [INFO] [cadence.virtuoso.ade.simulationMonitor] - Time used: CPU = 21.7 ks (6h 0m 55s), elapsed = 6.34 ks (1h 45m 43s), util. = 341%. {"history": "ExplorerRun.0", "point": 1, "testname": "project_demo_ph3_sytolic_array_tb_1", "cornername": "Nominal"}
[2024-12-09 12:31:24.906 -0800] [INFO] [cadence.virtuoso.ade.simulationMonitor] - Time spent in licensing: elapsed = 79.1 ms. {"history": "ExplorerRun.0", "point": 1, "testname": "project_demo_ph3_sytolic_array_tb_1", "cornername": "Nominal"}
[2024-12-09 12:31:24.908 -0800] [INFO] [cadence.virtuoso.ade.simulationMonitor] - Peak memory used = 6.26 Gbytes. {"history": "ExplorerRun.0", "point": 1, "testname": "project_demo_ph3_sytolic_array_tb_1", "cornername": "Nominal"}
[2024-12-09 12:31:24.912 -0800] [PROCESS] [cadence.virtuoso.ade.simulationMonitor] - Simulation started at: 10:45:41 AM, Mon Dec 9, 2024, ended at: 12:31:24 PM, Mon Dec 9, 2024, with elapsed time (wall clock): 6.34 ks (1h 45m 43s). {"history": "ExplorerRun.0", "point": 1, "testname": "project_demo_ph3_sytolic_array_tb_1", "cornername": "Nominal"}
[2024-12-09 12:31:24.912 -0800] [PROCESS] [cadence.virtuoso.ade.simulationMonitor] - spectre completes with 1 error, 7 warnings, and 7 notices. {"history": "ExplorerRun.0", "point": 1, "testname": "project_demo_ph3_sytolic_array_tb_1", "cornername": "Nominal"}
[2024-12-09 12:31:27.914 -0800] [FATAL] [cadence.virtuoso.ade.simulationMonitor] - spectre terminated prematurely due to fatal error. {"history": "ExplorerRun.0", "point": 1, "testname": "project_demo_ph3_sytolic_array_tb_1", "cornername": "Nominal"}
[2024-12-09 12:31:31.427 -0800] [PROCESS] [cadence.virtuoso.ade.simulationMonitor] - Finished simulating for one point {"hostname": "viterbi-scf1", "processid": 54772, "history": "ExplorerRun.0", "testname": "project_demo_ph3_sytolic_array_tb_1", "cornername": "Nominal", "point": 1, "logfile": "/home/viterbi/01/tongjia/work_gpdk045/logs_tongjia/logs1/Job4.log", "simid": "1"}
[2024-12-09 12:31:31.429 -0800] [ERROR] [cadence.virtuoso.ade.simulationMonitor] - While simulating run ExplorerRun.0, point 1, test project_demo_ph3_sytolic_array_tb_1, received error:
Simulation Error:
 The simulator process returned a non-zero exit code, indicating failure.
The simulator could have crashed or intentionally returned to indicate an error.
Check the simulator log file for more information.  Common causes:
1. Simulator may have crashed during exit even after reporting success in log file.
2. Abrupt automatic simulator termination (e.g., SIGKILL) because the simulator proc... {"history": "ExplorerRun.0", "point": 1, "testname": "project_demo_ph3_sytolic_array_tb_1", "cornername": "Nominal"}
[2024-12-09 12:31:31.430 -0800] [PROCESS] [cadence.virtuoso.ade.simulationMonitor] - Finished Simulation {"hostname": "viterbi-scf1", "processid": 54772, "history": "ExplorerRun.0", "testname": "project_demo_ph3_sytolic_array_tb_1", "cornername": "Nominal", "point": 1, "logfile": "/home/viterbi/01/tongjia/work_gpdk045/logs_tongjia/logs1/Job4.log", "simid": "1"}
[2024-12-09 12:31:31.438 -0800] [PROCESS] [cadence.virtuoso.ade.simulationMonitor] - Expression evaluator launched {"hostname": "viterbi-scf1", "processid": 54772, "history": "ExplorerRun.0", "testname": "project_demo_ph3_sytolic_array_tb_1", "cornername": "Nominal", "point": 1, "logfile": "/home/viterbi/01/tongjia/work_gpdk045/logs_tongjia/logs1/Job4.log"}
[2024-12-09 12:31:34.479 -0800] [PROCESS] [cadence.virtuoso.ade.simulationMonitor] - Expression evaluator launched {"hostname": "viterbi-scf1", "processid": 54772, "history": "ExplorerRun.0", "testname": "project_demo_ph3_sytolic_array_tb_1", "cornername": "Nominal", "point": 1, "logfile": "/home/viterbi/01/tongjia/work_gpdk045/logs_tongjia/logs1/Job4.log"}
[2024-12-09 12:31:37.012 -0800] [PROCESS] [cadence.virtuoso.ade.simulationMonitor] - Expression evaluator launched {"hostname": "viterbi-scf1", "processid": 54772, "history": "ExplorerRun.0", "testname": "project_demo_ph3_sytolic_array_tb_1", "cornername": "Nominal", "point": 1, "logfile": "/home/viterbi/01/tongjia/work_gpdk045/logs_tongjia/logs1/Job4.log"}
[2024-12-09 12:31:39.550 -0800] [PROCESS] [cadence.virtuoso.ade.simulationMonitor] - Expression evaluator launched {"hostname": "viterbi-scf1", "processid": 54772, "history": "ExplorerRun.0", "testname": "project_demo_ph3_sytolic_array_tb_1", "cornername": "Nominal", "point": 1, "logfile": "/home/viterbi/01/tongjia/work_gpdk045/logs_tongjia/logs1/Job4.log"}
[2024-12-09 12:31:39.580 -0800] [PROCESS] [cadence.virtuoso.ade.simulationMonitor] - Point Finished {"hostname": "viterbi-scf1", "processid": 54772, "history": "ExplorerRun.0", "testname": "project_demo_ph3_sytolic_array_tb_1", "cornername": "Nominal", "point": 1, "logfile": "/home/viterbi/01/tongjia/work_gpdk045/logs_tongjia/logs1/Job4.log"}
