[Simulation Monitor: 5]
[2024-11-09 18:19:53.668 -0800] [PROCESS] [cadence.virtuoso.ade.simulationMonitor] - Simulation Monitor has successfully started up. Trying to set up communication channels to other components ... {"hostname": "viterbi-scf2", "processid": 234495, "logfile": "/home/viterbi/01/tongjia/work_gpdk045/logs_tongjia/logs1/Job5.log"}
[2024-11-09 18:19:53.673 -0800] [PROCESS] [cadence.virtuoso.ade.simulationMonitor] - Communication channels have been successfully set up. Start processing events ... {"hostname": "viterbi-scf2", "processid": 234495, "logfile": "/home/viterbi/01/tongjia/work_gpdk045/logs_tongjia/logs1/Job5.log"}
[2024-11-09 18:19:53.673 -0800] [PROCESS] [cadence.virtuoso.ade.simulationMonitor] - Considering to start history {"hostname": "viterbi-scf2", "processid": 234495, "history": "ExplorerRun.0", "logfile": "/home/viterbi/01/tongjia/work_gpdk045/logs_tongjia/logs1/Job5.log"}
[2024-11-09 18:19:53.694 -0800] [PROCESS] [cadence.virtuoso.ade.simulationMonitor] - HostInfo:
Host name (type):	viterbi-scf2 (x86_64)
Operating system:	Linux 3.10.0-1160.119.1.el7.tuxcare.els7.x86_64 #1 SMP Fri Sep 20 11:32:55 UTC 2024 {"hostname": "viterbi-scf2", "processid": 234495, "history": "ExplorerRun.0", "logfile": "/home/viterbi/01/tongjia/work_gpdk045/logs_tongjia/logs1/Job5.log", "nodename": "viterbi-scf2", "domainname": "viterbi", "machine": "x86_64", "sysname": "Linux", "release": "3.10.0-1160.119.1.el7.tuxcare.els7.x86_64", "version": "#1 SMP Fri Sep 20 11:32:55 UTC 2024"}
[2024-11-09 18:19:53.696 -0800] [PROCESS] [cadence.virtuoso.ade.simulationMonitor] - UsageInfo:
pid=234495
totalPhysicalMemory=1007.132401GB,Used=155.546436GB,totalVirtualMemory=1007.132401GB,Used=155.546436GB
Cpu: Cores=112, Load average:50.640000,50.720000,55.520000 {"hostname": "viterbi-scf2", "processid": 234495, "history": "ExplorerRun.0", "logfile": "/home/viterbi/01/tongjia/work_gpdk045/logs_tongjia/logs1/Job5.log", "pid": "234495", "totalPhysicalMemory": "1007.132401", "physicalMemoryUsed": "155.546436", "totalVirtualMemory": "1007.132401", "virtualMemoryUsed": "155.546436", "cpuCores": "112", "processes": "8690", "loadAverage1": "50.640000", "loadAverage5": "50.720000", "loadAverage15": "55.520000", "loadAverage1Percent": "0.452143"}
[2024-11-09 18:19:53.700 -0800] [EVENT] [cadence.virtuoso.ade.simulationMonitor] - NewPoint {"history": "ExplorerRun.0", "point": 1, "testname": "project_demo_ph1p3_MSDFF_tb_1", "cornername": "Nominal", "event": "NewPoint", "EventSource": "Simulation Monitor", "HistoryName": "ExplorerRun.0", "logFile": "/home/viterbi/01/tongjia/work_gpdk045/logs_tongjia/logs1/Job5.log", "logFileSize": "2268"}
[2024-11-09 18:19:54.305 -0800] [EVENT] [cadence.virtuoso.ade.simulationMonitor] - NewPoint {"history": "ExplorerRun.0", "point": 1, "testname": "project_demo_ph1p3_MSDFF_tb_1", "cornername": "Nominal", "event": "NewPoint", "EventSource": "spectre", "HistoryName": "ExplorerRun.0", "logFile": "/home/viterbi/01/tongjia/simulation/project_demo/ph1p3_MSDFF_tb/maestro/results/maestro/ExplorerRun.0/1/project_demo_ph1p3_MSDFF_tb_1/psf/spectre.out", "logFileSize": "-1"}
[2024-11-09 18:19:54.329 -0800] [PROCESS] [cadence.virtuoso.ade.simulationMonitor] - Simulator launched {"hostname": "viterbi-scf2", "processid": 234495, "history": "ExplorerRun.0", "testname": "project_demo_ph1p3_MSDFF_tb_1", "cornername": "Nominal", "point": 1, "logfile": "/home/viterbi/01/tongjia/work_gpdk045/logs_tongjia/logs1/Job5.log", "simid": "1"}
[2024-11-09 18:19:54.335 -0800] [PROCESS] [cadence.virtuoso.ade.simulationMonitor] - Expression evaluator launched {"hostname": "viterbi-scf2", "processid": 234495, "history": "ExplorerRun.0", "testname": "project_demo_ph1p3_MSDFF_tb_1", "cornername": "Nominal", "point": 1, "logfile": "/home/viterbi/01/tongjia/work_gpdk045/logs_tongjia/logs1/Job5.log"}
[2024-11-09 18:19:56.027 -0800] [PROCESS] [cadence.virtuoso.ade.simulationMonitor] - Started Simulation {"hostname": "viterbi-scf2", "processid": 234495, "history": "ExplorerRun.0", "testname": "project_demo_ph1p3_MSDFF_tb_1", "cornername": "Nominal", "point": 1, "logfile": "/home/viterbi/01/tongjia/work_gpdk045/logs_tongjia/logs1/Job5.log", "event": "started", "task": "simulation"}
[2024-11-09 18:19:56.029 -0800] [INFO] [cadence.virtuoso.ade.simulationMonitor] - Peak resident memory used = 52.8 Mbytes. {"history": "ExplorerRun.0", "point": 1, "testname": "project_demo_ph1p3_MSDFF_tb_1", "cornername": "Nominal"}
[2024-11-09 18:19:56.030 -0800] [INFO] [cadence.virtuoso.ade.simulationMonitor] - Peak resident memory used = 63.3 Mbytes. {"history": "ExplorerRun.0", "point": 1, "testname": "project_demo_ph1p3_MSDFF_tb_1", "cornername": "Nominal"}
[2024-11-09 18:19:56.030 -0800] [INFO] [cadence.virtuoso.ade.simulationMonitor] - Peak resident memory used = 65.1 Mbytes. {"history": "ExplorerRun.0", "point": 1, "testname": "project_demo_ph1p3_MSDFF_tb_1", "cornername": "Nominal"}
[2024-11-09 18:19:56.031 -0800] [INFO] [cadence.virtuoso.ade.simulationMonitor] - Notice from spectre during initial setup.
    Multithreading is disabled due to the size of the design being too small. {"history": "ExplorerRun.0", "point": 1, "testname": "project_demo_ph1p3_MSDFF_tb_1", "cornername": "Nominal"}
[2024-11-09 18:19:56.037 -0800] [INFO] [cadence.virtuoso.ade.simulationMonitor] -               nodes 234 {"history": "ExplorerRun.0", "point": 1, "testname": "project_demo_ph1p3_MSDFF_tb_1", "cornername": "Nominal"}
[2024-11-09 18:19:56.038 -0800] [INFO] [cadence.virtuoso.ade.simulationMonitor] - Notice from spectre during initial setup.
    APS Enabled. {"history": "ExplorerRun.0", "point": 1, "testname": "project_demo_ph1p3_MSDFF_tb_1", "cornername": "Nominal"}
[2024-11-09 18:19:56.038 -0800] [INFO] [cadence.virtuoso.ade.simulationMonitor] - Peak resident memory used = 66.2 Mbytes. {"history": "ExplorerRun.0", "point": 1, "testname": "project_demo_ph1p3_MSDFF_tb_1", "cornername": "Nominal"}
[2024-11-09 18:19:56.038 -0800] [WARN] [cadence.virtuoso.ade.simulationMonitor] -     WARNING (SPECTRE-16707): Only tran supports psfxl format, result of other analyses will be in psfbin format. {"history": "ExplorerRun.0", "point": 1, "testname": "project_demo_ph1p3_MSDFF_tb_1", "cornername": "Nominal"}
[2024-11-09 18:19:56.039 -0800] [INFO] [cadence.virtuoso.ade.simulationMonitor] - Notice from spectre during IC analysis, during transient analysis `tran'.
    Bad pivoting is found during DC analysis. Option dc_pivot_check=yes is recommended for possible improvement of convergence. {"history": "ExplorerRun.0", "point": 1, "testname": "project_demo_ph1p3_MSDFF_tb_1", "cornername": "Nominal"}
[2024-11-09 18:19:56.039 -0800] [INFO] [cadence.virtuoso.ade.simulationMonitor] - Notice from spectre during transient analysis `tran'.
    Multithreading is disabled due to the size of the design being too small. {"history": "ExplorerRun.0", "point": 1, "testname": "project_demo_ph1p3_MSDFF_tb_1", "cornername": "Nominal"}
[2024-11-09 18:19:56.040 -0800] [INFO] [cadence.virtuoso.ade.simulationMonitor] - Notice from spectre at time = 4.01611 ns during transient analysis `tran'.
    Found trapezoidal ringing on node I8.I15|PM0.n1. {"history": "ExplorerRun.0", "point": 1, "testname": "project_demo_ph1p3_MSDFF_tb_1", "cornername": "Nominal"}
[2024-11-09 18:19:56.040 -0800] [INFO] [cadence.virtuoso.ade.simulationMonitor] - Notice from spectre at time = 6.42911 ns during transient analysis `tran'.
    Found trapezoidal ringing on node I8.I19|NM0.n1. {"history": "ExplorerRun.0", "point": 1, "testname": "project_demo_ph1p3_MSDFF_tb_1", "cornername": "Nominal"}
[2024-11-09 18:19:56.041 -0800] [INFO] [cadence.virtuoso.ade.simulationMonitor] - Notice from spectre at time = 6.71486 ns during transient analysis `tran'.
    Found trapezoidal ringing on node I8.I19|NM0.n1. {"history": "ExplorerRun.0", "point": 1, "testname": "project_demo_ph1p3_MSDFF_tb_1", "cornername": "Nominal"}
[2024-11-09 18:19:56.041 -0800] [INFO] [cadence.virtuoso.ade.simulationMonitor] - Notice from spectre at time = 7.28636 ns during transient analysis `tran'.
    Found trapezoidal ringing on node I8.I19|NM0.n1. {"history": "ExplorerRun.0", "point": 1, "testname": "project_demo_ph1p3_MSDFF_tb_1", "cornername": "Nominal"}
[2024-11-09 18:19:56.042 -0800] [INFO] [cadence.virtuoso.ade.simulationMonitor] - Notice from spectre at time = 8 ns during transient analysis `tran'.
    Found trapezoidal ringing on node I8.I19|NM0.n1.
        Further occurrences of this notice will be suppressed. {"history": "ExplorerRun.0", "point": 1, "testname": "project_demo_ph1p3_MSDFF_tb_1", "cornername": "Nominal"}
[2024-11-09 18:19:56.542 -0800] [INFO] [cadence.virtuoso.ade.simulationMonitor] - Notice from spectre during transient analysis `tran'.
    Trapezoidal ringing is detected during tran analysis.
        Please use method=trap for better results and performance. {"history": "ExplorerRun.0", "point": 1, "testname": "project_demo_ph1p3_MSDFF_tb_1", "cornername": "Nominal"}
[2024-11-09 18:19:56.543 -0800] [INFO] [cadence.virtuoso.ade.simulationMonitor] - Total time required for tran analysis `tran': CPU = 442.951 ms, elapsed = 468.512 ms. {"history": "ExplorerRun.0", "point": 1, "testname": "project_demo_ph1p3_MSDFF_tb_1", "cornername": "Nominal"}
[2024-11-09 18:19:56.545 -0800] [INFO] [cadence.virtuoso.ade.simulationMonitor] - Peak resident memory used = 74.6 Mbytes. {"history": "ExplorerRun.0", "point": 1, "testname": "project_demo_ph1p3_MSDFF_tb_1", "cornername": "Nominal"}
[2024-11-09 18:19:56.547 -0800] [INFO] [cadence.virtuoso.ade.simulationMonitor] - Notice from spectre.
    48 notices suppressed. {"history": "ExplorerRun.0", "point": 1, "testname": "project_demo_ph1p3_MSDFF_tb_1", "cornername": "Nominal"}
[2024-11-09 18:19:56.549 -0800] [INFO] [cadence.virtuoso.ade.simulationMonitor] - Time used: CPU = 1.67 s, elapsed = 1.95 s, util. = 85.9%. {"history": "ExplorerRun.0", "point": 1, "testname": "project_demo_ph1p3_MSDFF_tb_1", "cornername": "Nominal"}
[2024-11-09 18:19:56.551 -0800] [INFO] [cadence.virtuoso.ade.simulationMonitor] - Time spent in licensing: elapsed = 27 ms. {"history": "ExplorerRun.0", "point": 1, "testname": "project_demo_ph1p3_MSDFF_tb_1", "cornername": "Nominal"}
[2024-11-09 18:19:56.553 -0800] [INFO] [cadence.virtuoso.ade.simulationMonitor] - Peak memory used = 75.2 Mbytes. {"history": "ExplorerRun.0", "point": 1, "testname": "project_demo_ph1p3_MSDFF_tb_1", "cornername": "Nominal"}
[2024-11-09 18:19:56.558 -0800] [PROCESS] [cadence.virtuoso.ade.simulationMonitor] - Simulation started at: 6:19:54 PM, Sat Nov 9, 2024, ended at: 6:19:56 PM, Sat Nov 9, 2024, with elapsed time (wall clock): 1.95 s. {"history": "ExplorerRun.0", "point": 1, "testname": "project_demo_ph1p3_MSDFF_tb_1", "cornername": "Nominal"}
[2024-11-09 18:19:56.559 -0800] [PROCESS] [cadence.virtuoso.ade.simulationMonitor] - spectre completes with 0 errors, 1 warning, and 11 notices. {"history": "ExplorerRun.0", "point": 1, "testname": "project_demo_ph1p3_MSDFF_tb_1", "cornername": "Nominal"}
[2024-11-09 18:19:57.064 -0800] [PROCESS] [cadence.virtuoso.ade.simulationMonitor] - Finished simulating for one point {"hostname": "viterbi-scf2", "processid": 234495, "history": "ExplorerRun.0", "testname": "project_demo_ph1p3_MSDFF_tb_1", "cornername": "Nominal", "point": 1, "logfile": "/home/viterbi/01/tongjia/work_gpdk045/logs_tongjia/logs1/Job5.log", "simid": "1"}
[2024-11-09 18:19:57.066 -0800] [PROCESS] [cadence.virtuoso.ade.simulationMonitor] - Simulator exited {"hostname": "viterbi-scf2", "processid": 234495, "history": "ExplorerRun.0", "testname": "project_demo_ph1p3_MSDFF_tb_1", "cornername": "Nominal", "point": 1, "logfile": "/home/viterbi/01/tongjia/work_gpdk045/logs_tongjia/logs1/Job5.log", "exitStatus": "0"}
[2024-11-09 18:19:57.068 -0800] [PROCESS] [cadence.virtuoso.ade.simulationMonitor] - Finished Simulation {"hostname": "viterbi-scf2", "processid": 234495, "history": "ExplorerRun.0", "testname": "project_demo_ph1p3_MSDFF_tb_1", "cornername": "Nominal", "point": 1, "logfile": "/home/viterbi/01/tongjia/work_gpdk045/logs_tongjia/logs1/Job5.log", "simid": "1"}
[2024-11-09 18:20:05.601 -0800] [PROCESS] [cadence.virtuoso.ade.simulationMonitor] - Point Finished {"hostname": "viterbi-scf2", "processid": 234495, "history": "ExplorerRun.0", "testname": "project_demo_ph1p3_MSDFF_tb_1", "cornername": "Nominal", "point": 1, "logfile": "/home/viterbi/01/tongjia/work_gpdk045/logs_tongjia/logs1/Job5.log"}
[2024-11-09 18:20:06.619 -0800] [PROCESS] [cadence.virtuoso.ade.simulationMonitor] - Stay with the runId '0', Linger time '300', currentRunSyn '1', currentTestSyn '2' {"hostname": "viterbi-scf2", "processid": 234495, "history": "ExplorerRun.0", "testname": "project_demo_ph1p3_MSDFF_tb_1", "cornername": "Nominal", "point": 1, "logfile": "/home/viterbi/01/tongjia/work_gpdk045/logs_tongjia/logs1/Job5.log"}
[2024-11-09 18:24:34.718 -0800] [PROCESS] [cadence.virtuoso.ade.simulationMonitor] - get signal Terminated<15> from user:tongjia, which pid:234493:/usr/local/cadence/ICADVM201/tools/bin/64bit/cdsServIpc {"hostname": "viterbi-scf2", "processid": 234495, "history": "ExplorerRun.0", "testname": "project_demo_ph1p3_MSDFF_tb_1", "cornername": "Nominal", "point": 1, "logfile": "/home/viterbi/01/tongjia/work_gpdk045/logs_tongjia/logs1/Job5.log", "signal": "15", "signalName": "Terminated", "which": "/usr/local/cadence/ICADVM201/tools/bin/64bit/cdsServIpc", "pid": "234493", "user": "tongjia", "uid": "506509"}
[2024-11-09 18:24:34.719 -0800] [INFO] [cadence.virtuoso.ade.simulationMonitor] - SimulationMonitor has terminated the  process '234682', reason: 'simulationMonitor is handling signal 15' {"history": "ExplorerRun.0", "point": 1, "testname": "project_demo_ph1p3_MSDFF_tb_1", "cornername": "Nominal"}
