\# Program start time:     UTC 2024.11.10 02:19:36.231
\# Local time: PST (UTC-08:00) 2024.11.09 18:19:36.231
\o Program:		@(#)$CDS: virtuoso version ICADVM20.1-64b 10/11/2023 09:26 (cpgbld01) $
\o Hierarchy:		/usr/local/cadence/ICADVM201/tools.lnx86/dfII/
\o Sub version:		sub-version  ICADVM20.1-64b.500.34  (64-bit addresses)
\# Command line:	/usr/local/cadence/ICADVM201/tools.lnx86/dfII/bin/64bit/virtuoso -beanhost viterbi-scf2 -beanport 11300 -beanbinlog  -beanLogFile /home/viterbi/01/tongjia/work_gpdk045/logs_tongjia/logs1/amps_Service4.log -mpssession virtuoso159530 -mpshost viterbi-scf2 -davinciService DaVinciService_159530_1731204624 -axlSession fnxSession1 -axlServiceIdFlag 4 -uuid c587bec5-f858-40b8-bdd5-7cfeba50ae07 -heartbeat /dev/shm/swift-heartbeat.YPdVLz8bH1 -log /home/viterbi/01/tongjia/work_gpdk045/logs_tongjia/logs1/Service4.log -noautostart -nographE -lscs 000175E1894CBE06FF0966E38F1FFC06BC4D62ED9A709D06D62460E4905B952BCE2F3AE2CD7CCD06867E66E38F1FFC06BC4D66E38F1FFC06BC4D01D3972AE433DB7D00001E50 -interactive -offlineExprEval -fenixMode explorer -heartbeatTimeout  -lingerTimeout 300 -pointlifetime -1
\# Host name (type):	viterbi-scf2 (x86_64)
\# Operating system:	Linux 3.10.0-1160.119.1.el7.tuxcare.els7.x86_64 #1 SMP Fri Sep 20 11:32:55 UTC 2024
\# Linux /etc/issue:	\S
\# Linux /etc/issue:	Kernel \r on an \m
\# X display name (WxH):	:5426 (1024x868)
\# Available geometry:			TL(0:0) BR(1023:867)
\# X server:			The X.Org Foundation
\# Depth of Visual (Root):	24 (24)
\# Number of Planes Used:	24
\# X version:		11.0 (vendor release 12004000)
\# X resource pool:	base 0x400000, mask 0x1fffff (2097151), shift 0
\# 			current id 0x0, current max 0x1ffffa (2097146)
\# Max data seg size:	     unlimited
\# Max process size:	     unlimited
\# Initial sbrk value:	        617 MB
\# Available memory:	    874,689 MB
\# System memory:	  1,031,304 MB
\# Maximum memory size:	  1,030,977 MB
\# Max mem available:	    874,980 MB
\# Initial memory used:	        291 MB
\#        process size:	      1,889 MB
\# Thread usage limits (effective/default):	maxthreads 4096/4096 maxload 112.00/112.00
\# Qt version:		5.9.1
\# Window Manager:	other
\# User Name:		tongjia
\o Working Directory:	viterbi-scf2:/home/viterbi/01/tongjia/work_gpdk045
\# Process Id:		232416
\o 
\o COPYRIGHT (C) 1992-2023  CADENCE DESIGN SYSTEMS INC.  ALL RIGHTS RESERVED.
\o           (C) 1992-2023  UNIX SYSTEMS Laboratories INC.,
\o                          Reproduced with permission.
\o 
\o This Cadence Design Systems program and online documentation are
\o proprietary/confidential information and may be disclosed/used only
\o as authorized in a license agreement controlling such use and disclosure.
\o 
\o           RESTRICTED RIGHTS NOTICE (SHORT FORM)
\o Use/reproduction/disclosure is subject to restriction
\o set forth at FAR 1252.227-19 or its equivalent.
\o Loading geView.cxt 
\o Loading menuBuilder.cxt 
\o Loading schView.cxt 
\o Loading selectSv.cxt 
\o Loading pegasusui.cxt
\o Loading wireEdit.cxt 
\o Loading pte2.cxt 
\o Loading xlUI.cxt 
\o Loading auCore.cxt 
\o Loading vhdl.cxt 
\o Loading seismic.cxt 
\o Loading ci.cxt 
\o Loading layers.cxt 
\o Loading ams.cxt 
\o Loading oasis.cxt 
\# Memory report: using         401 MB, process size 2,030 MB at UTC 2024.11.10 02:19:38.063
\o Loading analog.cxt 
\o Loading asimenv.cxt 
\o Loading dal.cxt 
\o Loading awv.cxt 
\o Loading socket.cxt 
\o Loading par.cxt 
\o Loading alvs.cxt 
\o Loading caa.cxt 
\o Loading amps.cxt 
\o Loading adexlCore.cxt 
\o Loading adexl.cxt 
\o *Info*    Exporting services from client ... 
\o 
\o Loading adexlDM.cxt 
\o Loading cpf.cxt 
\o Loading cli.cxt 
\o Loading lp.cxt 
\o INFO (ELI-00302) Connecting to parent process (session=virtuoso159530, host=viterbi-scf2). Connection mode is LSCS. Total timeout is 180 seconds. Connection timeout is 90 seconds.
\o INFO (ELI-00303) Step 1: Connecting to parent. Time spent is 0 seconds.
\o INFO (ELI-00304) The registration of the child 232416 within 90 seconds is being processed...
\o INFO (ELI-00305) The result of registration is true. Time spent is 0 seconds.
\o INFO (ELI-00308) The connection has ended. Result is true. Total time spent is 0 seconds.
\# [18:19:36.498146] Configured Lic search path (22.01-s002): 1720@ics-lic2.usc.edu:1721@lic-cadence.usc.edu
\p > 
\# Loading perfDiag...
\# (PerfDiag): Set GDB path to environment variable 'gdbPath' (gdb).
\# Performance Diagnostic tool is installed. You can access PerfDiag from CIW Tools or use the shell command 'cdsPerfDiag -p 232416' to open it when Virtuoso freezes.
\# (PerfDiag): Loading backtrace from /usr/local/cadence/ICADVM201/tools/lib/64bit/cdnslibunwind.so
\w *WARNING* _perfPstackCheck: Cannot find pstack/gstack. Please setup PATH environment variable to pstack/gstack executable.
\i _axlRunServices()
\o Loading simui.cxt 
\o [2024-11-09 18:19:40.168 -0800] [PROCESS] [cadence.virtuoso.ade.services] - Netlist Service has successfully started. Waiting for incoming messages ... {"hostname": "viterbi-scf2", "processid": 232416, "logfile": "/home/viterbi/01/tongjia/work_gpdk045/logs_tongjia/logs1/Service4.log"}
\# Memory report: using         552 MB, process size 2,310 MB at UTC 2024.11.10 02:19:44.219
\# Available memory:        874,399 MB at UTC 2024.11.10 02:19:48.231
\# Memory report: Maximum memory size now 874,951 MB at UTC 2024.11.10 02:19:48.231
\# Thread usage report: 118 active threads, active load 1.40 at UTC 2024.11.10 02:19:48.231
\o Loading vdsil.cxt 
\# Lic Summary:
\# [18:24:36.283530] Cdslmd servers:1720@ics-lic2.usc.edu:1721@lic-cadence.usc.edu
\# [18:24:36.283568] Feature usage summary:
\# Memory report: on exit            552 MB, process size 2,310 MB at UTC 2024.11.10 02:24:36.283
\# Memory report: peak usage         552 MB, process size 2,310 MB
