[ADE GUI: b405d2f3-4840-4abb-8924-87c30e34b96a]
[2024-12-09 00:38:38.425 -0800] [PROCESS] [cadence.virtuoso.ade.gui] - /home/viterbi/01/tongjia/work_gpdk045/.tmp_tongjia/.cmddir1/swiftLoggingService0 is starting {"logfile": "/home/viterbi/01/tongjia/work_gpdk045/logs_tongjia/logs1/LoggingService0.log"}
[2024-12-09 00:38:38.563 -0800] [PROCESS] [cadence.virtuoso.ade.gui] - /home/viterbi/01/tongjia/work_gpdk045/.tmp_tongjia/.cmddir1/swiftNetlistService1 is starting {"logfile": "/home/viterbi/01/tongjia/work_gpdk045/logs_tongjia/logs1/Service1.log"}
[2024-12-09 00:38:38.564 -0800] [PROCESS] [cadence.virtuoso.ade.gui] - Logging Service '5347' is starting up on host 'viterbi-scf1' {"logfile": "/home/viterbi/01/tongjia/work_gpdk045/logs_tongjia/logs1/LoggingService0.log"}
[2024-12-09 00:38:54.981 -0800] [PROCESS] [cadence.virtuoso.ade.gui] - Netlist Service '5363' is starting up on host 'viterbi-scf1' {"logfile": "/home/viterbi/01/tongjia/work_gpdk045/logs_tongjia/logs1/Service1.log"}
[2024-12-09 00:39:31.743 -0800] [EVENT] [cadence.virtuoso.ade.gui] - NewHistoryCreated {"history": "ExplorerRun.0", "event": "NewHistoryCreated", "EventSource": "ADE GUI", "HistoryName": "ExplorerRun.0", "WorkDir": "/home/viterbi/01/tongjia/work_gpdk045", "HistorySimDir": "/home/viterbi/01/tongjia/simulation/project_demo/ph3_sytolic_array_tb/maestro/results/maestro/ExplorerRun.0", "HistoryResultsDir": "/home/viterbi/01/tongjia/work_gpdk045/project_demo/ph3_sytolic_array_tb/maestro/results/maestro"}
[2024-12-09 00:39:31.744 -0800] [PROCESS] [cadence.virtuoso.ade.gui] - History Setup {"hostname": "viterbi-scf1", "processid": 2680, "history": "ExplorerRun.0", "logfile": "/home/viterbi/01/tongjia/work_gpdk045/logs_tongjia/logs1/virtuoso_ade_debug.log", "jobmode": "LSCS", "runmode": "Single Run, Sweeps and Corners", "lib": "project_demo", "cell": "ph3_sytolic_array_tb", "view": "maestro", "icversion": "sub-version  ICADVM20.1-64b.500.34 ", "runstart": "Mon Dec  9 00:39:31 2024\n", "timezonelocal": "+000", "spectreversion": "unknown", "jobpolicyname": "", "maxjobs": "unknown", "ncjobpolicyname": "", "ncmaxjobs": "unknown", "numtests": "1", "runfinished": "unknown", "runelapsed": "-1", "numcorners": "1"}
[2024-12-09 00:39:33.728 -0800] [WARN] [cadence.virtuoso.ade.gui] - Could not find log file for Same Process Job 0. Log message for this job will be printed in the CDS log file. {"history": "ExplorerRun.0", "testname": "project_demo_ph3_sytolic_array_tb_1", "detailed_message": "", "message_id": "EXPLORER-5028"}
[2024-12-09 00:39:35.885 -0800] [EVENT] [cadence.virtuoso.ade.pointevaluator] - NewPoint {"history": "ExplorerRun.0", "point": 1, "testname": "project_demo_ph3_sytolic_array_tb_1", "event": "NewPoint", "EventSource": "ADE GUI", "HistoryName": "ExplorerRun.0", "logFile": "/home/viterbi/01/tongjia/work_gpdk045/logs_tongjia/logs1/virtuoso_ade_debug.log", "logFileSize": "2524"}
[2024-12-09 00:39:35.887 -0800] [INFO] [cadence.virtuoso.ade.pointevaluator] - Started netlisting {"history": "ExplorerRun.0", "point": 1, "testname": "project_demo_ph3_sytolic_array_tb_1"}
[2024-12-09 00:40:09.375 -0800] [INFO] [cadence.virtuoso.ade.pointevaluator] - Finished netlisting {"history": "ExplorerRun.0", "point": 1, "testname": "project_demo_ph3_sytolic_array_tb_1"}
[2024-12-09 00:40:09.377 -0800] [INFO] [cadence.virtuoso.ade.pointevaluator] - Submitted {"history": "ExplorerRun.0", "point": 1, "testname": "project_demo_ph3_sytolic_array_tb_1"}
[2024-12-09 00:40:11.525 -0800] [PROCESS] [cadence.virtuoso.ade.gui] - /home/viterbi/01/tongjia/work_gpdk045/.tmp_tongjia/.cmddir1/swiftJob2 is starting {"logfile": "/home/viterbi/01/tongjia/work_gpdk045/logs_tongjia/logs1/Job2.log"}
[2024-12-09 00:40:12.881 -0800] [PROCESS] [cadence.virtuoso.ade.gui] - Simulation Monitor process '7161' is starting up on host 'viterbi-scf1' {"logfile": "/home/viterbi/01/tongjia/work_gpdk045/logs_tongjia/logs1/Job2.log"}
[2024-12-09 00:44:11.044 -0800] [PROCESS] [cadence.virtuoso.ade.gui] - Netlist Service '5363' stopped with exit code '0' {"logfile": "/home/viterbi/01/tongjia/work_gpdk045/logs_tongjia/logs1/Service1.log"}
[2024-12-09 01:02:38.120 -0800] [PROCESS] [cadence.virtuoso.ade.gui] - Logging Service '5347' stopped with exit code '0' {"logfile": "/home/viterbi/01/tongjia/work_gpdk045/logs_tongjia/logs1/LoggingService0.log"}
[2024-12-09 02:08:33.194 -0800] [PROCESS] [cadence.virtuoso.ade.gui] - ln: failed to create symbolic link '/home/viterbi/01/tongjia/simulation/project_demo/ph3_sytolic_array_tb/maestro/results/maestro/ExplorerRun.0/1/project_demo_ph3_sytolic_array_tb_1/netlist/exprOutputs.log': File exists
 {"logfile": "/home/viterbi/01/tongjia/work_gpdk045/logs_tongjia/logs1/Job2.log"}
[2024-12-09 02:08:33.211 -0800] [PROCESS] [cadence.virtuoso.ade.gui] - ln: failed to create symbolic link '/home/viterbi/01/tongjia/simulation/project_demo/ph3_sytolic_array_tb/maestro/results/maestro/ExplorerRun.0/1/project_demo_ph3_sytolic_array_tb_1/netlist/amps_evaluator.log': File exists
 {"logfile": "/home/viterbi/01/tongjia/work_gpdk045/logs_tongjia/logs1/Job2.log"}
[2024-12-09 02:08:33.294 -0800] [ERROR] [cadence.virtuoso.ade.gui] - Simulator exited abruptly {"history": "ExplorerRun.0", "point": 1, "testname": "project_demo_ph3_sytolic_array_tb_1"}
[2024-12-09 02:08:35.727 -0800] [PROCESS] [cadence.virtuoso.ade.gui] - ln: failed to create symbolic link '/home/viterbi/01/tongjia/simulation/project_demo/ph3_sytolic_array_tb/maestro/results/maestro/ExplorerRun.0/1/project_demo_ph3_sytolic_array_tb_1/netlist/exprOutputs.log': File exists
 {"logfile": "/home/viterbi/01/tongjia/work_gpdk045/logs_tongjia/logs1/Job2.log"}
[2024-12-09 02:08:35.738 -0800] [PROCESS] [cadence.virtuoso.ade.gui] - ln: failed to create symbolic link '/home/viterbi/01/tongjia/simulation/project_demo/ph3_sytolic_array_tb/maestro/results/maestro/ExplorerRun.0/1/project_demo_ph3_sytolic_array_tb_1/netlist/amps_evaluator.log': File exists
 {"logfile": "/home/viterbi/01/tongjia/work_gpdk045/logs_tongjia/logs1/Job2.log"}
[2024-12-09 02:08:38.260 -0800] [PROCESS] [cadence.virtuoso.ade.gui] - ln: failed to create symbolic link '/home/viterbi/01/tongjia/simulation/project_demo/ph3_sytolic_array_tb/maestro/results/maestro/ExplorerRun.0/1/project_demo_ph3_sytolic_array_tb_1/netlist/exprOutputs.log': File exists
 {"logfile": "/home/viterbi/01/tongjia/work_gpdk045/logs_tongjia/logs1/Job2.log"}
[2024-12-09 02:08:38.275 -0800] [PROCESS] [cadence.virtuoso.ade.gui] - ln: failed to create symbolic link '/home/viterbi/01/tongjia/simulation/project_demo/ph3_sytolic_array_tb/maestro/results/maestro/ExplorerRun.0/1/project_demo_ph3_sytolic_array_tb_1/netlist/amps_evaluator.log': File exists
 {"logfile": "/home/viterbi/01/tongjia/work_gpdk045/logs_tongjia/logs1/Job2.log"}
[2024-12-09 02:08:41.300 -0800] [PROCESS] [cadence.virtuoso.ade.gui] - ln: failed to create symbolic link '/home/viterbi/01/tongjia/simulation/project_demo/ph3_sytolic_array_tb/maestro/results/maestro/ExplorerRun.0/1/project_demo_ph3_sytolic_array_tb_1/netlist/exprOutputs.log': File exists
 {"logfile": "/home/viterbi/01/tongjia/work_gpdk045/logs_tongjia/logs1/Job2.log"}
[2024-12-09 02:08:41.313 -0800] [PROCESS] [cadence.virtuoso.ade.gui] - ln: failed to create symbolic link '/home/viterbi/01/tongjia/simulation/project_demo/ph3_sytolic_array_tb/maestro/results/maestro/ExplorerRun.0/1/project_demo_ph3_sytolic_array_tb_1/netlist/amps_evaluator.log': File exists
 {"logfile": "/home/viterbi/01/tongjia/work_gpdk045/logs_tongjia/logs1/Job2.log"}
[2024-12-09 02:08:42.282 -0800] [ERROR] [cadence.virtuoso.ade.gui] - Evaluation error {"history": "ExplorerRun.0", "point": 1, "testname": "project_demo_ph3_sytolic_array_tb_1"}
[2024-12-09 02:08:42.340 -0800] [EVENT] [cadence.virtuoso.ade.gui] - HistoryFinished {"history": "ExplorerRun.0", "point": 1, "testname": "project_demo_ph3_sytolic_array_tb_1", "event": "HistoryFinished", "EventSource": "ADE GUI", "HistoryName": "ExplorerRun.0"}
[2024-12-09 10:38:40.041 -0800] [EVENT] [cadence.virtuoso.ade.gui] - NewHistoryCreated {"history": "ExplorerRun.0", "point": 1, "testname": "project_demo_ph3_sytolic_array_tb_1", "event": "NewHistoryCreated", "EventSource": "ADE GUI", "HistoryName": "ExplorerRun.0", "WorkDir": "/home/viterbi/01/tongjia/work_gpdk045", "HistorySimDir": "/home/viterbi/01/tongjia/simulation/project_demo/ph3_sytolic_array_tb/maestro/results/maestro/ExplorerRun.0", "HistoryResultsDir": "/home/viterbi/01/tongjia/work_gpdk045/project_demo/ph3_sytolic_array_tb/maestro/results/maestro"}
[2024-12-09 10:38:40.044 -0800] [PROCESS] [cadence.virtuoso.ade.gui] - History Setup {"hostname": "viterbi-scf1", "processid": 2680, "history": "ExplorerRun.0", "testname": "project_demo_ph3_sytolic_array_tb_1", "point": 1, "logfile": "/home/viterbi/01/tongjia/work_gpdk045/logs_tongjia/logs1/virtuoso_ade_debug.log", "jobmode": "LSCS", "runmode": "Single Run, Sweeps and Corners", "lib": "project_demo", "cell": "ph3_sytolic_array_tb", "view": "maestro", "icversion": "sub-version  ICADVM20.1-64b.500.34 ", "runstart": "Mon Dec  9 10:38:40 2024\n", "timezonelocal": "+000", "spectreversion": "unknown", "jobpolicyname": "", "maxjobs": "unknown", "ncjobpolicyname": "", "ncmaxjobs": "unknown", "numtests": "1", "runfinished": "unknown", "runelapsed": "-1", "numcorners": "1"}
[2024-12-09 10:38:45.221 -0800] [EVENT] [cadence.virtuoso.ade.pointevaluator] - NewPoint {"history": "ExplorerRun.0", "point": 1, "testname": "project_demo_ph3_sytolic_array_tb_1", "event": "NewPoint", "EventSource": "ADE GUI", "HistoryName": "ExplorerRun.0", "logFile": "/home/viterbi/01/tongjia/work_gpdk045/logs_tongjia/logs1/virtuoso_ade_debug.log", "logFileSize": "9307"}
[2024-12-09 10:38:45.224 -0800] [INFO] [cadence.virtuoso.ade.pointevaluator] - Started netlisting {"history": "ExplorerRun.0", "point": 1, "testname": "project_demo_ph3_sytolic_array_tb_1"}
[2024-12-09 10:45:39.093 -0800] [INFO] [cadence.virtuoso.ade.pointevaluator] - Finished netlisting {"history": "ExplorerRun.0", "point": 1, "testname": "project_demo_ph3_sytolic_array_tb_1"}
[2024-12-09 10:45:39.094 -0800] [INFO] [cadence.virtuoso.ade.pointevaluator] - Submitted {"history": "ExplorerRun.0", "point": 1, "testname": "project_demo_ph3_sytolic_array_tb_1"}
[2024-12-09 10:45:40.804 -0800] [PROCESS] [cadence.virtuoso.ade.gui] - /home/viterbi/01/tongjia/work_gpdk045/.tmp_tongjia/.cmddir1/swiftLoggingService3 is starting {"logfile": "/home/viterbi/01/tongjia/work_gpdk045/logs_tongjia/logs1/LoggingService3.log"}
[2024-12-09 10:45:40.957 -0800] [PROCESS] [cadence.virtuoso.ade.gui] - /home/viterbi/01/tongjia/work_gpdk045/.tmp_tongjia/.cmddir1/swiftJob4 is starting {"logfile": "/home/viterbi/01/tongjia/work_gpdk045/logs_tongjia/logs1/Job4.log"}
[2024-12-09 10:45:40.958 -0800] [PROCESS] [cadence.virtuoso.ade.gui] - Logging Service '54759' is starting up on host 'viterbi-scf1' {"logfile": "/home/viterbi/01/tongjia/work_gpdk045/logs_tongjia/logs1/LoggingService3.log"}
[2024-12-09 10:45:42.271 -0800] [PROCESS] [cadence.virtuoso.ade.gui] - Simulation Monitor process '54772' is starting up on host 'viterbi-scf1' {"logfile": "/home/viterbi/01/tongjia/work_gpdk045/logs_tongjia/logs1/Job4.log"}
[2024-12-09 11:10:03.353 -0800] [PROCESS] [cadence.virtuoso.ade.gui] - Logging Service '54759' stopped with exit code '0' {"logfile": "/home/viterbi/01/tongjia/work_gpdk045/logs_tongjia/logs1/LoggingService3.log"}
[2024-12-09 12:31:38.919 -0800] [ERROR] [cadence.virtuoso.ade.gui] - Simulator exited abruptly {"history": "ExplorerRun.0", "point": 1, "testname": "project_demo_ph3_sytolic_array_tb_1"}
[2024-12-09 12:31:43.388 -0800] [ERROR] [cadence.virtuoso.ade.gui] - Evaluation error {"history": "ExplorerRun.0", "point": 1, "testname": "project_demo_ph3_sytolic_array_tb_1"}
[2024-12-09 12:31:43.466 -0800] [EVENT] [cadence.virtuoso.ade.gui] - HistoryFinished {"history": "ExplorerRun.0", "point": 1, "testname": "project_demo_ph3_sytolic_array_tb_1", "event": "HistoryFinished", "EventSource": "ADE GUI", "HistoryName": "ExplorerRun.0"}
[2024-12-09 12:32:08.794 -0800] [PROCESS] [cadence.virtuoso.ade.gui] - ln: failed to create symbolic link '/home/viterbi/01/tongjia/simulation/project_demo/ph3_sytolic_array_tb/maestro/results/maestro/ExplorerRun.0/1/project_demo_ph3_sytolic_array_tb_1/netlist/exprOutputs.log': File exists
 {"logfile": "/home/viterbi/01/tongjia/work_gpdk045/logs_tongjia/logs1/Job4.log"}
[2024-12-09 12:32:08.795 -0800] [PROCESS] [cadence.virtuoso.ade.gui] - ln: failed to create symbolic link '/home/viterbi/01/tongjia/simulation/project_demo/ph3_sytolic_array_tb/maestro/results/maestro/ExplorerRun.0/1/project_demo_ph3_sytolic_array_tb_1/netlist/amps_evaluator.log': File exists
 {"logfile": "/home/viterbi/01/tongjia/work_gpdk045/logs_tongjia/logs1/Job4.log"}
[2024-12-09 12:32:08.795 -0800] [PROCESS] [cadence.virtuoso.ade.gui] - ln: failed to create symbolic link '/home/viterbi/01/tongjia/simulation/project_demo/ph3_sytolic_array_tb/maestro/results/maestro/ExplorerRun.0/1/project_demo_ph3_sytolic_array_tb_1/netlist/exprOutputs.log': File exists
 {"logfile": "/home/viterbi/01/tongjia/work_gpdk045/logs_tongjia/logs1/Job4.log"}
[2024-12-09 12:32:08.796 -0800] [PROCESS] [cadence.virtuoso.ade.gui] - ln: failed to create symbolic link '/home/viterbi/01/tongjia/simulation/project_demo/ph3_sytolic_array_tb/maestro/results/maestro/ExplorerRun.0/1/project_demo_ph3_sytolic_array_tb_1/netlist/amps_evaluator.log': File exists
 {"logfile": "/home/viterbi/01/tongjia/work_gpdk045/logs_tongjia/logs1/Job4.log"}
[2024-12-09 12:32:08.796 -0800] [PROCESS] [cadence.virtuoso.ade.gui] - ln: failed to create symbolic link '/home/viterbi/01/tongjia/simulation/project_demo/ph3_sytolic_array_tb/maestro/results/maestro/ExplorerRun.0/1/project_demo_ph3_sytolic_array_tb_1/netlist/exprOutputs.log': File exists
 {"logfile": "/home/viterbi/01/tongjia/work_gpdk045/logs_tongjia/logs1/Job4.log"}
[2024-12-09 12:32:08.796 -0800] [PROCESS] [cadence.virtuoso.ade.gui] - ln: failed to create symbolic link '/home/viterbi/01/tongjia/simulation/project_demo/ph3_sytolic_array_tb/maestro/results/maestro/ExplorerRun.0/1/project_demo_ph3_sytolic_array_tb_1/netlist/amps_evaluator.log': File exists
 {"logfile": "/home/viterbi/01/tongjia/work_gpdk045/logs_tongjia/logs1/Job4.log"}
[2024-12-09 12:32:08.797 -0800] [PROCESS] [cadence.virtuoso.ade.gui] - ln: failed to create symbolic link '/home/viterbi/01/tongjia/simulation/project_demo/ph3_sytolic_array_tb/maestro/results/maestro/ExplorerRun.0/1/project_demo_ph3_sytolic_array_tb_1/netlist/exprOutputs.log': File exists
 {"logfile": "/home/viterbi/01/tongjia/work_gpdk045/logs_tongjia/logs1/Job4.log"}
[2024-12-09 12:32:08.797 -0800] [PROCESS] [cadence.virtuoso.ade.gui] - ln: failed to create symbolic link '/home/viterbi/01/tongjia/simulation/project_demo/ph3_sytolic_array_tb/maestro/results/maestro/ExplorerRun.0/1/project_demo_ph3_sytolic_array_tb_1/netlist/amps_evaluator.log': File exists
 {"logfile": "/home/viterbi/01/tongjia/work_gpdk045/logs_tongjia/logs1/Job4.log"}
