Virtuoso Framework License (111) was checked out successfully. Total checkout time was 0.08s.

Running simulation in directory: "/home/viterbi/01/tongjia/work_gpdk045/LVS/".

Loading gpdk045/libInit.il ...
	Loading gpdk045/loadCxt.ile ... done!
	Loading context 'gpdk045' from library 'gpdk045' ... done!
	Loading context 'pdkUtils' from library 'gpdk045' ... done!
	Loading gpdk045/gpdk045_customFilter.il ... done!
	Loading gpdk045/libInitCustomExit.il ... 
	Loading Environment Settings ...
	Loading gpdk045/gpdk045_PDKRegistrations.il ... done!

  *************************************************************           
  *              Cadence Design Systems, Inc.                 *           
  *                                                           *           
  *                    Generic 45nm PDK                       *           
  *                        (gpdk045)                          *           
  *                                                           *           
  *************************************************************           
	

	VERSION: 5.0 (22-Feb-2016)

done!
Loaded gpdk045/libInit.il successfully!
Loading hnlInit.cxt 
Running Artist Hierarchical Netlisting ...
Loading cdf.cxt 
End netlisting Dec  8 18:32:47 2024

Running simin

Running runSim()...


Running runsim with simulator: "auCdl"
Begin simulation:    Dec  8 18:32:47 2024

auCdl netlisting completed
End simulation:      Dec  8 18:32:47 2024
INFO (AUCDL-21): (Analog) CDL netlisting completed successfully.